[INFO] Scanning for projects...
[WARNING] 
[WARNING] Some problems were encountered while building the effective model for com.google.code.gson:gson:jar:2.8.6-SNAPSHOT
[WARNING] 'build.plugins.plugin.version' for org.apache.maven.plugins:maven-jar-plugin is missing. @ com.google.code.gson:gson:[unknown-version], /tmp/v1/gson/pom.xml, line 46, column 15
[WARNING] 
[WARNING] It is highly recommended to fix these problems because they threaten the stability of your build.
[WARNING] 
[WARNING] For this reason, future Maven versions might no longer support building such malformed projects.
[WARNING] 
[INFO] 
[INFO] ---------------------< com.google.code.gson:gson >----------------------
[INFO] Building Gson 2.8.6-SNAPSHOT
[INFO] --------------------------------[ jar ]---------------------------------
[INFO] 
[INFO] --- maven-clean-plugin:2.5:clean (default-clean) @ gson ---
[INFO] Deleting /tmp/v1/gson/target
[INFO] 
[INFO] --- diff-jjoules:0.0.1-SNAPSHOT:diff-jjoules (default-cli) @ gson ---
[INFO] Running on:
[INFO] /tmp/v1/gson
[INFO] /tmp/v2/gson/
[INFO] Enable JUnit4 mode
[WARNING] No path to diff file has been specified.
[WARNING] I'll compute a diff file using the UNIX diff command
[WARNING] You may encounter troubles.
[WARNING] If so, please specify a path to a correct diff file
[WARNING] or implement a new way to compute a diff file.
[INFO] Computing the diff with diff commnd line
[INFO] The diff will be computed between:
[INFO] /tmp/v1/gson/src and 
[INFO] /tmp/v2/gson/src
[INFO] Executing: diff -ru /tmp/v1/gson/src /tmp/v2/gson/src from /tmp/v1/gson/src
[INFO] Run DiffJJoules - Configuration{pathToFirstVersion='/tmp/v1/gson', pathToSecondVersion='/tmp/v2/gson/', pathToTestListAsCSV='/tmp/v1/gson/testsThatExecuteTheChange.csv', junit4=true, iterations=100, output='/tmp/v1/gson/diff-jjoules', pathToJSONDelta='deltas.json', pathToJSONDataV1='data_v1.json', pathToJSONDataV2='data_v2.json', diff='diff -ru /tmp/v1/gson/src/main/java/com/google/gson/JsonPrimitive.java /tmp/v2/gson/src/main/java/com/google/gson/JsonPrimitive.java
--- /tmp/v1/gson/src/main/java/com/google/gson/JsonPrimitive.java	2021-09-30 20:58:34.069288169 +0200
+++ /tmp/v2/gson/src/main/java/com/google/gson/JsonPrimitive.java	2021-09-30 11:43:34.414619237 +0200
@@ -100,10 +100,9 @@
   public boolean getAsBoolean() {
     if (isBoolean()) {
       return ((Boolean) value).booleanValue();
-    } else {
-      // Check to see if the value as a String is "true" in any case.
-      return Boolean.parseBoolean(getAsString());
     }
+	// Check to see if the value as a String is "true" in any case.
+    return Boolean.parseBoolean(getAsString());
   }
 
   /**
', pathToJSONDeltaOmega='deltaOmega.json', pathToRepositoryV1='/tmp/v1', pathToRepositoryV2='/tmp/v2', pathToJSONConsideredTestMethodNames='consideredTestMethods.json', pathToExecLinesAdditions='exec_additions.json', pathToExecLinesDeletions='exec_deletions.json', pathToJSONSuspiciousV1='suspicious_v1.json', pathToJSONSuspiciousV2='suspicious_v2.json', pathToReport='.github/workflows/template.md', classpathV1=[/home/spino/.m2/repository/junit/junit/4.12/junit-4.12.jar, /home/spino/.m2/repository/org/hamcrest/hamcrest-core/1.3/hamcrest-core-1.3.jar], classpathV2=[/home/spino/.m2/repository/junit/junit/4.12/junit-4.12.jar, /home/spino/.m2/repository/org/hamcrest/hamcrest-core/1.3/hamcrest-core-1.3.jar], classpathV1AsString='/home/spino/.m2/repository/junit/junit/4.12/junit-4.12.jar:/home/spino/.m2/repository/org/hamcrest/hamcrest-core/1.3/hamcrest-core-1.3.jar', classpathV2AsString='/home/spino/.m2/repository/junit/junit/4.12/junit-4.12.jar:/home/spino/.m2/repository/org/hamcrest/hamcrest-core/1.3/hamcrest-core-1.3.jar', testsList=null, dataV1=null, dataV2=null, deltas=null, consideredTestsNames=null, execLinesAdditions=null, execLinesDeletions=null, deltaOmega=null, scorePerLineV1=null, scorePerLineV2=null, ownConsumptionReports={}, reportEnum=NONE}
[INFO] mvn -f /tmp/v1/gson clean test -DskipTests dependency:build-classpath --quiet -Dcobertura.skip=true -Dlicense.skip=true -Dfindbugs.skip=true -Danimal.sniffer.skip=true -Djacoco.skip=true -Dcheckstyle.skip=true -Dproguard.skip=true -Dmdep.outputFile=classpath -DskipITs=true -Drat.skip=true -Denforcer.skip=true -Dgpg.skip=true
[WARN] Maven will be executed in interactive mode, but no input stream has been configured for this MavenInvoker instance.
WARNING: An illegal reflective access operation has occurred
WARNING: Illegal reflective access by com.google.inject.internal.cglib.core.$ReflectUtils$1 (file:/usr/share/maven/lib/guice.jar) to method java.lang.ClassLoader.defineClass(java.lang.String,byte[],int,int,java.security.ProtectionDomain)
WARNING: Please consider reporting this to the maintainers of com.google.inject.internal.cglib.core.$ReflectUtils$1
WARNING: Use --illegal-access=warn to enable warnings of further illegal reflective access operations
WARNING: All illegal access operations will be denied in a future release
[INFO] mvn -f /tmp/v2/gson/ clean test -DskipTests dependency:build-classpath --quiet -Dcobertura.skip=true -Dlicense.skip=true -Dfindbugs.skip=true -Danimal.sniffer.skip=true -Djacoco.skip=true -Dcheckstyle.skip=true -Dproguard.skip=true -Dmdep.outputFile=classpath -DskipITs=true -Drat.skip=true -Denforcer.skip=true -Dgpg.skip=true
[WARN] Maven will be executed in interactive mode, but no input stream has been configured for this MavenInvoker instance.
WARNING: An illegal reflective access operation has occurred
WARNING: Illegal reflective access by com.google.inject.internal.cglib.core.$ReflectUtils$1 (file:/usr/share/maven/lib/guice.jar) to method java.lang.ClassLoader.defineClass(java.lang.String,byte[],int,int,java.security.ProtectionDomain)
WARNING: Please consider reporting this to the maintainers of com.google.inject.internal.cglib.core.$ReflectUtils$1
WARNING: Use --illegal-access=warn to enable warnings of further illegal reflective access operations
WARNING: All illegal access operations will be denied in a future release
[INFO] mvn -f /tmp/v1/gson clean eu.stamp-project:dspot-diff-test-selection:3.1.1-SNAPSHOT:list -Dcobertura.skip=true -Dlicense.skip=true -Dfindbugs.skip=true -Danimal.sniffer.skip=true -Djacoco.skip=true -Dcheckstyle.skip=true -Dproguard.skip=true -Dpath-dir-second-version=/tmp/v2/gson/ -DskipITs=true -Drat.skip=true -Denforcer.skip=true -Dgpg.skip=true
[WARN] Maven will be executed in interactive mode, but no input stream has been configured for this MavenInvoker instance.
WARNING: An illegal reflective access operation has occurred
WARNING: Illegal reflective access by com.google.inject.internal.cglib.core.$ReflectUtils$1 (file:/usr/share/maven/lib/guice.jar) to method java.lang.ClassLoader.defineClass(java.lang.String,byte[],int,int,java.security.ProtectionDomain)
WARNING: Please consider reporting this to the maintainers of com.google.inject.internal.cglib.core.$ReflectUtils$1
WARNING: Use --illegal-access=warn to enable warnings of further illegal reflective access operations
WARNING: All illegal access operations will be denied in a future release
[[1;34mINFO[m] Scanning for projects...
[[1;33mWARNING[m] 
[[1;33mWARNING[m] Some problems were encountered while building the effective model for com.google.code.gson:gson:jar:2.8.6-SNAPSHOT
[[1;33mWARNING[m] 'build.plugins.plugin.version' for org.apache.maven.plugins:maven-jar-plugin is missing. @ com.google.code.gson:gson:[unknown-version], /tmp/v1/gson/pom.xml, line 46, column 15
[[1;33mWARNING[m] 
[[1;33mWARNING[m] It is highly recommended to fix these problems because they threaten the stability of your build.
[[1;33mWARNING[m] 
[[1;33mWARNING[m] For this reason, future Maven versions might no longer support building such malformed projects.
[[1;33mWARNING[m] 
[[1;34mINFO[m] 
[[1;34mINFO[m] [1m---------------------< [0;36mcom.google.code.gson:gson[0;1m >----------------------[m
[[1;34mINFO[m] [1mBuilding Gson 2.8.6-SNAPSHOT[m
[[1;34mINFO[m] [1m--------------------------------[ jar ]---------------------------------[m
[[1;34mINFO[m] 
[[1;34mINFO[m] [1m--- [0;32mmaven-clean-plugin:2.5:clean[m [1m(default-clean)[m @ [36mgson[0;1m ---[m
[[1;34mINFO[m] Deleting /tmp/v1/gson/target
[[1;34mINFO[m] 
[[1;34mINFO[m] [1m--- [0;32mdspot-diff-test-selection:3.1.1-SNAPSHOT:list[m [1m(default-cli)[m @ [36mgson[0;1m ---[m
[[1;34mINFO[m] Running on:
[[1;34mINFO[m] /tmp/v1/gson
[[1;33mWARNING[m] No path to diff file has been specified.
[[1;33mWARNING[m] I'll compute a diff file using the UNIX diff command
[[1;33mWARNING[m] You may encounter troubles.
[[1;33mWARNING[m] If so, please specify a path to a correct diff file
[[1;33mWARNING[m] or implement a new way to compute a diff file.
[[1;34mINFO[m] Computing the diff with diff commnd line
[[1;34mINFO[m] The diff will be computed between:
[[1;34mINFO[m] /tmp/v1/gson/src and 
[[1;34mINFO[m] /tmp/v2/gson/src
[[1;34mINFO[m] Executing: diff -ru /tmp/v1/gson/src /tmp/v2/gson/src from /tmp/v1/gson/src
[[1;34mINFO[m] Running in enhanced mode...
[[1;34mINFO[m] Computing coverage for /tmp/v1/gson
[WARN] Maven will be executed in interactive mode, but no input stream has been configured for this MavenInvoker instance.
WARNING: An illegal reflective access operation has occurred
WARNING: Illegal reflective access by com.google.inject.internal.cglib.core.$ReflectUtils$1 (file:/usr/share/maven/lib/guice.jar) to method java.lang.ClassLoader.defineClass(java.lang.String,byte[],int,int,java.security.ProtectionDomain)
WARNING: Please consider reporting this to the maintainers of com.google.inject.internal.cglib.core.$ReflectUtils$1
WARNING: Use --illegal-access=warn to enable warnings of further illegal reflective access operations
WARNING: All illegal access operations will be denied in a future release
[[1;34mINFO[m] Scanning for projects...
[[1;33mWARNING[m] 
[[1;33mWARNING[m] Some problems were encountered while building the effective model for com.google.code.gson:gson:jar:2.8.6-SNAPSHOT
[[1;33mWARNING[m] 'build.plugins.plugin.version' for org.apache.maven.plugins:maven-jar-plugin is missing. @ com.google.code.gson:gson:[unknown-version], /tmp/v1/gson/pom.xml, line 46, column 15
[[1;33mWARNING[m] 
[[1;33mWARNING[m] It is highly recommended to fix these problems because they threaten the stability of your build.
[[1;33mWARNING[m] 
[[1;33mWARNING[m] For this reason, future Maven versions might no longer support building such malformed projects.
[[1;33mWARNING[m] 
[[1;34mINFO[m] 
[[1;34mINFO[m] [1m---------------------< [0;36mcom.google.code.gson:gson[0;1m >----------------------[m
[[1;34mINFO[m] [1mBuilding Gson 2.8.6-SNAPSHOT[m
[[1;34mINFO[m] [1m--------------------------------[ jar ]---------------------------------[m
[[1;34mINFO[m] 
[[1;34mINFO[m] [1m--- [0;32mmaven-clean-plugin:2.5:clean[m [1m(default-clean)[m @ [36mgson[0;1m ---[m
[[1;34mINFO[m] 
[[1;34mINFO[m] [1m--- [0;32mclover-maven-plugin:4.4.1:setup[m [1m(default-cli)[m @ [36mgson[0;1m ---[m
[[1;34mINFO[m] OpenClover Version 4.4.1, built on October 11 2019 (build-1020)
[[1;34mINFO[m] Creating new database at '/tmp/v1/gson/target/clover/clover.db'.
[[1;34mINFO[m] Processing files at 1.9 source level.
[[1;34mINFO[m] Clover all over. Instrumented 72 files (8 packages).
[[1;34mINFO[m] OpenClover Version 4.4.1, built on October 11 2019 (build-1020)
[[1;34mINFO[m] Updating existing database at '/tmp/v1/gson/target/clover/clover.db'.
[[1;34mINFO[m] Processing files at 1.9 source level.
[[1;34mINFO[m] Clover all over. Instrumented 101 files (10 packages).
[[1;34mINFO[m] 1041 test methods detected.
[[1;34mINFO[m] 
[[1;34mINFO[m] [1m--- [0;32mmaven-enforcer-plugin:1.0:enforce[m [1m(enforce-maven)[m @ [36mgson[0;1m ---[m
[[1;34mINFO[m] Skipping Rule Enforcement.
[[1;34mINFO[m] 
[[1;34mINFO[m] [1m--- [0;32mtemplating-maven-plugin:1.0.0:filter-sources[m [1m(filtering-java-templates)[m @ [36mgson[0;1m ---[m
[[1;34mINFO[m] Coping files with filtering to temporary directory.
[[1;34mINFO[m] Using 'UTF-8' encoding to copy filtered resources.
[[1;34mINFO[m] Copying 1 resource
[[1;34mINFO[m] Copied 1 files to output directory: /tmp/v1/gson/target/generated-sources/java-templates
[[1;34mINFO[m] Source directory: /tmp/v1/gson/target/generated-sources/java-templates added.
[[1;34mINFO[m] 
[[1;34mINFO[m] [1m--- [0;32mmaven-resources-plugin:2.6:resources[m [1m(default-resources)[m @ [36mgson[0;1m ---[m
[[1;34mINFO[m] Using 'UTF-8' encoding to copy filtered resources.
[[1;34mINFO[m] skip non existing resourceDirectory /tmp/v1/gson/src/main/resources
[[1;34mINFO[m] Copying 1 resource
[[1;34mINFO[m] 
[[1;34mINFO[m] [1m--- [0;32mmaven-compiler-plugin:3.8.0:compile[m [1m(default-compile)[m @ [36mgson[0;1m ---[m
[[1;34mINFO[m] Changes detected - recompiling the module!
[[1;34mINFO[m] Compiling 73 source files to /tmp/v1/gson/target/classes
[[1;34mINFO[m] /tmp/v1/gson/target/clover/src-instrumented/com/google/gson/internal/ConstructorConstructor.java: Some input files use or override a deprecated API.
[[1;34mINFO[m] /tmp/v1/gson/target/clover/src-instrumented/com/google/gson/internal/ConstructorConstructor.java: Recompile with -Xlint:deprecation for details.
[[1;34mINFO[m] 
[[1;34mINFO[m] [1m--- [0;32mmaven-compiler-plugin:3.8.0:compile[m [1m(base-compile)[m @ [36mgson[0;1m ---[m
[[1;34mINFO[m] Changes detected - recompiling the module!
[[1;34mINFO[m] Compiling 73 source files to /tmp/v1/gson/target/classes
[[1;34mINFO[m] /tmp/v1/gson/target/clover/src-instrumented/com/google/gson/JsonArray.java: Some input files use or override a deprecated API.
[[1;34mINFO[m] /tmp/v1/gson/target/clover/src-instrumented/com/google/gson/JsonArray.java: Recompile with -Xlint:deprecation for details.
[[1;34mINFO[m] 
[[1;34mINFO[m] [1m--- [0;32mbnd-maven-plugin:4.0.0:bnd-process[m [1m(default)[m @ [36mgson[0;1m ---[m
[[1;33mWARNING[m] /tmp/v1/gson/bnd.bnd [0:0]: Export com.google.gson,  has 1,  private references [com.google.gson.internal], 
[[1;34mINFO[m] 
[[1;34mINFO[m] [1m--- [0;32mmaven-resources-plugin:2.6:testResources[m [1m(default-testResources)[m @ [36mgson[0;1m ---[m
[[1;34mINFO[m] Using 'UTF-8' encoding to copy filtered resources.
[[1;34mINFO[m] skip non existing resourceDirectory /tmp/v1/gson/src/test/resources
[[1;34mINFO[m] 
[[1;34mINFO[m] [1m--- [0;32mmaven-compiler-plugin:3.8.0:testCompile[m [1m(default-testCompile)[m @ [36mgson[0;1m ---[m
[[1;34mINFO[m] Changes detected - recompiling the module!
[[1;34mINFO[m] Compiling 101 source files to /tmp/v1/gson/target/test-classes
[[1;34mINFO[m] /tmp/v1/gson/target/clover/src-test-instrumented/com/google/gson/common/MoreAsserts.java: Some input files use or override a deprecated API.
[[1;34mINFO[m] /tmp/v1/gson/target/clover/src-test-instrumented/com/google/gson/common/MoreAsserts.java: Recompile with -Xlint:deprecation for details.
[[1;34mINFO[m] /tmp/v1/gson/target/clover/src-test-instrumented/com/google/gson/functional/MapTest.java: Some input files use unchecked or unsafe operations.
[[1;34mINFO[m] /tmp/v1/gson/target/clover/src-test-instrumented/com/google/gson/functional/MapTest.java: Recompile with -Xlint:unchecked for details.
[[1;34mINFO[m] 
[[1;34mINFO[m] [1m--- [0;32mmaven-surefire-plugin:2.12.4:test[m [1m(default-test)[m @ [36mgson[0;1m ---[m
[[1;34mINFO[m] Surefire report directory: /tmp/v1/gson/target/surefire-reports

-------------------------------------------------------
 T E S T S
-------------------------------------------------------
Running com.google.gson.DefaultDateTypeAdapterTest
Tests run: 11, Failures: 0, Errors: 1, Skipped: 0, Time elapsed: 0.629 sec <<< FAILURE!
testParsingDatesFormattedWithSystemLocale(com.google.gson.DefaultDateTypeAdapterTest)  Time elapsed: 0.224 sec  <<< ERROR!
com.google.gson.JsonSyntaxException: jeudi 1 janvier 1970 Ã  00:00:00 Coordinated Universal Time
	at com.google.gson.DefaultDateTypeAdapter.deserializeToDate(DefaultDateTypeAdapter.java:151)
	at com.google.gson.DefaultDateTypeAdapter.read(DefaultDateTypeAdapter.java:128)
	at com.google.gson.DefaultDateTypeAdapter.read(DefaultDateTypeAdapter.java:44)
	at com.google.gson.TypeAdapter.fromJson(TypeAdapter.java:260)
	at com.google.gson.TypeAdapter.fromJson(TypeAdapter.java:273)
	at com.google.gson.DefaultDateTypeAdapterTest.assertParsed(DefaultDateTypeAdapterTest.java:196)
	at com.google.gson.DefaultDateTypeAdapterTest.__CLR4_4_14xdbqt52n(DefaultDateTypeAdapterTest.java:91)
	at com.google.gson.DefaultDateTypeAdapterTest.testParsingDatesFormattedWithSystemLocale(DefaultDateTypeAdapterTest.java:73)
	at java.base/jdk.internal.reflect.NativeMethodAccessorImpl.invoke0(Native Method)
	at java.base/jdk.internal.reflect.NativeMethodAccessorImpl.invoke(NativeMethodAccessorImpl.java:62)
	at java.base/jdk.internal.reflect.DelegatingMethodAccessorImpl.invoke(DelegatingMethodAccessorImpl.java:43)
	at java.base/java.lang.reflect.Method.invoke(Method.java:566)
	at junit.framework.TestCase.runTest(TestCase.java:176)
	at junit.framework.TestCase.runBare(TestCase.java:141)
	at junit.framework.TestResult$1.protect(TestResult.java:122)
	at junit.framework.TestResult.runProtected(TestResult.java:142)
	at junit.framework.TestResult.run(TestResult.java:125)
	at junit.framework.TestCase.run(TestCase.java:129)
	at junit.framework.TestSuite.runTest(TestSuite.java:252)
	at junit.framework.TestSuite.run(TestSuite.java:247)
	at org.junit.internal.runners.JUnit38ClassRunner.run(JUnit38ClassRunner.java:86)
	at org.apache.maven.surefire.junit4.JUnit4Provider.execute(JUnit4Provider.java:252)
	at org.apache.maven.surefire.junit4.JUnit4Provider.executeTestSet(JUnit4Provider.java:141)
	at org.apache.maven.surefire.junit4.JUnit4Provider.invoke(JUnit4Provider.java:112)
	at java.base/jdk.internal.reflect.NativeMethodAccessorImpl.invoke0(Native Method)
	at java.base/jdk.internal.reflect.NativeMethodAccessorImpl.invoke(NativeMethodAccessorImpl.java:62)
	at java.base/jdk.internal.reflect.DelegatingMethodAccessorImpl.invoke(DelegatingMethodAccessorImpl.java:43)
	at java.base/java.lang.reflect.Method.invoke(Method.java:566)
	at org.apache.maven.surefire.util.ReflectionUtils.invokeMethodWithArray(ReflectionUtils.java:189)
	at org.apache.maven.surefire.booter.ProviderFactory$ProviderProxy.invoke(ProviderFactory.java:165)
	at org.apache.maven.surefire.booter.ProviderFactory.invokeProvider(ProviderFactory.java:85)
	at org.apache.maven.surefire.booter.ForkedBooter.runSuitesInProcess(ForkedBooter.java:115)
	at org.apache.maven.surefire.booter.ForkedBooter.main(ForkedBooter.java:75)
Caused by: java.text.ParseException: Failed to parse date ["jeudi 1 janvier 1970 Ã  00:00:00 Coordinated Universal Time"]: Invalid number: jeud
	at com.google.gson.internal.bind.util.ISO8601Utils.parse(ISO8601Utils.java:274)
	at com.google.gson.DefaultDateTypeAdapter.deserializeToDate(DefaultDateTypeAdapter.java:149)
	... 32 more
Caused by: java.lang.NumberFormatException: Invalid number: jeud
	at com.google.gson.internal.bind.util.ISO8601Utils.parseInt(ISO8601Utils.java:311)
	at com.google.gson.internal.bind.util.ISO8601Utils.parse(ISO8601Utils.java:129)
	... 33 more

Running com.google.gson.InnerClassExclusionStrategyTest
Tests run: 4, Failures: 0, Errors: 0, Skipped: 0, Time elapsed: 0.026 sec
Running com.google.gson.GsonTypeAdapterTest
Tests run: 5, Failures: 0, Errors: 0, Skipped: 0, Time elapsed: 0.16 sec
Running com.google.gson.internal.LinkedHashTreeMapTest
Tests run: 15, Failures: 0, Errors: 0, Skipped: 0, Time elapsed: 0.112 sec
Running com.google.gson.internal.GsonBuildConfigTest
Tests run: 1, Failures: 0, Errors: 0, Skipped: 0, Time elapsed: 0.06 sec
Running com.google.gson.internal.LazilyParsedNumberTest
Tests run: 2, Failures: 0, Errors: 0, Skipped: 0, Time elapsed: 0.014 sec
Running com.google.gson.internal.reflect.UnsafeReflectionAccessorTest
Tests run: 1, Failures: 0, Errors: 0, Skipped: 0, Time elapsed: 0.007 sec
Running com.google.gson.internal.UnsafeAllocatorInstantiationTest
Tests run: 3, Failures: 0, Errors: 0, Skipped: 0, Time elapsed: 0.021 sec
Running com.google.gson.internal.GsonTypesTest
Tests run: 2, Failures: 0, Errors: 0, Skipped: 0, Time elapsed: 0.015 sec
Running com.google.gson.internal.JavaVersionTest
Tests run: 7, Failures: 0, Errors: 0, Skipped: 0, Time elapsed: 0.03 sec
Running com.google.gson.internal.bind.RecursiveTypesResolveTest
Tests run: 9, Failures: 0, Errors: 0, Skipped: 0, Time elapsed: 0.111 sec
Running com.google.gson.internal.bind.JsonTreeWriterTest
Tests run: 12, Failures: 0, Errors: 0, Skipped: 0, Time elapsed: 0.056 sec
Running com.google.gson.internal.bind.JsonElementReaderTest
Tests run: 17, Failures: 0, Errors: 0, Skipped: 0, Time elapsed: 0.062 sec
Running com.google.gson.internal.bind.JsonTreeReaderTest
Tests run: 2, Failures: 0, Errors: 0, Skipped: 0, Time elapsed: 0.008 sec
Running com.google.gson.internal.LinkedTreeMapTest
Tests run: 11, Failures: 0, Errors: 0, Skipped: 0, Time elapsed: 0.072 sec
Running com.google.gson.ParameterizedTypeTest
Tests run: 2, Failures: 0, Errors: 0, Skipped: 0, Time elapsed: 0.013 sec
Running com.google.gson.GsonBuilderTest
Tests run: 4, Failures: 0, Errors: 0, Skipped: 0, Time elapsed: 0.021 sec
Running com.google.gson.reflect.TypeTokenTest
Tests run: 6, Failures: 0, Errors: 0, Skipped: 0, Time elapsed: 0.037 sec
Running com.google.gson.DefaultInetAddressTypeAdapterTest
Tests run: 1, Failures: 0, Errors: 0, Skipped: 0, Time elapsed: 0.008 sec
Running com.google.gson.ExposeAnnotationExclusionStrategyTest
Tests run: 6, Failures: 0, Errors: 0, Skipped: 0, Time elapsed: 0.031 sec
Running com.google.gson.FieldAttributesTest
Tests run: 6, Failures: 0, Errors: 0, Skipped: 0, Time elapsed: 0.02 sec
Running com.google.gson.CommentsTest
Tests run: 1, Failures: 0, Errors: 0, Skipped: 0, Time elapsed: 0.004 sec
Running com.google.gson.regression.JsonAdapterNullSafeTest
Tests run: 2, Failures: 0, Errors: 0, Skipped: 0, Time elapsed: 0.014 sec
Running com.google.gson.JsonNullTest
Tests run: 2, Failures: 0, Errors: 0, Skipped: 0, Time elapsed: 0.008 sec
Running com.google.gson.JsonObjectTest
Tests run: 14, Failures: 0, Errors: 0, Skipped: 0, Time elapsed: 0.046 sec
Running com.google.gson.stream.JsonReaderPathTest
Tests run: 20, Failures: 0, Errors: 0, Skipped: 1, Time elapsed: 0.106 sec
Running com.google.gson.stream.JsonWriterTest
Tests run: 39, Failures: 0, Errors: 0, Skipped: 0, Time elapsed: 0.116 sec
Running com.google.gson.stream.JsonReaderTest
Tests run: 120, Failures: 0, Errors: 0, Skipped: 0, Time elapsed: 0.429 sec
Running com.google.gson.metrics.PerformanceTest
Tests run: 1, Failures: 0, Errors: 0, Skipped: 0, Time elapsed: 0.01 sec
Running com.google.gson.MixedStreamTest
Tests run: 12, Failures: 0, Errors: 0, Skipped: 0, Time elapsed: 0.039 sec
Running com.google.gson.DefaultMapJsonSerializerTest
Tests run: 3, Failures: 0, Errors: 0, Skipped: 0, Time elapsed: 0.011 sec
Running com.google.gson.VersionExclusionStrategyTest
Tests run: 3, Failures: 0, Errors: 0, Skipped: 0, Time elapsed: 0.013 sec
Running com.google.gson.functional.InternationalizationTest
Tests run: 4, Failures: 0, Errors: 0, Skipped: 0, Time elapsed: 0.014 sec
Running com.google.gson.functional.JsonAdapterAnnotationOnFieldsTest
Tests run: 10, Failures: 0, Errors: 0, Skipped: 0, Time elapsed: 0.053 sec
Running com.google.gson.functional.SecurityTest
Tests run: 5, Failures: 0, Errors: 0, Skipped: 0, Time elapsed: 0.014 sec
Running com.google.gson.functional.EnumTest
Tests run: 12, Failures: 0, Errors: 0, Skipped: 0, Time elapsed: 0.048 sec
Running com.google.gson.functional.ObjectTest
Tests run: 44, Failures: 0, Errors: 0, Skipped: 0, Time elapsed: 0.141 sec
Running com.google.gson.functional.RuntimeTypeAdapterFactoryFunctionalTest
Tests run: 1, Failures: 0, Errors: 0, Skipped: 0, Time elapsed: 0.016 sec
Running com.google.gson.functional.FieldExclusionTest
Tests run: 3, Failures: 0, Errors: 0, Skipped: 0, Time elapsed: 0.006 sec
Running com.google.gson.functional.ExposeFieldsTest
Tests run: 8, Failures: 0, Errors: 0, Skipped: 0, Time elapsed: 0.021 sec
Running com.google.gson.functional.SerializedNameTest
Tests run: 3, Failures: 0, Errors: 0, Skipped: 0, Time elapsed: 0.009 sec
Running com.google.gson.functional.GsonVersionDiagnosticsTest
Tests run: 3, Failures: 0, Errors: 0, Skipped: 0, Time elapsed: 0.011 sec
Running com.google.gson.functional.ThrowableFunctionalTest
Tests run: 5, Failures: 0, Errors: 0, Skipped: 0, Time elapsed: 0.023 sec
Running com.google.gson.functional.ParameterizedTypesTest
Tests run: 17, Failures: 0, Errors: 0, Skipped: 0, Time elapsed: 0.086 sec
Running com.google.gson.functional.PrettyPrintingTest
Tests run: 8, Failures: 0, Errors: 0, Skipped: 0, Time elapsed: 0.023 sec
Running com.google.gson.functional.CustomTypeAdaptersTest
Tests run: 19, Failures: 0, Errors: 0, Skipped: 0, Time elapsed: 0.051 sec
Running com.google.gson.functional.ReadersWritersTest
Tests run: 10, Failures: 0, Errors: 0, Skipped: 0, Time elapsed: 0.025 sec
Running com.google.gson.functional.CircularReferenceTest
Tests run: 6, Failures: 0, Errors: 0, Skipped: 0, Time elapsed: 0.073 sec
Running com.google.gson.functional.JsonAdapterSerializerDeserializerTest
Tests run: 3, Failures: 0, Errors: 0, Skipped: 0, Time elapsed: 0.012 sec
Running com.google.gson.functional.LeniencyTest
Tests run: 1, Failures: 0, Errors: 0, Skipped: 0, Time elapsed: 0.009 sec
Running com.google.gson.functional.RawSerializationTest
Tests run: 5, Failures: 0, Errors: 0, Skipped: 0, Time elapsed: 0.013 sec
Running com.google.gson.functional.CustomDeserializerTest
Tests run: 7, Failures: 0, Errors: 0, Skipped: 0, Time elapsed: 0.024 sec
Running com.google.gson.functional.TypeAdapterPrecedenceTest
Tests run: 8, Failures: 0, Errors: 0, Skipped: 0, Time elapsed: 0.018 sec
Running com.google.gson.functional.MoreSpecificTypeSerializationTest
Tests run: 6, Failures: 0, Errors: 0, Skipped: 0, Time elapsed: 0.026 sec
Running com.google.gson.functional.InterfaceTest
Tests run: 2, Failures: 0, Errors: 0, Skipped: 0, Time elapsed: 0.01 sec
Running com.google.gson.functional.TypeVariableTest
Tests run: 3, Failures: 0, Errors: 0, Skipped: 0, Time elapsed: 0.013 sec
Running com.google.gson.functional.ExclusionStrategyFunctionalTest
Tests run: 9, Failures: 0, Errors: 0, Skipped: 0, Time elapsed: 0.023 sec
Running com.google.gson.functional.DefaultTypeAdaptersTest
Tests run: 65, Failures: 0, Errors: 0, Skipped: 0, Time elapsed: 0.148 sec
Running com.google.gson.functional.NullObjectAndFieldTest
Tests run: 16, Failures: 0, Errors: 0, Skipped: 0, Time elapsed: 0.033 sec
Running com.google.gson.functional.MapAsArrayTypeAdapterTest
Tests run: 5, Failures: 0, Errors: 0, Skipped: 0, Time elapsed: 0.018 sec
Running com.google.gson.functional.InstanceCreatorTest
Tests run: 5, Failures: 0, Errors: 0, Skipped: 0, Time elapsed: 0.022 sec
Running com.google.gson.functional.PrimitiveCharacterTest
Tests run: 2, Failures: 0, Errors: 0, Skipped: 0, Time elapsed: 0.008 sec
Running com.google.gson.functional.MapTest
Tests run: 48, Failures: 0, Errors: 0, Skipped: 0, Time elapsed: 0.123 sec
Running com.google.gson.functional.FieldNamingTest
Tests run: 5, Failures: 0, Errors: 0, Skipped: 0, Time elapsed: 0.018 sec
Running com.google.gson.functional.VersioningTest
Tests run: 10, Failures: 0, Errors: 0, Skipped: 0, Time elapsed: 0.04 sec
Running com.google.gson.functional.DelegateTypeAdapterTest
Tests run: 2, Failures: 0, Errors: 0, Skipped: 0, Time elapsed: 0.008 sec
Running com.google.gson.functional.InheritanceTest
Tests run: 13, Failures: 0, Errors: 0, Skipped: 0, Time elapsed: 0.031 sec
Running com.google.gson.functional.TypeHierarchyAdapterTest
Tests run: 3, Failures: 0, Errors: 0, Skipped: 0, Time elapsed: 0.02 sec
Running com.google.gson.functional.CustomSerializerTest
Tests run: 5, Failures: 0, Errors: 0, Skipped: 0, Time elapsed: 0.009 sec
Running com.google.gson.functional.StreamingTypeAdaptersTest
Tests run: 17, Failures: 0, Errors: 0, Skipped: 0, Time elapsed: 0.084 sec
Running com.google.gson.functional.EscapingTest
Tests run: 5, Failures: 0, Errors: 0, Skipped: 0, Time elapsed: 0.015 sec
Running com.google.gson.functional.CollectionTest
Tests run: 29, Failures: 0, Errors: 0, Skipped: 0, Time elapsed: 0.098 sec
Running com.google.gson.functional.JsonTreeTest
Tests run: 4, Failures: 0, Errors: 0, Skipped: 0, Time elapsed: 0.016 sec
Running com.google.gson.functional.ArrayTest
Tests run: 26, Failures: 0, Errors: 0, Skipped: 0, Time elapsed: 0.063 sec
Running com.google.gson.functional.PrintFormattingTest
Tests run: 3, Failures: 0, Errors: 0, Skipped: 0, Time elapsed: 0.012 sec
Running com.google.gson.functional.StringTest
Tests run: 18, Failures: 0, Errors: 0, Skipped: 0, Time elapsed: 0.035 sec
Running com.google.gson.functional.JavaUtilConcurrentAtomicTest
Tests run: 7, Failures: 0, Errors: 0, Skipped: 0, Time elapsed: 0.032 sec
Running com.google.gson.functional.UncategorizedTest
Tests run: 6, Failures: 0, Errors: 0, Skipped: 0, Time elapsed: 0.022 sec
Running com.google.gson.functional.JsonArrayTest
Tests run: 8, Failures: 0, Errors: 0, Skipped: 0, Time elapsed: 0.02 sec
Running com.google.gson.functional.JsonParserTest
Tests run: 8, Failures: 0, Errors: 0, Skipped: 0, Time elapsed: 0.027 sec
Running com.google.gson.functional.JsonAdapterAnnotationOnClassesTest
Tests run: 9, Failures: 0, Errors: 0, Skipped: 0, Time elapsed: 0.038 sec
Running com.google.gson.functional.NamingPolicyTest
Tests run: 16, Failures: 0, Errors: 0, Skipped: 0, Time elapsed: 0.046 sec
Running com.google.gson.functional.ConcurrencyTest
Tests run: 4, Failures: 0, Errors: 0, Skipped: 0, Time elapsed: 0.143 sec
Running com.google.gson.functional.PrimitiveTest
Tests run: 99, Failures: 0, Errors: 0, Skipped: 0, Time elapsed: 0.169 sec
Running com.google.gson.functional.TreeTypeAdaptersTest
Tests run: 2, Failures: 0, Errors: 0, Skipped: 0, Time elapsed: 0.015 sec
Running com.google.gson.functional.JavaUtilTest
Tests run: 2, Failures: 0, Errors: 0, Skipped: 0, Time elapsed: 0.011 sec
Running com.google.gson.ObjectTypeAdapterTest
Tests run: 5, Failures: 0, Errors: 0, Skipped: 0, Time elapsed: 0.017 sec
Running com.google.gson.JsonStreamParserTest
Tests run: 4, Failures: 0, Errors: 0, Skipped: 0, Time elapsed: 0.008 sec
Running com.google.gson.JavaSerializationTest
Tests run: 3, Failures: 0, Errors: 0, Skipped: 0, Time elapsed: 0.086 sec
Running com.google.gson.GenericArrayTypeTest
Tests run: 2, Failures: 0, Errors: 0, Skipped: 0, Time elapsed: 0.004 sec
Running com.google.gson.GsonTest
Tests run: 2, Failures: 0, Errors: 0, Skipped: 0, Time elapsed: 0.008 sec
Running com.google.gson.JsonArrayTest
Tests run: 5, Failures: 0, Errors: 0, Skipped: 0, Time elapsed: 0.01 sec
Running com.google.gson.JsonParserTest
Tests run: 10, Failures: 0, Errors: 0, Skipped: 0, Time elapsed: 0.02 sec
Running com.google.gson.JsonPrimitiveTest
Tests run: 25, Failures: 0, Errors: 0, Skipped: 0, Time elapsed: 0.047 sec
Running com.google.gson.LongSerializationPolicyTest
Tests run: 4, Failures: 0, Errors: 0, Skipped: 0, Time elapsed: 0.012 sec
Running com.google.gson.OverrideCoreTypeAdaptersTest
Tests run: 3, Failures: 0, Errors: 0, Skipped: 0, Time elapsed: 0.011 sec

Results :

Tests in error: 
  testParsingDatesFormattedWithSystemLocale(com.google.gson.DefaultDateTypeAdapterTest): jeudi 1 janvier 1970 Ã  00:00:00 Coordinated Universal Time

Tests run: 1051, Failures: 0, Errors: 1, Skipped: 1

[[1;34mINFO[m] [1m------------------------------------------------------------------------[m
[[1;34mINFO[m] [1;31mBUILD FAILURE[m
[[1;34mINFO[m] [1m------------------------------------------------------------------------[m
[[1;34mINFO[m] Total time:  29.983 s
[[1;34mINFO[m] Finished at: 2021-09-30T21:00:27+02:00
[[1;34mINFO[m] [1m------------------------------------------------------------------------[m
[[1;31mERROR[m] Failed to execute goal [32morg.apache.maven.plugins:maven-surefire-plugin:2.12.4:test[m [1m(default-test)[m on project [36mgson[m: [1;31mThere are test failures.[m
[[1;31mERROR[m] [1;31m[m
[[1;31mERROR[m] [1;31mPlease refer to /tmp/v1/gson/target/surefire-reports for the individual test results.[m
[[1;31mERROR[m] -> [1m[Help 1][m
[[1;31mERROR[m] 
[[1;31mERROR[m] To see the full stack trace of the errors, re-run Maven with the [1m-e[m switch.
[[1;31mERROR[m] Re-run Maven using the [1m-X[m switch to enable full debug logging.
[[1;31mERROR[m] 
[[1;31mERROR[m] For more information about the errors and possible solutions, please read the following articles:
[[1;31mERROR[m] [1m[Help 1][m http://cwiki.apache.org/confluence/display/MAVEN/MojoFailureException
Reading Clover data /tmp/v1/gson/target/clover
Writing HTML report to '/tmp/v1/gson/target/clover/report'
ERROR: Invalid Java source found or Clover failed to parse it: /tmp/v1/gson/src/main/java/com/google/gson/internal/$Gson$Types.java
ERROR: Invalid Java source found or Clover failed to parse it: /tmp/v1/gson/src/main/java/com/google/gson/internal/LinkedHashTreeMap.java
ERROR: Invalid Java source found or Clover failed to parse it: /tmp/v1/gson/src/main/java/com/google/gson/internal/LinkedTreeMap.java
ERROR: Invalid Java source found or Clover failed to parse it: /tmp/v1/gson/src/main/java/com/google/gson/internal/bind/CollectionTypeAdapterFactory.java
ERROR: Invalid Java source found or Clover failed to parse it: /tmp/v1/gson/src/main/java/com/google/gson/internal/bind/MapTypeAdapterFactory.java
ERROR: Invalid Java source found or Clover failed to parse it: /tmp/v1/gson/src/main/java/com/google/gson/internal/bind/ReflectiveTypeAdapterFactory.java
ERROR: Invalid Java source found or Clover failed to parse it: /tmp/v1/gson/src/main/java/com/google/gson/internal/bind/TreeTypeAdapter.java
ERROR: Invalid Java source found or Clover failed to parse it: /tmp/v1/gson/src/main/java/com/google/gson/internal/bind/TypeAdapters.java
ERROR: Invalid Java source found or Clover failed to parse it: /tmp/v1/gson/src/test/java/com/google/gson/stream/JsonReaderPathTest.java
ERROR: Invalid Java source found or Clover failed to parse it: /tmp/v1/gson/src/main/java/com/google/gson/Gson.java
ERROR: Invalid Java source found or Clover failed to parse it: /tmp/v1/gson/src/test/java/com/google/gson/GsonTypeAdapterTest.java
ERROR: Invalid Java source found or Clover failed to parse it: /tmp/v1/gson/src/test/java/com/google/gson/MixedStreamTest.java
ERROR: Invalid Java source found or Clover failed to parse it: /tmp/v1/gson/src/test/java/com/google/gson/ParameterizedTypeFixtures.java
ERROR: Invalid Java source found or Clover failed to parse it: /tmp/v1/gson/src/test/java/com/google/gson/regression/JsonAdapterNullSafeTest.java
ERROR: Invalid Java source found or Clover failed to parse it: /tmp/v1/gson/src/test/java/com/google/gson/functional/CollectionTest.java
ERROR: Invalid Java source found or Clover failed to parse it: /tmp/v1/gson/src/test/java/com/google/gson/functional/ConcurrencyTest.java
ERROR: Invalid Java source found or Clover failed to parse it: /tmp/v1/gson/src/test/java/com/google/gson/functional/CustomDeserializerTest.java
ERROR: Invalid Java source found or Clover failed to parse it: /tmp/v1/gson/src/test/java/com/google/gson/functional/CustomTypeAdaptersTest.java
ERROR: Invalid Java source found or Clover failed to parse it: /tmp/v1/gson/src/test/java/com/google/gson/functional/DefaultTypeAdaptersTest.java
ERROR: Invalid Java source found or Clover failed to parse it: /tmp/v1/gson/src/test/java/com/google/gson/functional/DelegateTypeAdapterTest.java
ERROR: Invalid Java source found or Clover failed to parse it: /tmp/v1/gson/src/test/java/com/google/gson/functional/EnumTest.java
ERROR: Invalid Java source found or Clover failed to parse it: /tmp/v1/gson/src/test/java/com/google/gson/functional/ExclusionStrategyFunctionalTest.java
ERROR: Invalid Java source found or Clover failed to parse it: /tmp/v1/gson/src/test/java/com/google/gson/functional/ExposeFieldsTest.java
ERROR: Invalid Java source found or Clover failed to parse it: /tmp/v1/gson/src/test/java/com/google/gson/functional/FieldExclusionTest.java
ERROR: Invalid Java source found or Clover failed to parse it: /tmp/v1/gson/src/test/java/com/google/gson/functional/InheritanceTest.java
ERROR: Invalid Java source found or Clover failed to parse it: /tmp/v1/gson/src/test/java/com/google/gson/functional/InterfaceTest.java
ERROR: Invalid Java source found or Clover failed to parse it: /tmp/v1/gson/src/test/java/com/google/gson/functional/JsonAdapterAnnotationOnClassesTest.java
ERROR: Invalid Java source found or Clover failed to parse it: /tmp/v1/gson/src/test/java/com/google/gson/functional/JsonAdapterAnnotationOnFieldsTest.java
ERROR: Invalid Java source found or Clover failed to parse it: /tmp/v1/gson/src/test/java/com/google/gson/functional/JsonAdapterSerializerDeserializerTest.java
ERROR: Invalid Java source found or Clover failed to parse it: /tmp/v1/gson/src/test/java/com/google/gson/functional/JsonTreeTest.java
ERROR: Invalid Java source found or Clover failed to parse it: /tmp/v1/gson/src/test/java/com/google/gson/functional/MapAsArrayTypeAdapterTest.java
ERROR: Invalid Java source found or Clover failed to parse it: /tmp/v1/gson/src/test/java/com/google/gson/functional/MapTest.java
ERROR: Invalid Java source found or Clover failed to parse it: /tmp/v1/gson/src/test/java/com/google/gson/functional/MoreSpecificTypeSerializationTest.java
ERROR: Invalid Java source found or Clover failed to parse it: /tmp/v1/gson/src/test/java/com/google/gson/functional/NamingPolicyTest.java
ERROR: Invalid Java source found or Clover failed to parse it: /tmp/v1/gson/src/test/java/com/google/gson/functional/NullObjectAndFieldTest.java
ERROR: Invalid Java source found or Clover failed to parse it: /tmp/v1/gson/src/test/java/com/google/gson/functional/ObjectTest.java
ERROR: Invalid Java source found or Clover failed to parse it: /tmp/v1/gson/src/test/java/com/google/gson/functional/ParameterizedTypesTest.java
ERROR: Invalid Java source found or Clover failed to parse it: /tmp/v1/gson/src/test/java/com/google/gson/functional/RawSerializationTest.java
ERROR: Invalid Java source found or Clover failed to parse it: /tmp/v1/gson/src/test/java/com/google/gson/functional/RuntimeTypeAdapterFactoryFunctionalTest.java
ERROR: Invalid Java source found or Clover failed to parse it: /tmp/v1/gson/src/test/java/com/google/gson/functional/SerializedNameTest.java
ERROR: Invalid Java source found or Clover failed to parse it: /tmp/v1/gson/src/test/java/com/google/gson/functional/StreamingTypeAdaptersTest.java
ERROR: Invalid Java source found or Clover failed to parse it: /tmp/v1/gson/src/test/java/com/google/gson/functional/TreeTypeAdaptersTest.java
ERROR: Invalid Java source found or Clover failed to parse it: /tmp/v1/gson/src/test/java/com/google/gson/functional/TypeAdapterPrecedenceTest.java
ERROR: Invalid Java source found or Clover failed to parse it: /tmp/v1/gson/src/test/java/com/google/gson/functional/TypeHierarchyAdapterTest.java
ERROR: Invalid Java source found or Clover failed to parse it: /tmp/v1/gson/src/test/java/com/google/gson/functional/TypeVariableTest.java
ERROR: Invalid Java source found or Clover failed to parse it: /tmp/v1/gson/src/test/java/com/google/gson/functional/UncategorizedTest.java
ERROR: Invalid Java source found or Clover failed to parse it: /tmp/v1/gson/src/test/java/com/google/gson/common/TestTypes.java
Done. Processed 12 packages in 14310ms (1192ms per package).
[[1;34mINFO[m] Computing coverage for /tmp/v2/gson/
[WARN] Maven will be executed in interactive mode, but no input stream has been configured for this MavenInvoker instance.
WARNING: An illegal reflective access operation has occurred
WARNING: Illegal reflective access by com.google.inject.internal.cglib.core.$ReflectUtils$1 (file:/usr/share/maven/lib/guice.jar) to method java.lang.ClassLoader.defineClass(java.lang.String,byte[],int,int,java.security.ProtectionDomain)
WARNING: Please consider reporting this to the maintainers of com.google.inject.internal.cglib.core.$ReflectUtils$1
WARNING: Use --illegal-access=warn to enable warnings of further illegal reflective access operations
WARNING: All illegal access operations will be denied in a future release
[[1;34mINFO[m] Scanning for projects...
[[1;33mWARNING[m] 
[[1;33mWARNING[m] Some problems were encountered while building the effective model for com.google.code.gson:gson:jar:2.8.6-SNAPSHOT
[[1;33mWARNING[m] 'build.plugins.plugin.version' for org.apache.maven.plugins:maven-jar-plugin is missing. @ com.google.code.gson:gson:[unknown-version], /tmp/v2/gson/pom.xml, line 46, column 15
[[1;33mWARNING[m] 
[[1;33mWARNING[m] It is highly recommended to fix these problems because they threaten the stability of your build.
[[1;33mWARNING[m] 
[[1;33mWARNING[m] For this reason, future Maven versions might no longer support building such malformed projects.
[[1;33mWARNING[m] 
[[1;34mINFO[m] 
[[1;34mINFO[m] [1m---------------------< [0;36mcom.google.code.gson:gson[0;1m >----------------------[m
[[1;34mINFO[m] [1mBuilding Gson 2.8.6-SNAPSHOT[m
[[1;34mINFO[m] [1m--------------------------------[ jar ]---------------------------------[m
[[1;34mINFO[m] 
[[1;34mINFO[m] [1m--- [0;32mmaven-clean-plugin:2.5:clean[m [1m(default-clean)[m @ [36mgson[0;1m ---[m
[[1;34mINFO[m] Deleting /tmp/v2/gson/target
[[1;34mINFO[m] 
[[1;34mINFO[m] [1m--- [0;32mclover-maven-plugin:4.4.1:setup[m [1m(default-cli)[m @ [36mgson[0;1m ---[m
[[1;34mINFO[m] OpenClover Version 4.4.1, built on October 11 2019 (build-1020)
[[1;34mINFO[m] Creating new database at '/tmp/v2/gson/target/clover/clover.db'.
[[1;34mINFO[m] Processing files at 1.9 source level.
[[1;34mINFO[m] Clover all over. Instrumented 72 files (8 packages).
[[1;34mINFO[m] OpenClover Version 4.4.1, built on October 11 2019 (build-1020)
[[1;34mINFO[m] Updating existing database at '/tmp/v2/gson/target/clover/clover.db'.
[[1;34mINFO[m] Processing files at 1.9 source level.
[[1;34mINFO[m] Clover all over. Instrumented 101 files (10 packages).
[[1;34mINFO[m] 1041 test methods detected.
[[1;34mINFO[m] 
[[1;34mINFO[m] [1m--- [0;32mmaven-enforcer-plugin:1.0:enforce[m [1m(enforce-maven)[m @ [36mgson[0;1m ---[m
[[1;34mINFO[m] Skipping Rule Enforcement.
[[1;34mINFO[m] 
[[1;34mINFO[m] [1m--- [0;32mtemplating-maven-plugin:1.0.0:filter-sources[m [1m(filtering-java-templates)[m @ [36mgson[0;1m ---[m
[[1;34mINFO[m] Coping files with filtering to temporary directory.
[[1;34mINFO[m] Using 'UTF-8' encoding to copy filtered resources.
[[1;34mINFO[m] Copying 1 resource
[[1;34mINFO[m] Copied 1 files to output directory: /tmp/v2/gson/target/generated-sources/java-templates
[[1;34mINFO[m] Source directory: /tmp/v2/gson/target/generated-sources/java-templates added.
[[1;34mINFO[m] 
[[1;34mINFO[m] [1m--- [0;32mmaven-resources-plugin:2.6:resources[m [1m(default-resources)[m @ [36mgson[0;1m ---[m
[[1;34mINFO[m] Using 'UTF-8' encoding to copy filtered resources.
[[1;34mINFO[m] skip non existing resourceDirectory /tmp/v2/gson/src/main/resources
[[1;34mINFO[m] Copying 1 resource
[[1;34mINFO[m] 
[[1;34mINFO[m] [1m--- [0;32mmaven-compiler-plugin:3.8.0:compile[m [1m(default-compile)[m @ [36mgson[0;1m ---[m
[[1;34mINFO[m] Changes detected - recompiling the module!
[[1;34mINFO[m] Compiling 73 source files to /tmp/v2/gson/target/classes
[[1;34mINFO[m] /tmp/v2/gson/target/clover/src-instrumented/com/google/gson/JsonArray.java: Some input files use or override a deprecated API.
[[1;34mINFO[m] /tmp/v2/gson/target/clover/src-instrumented/com/google/gson/JsonArray.java: Recompile with -Xlint:deprecation for details.
[[1;34mINFO[m] 
[[1;34mINFO[m] [1m--- [0;32mmaven-compiler-plugin:3.8.0:compile[m [1m(base-compile)[m @ [36mgson[0;1m ---[m
[[1;34mINFO[m] Changes detected - recompiling the module!
[[1;34mINFO[m] Compiling 73 source files to /tmp/v2/gson/target/classes
[[1;34mINFO[m] /tmp/v2/gson/target/clover/src-instrumented/com/google/gson/JsonArray.java: Some input files use or override a deprecated API.
[[1;34mINFO[m] /tmp/v2/gson/target/clover/src-instrumented/com/google/gson/JsonArray.java: Recompile with -Xlint:deprecation for details.
[[1;34mINFO[m] 
[[1;34mINFO[m] [1m--- [0;32mbnd-maven-plugin:4.0.0:bnd-process[m [1m(default)[m @ [36mgson[0;1m ---[m
[[1;33mWARNING[m] /tmp/v2/gson/bnd.bnd [0:0]: Export com.google.gson,  has 1,  private references [com.google.gson.internal], 
[[1;34mINFO[m] 
[[1;34mINFO[m] [1m--- [0;32mmaven-resources-plugin:2.6:testResources[m [1m(default-testResources)[m @ [36mgson[0;1m ---[m
[[1;34mINFO[m] Using 'UTF-8' encoding to copy filtered resources.
[[1;34mINFO[m] skip non existing resourceDirectory /tmp/v2/gson/src/test/resources
[[1;34mINFO[m] 
[[1;34mINFO[m] [1m--- [0;32mmaven-compiler-plugin:3.8.0:testCompile[m [1m(default-testCompile)[m @ [36mgson[0;1m ---[m
[[1;34mINFO[m] Changes detected - recompiling the module!
[[1;34mINFO[m] Compiling 101 source files to /tmp/v2/gson/target/test-classes
[[1;34mINFO[m] /tmp/v2/gson/target/clover/src-test-instrumented/com/google/gson/common/MoreAsserts.java: Some input files use or override a deprecated API.
[[1;34mINFO[m] /tmp/v2/gson/target/clover/src-test-instrumented/com/google/gson/common/MoreAsserts.java: Recompile with -Xlint:deprecation for details.
[[1;34mINFO[m] /tmp/v2/gson/target/clover/src-test-instrumented/com/google/gson/functional/ParameterizedTypesTest.java: Some input files use unchecked or unsafe operations.
[[1;34mINFO[m] /tmp/v2/gson/target/clover/src-test-instrumented/com/google/gson/functional/ParameterizedTypesTest.java: Recompile with -Xlint:unchecked for details.
[[1;34mINFO[m] 
[[1;34mINFO[m] [1m--- [0;32mmaven-surefire-plugin:2.12.4:test[m [1m(default-test)[m @ [36mgson[0;1m ---[m
[[1;34mINFO[m] Surefire report directory: /tmp/v2/gson/target/surefire-reports

-------------------------------------------------------
 T E S T S
-------------------------------------------------------
Running com.google.gson.DefaultDateTypeAdapterTest
Tests run: 11, Failures: 0, Errors: 1, Skipped: 0, Time elapsed: 0.655 sec <<< FAILURE!
testParsingDatesFormattedWithSystemLocale(com.google.gson.DefaultDateTypeAdapterTest)  Time elapsed: 0.228 sec  <<< ERROR!
com.google.gson.JsonSyntaxException: jeudi 1 janvier 1970 Ã  00:00:00 Coordinated Universal Time
	at com.google.gson.DefaultDateTypeAdapter.deserializeToDate(DefaultDateTypeAdapter.java:151)
	at com.google.gson.DefaultDateTypeAdapter.read(DefaultDateTypeAdapter.java:128)
	at com.google.gson.DefaultDateTypeAdapter.read(DefaultDateTypeAdapter.java:44)
	at com.google.gson.TypeAdapter.fromJson(TypeAdapter.java:260)
	at com.google.gson.TypeAdapter.fromJson(TypeAdapter.java:273)
	at com.google.gson.DefaultDateTypeAdapterTest.assertParsed(DefaultDateTypeAdapterTest.java:196)
	at com.google.gson.DefaultDateTypeAdapterTest.__CLR4_4_14xdbqt52n(DefaultDateTypeAdapterTest.java:91)
	at com.google.gson.DefaultDateTypeAdapterTest.testParsingDatesFormattedWithSystemLocale(DefaultDateTypeAdapterTest.java:73)
	at java.base/jdk.internal.reflect.NativeMethodAccessorImpl.invoke0(Native Method)
	at java.base/jdk.internal.reflect.NativeMethodAccessorImpl.invoke(NativeMethodAccessorImpl.java:62)
	at java.base/jdk.internal.reflect.DelegatingMethodAccessorImpl.invoke(DelegatingMethodAccessorImpl.java:43)
	at java.base/java.lang.reflect.Method.invoke(Method.java:566)
	at junit.framework.TestCase.runTest(TestCase.java:176)
	at junit.framework.TestCase.runBare(TestCase.java:141)
	at junit.framework.TestResult$1.protect(TestResult.java:122)
	at junit.framework.TestResult.runProtected(TestResult.java:142)
	at junit.framework.TestResult.run(TestResult.java:125)
	at junit.framework.TestCase.run(TestCase.java:129)
	at junit.framework.TestSuite.runTest(TestSuite.java:252)
	at junit.framework.TestSuite.run(TestSuite.java:247)
	at org.junit.internal.runners.JUnit38ClassRunner.run(JUnit38ClassRunner.java:86)
	at org.apache.maven.surefire.junit4.JUnit4Provider.execute(JUnit4Provider.java:252)
	at org.apache.maven.surefire.junit4.JUnit4Provider.executeTestSet(JUnit4Provider.java:141)
	at org.apache.maven.surefire.junit4.JUnit4Provider.invoke(JUnit4Provider.java:112)
	at java.base/jdk.internal.reflect.NativeMethodAccessorImpl.invoke0(Native Method)
	at java.base/jdk.internal.reflect.NativeMethodAccessorImpl.invoke(NativeMethodAccessorImpl.java:62)
	at java.base/jdk.internal.reflect.DelegatingMethodAccessorImpl.invoke(DelegatingMethodAccessorImpl.java:43)
	at java.base/java.lang.reflect.Method.invoke(Method.java:566)
	at org.apache.maven.surefire.util.ReflectionUtils.invokeMethodWithArray(ReflectionUtils.java:189)
	at org.apache.maven.surefire.booter.ProviderFactory$ProviderProxy.invoke(ProviderFactory.java:165)
	at org.apache.maven.surefire.booter.ProviderFactory.invokeProvider(ProviderFactory.java:85)
	at org.apache.maven.surefire.booter.ForkedBooter.runSuitesInProcess(ForkedBooter.java:115)
	at org.apache.maven.surefire.booter.ForkedBooter.main(ForkedBooter.java:75)
Caused by: java.text.ParseException: Failed to parse date ["jeudi 1 janvier 1970 Ã  00:00:00 Coordinated Universal Time"]: Invalid number: jeud
	at com.google.gson.internal.bind.util.ISO8601Utils.parse(ISO8601Utils.java:274)
	at com.google.gson.DefaultDateTypeAdapter.deserializeToDate(DefaultDateTypeAdapter.java:149)
	... 32 more
Caused by: java.lang.NumberFormatException: Invalid number: jeud
	at com.google.gson.internal.bind.util.ISO8601Utils.parseInt(ISO8601Utils.java:311)
	at com.google.gson.internal.bind.util.ISO8601Utils.parse(ISO8601Utils.java:129)
	... 33 more

Running com.google.gson.InnerClassExclusionStrategyTest
Tests run: 4, Failures: 0, Errors: 0, Skipped: 0, Time elapsed: 0.006 sec
Running com.google.gson.GsonTypeAdapterTest
Tests run: 5, Failures: 0, Errors: 0, Skipped: 0, Time elapsed: 0.126 sec
Running com.google.gson.internal.LinkedHashTreeMapTest
Tests run: 15, Failures: 0, Errors: 0, Skipped: 0, Time elapsed: 0.096 sec
Running com.google.gson.internal.GsonBuildConfigTest
Tests run: 1, Failures: 0, Errors: 0, Skipped: 0, Time elapsed: 0.063 sec
Running com.google.gson.internal.LazilyParsedNumberTest
Tests run: 2, Failures: 0, Errors: 0, Skipped: 0, Time elapsed: 0.006 sec
Running com.google.gson.internal.reflect.UnsafeReflectionAccessorTest
Tests run: 1, Failures: 0, Errors: 0, Skipped: 0, Time elapsed: 0.005 sec
Running com.google.gson.internal.UnsafeAllocatorInstantiationTest
Tests run: 3, Failures: 0, Errors: 0, Skipped: 0, Time elapsed: 0.025 sec
Running com.google.gson.internal.GsonTypesTest
Tests run: 2, Failures: 0, Errors: 0, Skipped: 0, Time elapsed: 0.013 sec
Running com.google.gson.internal.JavaVersionTest
Tests run: 7, Failures: 0, Errors: 0, Skipped: 0, Time elapsed: 0.03 sec
Running com.google.gson.internal.bind.RecursiveTypesResolveTest
Tests run: 9, Failures: 0, Errors: 0, Skipped: 0, Time elapsed: 0.124 sec
Running com.google.gson.internal.bind.JsonTreeWriterTest
Tests run: 12, Failures: 0, Errors: 0, Skipped: 0, Time elapsed: 0.067 sec
Running com.google.gson.internal.bind.JsonElementReaderTest
Tests run: 17, Failures: 0, Errors: 0, Skipped: 0, Time elapsed: 0.077 sec
Running com.google.gson.internal.bind.JsonTreeReaderTest
Tests run: 2, Failures: 0, Errors: 0, Skipped: 0, Time elapsed: 0.02 sec
Running com.google.gson.internal.LinkedTreeMapTest
Tests run: 11, Failures: 0, Errors: 0, Skipped: 0, Time elapsed: 0.068 sec
Running com.google.gson.ParameterizedTypeTest
Tests run: 2, Failures: 0, Errors: 0, Skipped: 0, Time elapsed: 0.008 sec
Running com.google.gson.GsonBuilderTest
Tests run: 4, Failures: 0, Errors: 0, Skipped: 0, Time elapsed: 0.013 sec
Running com.google.gson.reflect.TypeTokenTest
Tests run: 6, Failures: 0, Errors: 0, Skipped: 0, Time elapsed: 0.028 sec
Running com.google.gson.DefaultInetAddressTypeAdapterTest
Tests run: 1, Failures: 0, Errors: 0, Skipped: 0, Time elapsed: 0.013 sec
Running com.google.gson.ExposeAnnotationExclusionStrategyTest
Tests run: 6, Failures: 0, Errors: 0, Skipped: 0, Time elapsed: 0.031 sec
Running com.google.gson.FieldAttributesTest
Tests run: 6, Failures: 0, Errors: 0, Skipped: 0, Time elapsed: 0.027 sec
Running com.google.gson.CommentsTest
Tests run: 1, Failures: 0, Errors: 0, Skipped: 0, Time elapsed: 0.007 sec
Running com.google.gson.regression.JsonAdapterNullSafeTest
Tests run: 2, Failures: 0, Errors: 0, Skipped: 0, Time elapsed: 0.016 sec
Running com.google.gson.JsonNullTest
Tests run: 2, Failures: 0, Errors: 0, Skipped: 0, Time elapsed: 0.008 sec
Running com.google.gson.JsonObjectTest
Tests run: 14, Failures: 0, Errors: 0, Skipped: 0, Time elapsed: 0.039 sec
Running com.google.gson.stream.JsonReaderPathTest
Tests run: 20, Failures: 0, Errors: 0, Skipped: 1, Time elapsed: 0.117 sec
Running com.google.gson.stream.JsonWriterTest
Tests run: 39, Failures: 0, Errors: 0, Skipped: 0, Time elapsed: 0.112 sec
Running com.google.gson.stream.JsonReaderTest
Tests run: 120, Failures: 0, Errors: 0, Skipped: 0, Time elapsed: 0.417 sec
Running com.google.gson.metrics.PerformanceTest
Tests run: 1, Failures: 0, Errors: 0, Skipped: 0, Time elapsed: 0.01 sec
Running com.google.gson.MixedStreamTest
Tests run: 12, Failures: 0, Errors: 0, Skipped: 0, Time elapsed: 0.043 sec
Running com.google.gson.DefaultMapJsonSerializerTest
Tests run: 3, Failures: 0, Errors: 0, Skipped: 0, Time elapsed: 0.017 sec
Running com.google.gson.VersionExclusionStrategyTest
Tests run: 3, Failures: 0, Errors: 0, Skipped: 0, Time elapsed: 0.018 sec
Running com.google.gson.functional.InternationalizationTest
Tests run: 4, Failures: 0, Errors: 0, Skipped: 0, Time elapsed: 0.016 sec
Running com.google.gson.functional.JsonAdapterAnnotationOnFieldsTest
Tests run: 10, Failures: 0, Errors: 0, Skipped: 0, Time elapsed: 0.064 sec
Running com.google.gson.functional.SecurityTest
Tests run: 5, Failures: 0, Errors: 0, Skipped: 0, Time elapsed: 0.015 sec
Running com.google.gson.functional.EnumTest
Tests run: 12, Failures: 0, Errors: 0, Skipped: 0, Time elapsed: 0.056 sec
Running com.google.gson.functional.ObjectTest
Tests run: 44, Failures: 0, Errors: 0, Skipped: 0, Time elapsed: 0.15 sec
Running com.google.gson.functional.RuntimeTypeAdapterFactoryFunctionalTest
Tests run: 1, Failures: 0, Errors: 0, Skipped: 0, Time elapsed: 0.013 sec
Running com.google.gson.functional.FieldExclusionTest
Tests run: 3, Failures: 0, Errors: 0, Skipped: 0, Time elapsed: 0.008 sec
Running com.google.gson.functional.ExposeFieldsTest
Tests run: 8, Failures: 0, Errors: 0, Skipped: 0, Time elapsed: 0.03 sec
Running com.google.gson.functional.SerializedNameTest
Tests run: 3, Failures: 0, Errors: 0, Skipped: 0, Time elapsed: 0.016 sec
Running com.google.gson.functional.GsonVersionDiagnosticsTest
Tests run: 3, Failures: 0, Errors: 0, Skipped: 0, Time elapsed: 0.016 sec
Running com.google.gson.functional.ThrowableFunctionalTest
Tests run: 5, Failures: 0, Errors: 0, Skipped: 0, Time elapsed: 0.029 sec
Running com.google.gson.functional.ParameterizedTypesTest
Tests run: 17, Failures: 0, Errors: 0, Skipped: 0, Time elapsed: 0.085 sec
Running com.google.gson.functional.PrettyPrintingTest
Tests run: 8, Failures: 0, Errors: 0, Skipped: 0, Time elapsed: 0.023 sec
Running com.google.gson.functional.CustomTypeAdaptersTest
Tests run: 19, Failures: 0, Errors: 0, Skipped: 0, Time elapsed: 0.052 sec
Running com.google.gson.functional.ReadersWritersTest
Tests run: 10, Failures: 0, Errors: 0, Skipped: 0, Time elapsed: 0.022 sec
Running com.google.gson.functional.CircularReferenceTest
Tests run: 6, Failures: 0, Errors: 0, Skipped: 0, Time elapsed: 0.067 sec
Running com.google.gson.functional.JsonAdapterSerializerDeserializerTest
Tests run: 3, Failures: 0, Errors: 0, Skipped: 0, Time elapsed: 0.016 sec
Running com.google.gson.functional.LeniencyTest
Tests run: 1, Failures: 0, Errors: 0, Skipped: 0, Time elapsed: 0.004 sec
Running com.google.gson.functional.RawSerializationTest
Tests run: 5, Failures: 0, Errors: 0, Skipped: 0, Time elapsed: 0.022 sec
Running com.google.gson.functional.CustomDeserializerTest
Tests run: 7, Failures: 0, Errors: 0, Skipped: 0, Time elapsed: 0.025 sec
Running com.google.gson.functional.TypeAdapterPrecedenceTest
Tests run: 8, Failures: 0, Errors: 0, Skipped: 0, Time elapsed: 0.015 sec
Running com.google.gson.functional.MoreSpecificTypeSerializationTest
Tests run: 6, Failures: 0, Errors: 0, Skipped: 0, Time elapsed: 0.027 sec
Running com.google.gson.functional.InterfaceTest
Tests run: 2, Failures: 0, Errors: 0, Skipped: 0, Time elapsed: 0.01 sec
Running com.google.gson.functional.TypeVariableTest
Tests run: 3, Failures: 0, Errors: 0, Skipped: 0, Time elapsed: 0.016 sec
Running com.google.gson.functional.ExclusionStrategyFunctionalTest
Tests run: 9, Failures: 0, Errors: 0, Skipped: 0, Time elapsed: 0.023 sec
Running com.google.gson.functional.DefaultTypeAdaptersTest
Tests run: 65, Failures: 0, Errors: 0, Skipped: 0, Time elapsed: 0.208 sec
Running com.google.gson.functional.NullObjectAndFieldTest
Tests run: 16, Failures: 0, Errors: 0, Skipped: 0, Time elapsed: 0.045 sec
Running com.google.gson.functional.MapAsArrayTypeAdapterTest
Tests run: 5, Failures: 0, Errors: 0, Skipped: 0, Time elapsed: 0.03 sec
Running com.google.gson.functional.InstanceCreatorTest
Tests run: 5, Failures: 0, Errors: 0, Skipped: 0, Time elapsed: 0.03 sec
Running com.google.gson.functional.PrimitiveCharacterTest
Tests run: 2, Failures: 0, Errors: 0, Skipped: 0, Time elapsed: 0.014 sec
Running com.google.gson.functional.MapTest
Tests run: 48, Failures: 0, Errors: 0, Skipped: 0, Time elapsed: 0.182 sec
Running com.google.gson.functional.FieldNamingTest
Tests run: 5, Failures: 0, Errors: 0, Skipped: 0, Time elapsed: 0.036 sec
Running com.google.gson.functional.VersioningTest
Tests run: 10, Failures: 0, Errors: 0, Skipped: 0, Time elapsed: 0.051 sec
Running com.google.gson.functional.DelegateTypeAdapterTest
Tests run: 2, Failures: 0, Errors: 0, Skipped: 0, Time elapsed: 0.019 sec
Running com.google.gson.functional.InheritanceTest
Tests run: 13, Failures: 0, Errors: 0, Skipped: 0, Time elapsed: 0.044 sec
Running com.google.gson.functional.TypeHierarchyAdapterTest
Tests run: 3, Failures: 0, Errors: 0, Skipped: 0, Time elapsed: 0.02 sec
Running com.google.gson.functional.CustomSerializerTest
Tests run: 5, Failures: 0, Errors: 0, Skipped: 0, Time elapsed: 0.02 sec
Running com.google.gson.functional.StreamingTypeAdaptersTest
Tests run: 17, Failures: 0, Errors: 0, Skipped: 0, Time elapsed: 0.079 sec
Running com.google.gson.functional.EscapingTest
Tests run: 5, Failures: 0, Errors: 0, Skipped: 0, Time elapsed: 0.014 sec
Running com.google.gson.functional.CollectionTest
Tests run: 29, Failures: 0, Errors: 0, Skipped: 0, Time elapsed: 0.095 sec
Running com.google.gson.functional.JsonTreeTest
Tests run: 4, Failures: 0, Errors: 0, Skipped: 0, Time elapsed: 0.015 sec
Running com.google.gson.functional.ArrayTest
Tests run: 26, Failures: 0, Errors: 0, Skipped: 0, Time elapsed: 0 sec
Running com.google.gson.functional.PrintFormattingTest
Tests run: 3, Failures: 0, Errors: 0, Skipped: 0, Time elapsed: 0 sec
Running com.google.gson.functional.StringTest
Tests run: 18, Failures: 0, Errors: 0, Skipped: 0, Time elapsed: 0 sec
Running com.google.gson.functional.JavaUtilConcurrentAtomicTest
Tests run: 7, Failures: 0, Errors: 0, Skipped: 0, Time elapsed: 0.024 sec
Running com.google.gson.functional.UncategorizedTest
Tests run: 6, Failures: 0, Errors: 0, Skipped: 0, Time elapsed: 0.021 sec
Running com.google.gson.functional.JsonArrayTest
Tests run: 8, Failures: 0, Errors: 0, Skipped: 0, Time elapsed: 0.019 sec
Running com.google.gson.functional.JsonParserTest
Tests run: 8, Failures: 0, Errors: 0, Skipped: 0, Time elapsed: 0.027 sec
Running com.google.gson.functional.JsonAdapterAnnotationOnClassesTest
Tests run: 9, Failures: 0, Errors: 0, Skipped: 0, Time elapsed: 0.037 sec
Running com.google.gson.functional.NamingPolicyTest
Tests run: 16, Failures: 0, Errors: 0, Skipped: 0, Time elapsed: 0.042 sec
Running com.google.gson.functional.ConcurrencyTest
Tests run: 4, Failures: 0, Errors: 0, Skipped: 0, Time elapsed: 0.132 sec
Running com.google.gson.functional.PrimitiveTest
Tests run: 99, Failures: 0, Errors: 0, Skipped: 0, Time elapsed: 0.185 sec
Running com.google.gson.functional.TreeTypeAdaptersTest
Tests run: 2, Failures: 0, Errors: 0, Skipped: 0, Time elapsed: 0.014 sec
Running com.google.gson.functional.JavaUtilTest
Tests run: 2, Failures: 0, Errors: 0, Skipped: 0, Time elapsed: 0.015 sec
Running com.google.gson.ObjectTypeAdapterTest
Tests run: 5, Failures: 0, Errors: 0, Skipped: 0, Time elapsed: 0.011 sec
Running com.google.gson.JsonStreamParserTest
Tests run: 4, Failures: 0, Errors: 0, Skipped: 0, Time elapsed: 0.011 sec
Running com.google.gson.JavaSerializationTest
Tests run: 3, Failures: 0, Errors: 0, Skipped: 0, Time elapsed: 0.078 sec
Running com.google.gson.GenericArrayTypeTest
Tests run: 2, Failures: 0, Errors: 0, Skipped: 0, Time elapsed: 0.006 sec
Running com.google.gson.GsonTest
Tests run: 2, Failures: 0, Errors: 0, Skipped: 0, Time elapsed: 0.01 sec
Running com.google.gson.JsonArrayTest
Tests run: 5, Failures: 0, Errors: 0, Skipped: 0, Time elapsed: 0.007 sec
Running com.google.gson.JsonParserTest
Tests run: 10, Failures: 0, Errors: 0, Skipped: 0, Time elapsed: 0.024 sec
Running com.google.gson.JsonPrimitiveTest
Tests run: 25, Failures: 0, Errors: 0, Skipped: 0, Time elapsed: 0.045 sec
Running com.google.gson.LongSerializationPolicyTest
Tests run: 4, Failures: 0, Errors: 0, Skipped: 0, Time elapsed: 0.01 sec
Running com.google.gson.OverrideCoreTypeAdaptersTest
Tests run: 3, Failures: 0, Errors: 0, Skipped: 0, Time elapsed: 0.011 sec

Results :

Tests in error: 
  testParsingDatesFormattedWithSystemLocale(com.google.gson.DefaultDateTypeAdapterTest): jeudi 1 janvier 1970 Ã  00:00:00 Coordinated Universal Time

Tests run: 1051, Failures: 0, Errors: 1, Skipped: 1

[[1;34mINFO[m] [1m------------------------------------------------------------------------[m
[[1;34mINFO[m] [1;31mBUILD FAILURE[m
[[1;34mINFO[m] [1m------------------------------------------------------------------------[m
[[1;34mINFO[m] Total time:  31.420 s
[[1;34mINFO[m] Finished at: 2021-09-30T21:01:17+02:00
[[1;34mINFO[m] [1m------------------------------------------------------------------------[m
[[1;31mERROR[m] Failed to execute goal [32morg.apache.maven.plugins:maven-surefire-plugin:2.12.4:test[m [1m(default-test)[m on project [36mgson[m: [1;31mThere are test failures.[m
[[1;31mERROR[m] [1;31m[m
[[1;31mERROR[m] [1;31mPlease refer to /tmp/v2/gson/target/surefire-reports for the individual test results.[m
[[1;31mERROR[m] -> [1m[Help 1][m
[[1;31mERROR[m] 
[[1;31mERROR[m] To see the full stack trace of the errors, re-run Maven with the [1m-e[m switch.
[[1;31mERROR[m] Re-run Maven using the [1m-X[m switch to enable full debug logging.
[[1;31mERROR[m] 
[[1;31mERROR[m] For more information about the errors and possible solutions, please read the following articles:
[[1;31mERROR[m] [1m[Help 1][m http://cwiki.apache.org/confluence/display/MAVEN/MojoFailureException
Reading Clover data /tmp/v2/gson/target/clover
Writing HTML report to '/tmp/v2/gson/target/clover/report'
ERROR: Invalid Java source found or Clover failed to parse it: /tmp/v2/gson/src/main/java/com/google/gson/internal/$Gson$Types.java
ERROR: Invalid Java source found or Clover failed to parse it: /tmp/v2/gson/src/main/java/com/google/gson/internal/LinkedHashTreeMap.java
ERROR: Invalid Java source found or Clover failed to parse it: /tmp/v2/gson/src/main/java/com/google/gson/internal/LinkedTreeMap.java
ERROR: Invalid Java source found or Clover failed to parse it: /tmp/v2/gson/src/main/java/com/google/gson/internal/bind/CollectionTypeAdapterFactory.java
ERROR: Invalid Java source found or Clover failed to parse it: /tmp/v2/gson/src/main/java/com/google/gson/internal/bind/MapTypeAdapterFactory.java
ERROR: Invalid Java source found or Clover failed to parse it: /tmp/v2/gson/src/main/java/com/google/gson/internal/bind/ReflectiveTypeAdapterFactory.java
ERROR: Invalid Java source found or Clover failed to parse it: /tmp/v2/gson/src/main/java/com/google/gson/internal/bind/TreeTypeAdapter.java
ERROR: Invalid Java source found or Clover failed to parse it: /tmp/v2/gson/src/main/java/com/google/gson/internal/bind/TypeAdapters.java
ERROR: Invalid Java source found or Clover failed to parse it: /tmp/v2/gson/src/test/java/com/google/gson/stream/JsonReaderPathTest.java
ERROR: Invalid Java source found or Clover failed to parse it: /tmp/v2/gson/src/main/java/com/google/gson/Gson.java
ERROR: Invalid Java source found or Clover failed to parse it: /tmp/v2/gson/src/test/java/com/google/gson/GsonTypeAdapterTest.java
ERROR: Invalid Java source found or Clover failed to parse it: /tmp/v2/gson/src/test/java/com/google/gson/MixedStreamTest.java
ERROR: Invalid Java source found or Clover failed to parse it: /tmp/v2/gson/src/test/java/com/google/gson/ParameterizedTypeFixtures.java
ERROR: Invalid Java source found or Clover failed to parse it: /tmp/v2/gson/src/test/java/com/google/gson/regression/JsonAdapterNullSafeTest.java
ERROR: Invalid Java source found or Clover failed to parse it: /tmp/v2/gson/src/test/java/com/google/gson/functional/CollectionTest.java
ERROR: Invalid Java source found or Clover failed to parse it: /tmp/v2/gson/src/test/java/com/google/gson/functional/ConcurrencyTest.java
ERROR: Invalid Java source found or Clover failed to parse it: /tmp/v2/gson/src/test/java/com/google/gson/functional/CustomDeserializerTest.java
ERROR: Invalid Java source found or Clover failed to parse it: /tmp/v2/gson/src/test/java/com/google/gson/functional/CustomTypeAdaptersTest.java
ERROR: Invalid Java source found or Clover failed to parse it: /tmp/v2/gson/src/test/java/com/google/gson/functional/DefaultTypeAdaptersTest.java
ERROR: Invalid Java source found or Clover failed to parse it: /tmp/v2/gson/src/test/java/com/google/gson/functional/DelegateTypeAdapterTest.java
ERROR: Invalid Java source found or Clover failed to parse it: /tmp/v2/gson/src/test/java/com/google/gson/functional/EnumTest.java
ERROR: Invalid Java source found or Clover failed to parse it: /tmp/v2/gson/src/test/java/com/google/gson/functional/ExclusionStrategyFunctionalTest.java
ERROR: Invalid Java source found or Clover failed to parse it: /tmp/v2/gson/src/test/java/com/google/gson/functional/ExposeFieldsTest.java
ERROR: Invalid Java source found or Clover failed to parse it: /tmp/v2/gson/src/test/java/com/google/gson/functional/FieldExclusionTest.java
ERROR: Invalid Java source found or Clover failed to parse it: /tmp/v2/gson/src/test/java/com/google/gson/functional/InheritanceTest.java
ERROR: Invalid Java source found or Clover failed to parse it: /tmp/v2/gson/src/test/java/com/google/gson/functional/InterfaceTest.java
ERROR: Invalid Java source found or Clover failed to parse it: /tmp/v2/gson/src/test/java/com/google/gson/functional/JsonAdapterAnnotationOnClassesTest.java
ERROR: Invalid Java source found or Clover failed to parse it: /tmp/v2/gson/src/test/java/com/google/gson/functional/JsonAdapterAnnotationOnFieldsTest.java
ERROR: Invalid Java source found or Clover failed to parse it: /tmp/v2/gson/src/test/java/com/google/gson/functional/JsonAdapterSerializerDeserializerTest.java
ERROR: Invalid Java source found or Clover failed to parse it: /tmp/v2/gson/src/test/java/com/google/gson/functional/JsonTreeTest.java
ERROR: Invalid Java source found or Clover failed to parse it: /tmp/v2/gson/src/test/java/com/google/gson/functional/MapAsArrayTypeAdapterTest.java
ERROR: Invalid Java source found or Clover failed to parse it: /tmp/v2/gson/src/test/java/com/google/gson/functional/MapTest.java
ERROR: Invalid Java source found or Clover failed to parse it: /tmp/v2/gson/src/test/java/com/google/gson/functional/MoreSpecificTypeSerializationTest.java
ERROR: Invalid Java source found or Clover failed to parse it: /tmp/v2/gson/src/test/java/com/google/gson/functional/NamingPolicyTest.java
ERROR: Invalid Java source found or Clover failed to parse it: /tmp/v2/gson/src/test/java/com/google/gson/functional/NullObjectAndFieldTest.java
ERROR: Invalid Java source found or Clover failed to parse it: /tmp/v2/gson/src/test/java/com/google/gson/functional/ObjectTest.java
ERROR: Invalid Java source found or Clover failed to parse it: /tmp/v2/gson/src/test/java/com/google/gson/functional/ParameterizedTypesTest.java
ERROR: Invalid Java source found or Clover failed to parse it: /tmp/v2/gson/src/test/java/com/google/gson/functional/RawSerializationTest.java
ERROR: Invalid Java source found or Clover failed to parse it: /tmp/v2/gson/src/test/java/com/google/gson/functional/RuntimeTypeAdapterFactoryFunctionalTest.java
ERROR: Invalid Java source found or Clover failed to parse it: /tmp/v2/gson/src/test/java/com/google/gson/functional/SerializedNameTest.java
ERROR: Invalid Java source found or Clover failed to parse it: /tmp/v2/gson/src/test/java/com/google/gson/functional/StreamingTypeAdaptersTest.java
ERROR: Invalid Java source found or Clover failed to parse it: /tmp/v2/gson/src/test/java/com/google/gson/functional/TreeTypeAdaptersTest.java
ERROR: Invalid Java source found or Clover failed to parse it: /tmp/v2/gson/src/test/java/com/google/gson/functional/TypeAdapterPrecedenceTest.java
ERROR: Invalid Java source found or Clover failed to parse it: /tmp/v2/gson/src/test/java/com/google/gson/functional/TypeHierarchyAdapterTest.java
ERROR: Invalid Java source found or Clover failed to parse it: /tmp/v2/gson/src/test/java/com/google/gson/functional/TypeVariableTest.java
ERROR: Invalid Java source found or Clover failed to parse it: /tmp/v2/gson/src/test/java/com/google/gson/functional/UncategorizedTest.java
ERROR: Invalid Java source found or Clover failed to parse it: /tmp/v2/gson/src/test/java/com/google/gson/common/TestTypes.java
Done. Processed 12 packages in 9684ms (807ms per package).
[[1;34mINFO[m] /tmp/v1/gson/src/main/java/com/google/gson/JsonPrimitive.java
[[1;34mINFO[m] /tmp/v2/gson/src/main/java/com/google/gson/JsonPrimitive.java
[[1;34mINFO[m] com.google.gson.JsonPrimitive:[106, 103] are modified.
[[1;34mINFO[m] com.google.gson.JsonPrimitive:[106] are modified.
[[1;34mINFO[m] Saving result in /tmp/v1/gson/testsThatExecuteTheChange.csv ...
[[1;34mINFO[m] 
[[1;34mINFO[m] Writing Coverage in /tmp/v1/gson/testsThatExecuteTheChange_coverage.csv
[[1;34mINFO[m] total;0;0

[[1;34mINFO[m] [1m------------------------------------------------------------------------[m
[[1;34mINFO[m] [1;32mBUILD SUCCESS[m
[[1;34mINFO[m] [1m------------------------------------------------------------------------[m
[[1;34mINFO[m] Total time:  01:39 min
[[1;34mINFO[m] Finished at: 2021-09-30T21:01:31+02:00
[[1;34mINFO[m] [1m------------------------------------------------------------------------[m
