[INFO] Scanning for projects...
[INFO] 
[INFO] ---------------------< com.google.code.gson:gson >----------------------
[INFO] Building Gson 1.7.2-SNAPSHOT
[INFO] --------------------------------[ jar ]---------------------------------
[INFO] 
[INFO] --- maven-clean-plugin:2.5:clean (default-clean) @ gson ---
[INFO] Deleting /tmp/v1/gson/target
[INFO] 
[INFO] --- cobertura-maven-plugin:2.4:clean (clean) @ gson ---
[INFO] 
[INFO] --- dspot-diff-test-selection:3.1.1-SNAPSHOT:list (default-cli) @ gson ---
[INFO] Running on:
[INFO] /tmp/v1/gson
[INFO] /tmp/v2/gson/
[WARNING] No path to diff file has been specified.
[WARNING] I'll compute a diff file using the UNIX diff command
[WARNING] You may encounter troubles.
[WARNING] If so, please specify a path to a correct diff file
[WARNING] or implement a new way to compute a diff file.
[INFO] Computing the diff with diff commnd line
[INFO] The diff will be computed between:
[INFO] /tmp/v1/gson/src and 
[INFO] /tmp/v2/gson/src
[INFO] Executing: diff -ru /tmp/v1/gson/src /tmp/v2/gson/src from /tmp/v1/gson/src
[INFO] Running in enhanced mode...
[INFO] Computing coverage for /tmp/v1/gson
[WARN] Maven will be executed in interactive mode, but no input stream has been configured for this MavenInvoker instance.
[[1;34mINFO[m] Scanning for projects...
[[1;34mINFO[m] 
[[1;34mINFO[m] [1m---------------------< [0;36mcom.google.code.gson:gson[0;1m >----------------------[m
[[1;34mINFO[m] [1mBuilding Gson 1.7.2-SNAPSHOT[m
[[1;34mINFO[m] [1m--------------------------------[ jar ]---------------------------------[m
[[1;34mINFO[m] 
[[1;34mINFO[m] [1m--- [0;32mmaven-clean-plugin:2.5:clean[m [1m(default-clean)[m @ [36mgson[0;1m ---[m
[[1;34mINFO[m] 
[[1;34mINFO[m] [1m--- [0;32mcobertura-maven-plugin:2.4:clean[m [1m(clean)[m @ [36mgson[0;1m ---[m
[[1;34mINFO[m] 
[[1;34mINFO[m] [1m--- [0;32mclover-maven-plugin:4.4.1:setup[m [1m(default-cli)[m @ [36mgson[0;1m ---[m
[[1;34mINFO[m] OpenClover Version 4.4.1, built on October 11 2019 (build-1020)
[[1;34mINFO[m] Creating new database at '/tmp/v1/gson/target/clover/clover.db'.
[[1;34mINFO[m] Processing files at 1.8 source level.
[[1;34mINFO[m] Clover all over. Instrumented 90 files (5 packages).
[[1;34mINFO[m] OpenClover Version 4.4.1, built on October 11 2019 (build-1020)
[[1;34mINFO[m] Updating existing database at '/tmp/v1/gson/target/clover/clover.db'.
[[1;34mINFO[m] Processing files at 1.8 source level.
[[1;34mINFO[m] Clover all over. Instrumented 84 files (6 packages).
[[1;34mINFO[m] 748 test methods detected.
[[1;34mINFO[m] 
[[1;34mINFO[m] [1m--- [0;32mmaven-enforcer-plugin:1.0-beta-1:enforce[m [1m(enforce-maven)[m @ [36mgson[0;1m ---[m
[[1;34mINFO[m] Skipping Rule Enforcement.
[[1;34mINFO[m] 
[[1;34mINFO[m] [1m--- [0;32mmaven-resources-plugin:2.6:resources[m [1m(default-resources)[m @ [36mgson[0;1m ---[m
[[1;34mINFO[m] Using 'UTF-8' encoding to copy filtered resources.
[[1;34mINFO[m] skip non existing resourceDirectory /tmp/v1/gson/src/main/resources
[[1;34mINFO[m] Copying 1 resource
[[1;34mINFO[m] 
[[1;34mINFO[m] [1m--- [0;32mmaven-compiler-plugin:2.3.2:compile[m [1m(default-compile)[m @ [36mgson[0;1m ---[m
[[1;34mINFO[m] Compiling 90 source files to /tmp/v1/gson/target/classes
[[1;34mINFO[m] 
[[1;34mINFO[m] [1m--- [0;32mmaven-resources-plugin:2.6:testResources[m [1m(default-testResources)[m @ [36mgson[0;1m ---[m
[[1;34mINFO[m] Using 'UTF-8' encoding to copy filtered resources.
[[1;34mINFO[m] skip non existing resourceDirectory /tmp/v1/gson/src/test/resources
[[1;34mINFO[m] 
[[1;34mINFO[m] [1m--- [0;32mmaven-compiler-plugin:2.3.2:testCompile[m [1m(default-testCompile)[m @ [36mgson[0;1m ---[m
[[1;34mINFO[m] Compiling 84 source files to /tmp/v1/gson/target/test-classes
[[1;34mINFO[m] 
[[1;34mINFO[m] [1m--- [0;32mmaven-surefire-plugin:2.12.4:test[m [1m(default-test)[m @ [36mgson[0;1m ---[m
[[1;34mINFO[m] Surefire report directory: /tmp/v1/gson/target/surefire-reports

-------------------------------------------------------
 T E S T S
-------------------------------------------------------
Running com.google.gson.CamelCaseSeparatorNamingPolicyTest
Tests run: 5, Failures: 0, Errors: 0, Skipped: 0, Time elapsed: 0.034 sec
Running com.google.gson.DefaultDateTypeAdapterTest
Tests run: 8, Failures: 0, Errors: 0, Skipped: 0, Time elapsed: 0.057 sec
Running com.google.gson.InnerClassExclusionStrategyTest
Tests run: 4, Failures: 0, Errors: 0, Skipped: 0, Time elapsed: 0.008 sec
Running com.google.gson.UpperCamelCaseSeparatorNamingPolicyTest
Tests run: 5, Failures: 0, Errors: 0, Skipped: 0, Time elapsed: 0.004 sec
Running com.google.gson.GsonTypeAdapterTest
Tests run: 4, Failures: 0, Errors: 0, Skipped: 0, Time elapsed: 0.054 sec
Running com.google.gson.DefaultConstructorAllocatorTest
Tests run: 2, Failures: 0, Errors: 0, Skipped: 0, Time elapsed: 0 sec
Running com.google.gson.JavaFieldNamingPolicyTest
Tests run: 2, Failures: 0, Errors: 0, Skipped: 0, Time elapsed: 0.003 sec
Running com.google.gson.ParameterizedTypeTest
Tests run: 2, Failures: 0, Errors: 0, Skipped: 0, Time elapsed: 0.004 sec
Running com.google.gson.common.TestTypes
Tests run: 0, Failures: 0, Errors: 0, Skipped: 0, Time elapsed: 0 sec
Running com.google.gson.GsonBuilderTest
Tests run: 1, Failures: 0, Errors: 0, Skipped: 0, Time elapsed: 0.001 sec
Running com.google.gson.JsonDeserializerExceptionWrapperTest
Tests run: 3, Failures: 0, Errors: 0, Skipped: 0, Time elapsed: 0.003 sec
Running com.google.gson.reflect.TypeTokenTest
Tests run: 4, Failures: 0, Errors: 0, Skipped: 0, Time elapsed: 0.004 sec
Running com.google.gson.LowerCamelCaseSeparatorNamingPolicyTest
Tests run: 4, Failures: 0, Errors: 0, Skipped: 0, Time elapsed: 0.003 sec
Running com.google.gson.DefaultInetAddressTypeAdapterTest
Tests run: 1, Failures: 0, Errors: 0, Skipped: 0, Time elapsed: 0.004 sec
Running com.google.gson.DisjunctionExclusionStrategyTest
Tests run: 3, Failures: 0, Errors: 0, Skipped: 0, Time elapsed: 0.002 sec
Running com.google.gson.ModifyFirstLetterNamingPolicyTest
Tests run: 8, Failures: 0, Errors: 0, Skipped: 0, Time elapsed: 0.005 sec
Running com.google.gson.ExposeAnnotationExclusionStrategyTest
Tests run: 6, Failures: 0, Errors: 0, Skipped: 0, Time elapsed: 0.012 sec
Running com.google.gson.NullExclusionStrategyTest
Tests run: 2, Failures: 0, Errors: 0, Skipped: 0, Time elapsed: 0.002 sec
Running com.google.gson.FieldAttributesTest
Tests run: 6, Failures: 0, Errors: 0, Skipped: 0, Time elapsed: 0.004 sec
Running com.google.gson.CommentsTest
Tests run: 1, Failures: 0, Errors: 0, Skipped: 0, Time elapsed: 0.002 sec
Running com.google.gson.LowerCaseNamingPolicyTest
Tests run: 3, Failures: 0, Errors: 0, Skipped: 0, Time elapsed: 0.002 sec
Running com.google.gson.MappedObjectConstructorTest
Tests run: 3, Failures: 0, Errors: 0, Skipped: 0, Time elapsed: 0.003 sec
Running com.google.gson.JsonNullTest
Tests run: 1, Failures: 0, Errors: 0, Skipped: 0, Time elapsed: 0.001 sec
Running com.google.gson.MemoryRefStackTest
Tests run: 4, Failures: 0, Errors: 0, Skipped: 0, Time elapsed: 0.002 sec
Running com.google.gson.JsonObjectTest
Tests run: 11, Failures: 0, Errors: 0, Skipped: 0, Time elapsed: 0.007 sec
Running com.google.gson.stream.JsonWriterTest
Tests run: 26, Failures: 0, Errors: 0, Skipped: 0, Time elapsed: 0.022 sec
Running com.google.gson.stream.JsonReaderTest
Tests run: 50, Failures: 0, Errors: 0, Skipped: 0, Time elapsed: 0.031 sec
Running com.google.gson.metrics.PerformanceTest
Tests run: 1, Failures: 0, Errors: 0, Skipped: 0, Time elapsed: 0.001 sec
Running com.google.gson.ParameterizedTypeHandlerMapTest
Jan 08, 2021 6:01:49 AM com.google.gson.ParameterizedTypeHandlerMap register
WARNING: Overriding the existing type handler for class java.lang.String
Jan 08, 2021 6:01:49 AM com.google.gson.ParameterizedTypeHandlerMap registerForTypeHierarchy
WARNING: Overriding the existing type handler for class com.google.gson.common.TestTypes$Base
Tests run: 10, Failures: 0, Errors: 0, Skipped: 0, Time elapsed: 0.01 sec
Running com.google.gson.MixedStreamTest
Tests run: 12, Failures: 0, Errors: 0, Skipped: 0, Time elapsed: 0.014 sec
Running com.google.gson.EscaperTest
Tests run: 16, Failures: 0, Errors: 0, Skipped: 0, Time elapsed: 0.009 sec
Running com.google.gson.DefaultMapJsonSerializerTest
Tests run: 3, Failures: 0, Errors: 0, Skipped: 0, Time elapsed: 0.003 sec
Running com.google.gson.VersionExclusionStrategyTest
Tests run: 4, Failures: 0, Errors: 0, Skipped: 0, Time elapsed: 0.004 sec
Running com.google.gson.UpperCaseNamingPolicyTest
Tests run: 3, Failures: 0, Errors: 0, Skipped: 0, Time elapsed: 0.002 sec
Running com.google.gson.FunctionWithInternalDependenciesTest
Tests run: 1, Failures: 0, Errors: 0, Skipped: 0, Time elapsed: 0 sec
Running com.google.gson.functional.InternationalizationTest
Tests run: 4, Failures: 0, Errors: 0, Skipped: 0, Time elapsed: 0.003 sec
Running com.google.gson.functional.SecurityTest
Tests run: 5, Failures: 0, Errors: 0, Skipped: 0, Time elapsed: 0.008 sec
Running com.google.gson.functional.EnumTest
Tests run: 10, Failures: 0, Errors: 0, Skipped: 0, Time elapsed: 0.012 sec
Running com.google.gson.functional.ObjectTest
Tests run: 42, Failures: 0, Errors: 0, Skipped: 0, Time elapsed: 0.048 sec
Running com.google.gson.functional.FieldExclusionTest
Tests run: 3, Failures: 0, Errors: 0, Skipped: 0, Time elapsed: 0.003 sec
Running com.google.gson.functional.ExposeFieldsTest
Tests run: 8, Failures: 0, Errors: 0, Skipped: 0, Time elapsed: 0.009 sec
Running com.google.gson.functional.ParameterizedTypesTest
Tests run: 17, Failures: 0, Errors: 0, Skipped: 0, Time elapsed: 0.027 sec
Running com.google.gson.functional.PrettyPrintingTest
Tests run: 8, Failures: 0, Errors: 0, Skipped: 0, Time elapsed: 0.009 sec
Running com.google.gson.functional.CustomTypeAdaptersTest
Tests run: 18, Failures: 0, Errors: 0, Skipped: 0, Time elapsed: 0.02 sec
Running com.google.gson.functional.ReadersWritersTest
Tests run: 8, Failures: 0, Errors: 0, Skipped: 0, Time elapsed: 0.007 sec
Running com.google.gson.functional.CircularReferenceTest
Tests run: 6, Failures: 0, Errors: 0, Skipped: 0, Time elapsed: 0.006 sec
Running com.google.gson.functional.CustomDeserializerTest
Tests run: 9, Failures: 0, Errors: 0, Skipped: 0, Time elapsed: 0.011 sec
Running com.google.gson.functional.MoreSpecificTypeSerializationTest
Tests run: 5, Failures: 0, Errors: 0, Skipped: 0, Time elapsed: 0.005 sec
Running com.google.gson.functional.InterfaceTest
Tests run: 2, Failures: 0, Errors: 0, Skipped: 0, Time elapsed: 0.002 sec
Running com.google.gson.functional.TypeVariableTest
Tests run: 3, Failures: 0, Errors: 0, Skipped: 0, Time elapsed: 0.005 sec
Running com.google.gson.functional.ExclusionStrategyFunctionalTest
Tests run: 3, Failures: 0, Errors: 0, Skipped: 0, Time elapsed: 0.004 sec
Running com.google.gson.functional.DefaultTypeAdaptersTest
Tests run: 50, Failures: 8, Errors: 0, Skipped: 0, Time elapsed: 0.053 sec <<< FAILURE!
testDefaultDateSerialization(com.google.gson.functional.DefaultTypeAdaptersTest)  Time elapsed: 0.006 sec  <<< FAILURE!
junit.framework.ComparisonFailure: expected:<"Jan [7, 2021 9:01:49 P]M"> but was:<"Jan [8, 2021 6:01:49 A]M">
	at junit.framework.Assert.assertEquals(Assert.java:81)
	at junit.framework.Assert.assertEquals(Assert.java:87)
	at com.google.gson.functional.DefaultTypeAdaptersTest.__CLR4_4_1pcwu2593(DefaultTypeAdaptersTest.java:247)
	at com.google.gson.functional.DefaultTypeAdaptersTest.testDefaultDateSerialization(DefaultTypeAdaptersTest.java:244)

testDefaultDateDeserialization(com.google.gson.functional.DefaultTypeAdaptersTest)  Time elapsed: 0.001 sec  <<< FAILURE!
junit.framework.AssertionFailedError: expected:<13> but was:<12>
	at junit.framework.Assert.fail(Assert.java:47)
	at junit.framework.Assert.failNotEquals(Assert.java:280)
	at junit.framework.Assert.assertEquals(Assert.java:64)
	at junit.framework.Assert.assertEquals(Assert.java:198)
	at junit.framework.Assert.assertEquals(Assert.java:204)
	at com.google.gson.functional.DefaultTypeAdaptersTest.assertEqualsDate(DefaultTypeAdaptersTest.java:263)
	at com.google.gson.functional.DefaultTypeAdaptersTest.__CLR4_4_1yqs62h597(DefaultTypeAdaptersTest.java:253)
	at com.google.gson.functional.DefaultTypeAdaptersTest.testDefaultDateDeserialization(DefaultTypeAdaptersTest.java:250)

testDefaultJavaSqlDateDeserialization(com.google.gson.functional.DefaultTypeAdaptersTest)  Time elapsed: 0.002 sec  <<< FAILURE!
junit.framework.AssertionFailedError: expected:<3> but was:<2>
	at junit.framework.Assert.fail(Assert.java:47)
	at junit.framework.Assert.failNotEquals(Assert.java:280)
	at junit.framework.Assert.assertEquals(Assert.java:64)
	at junit.framework.Assert.assertEquals(Assert.java:198)
	at junit.framework.Assert.assertEquals(Assert.java:204)
	at com.google.gson.functional.DefaultTypeAdaptersTest.assertEqualsDate(DefaultTypeAdaptersTest.java:263)
	at com.google.gson.functional.DefaultTypeAdaptersTest.__CLR4_4_13jgoad59o(DefaultTypeAdaptersTest.java:282)
	at com.google.gson.functional.DefaultTypeAdaptersTest.testDefaultJavaSqlDateDeserialization(DefaultTypeAdaptersTest.java:279)

testDefaultJavaSqlTimestampSerialization(com.google.gson.functional.DefaultTypeAdaptersTest)  Time elapsed: 0.002 sec  <<< FAILURE!
junit.framework.ComparisonFailure: expected:<"Dec 3, 2009 1[]:18:02 PM"> but was:<"Dec 3, 2009 1[0]:18:02 PM">
	at junit.framework.Assert.assertEquals(Assert.java:81)
	at junit.framework.Assert.assertEquals(Assert.java:87)
	at com.google.gson.functional.DefaultTypeAdaptersTest.__CLR4_4_1ba8tvi59s(DefaultTypeAdaptersTest.java:288)
	at com.google.gson.functional.DefaultTypeAdaptersTest.testDefaultJavaSqlTimestampSerialization(DefaultTypeAdaptersTest.java:285)

testDefaultJavaSqlTimestampDeserialization(com.google.gson.functional.DefaultTypeAdaptersTest)  Time elapsed: 0.002 sec  <<< FAILURE!
junit.framework.AssertionFailedError: expected:<13> but was:<4>
	at junit.framework.Assert.fail(Assert.java:47)
	at junit.framework.Assert.failNotEquals(Assert.java:280)
	at junit.framework.Assert.assertEquals(Assert.java:64)
	at junit.framework.Assert.assertEquals(Assert.java:198)
	at junit.framework.Assert.assertEquals(Assert.java:204)
	at com.google.gson.functional.DefaultTypeAdaptersTest.assertEqualsTime(DefaultTypeAdaptersTest.java:268)
	at com.google.gson.functional.DefaultTypeAdaptersTest.__CLR4_4_1q5eqtf59w(DefaultTypeAdaptersTest.java:295)
	at com.google.gson.functional.DefaultTypeAdaptersTest.testDefaultJavaSqlTimestampDeserialization(DefaultTypeAdaptersTest.java:291)

testDefaultJavaSqlTimeSerialization(com.google.gson.functional.DefaultTypeAdaptersTest)  Time elapsed: 0.002 sec  <<< FAILURE!
junit.framework.ComparisonFailure: expected:<"[01]:18:02 PM"> but was:<"[10]:18:02 PM">
	at junit.framework.Assert.assertEquals(Assert.java:81)
	at junit.framework.Assert.assertEquals(Assert.java:87)
	at com.google.gson.functional.DefaultTypeAdaptersTest.__CLR4_4_14yt6b15a1(DefaultTypeAdaptersTest.java:301)
	at com.google.gson.functional.DefaultTypeAdaptersTest.testDefaultJavaSqlTimeSerialization(DefaultTypeAdaptersTest.java:298)

testDefaultJavaSqlTimeDeserialization(com.google.gson.functional.DefaultTypeAdaptersTest)  Time elapsed: 0.002 sec  <<< FAILURE!
junit.framework.AssertionFailedError: expected:<13> but was:<4>
	at junit.framework.Assert.fail(Assert.java:47)
	at junit.framework.Assert.failNotEquals(Assert.java:280)
	at junit.framework.Assert.assertEquals(Assert.java:64)
	at junit.framework.Assert.assertEquals(Assert.java:198)
	at junit.framework.Assert.assertEquals(Assert.java:204)
	at com.google.gson.functional.DefaultTypeAdaptersTest.assertEqualsTime(DefaultTypeAdaptersTest.java:268)
	at com.google.gson.functional.DefaultTypeAdaptersTest.__CLR4_4_1b9dtkc5a5(DefaultTypeAdaptersTest.java:307)
	at com.google.gson.functional.DefaultTypeAdaptersTest.testDefaultJavaSqlTimeDeserialization(DefaultTypeAdaptersTest.java:304)

testDefaultDateSerializationUsingBuilder(com.google.gson.functional.DefaultTypeAdaptersTest)  Time elapsed: 0.001 sec  <<< FAILURE!
junit.framework.ComparisonFailure: expected:<"Jan [7, 2021 9:01:49 P]M"> but was:<"Jan [8, 2021 6:01:49 A]M">
	at junit.framework.Assert.assertEquals(Assert.java:81)
	at junit.framework.Assert.assertEquals(Assert.java:87)
	at com.google.gson.functional.DefaultTypeAdaptersTest.__CLR4_4_16g7uk15a9(DefaultTypeAdaptersTest.java:314)
	at com.google.gson.functional.DefaultTypeAdaptersTest.testDefaultDateSerializationUsingBuilder(DefaultTypeAdaptersTest.java:310)

Running com.google.gson.functional.NullObjectAndFieldTest
Tests run: 15, Failures: 0, Errors: 0, Skipped: 0, Time elapsed: 0.008 sec
Running com.google.gson.functional.MapAsArrayTypeAdapterTest
Jan 08, 2021 6:01:49 AM com.google.gson.ParameterizedTypeHandlerMap registerForTypeHierarchy
WARNING: Overriding the existing type handler for interface java.util.Map
Jan 08, 2021 6:01:49 AM com.google.gson.ParameterizedTypeHandlerMap registerForTypeHierarchy
WARNING: Overriding the existing type handler for interface java.util.Map
Jan 08, 2021 6:01:49 AM com.google.gson.ParameterizedTypeHandlerMap registerForTypeHierarchy
WARNING: Overriding the existing type handler for interface java.util.Map
Jan 08, 2021 6:01:49 AM com.google.gson.ParameterizedTypeHandlerMap registerForTypeHierarchy
WARNING: Overriding the existing type handler for interface java.util.Map
Jan 08, 2021 6:01:49 AM com.google.gson.ParameterizedTypeHandlerMap registerForTypeHierarchy
WARNING: Overriding the existing type handler for interface java.util.Map
Jan 08, 2021 6:01:49 AM com.google.gson.ParameterizedTypeHandlerMap registerForTypeHierarchy
WARNING: Overriding the existing type handler for interface java.util.Map
Jan 08, 2021 6:01:49 AM com.google.gson.ParameterizedTypeHandlerMap registerForTypeHierarchy
WARNING: Overriding the existing type handler for interface java.util.Map
Jan 08, 2021 6:01:49 AM com.google.gson.ParameterizedTypeHandlerMap registerForTypeHierarchy
WARNING: Overriding the existing type handler for interface java.util.Map
Jan 08, 2021 6:01:49 AM com.google.gson.ParameterizedTypeHandlerMap registerForTypeHierarchy
WARNING: Overriding the existing type handler for interface java.util.Map
Jan 08, 2021 6:01:49 AM com.google.gson.ParameterizedTypeHandlerMap registerForTypeHierarchy
WARNING: Overriding the existing type handler for interface java.util.Map
Tests run: 4, Failures: 0, Errors: 0, Skipped: 0, Time elapsed: 0.011 sec
Running com.google.gson.functional.InstanceCreatorTest
Tests run: 3, Failures: 0, Errors: 0, Skipped: 0, Time elapsed: 0.002 sec
Running com.google.gson.functional.MapTest
Jan 08, 2021 6:01:49 AM com.google.gson.ParameterizedTypeHandlerMap registerForTypeHierarchy
WARNING: Overriding the existing type handler for interface java.util.Map
Jan 08, 2021 6:01:49 AM com.google.gson.ParameterizedTypeHandlerMap registerForTypeHierarchy
WARNING: Overriding the existing type handler for interface java.util.Map
Jan 08, 2021 6:01:49 AM com.google.gson.ParameterizedTypeHandlerMap registerForTypeHierarchy
WARNING: Overriding the existing type handler for interface java.util.Map
Jan 08, 2021 6:01:49 AM com.google.gson.ParameterizedTypeHandlerMap registerForTypeHierarchy
WARNING: Overriding the existing type handler for interface java.util.Map
Tests run: 30, Failures: 0, Errors: 0, Skipped: 0, Time elapsed: 0.03 sec
Running com.google.gson.functional.VersioningTest
Tests run: 10, Failures: 0, Errors: 0, Skipped: 0, Time elapsed: 0.01 sec
Running com.google.gson.functional.InheritanceTest
Tests run: 12, Failures: 0, Errors: 0, Skipped: 0, Time elapsed: 0.011 sec
Running com.google.gson.functional.TypeHierarchyAdapterTest
Tests run: 3, Failures: 0, Errors: 0, Skipped: 0, Time elapsed: 0.005 sec
Running com.google.gson.functional.CustomSerializerTest
Tests run: 5, Failures: 0, Errors: 0, Skipped: 0, Time elapsed: 0.004 sec
Running com.google.gson.functional.EscapingTest
Tests run: 5, Failures: 0, Errors: 0, Skipped: 0, Time elapsed: 0.005 sec
Running com.google.gson.functional.CollectionTest
Tests run: 24, Failures: 0, Errors: 0, Skipped: 0, Time elapsed: 0.025 sec
Running com.google.gson.functional.JsonTreeTest
Tests run: 3, Failures: 0, Errors: 0, Skipped: 0, Time elapsed: 0.003 sec
Running com.google.gson.functional.ArrayTest
Tests run: 27, Failures: 0, Errors: 0, Skipped: 0, Time elapsed: 0.02 sec
Running com.google.gson.functional.PrintFormattingTest
Tests run: 3, Failures: 0, Errors: 0, Skipped: 0, Time elapsed: 0.002 sec
Running com.google.gson.functional.StringTest
Tests run: 19, Failures: 0, Errors: 0, Skipped: 0, Time elapsed: 0.011 sec
Running com.google.gson.functional.UncategorizedTest
Tests run: 6, Failures: 0, Errors: 0, Skipped: 0, Time elapsed: 0.006 sec
Running com.google.gson.functional.JsonParserTest
Tests run: 5, Failures: 0, Errors: 0, Skipped: 0, Time elapsed: 0.003 sec
Running com.google.gson.functional.NamingPolicyTest
Tests run: 13, Failures: 0, Errors: 0, Skipped: 0, Time elapsed: 0.014 sec
Running com.google.gson.functional.ConcurrencyTest
Tests run: 4, Failures: 0, Errors: 0, Skipped: 0, Time elapsed: 0.036 sec
Running com.google.gson.functional.PrimitiveTest
Tests run: 90, Failures: 0, Errors: 0, Skipped: 0, Time elapsed: 0.048 sec
Running com.google.gson.JsonStreamParserTest
Tests run: 4, Failures: 0, Errors: 0, Skipped: 0, Time elapsed: 0.001 sec
Running com.google.gson.LruCacheTest
Tests run: 3, Failures: 0, Errors: 0, Skipped: 0, Time elapsed: 0.002 sec
Running com.google.gson.GenericArrayTypeTest
Tests run: 2, Failures: 0, Errors: 0, Skipped: 0, Time elapsed: 0.002 sec
Running com.google.gson.JsonArrayTest
Tests run: 2, Failures: 0, Errors: 0, Skipped: 0, Time elapsed: 0.001 sec
Running com.google.gson.JsonParserTest
Tests run: 9, Failures: 0, Errors: 0, Skipped: 0, Time elapsed: 0.004 sec
Running com.google.gson.FieldNamingStrategy2AdapterTest
Tests run: 1, Failures: 0, Errors: 0, Skipped: 0, Time elapsed: 0.001 sec
Running com.google.gson.SerializedNameAnnotationInterceptingNamingPolicyTest
Tests run: 2, Failures: 0, Errors: 0, Skipped: 0, Time elapsed: 0.001 sec
Running com.google.gson.JsonPrimitiveTest
Tests run: 22, Failures: 0, Errors: 0, Skipped: 0, Time elapsed: 0.008 sec
Running com.google.gson.LongSerializationPolicyTest
Tests run: 2, Failures: 0, Errors: 0, Skipped: 0, Time elapsed: 0.001 sec

Results :

Failed tests:   testDefaultDateSerialization(com.google.gson.functional.DefaultTypeAdaptersTest): expected:<"Jan [7, 2021 9:01:49 P]M"> but was:<"Jan [8, 2021 6:01:49 A]M">
  testDefaultDateDeserialization(com.google.gson.functional.DefaultTypeAdaptersTest): expected:<13> but was:<12>
  testDefaultJavaSqlDateDeserialization(com.google.gson.functional.DefaultTypeAdaptersTest): expected:<3> but was:<2>
  testDefaultJavaSqlTimestampSerialization(com.google.gson.functional.DefaultTypeAdaptersTest): expected:<"Dec 3, 2009 1[]:18:02 PM"> but was:<"Dec 3, 2009 1[0]:18:02 PM">
  testDefaultJavaSqlTimestampDeserialization(com.google.gson.functional.DefaultTypeAdaptersTest): expected:<13> but was:<4>
  testDefaultJavaSqlTimeSerialization(com.google.gson.functional.DefaultTypeAdaptersTest): expected:<"[01]:18:02 PM"> but was:<"[10]:18:02 PM">
  testDefaultJavaSqlTimeDeserialization(com.google.gson.functional.DefaultTypeAdaptersTest): expected:<13> but was:<4>
  testDefaultDateSerializationUsingBuilder(com.google.gson.functional.DefaultTypeAdaptersTest): expected:<"Jan [7, 2021 9:01:49 P]M"> but was:<"Jan [8, 2021 6:01:49 A]M">

Tests run: 748, Failures: 8, Errors: 0, Skipped: 0

[[1;34mINFO[m] [1m------------------------------------------------------------------------[m
[[1;34mINFO[m] [1;31mBUILD FAILURE[m
[[1;34mINFO[m] [1m------------------------------------------------------------------------[m
[[1;34mINFO[m] Total time:  7.952 s
[[1;34mINFO[m] Finished at: 2021-01-08T06:01:49+01:00
[[1;34mINFO[m] [1m------------------------------------------------------------------------[m
[[1;31mERROR[m] Failed to execute goal [32morg.apache.maven.plugins:maven-surefire-plugin:2.12.4:test[m [1m(default-test)[m on project [36mgson[m: [1;31mThere are test failures.[m
[[1;31mERROR[m] [1;31m[m
[[1;31mERROR[m] [1;31mPlease refer to /tmp/v1/gson/target/surefire-reports for the individual test results.[m
[[1;31mERROR[m] -> [1m[Help 1][m
[[1;31mERROR[m] 
[[1;31mERROR[m] To see the full stack trace of the errors, re-run Maven with the [1m-e[m switch.
[[1;31mERROR[m] Re-run Maven using the [1m-X[m switch to enable full debug logging.
[[1;31mERROR[m] 
[[1;31mERROR[m] For more information about the errors and possible solutions, please read the following articles:
[[1;31mERROR[m] [1m[Help 1][m http://cwiki.apache.org/confluence/display/MAVEN/MojoFailureException
Writing HTML report to '/tmp/v1/gson/target/clover/report'
Done. Processed 8 packages in 2964ms (370ms per package).
[INFO] Computing coverage for /tmp/v2/gson/
[WARN] Maven will be executed in interactive mode, but no input stream has been configured for this MavenInvoker instance.
[[1;34mINFO[m] Scanning for projects...
[[1;34mINFO[m] 
[[1;34mINFO[m] [1m---------------------< [0;36mcom.google.code.gson:gson[0;1m >----------------------[m
[[1;34mINFO[m] [1mBuilding Gson 1.7.2-SNAPSHOT[m
[[1;34mINFO[m] [1m--------------------------------[ jar ]---------------------------------[m
[[1;34mINFO[m] 
[[1;34mINFO[m] [1m--- [0;32mmaven-clean-plugin:2.5:clean[m [1m(default-clean)[m @ [36mgson[0;1m ---[m
[[1;34mINFO[m] Deleting /tmp/v2/gson/target
[[1;34mINFO[m] 
[[1;34mINFO[m] [1m--- [0;32mcobertura-maven-plugin:2.4:clean[m [1m(clean)[m @ [36mgson[0;1m ---[m
[[1;34mINFO[m] 
[[1;34mINFO[m] [1m--- [0;32mclover-maven-plugin:4.4.1:setup[m [1m(default-cli)[m @ [36mgson[0;1m ---[m
[[1;34mINFO[m] OpenClover Version 4.4.1, built on October 11 2019 (build-1020)
[[1;34mINFO[m] Creating new database at '/tmp/v2/gson/target/clover/clover.db'.
[[1;34mINFO[m] Processing files at 1.8 source level.
[[1;34mINFO[m] Clover all over. Instrumented 90 files (5 packages).
[[1;34mINFO[m] OpenClover Version 4.4.1, built on October 11 2019 (build-1020)
[[1;34mINFO[m] Updating existing database at '/tmp/v2/gson/target/clover/clover.db'.
[[1;34mINFO[m] Processing files at 1.8 source level.
[[1;34mINFO[m] Clover all over. Instrumented 84 files (6 packages).
[[1;34mINFO[m] 751 test methods detected.
[[1;34mINFO[m] 
[[1;34mINFO[m] [1m--- [0;32mmaven-enforcer-plugin:1.0-beta-1:enforce[m [1m(enforce-maven)[m @ [36mgson[0;1m ---[m
[[1;34mINFO[m] Skipping Rule Enforcement.
[[1;34mINFO[m] 
[[1;34mINFO[m] [1m--- [0;32mmaven-resources-plugin:2.6:resources[m [1m(default-resources)[m @ [36mgson[0;1m ---[m
[[1;34mINFO[m] Using 'UTF-8' encoding to copy filtered resources.
[[1;34mINFO[m] skip non existing resourceDirectory /tmp/v2/gson/src/main/resources
[[1;34mINFO[m] Copying 1 resource
[[1;34mINFO[m] 
[[1;34mINFO[m] [1m--- [0;32mmaven-compiler-plugin:2.3.2:compile[m [1m(default-compile)[m @ [36mgson[0;1m ---[m
[[1;34mINFO[m] Compiling 90 source files to /tmp/v2/gson/target/classes
[[1;34mINFO[m] 
[[1;34mINFO[m] [1m--- [0;32mmaven-resources-plugin:2.6:testResources[m [1m(default-testResources)[m @ [36mgson[0;1m ---[m
[[1;34mINFO[m] Using 'UTF-8' encoding to copy filtered resources.
[[1;34mINFO[m] skip non existing resourceDirectory /tmp/v2/gson/src/test/resources
[[1;34mINFO[m] 
[[1;34mINFO[m] [1m--- [0;32mmaven-compiler-plugin:2.3.2:testCompile[m [1m(default-testCompile)[m @ [36mgson[0;1m ---[m
[[1;34mINFO[m] Compiling 84 source files to /tmp/v2/gson/target/test-classes
[[1;34mINFO[m] 
[[1;34mINFO[m] [1m--- [0;32mmaven-surefire-plugin:2.12.4:test[m [1m(default-test)[m @ [36mgson[0;1m ---[m
[[1;34mINFO[m] Surefire report directory: /tmp/v2/gson/target/surefire-reports

-------------------------------------------------------
 T E S T S
-------------------------------------------------------
Running com.google.gson.CamelCaseSeparatorNamingPolicyTest
Tests run: 5, Failures: 0, Errors: 0, Skipped: 0, Time elapsed: 0.046 sec
Running com.google.gson.DefaultDateTypeAdapterTest
Tests run: 8, Failures: 0, Errors: 0, Skipped: 0, Time elapsed: 0.062 sec
Running com.google.gson.InnerClassExclusionStrategyTest
Tests run: 4, Failures: 0, Errors: 0, Skipped: 0, Time elapsed: 0.005 sec
Running com.google.gson.UpperCamelCaseSeparatorNamingPolicyTest
Tests run: 5, Failures: 0, Errors: 0, Skipped: 0, Time elapsed: 0.004 sec
Running com.google.gson.GsonTypeAdapterTest
Tests run: 4, Failures: 0, Errors: 0, Skipped: 0, Time elapsed: 0.052 sec
Running com.google.gson.DefaultConstructorAllocatorTest
Tests run: 2, Failures: 0, Errors: 0, Skipped: 0, Time elapsed: 0.002 sec
Running com.google.gson.JavaFieldNamingPolicyTest
Tests run: 2, Failures: 0, Errors: 0, Skipped: 0, Time elapsed: 0.003 sec
Running com.google.gson.ParameterizedTypeTest
Tests run: 2, Failures: 0, Errors: 0, Skipped: 0, Time elapsed: 0.003 sec
Running com.google.gson.common.TestTypes
Tests run: 0, Failures: 0, Errors: 0, Skipped: 0, Time elapsed: 0 sec
Running com.google.gson.GsonBuilderTest
Tests run: 1, Failures: 0, Errors: 0, Skipped: 0, Time elapsed: 0.001 sec
Running com.google.gson.JsonDeserializerExceptionWrapperTest
Tests run: 3, Failures: 0, Errors: 0, Skipped: 0, Time elapsed: 0.003 sec
Running com.google.gson.reflect.TypeTokenTest
Tests run: 4, Failures: 0, Errors: 0, Skipped: 0, Time elapsed: 0.004 sec
Running com.google.gson.LowerCamelCaseSeparatorNamingPolicyTest
Tests run: 4, Failures: 0, Errors: 0, Skipped: 0, Time elapsed: 0.003 sec
Running com.google.gson.DefaultInetAddressTypeAdapterTest
Tests run: 1, Failures: 0, Errors: 0, Skipped: 0, Time elapsed: 0.005 sec
Running com.google.gson.DisjunctionExclusionStrategyTest
Tests run: 3, Failures: 0, Errors: 0, Skipped: 0, Time elapsed: 0.003 sec
Running com.google.gson.ModifyFirstLetterNamingPolicyTest
Tests run: 8, Failures: 0, Errors: 0, Skipped: 0, Time elapsed: 0.005 sec
Running com.google.gson.ExposeAnnotationExclusionStrategyTest
Tests run: 6, Failures: 0, Errors: 0, Skipped: 0, Time elapsed: 0.012 sec
Running com.google.gson.NullExclusionStrategyTest
Tests run: 2, Failures: 0, Errors: 0, Skipped: 0, Time elapsed: 0.001 sec
Running com.google.gson.FieldAttributesTest
Tests run: 6, Failures: 0, Errors: 0, Skipped: 0, Time elapsed: 0.004 sec
Running com.google.gson.CommentsTest
Tests run: 1, Failures: 0, Errors: 0, Skipped: 0, Time elapsed: 0.003 sec
Running com.google.gson.LowerCaseNamingPolicyTest
Tests run: 3, Failures: 0, Errors: 0, Skipped: 0, Time elapsed: 0.001 sec
Running com.google.gson.MappedObjectConstructorTest
Tests run: 3, Failures: 0, Errors: 0, Skipped: 0, Time elapsed: 0.002 sec
Running com.google.gson.JsonNullTest
Tests run: 1, Failures: 0, Errors: 0, Skipped: 0, Time elapsed: 0.002 sec
Running com.google.gson.MemoryRefStackTest
Tests run: 4, Failures: 0, Errors: 0, Skipped: 0, Time elapsed: 0.003 sec
Running com.google.gson.JsonObjectTest
Tests run: 11, Failures: 0, Errors: 0, Skipped: 0, Time elapsed: 0.009 sec
Running com.google.gson.stream.JsonWriterTest
Tests run: 26, Failures: 0, Errors: 0, Skipped: 0, Time elapsed: 0.023 sec
Running com.google.gson.stream.JsonReaderTest
Tests run: 50, Failures: 0, Errors: 0, Skipped: 0, Time elapsed: 0.033 sec
Running com.google.gson.metrics.PerformanceTest
Tests run: 1, Failures: 0, Errors: 0, Skipped: 0, Time elapsed: 0 sec
Running com.google.gson.ParameterizedTypeHandlerMapTest
Jan 08, 2021 6:02:01 AM com.google.gson.ParameterizedTypeHandlerMap register
WARNING: Overriding the existing type handler for class java.lang.String
Jan 08, 2021 6:02:01 AM com.google.gson.ParameterizedTypeHandlerMap registerForTypeHierarchy
WARNING: Overriding the existing type handler for class com.google.gson.common.TestTypes$Base
Tests run: 10, Failures: 0, Errors: 0, Skipped: 0, Time elapsed: 0.011 sec
Running com.google.gson.MixedStreamTest
Tests run: 12, Failures: 0, Errors: 0, Skipped: 0, Time elapsed: 0.014 sec
Running com.google.gson.EscaperTest
Tests run: 16, Failures: 0, Errors: 0, Skipped: 0, Time elapsed: 0.01 sec
Running com.google.gson.DefaultMapJsonSerializerTest
Tests run: 3, Failures: 0, Errors: 0, Skipped: 0, Time elapsed: 0.003 sec
Running com.google.gson.VersionExclusionStrategyTest
Tests run: 4, Failures: 0, Errors: 0, Skipped: 0, Time elapsed: 0.004 sec
Running com.google.gson.UpperCaseNamingPolicyTest
Tests run: 3, Failures: 0, Errors: 0, Skipped: 0, Time elapsed: 0.002 sec
Running com.google.gson.FunctionWithInternalDependenciesTest
Tests run: 1, Failures: 0, Errors: 0, Skipped: 0, Time elapsed: 0.001 sec
Running com.google.gson.functional.InternationalizationTest
Tests run: 4, Failures: 0, Errors: 0, Skipped: 0, Time elapsed: 0.003 sec
Running com.google.gson.functional.SecurityTest
Tests run: 5, Failures: 0, Errors: 0, Skipped: 0, Time elapsed: 0.008 sec
Running com.google.gson.functional.EnumTest
Tests run: 10, Failures: 0, Errors: 0, Skipped: 0, Time elapsed: 0.013 sec
Running com.google.gson.functional.ObjectTest
Tests run: 42, Failures: 0, Errors: 0, Skipped: 0, Time elapsed: 0.049 sec
Running com.google.gson.functional.FieldExclusionTest
Tests run: 3, Failures: 0, Errors: 0, Skipped: 0, Time elapsed: 0.003 sec
Running com.google.gson.functional.ExposeFieldsTest
Tests run: 8, Failures: 0, Errors: 0, Skipped: 0, Time elapsed: 0.008 sec
Running com.google.gson.functional.ParameterizedTypesTest
Tests run: 17, Failures: 0, Errors: 0, Skipped: 0, Time elapsed: 0.028 sec
Running com.google.gson.functional.PrettyPrintingTest
Tests run: 8, Failures: 0, Errors: 0, Skipped: 0, Time elapsed: 0.009 sec
Running com.google.gson.functional.CustomTypeAdaptersTest
Tests run: 18, Failures: 0, Errors: 0, Skipped: 0, Time elapsed: 0.022 sec
Running com.google.gson.functional.ReadersWritersTest
Tests run: 8, Failures: 0, Errors: 0, Skipped: 0, Time elapsed: 0.008 sec
Running com.google.gson.functional.CircularReferenceTest
Tests run: 6, Failures: 0, Errors: 0, Skipped: 0, Time elapsed: 0.007 sec
Running com.google.gson.functional.CustomDeserializerTest
Tests run: 9, Failures: 0, Errors: 0, Skipped: 0, Time elapsed: 0.011 sec
Running com.google.gson.functional.MoreSpecificTypeSerializationTest
Tests run: 6, Failures: 0, Errors: 0, Skipped: 0, Time elapsed: 0.006 sec
Running com.google.gson.functional.InterfaceTest
Tests run: 2, Failures: 0, Errors: 0, Skipped: 0, Time elapsed: 0.002 sec
Running com.google.gson.functional.TypeVariableTest
Tests run: 3, Failures: 0, Errors: 0, Skipped: 0, Time elapsed: 0.006 sec
Running com.google.gson.functional.ExclusionStrategyFunctionalTest
Tests run: 3, Failures: 0, Errors: 0, Skipped: 0, Time elapsed: 0.004 sec
Running com.google.gson.functional.DefaultTypeAdaptersTest
Tests run: 50, Failures: 8, Errors: 0, Skipped: 0, Time elapsed: 0.053 sec <<< FAILURE!
testDefaultDateSerialization(com.google.gson.functional.DefaultTypeAdaptersTest)  Time elapsed: 0.005 sec  <<< FAILURE!
junit.framework.ComparisonFailure: expected:<"Jan [7, 2021 9:02:01 P]M"> but was:<"Jan [8, 2021 6:02:01 A]M">
	at junit.framework.Assert.assertEquals(Assert.java:81)
	at junit.framework.Assert.assertEquals(Assert.java:87)
	at com.google.gson.functional.DefaultTypeAdaptersTest.__CLR4_4_1pcwu2599(DefaultTypeAdaptersTest.java:247)
	at com.google.gson.functional.DefaultTypeAdaptersTest.testDefaultDateSerialization(DefaultTypeAdaptersTest.java:244)

testDefaultDateDeserialization(com.google.gson.functional.DefaultTypeAdaptersTest)  Time elapsed: 0.001 sec  <<< FAILURE!
junit.framework.AssertionFailedError: expected:<13> but was:<12>
	at junit.framework.Assert.fail(Assert.java:47)
	at junit.framework.Assert.failNotEquals(Assert.java:280)
	at junit.framework.Assert.assertEquals(Assert.java:64)
	at junit.framework.Assert.assertEquals(Assert.java:198)
	at junit.framework.Assert.assertEquals(Assert.java:204)
	at com.google.gson.functional.DefaultTypeAdaptersTest.assertEqualsDate(DefaultTypeAdaptersTest.java:263)
	at com.google.gson.functional.DefaultTypeAdaptersTest.__CLR4_4_1yqs62h59d(DefaultTypeAdaptersTest.java:253)
	at com.google.gson.functional.DefaultTypeAdaptersTest.testDefaultDateDeserialization(DefaultTypeAdaptersTest.java:250)

testDefaultJavaSqlDateDeserialization(com.google.gson.functional.DefaultTypeAdaptersTest)  Time elapsed: 0.002 sec  <<< FAILURE!
junit.framework.AssertionFailedError: expected:<3> but was:<2>
	at junit.framework.Assert.fail(Assert.java:47)
	at junit.framework.Assert.failNotEquals(Assert.java:280)
	at junit.framework.Assert.assertEquals(Assert.java:64)
	at junit.framework.Assert.assertEquals(Assert.java:198)
	at junit.framework.Assert.assertEquals(Assert.java:204)
	at com.google.gson.functional.DefaultTypeAdaptersTest.assertEqualsDate(DefaultTypeAdaptersTest.java:263)
	at com.google.gson.functional.DefaultTypeAdaptersTest.__CLR4_4_13jgoad59u(DefaultTypeAdaptersTest.java:282)
	at com.google.gson.functional.DefaultTypeAdaptersTest.testDefaultJavaSqlDateDeserialization(DefaultTypeAdaptersTest.java:279)

testDefaultJavaSqlTimestampSerialization(com.google.gson.functional.DefaultTypeAdaptersTest)  Time elapsed: 0.002 sec  <<< FAILURE!
junit.framework.ComparisonFailure: expected:<"Dec 3, 2009 1[]:18:02 PM"> but was:<"Dec 3, 2009 1[0]:18:02 PM">
	at junit.framework.Assert.assertEquals(Assert.java:81)
	at junit.framework.Assert.assertEquals(Assert.java:87)
	at com.google.gson.functional.DefaultTypeAdaptersTest.__CLR4_4_1ba8tvi59y(DefaultTypeAdaptersTest.java:288)
	at com.google.gson.functional.DefaultTypeAdaptersTest.testDefaultJavaSqlTimestampSerialization(DefaultTypeAdaptersTest.java:285)

testDefaultJavaSqlTimestampDeserialization(com.google.gson.functional.DefaultTypeAdaptersTest)  Time elapsed: 0.002 sec  <<< FAILURE!
junit.framework.AssertionFailedError: expected:<13> but was:<4>
	at junit.framework.Assert.fail(Assert.java:47)
	at junit.framework.Assert.failNotEquals(Assert.java:280)
	at junit.framework.Assert.assertEquals(Assert.java:64)
	at junit.framework.Assert.assertEquals(Assert.java:198)
	at junit.framework.Assert.assertEquals(Assert.java:204)
	at com.google.gson.functional.DefaultTypeAdaptersTest.assertEqualsTime(DefaultTypeAdaptersTest.java:268)
	at com.google.gson.functional.DefaultTypeAdaptersTest.__CLR4_4_1q5eqtf5a2(DefaultTypeAdaptersTest.java:295)
	at com.google.gson.functional.DefaultTypeAdaptersTest.testDefaultJavaSqlTimestampDeserialization(DefaultTypeAdaptersTest.java:291)

testDefaultJavaSqlTimeSerialization(com.google.gson.functional.DefaultTypeAdaptersTest)  Time elapsed: 0.002 sec  <<< FAILURE!
junit.framework.ComparisonFailure: expected:<"[01]:18:02 PM"> but was:<"[10]:18:02 PM">
	at junit.framework.Assert.assertEquals(Assert.java:81)
	at junit.framework.Assert.assertEquals(Assert.java:87)
	at com.google.gson.functional.DefaultTypeAdaptersTest.__CLR4_4_14yt6b15a7(DefaultTypeAdaptersTest.java:301)
	at com.google.gson.functional.DefaultTypeAdaptersTest.testDefaultJavaSqlTimeSerialization(DefaultTypeAdaptersTest.java:298)

testDefaultJavaSqlTimeDeserialization(com.google.gson.functional.DefaultTypeAdaptersTest)  Time elapsed: 0.002 sec  <<< FAILURE!
junit.framework.AssertionFailedError: expected:<13> but was:<4>
	at junit.framework.Assert.fail(Assert.java:47)
	at junit.framework.Assert.failNotEquals(Assert.java:280)
	at junit.framework.Assert.assertEquals(Assert.java:64)
	at junit.framework.Assert.assertEquals(Assert.java:198)
	at junit.framework.Assert.assertEquals(Assert.java:204)
	at com.google.gson.functional.DefaultTypeAdaptersTest.assertEqualsTime(DefaultTypeAdaptersTest.java:268)
	at com.google.gson.functional.DefaultTypeAdaptersTest.__CLR4_4_1b9dtkc5ab(DefaultTypeAdaptersTest.java:307)
	at com.google.gson.functional.DefaultTypeAdaptersTest.testDefaultJavaSqlTimeDeserialization(DefaultTypeAdaptersTest.java:304)

testDefaultDateSerializationUsingBuilder(com.google.gson.functional.DefaultTypeAdaptersTest)  Time elapsed: 0.002 sec  <<< FAILURE!
junit.framework.ComparisonFailure: expected:<"Jan [7, 2021 9:02:01 P]M"> but was:<"Jan [8, 2021 6:02:01 A]M">
	at junit.framework.Assert.assertEquals(Assert.java:81)
	at junit.framework.Assert.assertEquals(Assert.java:87)
	at com.google.gson.functional.DefaultTypeAdaptersTest.__CLR4_4_16g7uk15af(DefaultTypeAdaptersTest.java:314)
	at com.google.gson.functional.DefaultTypeAdaptersTest.testDefaultDateSerializationUsingBuilder(DefaultTypeAdaptersTest.java:310)

Running com.google.gson.functional.NullObjectAndFieldTest
Tests run: 15, Failures: 0, Errors: 0, Skipped: 0, Time elapsed: 0.009 sec
Running com.google.gson.functional.MapAsArrayTypeAdapterTest
Jan 08, 2021 6:02:01 AM com.google.gson.ParameterizedTypeHandlerMap registerForTypeHierarchy
WARNING: Overriding the existing type handler for interface java.util.Map
Jan 08, 2021 6:02:01 AM com.google.gson.ParameterizedTypeHandlerMap registerForTypeHierarchy
WARNING: Overriding the existing type handler for interface java.util.Map
Jan 08, 2021 6:02:01 AM com.google.gson.ParameterizedTypeHandlerMap registerForTypeHierarchy
WARNING: Overriding the existing type handler for interface java.util.Map
Jan 08, 2021 6:02:01 AM com.google.gson.ParameterizedTypeHandlerMap registerForTypeHierarchy
WARNING: Overriding the existing type handler for interface java.util.Map
Jan 08, 2021 6:02:01 AM com.google.gson.ParameterizedTypeHandlerMap registerForTypeHierarchy
WARNING: Overriding the existing type handler for interface java.util.Map
Jan 08, 2021 6:02:01 AM com.google.gson.ParameterizedTypeHandlerMap registerForTypeHierarchy
WARNING: Overriding the existing type handler for interface java.util.Map
Jan 08, 2021 6:02:01 AM com.google.gson.ParameterizedTypeHandlerMap registerForTypeHierarchy
WARNING: Overriding the existing type handler for interface java.util.Map
Jan 08, 2021 6:02:01 AM com.google.gson.ParameterizedTypeHandlerMap registerForTypeHierarchy
WARNING: Overriding the existing type handler for interface java.util.Map
Jan 08, 2021 6:02:01 AM com.google.gson.ParameterizedTypeHandlerMap registerForTypeHierarchy
WARNING: Overriding the existing type handler for interface java.util.Map
Jan 08, 2021 6:02:01 AM com.google.gson.ParameterizedTypeHandlerMap registerForTypeHierarchy
WARNING: Overriding the existing type handler for interface java.util.Map
Tests run: 4, Failures: 0, Errors: 0, Skipped: 0, Time elapsed: 0.011 sec
Running com.google.gson.functional.InstanceCreatorTest
Tests run: 3, Failures: 0, Errors: 0, Skipped: 0, Time elapsed: 0.003 sec
Running com.google.gson.functional.MapTest
Jan 08, 2021 6:02:01 AM com.google.gson.ParameterizedTypeHandlerMap registerForTypeHierarchy
WARNING: Overriding the existing type handler for interface java.util.Map
Jan 08, 2021 6:02:01 AM com.google.gson.ParameterizedTypeHandlerMap registerForTypeHierarchy
WARNING: Overriding the existing type handler for interface java.util.Map
Jan 08, 2021 6:02:01 AM com.google.gson.ParameterizedTypeHandlerMap registerForTypeHierarchy
WARNING: Overriding the existing type handler for interface java.util.Map
Jan 08, 2021 6:02:01 AM com.google.gson.ParameterizedTypeHandlerMap registerForTypeHierarchy
WARNING: Overriding the existing type handler for interface java.util.Map
Jan 08, 2021 6:02:01 AM com.google.gson.ParameterizedTypeHandlerMap registerForTypeHierarchy
WARNING: Overriding the existing type handler for interface java.util.Map
Jan 08, 2021 6:02:01 AM com.google.gson.ParameterizedTypeHandlerMap registerForTypeHierarchy
WARNING: Overriding the existing type handler for interface java.util.Map
Tests run: 31, Failures: 0, Errors: 0, Skipped: 0, Time elapsed: 0.032 sec
Running com.google.gson.functional.VersioningTest
Tests run: 10, Failures: 0, Errors: 0, Skipped: 0, Time elapsed: 0.011 sec
Running com.google.gson.functional.InheritanceTest
Tests run: 12, Failures: 0, Errors: 0, Skipped: 0, Time elapsed: 0.011 sec
Running com.google.gson.functional.TypeHierarchyAdapterTest
Tests run: 3, Failures: 0, Errors: 0, Skipped: 0, Time elapsed: 0.005 sec
Running com.google.gson.functional.CustomSerializerTest
Tests run: 5, Failures: 0, Errors: 0, Skipped: 0, Time elapsed: 0.003 sec
Running com.google.gson.functional.EscapingTest
Tests run: 5, Failures: 0, Errors: 0, Skipped: 0, Time elapsed: 0.005 sec
Running com.google.gson.functional.CollectionTest
Tests run: 24, Failures: 0, Errors: 0, Skipped: 0, Time elapsed: 0.024 sec
Running com.google.gson.functional.JsonTreeTest
Tests run: 3, Failures: 0, Errors: 0, Skipped: 0, Time elapsed: 0.002 sec
Running com.google.gson.functional.ArrayTest
Tests run: 28, Failures: 0, Errors: 0, Skipped: 0, Time elapsed: 0.021 sec
Running com.google.gson.functional.PrintFormattingTest
Tests run: 3, Failures: 0, Errors: 0, Skipped: 0, Time elapsed: 0.002 sec
Running com.google.gson.functional.StringTest
Tests run: 19, Failures: 0, Errors: 0, Skipped: 0, Time elapsed: 0.011 sec
Running com.google.gson.functional.UncategorizedTest
Tests run: 6, Failures: 0, Errors: 0, Skipped: 0, Time elapsed: 0.006 sec
Running com.google.gson.functional.JsonParserTest
Tests run: 5, Failures: 0, Errors: 0, Skipped: 0, Time elapsed: 0.004 sec
Running com.google.gson.functional.NamingPolicyTest
Tests run: 13, Failures: 0, Errors: 0, Skipped: 0, Time elapsed: 0.014 sec
Running com.google.gson.functional.ConcurrencyTest
Tests run: 4, Failures: 0, Errors: 0, Skipped: 0, Time elapsed: 0.033 sec
Running com.google.gson.functional.PrimitiveTest
Tests run: 90, Failures: 0, Errors: 0, Skipped: 0, Time elapsed: 0.05 sec
Running com.google.gson.JsonStreamParserTest
Tests run: 4, Failures: 0, Errors: 0, Skipped: 0, Time elapsed: 0.001 sec
Running com.google.gson.LruCacheTest
Tests run: 3, Failures: 0, Errors: 0, Skipped: 0, Time elapsed: 0.001 sec
Running com.google.gson.GenericArrayTypeTest
Tests run: 2, Failures: 0, Errors: 0, Skipped: 0, Time elapsed: 0.002 sec
Running com.google.gson.JsonArrayTest
Tests run: 2, Failures: 0, Errors: 0, Skipped: 0, Time elapsed: 0.001 sec
Running com.google.gson.JsonParserTest
Tests run: 9, Failures: 0, Errors: 0, Skipped: 0, Time elapsed: 0.004 sec
Running com.google.gson.FieldNamingStrategy2AdapterTest
Tests run: 1, Failures: 0, Errors: 0, Skipped: 0, Time elapsed: 0.001 sec
Running com.google.gson.SerializedNameAnnotationInterceptingNamingPolicyTest
Tests run: 2, Failures: 0, Errors: 0, Skipped: 0, Time elapsed: 0.001 sec
Running com.google.gson.JsonPrimitiveTest
Tests run: 22, Failures: 0, Errors: 0, Skipped: 0, Time elapsed: 0.01 sec
Running com.google.gson.LongSerializationPolicyTest
Tests run: 2, Failures: 0, Errors: 0, Skipped: 0, Time elapsed: 0.001 sec

Results :

Failed tests:   testDefaultDateSerialization(com.google.gson.functional.DefaultTypeAdaptersTest): expected:<"Jan [7, 2021 9:02:01 P]M"> but was:<"Jan [8, 2021 6:02:01 A]M">
  testDefaultDateDeserialization(com.google.gson.functional.DefaultTypeAdaptersTest): expected:<13> but was:<12>
  testDefaultJavaSqlDateDeserialization(com.google.gson.functional.DefaultTypeAdaptersTest): expected:<3> but was:<2>
  testDefaultJavaSqlTimestampSerialization(com.google.gson.functional.DefaultTypeAdaptersTest): expected:<"Dec 3, 2009 1[]:18:02 PM"> but was:<"Dec 3, 2009 1[0]:18:02 PM">
  testDefaultJavaSqlTimestampDeserialization(com.google.gson.functional.DefaultTypeAdaptersTest): expected:<13> but was:<4>
  testDefaultJavaSqlTimeSerialization(com.google.gson.functional.DefaultTypeAdaptersTest): expected:<"[01]:18:02 PM"> but was:<"[10]:18:02 PM">
  testDefaultJavaSqlTimeDeserialization(com.google.gson.functional.DefaultTypeAdaptersTest): expected:<13> but was:<4>
  testDefaultDateSerializationUsingBuilder(com.google.gson.functional.DefaultTypeAdaptersTest): expected:<"Jan [7, 2021 9:02:01 P]M"> but was:<"Jan [8, 2021 6:02:01 A]M">

Tests run: 751, Failures: 8, Errors: 0, Skipped: 0

[[1;34mINFO[m] [1m------------------------------------------------------------------------[m
[[1;34mINFO[m] [1;31mBUILD FAILURE[m
[[1;34mINFO[m] [1m------------------------------------------------------------------------[m
[[1;34mINFO[m] Total time:  7.901 s
[[1;34mINFO[m] Finished at: 2021-01-08T06:02:02+01:00
[[1;34mINFO[m] [1m------------------------------------------------------------------------[m
[[1;31mERROR[m] Failed to execute goal [32morg.apache.maven.plugins:maven-surefire-plugin:2.12.4:test[m [1m(default-test)[m on project [36mgson[m: [1;31mThere are test failures.[m
[[1;31mERROR[m] [1;31m[m
[[1;31mERROR[m] [1;31mPlease refer to /tmp/v2/gson/target/surefire-reports for the individual test results.[m
[[1;31mERROR[m] -> [1m[Help 1][m
[[1;31mERROR[m] 
[[1;31mERROR[m] To see the full stack trace of the errors, re-run Maven with the [1m-e[m switch.
[[1;31mERROR[m] Re-run Maven using the [1m-X[m switch to enable full debug logging.
[[1;31mERROR[m] 
[[1;31mERROR[m] For more information about the errors and possible solutions, please read the following articles:
[[1;31mERROR[m] [1m[Help 1][m http://cwiki.apache.org/confluence/display/MAVEN/MojoFailureException
Writing HTML report to '/tmp/v2/gson/target/clover/report'
Done. Processed 8 packages in 1975ms (246ms per package).
[INFO] /tmp/v1/gson/src/main/java/com/google/gson/DefaultTypeAdapters.java
[INFO] /tmp/v2/gson/src/main/java/com/google/gson/DefaultTypeAdapters.java
[INFO] com.google.gson.DefaultTypeAdapters:[680, 680, 681] are modified.
[INFO] com.google.gson.DefaultTypeAdapters:680 covered.
[INFO] com.google.gson.DefaultTypeAdapters:681 covered.
[INFO] /tmp/v1/gson/src/main/java/com/google/gson/JsonSerializationContextDefault.java
[INFO] /tmp/v2/gson/src/main/java/com/google/gson/JsonSerializationContextDefault.java
[INFO] com.google.gson.JsonSerializationContextDefault:[61, 61, 62] are modified.
[INFO] com.google.gson.JsonSerializationContextDefault:61 covered.
[INFO] com.google.gson.JsonSerializationContextDefault:62 covered.
[INFO] /tmp/v1/gson/src/main/java/com/google/gson/ObjectNavigator.java
[INFO] /tmp/v2/gson/src/main/java/com/google/gson/ObjectNavigator.java
[INFO] com.google.gson.ObjectNavigator:[111] are modified.
[INFO] com.google.gson.ObjectNavigator:111 covered.
[INFO] com.google.gson.ObjectNavigator:[103, 103, 103, 112, 112] are modified.
[INFO] com.google.gson.ObjectNavigator:103 covered.
[INFO] com.google.gson.ObjectNavigator:112 covered.
[INFO] /tmp/v1/gson/src/main/java/com/google/gson/ObjectTypePair.java
[INFO] /tmp/v2/gson/src/main/java/com/google/gson/ObjectTypePair.java
[INFO] com.google.gson.ObjectTypePair:[78] are modified.
[INFO] com.google.gson.ObjectTypePair:78 covered.
[INFO] com.google.gson.ObjectTypePair:[78] are modified.
[INFO] /tmp/v1/gson/src/test/java/com/google/gson/functional/ArrayTest.java
[INFO] /tmp/v2/gson/src/test/java/com/google/gson/functional/ArrayTest.java
[INFO] Build modified Tests /tmp/v2/gson/src/test/java/com/google/gson/functional/ArrayTest.java
[INFO] /tmp/v1/gson/src/test/java/com/google/gson/functional/MapTest.java
[INFO] /tmp/v2/gson/src/test/java/com/google/gson/functional/MapTest.java
[INFO] Build modified Tests /tmp/v2/gson/src/test/java/com/google/gson/functional/MapTest.java
[INFO] /tmp/v1/gson/src/test/java/com/google/gson/functional/MoreSpecificTypeSerializationTest.java
[INFO] /tmp/v2/gson/src/test/java/com/google/gson/functional/MoreSpecificTypeSerializationTest.java
[INFO] Build modified Tests /tmp/v2/gson/src/test/java/com/google/gson/functional/MoreSpecificTypeSerializationTest.java
[INFO] Saving result in /tmp/v1/gson/testsThatExecuteTheChange.csv ...
[INFO] com.google.gson.functional.ArrayTest;testNullsInArrayWithSerializeNullPropertySetSerialization;testArrayOfNullDeserialization;testArrayOfPrimitivesAsObjectsDeserialization;testSingleStringArraySerialization;testArrayOfCollectionSerialization;testArrayOfStringsSerialization;testTopLevelArrayOfIntsSerialization;testArrayOfStringsDeserialization;testSingleNullInArraySerialization;testNullsInArrayDeserialization;testEmptyArraySerialization;testArrayOfObjectsWithoutTypeInfoDeserialization;testArrayOfPrimitivesWithCustomTypeAdapter;testMultiDimenstionalObjectArraysSerialization;testMultidimenstionalArraysSerialization;testMultidimenstionalArraysDeserialization;testEmptyArrayDeserialization;testSingleNullInArrayDeserialization;testArrayOfPrimitivesAsObjectsSerialization;testTopLevelArrayOfIntsDeserialization;testObjectArrayWithNonPrimitivesSerialization;testNullsInArraySerialization;testSingleStringArrayDeserialization;testArrayOfCollectionDeserialization;testArrayOfNullSerialization;testArrayWithoutTypeInfoDeserialization
com.google.gson.functional.CollectionTest;testTopLevelCollectionOfIntegersSerialization;testNullsInListSerialization;testWildcardPrimitiveCollectionSerilaization;testQueueSerialization;testSetSerialization;testCollectionOfStringsSerialization;testRawCollectionSerialization;testWildcardCollectionField;testRawCollectionOfIntegersSerialization;testSetDeserialization;testCollectionOfObjectWithNullSerialization;testFieldIsArrayList;testCollectionOfObjectSerialization;testLinkedListSerialization;testCollectionOfBagOfPrimitivesSerialization
com.google.gson.functional.ObjectTest;testSingletonLists;testInnerClassSerialization;testNullArraysDeserialization;testAnonymousLocalClassesSerialization;testArrayOfArraysDeserialization;testStringFieldWithEmptyValueSerialization;testNullPrimitiveFieldsDeserialization;testClassWithObjectFieldSerialization;testObjectFieldNamesWithoutQuotesDeserialization;testArrayOfArraysSerialization;testClassWithTransientFieldsSerialization;testClassWithNoFieldsSerialization;testStringFieldWithNumberValueDeserialization;testBagOfPrimitiveWrappersDeserialization;testEmptyCollectionInAnObjectSerialization;testPrimitiveArrayFieldSerialization;testArrayOfObjectsAsFields;testBagOfPrimitiveWrappersSerialization;testClassWithTransientFieldsDeserialization;testPrivateNoArgConstructorDeserialization;testBagOfPrimitivesSerialization;testNullObjectFieldsDeserialization;testNestedDeserialization;testNullFieldsSerialization;testClassWithNoFieldsDeserialization;testJsonInMixedQuotesDeserialization;testArrayOfObjectsDeserialization;testClassWithTransientFieldsDeserializationTransientFieldsPassedInJsonAreIgnored;testInnerClassDeserialization;testNullFieldsDeserialization;testPrimitiveArrayInAnObjectDeserialization;testStringFieldWithEmptyValueDeserialization;testEmptyCollectionInAnObjectDeserialization;testBagOfPrimitivesDeserialization;testArrayOfObjectsSerialization;testJsonInSingleQuotesDeserialization;testNestedSerialization
com.google.gson.functional.ParameterizedTypesTest;testVariableTypeFieldsAndGenericArraysSerialization;testParameterizedTypeWithReaderDeserialization;testTypesWithMultipleParametersSerialization;testParameterizedTypeGenericArraysSerialization;testParameterizedTypeWithVariableTypeDeserialization;testVariableTypeArrayDeserialization;testParameterizedTypeWithCustomSerializer;testParameterizedTypeDeserialization;testParameterizedTypeGenericArraysDeserialization;testVariableTypeFieldsAndGenericArraysDeserialization;testVariableTypeDeserialization;testParameterizedTypesWithWriterSerialization;testDeepParameterizedTypeDeserialization;testDeepParameterizedTypeSerialization;testParameterizedTypesSerialization;testTypesWithMultipleParametersDeserialization
com.google.gson.functional.DefaultTypeAdaptersTest;testDefaultDateSerialization;testStringBufferSerialization;testDefaultJavaSqlDateSerialization;testBadValueForBigDecimalDeserialization;testDateSerializationInCollection;testBitSetDeserialization;testDateSerializationWithPattern;testUrlNullSerialization;testLocaleSerializationWithLanguageCountryVariant;testBigDecimalFieldSerialization;testLocaleSerializationWithLanguageCountry;testBitSetSerialization;testUrlSerialization;testPropertiesSerialization;testUrlNullDeserialization;testBigIntegerFieldDeserialization;testUuidSerialization;testDateDeserializationWithPattern;testUriSerialization;testLocaleSerializationWithLanguage;testDefaultCalendarSerialization;testTimestampSerialization;testDefaultDateSerializationUsingBuilder;testDefaultJavaSqlTimestampSerialization;testDefaultGregorianCalendarSerialization;testBigIntegerFieldSerialization;testSetSerialization;testDefaultDateDeserializationUsingBuilder;testBigDecimalFieldDeserialization;testTreeSetSerialization;testSqlDateSerialization;testStringBuilderSerialization;testDefaultJavaSqlTimeSerialization;testDateSerializationWithPatternNotOverridenByTypeAdapter
com.google.gson.functional.CustomTypeAdaptersTest;testCustomTypeAdapterDoesNotAppliesToSubClasses;testCustomTypeAdapterAppliesToSubClassesSerializedAsBaseClass;testCustomAdapterInvokedForMapElementSerializationWithType;testCustomNestedDeserializers;testEnsureCustomSerializerNotInvokedForNullValues;testEnsureCustomDeserializerNotInvokedForNullValues;testCustomAdapterInvokedForCollectionElementSerializationWithType;testCustomAdapterInvokedForMapElementSerialization;testCustomSerializers;testCustomSerializerForLong;testCustomByteArraySerializer;testCustomNestedSerializers;testCustomAdapterInvokedForCollectionElementSerialization;testCustomDeserializerForLong
com.google.gson.functional.TypeVariableTest;testBasicTypeVariables;testAdvancedTypeVariables;testTypeVariablesViaTypeParameter
com.google.gson.functional.InheritanceTest;testSubClassSerialization;testClassWithBaseFieldSerialization;testSubInterfacesOfCollectionDeserialization;testSubInterfacesOfCollectionSerialization;testBaseSerializedAsBaseWhenSpecifiedWithExplicitType;testSubClassDeserialization;testBaseSerializedAsSubWhenSpecifiedWithExplicitTypeForToJsonMethod;testBaseSerializedAsBaseWhenSpecifiedWithExplicitTypeForToJsonMethod;testBaseSerializedAsSubForToJsonMethod;testBaseSerializedAsSubWhenSpecifiedWithExplicitType;testClassWithBaseArrayFieldSerialization;testBaseSerializedAsSub
com.google.gson.functional.EscapingTest;testEscapingQuotesInStringArray;testGsonDoubleDeserialization;testEscapeAllHtmlCharacters;testGsonAcceptsEscapedAndNonEscapedJsonDeserialization;testEscapingObjectFields
com.google.gson.functional.EnumTest;testTopLevelEnumSerialization;testEnumSubclass;testClassWithEnumFieldDeserialization;testEnumSubclassAsParameterizedType;testEnumSubclassWithRegisteredTypeAdapter;testCollectionOfEnumsSerialization;testClassWithEnumFieldSerialization
com.google.gson.functional.PrintFormattingTest;testCompactFormattingLeavesNoWhiteSpace
com.google.gson.functional.CircularReferenceTest;testSelfReferenceArrayFieldSerialization;testDirectedAcyclicGraphDeserialization;testCircularSerialization;testSelfReferenceSerialization;testDirectedAcyclicGraphSerialization;testSelfReferenceCustomHandlerSerialization
com.google.gson.functional.MoreSpecificTypeSerializationTest;testMapOfSubclassFields;testListOfSubclassFields;testListOfParameterizedSubclassFields;testSubclassFields;testMapOfParameterizedSubclassFields;testParameterizedSubclassFields
com.google.gson.functional.PrettyPrintingTest;testEmptyMapField;testPrettyPrintArrayOfObjects;testPrettyPrintArrayOfPrimitiveArrays;testPrettyPrintList;testMultipleArrays;testPrettyPrintListOfPrimitiveArrays;testMap;testPrettyPrintArrayOfPrimitives
com.google.gson.MixedStreamTest;testWriteLenient;testWriteDoesNotMutateState;testReadMixedStreamed;testReaderDoesNotMutateState;testWriteClosed;testWriteMixedStreamed;testWriteHtmlSafe;testWriteInvalidState
com.google.gson.functional.NullObjectAndFieldTest;testExplicitSerializationOfNulls;testExplicitSerializationOfNullStringMembers;testExplicitNullSetsFieldToNullDuringDeserialization;testCustomTypeAdapterPassesNullSerialization;testCustomSerializationOfNulls;testPrintPrintingArraysWithNulls;testPrintPrintingObjectWithNulls;testNullWrappedPrimitiveMemberDeserialization;testNullWrappedPrimitiveMemberSerialization;testExplicitSerializationOfNullArrayMembers;testExplicitDeserializationOfNulls;testExplicitSerializationOfNullCollectionMembers
com.google.gson.functional.PrimitiveTest;testNegativeInfinitySerializationNotSupportedByDefault;testDoubleInfinitySerialization;testBigDecimalInASingleElementArraySerialization;testMoreSpecificSerialization;testFloatNaNSerializationNotSupportedByDefault;testBigDecimalSerialization;testDeserializePrimitiveWrapperAsObjectField;testPrimitiveDoubleAutoboxedInASingleElementArraySerialization;testNumberSerialization;testFloatInfinitySerialization;testDoubleNaNSerialization;testLongAsStringSerialization;testPrimitiveIntegerAutoboxedSerialization;testNegativeInfinityFloatSerialization;testNegativeInfinityFloatSerializationNotSupportedByDefault;testBigIntegerInASingleElementArraySerialization;testPrimitiveIntegerAutoboxedInASingleElementArraySerialization;testHtmlCharacterSerialization;testPrimitiveBooleanAutoboxedSerialization;testReallyLongValuesSerialization;testFloatInfinitySerializationNotSupportedByDefault;testOverridingDefaultPrimitiveSerialization;testNegativeInfinitySerialization;testFloatNaNSerialization;testPrimitiveLongAutoboxedInASingleElementArraySerialization;testPrimitiveBooleanAutoboxedInASingleElementArraySerialization;testPrimitiveLongAutoboxedSerialization;testDoubleInfinitySerializationNotSupportedByDefault;testQuotedStringSerializationAndDeserialization;testSmallValueForBigIntegerSerialization;testPrimitiveDoubleAutoboxedSerialization;testBigIntegerSerialization;testSmallValueForBigDecimalSerialization;testBigDecimalPreservePrecisionSerialization;testDoubleNaNSerializationNotSupportedByDefault
com.google.gson.functional.CustomDeserializerTest;testJsonTypeFieldBasedDeserialization;testCustomDeserializerReturnsNullForArrayElements;testDefaultConstructorNotCalledOnField;testDefaultConstructorNotCalledOnObject;testCustomDeserializerReturnsNull;testCustomDeserializerReturnsNullForPrimitiveFields;testCustomDeserializerReturnsNullForArrayElementsForArrayField
com.google.gson.functional.StringTest;testStringValueAsSingleElementArraySerialization;testStringValueSerialization;testEscapedCtrlNInStringSerialization;testEscapingQuotesInStringSerialization;testEscapedCtrlRInStringSerialization;testSingleQuoteInStringSerialization;testAssignmentCharSerialization;testEscapedBackslashInStringSerialization;testJavascriptKeywordsInStringSerialization
com.google.gson.functional.MapAsArrayTypeAdapterTest;testTwoTypesCollapseToOneSerialize;testMultipleEnableComplexKeyRegistrationHasNoEffect;testSerializeComplexMapWithTypeAdapter
com.google.gson.functional.NamingPolicyTest;testGsonWithNonDefaultFieldNamingPolicyDeserialiation;testGsonWithLowerCaseUnderscorePolicySerialization;testGsonWithLowerCaseDashPolicyDeserialiation;testComplexFieldNameStrategy;testGsonWithUpperCamelCaseSpacesPolicySerialiation;testGsonWithSerializedNameFieldNamingPolicySerialization;testGsonWithNonDefaultFieldNamingPolicySerialization;testGsonWithLowerCaseDashPolicySerialization;testGsonDuplicateNameUsingSerializedNameFieldNamingPolicySerialization;testGsonWithLowerCaseUnderscorePolicyDeserialiation;testDeprecatedNamingStrategy;testGsonWithSerializedNameFieldNamingPolicyDeserialization;testGsonWithUpperCamelCaseSpacesPolicyDeserialiation
com.google.gson.functional.ReadersWritersTest;testWriterForSerialization;testReadWriteTwoStrings;testReadWriteTwoObjects;testReaderForDeserialization
com.google.gson.functional.MapTest;testInterfaceTypeMap;testMapSerializationEmpty;testMapSubclassSerialization;testWriteMapsWithEmptyStringKey;testInterfaceTypeMapWithSerializer;testMapSerializationWithNullValueButSerializeNulls;testMapSerializationWithNullValue;testRawMapSerialization;testMapSerializationWithNullValuesSerialized;testMapSerializationWithIntegerKeys;testMapOfMapSerialization;testMapSerializationWithNullKey;testMapSerializationWithNullValues;testMapSerializationWithWildcardValues;testCustomSerializerForSpecificMapType;testMapWithQuotes;testParameterizedMapSubclassSerialization;testMapSerialization;testSerializeMaps
com.google.gson.functional.CustomSerializerTest;testSerializerReturnsNull;testSubClassSerializerInvokedForBaseClassFieldsHoldingSubClassInstances;testBaseClassSerializerInvokedForBaseClassFieldsHoldingSubClassInstances;testBaseClassSerializerInvokedForBaseClassFields;testSubClassSerializerInvokedForBaseClassFieldsHoldingArrayOfSubClassInstances
com.google.gson.functional.InterfaceTest;testSerializingInterfaceObjectField;testSerializingObjectImplementingInterface
com.google.gson.functional.UncategorizedTest;testInvalidJsonDeserializationFails;testGsonInstanceReusableForSerializationAndDeserialization;testStaticFieldsAreNotSerialized;testObjectEqualButNotSameSerialization
com.google.gson.functional.VersioningTest;testVersionedClassesSerialization;testVersionedClassesDeserialization;testIgnoreLaterVersionClassSerialization;testVersionedGsonMixingSinceAndUntilDeserialization;testVersionedGsonMixingSinceAndUntilSerialization;testVersionedUntilSerialization;testVersionedUntilDeserialization;testVersionedGsonWithUnversionedClassesSerialization;testVersionedGsonWithUnversionedClassesDeserialization
com.google.gson.functional.ConcurrencyTest;testSingleThreadSerialization;testMultiThreadSerialization;testSingleThreadDeserialization;testMultiThreadDeserialization
com.google.gson.functional.JsonTreeTest;testToJsonTreeObjectType;testToJsonTree;testJsonTreeToString
com.google.gson.functional.ExposeFieldsTest;testExposeAnnotationSerialization;testNoExposedFieldSerialization;testNullExposeFieldSerialization;testExposedInterfaceFieldDeserialization;testNoExposedFieldDeserialization;testArrayWithOneNullExposeFieldObjectSerialization;testExposedInterfaceFieldSerialization;testExposeAnnotationDeserialization
com.google.gson.functional.FieldExclusionTest;testDefaultNestedStaticClassIncluded;testDefaultInnerClassExclusion;testInnerClassExclusion
com.google.gson.GsonTypeAdapterTest;testTypeAdapterDoesNotAffectNonAdaptedTypes;testTypeAdapterThrowsException;testTypeAdapterProperlyConvertsTypes
com.google.gson.functional.TypeHierarchyAdapterTest;testRegisterSuperTypeFirst;testTypeHierarchy
com.google.gson.functional.SecurityTest;testNonExecutableJsonDeserialization;testJsonWithNonExectuableTokenWithRegularGsonDeserialization;testNonExecutableJsonSerialization;testJsonWithNonExectuableTokenSerialization;testJsonWithNonExectuableTokenWithConfiguredGsonDeserialization
com.google.gson.functional.InternationalizationTest;testStringsWithUnicodeChineseCharactersSerialization
com.google.gson.functional.ExclusionStrategyFunctionalTest;testExclusionStrategyWithMode;testExclusionStrategySerialization;testExclusionStrategyDeserialization
com.google.gson.DefaultMapJsonSerializerTest;testNonEmptyMapSerialization
com.google.gson.JsonParserTest;testReadWriteTwoObjects
com.google.gson.FunctionWithInternalDependenciesTest;testAnonymousLocalClassesSerialization
com.google.gson.DefaultInetAddressTypeAdapterTest;testInetAddressSerializationAndDeserialization
com.google.gson.functional.InstanceCreatorTest;testInstanceCreatorReturnsBaseType;testInstanceCreatorReturnsSubTypeForField;testInstanceCreatorReturnsSubTypeForTopLevelObject
com.google.gson.functional.JsonParserTest;testBadFieldTypeForCustomDeserializerCustomTree;testBadTypeForDeserializingCustomTree;testChangingCustomTreeAndDeserializing;testDeserializingCustomTree;testBadFieldTypeForDeserializingCustomTree
[INFO] Writing Coverage in /tmp/v1/gson/testsThatExecuteTheChange_coverage.csv
[INFO] com.google.gson.DefaultTypeAdapters;2;2

[INFO] com.google.gson.JsonSerializationContextDefault;2;2

[INFO] com.google.gson.ObjectNavigator;3;3

[INFO] com.google.gson.ObjectTypePair;1;1

[INFO] total;8;8

[INFO] ------------------------------------------------------------------------
[INFO] BUILD SUCCESS
[INFO] ------------------------------------------------------------------------
[INFO] Total time:  27.467 s
[INFO] Finished at: 2021-01-08T06:02:07+01:00
[INFO] ------------------------------------------------------------------------
