[INFO] Scanning for projects...
[WARNING] 
[WARNING] Some problems were encountered while building the effective model for com.google.code.gson:gson:jar:1.2
[WARNING] 'build.plugins.plugin.version' for org.apache.maven.plugins:maven-compiler-plugin is missing. @ line 53, column 15
[WARNING] 'build.plugins.plugin.version' for org.codehaus.mojo:cobertura-maven-plugin is missing. @ line 182, column 15
[WARNING] 'build.plugins.plugin.version' for org.apache.maven.plugins:maven-jar-plugin is missing. @ line 61, column 16
[WARNING] 'build.plugins.plugin.version' for org.apache.maven.plugins:maven-jxr-plugin is missing. @ line 145, column 15
[WARNING] 'build.plugins.plugin.version' for org.apache.maven.plugins:maven-pmd-plugin is missing. @ line 149, column 15
[WARNING] 'build.plugins.plugin.version' for org.codehaus.mojo:taglist-maven-plugin is missing. @ line 170, column 15
[WARNING] 'build.plugins.plugin.version' for org.apache.maven.plugins:maven-checkstyle-plugin is missing. @ line 162, column 15
[WARNING] 'build.plugins.plugin.version' for org.apache.maven.plugins:maven-source-plugin is missing. @ line 73, column 16
[WARNING] 'build.plugins.plugin.version' for org.apache.maven.plugins:maven-javadoc-plugin is missing. @ line 87, column 16
[WARNING] 'build.plugins.plugin.version' for org.apache.maven.plugins:maven-eclipse-plugin is missing. @ line 107, column 16
[WARNING] The expression ${version} is deprecated. Please use ${project.version} instead.
[WARNING] 
[WARNING] It is highly recommended to fix these problems because they threaten the stability of your build.
[WARNING] 
[WARNING] For this reason, future Maven versions might no longer support building such malformed projects.
[WARNING] 
[INFO] 
[INFO] ---------------------< com.google.code.gson:gson >----------------------
[INFO] Building Gson 1.2
[INFO] --------------------------------[ jar ]---------------------------------
[INFO] 
[INFO] --- maven-clean-plugin:2.5:clean (default-clean) @ gson ---
[INFO] Deleting /tmp/v1/gson/target
[INFO] 
[INFO] --- cobertura-maven-plugin:2.7:clean (clean) @ gson ---
[INFO] 
[INFO] --- dspot-diff-test-selection:3.1.1-SNAPSHOT:list (default-cli) @ gson ---
[INFO] Running on:
[INFO] /tmp/v1/gson
[INFO] /tmp/v2/gson/
[WARNING] No path to diff file has been specified.
[WARNING] I'll compute a diff file using the UNIX diff command
[WARNING] You may encounter troubles.
[WARNING] If so, please specify a path to a correct diff file
[WARNING] or implement a new way to compute a diff file.
[INFO] Computing the diff with diff commnd line
[INFO] The diff will be computed between:
[INFO] /tmp/v1/gson/src and 
[INFO] /tmp/v2/gson/src
[INFO] Executing: diff -ru /tmp/v1/gson/src /tmp/v2/gson/src from /tmp/v1/gson/src
[INFO] Running in enhanced mode...
[INFO] Computing coverage for /tmp/v1/gson
[WARN] Maven will be executed in interactive mode, but no input stream has been configured for this MavenInvoker instance.
[[1;34mINFO[m] Scanning for projects...
[[1;33mWARNING[m] 
[[1;33mWARNING[m] Some problems were encountered while building the effective model for com.google.code.gson:gson:jar:1.2
[[1;33mWARNING[m] 'build.plugins.plugin.version' for org.apache.maven.plugins:maven-compiler-plugin is missing. @ line 53, column 15
[[1;33mWARNING[m] 'build.plugins.plugin.version' for org.codehaus.mojo:cobertura-maven-plugin is missing. @ line 182, column 15
[[1;33mWARNING[m] 'build.plugins.plugin.version' for org.apache.maven.plugins:maven-jar-plugin is missing. @ line 61, column 16
[[1;33mWARNING[m] 'build.plugins.plugin.version' for org.apache.maven.plugins:maven-jxr-plugin is missing. @ line 145, column 15
[[1;33mWARNING[m] 'build.plugins.plugin.version' for org.apache.maven.plugins:maven-pmd-plugin is missing. @ line 149, column 15
[[1;33mWARNING[m] 'build.plugins.plugin.version' for org.codehaus.mojo:taglist-maven-plugin is missing. @ line 170, column 15
[[1;33mWARNING[m] 'build.plugins.plugin.version' for org.apache.maven.plugins:maven-checkstyle-plugin is missing. @ line 162, column 15
[[1;33mWARNING[m] 'build.plugins.plugin.version' for org.apache.maven.plugins:maven-source-plugin is missing. @ line 73, column 16
[[1;33mWARNING[m] 'build.plugins.plugin.version' for org.apache.maven.plugins:maven-javadoc-plugin is missing. @ line 87, column 16
[[1;33mWARNING[m] 'build.plugins.plugin.version' for org.apache.maven.plugins:maven-eclipse-plugin is missing. @ line 107, column 16
[[1;33mWARNING[m] The expression ${version} is deprecated. Please use ${project.version} instead.
[[1;33mWARNING[m] 
[[1;33mWARNING[m] It is highly recommended to fix these problems because they threaten the stability of your build.
[[1;33mWARNING[m] 
[[1;33mWARNING[m] For this reason, future Maven versions might no longer support building such malformed projects.
[[1;33mWARNING[m] 
[[1;34mINFO[m] 
[[1;34mINFO[m] [1m---------------------< [0;36mcom.google.code.gson:gson[0;1m >----------------------[m
[[1;34mINFO[m] [1mBuilding Gson 1.2[m
[[1;34mINFO[m] [1m--------------------------------[ jar ]---------------------------------[m
[[1;34mINFO[m] 
[[1;34mINFO[m] [1m--- [0;32mmaven-clean-plugin:2.5:clean[m [1m(default-clean)[m @ [36mgson[0;1m ---[m
[[1;34mINFO[m] 
[[1;34mINFO[m] [1m--- [0;32mcobertura-maven-plugin:2.7:clean[m [1m(clean)[m @ [36mgson[0;1m ---[m
[[1;34mINFO[m] Skipping cobertura execution
[[1;34mINFO[m] 
[[1;34mINFO[m] [1m--- [0;32mclover-maven-plugin:4.4.1:setup[m [1m(default-cli)[m @ [36mgson[0;1m ---[m
[[1;34mINFO[m] OpenClover Version 4.4.1, built on October 11 2019 (build-1020)
[[1;34mINFO[m] Creating new database at '/tmp/v1/gson/target/clover/clover.db'.
[[1;34mINFO[m] Processing files at 1.8 source level.
[[1;34mINFO[m] Clover all over. Instrumented 84 files (3 packages).
[[1;34mINFO[m] OpenClover Version 4.4.1, built on October 11 2019 (build-1020)
[[1;34mINFO[m] Updating existing database at '/tmp/v1/gson/target/clover/clover.db'.
[[1;34mINFO[m] Processing files at 1.8 source level.
[[1;34mINFO[m] Clover all over. Instrumented 54 files (4 packages).
[[1;34mINFO[m] 363 test methods detected.
[[1;34mINFO[m] 
[[1;34mINFO[m] [1m--- [0;32mmaven-resources-plugin:2.6:resources[m [1m(default-resources)[m @ [36mgson[0;1m ---[m
[[1;33mWARNING[m] Using platform encoding (UTF-8 actually) to copy filtered resources, i.e. build is platform dependent!
[[1;34mINFO[m] Copying 1 resource
[[1;34mINFO[m] Copying 1 resource
[[1;34mINFO[m] 
[[1;34mINFO[m] [1m--- [0;32mmaven-compiler-plugin:3.1:compile[m [1m(default-compile)[m @ [36mgson[0;1m ---[m
[[1;34mINFO[m] Changes detected - recompiling the module!
[[1;33mWARNING[m] File encoding has not been set, using platform encoding UTF-8, i.e. build is platform dependent!
[[1;34mINFO[m] Compiling 84 source files to /tmp/v1/gson/target/classes
[[1;33mWARNING[m] /tmp/v1/gson/target/clover/src-instrumented/com/google/gson/JsonParser.java: /tmp/v1/gson/target/clover/src-instrumented/com/google/gson/JsonParser.java uses unchecked or unsafe operations.
[[1;33mWARNING[m] /tmp/v1/gson/target/clover/src-instrumented/com/google/gson/JsonParser.java: Recompile with -Xlint:unchecked for details.
[[1;34mINFO[m] 
[[1;34mINFO[m] [1m--- [0;32mmaven-resources-plugin:2.6:testResources[m [1m(default-testResources)[m @ [36mgson[0;1m ---[m
[[1;33mWARNING[m] Using platform encoding (UTF-8 actually) to copy filtered resources, i.e. build is platform dependent!
[[1;34mINFO[m] skip non existing resourceDirectory /tmp/v1/gson/src/test/resources
[[1;34mINFO[m] 
[[1;34mINFO[m] [1m--- [0;32mmaven-compiler-plugin:3.1:testCompile[m [1m(default-testCompile)[m @ [36mgson[0;1m ---[m
[[1;34mINFO[m] Changes detected - recompiling the module!
[[1;33mWARNING[m] File encoding has not been set, using platform encoding UTF-8, i.e. build is platform dependent!
[[1;34mINFO[m] Compiling 54 source files to /tmp/v1/gson/target/test-classes
[[1;33mWARNING[m] /tmp/v1/gson/target/clover/src-test-instrumented/com/google/gson/functional/DefaultTypeAdaptersTest.java: /tmp/v1/gson/target/clover/src-test-instrumented/com/google/gson/functional/DefaultTypeAdaptersTest.java uses or overrides a deprecated API.
[[1;33mWARNING[m] /tmp/v1/gson/target/clover/src-test-instrumented/com/google/gson/functional/DefaultTypeAdaptersTest.java: Recompile with -Xlint:deprecation for details.
[[1;33mWARNING[m] /tmp/v1/gson/target/clover/src-test-instrumented/com/google/gson/functional/ArrayTest.java: Some input files use unchecked or unsafe operations.
[[1;33mWARNING[m] /tmp/v1/gson/target/clover/src-test-instrumented/com/google/gson/functional/ArrayTest.java: Recompile with -Xlint:unchecked for details.
[[1;34mINFO[m] 
[[1;34mINFO[m] [1m--- [0;32mmaven-surefire-plugin:2.12.4:test[m [1m(default-test)[m @ [36mgson[0;1m ---[m
[[1;34mINFO[m] Surefire report directory: /tmp/v1/gson/target/surefire-reports

-------------------------------------------------------
 T E S T S
-------------------------------------------------------
Running com.google.gson.CamelCaseSeparatorNamingPolicyTest
Tests run: 5, Failures: 0, Errors: 0, Skipped: 0, Time elapsed: 0.037 sec
Running com.google.gson.FunctionalWithInternalDependenciesTest
Tests run: 7, Failures: 0, Errors: 0, Skipped: 0, Time elapsed: 0.09 sec
Running com.google.gson.DefaultDateTypeAdapterTest
Tests run: 3, Failures: 0, Errors: 0, Skipped: 0, Time elapsed: 0.002 sec
Running com.google.gson.GenericArrayTypeImplTest
Tests run: 2, Failures: 0, Errors: 0, Skipped: 0, Time elapsed: 0.004 sec
Running com.google.gson.GsonTypeAdapterTest
Tests run: 4, Failures: 0, Errors: 0, Skipped: 0, Time elapsed: 0.018 sec
Running com.google.gson.JsonFieldNameValidatorTest
Tests run: 10, Failures: 0, Errors: 0, Skipped: 0, Time elapsed: 0.008 sec
Running com.google.gson.JavaFieldNamingPolicyTest
Tests run: 2, Failures: 0, Errors: 0, Skipped: 0, Time elapsed: 0.001 sec
Running com.google.gson.common.TestTypes
Tests run: 0, Failures: 0, Errors: 0, Skipped: 0, Time elapsed: 0 sec
Running com.google.gson.GsonBuilderTest
Tests run: 1, Failures: 0, Errors: 0, Skipped: 0, Time elapsed: 0 sec
Running com.google.gson.JsonDeserializerExceptionWrapperTest
Tests run: 3, Failures: 0, Errors: 0, Skipped: 0, Time elapsed: 0.005 sec
Running com.google.gson.LowerCamelCaseSeparatorNamingPolicyTest
Tests run: 3, Failures: 0, Errors: 0, Skipped: 0, Time elapsed: 0.005 sec
Running com.google.gson.DisjunctionExclusionStrategyTest
Tests run: 3, Failures: 0, Errors: 0, Skipped: 0, Time elapsed: 0.004 sec
Running com.google.gson.ModifyFirstLetterNamingPolicyTest
Tests run: 8, Failures: 0, Errors: 0, Skipped: 0, Time elapsed: 0.008 sec
Running com.google.gson.NullExclusionStrategyTest
Tests run: 2, Failures: 0, Errors: 0, Skipped: 0, Time elapsed: 0.002 sec
Running com.google.gson.JsonSerializerExceptionWrapperTest
Tests run: 3, Failures: 0, Errors: 0, Skipped: 0, Time elapsed: 0.003 sec
Running com.google.gson.TypeInfoMapTest
Tests run: 4, Failures: 0, Errors: 0, Skipped: 0, Time elapsed: 0.004 sec
Running com.google.gson.LowerCaseNamingPolicyTest
Tests run: 3, Failures: 0, Errors: 0, Skipped: 0, Time elapsed: 0.006 sec
Running com.google.gson.TypeInfoFactoryTest
Tests run: 17, Failures: 0, Errors: 0, Skipped: 0, Time elapsed: 0.017 sec
Running com.google.gson.MemoryRefStackTest
Tests run: 4, Failures: 0, Errors: 0, Skipped: 0, Time elapsed: 0.003 sec
Running com.google.gson.PrimitiveTypeAdapterTest
Tests run: 4, Failures: 0, Errors: 0, Skipped: 0, Time elapsed: 0.005 sec
Running com.google.gson.metrics.PerformanceTest
Tests run: 1, Failures: 0, Errors: 0, Skipped: 0, Time elapsed: 0 sec
Running com.google.gson.ParameterizedTypeImplTest
Tests run: 2, Failures: 0, Errors: 0, Skipped: 0, Time elapsed: 0.002 sec
Running com.google.gson.ParameterizedTypeHandlerMapTest
Jan 11, 2021 4:44:20 AM com.google.gson.ParameterizedTypeHandlerMap register
WARNING: Overriding the existing type handler for class java.lang.String
Tests run: 5, Failures: 0, Errors: 0, Skipped: 0, Time elapsed: 0.007 sec
Running com.google.gson.EscaperTest
Tests run: 12, Failures: 0, Errors: 0, Skipped: 0, Time elapsed: 0.006 sec
Running com.google.gson.DefaultMapJsonSerializerTest
Tests run: 2, Failures: 0, Errors: 0, Skipped: 0, Time elapsed: 0.001 sec
Running com.google.gson.VersionExclusionStrategyTest
Tests run: 4, Failures: 0, Errors: 0, Skipped: 0, Time elapsed: 0.007 sec
Running com.google.gson.JsonEscapingVisitorTest
Tests run: 9, Failures: 0, Errors: 0, Skipped: 0, Time elapsed: 0.006 sec
Running com.google.gson.UpperCaseNamingPolicyTest
Tests run: 3, Failures: 0, Errors: 0, Skipped: 0, Time elapsed: 0.002 sec
Running com.google.gson.functional.InternationalizationTest
Tests run: 4, Failures: 0, Errors: 0, Skipped: 0, Time elapsed: 0.004 sec
Running com.google.gson.functional.ObjectTest
Tests run: 42, Failures: 0, Errors: 0, Skipped: 0, Time elapsed: 0.057 sec
Running com.google.gson.functional.ExposeFieldsTest
Tests run: 6, Failures: 0, Errors: 0, Skipped: 0, Time elapsed: 0.006 sec
Running com.google.gson.functional.ParameterizedTypesTest
Tests run: 14, Failures: 0, Errors: 0, Skipped: 0, Time elapsed: 0.025 sec
Running com.google.gson.functional.CustomTypeAdaptersTest
Tests run: 6, Failures: 0, Errors: 2, Skipped: 0, Time elapsed: 0.1 sec <<< FAILURE!
testCustomSerializersOfSelf(com.google.gson.functional.CustomTypeAdaptersTest)  Time elapsed: 0.006 sec  <<< ERROR!
com.google.gson.JsonParseException: The JsonSerializer com.google.gson.functional.CustomTypeAdaptersTest$FooTypeAdapter@3a4afd8d failed to serialized object com.google.gson.functional.CustomTypeAdaptersTest$Foo@3cd1f1c8 given the type class com.google.gson.functional.CustomTypeAdaptersTest$Foo
	at com.google.gson.JsonSerializerExceptionWrapper.serialize(JsonSerializerExceptionWrapper.java:61)
	at com.google.gson.JsonSerializationVisitor.visitUsingCustomHandler(JsonSerializationVisitor.java:189)
	at com.google.gson.ObjectNavigator.accept(ObjectNavigator.java:144)
	at com.google.gson.JsonSerializationContextDefault.serialize(JsonSerializationContextDefault.java:47)
	at com.google.gson.Gson.toJson(Gson.java:273)
	at com.google.gson.Gson.toJson(Gson.java:229)
	at com.google.gson.Gson.toJson(Gson.java:209)
	at com.google.gson.functional.CustomTypeAdaptersTest.__CLR4_4_1nlk4jc4lo(CustomTypeAdaptersTest.java:85)
	at com.google.gson.functional.CustomTypeAdaptersTest.testCustomSerializersOfSelf(CustomTypeAdaptersTest.java:81)
Caused by: java.lang.IllegalStateException: Circular reference found: com.google.gson.functional.CustomTypeAdaptersTest$Foo@3cd1f1c8
	at com.google.gson.ObjectNavigator.accept(ObjectNavigator.java:128)
	at com.google.gson.JsonSerializationContextDefault.serialize(JsonSerializationContextDefault.java:47)
	at com.google.gson.functional.CustomTypeAdaptersTest$FooTypeAdapter.serialize(CustomTypeAdaptersTest.java:153)
	at com.google.gson.functional.CustomTypeAdaptersTest$FooTypeAdapter.serialize(CustomTypeAdaptersTest.java:146)
	at com.google.gson.JsonSerializerExceptionWrapper.serialize(JsonSerializerExceptionWrapper.java:48)
	... 35 more

testCustomDeserializersOfSelf(com.google.gson.functional.CustomTypeAdaptersTest)  Time elapsed: 0.09 sec  <<< ERROR!
com.google.gson.JsonParseException: Failed parsing JSON source: java.io.StringReader@12f40c25 to Json
	at com.google.gson.Gson.fromJson(Gson.java:386)
	at com.google.gson.Gson.fromJson(Gson.java:327)
	at com.google.gson.Gson.fromJson(Gson.java:303)
	at com.google.gson.functional.CustomTypeAdaptersTest.__CLR4_4_16lvlvd4lv(CustomTypeAdaptersTest.java:96)
	at com.google.gson.functional.CustomTypeAdaptersTest.testCustomDeserializersOfSelf(CustomTypeAdaptersTest.java:91)
Caused by: java.lang.StackOverflowError
	at com.google.gson.TypeInfo.<init>(TypeInfo.java:35)
	at com.google.gson.MappedObjectConstructor.getNoArgsConstructor(MappedObjectConstructor.java:84)
	at com.google.gson.MappedObjectConstructor.constructWithNoArgConstructor(MappedObjectConstructor.java:64)
	at com.google.gson.MappedObjectConstructor.construct(MappedObjectConstructor.java:55)
	at com.google.gson.JsonObjectDeserializationVisitor.constructTarget(JsonObjectDeserializationVisitor.java:42)
	at com.google.gson.JsonDeserializationVisitor.getTarget(JsonDeserializationVisitor.java:59)
	at com.google.gson.JsonDeserializationContextDefault.fromJsonObject(JsonDeserializationContextDefault.java:73)
	at com.google.gson.JsonDeserializationContextDefault.deserialize(JsonDeserializationContextDefault.java:47)
	at com.google.gson.functional.CustomTypeAdaptersTest$FooTypeAdapter.deserialize(CustomTypeAdaptersTest.java:149)
	at com.google.gson.functional.CustomTypeAdaptersTest$FooTypeAdapter.deserialize(CustomTypeAdaptersTest.java:146)
	at com.google.gson.JsonDeserializerExceptionWrapper.deserialize(JsonDeserializerExceptionWrapper.java:50)
	at com.google.gson.JsonDeserializationVisitor.visitUsingCustomHandler(JsonDeserializationVisitor.java:83)
	at com.google.gson.ObjectNavigator.accept(ObjectNavigator.java:144)
	at com.google.gson.JsonDeserializationContextDefault.fromJsonObject(JsonDeserializationContextDefault.java:75)
	at com.google.gson.JsonDeserializationContextDefault.deserialize(JsonDeserializationContextDefault.java:47)
	at com.google.gson.functional.CustomTypeAdaptersTest$FooTypeAdapter.deserialize(CustomTypeAdaptersTest.java:149)
	at com.google.gson.functional.CustomTypeAdaptersTest$FooTypeAdapter.deserialize(CustomTypeAdaptersTest.java:146)
	at com.google.gson.JsonDeserializerExceptionWrapper.deserialize(JsonDeserializerExceptionWrapper.java:50)
	at com.google.gson.JsonDeserializationVisitor.visitUsingCustomHandler(JsonDeserializationVisitor.java:83)
	at com.google.gson.ObjectNavigator.accept(ObjectNavigator.java:144)
	at com.google.gson.JsonDeserializationContextDefault.fromJsonObject(JsonDeserializationContextDefault.java:75)
	at com.google.gson.JsonDeserializationContextDefault.deserialize(JsonDeserializationContextDefault.java:47)
	at com.google.gson.functional.CustomTypeAdaptersTest$FooTypeAdapter.deserialize(CustomTypeAdaptersTest.java:149)
	at com.google.gson.functional.CustomTypeAdaptersTest$FooTypeAdapter.deserialize(CustomTypeAdaptersTest.java:146)
	at com.google.gson.JsonDeserializerExceptionWrapper.deserialize(JsonDeserializerExceptionWrapper.java:50)
	at com.google.gson.JsonDeserializationVisitor.visitUsingCustomHandler(JsonDeserializationVisitor.java:83)
	at com.google.gson.ObjectNavigator.accept(ObjectNavigator.java:144)
	at com.google.gson.JsonDeserializationContextDefault.fromJsonObject(JsonDeserializationContextDefault.java:75)
	at com.google.gson.JsonDeserializationContextDefault.deserialize(JsonDeserializationContextDefault.java:47)
	at com.google.gson.functional.CustomTypeAdaptersTest$FooTypeAdapter.deserialize(CustomTypeAdaptersTest.java:149)
	at com.google.gson.functional.CustomTypeAdaptersTest$FooTypeAdapter.deserialize(CustomTypeAdaptersTest.java:146)
	at com.google.gson.JsonDeserializerExceptionWrapper.deserialize(JsonDeserializerExceptionWrapper.java:50)
	at com.google.gson.JsonDeserializationVisitor.visitUsingCustomHandler(JsonDeserializationVisitor.java:83)
	at com.google.gson.ObjectNavigator.accept(ObjectNavigator.java:144)
	at com.google.gson.JsonDeserializationContextDefault.fromJsonObject(JsonDeserializationContextDefault.java:75)
	at com.google.gson.JsonDeserializationContextDefault.deserialize(JsonDeserializationContextDefault.java:47)
	at com.google.gson.functional.CustomTypeAdaptersTest$FooTypeAdapter.deserialize(CustomTypeAdaptersTest.java:149)
	at com.google.gson.functional.CustomTypeAdaptersTest$FooTypeAdapter.deserialize(CustomTypeAdaptersTest.java:146)
	at com.google.gson.JsonDeserializerExceptionWrapper.deserialize(JsonDeserializerExceptionWrapper.java:50)
	at com.google.gson.JsonDeserializationVisitor.visitUsingCustomHandler(JsonDeserializationVisitor.java:83)
	at com.google.gson.ObjectNavigator.accept(ObjectNavigator.java:144)
	at com.google.gson.JsonDeserializationContextDefault.fromJsonObject(JsonDeserializationContextDefault.java:75)
	at com.google.gson.JsonDeserializationContextDefault.deserialize(JsonDeserializationContextDefault.java:47)
	at com.google.gson.functional.CustomTypeAdaptersTest$FooTypeAdapter.deserialize(CustomTypeAdaptersTest.java:149)
	at com.google.gson.functional.CustomTypeAdaptersTest$FooTypeAdapter.deserialize(CustomTypeAdaptersTest.java:146)
	at com.google.gson.JsonDeserializerExceptionWrapper.deserialize(JsonDeserializerExceptionWrapper.java:50)
	at com.google.gson.JsonDeserializationVisitor.visitUsingCustomHandler(JsonDeserializationVisitor.java:83)
	at com.google.gson.ObjectNavigator.accept(ObjectNavigator.java:144)
	at com.google.gson.JsonDeserializationContextDefault.fromJsonObject(JsonDeserializationContextDefault.java:75)
	at com.google.gson.JsonDeserializationContextDefault.deserialize(JsonDeserializationContextDefault.java:47)
	at com.google.gson.functional.CustomTypeAdaptersTest$FooTypeAdapter.deserialize(CustomTypeAdaptersTest.java:149)
	at com.google.gson.functional.CustomTypeAdaptersTest$FooTypeAdapter.deserialize(CustomTypeAdaptersTest.java:146)
	at com.google.gson.JsonDeserializerExceptionWrapper.deserialize(JsonDeserializerExceptionWrapper.java:50)
	at com.google.gson.JsonDeserializationVisitor.visitUsingCustomHandler(JsonDeserializationVisitor.java:83)
	at com.google.gson.ObjectNavigator.accept(ObjectNavigator.java:144)
	at com.google.gson.JsonDeserializationContextDefault.fromJsonObject(JsonDeserializationContextDefault.java:75)
	at com.google.gson.JsonDeserializationContextDefault.deserialize(JsonDeserializationContextDefault.java:47)
	at com.google.gson.functional.CustomTypeAdaptersTest$FooTypeAdapter.deserialize(CustomTypeAdaptersTest.java:149)
	at com.google.gson.functional.CustomTypeAdaptersTest$FooTypeAdapter.deserialize(CustomTypeAdaptersTest.java:146)
	at com.google.gson.JsonDeserializerExceptionWrapper.deserialize(JsonDeserializerExceptionWrapper.java:50)
	at com.google.gson.JsonDeserializationVisitor.visitUsingCustomHandler(JsonDeserializationVisitor.java:83)
	at com.google.gson.ObjectNavigator.accept(ObjectNavigator.java:144)
	at com.google.gson.JsonDeserializationContextDefault.fromJsonObject(JsonDeserializationContextDefault.java:75)
	at com.google.gson.JsonDeserializationContextDefault.deserialize(JsonDeserializationContextDefault.java:47)
	at com.google.gson.functional.CustomTypeAdaptersTest$FooTypeAdapter.deserialize(CustomTypeAdaptersTest.java:149)
	at com.google.gson.functional.CustomTypeAdaptersTest$FooTypeAdapter.deserialize(CustomTypeAdaptersTest.java:146)
	at com.google.gson.JsonDeserializerExceptionWrapper.deserialize(JsonDeserializerExceptionWrapper.java:50)
	at com.google.gson.JsonDeserializationVisitor.visitUsingCustomHandler(JsonDeserializationVisitor.java:83)
	at com.google.gson.ObjectNavigator.accept(ObjectNavigator.java:144)
	at com.google.gson.JsonDeserializationContextDefault.fromJsonObject(JsonDeserializationContextDefault.java:75)
	at com.google.gson.JsonDeserializationContextDefault.deserialize(JsonDeserializationContextDefault.java:47)
	at com.google.gson.functional.CustomTypeAdaptersTest$FooTypeAdapter.deserialize(CustomTypeAdaptersTest.java:149)
	at com.google.gson.functional.CustomTypeAdaptersTest$FooTypeAdapter.deserialize(CustomTypeAdaptersTest.java:146)
	at com.google.gson.JsonDeserializerExceptionWrapper.deserialize(JsonDeserializerExceptionWrapper.java:50)
	at com.google.gson.JsonDeserializationVisitor.visitUsingCustomHandler(JsonDeserializationVisitor.java:83)
	at com.google.gson.ObjectNavigator.accept(ObjectNavigator.java:144)
	at com.google.gson.JsonDeserializationContextDefault.fromJsonObject(JsonDeserializationContextDefault.java:75)
	at com.google.gson.JsonDeserializationContextDefault.deserialize(JsonDeserializationContextDefault.java:47)
	at com.google.gson.functional.CustomTypeAdaptersTest$FooTypeAdapter.deserialize(CustomTypeAdaptersTest.java:149)
	at com.google.gson.functional.CustomTypeAdaptersTest$FooTypeAdapter.deserialize(CustomTypeAdaptersTest.java:146)
	at com.google.gson.JsonDeserializerExceptionWrapper.deserialize(JsonDeserializerExceptionWrapper.java:50)
	at com.google.gson.JsonDeserializationVisitor.visitUsingCustomHandler(JsonDeserializationVisitor.java:83)
	at com.google.gson.ObjectNavigator.accept(ObjectNavigator.java:144)
	at com.google.gson.JsonDeserializationContextDefault.fromJsonObject(JsonDeserializationContextDefault.java:75)
	at com.google.gson.JsonDeserializationContextDefault.deserialize(JsonDeserializationContextDefault.java:47)
	at com.google.gson.functional.CustomTypeAdaptersTest$FooTypeAdapter.deserialize(CustomTypeAdaptersTest.java:149)
	at com.google.gson.functional.CustomTypeAdaptersTest$FooTypeAdapter.deserialize(CustomTypeAdaptersTest.java:146)
	at com.google.gson.JsonDeserializerExceptionWrapper.deserialize(JsonDeserializerExceptionWrapper.java:50)
	at com.google.gson.JsonDeserializationVisitor.visitUsingCustomHandler(JsonDeserializationVisitor.java:83)
	at com.google.gson.ObjectNavigator.accept(ObjectNavigator.java:144)
	at com.google.gson.JsonDeserializationContextDefault.fromJsonObject(JsonDeserializationContextDefault.java:75)
	at com.google.gson.JsonDeserializationContextDefault.deserialize(JsonDeserializationContextDefault.java:47)
	at com.google.gson.functional.CustomTypeAdaptersTest$FooTypeAdapter.deserialize(CustomTypeAdaptersTest.java:149)
	at com.google.gson.functional.CustomTypeAdaptersTest$FooTypeAdapter.deserialize(CustomTypeAdaptersTest.java:146)
	at com.google.gson.JsonDeserializerExceptionWrapper.deserialize(JsonDeserializerExceptionWrapper.java:50)
	at com.google.gson.JsonDeserializationVisitor.visitUsingCustomHandler(JsonDeserializationVisitor.java:83)
	at com.google.gson.ObjectNavigator.accept(ObjectNavigator.java:144)
	at com.google.gson.JsonDeserializationContextDefault.fromJsonObject(JsonDeserializationContextDefault.java:75)
	at com.google.gson.JsonDeserializationContextDefault.deserialize(JsonDeserializationContextDefault.java:47)
	at com.google.gson.functional.CustomTypeAdaptersTest$FooTypeAdapter.deserialize(CustomTypeAdaptersTest.java:149)
	at com.google.gson.functional.CustomTypeAdaptersTest$FooTypeAdapter.deserialize(CustomTypeAdaptersTest.java:146)
	at com.google.gson.JsonDeserializerExceptionWrapper.deserialize(JsonDeserializerExceptionWrapper.java:50)
	at com.google.gson.JsonDeserializationVisitor.visitUsingCustomHandler(JsonDeserializationVisitor.java:83)
	at com.google.gson.ObjectNavigator.accept(ObjectNavigator.java:144)
	at com.google.gson.JsonDeserializationContextDefault.fromJsonObject(JsonDeserializationContextDefault.java:75)
	at com.google.gson.JsonDeserializationContextDefault.deserialize(JsonDeserializationContextDefault.java:47)
	at com.google.gson.functional.CustomTypeAdaptersTest$FooTypeAdapter.deserialize(CustomTypeAdaptersTest.java:149)
	at com.google.gson.functional.CustomTypeAdaptersTest$FooTypeAdapter.deserialize(CustomTypeAdaptersTest.java:146)
	at com.google.gson.JsonDeserializerExceptionWrapper.deserialize(JsonDeserializerExceptionWrapper.java:50)
	at com.google.gson.JsonDeserializationVisitor.visitUsingCustomHandler(JsonDeserializationVisitor.java:83)
	at com.google.gson.ObjectNavigator.accept(ObjectNavigator.java:144)
	at com.google.gson.JsonDeserializationContextDefault.fromJsonObject(JsonDeserializationContextDefault.java:75)
	at com.google.gson.JsonDeserializationContextDefault.deserialize(JsonDeserializationContextDefault.java:47)
	at com.google.gson.functional.CustomTypeAdaptersTest$FooTypeAdapter.deserialize(CustomTypeAdaptersTest.java:149)
	at com.google.gson.functional.CustomTypeAdaptersTest$FooTypeAdapter.deserialize(CustomTypeAdaptersTest.java:146)
	at com.google.gson.JsonDeserializerExceptionWrapper.deserialize(JsonDeserializerExceptionWrapper.java:50)
	at com.google.gson.JsonDeserializationVisitor.visitUsingCustomHandler(JsonDeserializationVisitor.java:83)
	at com.google.gson.ObjectNavigator.accept(ObjectNavigator.java:144)
	at com.google.gson.JsonDeserializationContextDefault.fromJsonObject(JsonDeserializationContextDefault.java:75)
	at com.google.gson.JsonDeserializationContextDefault.deserialize(JsonDeserializationContextDefault.java:47)
	at com.google.gson.functional.CustomTypeAdaptersTest$FooTypeAdapter.deserialize(CustomTypeAdaptersTest.java:149)
	at com.google.gson.functional.CustomTypeAdaptersTest$FooTypeAdapter.deserialize(CustomTypeAdaptersTest.java:146)
	at com.google.gson.JsonDeserializerExceptionWrapper.deserialize(JsonDeserializerExceptionWrapper.java:50)
	at com.google.gson.JsonDeserializationVisitor.visitUsingCustomHandler(JsonDeserializationVisitor.java:83)
	at com.google.gson.ObjectNavigator.accept(ObjectNavigator.java:144)
	at com.google.gson.JsonDeserializationContextDefault.fromJsonObject(JsonDeserializationContextDefault.java:75)
	at com.google.gson.JsonDeserializationContextDefault.deserialize(JsonDeserializationContextDefault.java:47)
	at com.google.gson.functional.CustomTypeAdaptersTest$FooTypeAdapter.deserialize(CustomTypeAdaptersTest.java:149)
	at com.google.gson.functional.CustomTypeAdaptersTest$FooTypeAdapter.deserialize(CustomTypeAdaptersTest.java:146)
	at com.google.gson.JsonDeserializerExceptionWrapper.deserialize(JsonDeserializerExceptionWrapper.java:50)
	at com.google.gson.JsonDeserializationVisitor.visitUsingCustomHandler(JsonDeserializationVisitor.java:83)
	at com.google.gson.ObjectNavigator.accept(ObjectNavigator.java:144)
	at com.google.gson.JsonDeserializationContextDefault.fromJsonObject(JsonDeserializationContextDefault.java:75)
	at com.google.gson.JsonDeserializationContextDefault.deserialize(JsonDeserializationContextDefault.java:47)
	at com.google.gson.functional.CustomTypeAdaptersTest$FooTypeAdapter.deserialize(CustomTypeAdaptersTest.java:149)
	at com.google.gson.functional.CustomTypeAdaptersTest$FooTypeAdapter.deserialize(CustomTypeAdaptersTest.java:146)
	at com.google.gson.JsonDeserializerExceptionWrapper.deserialize(JsonDeserializerExceptionWrapper.java:50)
	at com.google.gson.JsonDeserializationVisitor.visitUsingCustomHandler(JsonDeserializationVisitor.java:83)
	at com.google.gson.ObjectNavigator.accept(ObjectNavigator.java:144)
	at com.google.gson.JsonDeserializationContextDefault.fromJsonObject(JsonDeserializationContextDefault.java:75)
	at com.google.gson.JsonDeserializationContextDefault.deserialize(JsonDeserializationContextDefault.java:47)
	at com.google.gson.functional.CustomTypeAdaptersTest$FooTypeAdapter.deserialize(CustomTypeAdaptersTest.java:149)
	at com.google.gson.functional.CustomTypeAdaptersTest$FooTypeAdapter.deserialize(CustomTypeAdaptersTest.java:146)
	at com.google.gson.JsonDeserializerExceptionWrapper.deserialize(JsonDeserializerExceptionWrapper.java:50)
	at com.google.gson.JsonDeserializationVisitor.visitUsingCustomHandler(JsonDeserializationVisitor.java:83)
	at com.google.gson.ObjectNavigator.accept(ObjectNavigator.java:144)
	at com.google.gson.JsonDeserializationContextDefault.fromJsonObject(JsonDeserializationContextDefault.java:75)
	at com.google.gson.JsonDeserializationContextDefault.deserialize(JsonDeserializationContextDefault.java:47)
	at com.google.gson.functional.CustomTypeAdaptersTest$FooTypeAdapter.deserialize(CustomTypeAdaptersTest.java:149)
	at com.google.gson.functional.CustomTypeAdaptersTest$FooTypeAdapter.deserialize(CustomTypeAdaptersTest.java:146)
	at com.google.gson.JsonDeserializerExceptionWrapper.deserialize(JsonDeserializerExceptionWrapper.java:50)
	at com.google.gson.JsonDeserializationVisitor.visitUsingCustomHandler(JsonDeserializationVisitor.java:83)
	at com.google.gson.ObjectNavigator.accept(ObjectNavigator.java:144)
	at com.google.gson.JsonDeserializationContextDefault.fromJsonObject(JsonDeserializationContextDefault.java:75)
	at com.google.gson.JsonDeserializationContextDefault.deserialize(JsonDeserializationContextDefault.java:47)
	at com.google.gson.functional.CustomTypeAdaptersTest$FooTypeAdapter.deserialize(CustomTypeAdaptersTest.java:149)
	at com.google.gson.functional.CustomTypeAdaptersTest$FooTypeAdapter.deserialize(CustomTypeAdaptersTest.java:146)
	at com.google.gson.JsonDeserializerExceptionWrapper.deserialize(JsonDeserializerExceptionWrapper.java:50)
	at com.google.gson.JsonDeserializationVisitor.visitUsingCustomHandler(JsonDeserializationVisitor.java:83)
	at com.google.gson.ObjectNavigator.accept(ObjectNavigator.java:144)
	at com.google.gson.JsonDeserializationContextDefault.fromJsonObject(JsonDeserializationContextDefault.java:75)
	at com.google.gson.JsonDeserializationContextDefault.deserialize(JsonDeserializationContextDefault.java:47)
	at com.google.gson.functional.CustomTypeAdaptersTest$FooTypeAdapter.deserialize(CustomTypeAdaptersTest.java:149)
	at com.google.gson.functional.CustomTypeAdaptersTest$FooTypeAdapter.deserialize(CustomTypeAdaptersTest.java:146)
	at com.google.gson.JsonDeserializerExceptionWrapper.deserialize(JsonDeserializerExceptionWrapper.java:50)
	at com.google.gson.JsonDeserializationVisitor.visitUsingCustomHandler(JsonDeserializationVisitor.java:83)
	at com.google.gson.ObjectNavigator.accept(ObjectNavigator.java:144)
	at com.google.gson.JsonDeserializationContextDefault.fromJsonObject(JsonDeserializationContextDefault.java:75)
	at com.google.gson.JsonDeserializationContextDefault.deserialize(JsonDeserializationContextDefault.java:47)
	at com.google.gson.functional.CustomTypeAdaptersTest$FooTypeAdapter.deserialize(CustomTypeAdaptersTest.java:149)
	at com.google.gson.functional.CustomTypeAdaptersTest$FooTypeAdapter.deserialize(CustomTypeAdaptersTest.java:146)
	at com.google.gson.JsonDeserializerExceptionWrapper.deserialize(JsonDeserializerExceptionWrapper.java:50)
	at com.google.gson.JsonDeserializationVisitor.visitUsingCustomHandler(JsonDeserializationVisitor.java:83)
	at com.google.gson.ObjectNavigator.accept(ObjectNavigator.java:144)
	at com.google.gson.JsonDeserializationContextDefault.fromJsonObject(JsonDeserializationContextDefault.java:75)
	at com.google.gson.JsonDeserializationContextDefault.deserialize(JsonDeserializationContextDefault.java:47)
	at com.google.gson.functional.CustomTypeAdaptersTest$FooTypeAdapter.deserialize(CustomTypeAdaptersTest.java:149)
	at com.google.gson.functional.CustomTypeAdaptersTest$FooTypeAdapter.deserialize(CustomTypeAdaptersTest.java:146)
	at com.google.gson.JsonDeserializerExceptionWrapper.deserialize(JsonDeserializerExceptionWrapper.java:50)
	at com.google.gson.JsonDeserializationVisitor.visitUsingCustomHandler(JsonDeserializationVisitor.java:83)
	at com.google.gson.ObjectNavigator.accept(ObjectNavigator.java:144)
	at com.google.gson.JsonDeserializationContextDefault.fromJsonObject(JsonDeserializationContextDefault.java:75)
	at com.google.gson.JsonDeserializationContextDefault.deserialize(JsonDeserializationContextDefault.java:47)
	at com.google.gson.functional.CustomTypeAdaptersTest$FooTypeAdapter.deserialize(CustomTypeAdaptersTest.java:149)
	at com.google.gson.functional.CustomTypeAdaptersTest$FooTypeAdapter.deserialize(CustomTypeAdaptersTest.java:146)
	at com.google.gson.JsonDeserializerExceptionWrapper.deserialize(JsonDeserializerExceptionWrapper.java:50)
	at com.google.gson.JsonDeserializationVisitor.visitUsingCustomHandler(JsonDeserializationVisitor.java:83)
	at com.google.gson.ObjectNavigator.accept(ObjectNavigator.java:144)
	at com.google.gson.JsonDeserializationContextDefault.fromJsonObject(JsonDeserializationContextDefault.java:75)
	at com.google.gson.JsonDeserializationContextDefault.deserialize(JsonDeserializationContextDefault.java:47)
	at com.google.gson.functional.CustomTypeAdaptersTest$FooTypeAdapter.deserialize(CustomTypeAdaptersTest.java:149)
	at com.google.gson.functional.CustomTypeAdaptersTest$FooTypeAdapter.deserialize(CustomTypeAdaptersTest.java:146)
	at com.google.gson.JsonDeserializerExceptionWrapper.deserialize(JsonDeserializerExceptionWrapper.java:50)
	at com.google.gson.JsonDeserializationVisitor.visitUsingCustomHandler(JsonDeserializationVisitor.java:83)
	at com.google.gson.ObjectNavigator.accept(ObjectNavigator.java:144)
	at com.google.gson.JsonDeserializationContextDefault.fromJsonObject(JsonDeserializationContextDefault.java:75)
	at com.google.gson.JsonDeserializationContextDefault.deserialize(JsonDeserializationContextDefault.java:47)
	at com.google.gson.functional.CustomTypeAdaptersTest$FooTypeAdapter.deserialize(CustomTypeAdaptersTest.java:149)
	at com.google.gson.functional.CustomTypeAdaptersTest$FooTypeAdapter.deserialize(CustomTypeAdaptersTest.java:146)
	at com.google.gson.JsonDeserializerExceptionWrapper.deserialize(JsonDeserializerExceptionWrapper.java:50)
	at com.google.gson.JsonDeserializationVisitor.visitUsingCustomHandler(JsonDeserializationVisitor.java:83)
	at com.google.gson.ObjectNavigator.accept(ObjectNavigator.java:144)
	at com.google.gson.JsonDeserializationContextDefault.fromJsonObject(JsonDeserializationContextDefault.java:75)
	at com.google.gson.JsonDeserializationContextDefault.deserialize(JsonDeserializationContextDefault.java:47)
	at com.google.gson.functional.CustomTypeAdaptersTest$FooTypeAdapter.deserialize(CustomTypeAdaptersTest.java:149)
	at com.google.gson.functional.CustomTypeAdaptersTest$FooTypeAdapter.deserialize(CustomTypeAdaptersTest.java:146)
	at com.google.gson.JsonDeserializerExceptionWrapper.deserialize(JsonDeserializerExceptionWrapper.java:50)
	at com.google.gson.JsonDeserializationVisitor.visitUsingCustomHandler(JsonDeserializationVisitor.java:83)
	at com.google.gson.ObjectNavigator.accept(ObjectNavigator.java:144)
	at com.google.gson.JsonDeserializationContextDefault.fromJsonObject(JsonDeserializationContextDefault.java:75)
	at com.google.gson.JsonDeserializationContextDefault.deserialize(JsonDeserializationContextDefault.java:47)
	at com.google.gson.functional.CustomTypeAdaptersTest$FooTypeAdapter.deserialize(CustomTypeAdaptersTest.java:149)
	at com.google.gson.functional.CustomTypeAdaptersTest$FooTypeAdapter.deserialize(CustomTypeAdaptersTest.java:146)
	at com.google.gson.JsonDeserializerExceptionWrapper.deserialize(JsonDeserializerExceptionWrapper.java:50)
	at com.google.gson.JsonDeserializationVisitor.visitUsingCustomHandler(JsonDeserializationVisitor.java:83)
	at com.google.gson.ObjectNavigator.accept(ObjectNavigator.java:144)
	at com.google.gson.JsonDeserializationContextDefault.fromJsonObject(JsonDeserializationContextDefault.java:75)
	at com.google.gson.JsonDeserializationContextDefault.deserialize(JsonDeserializationContextDefault.java:47)
	at com.google.gson.functional.CustomTypeAdaptersTest$FooTypeAdapter.deserialize(CustomTypeAdaptersTest.java:149)
	at com.google.gson.functional.CustomTypeAdaptersTest$FooTypeAdapter.deserialize(CustomTypeAdaptersTest.java:146)
	at com.google.gson.JsonDeserializerExceptionWrapper.deserialize(JsonDeserializerExceptionWrapper.java:50)
	at com.google.gson.JsonDeserializationVisitor.visitUsingCustomHandler(JsonDeserializationVisitor.java:83)
	at com.google.gson.ObjectNavigator.accept(ObjectNavigator.java:144)
	at com.google.gson.JsonDeserializationContextDefault.fromJsonObject(JsonDeserializationContextDefault.java:75)
	at com.google.gson.JsonDeserializationContextDefault.deserialize(JsonDeserializationContextDefault.java:47)
	at com.google.gson.functional.CustomTypeAdaptersTest$FooTypeAdapter.deserialize(CustomTypeAdaptersTest.java:149)
	at com.google.gson.functional.CustomTypeAdaptersTest$FooTypeAdapter.deserialize(CustomTypeAdaptersTest.java:146)
	at com.google.gson.JsonDeserializerExceptionWrapper.deserialize(JsonDeserializerExceptionWrapper.java:50)
	at com.google.gson.JsonDeserializationVisitor.visitUsingCustomHandler(JsonDeserializationVisitor.java:83)
	at com.google.gson.ObjectNavigator.accept(ObjectNavigator.java:144)
	at com.google.gson.JsonDeserializationContextDefault.fromJsonObject(JsonDeserializationContextDefault.java:75)
	at com.google.gson.JsonDeserializationContextDefault.deserialize(JsonDeserializationContextDefault.java:47)
	at com.google.gson.functional.CustomTypeAdaptersTest$FooTypeAdapter.deserialize(CustomTypeAdaptersTest.java:149)
	at com.google.gson.functional.CustomTypeAdaptersTest$FooTypeAdapter.deserialize(CustomTypeAdaptersTest.java:146)
	at com.google.gson.JsonDeserializerExceptionWrapper.deserialize(JsonDeserializerExceptionWrapper.java:50)
	at com.google.gson.JsonDeserializationVisitor.visitUsingCustomHandler(JsonDeserializationVisitor.java:83)
	at com.google.gson.ObjectNavigator.accept(ObjectNavigator.java:144)
	at com.google.gson.JsonDeserializationContextDefault.fromJsonObject(JsonDeserializationContextDefault.java:75)
	at com.google.gson.JsonDeserializationContextDefault.deserialize(JsonDeserializationContextDefault.java:47)
	at com.google.gson.functional.CustomTypeAdaptersTest$FooTypeAdapter.deserialize(CustomTypeAdaptersTest.java:149)
	at com.google.gson.functional.CustomTypeAdaptersTest$FooTypeAdapter.deserialize(CustomTypeAdaptersTest.java:146)
	at com.google.gson.JsonDeserializerExceptionWrapper.deserialize(JsonDeserializerExceptionWrapper.java:50)
	at com.google.gson.JsonDeserializationVisitor.visitUsingCustomHandler(JsonDeserializationVisitor.java:83)
	at com.google.gson.ObjectNavigator.accept(ObjectNavigator.java:144)
	at com.google.gson.JsonDeserializationContextDefault.fromJsonObject(JsonDeserializationContextDefault.java:75)
	at com.google.gson.JsonDeserializationContextDefault.deserialize(JsonDeserializationContextDefault.java:47)
	at com.google.gson.functional.CustomTypeAdaptersTest$FooTypeAdapter.deserialize(CustomTypeAdaptersTest.java:149)
	at com.google.gson.functional.CustomTypeAdaptersTest$FooTypeAdapter.deserialize(CustomTypeAdaptersTest.java:146)
	at com.google.gson.JsonDeserializerExceptionWrapper.deserialize(JsonDeserializerExceptionWrapper.java:50)
	at com.google.gson.JsonDeserializationVisitor.visitUsingCustomHandler(JsonDeserializationVisitor.java:83)
	at com.google.gson.ObjectNavigator.accept(ObjectNavigator.java:144)
	at com.google.gson.JsonDeserializationContextDefault.fromJsonObject(JsonDeserializationContextDefault.java:75)
	at com.google.gson.JsonDeserializationContextDefault.deserialize(JsonDeserializationContextDefault.java:47)
	at com.google.gson.functional.CustomTypeAdaptersTest$FooTypeAdapter.deserialize(CustomTypeAdaptersTest.java:149)
	at com.google.gson.functional.CustomTypeAdaptersTest$FooTypeAdapter.deserialize(CustomTypeAdaptersTest.java:146)
	at com.google.gson.JsonDeserializerExceptionWrapper.deserialize(JsonDeserializerExceptionWrapper.java:50)
	at com.google.gson.JsonDeserializationVisitor.visitUsingCustomHandler(JsonDeserializationVisitor.java:83)
	at com.google.gson.ObjectNavigator.accept(ObjectNavigator.java:144)
	at com.google.gson.JsonDeserializationContextDefault.fromJsonObject(JsonDeserializationContextDefault.java:75)
	at com.google.gson.JsonDeserializationContextDefault.deserialize(JsonDeserializationContextDefault.java:47)
	at com.google.gson.functional.CustomTypeAdaptersTest$FooTypeAdapter.deserialize(CustomTypeAdaptersTest.java:149)
	at com.google.gson.functional.CustomTypeAdaptersTest$FooTypeAdapter.deserialize(CustomTypeAdaptersTest.java:146)
	at com.google.gson.JsonDeserializerExceptionWrapper.deserialize(JsonDeserializerExceptionWrapper.java:50)
	at com.google.gson.JsonDeserializationVisitor.visitUsingCustomHandler(JsonDeserializationVisitor.java:83)
	at com.google.gson.ObjectNavigator.accept(ObjectNavigator.java:144)
	at com.google.gson.JsonDeserializationContextDefault.fromJsonObject(JsonDeserializationContextDefault.java:75)
	at com.google.gson.JsonDeserializationContextDefault.deserialize(JsonDeserializationContextDefault.java:47)
	at com.google.gson.functional.CustomTypeAdaptersTest$FooTypeAdapter.deserialize(CustomTypeAdaptersTest.java:149)
	at com.google.gson.functional.CustomTypeAdaptersTest$FooTypeAdapter.deserialize(CustomTypeAdaptersTest.java:146)
	at com.google.gson.JsonDeserializerExceptionWrapper.deserialize(JsonDeserializerExceptionWrapper.java:50)
	at com.google.gson.JsonDeserializationVisitor.visitUsingCustomHandler(JsonDeserializationVisitor.java:83)
	at com.google.gson.ObjectNavigator.accept(ObjectNavigator.java:144)
	at com.google.gson.JsonDeserializationContextDefault.fromJsonObject(JsonDeserializationContextDefault.java:75)
	at com.google.gson.JsonDeserializationContextDefault.deserialize(JsonDeserializationContextDefault.java:47)
	at com.google.gson.functional.CustomTypeAdaptersTest$FooTypeAdapter.deserialize(CustomTypeAdaptersTest.java:149)
	at com.google.gson.functional.CustomTypeAdaptersTest$FooTypeAdapter.deserialize(CustomTypeAdaptersTest.java:146)
	at com.google.gson.JsonDeserializerExceptionWrapper.deserialize(JsonDeserializerExceptionWrapper.java:50)
	at com.google.gson.JsonDeserializationVisitor.visitUsingCustomHandler(JsonDeserializationVisitor.java:83)
	at com.google.gson.ObjectNavigator.accept(ObjectNavigator.java:144)
	at com.google.gson.JsonDeserializationContextDefault.fromJsonObject(JsonDeserializationContextDefault.java:75)
	at com.google.gson.JsonDeserializationContextDefault.deserialize(JsonDeserializationContextDefault.java:47)
	at com.google.gson.functional.CustomTypeAdaptersTest$FooTypeAdapter.deserialize(CustomTypeAdaptersTest.java:149)
	at com.google.gson.functional.CustomTypeAdaptersTest$FooTypeAdapter.deserialize(CustomTypeAdaptersTest.java:146)
	at com.google.gson.JsonDeserializerExceptionWrapper.deserialize(JsonDeserializerExceptionWrapper.java:50)
	at com.google.gson.JsonDeserializationVisitor.visitUsingCustomHandler(JsonDeserializationVisitor.java:83)
	at com.google.gson.ObjectNavigator.accept(ObjectNavigator.java:144)
	at com.google.gson.JsonDeserializationContextDefault.fromJsonObject(JsonDeserializationContextDefault.java:75)
	at com.google.gson.JsonDeserializationContextDefault.deserialize(JsonDeserializationContextDefault.java:47)
	at com.google.gson.functional.CustomTypeAdaptersTest$FooTypeAdapter.deserialize(CustomTypeAdaptersTest.java:149)
	at com.google.gson.functional.CustomTypeAdaptersTest$FooTypeAdapter.deserialize(CustomTypeAdaptersTest.java:146)
	at com.google.gson.JsonDeserializerExceptionWrapper.deserialize(JsonDeserializerExceptionWrapper.java:50)
	at com.google.gson.JsonDeserializationVisitor.visitUsingCustomHandler(JsonDeserializationVisitor.java:83)
	at com.google.gson.ObjectNavigator.accept(ObjectNavigator.java:144)
	at com.google.gson.JsonDeserializationContextDefault.fromJsonObject(JsonDeserializationContextDefault.java:75)
	at com.google.gson.JsonDeserializationContextDefault.deserialize(JsonDeserializationContextDefault.java:47)
	at com.google.gson.functional.CustomTypeAdaptersTest$FooTypeAdapter.deserialize(CustomTypeAdaptersTest.java:149)
	at com.google.gson.functional.CustomTypeAdaptersTest$FooTypeAdapter.deserialize(CustomTypeAdaptersTest.java:146)
	at com.google.gson.JsonDeserializerExceptionWrapper.deserialize(JsonDeserializerExceptionWrapper.java:50)
	at com.google.gson.JsonDeserializationVisitor.visitUsingCustomHandler(JsonDeserializationVisitor.java:83)
	at com.google.gson.ObjectNavigator.accept(ObjectNavigator.java:144)
	at com.google.gson.JsonDeserializationContextDefault.fromJsonObject(JsonDeserializationContextDefault.java:75)
	at com.google.gson.JsonDeserializationContextDefault.deserialize(JsonDeserializationContextDefault.java:47)
	at com.google.gson.functional.CustomTypeAdaptersTest$FooTypeAdapter.deserialize(CustomTypeAdaptersTest.java:149)
	at com.google.gson.functional.CustomTypeAdaptersTest$FooTypeAdapter.deserialize(CustomTypeAdaptersTest.java:146)
	at com.google.gson.JsonDeserializerExceptionWrapper.deserialize(JsonDeserializerExceptionWrapper.java:50)
	at com.google.gson.JsonDeserializationVisitor.visitUsingCustomHandler(JsonDeserializationVisitor.java:83)
	at com.google.gson.ObjectNavigator.accept(ObjectNavigator.java:144)
	at com.google.gson.JsonDeserializationContextDefault.fromJsonObject(JsonDeserializationContextDefault.java:75)
	at com.google.gson.JsonDeserializationContextDefault.deserialize(JsonDeserializationContextDefault.java:47)
	at com.google.gson.functional.CustomTypeAdaptersTest$FooTypeAdapter.deserialize(CustomTypeAdaptersTest.java:149)
	at com.google.gson.functional.CustomTypeAdaptersTest$FooTypeAdapter.deserialize(CustomTypeAdaptersTest.java:146)
	at com.google.gson.JsonDeserializerExceptionWrapper.deserialize(JsonDeserializerExceptionWrapper.java:50)
	at com.google.gson.JsonDeserializationVisitor.visitUsingCustomHandler(JsonDeserializationVisitor.java:83)
	at com.google.gson.ObjectNavigator.accept(ObjectNavigator.java:144)
	at com.google.gson.JsonDeserializationContextDefault.fromJsonObject(JsonDeserializationContextDefault.java:75)
	at com.google.gson.JsonDeserializationContextDefault.deserialize(JsonDeserializationContextDefault.java:47)
	at com.google.gson.functional.CustomTypeAdaptersTest$FooTypeAdapter.deserialize(CustomTypeAdaptersTest.java:149)
	at com.google.gson.functional.CustomTypeAdaptersTest$FooTypeAdapter.deserialize(CustomTypeAdaptersTest.java:146)
	at com.google.gson.JsonDeserializerExceptionWrapper.deserialize(JsonDeserializerExceptionWrapper.java:50)
	at com.google.gson.JsonDeserializationVisitor.visitUsingCustomHandler(JsonDeserializationVisitor.java:83)
	at com.google.gson.ObjectNavigator.accept(ObjectNavigator.java:144)
	at com.google.gson.JsonDeserializationContextDefault.fromJsonObject(JsonDeserializationContextDefault.java:75)
	at com.google.gson.JsonDeserializationContextDefault.deserialize(JsonDeserializationContextDefault.java:47)
	at com.google.gson.functional.CustomTypeAdaptersTest$FooTypeAdapter.deserialize(CustomTypeAdaptersTest.java:149)
	at com.google.gson.functional.CustomTypeAdaptersTest$FooTypeAdapter.deserialize(CustomTypeAdaptersTest.java:146)
	at com.google.gson.JsonDeserializerExceptionWrapper.deserialize(JsonDeserializerExceptionWrapper.java:50)
	at com.google.gson.JsonDeserializationVisitor.visitUsingCustomHandler(JsonDeserializationVisitor.java:83)
	at com.google.gson.ObjectNavigator.accept(ObjectNavigator.java:144)
	at com.google.gson.JsonDeserializationContextDefault.fromJsonObject(JsonDeserializationContextDefault.java:75)
	at com.google.gson.JsonDeserializationContextDefault.deserialize(JsonDeserializationContextDefault.java:47)
	at com.google.gson.functional.CustomTypeAdaptersTest$FooTypeAdapter.deserialize(CustomTypeAdaptersTest.java:149)
	at com.google.gson.functional.CustomTypeAdaptersTest$FooTypeAdapter.deserialize(CustomTypeAdaptersTest.java:146)
	at com.google.gson.JsonDeserializerExceptionWrapper.deserialize(JsonDeserializerExceptionWrapper.java:50)
	at com.google.gson.JsonDeserializationVisitor.visitUsingCustomHandler(JsonDeserializationVisitor.java:83)
	at com.google.gson.ObjectNavigator.accept(ObjectNavigator.java:144)
	at com.google.gson.JsonDeserializationContextDefault.fromJsonObject(JsonDeserializationContextDefault.java:75)
	at com.google.gson.JsonDeserializationContextDefault.deserialize(JsonDeserializationContextDefault.java:47)
	at com.google.gson.functional.CustomTypeAdaptersTest$FooTypeAdapter.deserialize(CustomTypeAdaptersTest.java:149)
	at com.google.gson.functional.CustomTypeAdaptersTest$FooTypeAdapter.deserialize(CustomTypeAdaptersTest.java:146)
	at com.google.gson.JsonDeserializerExceptionWrapper.deserialize(JsonDeserializerExceptionWrapper.java:50)
	at com.google.gson.JsonDeserializationVisitor.visitUsingCustomHandler(JsonDeserializationVisitor.java:83)
	at com.google.gson.ObjectNavigator.accept(ObjectNavigator.java:144)
	at com.google.gson.JsonDeserializationContextDefault.fromJsonObject(JsonDeserializationContextDefault.java:75)
	at com.google.gson.JsonDeserializationContextDefault.deserialize(JsonDeserializationContextDefault.java:47)
	at com.google.gson.functional.CustomTypeAdaptersTest$FooTypeAdapter.deserialize(CustomTypeAdaptersTest.java:149)
	at com.google.gson.functional.CustomTypeAdaptersTest$FooTypeAdapter.deserialize(CustomTypeAdaptersTest.java:146)
	at com.google.gson.JsonDeserializerExceptionWrapper.deserialize(JsonDeserializerExceptionWrapper.java:50)
	at com.google.gson.JsonDeserializationVisitor.visitUsingCustomHandler(JsonDeserializationVisitor.java:83)
	at com.google.gson.ObjectNavigator.accept(ObjectNavigator.java:144)
	at com.google.gson.JsonDeserializationContextDefault.fromJsonObject(JsonDeserializationContextDefault.java:75)
	at com.google.gson.JsonDeserializationContextDefault.deserialize(JsonDeserializationContextDefault.java:47)
	at com.google.gson.functional.CustomTypeAdaptersTest$FooTypeAdapter.deserialize(CustomTypeAdaptersTest.java:149)
	at com.google.gson.functional.CustomTypeAdaptersTest$FooTypeAdapter.deserialize(CustomTypeAdaptersTest.java:146)
	at com.google.gson.JsonDeserializerExceptionWrapper.deserialize(JsonDeserializerExceptionWrapper.java:50)
	at com.google.gson.JsonDeserializationVisitor.visitUsingCustomHandler(JsonDeserializationVisitor.java:83)
	at com.google.gson.ObjectNavigator.accept(ObjectNavigator.java:144)
	at com.google.gson.JsonDeserializationContextDefault.fromJsonObject(JsonDeserializationContextDefault.java:75)
	at com.google.gson.JsonDeserializationContextDefault.deserialize(JsonDeserializationContextDefault.java:47)
	at com.google.gson.functional.CustomTypeAdaptersTest$FooTypeAdapter.deserialize(CustomTypeAdaptersTest.java:149)
	at com.google.gson.functional.CustomTypeAdaptersTest$FooTypeAdapter.deserialize(CustomTypeAdaptersTest.java:146)
	at com.google.gson.JsonDeserializerExceptionWrapper.deserialize(JsonDeserializerExceptionWrapper.java:50)
	at com.google.gson.JsonDeserializationVisitor.visitUsingCustomHandler(JsonDeserializationVisitor.java:83)
	at com.google.gson.ObjectNavigator.accept(ObjectNavigator.java:144)
	at com.google.gson.JsonDeserializationContextDefault.fromJsonObject(JsonDeserializationContextDefault.java:75)
	at com.google.gson.JsonDeserializationContextDefault.deserialize(JsonDeserializationContextDefault.java:47)
	at com.google.gson.functional.CustomTypeAdaptersTest$FooTypeAdapter.deserialize(CustomTypeAdaptersTest.java:149)
	at com.google.gson.functional.CustomTypeAdaptersTest$FooTypeAdapter.deserialize(CustomTypeAdaptersTest.java:146)
	at com.google.gson.JsonDeserializerExceptionWrapper.deserialize(JsonDeserializerExceptionWrapper.java:50)
	at com.google.gson.JsonDeserializationVisitor.visitUsingCustomHandler(JsonDeserializationVisitor.java:83)
	at com.google.gson.ObjectNavigator.accept(ObjectNavigator.java:144)
	at com.google.gson.JsonDeserializationContextDefault.fromJsonObject(JsonDeserializationContextDefault.java:75)
	at com.google.gson.JsonDeserializationContextDefault.deserialize(JsonDeserializationContextDefault.java:47)
	at com.google.gson.functional.CustomTypeAdaptersTest$FooTypeAdapter.deserialize(CustomTypeAdaptersTest.java:149)
	at com.google.gson.functional.CustomTypeAdaptersTest$FooTypeAdapter.deserialize(CustomTypeAdaptersTest.java:146)
	at com.google.gson.JsonDeserializerExceptionWrapper.deserialize(JsonDeserializerExceptionWrapper.java:50)
	at com.google.gson.JsonDeserializationVisitor.visitUsingCustomHandler(JsonDeserializationVisitor.java:83)
	at com.google.gson.ObjectNavigator.accept(ObjectNavigator.java:144)
	at com.google.gson.JsonDeserializationContextDefault.fromJsonObject(JsonDeserializationContextDefault.java:75)
	at com.google.gson.JsonDeserializationContextDefault.deserialize(JsonDeserializationContextDefault.java:47)
	at com.google.gson.functional.CustomTypeAdaptersTest$FooTypeAdapter.deserialize(CustomTypeAdaptersTest.java:149)
	at com.google.gson.functional.CustomTypeAdaptersTest$FooTypeAdapter.deserialize(CustomTypeAdaptersTest.java:146)
	at com.google.gson.JsonDeserializerExceptionWrapper.deserialize(JsonDeserializerExceptionWrapper.java:50)
	at com.google.gson.JsonDeserializationVisitor.visitUsingCustomHandler(JsonDeserializationVisitor.java:83)
	at com.google.gson.ObjectNavigator.accept(ObjectNavigator.java:144)
	at com.google.gson.JsonDeserializationContextDefault.fromJsonObject(JsonDeserializationContextDefault.java:75)
	at com.google.gson.JsonDeserializationContextDefault.deserialize(JsonDeserializationContextDefault.java:47)
	at com.google.gson.functional.CustomTypeAdaptersTest$FooTypeAdapter.deserialize(CustomTypeAdaptersTest.java:149)
	at com.google.gson.functional.CustomTypeAdaptersTest$FooTypeAdapter.deserialize(CustomTypeAdaptersTest.java:146)
	at com.google.gson.JsonDeserializerExceptionWrapper.deserialize(JsonDeserializerExceptionWrapper.java:50)
	at com.google.gson.JsonDeserializationVisitor.visitUsingCustomHandler(JsonDeserializationVisitor.java:83)
	at com.google.gson.ObjectNavigator.accept(ObjectNavigator.java:144)
	at com.google.gson.JsonDeserializationContextDefault.fromJsonObject(JsonDeserializationContextDefault.java:75)
	at com.google.gson.JsonDeserializationContextDefault.deserialize(JsonDeserializationContextDefault.java:47)
	at com.google.gson.functional.CustomTypeAdaptersTest$FooTypeAdapter.deserialize(CustomTypeAdaptersTest.java:149)
	at com.google.gson.functional.CustomTypeAdaptersTest$FooTypeAdapter.deserialize(CustomTypeAdaptersTest.java:146)
	at com.google.gson.JsonDeserializerExceptionWrapper.deserialize(JsonDeserializerExceptionWrapper.java:50)
	at com.google.gson.JsonDeserializationVisitor.visitUsingCustomHandler(JsonDeserializationVisitor.java:83)
	at com.google.gson.ObjectNavigator.accept(ObjectNavigator.java:144)
	at com.google.gson.JsonDeserializationContextDefault.fromJsonObject(JsonDeserializationContextDefault.java:75)
	at com.google.gson.JsonDeserializationContextDefault.deserialize(JsonDeserializationContextDefault.java:47)
	at com.google.gson.functional.CustomTypeAdaptersTest$FooTypeAdapter.deserialize(CustomTypeAdaptersTest.java:149)
	at com.google.gson.functional.CustomTypeAdaptersTest$FooTypeAdapter.deserialize(CustomTypeAdaptersTest.java:146)
	at com.google.gson.JsonDeserializerExceptionWrapper.deserialize(JsonDeserializerExceptionWrapper.java:50)
	at com.google.gson.JsonDeserializationVisitor.visitUsingCustomHandler(JsonDeserializationVisitor.java:83)
	at com.google.gson.ObjectNavigator.accept(ObjectNavigator.java:144)
	at com.google.gson.JsonDeserializationContextDefault.fromJsonObject(JsonDeserializationContextDefault.java:75)
	at com.google.gson.JsonDeserializationContextDefault.deserialize(JsonDeserializationContextDefault.java:47)
	at com.google.gson.functional.CustomTypeAdaptersTest$FooTypeAdapter.deserialize(CustomTypeAdaptersTest.java:149)
	at com.google.gson.functional.CustomTypeAdaptersTest$FooTypeAdapter.deserialize(CustomTypeAdaptersTest.java:146)
	at com.google.gson.JsonDeserializerExceptionWrapper.deserialize(JsonDeserializerExceptionWrapper.java:50)
	at com.google.gson.JsonDeserializationVisitor.visitUsingCustomHandler(JsonDeserializationVisitor.java:83)
	at com.google.gson.ObjectNavigator.accept(ObjectNavigator.java:144)
	at com.google.gson.JsonDeserializationContextDefault.fromJsonObject(JsonDeserializationContextDefault.java:75)
	at com.google.gson.JsonDeserializationContextDefault.deserialize(JsonDeserializationContextDefault.java:47)
	at com.google.gson.functional.CustomTypeAdaptersTest$FooTypeAdapter.deserialize(CustomTypeAdaptersTest.java:149)
	at com.google.gson.functional.CustomTypeAdaptersTest$FooTypeAdapter.deserialize(CustomTypeAdaptersTest.java:146)
	at com.google.gson.JsonDeserializerExceptionWrapper.deserialize(JsonDeserializerExceptionWrapper.java:50)
	at com.google.gson.JsonDeserializationVisitor.visitUsingCustomHandler(JsonDeserializationVisitor.java:83)
	at com.google.gson.ObjectNavigator.accept(ObjectNavigator.java:144)
	at com.google.gson.JsonDeserializationContextDefault.fromJsonObject(JsonDeserializationContextDefault.java:75)
	at com.google.gson.JsonDeserializationContextDefault.deserialize(JsonDeserializationContextDefault.java:47)
	at com.google.gson.functional.CustomTypeAdaptersTest$FooTypeAdapter.deserialize(CustomTypeAdaptersTest.java:149)
	at com.google.gson.functional.CustomTypeAdaptersTest$FooTypeAdapter.deserialize(CustomTypeAdaptersTest.java:146)
	at com.google.gson.JsonDeserializerExceptionWrapper.deserialize(JsonDeserializerExceptionWrapper.java:50)
	at com.google.gson.JsonDeserializationVisitor.visitUsingCustomHandler(JsonDeserializationVisitor.java:83)
	at com.google.gson.ObjectNavigator.accept(ObjectNavigator.java:144)
	at com.google.gson.JsonDeserializationContextDefault.fromJsonObject(JsonDeserializationContextDefault.java:75)
	at com.google.gson.JsonDeserializationContextDefault.deserialize(JsonDeserializationContextDefault.java:47)
	at com.google.gson.functional.CustomTypeAdaptersTest$FooTypeAdapter.deserialize(CustomTypeAdaptersTest.java:149)
	at com.google.gson.functional.CustomTypeAdaptersTest$FooTypeAdapter.deserialize(CustomTypeAdaptersTest.java:146)
	at com.google.gson.JsonDeserializerExceptionWrapper.deserialize(JsonDeserializerExceptionWrapper.java:50)
	at com.google.gson.JsonDeserializationVisitor.visitUsingCustomHandler(JsonDeserializationVisitor.java:83)
	at com.google.gson.ObjectNavigator.accept(ObjectNavigator.java:144)
	at com.google.gson.JsonDeserializationContextDefault.fromJsonObject(JsonDeserializationContextDefault.java:75)
	at com.google.gson.JsonDeserializationContextDefault.deserialize(JsonDeserializationContextDefault.java:47)
	at com.google.gson.functional.CustomTypeAdaptersTest$FooTypeAdapter.deserialize(CustomTypeAdaptersTest.java:149)
	at com.google.gson.functional.CustomTypeAdaptersTest$FooTypeAdapter.deserialize(CustomTypeAdaptersTest.java:146)
	at com.google.gson.JsonDeserializerExceptionWrapper.deserialize(JsonDeserializerExceptionWrapper.java:50)
	at com.google.gson.JsonDeserializationVisitor.visitUsingCustomHandler(JsonDeserializationVisitor.java:83)
	at com.google.gson.ObjectNavigator.accept(ObjectNavigator.java:144)
	at com.google.gson.JsonDeserializationContextDefault.fromJsonObject(JsonDeserializationContextDefault.java:75)
	at com.google.gson.JsonDeserializationContextDefault.deserialize(JsonDeserializationContextDefault.java:47)
	at com.google.gson.functional.CustomTypeAdaptersTest$FooTypeAdapter.deserialize(CustomTypeAdaptersTest.java:149)
	at com.google.gson.functional.CustomTypeAdaptersTest$FooTypeAdapter.deserialize(CustomTypeAdaptersTest.java:146)
	at com.google.gson.JsonDeserializerExceptionWrapper.deserialize(JsonDeserializerExceptionWrapper.java:50)
	at com.google.gson.JsonDeserializationVisitor.visitUsingCustomHandler(JsonDeserializationVisitor.java:83)
	at com.google.gson.ObjectNavigator.accept(ObjectNavigator.java:144)
	at com.google.gson.JsonDeserializationContextDefault.fromJsonObject(JsonDeserializationContextDefault.java:75)
	at com.google.gson.JsonDeserializationContextDefault.deserialize(JsonDeserializationContextDefault.java:47)
	at com.google.gson.functional.CustomTypeAdaptersTest$FooTypeAdapter.deserialize(CustomTypeAdaptersTest.java:149)
	at com.google.gson.functional.CustomTypeAdaptersTest$FooTypeAdapter.deserialize(CustomTypeAdaptersTest.java:146)
	at com.google.gson.JsonDeserializerExceptionWrapper.deserialize(JsonDeserializerExceptionWrapper.java:50)
	at com.google.gson.JsonDeserializationVisitor.visitUsingCustomHandler(JsonDeserializationVisitor.java:83)
	at com.google.gson.ObjectNavigator.accept(ObjectNavigator.java:144)
	at com.google.gson.JsonDeserializationContextDefault.fromJsonObject(JsonDeserializationContextDefault.java:75)
	at com.google.gson.JsonDeserializationContextDefault.deserialize(JsonDeserializationContextDefault.java:47)
	at com.google.gson.functional.CustomTypeAdaptersTest$FooTypeAdapter.deserialize(CustomTypeAdaptersTest.java:149)
	at com.google.gson.functional.CustomTypeAdaptersTest$FooTypeAdapter.deserialize(CustomTypeAdaptersTest.java:146)
	at com.google.gson.JsonDeserializerExceptionWrapper.deserialize(JsonDeserializerExceptionWrapper.java:50)
	at com.google.gson.JsonDeserializationVisitor.visitUsingCustomHandler(JsonDeserializationVisitor.java:83)
	at com.google.gson.ObjectNavigator.accept(ObjectNavigator.java:144)
	at com.google.gson.JsonDeserializationContextDefault.fromJsonObject(JsonDeserializationContextDefault.java:75)
	at com.google.gson.JsonDeserializationContextDefault.deserialize(JsonDeserializationContextDefault.java:47)
	at com.google.gson.functional.CustomTypeAdaptersTest$FooTypeAdapter.deserialize(CustomTypeAdaptersTest.java:149)
	at com.google.gson.functional.CustomTypeAdaptersTest$FooTypeAdapter.deserialize(CustomTypeAdaptersTest.java:146)
	at com.google.gson.JsonDeserializerExceptionWrapper.deserialize(JsonDeserializerExceptionWrapper.java:50)
	at com.google.gson.JsonDeserializationVisitor.visitUsingCustomHandler(JsonDeserializationVisitor.java:83)
	at com.google.gson.ObjectNavigator.accept(ObjectNavigator.java:144)
	at com.google.gson.JsonDeserializationContextDefault.fromJsonObject(JsonDeserializationContextDefault.java:75)
	at com.google.gson.JsonDeserializationContextDefault.deserialize(JsonDeserializationContextDefault.java:47)
	at com.google.gson.functional.CustomTypeAdaptersTest$FooTypeAdapter.deserialize(CustomTypeAdaptersTest.java:149)
	at com.google.gson.functional.CustomTypeAdaptersTest$FooTypeAdapter.deserialize(CustomTypeAdaptersTest.java:146)
	at com.google.gson.JsonDeserializerExceptionWrapper.deserialize(JsonDeserializerExceptionWrapper.java:50)
	at com.google.gson.JsonDeserializationVisitor.visitUsingCustomHandler(JsonDeserializationVisitor.java:83)
	at com.google.gson.ObjectNavigator.accept(ObjectNavigator.java:144)
	at com.google.gson.JsonDeserializationContextDefault.fromJsonObject(JsonDeserializationContextDefault.java:75)
	at com.google.gson.JsonDeserializationContextDefault.deserialize(JsonDeserializationContextDefault.java:47)
	at com.google.gson.functional.CustomTypeAdaptersTest$FooTypeAdapter.deserialize(CustomTypeAdaptersTest.java:149)
	at com.google.gson.functional.CustomTypeAdaptersTest$FooTypeAdapter.deserialize(CustomTypeAdaptersTest.java:146)
	at com.google.gson.JsonDeserializerExceptionWrapper.deserialize(JsonDeserializerExceptionWrapper.java:50)
	at com.google.gson.JsonDeserializationVisitor.visitUsingCustomHandler(JsonDeserializationVisitor.java:83)
	at com.google.gson.ObjectNavigator.accept(ObjectNavigator.java:144)
	at com.google.gson.JsonDeserializationContextDefault.fromJsonObject(JsonDeserializationContextDefault.java:75)
	at com.google.gson.JsonDeserializationContextDefault.deserialize(JsonDeserializationContextDefault.java:47)
	at com.google.gson.functional.CustomTypeAdaptersTest$FooTypeAdapter.deserialize(CustomTypeAdaptersTest.java:149)
	at com.google.gson.functional.CustomTypeAdaptersTest$FooTypeAdapter.deserialize(CustomTypeAdaptersTest.java:146)
	at com.google.gson.JsonDeserializerExceptionWrapper.deserialize(JsonDeserializerExceptionWrapper.java:50)
	at com.google.gson.JsonDeserializationVisitor.visitUsingCustomHandler(JsonDeserializationVisitor.java:83)
	at com.google.gson.ObjectNavigator.accept(ObjectNavigator.java:144)
	at com.google.gson.JsonDeserializationContextDefault.fromJsonObject(JsonDeserializationContextDefault.java:75)
	at com.google.gson.JsonDeserializationContextDefault.deserialize(JsonDeserializationContextDefault.java:47)
	at com.google.gson.functional.CustomTypeAdaptersTest$FooTypeAdapter.deserialize(CustomTypeAdaptersTest.java:149)
	at com.google.gson.functional.CustomTypeAdaptersTest$FooTypeAdapter.deserialize(CustomTypeAdaptersTest.java:146)
	at com.google.gson.JsonDeserializerExceptionWrapper.deserialize(JsonDeserializerExceptionWrapper.java:50)
	at com.google.gson.JsonDeserializationVisitor.visitUsingCustomHandler(JsonDeserializationVisitor.java:83)
	at com.google.gson.ObjectNavigator.accept(ObjectNavigator.java:144)
	at com.google.gson.JsonDeserializationContextDefault.fromJsonObject(JsonDeserializationContextDefault.java:75)
	at com.google.gson.JsonDeserializationContextDefault.deserialize(JsonDeserializationContextDefault.java:47)
	at com.google.gson.functional.CustomTypeAdaptersTest$FooTypeAdapter.deserialize(CustomTypeAdaptersTest.java:149)
	at com.google.gson.functional.CustomTypeAdaptersTest$FooTypeAdapter.deserialize(CustomTypeAdaptersTest.java:146)
	at com.google.gson.JsonDeserializerExceptionWrapper.deserialize(JsonDeserializerExceptionWrapper.java:50)
	at com.google.gson.JsonDeserializationVisitor.visitUsingCustomHandler(JsonDeserializationVisitor.java:83)
	at com.google.gson.ObjectNavigator.accept(ObjectNavigator.java:144)
	at com.google.gson.JsonDeserializationContextDefault.fromJsonObject(JsonDeserializationContextDefault.java:75)
	at com.google.gson.JsonDeserializationContextDefault.deserialize(JsonDeserializationContextDefault.java:47)
	at com.google.gson.functional.CustomTypeAdaptersTest$FooTypeAdapter.deserialize(CustomTypeAdaptersTest.java:149)
	at com.google.gson.functional.CustomTypeAdaptersTest$FooTypeAdapter.deserialize(CustomTypeAdaptersTest.java:146)
	at com.google.gson.JsonDeserializerExceptionWrapper.deserialize(JsonDeserializerExceptionWrapper.java:50)
	at com.google.gson.JsonDeserializationVisitor.visitUsingCustomHandler(JsonDeserializationVisitor.java:83)
	at com.google.gson.ObjectNavigator.accept(ObjectNavigator.java:144)
	at com.google.gson.JsonDeserializationContextDefault.fromJsonObject(JsonDeserializationContextDefault.java:75)
	at com.google.gson.JsonDeserializationContextDefault.deserialize(JsonDeserializationContextDefault.java:47)
	at com.google.gson.functional.CustomTypeAdaptersTest$FooTypeAdapter.deserialize(CustomTypeAdaptersTest.java:149)
	at com.google.gson.functional.CustomTypeAdaptersTest$FooTypeAdapter.deserialize(CustomTypeAdaptersTest.java:146)
	at com.google.gson.JsonDeserializerExceptionWrapper.deserialize(JsonDeserializerExceptionWrapper.java:50)
	at com.google.gson.JsonDeserializationVisitor.visitUsingCustomHandler(JsonDeserializationVisitor.java:83)
	at com.google.gson.ObjectNavigator.accept(ObjectNavigator.java:144)
	at com.google.gson.JsonDeserializationContextDefault.fromJsonObject(JsonDeserializationContextDefault.java:75)
	at com.google.gson.JsonDeserializationContextDefault.deserialize(JsonDeserializationContextDefault.java:47)
	at com.google.gson.functional.CustomTypeAdaptersTest$FooTypeAdapter.deserialize(CustomTypeAdaptersTest.java:149)
	at com.google.gson.functional.CustomTypeAdaptersTest$FooTypeAdapter.deserialize(CustomTypeAdaptersTest.java:146)
	at com.google.gson.JsonDeserializerExceptionWrapper.deserialize(JsonDeserializerExceptionWrapper.java:50)
	at com.google.gson.JsonDeserializationVisitor.visitUsingCustomHandler(JsonDeserializationVisitor.java:83)
	at com.google.gson.ObjectNavigator.accept(ObjectNavigator.java:144)
	at com.google.gson.JsonDeserializationContextDefault.fromJsonObject(JsonDeserializationContextDefault.java:75)
	at com.google.gson.JsonDeserializationContextDefault.deserialize(JsonDeserializationContextDefault.java:47)
	at com.google.gson.functional.CustomTypeAdaptersTest$FooTypeAdapter.deserialize(CustomTypeAdaptersTest.java:149)
	at com.google.gson.functional.CustomTypeAdaptersTest$FooTypeAdapter.deserialize(CustomTypeAdaptersTest.java:146)
	at com.google.gson.JsonDeserializerExceptionWrapper.deserialize(JsonDeserializerExceptionWrapper.java:50)
	at com.google.gson.JsonDeserializationVisitor.visitUsingCustomHandler(JsonDeserializationVisitor.java:83)
	at com.google.gson.ObjectNavigator.accept(ObjectNavigator.java:144)
	at com.google.gson.JsonDeserializationContextDefault.fromJsonObject(JsonDeserializationContextDefault.java:75)
	at com.google.gson.JsonDeserializationContextDefault.deserialize(JsonDeserializationContextDefault.java:47)
	at com.google.gson.functional.CustomTypeAdaptersTest$FooTypeAdapter.deserialize(CustomTypeAdaptersTest.java:149)
	at com.google.gson.functional.CustomTypeAdaptersTest$FooTypeAdapter.deserialize(CustomTypeAdaptersTest.java:146)
	at com.google.gson.JsonDeserializerExceptionWrapper.deserialize(JsonDeserializerExceptionWrapper.java:50)
	at com.google.gson.JsonDeserializationVisitor.visitUsingCustomHandler(JsonDeserializationVisitor.java:83)
	at com.google.gson.ObjectNavigator.accept(ObjectNavigator.java:144)
	at com.google.gson.JsonDeserializationContextDefault.fromJsonObject(JsonDeserializationContextDefault.java:75)
	at com.google.gson.JsonDeserializationContextDefault.deserialize(JsonDeserializationContextDefault.java:47)
	at com.google.gson.functional.CustomTypeAdaptersTest$FooTypeAdapter.deserialize(CustomTypeAdaptersTest.java:149)
	at com.google.gson.functional.CustomTypeAdaptersTest$FooTypeAdapter.deserialize(CustomTypeAdaptersTest.java:146)
	at com.google.gson.JsonDeserializerExceptionWrapper.deserialize(JsonDeserializerExceptionWrapper.java:50)
	at com.google.gson.JsonDeserializationVisitor.visitUsingCustomHandler(JsonDeserializationVisitor.java:83)
	at com.google.gson.ObjectNavigator.accept(ObjectNavigator.java:144)
	at com.google.gson.JsonDeserializationContextDefault.fromJsonObject(JsonDeserializationContextDefault.java:75)
	at com.google.gson.JsonDeserializationContextDefault.deserialize(JsonDeserializationContextDefault.java:47)
	at com.google.gson.functional.CustomTypeAdaptersTest$FooTypeAdapter.deserialize(CustomTypeAdaptersTest.java:149)
	at com.google.gson.functional.CustomTypeAdaptersTest$FooTypeAdapter.deserialize(CustomTypeAdaptersTest.java:146)
	at com.google.gson.JsonDeserializerExceptionWrapper.deserialize(JsonDeserializerExceptionWrapper.java:50)
	at com.google.gson.JsonDeserializationVisitor.visitUsingCustomHandler(JsonDeserializationVisitor.java:83)
	at com.google.gson.ObjectNavigator.accept(ObjectNavigator.java:144)
	at com.google.gson.JsonDeserializationContextDefault.fromJsonObject(JsonDeserializationContextDefault.java:75)
	at com.google.gson.JsonDeserializationContextDefault.deserialize(JsonDeserializationContextDefault.java:47)
	at com.google.gson.functional.CustomTypeAdaptersTest$FooTypeAdapter.deserialize(CustomTypeAdaptersTest.java:149)
	at com.google.gson.functional.CustomTypeAdaptersTest$FooTypeAdapter.deserialize(CustomTypeAdaptersTest.java:146)
	at com.google.gson.JsonDeserializerExceptionWrapper.deserialize(JsonDeserializerExceptionWrapper.java:50)
	at com.google.gson.JsonDeserializationVisitor.visitUsingCustomHandler(JsonDeserializationVisitor.java:83)
	at com.google.gson.ObjectNavigator.accept(ObjectNavigator.java:144)
	at com.google.gson.JsonDeserializationContextDefault.fromJsonObject(JsonDeserializationContextDefault.java:75)
	at com.google.gson.JsonDeserializationContextDefault.deserialize(JsonDeserializationContextDefault.java:47)
	at com.google.gson.functional.CustomTypeAdaptersTest$FooTypeAdapter.deserialize(CustomTypeAdaptersTest.java:149)
	at com.google.gson.functional.CustomTypeAdaptersTest$FooTypeAdapter.deserialize(CustomTypeAdaptersTest.java:146)
	at com.google.gson.JsonDeserializerExceptionWrapper.deserialize(JsonDeserializerExceptionWrapper.java:50)
	at com.google.gson.JsonDeserializationVisitor.visitUsingCustomHandler(JsonDeserializationVisitor.java:83)
	at com.google.gson.ObjectNavigator.accept(ObjectNavigator.java:144)
	at com.google.gson.JsonDeserializationContextDefault.fromJsonObject(JsonDeserializationContextDefault.java:75)
	at com.google.gson.JsonDeserializationContextDefault.deserialize(JsonDeserializationContextDefault.java:47)
	at com.google.gson.functional.CustomTypeAdaptersTest$FooTypeAdapter.deserialize(CustomTypeAdaptersTest.java:149)
	at com.google.gson.functional.CustomTypeAdaptersTest$FooTypeAdapter.deserialize(CustomTypeAdaptersTest.java:146)
	at com.google.gson.JsonDeserializerExceptionWrapper.deserialize(JsonDeserializerExceptionWrapper.java:50)
	at com.google.gson.JsonDeserializationVisitor.visitUsingCustomHandler(JsonDeserializationVisitor.java:83)
	at com.google.gson.ObjectNavigator.accept(ObjectNavigator.java:144)
	at com.google.gson.JsonDeserializationContextDefault.fromJsonObject(JsonDeserializationContextDefault.java:75)
	at com.google.gson.JsonDeserializationContextDefault.deserialize(JsonDeserializationContextDefault.java:47)
	at com.google.gson.functional.CustomTypeAdaptersTest$FooTypeAdapter.deserialize(CustomTypeAdaptersTest.java:149)
	at com.google.gson.functional.CustomTypeAdaptersTest$FooTypeAdapter.deserialize(CustomTypeAdaptersTest.java:146)
	at com.google.gson.JsonDeserializerExceptionWrapper.deserialize(JsonDeserializerExceptionWrapper.java:50)
	at com.google.gson.JsonDeserializationVisitor.visitUsingCustomHandler(JsonDeserializationVisitor.java:83)
	at com.google.gson.ObjectNavigator.accept(ObjectNavigator.java:144)
	at com.google.gson.JsonDeserializationContextDefault.fromJsonObject(JsonDeserializationContextDefault.java:75)
	at com.google.gson.JsonDeserializationContextDefault.deserialize(JsonDeserializationContextDefault.java:47)
	at com.google.gson.functional.CustomTypeAdaptersTest$FooTypeAdapter.deserialize(CustomTypeAdaptersTest.java:149)
	at com.google.gson.functional.CustomTypeAdaptersTest$FooTypeAdapter.deserialize(CustomTypeAdaptersTest.java:146)
	at com.google.gson.JsonDeserializerExceptionWrapper.deserialize(JsonDeserializerExceptionWrapper.java:50)
	at com.google.gson.JsonDeserializationVisitor.visitUsingCustomHandler(JsonDeserializationVisitor.java:83)
	at com.google.gson.ObjectNavigator.accept(ObjectNavigator.java:144)
	at com.google.gson.JsonDeserializationContextDefault.fromJsonObject(JsonDeserializationContextDefault.java:75)
	at com.google.gson.JsonDeserializationContextDefault.deserialize(JsonDeserializationContextDefault.java:47)
	at com.google.gson.functional.CustomTypeAdaptersTest$FooTypeAdapter.deserialize(CustomTypeAdaptersTest.java:149)
	at com.google.gson.functional.CustomTypeAdaptersTest$FooTypeAdapter.deserialize(CustomTypeAdaptersTest.java:146)
	at com.google.gson.JsonDeserializerExceptionWrapper.deserialize(JsonDeserializerExceptionWrapper.java:50)
	at com.google.gson.JsonDeserializationVisitor.visitUsingCustomHandler(JsonDeserializationVisitor.java:83)
	at com.google.gson.ObjectNavigator.accept(ObjectNavigator.java:144)
	at com.google.gson.JsonDeserializationContextDefault.fromJsonObject(JsonDeserializationContextDefault.java:75)
	at com.google.gson.JsonDeserializationContextDefault.deserialize(JsonDeserializationContextDefault.java:47)
	at com.google.gson.functional.CustomTypeAdaptersTest$FooTypeAdapter.deserialize(CustomTypeAdaptersTest.java:149)
	at com.google.gson.functional.CustomTypeAdaptersTest$FooTypeAdapter.deserialize(CustomTypeAdaptersTest.java:146)
	at com.google.gson.JsonDeserializerExceptionWrapper.deserialize(JsonDeserializerExceptionWrapper.java:50)
	at com.google.gson.JsonDeserializationVisitor.visitUsingCustomHandler(JsonDeserializationVisitor.java:83)
	at com.google.gson.ObjectNavigator.accept(ObjectNavigator.java:144)
	at com.google.gson.JsonDeserializationContextDefault.fromJsonObject(JsonDeserializationContextDefault.java:75)
	at com.google.gson.JsonDeserializationContextDefault.deserialize(JsonDeserializationContextDefault.java:47)
	at com.google.gson.functional.CustomTypeAdaptersTest$FooTypeAdapter.deserialize(CustomTypeAdaptersTest.java:149)
	at com.google.gson.functional.CustomTypeAdaptersTest$FooTypeAdapter.deserialize(CustomTypeAdaptersTest.java:146)
	at com.google.gson.JsonDeserializerExceptionWrapper.deserialize(JsonDeserializerExceptionWrapper.java:50)
	at com.google.gson.JsonDeserializationVisitor.visitUsingCustomHandler(JsonDeserializationVisitor.java:83)
	at com.google.gson.ObjectNavigator.accept(ObjectNavigator.java:144)
	at com.google.gson.JsonDeserializationContextDefault.fromJsonObject(JsonDeserializationContextDefault.java:75)
	at com.google.gson.JsonDeserializationContextDefault.deserialize(JsonDeserializationContextDefault.java:47)
	at com.google.gson.functional.CustomTypeAdaptersTest$FooTypeAdapter.deserialize(CustomTypeAdaptersTest.java:149)
	at com.google.gson.functional.CustomTypeAdaptersTest$FooTypeAdapter.deserialize(CustomTypeAdaptersTest.java:146)
	at com.google.gson.JsonDeserializerExceptionWrapper.deserialize(JsonDeserializerExceptionWrapper.java:50)
	at com.google.gson.JsonDeserializationVisitor.visitUsingCustomHandler(JsonDeserializationVisitor.java:83)
	at com.google.gson.ObjectNavigator.accept(ObjectNavigator.java:144)
	at com.google.gson.JsonDeserializationContextDefault.fromJsonObject(JsonDeserializationContextDefault.java:75)
	at com.google.gson.JsonDeserializationContextDefault.deserialize(JsonDeserializationContextDefault.java:47)
	at com.google.gson.functional.CustomTypeAdaptersTest$FooTypeAdapter.deserialize(CustomTypeAdaptersTest.java:149)
	at com.google.gson.functional.CustomTypeAdaptersTest$FooTypeAdapter.deserialize(CustomTypeAdaptersTest.java:146)
	at com.google.gson.JsonDeserializerExceptionWrapper.deserialize(JsonDeserializerExceptionWrapper.java:50)
	at com.google.gson.JsonDeserializationVisitor.visitUsingCustomHandler(JsonDeserializationVisitor.java:83)
	at com.google.gson.ObjectNavigator.accept(ObjectNavigator.java:144)
	at com.google.gson.JsonDeserializationContextDefault.fromJsonObject(JsonDeserializationContextDefault.java:75)
	at com.google.gson.JsonDeserializationContextDefault.deserialize(JsonDeserializationContextDefault.java:47)
	at com.google.gson.functional.CustomTypeAdaptersTest$FooTypeAdapter.deserialize(CustomTypeAdaptersTest.java:149)
	at com.google.gson.functional.CustomTypeAdaptersTest$FooTypeAdapter.deserialize(CustomTypeAdaptersTest.java:146)
	at com.google.gson.JsonDeserializerExceptionWrapper.deserialize(JsonDeserializerExceptionWrapper.java:50)
	at com.google.gson.JsonDeserializationVisitor.visitUsingCustomHandler(JsonDeserializationVisitor.java:83)
	at com.google.gson.ObjectNavigator.accept(ObjectNavigator.java:144)
	at com.google.gson.JsonDeserializationContextDefault.fromJsonObject(JsonDeserializationContextDefault.java:75)
	at com.google.gson.JsonDeserializationContextDefault.deserialize(JsonDeserializationContextDefault.java:47)
	at com.google.gson.functional.CustomTypeAdaptersTest$FooTypeAdapter.deserialize(CustomTypeAdaptersTest.java:149)
	at com.google.gson.functional.CustomTypeAdaptersTest$FooTypeAdapter.deserialize(CustomTypeAdaptersTest.java:146)
	at com.google.gson.JsonDeserializerExceptionWrapper.deserialize(JsonDeserializerExceptionWrapper.java:50)
	at com.google.gson.JsonDeserializationVisitor.visitUsingCustomHandler(JsonDeserializationVisitor.java:83)
	at com.google.gson.ObjectNavigator.accept(ObjectNavigator.java:144)
	at com.google.gson.JsonDeserializationContextDefault.fromJsonObject(JsonDeserializationContextDefault.java:75)
	at com.google.gson.JsonDeserializationContextDefault.deserialize(JsonDeserializationContextDefault.java:47)
	at com.google.gson.functional.CustomTypeAdaptersTest$FooTypeAdapter.deserialize(CustomTypeAdaptersTest.java:149)
	at com.google.gson.functional.CustomTypeAdaptersTest$FooTypeAdapter.deserialize(CustomTypeAdaptersTest.java:146)
	at com.google.gson.JsonDeserializerExceptionWrapper.deserialize(JsonDeserializerExceptionWrapper.java:50)
	at com.google.gson.JsonDeserializationVisitor.visitUsingCustomHandler(JsonDeserializationVisitor.java:83)
	at com.google.gson.ObjectNavigator.accept(ObjectNavigator.java:144)
	at com.google.gson.JsonDeserializationContextDefault.fromJsonObject(JsonDeserializationContextDefault.java:75)
	at com.google.gson.JsonDeserializationContextDefault.deserialize(JsonDeserializationContextDefault.java:47)
	at com.google.gson.functional.CustomTypeAdaptersTest$FooTypeAdapter.deserialize(CustomTypeAdaptersTest.java:149)
	at com.google.gson.functional.CustomTypeAdaptersTest$FooTypeAdapter.deserialize(CustomTypeAdaptersTest.java:146)
	at com.google.gson.JsonDeserializerExceptionWrapper.deserialize(JsonDeserializerExceptionWrapper.java:50)
	at com.google.gson.JsonDeserializationVisitor.visitUsingCustomHandler(JsonDeserializationVisitor.java:83)
	at com.google.gson.ObjectNavigator.accept(ObjectNavigator.java:144)
	at com.google.gson.JsonDeserializationContextDefault.fromJsonObject(JsonDeserializationContextDefault.java:75)
	at com.google.gson.JsonDeserializationContextDefault.deserialize(JsonDeserializationContextDefault.java:47)
	at com.google.gson.functional.CustomTypeAdaptersTest$FooTypeAdapter.deserialize(CustomTypeAdaptersTest.java:149)
	at com.google.gson.functional.CustomTypeAdaptersTest$FooTypeAdapter.deserialize(CustomTypeAdaptersTest.java:146)
	at com.google.gson.JsonDeserializerExceptionWrapper.deserialize(JsonDeserializerExceptionWrapper.java:50)
	at com.google.gson.JsonDeserializationVisitor.visitUsingCustomHandler(JsonDeserializationVisitor.java:83)
	at com.google.gson.ObjectNavigator.accept(ObjectNavigator.java:144)
	at com.google.gson.JsonDeserializationContextDefault.fromJsonObject(JsonDeserializationContextDefault.java:75)
	at com.google.gson.JsonDeserializationContextDefault.deserialize(JsonDeserializationContextDefault.java:47)
	at com.google.gson.functional.CustomTypeAdaptersTest$FooTypeAdapter.deserialize(CustomTypeAdaptersTest.java:149)
	at com.google.gson.functional.CustomTypeAdaptersTest$FooTypeAdapter.deserialize(CustomTypeAdaptersTest.java:146)
	at com.google.gson.JsonDeserializerExceptionWrapper.deserialize(JsonDeserializerExceptionWrapper.java:50)
	at com.google.gson.JsonDeserializationVisitor.visitUsingCustomHandler(JsonDeserializationVisitor.java:83)
	at com.google.gson.ObjectNavigator.accept(ObjectNavigator.java:144)
	at com.google.gson.JsonDeserializationContextDefault.fromJsonObject(JsonDeserializationContextDefault.java:75)
	at com.google.gson.JsonDeserializationContextDefault.deserialize(JsonDeserializationContextDefault.java:47)
	at com.google.gson.functional.CustomTypeAdaptersTest$FooTypeAdapter.deserialize(CustomTypeAdaptersTest.java:149)
	at com.google.gson.functional.CustomTypeAdaptersTest$FooTypeAdapter.deserialize(CustomTypeAdaptersTest.java:146)
	at com.google.gson.JsonDeserializerExceptionWrapper.deserialize(JsonDeserializerExceptionWrapper.java:50)
	at com.google.gson.JsonDeserializationVisitor.visitUsingCustomHandler(JsonDeserializationVisitor.java:83)
	at com.google.gson.ObjectNavigator.accept(ObjectNavigator.java:144)
	at com.google.gson.JsonDeserializationContextDefault.fromJsonObject(JsonDeserializationContextDefault.java:75)
	at com.google.gson.JsonDeserializationContextDefault.deserialize(JsonDeserializationContextDefault.java:47)
	at com.google.gson.functional.CustomTypeAdaptersTest$FooTypeAdapter.deserialize(CustomTypeAdaptersTest.java:149)
	at com.google.gson.functional.CustomTypeAdaptersTest$FooTypeAdapter.deserialize(CustomTypeAdaptersTest.java:146)
	at com.google.gson.JsonDeserializerExceptionWrapper.deserialize(JsonDeserializerExceptionWrapper.java:50)
	at com.google.gson.JsonDeserializationVisitor.visitUsingCustomHandler(JsonDeserializationVisitor.java:83)
	at com.google.gson.ObjectNavigator.accept(ObjectNavigator.java:144)
	at com.google.gson.JsonDeserializationContextDefault.fromJsonObject(JsonDeserializationContextDefault.java:75)
	at com.google.gson.JsonDeserializationContextDefault.deserialize(JsonDeserializationContextDefault.java:47)
	at com.google.gson.functional.CustomTypeAdaptersTest$FooTypeAdapter.deserialize(CustomTypeAdaptersTest.java:149)
	at com.google.gson.functional.CustomTypeAdaptersTest$FooTypeAdapter.deserialize(CustomTypeAdaptersTest.java:146)
	at com.google.gson.JsonDeserializerExceptionWrapper.deserialize(JsonDeserializerExceptionWrapper.java:50)
	at com.google.gson.JsonDeserializationVisitor.visitUsingCustomHandler(JsonDeserializationVisitor.java:83)
	at com.google.gson.ObjectNavigator.accept(ObjectNavigator.java:144)
	at com.google.gson.JsonDeserializationContextDefault.fromJsonObject(JsonDeserializationContextDefault.java:75)
	at com.google.gson.JsonDeserializationContextDefault.deserialize(JsonDeserializationContextDefault.java:47)
	at com.google.gson.functional.CustomTypeAdaptersTest$FooTypeAdapter.deserialize(CustomTypeAdaptersTest.java:149)
	at com.google.gson.functional.CustomTypeAdaptersTest$FooTypeAdapter.deserialize(CustomTypeAdaptersTest.java:146)
	at com.google.gson.JsonDeserializerExceptionWrapper.deserialize(JsonDeserializerExceptionWrapper.java:50)
	at com.google.gson.JsonDeserializationVisitor.visitUsingCustomHandler(JsonDeserializationVisitor.java:83)
	at com.google.gson.ObjectNavigator.accept(ObjectNavigator.java:144)
	at com.google.gson.JsonDeserializationContextDefault.fromJsonObject(JsonDeserializationContextDefault.java:75)
	at com.google.gson.JsonDeserializationContextDefault.deserialize(JsonDeserializationContextDefault.java:47)
	at com.google.gson.functional.CustomTypeAdaptersTest$FooTypeAdapter.deserialize(CustomTypeAdaptersTest.java:149)
	at com.google.gson.functional.CustomTypeAdaptersTest$FooTypeAdapter.deserialize(CustomTypeAdaptersTest.java:146)
	at com.google.gson.JsonDeserializerExceptionWrapper.deserialize(JsonDeserializerExceptionWrapper.java:50)
	at com.google.gson.JsonDeserializationVisitor.visitUsingCustomHandler(JsonDeserializationVisitor.java:83)
	at com.google.gson.ObjectNavigator.accept(ObjectNavigator.java:144)
	at com.google.gson.JsonDeserializationContextDefault.fromJsonObject(JsonDeserializationContextDefault.java:75)
	at com.google.gson.JsonDeserializationContextDefault.deserialize(JsonDeserializationContextDefault.java:47)
	at com.google.gson.functional.CustomTypeAdaptersTest$FooTypeAdapter.deserialize(CustomTypeAdaptersTest.java:149)
	at com.google.gson.functional.CustomTypeAdaptersTest$FooTypeAdapter.deserialize(CustomTypeAdaptersTest.java:146)
	at com.google.gson.JsonDeserializerExceptionWrapper.deserialize(JsonDeserializerExceptionWrapper.java:50)
	at com.google.gson.JsonDeserializationVisitor.visitUsingCustomHandler(JsonDeserializationVisitor.java:83)
	at com.google.gson.ObjectNavigator.accept(ObjectNavigator.java:144)
	at com.google.gson.JsonDeserializationContextDefault.fromJsonObject(JsonDeserializationContextDefault.java:75)
	at com.google.gson.JsonDeserializationContextDefault.deserialize(JsonDeserializationContextDefault.java:47)
	at com.google.gson.functional.CustomTypeAdaptersTest$FooTypeAdapter.deserialize(CustomTypeAdaptersTest.java:149)
	at com.google.gson.functional.CustomTypeAdaptersTest$FooTypeAdapter.deserialize(CustomTypeAdaptersTest.java:146)
	at com.google.gson.JsonDeserializerExceptionWrapper.deserialize(JsonDeserializerExceptionWrapper.java:50)
	at com.google.gson.JsonDeserializationVisitor.visitUsingCustomHandler(JsonDeserializationVisitor.java:83)
	at com.google.gson.ObjectNavigator.accept(ObjectNavigator.java:144)
	at com.google.gson.JsonDeserializationContextDefault.fromJsonObject(JsonDeserializationContextDefault.java:75)
	at com.google.gson.JsonDeserializationContextDefault.deserialize(JsonDeserializationContextDefault.java:47)
	at com.google.gson.functional.CustomTypeAdaptersTest$FooTypeAdapter.deserialize(CustomTypeAdaptersTest.java:149)
	at com.google.gson.functional.CustomTypeAdaptersTest$FooTypeAdapter.deserialize(CustomTypeAdaptersTest.java:146)
	at com.google.gson.JsonDeserializerExceptionWrapper.deserialize(JsonDeserializerExceptionWrapper.java:50)
	at com.google.gson.JsonDeserializationVisitor.visitUsingCustomHandler(JsonDeserializationVisitor.java:83)
	at com.google.gson.ObjectNavigator.accept(ObjectNavigator.java:144)
	at com.google.gson.JsonDeserializationContextDefault.fromJsonObject(JsonDeserializationContextDefault.java:75)
	at com.google.gson.JsonDeserializationContextDefault.deserialize(JsonDeserializationContextDefault.java:47)
	at com.google.gson.functional.CustomTypeAdaptersTest$FooTypeAdapter.deserialize(CustomTypeAdaptersTest.java:149)
	at com.google.gson.functional.CustomTypeAdaptersTest$FooTypeAdapter.deserialize(CustomTypeAdaptersTest.java:146)
	at com.google.gson.JsonDeserializerExceptionWrapper.deserialize(JsonDeserializerExceptionWrapper.java:50)
	at com.google.gson.JsonDeserializationVisitor.visitUsingCustomHandler(JsonDeserializationVisitor.java:83)
	at com.google.gson.ObjectNavigator.accept(ObjectNavigator.java:144)
	at com.google.gson.JsonDeserializationContextDefault.fromJsonObject(JsonDeserializationContextDefault.java:75)
	at com.google.gson.JsonDeserializationContextDefault.deserialize(JsonDeserializationContextDefault.java:47)
	at com.google.gson.functional.CustomTypeAdaptersTest$FooTypeAdapter.deserialize(CustomTypeAdaptersTest.java:149)
	at com.google.gson.functional.CustomTypeAdaptersTest$FooTypeAdapter.deserialize(CustomTypeAdaptersTest.java:146)
	at com.google.gson.JsonDeserializerExceptionWrapper.deserialize(JsonDeserializerExceptionWrapper.java:50)
	at com.google.gson.JsonDeserializationVisitor.visitUsingCustomHandler(JsonDeserializationVisitor.java:83)
	at com.google.gson.ObjectNavigator.accept(ObjectNavigator.java:144)
	at com.google.gson.JsonDeserializationContextDefault.fromJsonObject(JsonDeserializationContextDefault.java:75)
	at com.google.gson.JsonDeserializationContextDefault.deserialize(JsonDeserializationContextDefault.java:47)
	at com.google.gson.functional.CustomTypeAdaptersTest$FooTypeAdapter.deserialize(CustomTypeAdaptersTest.java:149)
	at com.google.gson.functional.CustomTypeAdaptersTest$FooTypeAdapter.deserialize(CustomTypeAdaptersTest.java:146)
	at com.google.gson.JsonDeserializerExceptionWrapper.deserialize(JsonDeserializerExceptionWrapper.java:50)
	at com.google.gson.JsonDeserializationVisitor.visitUsingCustomHandler(JsonDeserializationVisitor.java:83)
	at com.google.gson.ObjectNavigator.accept(ObjectNavigator.java:144)
	at com.google.gson.JsonDeserializationContextDefault.fromJsonObject(JsonDeserializationContextDefault.java:75)
	at com.google.gson.JsonDeserializationContextDefault.deserialize(JsonDeserializationContextDefault.java:47)
	at com.google.gson.functional.CustomTypeAdaptersTest$FooTypeAdapter.deserialize(CustomTypeAdaptersTest.java:149)
	at com.google.gson.functional.CustomTypeAdaptersTest$FooTypeAdapter.deserialize(CustomTypeAdaptersTest.java:146)
	at com.google.gson.JsonDeserializerExceptionWrapper.deserialize(JsonDeserializerExceptionWrapper.java:50)
	at com.google.gson.JsonDeserializationVisitor.visitUsingCustomHandler(JsonDeserializationVisitor.java:83)
	at com.google.gson.ObjectNavigator.accept(ObjectNavigator.java:144)
	at com.google.gson.JsonDeserializationContextDefault.fromJsonObject(JsonDeserializationContextDefault.java:75)
	at com.google.gson.JsonDeserializationContextDefault.deserialize(JsonDeserializationContextDefault.java:47)
	at com.google.gson.functional.CustomTypeAdaptersTest$FooTypeAdapter.deserialize(CustomTypeAdaptersTest.java:149)
	at com.google.gson.functional.CustomTypeAdaptersTest$FooTypeAdapter.deserialize(CustomTypeAdaptersTest.java:146)
	at com.google.gson.JsonDeserializerExceptionWrapper.deserialize(JsonDeserializerExceptionWrapper.java:50)
	at com.google.gson.JsonDeserializationVisitor.visitUsingCustomHandler(JsonDeserializationVisitor.java:83)
	at com.google.gson.ObjectNavigator.accept(ObjectNavigator.java:144)
	at com.google.gson.JsonDeserializationContextDefault.fromJsonObject(JsonDeserializationContextDefault.java:75)
	at com.google.gson.JsonDeserializationContextDefault.deserialize(JsonDeserializationContextDefault.java:47)
	at com.google.gson.functional.CustomTypeAdaptersTest$FooTypeAdapter.deserialize(CustomTypeAdaptersTest.java:149)
	at com.google.gson.functional.CustomTypeAdaptersTest$FooTypeAdapter.deserialize(CustomTypeAdaptersTest.java:146)
	at com.google.gson.JsonDeserializerExceptionWrapper.deserialize(JsonDeserializerExceptionWrapper.java:50)
	at com.google.gson.JsonDeserializationVisitor.visitUsingCustomHandler(JsonDeserializationVisitor.java:83)
	at com.google.gson.ObjectNavigator.accept(ObjectNavigator.java:144)
	at com.google.gson.JsonDeserializationContextDefault.fromJsonObject(JsonDeserializationContextDefault.java:75)
	at com.google.gson.JsonDeserializationContextDefault.deserialize(JsonDeserializationContextDefault.java:47)
	at com.google.gson.functional.CustomTypeAdaptersTest$FooTypeAdapter.deserialize(CustomTypeAdaptersTest.java:149)
	at com.google.gson.functional.CustomTypeAdaptersTest$FooTypeAdapter.deserialize(CustomTypeAdaptersTest.java:146)
	at com.google.gson.JsonDeserializerExceptionWrapper.deserialize(JsonDeserializerExceptionWrapper.java:50)
	at com.google.gson.JsonDeserializationVisitor.visitUsingCustomHandler(JsonDeserializationVisitor.java:83)
	at com.google.gson.ObjectNavigator.accept(ObjectNavigator.java:144)
	at com.google.gson.JsonDeserializationContextDefault.fromJsonObject(JsonDeserializationContextDefault.java:75)
	at com.google.gson.JsonDeserializationContextDefault.deserialize(JsonDeserializationContextDefault.java:47)
	at com.google.gson.functional.CustomTypeAdaptersTest$FooTypeAdapter.deserialize(CustomTypeAdaptersTest.java:149)
	at com.google.gson.functional.CustomTypeAdaptersTest$FooTypeAdapter.deserialize(CustomTypeAdaptersTest.java:146)
	at com.google.gson.JsonDeserializerExceptionWrapper.deserialize(JsonDeserializerExceptionWrapper.java:50)
	at com.google.gson.JsonDeserializationVisitor.visitUsingCustomHandler(JsonDeserializationVisitor.java:83)
	at com.google.gson.ObjectNavigator.accept(ObjectNavigator.java:144)
	at com.google.gson.JsonDeserializationContextDefault.fromJsonObject(JsonDeserializationContextDefault.java:75)
	at com.google.gson.JsonDeserializationContextDefault.deserialize(JsonDeserializationContextDefault.java:47)
	at com.google.gson.functional.CustomTypeAdaptersTest$FooTypeAdapter.deserialize(CustomTypeAdaptersTest.java:149)
	at com.google.gson.functional.CustomTypeAdaptersTest$FooTypeAdapter.deserialize(CustomTypeAdaptersTest.java:146)
	at com.google.gson.JsonDeserializerExceptionWrapper.deserialize(JsonDeserializerExceptionWrapper.java:50)
	at com.google.gson.JsonDeserializationVisitor.visitUsingCustomHandler(JsonDeserializationVisitor.java:83)
	at com.google.gson.ObjectNavigator.accept(ObjectNavigator.java:144)
	at com.google.gson.JsonDeserializationContextDefault.fromJsonObject(JsonDeserializationContextDefault.java:75)
	at com.google.gson.JsonDeserializationContextDefault.deserialize(JsonDeserializationContextDefault.java:47)
	at com.google.gson.functional.CustomTypeAdaptersTest$FooTypeAdapter.deserialize(CustomTypeAdaptersTest.java:149)
	at com.google.gson.functional.CustomTypeAdaptersTest$FooTypeAdapter.deserialize(CustomTypeAdaptersTest.java:146)
	at com.google.gson.JsonDeserializerExceptionWrapper.deserialize(JsonDeserializerExceptionWrapper.java:50)
	at com.google.gson.JsonDeserializationVisitor.visitUsingCustomHandler(JsonDeserializationVisitor.java:83)
	at com.google.gson.ObjectNavigator.accept(ObjectNavigator.java:144)
	at com.google.gson.JsonDeserializationContextDefault.fromJsonObject(JsonDeserializationContextDefault.java:75)
	at com.google.gson.JsonDeserializationContextDefault.deserialize(JsonDeserializationContextDefault.java:47)
	at com.google.gson.functional.CustomTypeAdaptersTest$FooTypeAdapter.deserialize(CustomTypeAdaptersTest.java:149)
	at com.google.gson.functional.CustomTypeAdaptersTest$FooTypeAdapter.deserialize(CustomTypeAdaptersTest.java:146)
	at com.google.gson.JsonDeserializerExceptionWrapper.deserialize(JsonDeserializerExceptionWrapper.java:50)
	at com.google.gson.JsonDeserializationVisitor.visitUsingCustomHandler(JsonDeserializationVisitor.java:83)
	at com.google.gson.ObjectNavigator.accept(ObjectNavigator.java:144)
	at com.google.gson.JsonDeserializationContextDefault.fromJsonObject(JsonDeserializationContextDefault.java:75)
	at com.google.gson.JsonDeserializationContextDefault.deserialize(JsonDeserializationContextDefault.java:47)
	at com.google.gson.functional.CustomTypeAdaptersTest$FooTypeAdapter.deserialize(CustomTypeAdaptersTest.java:149)
	at com.google.gson.functional.CustomTypeAdaptersTest$FooTypeAdapter.deserialize(CustomTypeAdaptersTest.java:146)
	at com.google.gson.JsonDeserializerExceptionWrapper.deserialize(JsonDeserializerExceptionWrapper.java:50)
	at com.google.gson.JsonDeserializationVisitor.visitUsingCustomHandler(JsonDeserializationVisitor.java:83)
	at com.google.gson.ObjectNavigator.accept(ObjectNavigator.java:144)
	at com.google.gson.JsonDeserializationContextDefault.fromJsonObject(JsonDeserializationContextDefault.java:75)
	at com.google.gson.JsonDeserializationContextDefault.deserialize(JsonDeserializationContextDefault.java:47)
	at com.google.gson.functional.CustomTypeAdaptersTest$FooTypeAdapter.deserialize(CustomTypeAdaptersTest.java:149)
	at com.google.gson.functional.CustomTypeAdaptersTest$FooTypeAdapter.deserialize(CustomTypeAdaptersTest.java:146)
	at com.google.gson.JsonDeserializerExceptionWrapper.deserialize(JsonDeserializerExceptionWrapper.java:50)
	at com.google.gson.JsonDeserializationVisitor.visitUsingCustomHandler(JsonDeserializationVisitor.java:83)
	at com.google.gson.ObjectNavigator.accept(ObjectNavigator.java:144)
	at com.google.gson.JsonDeserializationContextDefault.fromJsonObject(JsonDeserializationContextDefault.java:75)
	at com.google.gson.JsonDeserializationContextDefault.deserialize(JsonDeserializationContextDefault.java:47)
	at com.google.gson.functional.CustomTypeAdaptersTest$FooTypeAdapter.deserialize(CustomTypeAdaptersTest.java:149)
	at com.google.gson.functional.CustomTypeAdaptersTest$FooTypeAdapter.deserialize(CustomTypeAdaptersTest.java:146)
	at com.google.gson.JsonDeserializerExceptionWrapper.deserialize(JsonDeserializerExceptionWrapper.java:50)
	at com.google.gson.JsonDeserializationVisitor.visitUsingCustomHandler(JsonDeserializationVisitor.java:83)
	at com.google.gson.ObjectNavigator.accept(ObjectNavigator.java:144)
	at com.google.gson.JsonDeserializationContextDefault.fromJsonObject(JsonDeserializationContextDefault.java:75)
	at com.google.gson.JsonDeserializationContextDefault.deserialize(JsonDeserializationContextDefault.java:47)
	at com.google.gson.functional.CustomTypeAdaptersTest$FooTypeAdapter.deserialize(CustomTypeAdaptersTest.java:149)
	at com.google.gson.functional.CustomTypeAdaptersTest$FooTypeAdapter.deserialize(CustomTypeAdaptersTest.java:146)
	at com.google.gson.JsonDeserializerExceptionWrapper.deserialize(JsonDeserializerExceptionWrapper.java:50)
	at com.google.gson.JsonDeserializationVisitor.visitUsingCustomHandler(JsonDeserializationVisitor.java:83)
	at com.google.gson.ObjectNavigator.accept(ObjectNavigator.java:144)
	at com.google.gson.JsonDeserializationContextDefault.fromJsonObject(JsonDeserializationContextDefault.java:75)
	at com.google.gson.JsonDeserializationContextDefault.deserialize(JsonDeserializationContextDefault.java:47)
	at com.google.gson.functional.CustomTypeAdaptersTest$FooTypeAdapter.deserialize(CustomTypeAdaptersTest.java:149)
	at com.google.gson.functional.CustomTypeAdaptersTest$FooTypeAdapter.deserialize(CustomTypeAdaptersTest.java:146)
	at com.google.gson.JsonDeserializerExceptionWrapper.deserialize(JsonDeserializerExceptionWrapper.java:50)
	at com.google.gson.JsonDeserializationVisitor.visitUsingCustomHandler(JsonDeserializationVisitor.java:83)
	at com.google.gson.ObjectNavigator.accept(ObjectNavigator.java:144)
	at com.google.gson.JsonDeserializationContextDefault.fromJsonObject(JsonDeserializationContextDefault.java:75)
	at com.google.gson.JsonDeserializationContextDefault.deserialize(JsonDeserializationContextDefault.java:47)
	at com.google.gson.functional.CustomTypeAdaptersTest$FooTypeAdapter.deserialize(CustomTypeAdaptersTest.java:149)
	at com.google.gson.functional.CustomTypeAdaptersTest$FooTypeAdapter.deserialize(CustomTypeAdaptersTest.java:146)
	at com.google.gson.JsonDeserializerExceptionWrapper.deserialize(JsonDeserializerExceptionWrapper.java:50)
	at com.google.gson.JsonDeserializationVisitor.visitUsingCustomHandler(JsonDeserializationVisitor.java:83)
	at com.google.gson.ObjectNavigator.accept(ObjectNavigator.java:144)
	at com.google.gson.JsonDeserializationContextDefault.fromJsonObject(JsonDeserializationContextDefault.java:75)
	at com.google.gson.JsonDeserializationContextDefault.deserialize(JsonDeserializationContextDefault.java:47)
	at com.google.gson.functional.CustomTypeAdaptersTest$FooTypeAdapter.deserialize(CustomTypeAdaptersTest.java:149)
	at com.google.gson.functional.CustomTypeAdaptersTest$FooTypeAdapter.deserialize(CustomTypeAdaptersTest.java:146)
	at com.google.gson.JsonDeserializerExceptionWrapper.deserialize(JsonDeserializerExceptionWrapper.java:50)
	at com.google.gson.JsonDeserializationVisitor.visitUsingCustomHandler(JsonDeserializationVisitor.java:83)
	at com.google.gson.ObjectNavigator.accept(ObjectNavigator.java:144)
	at com.google.gson.JsonDeserializationContextDefault.fromJsonObject(JsonDeserializationContextDefault.java:75)
	at com.google.gson.JsonDeserializationContextDefault.deserialize(JsonDeserializationContextDefault.java:47)
	at com.google.gson.functional.CustomTypeAdaptersTest$FooTypeAdapter.deserialize(CustomTypeAdaptersTest.java:149)
	at com.google.gson.functional.CustomTypeAdaptersTest$FooTypeAdapter.deserialize(CustomTypeAdaptersTest.java:146)
	at com.google.gson.JsonDeserializerExceptionWrapper.deserialize(JsonDeserializerExceptionWrapper.java:50)
	at com.google.gson.JsonDeserializationVisitor.visitUsingCustomHandler(JsonDeserializationVisitor.java:83)
	at com.google.gson.ObjectNavigator.accept(ObjectNavigator.java:144)
	at com.google.gson.JsonDeserializationContextDefault.fromJsonObject(JsonDeserializationContextDefault.java:75)
	at com.google.gson.JsonDeserializationContextDefault.deserialize(JsonDeserializationContextDefault.java:47)
	at com.google.gson.functional.CustomTypeAdaptersTest$FooTypeAdapter.deserialize(CustomTypeAdaptersTest.java:149)
	at com.google.gson.functional.CustomTypeAdaptersTest$FooTypeAdapter.deserialize(CustomTypeAdaptersTest.java:146)
	at com.google.gson.JsonDeserializerExceptionWrapper.deserialize(JsonDeserializerExceptionWrapper.java:50)
	at com.google.gson.JsonDeserializationVisitor.visitUsingCustomHandler(JsonDeserializationVisitor.java:83)
	at com.google.gson.ObjectNavigator.accept(ObjectNavigator.java:144)
	at com.google.gson.JsonDeserializationContextDefault.fromJsonObject(JsonDeserializationContextDefault.java:75)
	at com.google.gson.JsonDeserializationContextDefault.deserialize(JsonDeserializationContextDefault.java:47)
	at com.google.gson.functional.CustomTypeAdaptersTest$FooTypeAdapter.deserialize(CustomTypeAdaptersTest.java:149)
	at com.google.gson.functional.CustomTypeAdaptersTest$FooTypeAdapter.deserialize(CustomTypeAdaptersTest.java:146)
	at com.google.gson.JsonDeserializerExceptionWrapper.deserialize(JsonDeserializerExceptionWrapper.java:50)
	at com.google.gson.JsonDeserializationVisitor.visitUsingCustomHandler(JsonDeserializationVisitor.java:83)
	at com.google.gson.ObjectNavigator.accept(ObjectNavigator.java:144)
	at com.google.gson.JsonDeserializationContextDefault.fromJsonObject(JsonDeserializationContextDefault.java:75)
	at com.google.gson.JsonDeserializationContextDefault.deserialize(JsonDeserializationContextDefault.java:47)
	at com.google.gson.functional.CustomTypeAdaptersTest$FooTypeAdapter.deserialize(CustomTypeAdaptersTest.java:149)
	at com.google.gson.functional.CustomTypeAdaptersTest$FooTypeAdapter.deserialize(CustomTypeAdaptersTest.java:146)
	at com.google.gson.JsonDeserializerExceptionWrapper.deserialize(JsonDeserializerExceptionWrapper.java:50)
	at com.google.gson.JsonDeserializationVisitor.visitUsingCustomHandler(JsonDeserializationVisitor.java:83)
	at com.google.gson.ObjectNavigator.accept(ObjectNavigator.java:144)
	at com.google.gson.JsonDeserializationContextDefault.fromJsonObject(JsonDeserializationContextDefault.java:75)
	at com.google.gson.JsonDeserializationContextDefault.deserialize(JsonDeserializationContextDefault.java:47)
	at com.google.gson.functional.CustomTypeAdaptersTest$FooTypeAdapter.deserialize(CustomTypeAdaptersTest.java:149)
	at com.google.gson.functional.CustomTypeAdaptersTest$FooTypeAdapter.deserialize(CustomTypeAdaptersTest.java:146)
	at com.google.gson.JsonDeserializerExceptionWrapper.deserialize(JsonDeserializerExceptionWrapper.java:50)
	at com.google.gson.JsonDeserializationVisitor.visitUsingCustomHandler(JsonDeserializationVisitor.java:83)
	at com.google.gson.ObjectNavigator.accept(ObjectNavigator.java:144)
	at com.google.gson.JsonDeserializationContextDefault.fromJsonObject(JsonDeserializationContextDefault.java:75)
	at com.google.gson.JsonDeserializationContextDefault.deserialize(JsonDeserializationContextDefault.java:47)
	at com.google.gson.functional.CustomTypeAdaptersTest$FooTypeAdapter.deserialize(CustomTypeAdaptersTest.java:149)
	at com.google.gson.functional.CustomTypeAdaptersTest$FooTypeAdapter.deserialize(CustomTypeAdaptersTest.java:146)
	at com.google.gson.JsonDeserializerExceptionWrapper.deserialize(JsonDeserializerExceptionWrapper.java:50)
	at com.google.gson.JsonDeserializationVisitor.visitUsingCustomHandler(JsonDeserializationVisitor.java:83)
	at com.google.gson.ObjectNavigator.accept(ObjectNavigator.java:144)
	at com.google.gson.JsonDeserializationContextDefault.fromJsonObject(JsonDeserializationContextDefault.java:75)
	at com.google.gson.JsonDeserializationContextDefault.deserialize(JsonDeserializationContextDefault.java:47)
	at com.google.gson.functional.CustomTypeAdaptersTest$FooTypeAdapter.deserialize(CustomTypeAdaptersTest.java:149)
	at com.google.gson.functional.CustomTypeAdaptersTest$FooTypeAdapter.deserialize(CustomTypeAdaptersTest.java:146)
	at com.google.gson.JsonDeserializerExceptionWrapper.deserialize(JsonDeserializerExceptionWrapper.java:50)
	at com.google.gson.JsonDeserializationVisitor.visitUsingCustomHandler(JsonDeserializationVisitor.java:83)
	at com.google.gson.ObjectNavigator.accept(ObjectNavigator.java:144)
	at com.google.gson.JsonDeserializationContextDefault.fromJsonObject(JsonDeserializationContextDefault.java:75)
	at com.google.gson.JsonDeserializationContextDefault.deserialize(JsonDeserializationContextDefault.java:47)
	at com.google.gson.functional.CustomTypeAdaptersTest$FooTypeAdapter.deserialize(CustomTypeAdaptersTest.java:149)
	at com.google.gson.functional.CustomTypeAdaptersTest$FooTypeAdapter.deserialize(CustomTypeAdaptersTest.java:146)
	at com.google.gson.JsonDeserializerExceptionWrapper.deserialize(JsonDeserializerExceptionWrapper.java:50)
	at com.google.gson.JsonDeserializationVisitor.visitUsingCustomHandler(JsonDeserializationVisitor.java:83)
	at com.google.gson.ObjectNavigator.accept(ObjectNavigator.java:144)
	at com.google.gson.JsonDeserializationContextDefault.fromJsonObject(JsonDeserializationContextDefault.java:75)
	at com.google.gson.JsonDeserializationContextDefault.deserialize(JsonDeserializationContextDefault.java:47)
	at com.google.gson.functional.CustomTypeAdaptersTest$FooTypeAdapter.deserialize(CustomTypeAdaptersTest.java:149)
	at com.google.gson.functional.CustomTypeAdaptersTest$FooTypeAdapter.deserialize(CustomTypeAdaptersTest.java:146)
	at com.google.gson.JsonDeserializerExceptionWrapper.deserialize(JsonDeserializerExceptionWrapper.java:50)
	at com.google.gson.JsonDeserializationVisitor.visitUsingCustomHandler(JsonDeserializationVisitor.java:83)
	at com.google.gson.ObjectNavigator.accept(ObjectNavigator.java:144)
	at com.google.gson.JsonDeserializationContextDefault.fromJsonObject(JsonDeserializationContextDefault.java:75)
	at com.google.gson.JsonDeserializationContextDefault.deserialize(JsonDeserializationContextDefault.java:47)
	at com.google.gson.functional.CustomTypeAdaptersTest$FooTypeAdapter.deserialize(CustomTypeAdaptersTest.java:149)
	at com.google.gson.functional.CustomTypeAdaptersTest$FooTypeAdapter.deserialize(CustomTypeAdaptersTest.java:146)
	at com.google.gson.JsonDeserializerExceptionWrapper.deserialize(JsonDeserializerExceptionWrapper.java:50)
	at com.google.gson.JsonDeserializationVisitor.visitUsingCustomHandler(JsonDeserializationVisitor.java:83)
	at com.google.gson.ObjectNavigator.accept(ObjectNavigator.java:144)
	at com.google.gson.JsonDeserializationContextDefault.fromJsonObject(JsonDeserializationContextDefault.java:75)
	at com.google.gson.JsonDeserializationContextDefault.deserialize(JsonDeserializationContextDefault.java:47)
	at com.google.gson.functional.CustomTypeAdaptersTest$FooTypeAdapter.deserialize(CustomTypeAdaptersTest.java:149)
	at com.google.gson.functional.CustomTypeAdaptersTest$FooTypeAdapter.deserialize(CustomTypeAdaptersTest.java:146)
	at com.google.gson.JsonDeserializerExceptionWrapper.deserialize(JsonDeserializerExceptionWrapper.java:50)
	at com.google.gson.JsonDeserializationVisitor.visitUsingCustomHandler(JsonDeserializationVisitor.java:83)
	at com.google.gson.ObjectNavigator.accept(ObjectNavigator.java:144)
	at com.google.gson.JsonDeserializationContextDefault.fromJsonObject(JsonDeserializationContextDefault.java:75)
	at com.google.gson.JsonDeserializationContextDefault.deserialize(JsonDeserializationContextDefault.java:47)
	at com.google.gson.functional.CustomTypeAdaptersTest$FooTypeAdapter.deserialize(CustomTypeAdaptersTest.java:149)
	at com.google.gson.functional.CustomTypeAdaptersTest$FooTypeAdapter.deserialize(CustomTypeAdaptersTest.java:146)
	at com.google.gson.JsonDeserializerExceptionWrapper.deserialize(JsonDeserializerExceptionWrapper.java:50)
	at com.google.gson.JsonDeserializationVisitor.visitUsingCustomHandler(JsonDeserializationVisitor.java:83)
	at com.google.gson.ObjectNavigator.accept(ObjectNavigator.java:144)
	at com.google.gson.JsonDeserializationContextDefault.fromJsonObject(JsonDeserializationContextDefault.java:75)
	at com.google.gson.JsonDeserializationContextDefault.deserialize(JsonDeserializationContextDefault.java:47)
	at com.google.gson.functional.CustomTypeAdaptersTest$FooTypeAdapter.deserialize(CustomTypeAdaptersTest.java:149)
	at com.google.gson.functional.CustomTypeAdaptersTest$FooTypeAdapter.deserialize(CustomTypeAdaptersTest.java:146)
	at com.google.gson.JsonDeserializerExceptionWrapper.deserialize(JsonDeserializerExceptionWrapper.java:50)
	at com.google.gson.JsonDeserializationVisitor.visitUsingCustomHandler(JsonDeserializationVisitor.java:83)
	at com.google.gson.ObjectNavigator.accept(ObjectNavigator.java:144)
	at com.google.gson.JsonDeserializationContextDefault.fromJsonObject(JsonDeserializationContextDefault.java:75)
	at com.google.gson.JsonDeserializationContextDefault.deserialize(JsonDeserializationContextDefault.java:47)
	at com.google.gson.functional.CustomTypeAdaptersTest$FooTypeAdapter.deserialize(CustomTypeAdaptersTest.java:149)
	at com.google.gson.functional.CustomTypeAdaptersTest$FooTypeAdapter.deserialize(CustomTypeAdaptersTest.java:146)
	at com.google.gson.JsonDeserializerExceptionWrapper.deserialize(JsonDeserializerExceptionWrapper.java:50)
	at com.google.gson.JsonDeserializationVisitor.visitUsingCustomHandler(JsonDeserializationVisitor.java:83)
	at com.google.gson.ObjectNavigator.accept(ObjectNavigator.java:144)
	at com.google.gson.JsonDeserializationContextDefault.fromJsonObject(JsonDeserializationContextDefault.java:75)
	at com.google.gson.JsonDeserializationContextDefault.deserialize(JsonDeserializationContextDefault.java:47)
	at com.google.gson.functional.CustomTypeAdaptersTest$FooTypeAdapter.deserialize(CustomTypeAdaptersTest.java:149)
	at com.google.gson.functional.CustomTypeAdaptersTest$FooTypeAdapter.deserialize(CustomTypeAdaptersTest.java:146)
	at com.google.gson.JsonDeserializerExceptionWrapper.deserialize(JsonDeserializerExceptionWrapper.java:50)
	at com.google.gson.JsonDeserializationVisitor.visitUsingCustomHandler(JsonDeserializationVisitor.java:83)
	at com.google.gson.ObjectNavigator.accept(ObjectNavigator.java:144)
	at com.google.gson.JsonDeserializationContextDefault.fromJsonObject(JsonDeserializationContextDefault.java:75)
	at com.google.gson.JsonDeserializationContextDefault.deserialize(JsonDeserializationContextDefault.java:47)
	at com.google.gson.functional.CustomTypeAdaptersTest$FooTypeAdapter.deserialize(CustomTypeAdaptersTest.java:149)
	at com.google.gson.functional.CustomTypeAdaptersTest$FooTypeAdapter.deserialize(CustomTypeAdaptersTest.java:146)
	at com.google.gson.JsonDeserializerExceptionWrapper.deserialize(JsonDeserializerExceptionWrapper.java:50)
	at com.google.gson.JsonDeserializationVisitor.visitUsingCustomHandler(JsonDeserializationVisitor.java:83)
	at com.google.gson.ObjectNavigator.accept(ObjectNavigator.java:144)
	at com.google.gson.JsonDeserializationContextDefault.fromJsonObject(JsonDeserializationContextDefault.java:75)
	at com.google.gson.JsonDeserializationContextDefault.deserialize(JsonDeserializationContextDefault.java:47)
	at com.google.gson.functional.CustomTypeAdaptersTest$FooTypeAdapter.deserialize(CustomTypeAdaptersTest.java:149)
	at com.google.gson.functional.CustomTypeAdaptersTest$FooTypeAdapter.deserialize(CustomTypeAdaptersTest.java:146)
	at com.google.gson.JsonDeserializerExceptionWrapper.deserialize(JsonDeserializerExceptionWrapper.java:50)
	at com.google.gson.JsonDeserializationVisitor.visitUsingCustomHandler(JsonDeserializationVisitor.java:83)
	at com.google.gson.ObjectNavigator.accept(ObjectNavigator.java:144)
	at com.google.gson.JsonDeserializationContextDefault.fromJsonObject(JsonDeserializationContextDefault.java:75)
	at com.google.gson.JsonDeserializationContextDefault.deserialize(JsonDeserializationContextDefault.java:47)
	at com.google.gson.functional.CustomTypeAdaptersTest$FooTypeAdapter.deserialize(CustomTypeAdaptersTest.java:149)
	at com.google.gson.functional.CustomTypeAdaptersTest$FooTypeAdapter.deserialize(CustomTypeAdaptersTest.java:146)
	at com.google.gson.JsonDeserializerExceptionWrapper.deserialize(JsonDeserializerExceptionWrapper.java:50)
	at com.google.gson.JsonDeserializationVisitor.visitUsingCustomHandler(JsonDeserializationVisitor.java:83)
	at com.google.gson.ObjectNavigator.accept(ObjectNavigator.java:144)
	at com.google.gson.JsonDeserializationContextDefault.fromJsonObject(JsonDeserializationContextDefault.java:75)
	at com.google.gson.JsonDeserializationContextDefault.deserialize(JsonDeserializationContextDefault.java:47)
	at com.google.gson.functional.CustomTypeAdaptersTest$FooTypeAdapter.deserialize(CustomTypeAdaptersTest.java:149)
	at com.google.gson.functional.CustomTypeAdaptersTest$FooTypeAdapter.deserialize(CustomTypeAdaptersTest.java:146)
	at com.google.gson.JsonDeserializerExceptionWrapper.deserialize(JsonDeserializerExceptionWrapper.java:50)
	at com.google.gson.JsonDeserializationVisitor.visitUsingCustomHandler(JsonDeserializationVisitor.java:83)
	at com.google.gson.ObjectNavigator.accept(ObjectNavigator.java:144)
	at com.google.gson.JsonDeserializationContextDefault.fromJsonObject(JsonDeserializationContextDefault.java:75)
	at com.google.gson.JsonDeserializationContextDefault.deserialize(JsonDeserializationContextDefault.java:47)
	at com.google.gson.functional.CustomTypeAdaptersTest$FooTypeAdapter.deserialize(CustomTypeAdaptersTest.java:149)
	at com.google.gson.functional.CustomTypeAdaptersTest$FooTypeAdapter.deserialize(CustomTypeAdaptersTest.java:146)
	at com.google.gson.JsonDeserializerExceptionWrapper.deserialize(JsonDeserializerExceptionWrapper.java:50)
	at com.google.gson.JsonDeserializationVisitor.visitUsingCustomHandler(JsonDeserializationVisitor.java:83)
	at com.google.gson.ObjectNavigator.accept(ObjectNavigator.java:144)
	at com.google.gson.JsonDeserializationContextDefault.fromJsonObject(JsonDeserializationContextDefault.java:75)
	at com.google.gson.JsonDeserializationContextDefault.deserialize(JsonDeserializationContextDefault.java:47)
	at com.google.gson.functional.CustomTypeAdaptersTest$FooTypeAdapter.deserialize(CustomTypeAdaptersTest.java:149)
	at com.google.gson.functional.CustomTypeAdaptersTest$FooTypeAdapter.deserialize(CustomTypeAdaptersTest.java:146)
	at com.google.gson.JsonDeserializerExceptionWrapper.deserialize(JsonDeserializerExceptionWrapper.java:50)
	at com.google.gson.JsonDeserializationVisitor.visitUsingCustomHandler(JsonDeserializationVisitor.java:83)
	at com.google.gson.ObjectNavigator.accept(ObjectNavigator.java:144)
	at com.google.gson.JsonDeserializationContextDefault.fromJsonObject(JsonDeserializationContextDefault.java:75)
	at com.google.gson.JsonDeserializationContextDefault.deserialize(JsonDeserializationContextDefault.java:47)
	at com.google.gson.functional.CustomTypeAdaptersTest$FooTypeAdapter.deserialize(CustomTypeAdaptersTest.java:149)
	at com.google.gson.functional.CustomTypeAdaptersTest$FooTypeAdapter.deserialize(CustomTypeAdaptersTest.java:146)
	at com.google.gson.JsonDeserializerExceptionWrapper.deserialize(JsonDeserializerExceptionWrapper.java:50)
	at com.google.gson.JsonDeserializationVisitor.visitUsingCustomHandler(JsonDeserializationVisitor.java:83)
	at com.google.gson.ObjectNavigator.accept(ObjectNavigator.java:144)
	at com.google.gson.JsonDeserializationContextDefault.fromJsonObject(JsonDeserializationContextDefault.java:75)
	at com.google.gson.JsonDeserializationContextDefault.deserialize(JsonDeserializationContextDefault.java:47)
	at com.google.gson.functional.CustomTypeAdaptersTest$FooTypeAdapter.deserialize(CustomTypeAdaptersTest.java:149)
	at com.google.gson.functional.CustomTypeAdaptersTest$FooTypeAdapter.deserialize(CustomTypeAdaptersTest.java:146)
	at com.google.gson.JsonDeserializerExceptionWrapper.deserialize(JsonDeserializerExceptionWrapper.java:50)
	at com.google.gson.JsonDeserializationVisitor.visitUsingCustomHandler(JsonDeserializationVisitor.java:83)
	at com.google.gson.ObjectNavigator.accept(ObjectNavigator.java:144)
	at com.google.gson.JsonDeserializationContextDefault.fromJsonObject(JsonDeserializationContextDefault.java:75)
	at com.google.gson.JsonDeserializationContextDefault.deserialize(JsonDeserializationContextDefault.java:47)
	at com.google.gson.functional.CustomTypeAdaptersTest$FooTypeAdapter.deserialize(CustomTypeAdaptersTest.java:149)
	at com.google.gson.functional.CustomTypeAdaptersTest$FooTypeAdapter.deserialize(CustomTypeAdaptersTest.java:146)
	at com.google.gson.JsonDeserializerExceptionWrapper.deserialize(JsonDeserializerExceptionWrapper.java:50)
	at com.google.gson.JsonDeserializationVisitor.visitUsingCustomHandler(JsonDeserializationVisitor.java:83)
	at com.google.gson.ObjectNavigator.accept(ObjectNavigator.java:144)
	at com.google.gson.JsonDeserializationContextDefault.fromJsonObject(JsonDeserializationContextDefault.java:75)
	at com.google.gson.JsonDeserializationContextDefault.deserialize(JsonDeserializationContextDefault.java:47)
	at com.google.gson.functional.CustomTypeAdaptersTest$FooTypeAdapter.deserialize(CustomTypeAdaptersTest.java:149)
	at com.google.gson.functional.CustomTypeAdaptersTest$FooTypeAdapter.deserialize(CustomTypeAdaptersTest.java:146)
	at com.google.gson.JsonDeserializerExceptionWrapper.deserialize(JsonDeserializerExceptionWrapper.java:50)
	at com.google.gson.JsonDeserializationVisitor.visitUsingCustomHandler(JsonDeserializationVisitor.java:83)
	at com.google.gson.ObjectNavigator.accept(ObjectNavigator.java:144)
	at com.google.gson.JsonDeserializationContextDefault.fromJsonObject(JsonDeserializationContextDefault.java:75)
	at com.google.gson.JsonDeserializationContextDefault.deserialize(JsonDeserializationContextDefault.java:47)
	at com.google.gson.functional.CustomTypeAdaptersTest$FooTypeAdapter.deserialize(CustomTypeAdaptersTest.java:149)

Running com.google.gson.functional.ReadersWritersTest
Tests run: 6, Failures: 0, Errors: 0, Skipped: 0, Time elapsed: 0 sec
Running com.google.gson.functional.DefaultTypeAdaptersTest
Tests run: 25, Failures: 0, Errors: 0, Skipped: 0, Time elapsed: 0.008 sec
Running com.google.gson.functional.NullObjectAndFieldTest
Tests run: 8, Failures: 0, Errors: 0, Skipped: 0, Time elapsed: 0.006 sec
Running com.google.gson.functional.VersioningTest
Tests run: 6, Failures: 0, Errors: 0, Skipped: 0, Time elapsed: 0.007 sec
Running com.google.gson.functional.EscapingTest
Tests run: 2, Failures: 0, Errors: 0, Skipped: 0, Time elapsed: 0.002 sec
Running com.google.gson.functional.CollectionTest
Tests run: 13, Failures: 0, Errors: 0, Skipped: 0, Time elapsed: 0.015 sec
Running com.google.gson.functional.ArrayTest
Tests run: 11, Failures: 0, Errors: 0, Skipped: 0, Time elapsed: 0.01 sec
Running com.google.gson.functional.PrintFormattingTest
Tests run: 1, Failures: 0, Errors: 0, Skipped: 0, Time elapsed: 0 sec
Running com.google.gson.functional.StringTest
Tests run: 14, Failures: 0, Errors: 0, Skipped: 0, Time elapsed: 0.009 sec
Running com.google.gson.functional.UncategorizedTest
Tests run: 4, Failures: 0, Errors: 0, Skipped: 0, Time elapsed: 0.005 sec
Running com.google.gson.functional.NamingPolicyTest
Tests run: 4, Failures: 0, Errors: 0, Skipped: 0, Time elapsed: 0.007 sec
Running com.google.gson.functional.PrimitiveTest
Tests run: 31, Failures: 0, Errors: 0, Skipped: 0, Time elapsed: 0.024 sec
Running com.google.gson.TypeInfoArrayTest
Tests run: 10, Failures: 0, Errors: 0, Skipped: 0, Time elapsed: 0.007 sec
Running com.google.gson.ExposeAnnotationBasedExclusionStrategyTest
Tests run: 3, Failures: 0, Errors: 0, Skipped: 0, Time elapsed: 0.002 sec
Running com.google.gson.TypeInfoTest
Tests run: 9, Failures: 0, Errors: 0, Skipped: 0, Time elapsed: 0.006 sec
Running com.google.gson.SerializedNameAnnotationInterceptingNamingPolicyTest
Tests run: 2, Failures: 0, Errors: 0, Skipped: 0, Time elapsed: 0.001 sec
Running com.google.gson.TypeUtilsTest
Tests run: 5, Failures: 0, Errors: 0, Skipped: 0, Time elapsed: 0.002 sec
Running com.google.gson.StringUnmarshallerTest
Tests run: 11, Failures: 0, Errors: 0, Skipped: 0, Time elapsed: 0.005 sec

Results :

Tests in error: 
  testCustomSerializersOfSelf(com.google.gson.functional.CustomTypeAdaptersTest): The JsonSerializer com.google.gson.functional.CustomTypeAdaptersTest$FooTypeAdapter@3a4afd8d failed to serialized object com.google.gson.functional.CustomTypeAdaptersTest$Foo@3cd1f1c8 given the type class com.google.gson.functional.CustomTypeAdaptersTest$Foo
  testCustomDeserializersOfSelf(com.google.gson.functional.CustomTypeAdaptersTest): Failed parsing JSON source: java.io.StringReader@12f40c25 to Json

Tests run: 363, Failures: 0, Errors: 2, Skipped: 0

[[1;34mINFO[m] [1m------------------------------------------------------------------------[m
[[1;34mINFO[m] [1;31mBUILD FAILURE[m
[[1;34mINFO[m] [1m------------------------------------------------------------------------[m
[[1;34mINFO[m] Total time:  5.883 s
[[1;34mINFO[m] Finished at: 2021-01-11T04:44:20+01:00
[[1;34mINFO[m] [1m------------------------------------------------------------------------[m
[[1;31mERROR[m] Failed to execute goal [32morg.apache.maven.plugins:maven-surefire-plugin:2.12.4:test[m [1m(default-test)[m on project [36mgson[m: [1;31mThere are test failures.[m
[[1;31mERROR[m] [1;31m[m
[[1;31mERROR[m] [1;31mPlease refer to /tmp/v1/gson/target/surefire-reports for the individual test results.[m
[[1;31mERROR[m] -> [1m[Help 1][m
[[1;31mERROR[m] 
[[1;31mERROR[m] To see the full stack trace of the errors, re-run Maven with the [1m-e[m switch.
[[1;31mERROR[m] Re-run Maven using the [1m-X[m switch to enable full debug logging.
[[1;31mERROR[m] 
[[1;31mERROR[m] For more information about the errors and possible solutions, please read the following articles:
[[1;31mERROR[m] [1m[Help 1][m http://cwiki.apache.org/confluence/display/MAVEN/MojoFailureException
Writing HTML report to '/tmp/v1/gson/target/clover/report'
Done. Processed 6 packages in 2325ms (387ms per package).
[INFO] Computing coverage for /tmp/v2/gson/
[WARN] Maven will be executed in interactive mode, but no input stream has been configured for this MavenInvoker instance.
[[1;34mINFO[m] Scanning for projects...
[[1;33mWARNING[m] 
[[1;33mWARNING[m] Some problems were encountered while building the effective model for com.google.code.gson:gson:jar:1.2
[[1;33mWARNING[m] 'build.plugins.plugin.version' for org.apache.maven.plugins:maven-compiler-plugin is missing. @ line 53, column 15
[[1;33mWARNING[m] 'build.plugins.plugin.version' for org.codehaus.mojo:cobertura-maven-plugin is missing. @ line 182, column 15
[[1;33mWARNING[m] 'build.plugins.plugin.version' for org.apache.maven.plugins:maven-jar-plugin is missing. @ line 61, column 16
[[1;33mWARNING[m] 'build.plugins.plugin.version' for org.apache.maven.plugins:maven-jxr-plugin is missing. @ line 145, column 15
[[1;33mWARNING[m] 'build.plugins.plugin.version' for org.apache.maven.plugins:maven-pmd-plugin is missing. @ line 149, column 15
[[1;33mWARNING[m] 'build.plugins.plugin.version' for org.codehaus.mojo:taglist-maven-plugin is missing. @ line 170, column 15
[[1;33mWARNING[m] 'build.plugins.plugin.version' for org.apache.maven.plugins:maven-checkstyle-plugin is missing. @ line 162, column 15
[[1;33mWARNING[m] 'build.plugins.plugin.version' for org.apache.maven.plugins:maven-source-plugin is missing. @ line 73, column 16
[[1;33mWARNING[m] 'build.plugins.plugin.version' for org.apache.maven.plugins:maven-javadoc-plugin is missing. @ line 87, column 16
[[1;33mWARNING[m] 'build.plugins.plugin.version' for org.apache.maven.plugins:maven-eclipse-plugin is missing. @ line 107, column 16
[[1;33mWARNING[m] The expression ${version} is deprecated. Please use ${project.version} instead.
[[1;33mWARNING[m] 
[[1;33mWARNING[m] It is highly recommended to fix these problems because they threaten the stability of your build.
[[1;33mWARNING[m] 
[[1;33mWARNING[m] For this reason, future Maven versions might no longer support building such malformed projects.
[[1;33mWARNING[m] 
[[1;34mINFO[m] 
[[1;34mINFO[m] [1m---------------------< [0;36mcom.google.code.gson:gson[0;1m >----------------------[m
[[1;34mINFO[m] [1mBuilding Gson 1.2[m
[[1;34mINFO[m] [1m--------------------------------[ jar ]---------------------------------[m
[[1;34mINFO[m] 
[[1;34mINFO[m] [1m--- [0;32mmaven-clean-plugin:2.5:clean[m [1m(default-clean)[m @ [36mgson[0;1m ---[m
[[1;34mINFO[m] Deleting /tmp/v2/gson/target
[[1;34mINFO[m] 
[[1;34mINFO[m] [1m--- [0;32mcobertura-maven-plugin:2.7:clean[m [1m(clean)[m @ [36mgson[0;1m ---[m
[[1;34mINFO[m] Skipping cobertura execution
[[1;34mINFO[m] 
[[1;34mINFO[m] [1m--- [0;32mclover-maven-plugin:4.4.1:setup[m [1m(default-cli)[m @ [36mgson[0;1m ---[m
[[1;34mINFO[m] OpenClover Version 4.4.1, built on October 11 2019 (build-1020)
[[1;34mINFO[m] Creating new database at '/tmp/v2/gson/target/clover/clover.db'.
[[1;34mINFO[m] Processing files at 1.8 source level.
[[1;34mINFO[m] Clover all over. Instrumented 84 files (3 packages).
[[1;34mINFO[m] OpenClover Version 4.4.1, built on October 11 2019 (build-1020)
[[1;34mINFO[m] Updating existing database at '/tmp/v2/gson/target/clover/clover.db'.
[[1;34mINFO[m] Processing files at 1.8 source level.
[[1;34mINFO[m] Clover all over. Instrumented 54 files (4 packages).
[[1;34mINFO[m] 361 test methods detected.
[[1;34mINFO[m] 
[[1;34mINFO[m] [1m--- [0;32mmaven-resources-plugin:2.6:resources[m [1m(default-resources)[m @ [36mgson[0;1m ---[m
[[1;33mWARNING[m] Using platform encoding (UTF-8 actually) to copy filtered resources, i.e. build is platform dependent!
[[1;34mINFO[m] Copying 1 resource
[[1;34mINFO[m] Copying 1 resource
[[1;34mINFO[m] 
[[1;34mINFO[m] [1m--- [0;32mmaven-compiler-plugin:3.1:compile[m [1m(default-compile)[m @ [36mgson[0;1m ---[m
[[1;34mINFO[m] Changes detected - recompiling the module!
[[1;33mWARNING[m] File encoding has not been set, using platform encoding UTF-8, i.e. build is platform dependent!
[[1;34mINFO[m] Compiling 84 source files to /tmp/v2/gson/target/classes
[[1;33mWARNING[m] /tmp/v2/gson/target/clover/src-instrumented/com/google/gson/JsonParser.java: /tmp/v2/gson/target/clover/src-instrumented/com/google/gson/JsonParser.java uses unchecked or unsafe operations.
[[1;33mWARNING[m] /tmp/v2/gson/target/clover/src-instrumented/com/google/gson/JsonParser.java: Recompile with -Xlint:unchecked for details.
[[1;34mINFO[m] 
[[1;34mINFO[m] [1m--- [0;32mmaven-resources-plugin:2.6:testResources[m [1m(default-testResources)[m @ [36mgson[0;1m ---[m
[[1;33mWARNING[m] Using platform encoding (UTF-8 actually) to copy filtered resources, i.e. build is platform dependent!
[[1;34mINFO[m] skip non existing resourceDirectory /tmp/v2/gson/src/test/resources
[[1;34mINFO[m] 
[[1;34mINFO[m] [1m--- [0;32mmaven-compiler-plugin:3.1:testCompile[m [1m(default-testCompile)[m @ [36mgson[0;1m ---[m
[[1;34mINFO[m] Changes detected - recompiling the module!
[[1;33mWARNING[m] File encoding has not been set, using platform encoding UTF-8, i.e. build is platform dependent!
[[1;34mINFO[m] Compiling 54 source files to /tmp/v2/gson/target/test-classes
[[1;33mWARNING[m] /tmp/v2/gson/target/clover/src-test-instrumented/com/google/gson/functional/DefaultTypeAdaptersTest.java: /tmp/v2/gson/target/clover/src-test-instrumented/com/google/gson/functional/DefaultTypeAdaptersTest.java uses or overrides a deprecated API.
[[1;33mWARNING[m] /tmp/v2/gson/target/clover/src-test-instrumented/com/google/gson/functional/DefaultTypeAdaptersTest.java: Recompile with -Xlint:deprecation for details.
[[1;33mWARNING[m] /tmp/v2/gson/target/clover/src-test-instrumented/com/google/gson/functional/ParameterizedTypesTest.java: Some input files use unchecked or unsafe operations.
[[1;33mWARNING[m] /tmp/v2/gson/target/clover/src-test-instrumented/com/google/gson/functional/ParameterizedTypesTest.java: Recompile with -Xlint:unchecked for details.
[[1;34mINFO[m] 
[[1;34mINFO[m] [1m--- [0;32mmaven-surefire-plugin:2.12.4:test[m [1m(default-test)[m @ [36mgson[0;1m ---[m
[[1;34mINFO[m] Surefire report directory: /tmp/v2/gson/target/surefire-reports

-------------------------------------------------------
 T E S T S
-------------------------------------------------------
Running com.google.gson.CamelCaseSeparatorNamingPolicyTest
Tests run: 5, Failures: 0, Errors: 0, Skipped: 0, Time elapsed: 0.046 sec
Running com.google.gson.FunctionalWithInternalDependenciesTest
Tests run: 7, Failures: 0, Errors: 0, Skipped: 0, Time elapsed: 0.079 sec
Running com.google.gson.DefaultDateTypeAdapterTest
Tests run: 3, Failures: 0, Errors: 0, Skipped: 0, Time elapsed: 0.002 sec
Running com.google.gson.GenericArrayTypeImplTest
Tests run: 2, Failures: 0, Errors: 0, Skipped: 0, Time elapsed: 0.003 sec
Running com.google.gson.GsonTypeAdapterTest
Tests run: 4, Failures: 0, Errors: 0, Skipped: 0, Time elapsed: 0.019 sec
Running com.google.gson.JsonFieldNameValidatorTest
Tests run: 10, Failures: 0, Errors: 0, Skipped: 0, Time elapsed: 0.007 sec
Running com.google.gson.JavaFieldNamingPolicyTest
Tests run: 2, Failures: 0, Errors: 0, Skipped: 0, Time elapsed: 0.002 sec
Running com.google.gson.common.TestTypes
Tests run: 0, Failures: 0, Errors: 0, Skipped: 0, Time elapsed: 0.001 sec
Running com.google.gson.GsonBuilderTest
Tests run: 1, Failures: 0, Errors: 0, Skipped: 0, Time elapsed: 0 sec
Running com.google.gson.JsonDeserializerExceptionWrapperTest
Tests run: 3, Failures: 0, Errors: 0, Skipped: 0, Time elapsed: 0.004 sec
Running com.google.gson.LowerCamelCaseSeparatorNamingPolicyTest
Tests run: 3, Failures: 0, Errors: 0, Skipped: 0, Time elapsed: 0.004 sec
Running com.google.gson.DisjunctionExclusionStrategyTest
Tests run: 3, Failures: 0, Errors: 0, Skipped: 0, Time elapsed: 0.002 sec
Running com.google.gson.ModifyFirstLetterNamingPolicyTest
Tests run: 8, Failures: 0, Errors: 0, Skipped: 0, Time elapsed: 0.006 sec
Running com.google.gson.NullExclusionStrategyTest
Tests run: 2, Failures: 0, Errors: 0, Skipped: 0, Time elapsed: 0.001 sec
Running com.google.gson.JsonSerializerExceptionWrapperTest
Tests run: 3, Failures: 0, Errors: 0, Skipped: 0, Time elapsed: 0.002 sec
Running com.google.gson.TypeInfoMapTest
Tests run: 4, Failures: 0, Errors: 0, Skipped: 0, Time elapsed: 0.003 sec
Running com.google.gson.LowerCaseNamingPolicyTest
Tests run: 3, Failures: 0, Errors: 0, Skipped: 0, Time elapsed: 0.005 sec
Running com.google.gson.TypeInfoFactoryTest
Tests run: 17, Failures: 0, Errors: 0, Skipped: 0, Time elapsed: 0.017 sec
Running com.google.gson.MemoryRefStackTest
Tests run: 4, Failures: 0, Errors: 0, Skipped: 0, Time elapsed: 0.002 sec
Running com.google.gson.PrimitiveTypeAdapterTest
Tests run: 4, Failures: 0, Errors: 0, Skipped: 0, Time elapsed: 0.005 sec
Running com.google.gson.metrics.PerformanceTest
Tests run: 1, Failures: 0, Errors: 0, Skipped: 0, Time elapsed: 0.001 sec
Running com.google.gson.ParameterizedTypeImplTest
Tests run: 2, Failures: 0, Errors: 0, Skipped: 0, Time elapsed: 0.001 sec
Running com.google.gson.ParameterizedTypeHandlerMapTest
Jan 11, 2021 4:44:30 AM com.google.gson.ParameterizedTypeHandlerMap register
WARNING: Overriding the existing type handler for class java.lang.String
Tests run: 5, Failures: 0, Errors: 0, Skipped: 0, Time elapsed: 0.008 sec
Running com.google.gson.EscaperTest
Tests run: 12, Failures: 0, Errors: 0, Skipped: 0, Time elapsed: 0.005 sec
Running com.google.gson.DefaultMapJsonSerializerTest
Tests run: 2, Failures: 0, Errors: 0, Skipped: 0, Time elapsed: 0.001 sec
Running com.google.gson.VersionExclusionStrategyTest
Tests run: 4, Failures: 0, Errors: 0, Skipped: 0, Time elapsed: 0.006 sec
Running com.google.gson.JsonEscapingVisitorTest
Tests run: 9, Failures: 0, Errors: 0, Skipped: 0, Time elapsed: 0.005 sec
Running com.google.gson.UpperCaseNamingPolicyTest
Tests run: 3, Failures: 0, Errors: 0, Skipped: 0, Time elapsed: 0.002 sec
Running com.google.gson.functional.InternationalizationTest
Tests run: 4, Failures: 0, Errors: 0, Skipped: 0, Time elapsed: 0.005 sec
Running com.google.gson.functional.ObjectTest
Tests run: 42, Failures: 0, Errors: 0, Skipped: 0, Time elapsed: 0.06 sec
Running com.google.gson.functional.ExposeFieldsTest
Tests run: 6, Failures: 0, Errors: 0, Skipped: 0, Time elapsed: 0.006 sec
Running com.google.gson.functional.ParameterizedTypesTest
Tests run: 14, Failures: 0, Errors: 0, Skipped: 0, Time elapsed: 0.026 sec
Running com.google.gson.functional.CustomTypeAdaptersTest
Tests run: 4, Failures: 0, Errors: 0, Skipped: 0, Time elapsed: 0.004 sec
Running com.google.gson.functional.ReadersWritersTest
Tests run: 6, Failures: 0, Errors: 0, Skipped: 0, Time elapsed: 0.004 sec
Running com.google.gson.functional.DefaultTypeAdaptersTest
Tests run: 25, Failures: 0, Errors: 0, Skipped: 0, Time elapsed: 0.027 sec
Running com.google.gson.functional.NullObjectAndFieldTest
Tests run: 8, Failures: 0, Errors: 0, Skipped: 0, Time elapsed: 0.006 sec
Running com.google.gson.functional.VersioningTest
Tests run: 6, Failures: 0, Errors: 0, Skipped: 0, Time elapsed: 0.006 sec
Running com.google.gson.functional.EscapingTest
Tests run: 2, Failures: 0, Errors: 0, Skipped: 0, Time elapsed: 0.002 sec
Running com.google.gson.functional.CollectionTest
Tests run: 13, Failures: 0, Errors: 0, Skipped: 0, Time elapsed: 0.014 sec
Running com.google.gson.functional.ArrayTest
Tests run: 11, Failures: 0, Errors: 0, Skipped: 0, Time elapsed: 0.008 sec
Running com.google.gson.functional.PrintFormattingTest
Tests run: 1, Failures: 0, Errors: 0, Skipped: 0, Time elapsed: 0.001 sec
Running com.google.gson.functional.StringTest
Tests run: 14, Failures: 0, Errors: 0, Skipped: 0, Time elapsed: 0.01 sec
Running com.google.gson.functional.UncategorizedTest
Tests run: 4, Failures: 0, Errors: 0, Skipped: 0, Time elapsed: 0.005 sec
Running com.google.gson.functional.NamingPolicyTest
Tests run: 4, Failures: 0, Errors: 0, Skipped: 0, Time elapsed: 0.006 sec
Running com.google.gson.functional.PrimitiveTest
Tests run: 31, Failures: 0, Errors: 0, Skipped: 0, Time elapsed: 0.022 sec
Running com.google.gson.TypeInfoArrayTest
Tests run: 10, Failures: 0, Errors: 0, Skipped: 0, Time elapsed: 0.006 sec
Running com.google.gson.ExposeAnnotationBasedExclusionStrategyTest
Tests run: 3, Failures: 0, Errors: 0, Skipped: 0, Time elapsed: 0.001 sec
Running com.google.gson.TypeInfoTest
Tests run: 9, Failures: 0, Errors: 0, Skipped: 0, Time elapsed: 0.005 sec
Running com.google.gson.SerializedNameAnnotationInterceptingNamingPolicyTest
Tests run: 2, Failures: 0, Errors: 0, Skipped: 0, Time elapsed: 0.001 sec
Running com.google.gson.TypeUtilsTest
Tests run: 5, Failures: 0, Errors: 0, Skipped: 0, Time elapsed: 0.002 sec
Running com.google.gson.StringUnmarshallerTest
Tests run: 11, Failures: 0, Errors: 0, Skipped: 0, Time elapsed: 0.005 sec

Results :

Tests run: 361, Failures: 0, Errors: 0, Skipped: 0

[[1;34mINFO[m] [1m------------------------------------------------------------------------[m
[[1;34mINFO[m] [1;32mBUILD SUCCESS[m
[[1;34mINFO[m] [1m------------------------------------------------------------------------[m
[[1;34mINFO[m] Total time:  5.942 s
[[1;34mINFO[m] Finished at: 2021-01-11T04:44:30+01:00
[[1;34mINFO[m] [1m------------------------------------------------------------------------[m
Writing HTML report to '/tmp/v2/gson/target/clover/report'
Done. Processed 6 packages in 1014ms (169ms per package).
[INFO] /tmp/v1/gson/src/test/java/com/google/gson/functional/CustomTypeAdaptersTest.java
[INFO] /tmp/v2/gson/src/test/java/com/google/gson/functional/CustomTypeAdaptersTest.java
[INFO] Build modified Tests /tmp/v2/gson/src/test/java/com/google/gson/functional/CustomTypeAdaptersTest.java
[INFO] Saving result in /tmp/v1/gson/testsThatExecuteTheChange.csv ...
[INFO] 
[INFO] Writing Coverage in /tmp/v1/gson/testsThatExecuteTheChange_coverage.csv
[INFO] total;0;0

[INFO] ------------------------------------------------------------------------
[INFO] BUILD SUCCESS
[INFO] ------------------------------------------------------------------------
[INFO] Total time:  20.270 s
[INFO] Finished at: 2021-01-11T04:44:32+01:00
[INFO] ------------------------------------------------------------------------
