[INFO] Scanning for projects...
[INFO] 
[INFO] ---------------------< com.google.code.gson:gson >----------------------
[INFO] Building Gson 2.7.1-SNAPSHOT
[INFO] --------------------------------[ jar ]---------------------------------
[INFO] 
[INFO] --- maven-clean-plugin:2.5:clean (default-clean) @ gson ---
[INFO] Deleting /tmp/v1/gson/target
[INFO] 
[INFO] --- dspot-diff-test-selection:3.1.1-SNAPSHOT:list (default-cli) @ gson ---
[INFO] Running on:
[INFO] /tmp/v1/gson
[INFO] /tmp/v2/gson/
[WARNING] No path to diff file has been specified.
[WARNING] I'll compute a diff file using the UNIX diff command
[WARNING] You may encounter troubles.
[WARNING] If so, please specify a path to a correct diff file
[WARNING] or implement a new way to compute a diff file.
[INFO] Computing the diff with diff commnd line
[INFO] The diff will be computed between:
[INFO] /tmp/v1/gson/src and 
[INFO] /tmp/v2/gson/src
[INFO] Executing: diff -ru /tmp/v1/gson/src /tmp/v2/gson/src from /tmp/v1/gson/src
[INFO] Running in enhanced mode...
[INFO] Computing coverage for /tmp/v1/gson
[WARN] Maven will be executed in interactive mode, but no input stream has been configured for this MavenInvoker instance.
WARNING: An illegal reflective access operation has occurred
WARNING: Illegal reflective access by com.google.inject.internal.cglib.core.$ReflectUtils$1 (file:/usr/share/maven/lib/guice.jar) to method java.lang.ClassLoader.defineClass(java.lang.String,byte[],int,int,java.security.ProtectionDomain)
WARNING: Please consider reporting this to the maintainers of com.google.inject.internal.cglib.core.$ReflectUtils$1
WARNING: Use --illegal-access=warn to enable warnings of further illegal reflective access operations
WARNING: All illegal access operations will be denied in a future release
[[1;34mINFO[m] Scanning for projects...
[[1;34mINFO[m] 
[[1;34mINFO[m] [1m---------------------< [0;36mcom.google.code.gson:gson[0;1m >----------------------[m
[[1;34mINFO[m] [1mBuilding Gson 2.7.1-SNAPSHOT[m
[[1;34mINFO[m] [1m--------------------------------[ jar ]---------------------------------[m
[[1;34mINFO[m] 
[[1;34mINFO[m] [1m--- [0;32mmaven-clean-plugin:2.5:clean[m [1m(default-clean)[m @ [36mgson[0;1m ---[m
[[1;34mINFO[m] 
[[1;34mINFO[m] [1m--- [0;32mclover-maven-plugin:4.4.1:setup[m [1m(default-cli)[m @ [36mgson[0;1m ---[m
[[1;34mINFO[m] OpenClover Version 4.4.1, built on October 11 2019 (build-1020)
[[1;34mINFO[m] Creating new database at '/tmp/v1/gson/target/clover/clover.db'.
[[1;34mINFO[m] Processing files at 1.9 source level.
[[1;34mINFO[m] Clover all over. Instrumented 67 files (7 packages).
[[1;34mINFO[m] OpenClover Version 4.4.1, built on October 11 2019 (build-1020)
[[1;34mINFO[m] Updating existing database at '/tmp/v1/gson/target/clover/clover.db'.
[[1;34mINFO[m] Processing files at 1.9 source level.
[[1;34mINFO[m] Clover all over. Instrumented 95 files (9 packages).
[[1;34mINFO[m] 1002 test methods detected.
[[1;34mINFO[m] 
[[1;34mINFO[m] [1m--- [0;32mmaven-enforcer-plugin:1.0:enforce[m [1m(enforce-maven)[m @ [36mgson[0;1m ---[m
[[1;34mINFO[m] Skipping Rule Enforcement.
[[1;34mINFO[m] 
[[1;34mINFO[m] [1m--- [0;32mmaven-resources-plugin:2.6:resources[m [1m(default-resources)[m @ [36mgson[0;1m ---[m
[[1;34mINFO[m] Using 'UTF-8' encoding to copy filtered resources.
[[1;34mINFO[m] skip non existing resourceDirectory /tmp/v1/gson/src/main/resources
[[1;34mINFO[m] Copying 1 resource
[[1;34mINFO[m] 
[[1;34mINFO[m] [1m--- [0;32mmaven-compiler-plugin:3.0:compile[m [1m(default-compile)[m @ [36mgson[0;1m ---[m
[[1;34mINFO[m] Changes detected - recompiling the module!
[[1;34mINFO[m] Compiling 67 source files to /tmp/v1/gson/target/classes
[[1;33mWARNING[m] /tmp/v1/gson/target/clover/src-instrumented/com/google/gson/internal/ConstructorConstructor.java: /tmp/v1/gson/target/clover/src-instrumented/com/google/gson/internal/ConstructorConstructor.java uses or overrides a deprecated API.
[[1;33mWARNING[m] /tmp/v1/gson/target/clover/src-instrumented/com/google/gson/internal/ConstructorConstructor.java: Recompile with -Xlint:deprecation for details.
[[1;34mINFO[m] 
[[1;34mINFO[m] [1m--- [0;32mbnd-maven-plugin:3.1.0:bnd-process[m [1m(default)[m @ [36mgson[0;1m ---[m
[[1;33mWARNING[m] Export com.google.gson,  has 1,  private references [com.google.gson.internal], 
[[1;34mINFO[m] 
[[1;34mINFO[m] [1m--- [0;32mmaven-resources-plugin:2.6:testResources[m [1m(default-testResources)[m @ [36mgson[0;1m ---[m
[[1;34mINFO[m] Using 'UTF-8' encoding to copy filtered resources.
[[1;34mINFO[m] skip non existing resourceDirectory /tmp/v1/gson/src/test/resources
[[1;34mINFO[m] 
[[1;34mINFO[m] [1m--- [0;32mmaven-compiler-plugin:3.0:testCompile[m [1m(default-testCompile)[m @ [36mgson[0;1m ---[m
[[1;34mINFO[m] Changes detected - recompiling the module!
[[1;34mINFO[m] Compiling 95 source files to /tmp/v1/gson/target/test-classes
[[1;33mWARNING[m] /tmp/v1/gson/target/clover/src-test-instrumented/com/google/gson/stream/JsonReaderPathTest.java: Some input files use or override a deprecated API.
[[1;33mWARNING[m] /tmp/v1/gson/target/clover/src-test-instrumented/com/google/gson/stream/JsonReaderPathTest.java: Recompile with -Xlint:deprecation for details.
[[1;33mWARNING[m] /tmp/v1/gson/target/clover/src-test-instrumented/com/google/gson/functional/MapTest.java: Some input files use unchecked or unsafe operations.
[[1;33mWARNING[m] /tmp/v1/gson/target/clover/src-test-instrumented/com/google/gson/functional/MapTest.java: Recompile with -Xlint:unchecked for details.
[[1;34mINFO[m] 
[[1;34mINFO[m] [1m--- [0;32mmaven-surefire-plugin:2.12.4:test[m [1m(default-test)[m @ [36mgson[0;1m ---[m
[[1;34mINFO[m] Surefire report directory: /tmp/v1/gson/target/surefire-reports

-------------------------------------------------------
 T E S T S
-------------------------------------------------------
Running com.google.gson.DefaultDateTypeAdapterTest
Tests run: 9, Failures: 3, Errors: 2, Skipped: 0, Time elapsed: 0.154 sec <<< FAILURE!
testFormattingInEnUs(com.google.gson.DefaultDateTypeAdapterTest)  Time elapsed: 0.008 sec  <<< FAILURE!
junit.framework.ComparisonFailure: expected:<Jan 1, 1970[] 12:00:00 AM> but was:<Jan 1, 1970[,] 12:00:00 AM>
	at junit.framework.Assert.assertEquals(Assert.java:100)
	at junit.framework.Assert.assertEquals(Assert.java:107)
	at junit.framework.TestCase.assertEquals(TestCase.java:269)
	at com.google.gson.DefaultDateTypeAdapterTest.assertFormatted(DefaultDateTypeAdapterTest.java:164)
	at com.google.gson.DefaultDateTypeAdapterTest.assertFormattingAlwaysEmitsUsLocale(DefaultDateTypeAdapterTest.java:47)
	at com.google.gson.DefaultDateTypeAdapterTest.__CLR4_4_1ipa1124vp(DefaultDateTypeAdapterTest.java:34)
	at com.google.gson.DefaultDateTypeAdapterTest.testFormattingInEnUs(DefaultDateTypeAdapterTest.java:33)
	at java.base/jdk.internal.reflect.NativeMethodAccessorImpl.invoke0(Native Method)
	at java.base/jdk.internal.reflect.NativeMethodAccessorImpl.invoke(NativeMethodAccessorImpl.java:62)
	at java.base/jdk.internal.reflect.DelegatingMethodAccessorImpl.invoke(DelegatingMethodAccessorImpl.java:43)
	at java.base/java.lang.reflect.Method.invoke(Method.java:566)
	at junit.framework.TestCase.runTest(TestCase.java:176)
	at junit.framework.TestCase.runBare(TestCase.java:141)
	at junit.framework.TestResult$1.protect(TestResult.java:122)
	at junit.framework.TestResult.runProtected(TestResult.java:142)
	at junit.framework.TestResult.run(TestResult.java:125)
	at junit.framework.TestCase.run(TestCase.java:129)
	at junit.framework.TestSuite.runTest(TestSuite.java:252)
	at junit.framework.TestSuite.run(TestSuite.java:247)
	at org.junit.internal.runners.JUnit38ClassRunner.run(JUnit38ClassRunner.java:86)
	at org.apache.maven.surefire.junit4.JUnit4Provider.execute(JUnit4Provider.java:252)
	at org.apache.maven.surefire.junit4.JUnit4Provider.executeTestSet(JUnit4Provider.java:141)
	at org.apache.maven.surefire.junit4.JUnit4Provider.invoke(JUnit4Provider.java:112)
	at java.base/jdk.internal.reflect.NativeMethodAccessorImpl.invoke0(Native Method)
	at java.base/jdk.internal.reflect.NativeMethodAccessorImpl.invoke(NativeMethodAccessorImpl.java:62)
	at java.base/jdk.internal.reflect.DelegatingMethodAccessorImpl.invoke(DelegatingMethodAccessorImpl.java:43)
	at java.base/java.lang.reflect.Method.invoke(Method.java:566)
	at org.apache.maven.surefire.util.ReflectionUtils.invokeMethodWithArray(ReflectionUtils.java:189)
	at org.apache.maven.surefire.booter.ProviderFactory$ProviderProxy.invoke(ProviderFactory.java:165)
	at org.apache.maven.surefire.booter.ProviderFactory.invokeProvider(ProviderFactory.java:85)
	at org.apache.maven.surefire.booter.ForkedBooter.runSuitesInProcess(ForkedBooter.java:115)
	at org.apache.maven.surefire.booter.ForkedBooter.main(ForkedBooter.java:75)

testParsingDatesFormattedWithSystemLocale(com.google.gson.DefaultDateTypeAdapterTest)  Time elapsed: 0.017 sec  <<< ERROR!
com.google.gson.JsonSyntaxException: 1 janv. 1970 00:00:00
	at com.google.gson.DefaultDateTypeAdapter.deserializeToDate(DefaultDateTypeAdapter.java:106)
	at com.google.gson.DefaultDateTypeAdapter.deserialize(DefaultDateTypeAdapter.java:83)
	at com.google.gson.DefaultDateTypeAdapterTest.assertParsed(DefaultDateTypeAdapterTest.java:168)
	at com.google.gson.DefaultDateTypeAdapterTest.__CLR4_4_14xdbqt4w9(DefaultDateTypeAdapterTest.java:71)
	at com.google.gson.DefaultDateTypeAdapterTest.testParsingDatesFormattedWithSystemLocale(DefaultDateTypeAdapterTest.java:65)
	at java.base/jdk.internal.reflect.NativeMethodAccessorImpl.invoke0(Native Method)
	at java.base/jdk.internal.reflect.NativeMethodAccessorImpl.invoke(NativeMethodAccessorImpl.java:62)
	at java.base/jdk.internal.reflect.DelegatingMethodAccessorImpl.invoke(DelegatingMethodAccessorImpl.java:43)
	at java.base/java.lang.reflect.Method.invoke(Method.java:566)
	at junit.framework.TestCase.runTest(TestCase.java:176)
	at junit.framework.TestCase.runBare(TestCase.java:141)
	at junit.framework.TestResult$1.protect(TestResult.java:122)
	at junit.framework.TestResult.runProtected(TestResult.java:142)
	at junit.framework.TestResult.run(TestResult.java:125)
	at junit.framework.TestCase.run(TestCase.java:129)
	at junit.framework.TestSuite.runTest(TestSuite.java:252)
	at junit.framework.TestSuite.run(TestSuite.java:247)
	at org.junit.internal.runners.JUnit38ClassRunner.run(JUnit38ClassRunner.java:86)
	at org.apache.maven.surefire.junit4.JUnit4Provider.execute(JUnit4Provider.java:252)
	at org.apache.maven.surefire.junit4.JUnit4Provider.executeTestSet(JUnit4Provider.java:141)
	at org.apache.maven.surefire.junit4.JUnit4Provider.invoke(JUnit4Provider.java:112)
	at java.base/jdk.internal.reflect.NativeMethodAccessorImpl.invoke0(Native Method)
	at java.base/jdk.internal.reflect.NativeMethodAccessorImpl.invoke(NativeMethodAccessorImpl.java:62)
	at java.base/jdk.internal.reflect.DelegatingMethodAccessorImpl.invoke(DelegatingMethodAccessorImpl.java:43)
	at java.base/java.lang.reflect.Method.invoke(Method.java:566)
	at org.apache.maven.surefire.util.ReflectionUtils.invokeMethodWithArray(ReflectionUtils.java:189)
	at org.apache.maven.surefire.booter.ProviderFactory$ProviderProxy.invoke(ProviderFactory.java:165)
	at org.apache.maven.surefire.booter.ProviderFactory.invokeProvider(ProviderFactory.java:85)
	at org.apache.maven.surefire.booter.ForkedBooter.runSuitesInProcess(ForkedBooter.java:115)
	at org.apache.maven.surefire.booter.ForkedBooter.main(ForkedBooter.java:75)
Caused by: java.text.ParseException: Failed to parse date ["1 janv. 1970 00:00:00']: Invalid number: 1 ja
	at com.google.gson.internal.bind.util.ISO8601Utils.parse(ISO8601Utils.java:274)
	at com.google.gson.DefaultDateTypeAdapter.deserializeToDate(DefaultDateTypeAdapter.java:104)
	... 29 more
Caused by: java.lang.NumberFormatException: Invalid number: 1 ja
	at com.google.gson.internal.bind.util.ISO8601Utils.parseInt(ISO8601Utils.java:318)
	at com.google.gson.internal.bind.util.ISO8601Utils.parse(ISO8601Utils.java:129)
	... 30 more

testFormattingInFr(com.google.gson.DefaultDateTypeAdapterTest)  Time elapsed: 0.003 sec  <<< FAILURE!
junit.framework.ComparisonFailure: expected:<Jan 1, 1970[] 12:00:00 AM> but was:<Jan 1, 1970[,] 12:00:00 AM>
	at junit.framework.Assert.assertEquals(Assert.java:100)
	at junit.framework.Assert.assertEquals(Assert.java:107)
	at junit.framework.TestCase.assertEquals(TestCase.java:269)
	at com.google.gson.DefaultDateTypeAdapterTest.assertFormatted(DefaultDateTypeAdapterTest.java:164)
	at com.google.gson.DefaultDateTypeAdapterTest.assertFormattingAlwaysEmitsUsLocale(DefaultDateTypeAdapterTest.java:47)
	at com.google.gson.DefaultDateTypeAdapterTest.__CLR4_4_1lljdf54vr(DefaultDateTypeAdapterTest.java:38)
	at com.google.gson.DefaultDateTypeAdapterTest.testFormattingInFr(DefaultDateTypeAdapterTest.java:37)
	at java.base/jdk.internal.reflect.NativeMethodAccessorImpl.invoke0(Native Method)
	at java.base/jdk.internal.reflect.NativeMethodAccessorImpl.invoke(NativeMethodAccessorImpl.java:62)
	at java.base/jdk.internal.reflect.DelegatingMethodAccessorImpl.invoke(DelegatingMethodAccessorImpl.java:43)
	at java.base/java.lang.reflect.Method.invoke(Method.java:566)
	at junit.framework.TestCase.runTest(TestCase.java:176)
	at junit.framework.TestCase.runBare(TestCase.java:141)
	at junit.framework.TestResult$1.protect(TestResult.java:122)
	at junit.framework.TestResult.runProtected(TestResult.java:142)
	at junit.framework.TestResult.run(TestResult.java:125)
	at junit.framework.TestCase.run(TestCase.java:129)
	at junit.framework.TestSuite.runTest(TestSuite.java:252)
	at junit.framework.TestSuite.run(TestSuite.java:247)
	at org.junit.internal.runners.JUnit38ClassRunner.run(JUnit38ClassRunner.java:86)
	at org.apache.maven.surefire.junit4.JUnit4Provider.execute(JUnit4Provider.java:252)
	at org.apache.maven.surefire.junit4.JUnit4Provider.executeTestSet(JUnit4Provider.java:141)
	at org.apache.maven.surefire.junit4.JUnit4Provider.invoke(JUnit4Provider.java:112)
	at java.base/jdk.internal.reflect.NativeMethodAccessorImpl.invoke0(Native Method)
	at java.base/jdk.internal.reflect.NativeMethodAccessorImpl.invoke(NativeMethodAccessorImpl.java:62)
	at java.base/jdk.internal.reflect.DelegatingMethodAccessorImpl.invoke(DelegatingMethodAccessorImpl.java:43)
	at java.base/java.lang.reflect.Method.invoke(Method.java:566)
	at org.apache.maven.surefire.util.ReflectionUtils.invokeMethodWithArray(ReflectionUtils.java:189)
	at org.apache.maven.surefire.booter.ProviderFactory$ProviderProxy.invoke(ProviderFactory.java:165)
	at org.apache.maven.surefire.booter.ProviderFactory.invokeProvider(ProviderFactory.java:85)
	at org.apache.maven.surefire.booter.ForkedBooter.runSuitesInProcess(ForkedBooter.java:115)
	at org.apache.maven.surefire.booter.ForkedBooter.main(ForkedBooter.java:75)

testFormatUsesDefaultTimezone(com.google.gson.DefaultDateTypeAdapterTest)  Time elapsed: 0.003 sec  <<< FAILURE!
junit.framework.ComparisonFailure: expected:<Dec 31, 1969[] 4:00:00 PM> but was:<Dec 31, 1969[,] 4:00:00 PM>
	at junit.framework.Assert.assertEquals(Assert.java:100)
	at junit.framework.Assert.assertEquals(Assert.java:107)
	at junit.framework.TestCase.assertEquals(TestCase.java:269)
	at com.google.gson.DefaultDateTypeAdapterTest.assertFormatted(DefaultDateTypeAdapterTest.java:164)
	at com.google.gson.DefaultDateTypeAdapterTest.__CLR4_4_17g0nys4x5(DefaultDateTypeAdapterTest.java:119)
	at com.google.gson.DefaultDateTypeAdapterTest.testFormatUsesDefaultTimezone(DefaultDateTypeAdapterTest.java:113)
	at java.base/jdk.internal.reflect.NativeMethodAccessorImpl.invoke0(Native Method)
	at java.base/jdk.internal.reflect.NativeMethodAccessorImpl.invoke(NativeMethodAccessorImpl.java:62)
	at java.base/jdk.internal.reflect.DelegatingMethodAccessorImpl.invoke(DelegatingMethodAccessorImpl.java:43)
	at java.base/java.lang.reflect.Method.invoke(Method.java:566)
	at junit.framework.TestCase.runTest(TestCase.java:176)
	at junit.framework.TestCase.runBare(TestCase.java:141)
	at junit.framework.TestResult$1.protect(TestResult.java:122)
	at junit.framework.TestResult.runProtected(TestResult.java:142)
	at junit.framework.TestResult.run(TestResult.java:125)
	at junit.framework.TestCase.run(TestCase.java:129)
	at junit.framework.TestSuite.runTest(TestSuite.java:252)
	at junit.framework.TestSuite.run(TestSuite.java:247)
	at org.junit.internal.runners.JUnit38ClassRunner.run(JUnit38ClassRunner.java:86)
	at org.apache.maven.surefire.junit4.JUnit4Provider.execute(JUnit4Provider.java:252)
	at org.apache.maven.surefire.junit4.JUnit4Provider.executeTestSet(JUnit4Provider.java:141)
	at org.apache.maven.surefire.junit4.JUnit4Provider.invoke(JUnit4Provider.java:112)
	at java.base/jdk.internal.reflect.NativeMethodAccessorImpl.invoke0(Native Method)
	at java.base/jdk.internal.reflect.NativeMethodAccessorImpl.invoke(NativeMethodAccessorImpl.java:62)
	at java.base/jdk.internal.reflect.DelegatingMethodAccessorImpl.invoke(DelegatingMethodAccessorImpl.java:43)
	at java.base/java.lang.reflect.Method.invoke(Method.java:566)
	at org.apache.maven.surefire.util.ReflectionUtils.invokeMethodWithArray(ReflectionUtils.java:189)
	at org.apache.maven.surefire.booter.ProviderFactory$ProviderProxy.invoke(ProviderFactory.java:165)
	at org.apache.maven.surefire.booter.ProviderFactory.invokeProvider(ProviderFactory.java:85)
	at org.apache.maven.surefire.booter.ForkedBooter.runSuitesInProcess(ForkedBooter.java:115)
	at org.apache.maven.surefire.booter.ForkedBooter.main(ForkedBooter.java:75)

testParsingDatesFormattedWithUsLocale(com.google.gson.DefaultDateTypeAdapterTest)  Time elapsed: 0.005 sec  <<< ERROR!
com.google.gson.JsonSyntaxException: Jan 1, 1970 0:00:00 AM
	at com.google.gson.DefaultDateTypeAdapter.deserializeToDate(DefaultDateTypeAdapter.java:106)
	at com.google.gson.DefaultDateTypeAdapter.deserialize(DefaultDateTypeAdapter.java:83)
	at com.google.gson.DefaultDateTypeAdapterTest.assertParsed(DefaultDateTypeAdapterTest.java:168)
	at com.google.gson.DefaultDateTypeAdapterTest.__CLR4_4_1z9r0fa4wp(DefaultDateTypeAdapterTest.java:95)
	at com.google.gson.DefaultDateTypeAdapterTest.testParsingDatesFormattedWithUsLocale(DefaultDateTypeAdapterTest.java:89)
	at java.base/jdk.internal.reflect.NativeMethodAccessorImpl.invoke0(Native Method)
	at java.base/jdk.internal.reflect.NativeMethodAccessorImpl.invoke(NativeMethodAccessorImpl.java:62)
	at java.base/jdk.internal.reflect.DelegatingMethodAccessorImpl.invoke(DelegatingMethodAccessorImpl.java:43)
	at java.base/java.lang.reflect.Method.invoke(Method.java:566)
	at junit.framework.TestCase.runTest(TestCase.java:176)
	at junit.framework.TestCase.runBare(TestCase.java:141)
	at junit.framework.TestResult$1.protect(TestResult.java:122)
	at junit.framework.TestResult.runProtected(TestResult.java:142)
	at junit.framework.TestResult.run(TestResult.java:125)
	at junit.framework.TestCase.run(TestCase.java:129)
	at junit.framework.TestSuite.runTest(TestSuite.java:252)
	at junit.framework.TestSuite.run(TestSuite.java:247)
	at org.junit.internal.runners.JUnit38ClassRunner.run(JUnit38ClassRunner.java:86)
	at org.apache.maven.surefire.junit4.JUnit4Provider.execute(JUnit4Provider.java:252)
	at org.apache.maven.surefire.junit4.JUnit4Provider.executeTestSet(JUnit4Provider.java:141)
	at org.apache.maven.surefire.junit4.JUnit4Provider.invoke(JUnit4Provider.java:112)
	at java.base/jdk.internal.reflect.NativeMethodAccessorImpl.invoke0(Native Method)
	at java.base/jdk.internal.reflect.NativeMethodAccessorImpl.invoke(NativeMethodAccessorImpl.java:62)
	at java.base/jdk.internal.reflect.DelegatingMethodAccessorImpl.invoke(DelegatingMethodAccessorImpl.java:43)
	at java.base/java.lang.reflect.Method.invoke(Method.java:566)
	at org.apache.maven.surefire.util.ReflectionUtils.invokeMethodWithArray(ReflectionUtils.java:189)
	at org.apache.maven.surefire.booter.ProviderFactory$ProviderProxy.invoke(ProviderFactory.java:165)
	at org.apache.maven.surefire.booter.ProviderFactory.invokeProvider(ProviderFactory.java:85)
	at org.apache.maven.surefire.booter.ForkedBooter.runSuitesInProcess(ForkedBooter.java:115)
	at org.apache.maven.surefire.booter.ForkedBooter.main(ForkedBooter.java:75)
Caused by: java.text.ParseException: Failed to parse date ["Jan 1, 1970 0:00:00 AM']: Invalid number: Jan 
	at com.google.gson.internal.bind.util.ISO8601Utils.parse(ISO8601Utils.java:274)
	at com.google.gson.DefaultDateTypeAdapter.deserializeToDate(DefaultDateTypeAdapter.java:104)
	... 29 more
Caused by: java.lang.NumberFormatException: Invalid number: Jan 
	at com.google.gson.internal.bind.util.ISO8601Utils.parseInt(ISO8601Utils.java:311)
	at com.google.gson.internal.bind.util.ISO8601Utils.parse(ISO8601Utils.java:129)
	... 30 more

Running com.google.gson.InnerClassExclusionStrategyTest
Tests run: 4, Failures: 0, Errors: 0, Skipped: 0, Time elapsed: 0 sec
Running com.google.gson.GsonTypeAdapterTest
Tests run: 5, Failures: 0, Errors: 0, Skipped: 0, Time elapsed: 0.056 sec
Running com.google.gson.internal.LinkedHashTreeMapTest
Tests run: 15, Failures: 0, Errors: 0, Skipped: 0, Time elapsed: 0.045 sec
Running com.google.gson.internal.LazilyParsedNumberTest
Tests run: 2, Failures: 0, Errors: 0, Skipped: 0, Time elapsed: 0.001 sec
Running com.google.gson.internal.UnsafeAllocatorInstantiationTest
Tests run: 3, Failures: 0, Errors: 0, Skipped: 0, Time elapsed: 0.005 sec
Running com.google.gson.internal.GsonTypesTest
Tests run: 2, Failures: 0, Errors: 0, Skipped: 0, Time elapsed: 0.002 sec
Running com.google.gson.internal.bind.JsonTreeWriterTest
Tests run: 12, Failures: 0, Errors: 0, Skipped: 0, Time elapsed: 0.015 sec
Running com.google.gson.internal.bind.JsonElementReaderTest
Tests run: 17, Failures: 0, Errors: 0, Skipped: 0, Time elapsed: 0.024 sec
Running com.google.gson.internal.LinkedTreeMapTest
Tests run: 11, Failures: 0, Errors: 0, Skipped: 0, Time elapsed: 0.025 sec
Running com.google.gson.ParameterizedTypeTest
Tests run: 2, Failures: 0, Errors: 0, Skipped: 0, Time elapsed: 0.002 sec
Running com.google.gson.GsonBuilderTest
Tests run: 4, Failures: 0, Errors: 0, Skipped: 0, Time elapsed: 0.004 sec
Running com.google.gson.reflect.TypeTokenTest
Tests run: 4, Failures: 0, Errors: 0, Skipped: 0, Time elapsed: 0.005 sec
Running com.google.gson.DefaultInetAddressTypeAdapterTest
Tests run: 1, Failures: 0, Errors: 0, Skipped: 0, Time elapsed: 0.004 sec
Running com.google.gson.ExposeAnnotationExclusionStrategyTest
Tests run: 6, Failures: 0, Errors: 0, Skipped: 0, Time elapsed: 0.014 sec
Running com.google.gson.FieldAttributesTest
Tests run: 6, Failures: 0, Errors: 0, Skipped: 0, Time elapsed: 0.006 sec
Running com.google.gson.CommentsTest
Tests run: 1, Failures: 0, Errors: 0, Skipped: 0, Time elapsed: 0.002 sec
Running com.google.gson.regression.JsonAdapterNullSafeTest
Tests run: 2, Failures: 0, Errors: 0, Skipped: 0, Time elapsed: 0.006 sec
Running com.google.gson.JsonNullTest
Tests run: 2, Failures: 0, Errors: 0, Skipped: 0, Time elapsed: 0.001 sec
Running com.google.gson.JsonObjectTest
Tests run: 13, Failures: 0, Errors: 0, Skipped: 0, Time elapsed: 0.008 sec
Running com.google.gson.stream.JsonReaderPathTest
Tests run: 20, Failures: 0, Errors: 0, Skipped: 1, Time elapsed: 0.048 sec
Running com.google.gson.stream.JsonWriterTest
Tests run: 37, Failures: 0, Errors: 0, Skipped: 0, Time elapsed: 0.027 sec
Running com.google.gson.stream.JsonReaderTest
Tests run: 119, Failures: 0, Errors: 0, Skipped: 0, Time elapsed: 0.117 sec
Running com.google.gson.metrics.PerformanceTest
Tests run: 1, Failures: 0, Errors: 0, Skipped: 0, Time elapsed: 0.001 sec
Running com.google.gson.MixedStreamTest
Tests run: 12, Failures: 0, Errors: 0, Skipped: 0, Time elapsed: 0.014 sec
Running com.google.gson.DefaultMapJsonSerializerTest
Tests run: 3, Failures: 0, Errors: 0, Skipped: 0, Time elapsed: 0.005 sec
Running com.google.gson.VersionExclusionStrategyTest
Tests run: 3, Failures: 0, Errors: 0, Skipped: 0, Time elapsed: 0.004 sec
Running com.google.gson.functional.InternationalizationTest
Tests run: 4, Failures: 0, Errors: 0, Skipped: 0, Time elapsed: 0.004 sec
Running com.google.gson.functional.JsonAdapterAnnotationOnFieldsTest
Tests run: 10, Failures: 0, Errors: 0, Skipped: 0, Time elapsed: 0.017 sec
Running com.google.gson.functional.SecurityTest
Tests run: 5, Failures: 0, Errors: 0, Skipped: 0, Time elapsed: 0.006 sec
Running com.google.gson.functional.EnumTest
Tests run: 11, Failures: 0, Errors: 0, Skipped: 0, Time elapsed: 0.018 sec
Running com.google.gson.functional.ObjectTest
Tests run: 44, Failures: 1, Errors: 0, Skipped: 0, Time elapsed: 0.057 sec <<< FAILURE!
testDateAsMapObjectField(com.google.gson.functional.ObjectTest)  Time elapsed: 0.004 sec  <<< FAILURE!
junit.framework.ComparisonFailure: expected:<..."date":"Dec 31, 1969[] 4:00:00 PM"}}> but was:<..."date":"Dec 31, 1969[,] 4:00:00 PM"}}>
	at junit.framework.Assert.assertEquals(Assert.java:100)
	at junit.framework.Assert.assertEquals(Assert.java:107)
	at junit.framework.TestCase.assertEquals(TestCase.java:269)
	at com.google.gson.functional.ObjectTest.__CLR4_4_1or4vs8hc(ObjectTest.java:485)
	at com.google.gson.functional.ObjectTest.testDateAsMapObjectField(ObjectTest.java:482)
	at java.base/jdk.internal.reflect.NativeMethodAccessorImpl.invoke0(Native Method)
	at java.base/jdk.internal.reflect.NativeMethodAccessorImpl.invoke(NativeMethodAccessorImpl.java:62)
	at java.base/jdk.internal.reflect.DelegatingMethodAccessorImpl.invoke(DelegatingMethodAccessorImpl.java:43)
	at java.base/java.lang.reflect.Method.invoke(Method.java:566)
	at junit.framework.TestCase.runTest(TestCase.java:176)
	at junit.framework.TestCase.runBare(TestCase.java:141)
	at junit.framework.TestResult$1.protect(TestResult.java:122)
	at junit.framework.TestResult.runProtected(TestResult.java:142)
	at junit.framework.TestResult.run(TestResult.java:125)
	at junit.framework.TestCase.run(TestCase.java:129)
	at junit.framework.TestSuite.runTest(TestSuite.java:252)
	at junit.framework.TestSuite.run(TestSuite.java:247)
	at org.junit.internal.runners.JUnit38ClassRunner.run(JUnit38ClassRunner.java:86)
	at org.apache.maven.surefire.junit4.JUnit4Provider.execute(JUnit4Provider.java:252)
	at org.apache.maven.surefire.junit4.JUnit4Provider.executeTestSet(JUnit4Provider.java:141)
	at org.apache.maven.surefire.junit4.JUnit4Provider.invoke(JUnit4Provider.java:112)
	at java.base/jdk.internal.reflect.NativeMethodAccessorImpl.invoke0(Native Method)
	at java.base/jdk.internal.reflect.NativeMethodAccessorImpl.invoke(NativeMethodAccessorImpl.java:62)
	at java.base/jdk.internal.reflect.DelegatingMethodAccessorImpl.invoke(DelegatingMethodAccessorImpl.java:43)
	at java.base/java.lang.reflect.Method.invoke(Method.java:566)
	at org.apache.maven.surefire.util.ReflectionUtils.invokeMethodWithArray(ReflectionUtils.java:189)
	at org.apache.maven.surefire.booter.ProviderFactory$ProviderProxy.invoke(ProviderFactory.java:165)
	at org.apache.maven.surefire.booter.ProviderFactory.invokeProvider(ProviderFactory.java:85)
	at org.apache.maven.surefire.booter.ForkedBooter.runSuitesInProcess(ForkedBooter.java:115)
	at org.apache.maven.surefire.booter.ForkedBooter.main(ForkedBooter.java:75)

Running com.google.gson.functional.RuntimeTypeAdapterFactoryFunctionalTest
Tests run: 1, Failures: 0, Errors: 0, Skipped: 0, Time elapsed: 0.006 sec
Running com.google.gson.functional.FieldExclusionTest
Tests run: 3, Failures: 0, Errors: 0, Skipped: 0, Time elapsed: 0.003 sec
Running com.google.gson.functional.ExposeFieldsTest
Tests run: 8, Failures: 0, Errors: 0, Skipped: 0, Time elapsed: 0.01 sec
Running com.google.gson.functional.SerializedNameTest
Tests run: 3, Failures: 0, Errors: 0, Skipped: 0, Time elapsed: 0.003 sec
Running com.google.gson.functional.ThrowableFunctionalTest
WARNING: An illegal reflective access operation has occurred
WARNING: Illegal reflective access by com.google.gson.internal.bind.ReflectiveTypeAdapterFactory (file:/tmp/v1/gson/target/classes/) to field java.lang.Throwable.detailMessage
WARNING: Please consider reporting this to the maintainers of com.google.gson.internal.bind.ReflectiveTypeAdapterFactory
WARNING: Use --illegal-access=warn to enable warnings of further illegal reflective access operations
WARNING: All illegal access operations will be denied in a future release
Tests run: 5, Failures: 0, Errors: 0, Skipped: 0, Time elapsed: 0.011 sec
Running com.google.gson.functional.ParameterizedTypesTest
Tests run: 17, Failures: 0, Errors: 0, Skipped: 0, Time elapsed: 0.032 sec
Running com.google.gson.functional.PrettyPrintingTest
Tests run: 8, Failures: 0, Errors: 0, Skipped: 0, Time elapsed: 0.008 sec
Running com.google.gson.functional.CustomTypeAdaptersTest
Tests run: 19, Failures: 0, Errors: 0, Skipped: 0, Time elapsed: 0.022 sec
Running com.google.gson.functional.ReadersWritersTest
Tests run: 10, Failures: 0, Errors: 0, Skipped: 0, Time elapsed: 0.009 sec
Running com.google.gson.functional.CircularReferenceTest
Tests run: 6, Failures: 0, Errors: 0, Skipped: 0, Time elapsed: 0.031 sec
Running com.google.gson.functional.JsonAdapterSerializerDeserializerTest
Tests run: 3, Failures: 0, Errors: 0, Skipped: 0, Time elapsed: 0.006 sec
Running com.google.gson.functional.LeniencyTest
Tests run: 1, Failures: 0, Errors: 0, Skipped: 0, Time elapsed: 0.001 sec
Running com.google.gson.functional.RawSerializationTest
Tests run: 5, Failures: 0, Errors: 0, Skipped: 0, Time elapsed: 0.006 sec
Running com.google.gson.functional.CustomDeserializerTest
Tests run: 7, Failures: 0, Errors: 0, Skipped: 0, Time elapsed: 0.008 sec
Running com.google.gson.functional.TypeAdapterPrecedenceTest
Tests run: 8, Failures: 0, Errors: 0, Skipped: 0, Time elapsed: 0.006 sec
Running com.google.gson.functional.MoreSpecificTypeSerializationTest
Tests run: 6, Failures: 0, Errors: 0, Skipped: 0, Time elapsed: 0.007 sec
Running com.google.gson.functional.InterfaceTest
Tests run: 2, Failures: 0, Errors: 0, Skipped: 0, Time elapsed: 0.002 sec
Running com.google.gson.functional.TypeVariableTest
Tests run: 3, Failures: 0, Errors: 0, Skipped: 0, Time elapsed: 0.004 sec
Running com.google.gson.functional.ExclusionStrategyFunctionalTest
Tests run: 9, Failures: 0, Errors: 0, Skipped: 0, Time elapsed: 0.009 sec
Running com.google.gson.functional.DefaultTypeAdaptersTest
Tests run: 65, Failures: 3, Errors: 2, Skipped: 0, Time elapsed: 0.069 sec <<< FAILURE!
testDefaultDateDeserialization(com.google.gson.functional.DefaultTypeAdaptersTest)  Time elapsed: 0.004 sec  <<< ERROR!
com.google.gson.JsonSyntaxException: Dec 13, 2009 07:18:02 AM
	at com.google.gson.internal.bind.DateTypeAdapter.deserializeToDate(DateTypeAdapter.java:74)
	at com.google.gson.internal.bind.DateTypeAdapter.read(DateTypeAdapter.java:59)
	at com.google.gson.internal.bind.DateTypeAdapter.read(DateTypeAdapter.java:41)
	at com.google.gson.Gson.fromJson(Gson.java:887)
	at com.google.gson.Gson.fromJson(Gson.java:852)
	at com.google.gson.Gson.fromJson(Gson.java:801)
	at com.google.gson.Gson.fromJson(Gson.java:773)
	at com.google.gson.functional.DefaultTypeAdaptersTest.__CLR4_4_1yqs62h6oh(DefaultTypeAdaptersTest.java:336)
	at com.google.gson.functional.DefaultTypeAdaptersTest.testDefaultDateDeserialization(DefaultTypeAdaptersTest.java:334)
	at java.base/jdk.internal.reflect.NativeMethodAccessorImpl.invoke0(Native Method)
	at java.base/jdk.internal.reflect.NativeMethodAccessorImpl.invoke(NativeMethodAccessorImpl.java:62)
	at java.base/jdk.internal.reflect.DelegatingMethodAccessorImpl.invoke(DelegatingMethodAccessorImpl.java:43)
	at java.base/java.lang.reflect.Method.invoke(Method.java:566)
	at junit.framework.TestCase.runTest(TestCase.java:176)
	at junit.framework.TestCase.runBare(TestCase.java:141)
	at junit.framework.TestResult$1.protect(TestResult.java:122)
	at junit.framework.TestResult.runProtected(TestResult.java:142)
	at junit.framework.TestResult.run(TestResult.java:125)
	at junit.framework.TestCase.run(TestCase.java:129)
	at junit.framework.TestSuite.runTest(TestSuite.java:252)
	at junit.framework.TestSuite.run(TestSuite.java:247)
	at org.junit.internal.runners.JUnit38ClassRunner.run(JUnit38ClassRunner.java:86)
	at org.apache.maven.surefire.junit4.JUnit4Provider.execute(JUnit4Provider.java:252)
	at org.apache.maven.surefire.junit4.JUnit4Provider.executeTestSet(JUnit4Provider.java:141)
	at org.apache.maven.surefire.junit4.JUnit4Provider.invoke(JUnit4Provider.java:112)
	at java.base/jdk.internal.reflect.NativeMethodAccessorImpl.invoke0(Native Method)
	at java.base/jdk.internal.reflect.NativeMethodAccessorImpl.invoke(NativeMethodAccessorImpl.java:62)
	at java.base/jdk.internal.reflect.DelegatingMethodAccessorImpl.invoke(DelegatingMethodAccessorImpl.java:43)
	at java.base/java.lang.reflect.Method.invoke(Method.java:566)
	at org.apache.maven.surefire.util.ReflectionUtils.invokeMethodWithArray(ReflectionUtils.java:189)
	at org.apache.maven.surefire.booter.ProviderFactory$ProviderProxy.invoke(ProviderFactory.java:165)
	at org.apache.maven.surefire.booter.ProviderFactory.invokeProvider(ProviderFactory.java:85)
	at org.apache.maven.surefire.booter.ForkedBooter.runSuitesInProcess(ForkedBooter.java:115)
	at org.apache.maven.surefire.booter.ForkedBooter.main(ForkedBooter.java:75)
Caused by: java.text.ParseException: Failed to parse date ["Dec 13, 2009 07:18:02 AM']: Invalid number: Dec 
	at com.google.gson.internal.bind.util.ISO8601Utils.parse(ISO8601Utils.java:274)
	at com.google.gson.internal.bind.DateTypeAdapter.deserializeToDate(DateTypeAdapter.java:72)
	... 33 more
Caused by: java.lang.NumberFormatException: Invalid number: Dec 
	at com.google.gson.internal.bind.util.ISO8601Utils.parseInt(ISO8601Utils.java:311)
	at com.google.gson.internal.bind.util.ISO8601Utils.parse(ISO8601Utils.java:129)
	... 34 more

testDefaultJavaSqlTimestampDeserialization(com.google.gson.functional.DefaultTypeAdaptersTest)  Time elapsed: 0.003 sec  <<< ERROR!
com.google.gson.JsonSyntaxException: Dec 3, 2009 1:18:02 PM
	at com.google.gson.internal.bind.DateTypeAdapter.deserializeToDate(DateTypeAdapter.java:74)
	at com.google.gson.internal.bind.DateTypeAdapter.read(DateTypeAdapter.java:59)
	at com.google.gson.internal.bind.DateTypeAdapter.read(DateTypeAdapter.java:41)
	at com.google.gson.internal.bind.TypeAdapters$26$1.read(TypeAdapters.java:598)
	at com.google.gson.internal.bind.TypeAdapters$26$1.read(TypeAdapters.java:596)
	at com.google.gson.Gson.fromJson(Gson.java:887)
	at com.google.gson.Gson.fromJson(Gson.java:852)
	at com.google.gson.Gson.fromJson(Gson.java:801)
	at com.google.gson.Gson.fromJson(Gson.java:773)
	at com.google.gson.functional.DefaultTypeAdaptersTest.__CLR4_4_1q5eqtf6p6(DefaultTypeAdaptersTest.java:377)
	at com.google.gson.functional.DefaultTypeAdaptersTest.testDefaultJavaSqlTimestampDeserialization(DefaultTypeAdaptersTest.java:375)
	at java.base/jdk.internal.reflect.NativeMethodAccessorImpl.invoke0(Native Method)
	at java.base/jdk.internal.reflect.NativeMethodAccessorImpl.invoke(NativeMethodAccessorImpl.java:62)
	at java.base/jdk.internal.reflect.DelegatingMethodAccessorImpl.invoke(DelegatingMethodAccessorImpl.java:43)
	at java.base/java.lang.reflect.Method.invoke(Method.java:566)
	at junit.framework.TestCase.runTest(TestCase.java:176)
	at junit.framework.TestCase.runBare(TestCase.java:141)
	at junit.framework.TestResult$1.protect(TestResult.java:122)
	at junit.framework.TestResult.runProtected(TestResult.java:142)
	at junit.framework.TestResult.run(TestResult.java:125)
	at junit.framework.TestCase.run(TestCase.java:129)
	at junit.framework.TestSuite.runTest(TestSuite.java:252)
	at junit.framework.TestSuite.run(TestSuite.java:247)
	at org.junit.internal.runners.JUnit38ClassRunner.run(JUnit38ClassRunner.java:86)
	at org.apache.maven.surefire.junit4.JUnit4Provider.execute(JUnit4Provider.java:252)
	at org.apache.maven.surefire.junit4.JUnit4Provider.executeTestSet(JUnit4Provider.java:141)
	at org.apache.maven.surefire.junit4.JUnit4Provider.invoke(JUnit4Provider.java:112)
	at java.base/jdk.internal.reflect.NativeMethodAccessorImpl.invoke0(Native Method)
	at java.base/jdk.internal.reflect.NativeMethodAccessorImpl.invoke(NativeMethodAccessorImpl.java:62)
	at java.base/jdk.internal.reflect.DelegatingMethodAccessorImpl.invoke(DelegatingMethodAccessorImpl.java:43)
	at java.base/java.lang.reflect.Method.invoke(Method.java:566)
	at org.apache.maven.surefire.util.ReflectionUtils.invokeMethodWithArray(ReflectionUtils.java:189)
	at org.apache.maven.surefire.booter.ProviderFactory$ProviderProxy.invoke(ProviderFactory.java:165)
	at org.apache.maven.surefire.booter.ProviderFactory.invokeProvider(ProviderFactory.java:85)
	at org.apache.maven.surefire.booter.ForkedBooter.runSuitesInProcess(ForkedBooter.java:115)
	at org.apache.maven.surefire.booter.ForkedBooter.main(ForkedBooter.java:75)
Caused by: java.text.ParseException: Failed to parse date ["Dec 3, 2009 1:18:02 PM']: Invalid number: Dec 
	at com.google.gson.internal.bind.util.ISO8601Utils.parse(ISO8601Utils.java:274)
	at com.google.gson.internal.bind.DateTypeAdapter.deserializeToDate(DateTypeAdapter.java:72)
	... 35 more
Caused by: java.lang.NumberFormatException: Invalid number: Dec 
	at com.google.gson.internal.bind.util.ISO8601Utils.parseInt(ISO8601Utils.java:311)
	at com.google.gson.internal.bind.util.ISO8601Utils.parse(ISO8601Utils.java:129)
	... 36 more

testDefaultDateSerializationUsingBuilder(com.google.gson.functional.DefaultTypeAdaptersTest)  Time elapsed: 0.002 sec  <<< FAILURE!
junit.framework.ComparisonFailure: expected:<"Sep 11, 2011[] 10:55:03 PM"> but was:<"Sep 11, 2011[,] 10:55:03 PM">
	at junit.framework.Assert.assertEquals(Assert.java:100)
	at junit.framework.Assert.assertEquals(Assert.java:107)
	at junit.framework.TestCase.assertEquals(TestCase.java:269)
	at com.google.gson.functional.DefaultTypeAdaptersTest.__CLR4_4_16g7uk16pj(DefaultTypeAdaptersTest.java:398)
	at com.google.gson.functional.DefaultTypeAdaptersTest.testDefaultDateSerializationUsingBuilder(DefaultTypeAdaptersTest.java:394)
	at java.base/jdk.internal.reflect.NativeMethodAccessorImpl.invoke0(Native Method)
	at java.base/jdk.internal.reflect.NativeMethodAccessorImpl.invoke(NativeMethodAccessorImpl.java:62)
	at java.base/jdk.internal.reflect.DelegatingMethodAccessorImpl.invoke(DelegatingMethodAccessorImpl.java:43)
	at java.base/java.lang.reflect.Method.invoke(Method.java:566)
	at junit.framework.TestCase.runTest(TestCase.java:176)
	at junit.framework.TestCase.runBare(TestCase.java:141)
	at junit.framework.TestResult$1.protect(TestResult.java:122)
	at junit.framework.TestResult.runProtected(TestResult.java:142)
	at junit.framework.TestResult.run(TestResult.java:125)
	at junit.framework.TestCase.run(TestCase.java:129)
	at junit.framework.TestSuite.runTest(TestSuite.java:252)
	at junit.framework.TestSuite.run(TestSuite.java:247)
	at org.junit.internal.runners.JUnit38ClassRunner.run(JUnit38ClassRunner.java:86)
	at org.apache.maven.surefire.junit4.JUnit4Provider.execute(JUnit4Provider.java:252)
	at org.apache.maven.surefire.junit4.JUnit4Provider.executeTestSet(JUnit4Provider.java:141)
	at org.apache.maven.surefire.junit4.JUnit4Provider.invoke(JUnit4Provider.java:112)
	at java.base/jdk.internal.reflect.NativeMethodAccessorImpl.invoke0(Native Method)
	at java.base/jdk.internal.reflect.NativeMethodAccessorImpl.invoke(NativeMethodAccessorImpl.java:62)
	at java.base/jdk.internal.reflect.DelegatingMethodAccessorImpl.invoke(DelegatingMethodAccessorImpl.java:43)
	at java.base/java.lang.reflect.Method.invoke(Method.java:566)
	at org.apache.maven.surefire.util.ReflectionUtils.invokeMethodWithArray(ReflectionUtils.java:189)
	at org.apache.maven.surefire.booter.ProviderFactory$ProviderProxy.invoke(ProviderFactory.java:165)
	at org.apache.maven.surefire.booter.ProviderFactory.invokeProvider(ProviderFactory.java:85)
	at org.apache.maven.surefire.booter.ForkedBooter.runSuitesInProcess(ForkedBooter.java:115)
	at org.apache.maven.surefire.booter.ForkedBooter.main(ForkedBooter.java:75)

testDefaultJavaSqlTimestampSerialization(com.google.gson.functional.DefaultTypeAdaptersTest)  Time elapsed: 0.002 sec  <<< FAILURE!
junit.framework.ComparisonFailure: expected:<"Dec 3, 2009[] 1:18:02 PM"> but was:<"Dec 3, 2009[,] 1:18:02 PM">
	at junit.framework.Assert.assertEquals(Assert.java:100)
	at junit.framework.Assert.assertEquals(Assert.java:107)
	at junit.framework.TestCase.assertEquals(TestCase.java:269)
	at com.google.gson.functional.DefaultTypeAdaptersTest.__CLR4_4_1ba8tvi6p2(DefaultTypeAdaptersTest.java:372)
	at com.google.gson.functional.DefaultTypeAdaptersTest.testDefaultJavaSqlTimestampSerialization(DefaultTypeAdaptersTest.java:369)
	at java.base/jdk.internal.reflect.NativeMethodAccessorImpl.invoke0(Native Method)
	at java.base/jdk.internal.reflect.NativeMethodAccessorImpl.invoke(NativeMethodAccessorImpl.java:62)
	at java.base/jdk.internal.reflect.DelegatingMethodAccessorImpl.invoke(DelegatingMethodAccessorImpl.java:43)
	at java.base/java.lang.reflect.Method.invoke(Method.java:566)
	at junit.framework.TestCase.runTest(TestCase.java:176)
	at junit.framework.TestCase.runBare(TestCase.java:141)
	at junit.framework.TestResult$1.protect(TestResult.java:122)
	at junit.framework.TestResult.runProtected(TestResult.java:142)
	at junit.framework.TestResult.run(TestResult.java:125)
	at junit.framework.TestCase.run(TestCase.java:129)
	at junit.framework.TestSuite.runTest(TestSuite.java:252)
	at junit.framework.TestSuite.run(TestSuite.java:247)
	at org.junit.internal.runners.JUnit38ClassRunner.run(JUnit38ClassRunner.java:86)
	at org.apache.maven.surefire.junit4.JUnit4Provider.execute(JUnit4Provider.java:252)
	at org.apache.maven.surefire.junit4.JUnit4Provider.executeTestSet(JUnit4Provider.java:141)
	at org.apache.maven.surefire.junit4.JUnit4Provider.invoke(JUnit4Provider.java:112)
	at java.base/jdk.internal.reflect.NativeMethodAccessorImpl.invoke0(Native Method)
	at java.base/jdk.internal.reflect.NativeMethodAccessorImpl.invoke(NativeMethodAccessorImpl.java:62)
	at java.base/jdk.internal.reflect.DelegatingMethodAccessorImpl.invoke(DelegatingMethodAccessorImpl.java:43)
	at java.base/java.lang.reflect.Method.invoke(Method.java:566)
	at org.apache.maven.surefire.util.ReflectionUtils.invokeMethodWithArray(ReflectionUtils.java:189)
	at org.apache.maven.surefire.booter.ProviderFactory$ProviderProxy.invoke(ProviderFactory.java:165)
	at org.apache.maven.surefire.booter.ProviderFactory.invokeProvider(ProviderFactory.java:85)
	at org.apache.maven.surefire.booter.ForkedBooter.runSuitesInProcess(ForkedBooter.java:115)
	at org.apache.maven.surefire.booter.ForkedBooter.main(ForkedBooter.java:75)

testDefaultDateSerialization(com.google.gson.functional.DefaultTypeAdaptersTest)  Time elapsed: 0.001 sec  <<< FAILURE!
junit.framework.ComparisonFailure: expected:<"Sep 11, 2011[] 10:55:03 PM"> but was:<"Sep 11, 2011[,] 10:55:03 PM">
	at junit.framework.Assert.assertEquals(Assert.java:100)
	at junit.framework.Assert.assertEquals(Assert.java:107)
	at junit.framework.TestCase.assertEquals(TestCase.java:269)
	at com.google.gson.functional.DefaultTypeAdaptersTest.__CLR4_4_1pcwu26od(DefaultTypeAdaptersTest.java:331)
	at com.google.gson.functional.DefaultTypeAdaptersTest.testDefaultDateSerialization(DefaultTypeAdaptersTest.java:328)
	at java.base/jdk.internal.reflect.NativeMethodAccessorImpl.invoke0(Native Method)
	at java.base/jdk.internal.reflect.NativeMethodAccessorImpl.invoke(NativeMethodAccessorImpl.java:62)
	at java.base/jdk.internal.reflect.DelegatingMethodAccessorImpl.invoke(DelegatingMethodAccessorImpl.java:43)
	at java.base/java.lang.reflect.Method.invoke(Method.java:566)
	at junit.framework.TestCase.runTest(TestCase.java:176)
	at junit.framework.TestCase.runBare(TestCase.java:141)
	at junit.framework.TestResult$1.protect(TestResult.java:122)
	at junit.framework.TestResult.runProtected(TestResult.java:142)
	at junit.framework.TestResult.run(TestResult.java:125)
	at junit.framework.TestCase.run(TestCase.java:129)
	at junit.framework.TestSuite.runTest(TestSuite.java:252)
	at junit.framework.TestSuite.run(TestSuite.java:247)
	at org.junit.internal.runners.JUnit38ClassRunner.run(JUnit38ClassRunner.java:86)
	at org.apache.maven.surefire.junit4.JUnit4Provider.execute(JUnit4Provider.java:252)
	at org.apache.maven.surefire.junit4.JUnit4Provider.executeTestSet(JUnit4Provider.java:141)
	at org.apache.maven.surefire.junit4.JUnit4Provider.invoke(JUnit4Provider.java:112)
	at java.base/jdk.internal.reflect.NativeMethodAccessorImpl.invoke0(Native Method)
	at java.base/jdk.internal.reflect.NativeMethodAccessorImpl.invoke(NativeMethodAccessorImpl.java:62)
	at java.base/jdk.internal.reflect.DelegatingMethodAccessorImpl.invoke(DelegatingMethodAccessorImpl.java:43)
	at java.base/java.lang.reflect.Method.invoke(Method.java:566)
	at org.apache.maven.surefire.util.ReflectionUtils.invokeMethodWithArray(ReflectionUtils.java:189)
	at org.apache.maven.surefire.booter.ProviderFactory$ProviderProxy.invoke(ProviderFactory.java:165)
	at org.apache.maven.surefire.booter.ProviderFactory.invokeProvider(ProviderFactory.java:85)
	at org.apache.maven.surefire.booter.ForkedBooter.runSuitesInProcess(ForkedBooter.java:115)
	at org.apache.maven.surefire.booter.ForkedBooter.main(ForkedBooter.java:75)

Running com.google.gson.functional.NullObjectAndFieldTest
Tests run: 16, Failures: 0, Errors: 0, Skipped: 0, Time elapsed: 0.011 sec
Running com.google.gson.functional.MapAsArrayTypeAdapterTest
Tests run: 5, Failures: 0, Errors: 0, Skipped: 0, Time elapsed: 0.007 sec
Running com.google.gson.functional.InstanceCreatorTest
Tests run: 5, Failures: 0, Errors: 0, Skipped: 0, Time elapsed: 0.008 sec
Running com.google.gson.functional.PrimitiveCharacterTest
Tests run: 2, Failures: 0, Errors: 0, Skipped: 0, Time elapsed: 0.003 sec
Running com.google.gson.functional.MapTest
Tests run: 48, Failures: 0, Errors: 0, Skipped: 0, Time elapsed: 0.066 sec
Running com.google.gson.functional.FieldNamingTest
Tests run: 5, Failures: 0, Errors: 0, Skipped: 0, Time elapsed: 0.004 sec
Running com.google.gson.functional.VersioningTest
Tests run: 10, Failures: 0, Errors: 0, Skipped: 0, Time elapsed: 0.011 sec
Running com.google.gson.functional.DelegateTypeAdapterTest
Tests run: 2, Failures: 0, Errors: 0, Skipped: 0, Time elapsed: 0.004 sec
Running com.google.gson.functional.InheritanceTest
Tests run: 13, Failures: 0, Errors: 0, Skipped: 0, Time elapsed: 0.008 sec
Running com.google.gson.functional.TypeHierarchyAdapterTest
Tests run: 3, Failures: 0, Errors: 0, Skipped: 0, Time elapsed: 0.005 sec
Running com.google.gson.functional.CustomSerializerTest
Tests run: 5, Failures: 0, Errors: 0, Skipped: 0, Time elapsed: 0.005 sec
Running com.google.gson.functional.StreamingTypeAdaptersTest
Tests run: 17, Failures: 0, Errors: 0, Skipped: 0, Time elapsed: 0.02 sec
Running com.google.gson.functional.EscapingTest
Tests run: 5, Failures: 0, Errors: 0, Skipped: 0, Time elapsed: 0.005 sec
Running com.google.gson.functional.CollectionTest
Tests run: 28, Failures: 0, Errors: 0, Skipped: 0, Time elapsed: 0.029 sec
Running com.google.gson.functional.JsonTreeTest
Tests run: 4, Failures: 0, Errors: 0, Skipped: 0, Time elapsed: 0.004 sec
Running com.google.gson.functional.ArrayTest
Tests run: 26, Failures: 0, Errors: 0, Skipped: 0, Time elapsed: 0.017 sec
Running com.google.gson.functional.PrintFormattingTest
Tests run: 3, Failures: 0, Errors: 0, Skipped: 0, Time elapsed: 0.003 sec
Running com.google.gson.functional.StringTest
Tests run: 18, Failures: 0, Errors: 0, Skipped: 0, Time elapsed: 0.01 sec
Running com.google.gson.functional.JavaUtilConcurrentAtomicTest
Tests run: 7, Failures: 0, Errors: 0, Skipped: 0, Time elapsed: 0.006 sec
Running com.google.gson.functional.UncategorizedTest
Tests run: 6, Failures: 0, Errors: 0, Skipped: 0, Time elapsed: 0.006 sec
Running com.google.gson.functional.JsonArrayTest
Tests run: 8, Failures: 0, Errors: 0, Skipped: 0, Time elapsed: 0.005 sec
Running com.google.gson.functional.JsonParserTest
Tests run: 8, Failures: 0, Errors: 0, Skipped: 0, Time elapsed: 0.007 sec
Running com.google.gson.functional.JsonAdapterAnnotationOnClassesTest
Tests run: 8, Failures: 0, Errors: 0, Skipped: 0, Time elapsed: 0.009 sec
Running com.google.gson.functional.NamingPolicyTest
Tests run: 14, Failures: 0, Errors: 0, Skipped: 0, Time elapsed: 0.011 sec
Running com.google.gson.functional.ConcurrencyTest
Tests run: 4, Failures: 0, Errors: 0, Skipped: 0, Time elapsed: 0.027 sec
Running com.google.gson.functional.PrimitiveTest
Tests run: 98, Failures: 0, Errors: 0, Skipped: 0, Time elapsed: 0.057 sec
Running com.google.gson.functional.TreeTypeAdaptersTest
Tests run: 2, Failures: 0, Errors: 0, Skipped: 0, Time elapsed: 0.004 sec
Running com.google.gson.functional.JavaUtilTest
Tests run: 2, Failures: 0, Errors: 0, Skipped: 0, Time elapsed: 0.004 sec
Running com.google.gson.ObjectTypeAdapterTest
Tests run: 5, Failures: 0, Errors: 0, Skipped: 0, Time elapsed: 0.005 sec
Running com.google.gson.JsonStreamParserTest
Tests run: 4, Failures: 0, Errors: 0, Skipped: 0, Time elapsed: 0.003 sec
Running com.google.gson.JavaSerializationTest
Tests run: 3, Failures: 0, Errors: 0, Skipped: 0, Time elapsed: 0.023 sec
Running com.google.gson.GenericArrayTypeTest
Tests run: 2, Failures: 0, Errors: 0, Skipped: 0, Time elapsed: 0.002 sec
Running com.google.gson.GsonTest
Tests run: 1, Failures: 0, Errors: 0, Skipped: 0, Time elapsed: 0.001 sec
Running com.google.gson.JsonArrayTest
Tests run: 5, Failures: 0, Errors: 0, Skipped: 0, Time elapsed: 0.003 sec
Running com.google.gson.JsonParserTest
Tests run: 10, Failures: 0, Errors: 0, Skipped: 0, Time elapsed: 0.006 sec
Running com.google.gson.JsonPrimitiveTest
Tests run: 24, Failures: 0, Errors: 0, Skipped: 0, Time elapsed: 0.012 sec
Running com.google.gson.LongSerializationPolicyTest
Tests run: 4, Failures: 0, Errors: 0, Skipped: 0, Time elapsed: 0.002 sec
Running com.google.gson.OverrideCoreTypeAdaptersTest
Tests run: 3, Failures: 0, Errors: 0, Skipped: 0, Time elapsed: 0.002 sec

Results :

Failed tests:   testFormattingInEnUs(com.google.gson.DefaultDateTypeAdapterTest): expected:<Jan 1, 1970[] 12:00:00 AM> but was:<Jan 1, 1970[,] 12:00:00 AM>
  testFormattingInFr(com.google.gson.DefaultDateTypeAdapterTest): expected:<Jan 1, 1970[] 12:00:00 AM> but was:<Jan 1, 1970[,] 12:00:00 AM>
  testFormatUsesDefaultTimezone(com.google.gson.DefaultDateTypeAdapterTest): expected:<Dec 31, 1969[] 4:00:00 PM> but was:<Dec 31, 1969[,] 4:00:00 PM>
  testDateAsMapObjectField(com.google.gson.functional.ObjectTest): expected:<..."date":"Dec 31, 1969[] 4:00:00 PM"}}> but was:<..."date":"Dec 31, 1969[,] 4:00:00 PM"}}>
  testDefaultDateSerializationUsingBuilder(com.google.gson.functional.DefaultTypeAdaptersTest): expected:<"Sep 11, 2011[] 10:55:03 PM"> but was:<"Sep 11, 2011[,] 10:55:03 PM">
  testDefaultJavaSqlTimestampSerialization(com.google.gson.functional.DefaultTypeAdaptersTest): expected:<"Dec 3, 2009[] 1:18:02 PM"> but was:<"Dec 3, 2009[,] 1:18:02 PM">
  testDefaultDateSerialization(com.google.gson.functional.DefaultTypeAdaptersTest): expected:<"Sep 11, 2011[] 10:55:03 PM"> but was:<"Sep 11, 2011[,] 10:55:03 PM">

Tests in error: 
  testParsingDatesFormattedWithSystemLocale(com.google.gson.DefaultDateTypeAdapterTest): 1 janv. 1970 00:00:00
  testParsingDatesFormattedWithUsLocale(com.google.gson.DefaultDateTypeAdapterTest): Jan 1, 1970 0:00:00 AM
  testDefaultDateDeserialization(com.google.gson.functional.DefaultTypeAdaptersTest): Dec 13, 2009 07:18:02 AM
  testDefaultJavaSqlTimestampDeserialization(com.google.gson.functional.DefaultTypeAdaptersTest): Dec 3, 2009 1:18:02 PM

Tests run: 1012, Failures: 7, Errors: 4, Skipped: 1

[[1;34mINFO[m] [1m------------------------------------------------------------------------[m
[[1;34mINFO[m] [1;31mBUILD FAILURE[m
[[1;34mINFO[m] [1m------------------------------------------------------------------------[m
[[1;34mINFO[m] Total time:  10.589 s
[[1;34mINFO[m] Finished at: 2021-01-03T17:55:07+01:00
[[1;34mINFO[m] [1m------------------------------------------------------------------------[m
[[1;31mERROR[m] Failed to execute goal [32morg.apache.maven.plugins:maven-surefire-plugin:2.12.4:test[m [1m(default-test)[m on project [36mgson[m: [1;31mThere are test failures.[m
[[1;31mERROR[m] [1;31m[m
[[1;31mERROR[m] [1;31mPlease refer to /tmp/v1/gson/target/surefire-reports for the individual test results.[m
[[1;31mERROR[m] -> [1m[Help 1][m
[[1;31mERROR[m] 
[[1;31mERROR[m] To see the full stack trace of the errors, re-run Maven with the [1m-e[m switch.
[[1;31mERROR[m] Re-run Maven using the [1m-X[m switch to enable full debug logging.
[[1;31mERROR[m] 
[[1;31mERROR[m] For more information about the errors and possible solutions, please read the following articles:
[[1;31mERROR[m] [1m[Help 1][m http://cwiki.apache.org/confluence/display/MAVEN/MojoFailureException
Writing HTML report to '/tmp/v1/gson/target/clover/report'
Done. Processed 11 packages in 4017ms (365ms per package).
[INFO] Computing coverage for /tmp/v2/gson/
[WARN] Maven will be executed in interactive mode, but no input stream has been configured for this MavenInvoker instance.
WARNING: An illegal reflective access operation has occurred
WARNING: Illegal reflective access by com.google.inject.internal.cglib.core.$ReflectUtils$1 (file:/usr/share/maven/lib/guice.jar) to method java.lang.ClassLoader.defineClass(java.lang.String,byte[],int,int,java.security.ProtectionDomain)
WARNING: Please consider reporting this to the maintainers of com.google.inject.internal.cglib.core.$ReflectUtils$1
WARNING: Use --illegal-access=warn to enable warnings of further illegal reflective access operations
WARNING: All illegal access operations will be denied in a future release
[[1;34mINFO[m] Scanning for projects...
[[1;34mINFO[m] 
[[1;34mINFO[m] [1m---------------------< [0;36mcom.google.code.gson:gson[0;1m >----------------------[m
[[1;34mINFO[m] [1mBuilding Gson 2.7.1-SNAPSHOT[m
[[1;34mINFO[m] [1m--------------------------------[ jar ]---------------------------------[m
[[1;34mINFO[m] 
[[1;34mINFO[m] [1m--- [0;32mmaven-clean-plugin:2.5:clean[m [1m(default-clean)[m @ [36mgson[0;1m ---[m
[[1;34mINFO[m] Deleting /tmp/v2/gson/target
[[1;34mINFO[m] 
[[1;34mINFO[m] [1m--- [0;32mclover-maven-plugin:4.4.1:setup[m [1m(default-cli)[m @ [36mgson[0;1m ---[m
[[1;34mINFO[m] OpenClover Version 4.4.1, built on October 11 2019 (build-1020)
[[1;34mINFO[m] Creating new database at '/tmp/v2/gson/target/clover/clover.db'.
[[1;34mINFO[m] Processing files at 1.9 source level.
[[1;34mINFO[m] Clover all over. Instrumented 67 files (7 packages).
[[1;34mINFO[m] OpenClover Version 4.4.1, built on October 11 2019 (build-1020)
[[1;34mINFO[m] Updating existing database at '/tmp/v2/gson/target/clover/clover.db'.
[[1;34mINFO[m] Processing files at 1.9 source level.
[[1;34mINFO[m] Clover all over. Instrumented 95 files (9 packages).
[[1;34mINFO[m] 1002 test methods detected.
[[1;34mINFO[m] 
[[1;34mINFO[m] [1m--- [0;32mmaven-enforcer-plugin:1.0:enforce[m [1m(enforce-maven)[m @ [36mgson[0;1m ---[m
[[1;34mINFO[m] Skipping Rule Enforcement.
[[1;34mINFO[m] 
[[1;34mINFO[m] [1m--- [0;32mmaven-resources-plugin:2.6:resources[m [1m(default-resources)[m @ [36mgson[0;1m ---[m
[[1;34mINFO[m] Using 'UTF-8' encoding to copy filtered resources.
[[1;34mINFO[m] skip non existing resourceDirectory /tmp/v2/gson/src/main/resources
[[1;34mINFO[m] Copying 1 resource
[[1;34mINFO[m] 
[[1;34mINFO[m] [1m--- [0;32mmaven-compiler-plugin:3.0:compile[m [1m(default-compile)[m @ [36mgson[0;1m ---[m
[[1;34mINFO[m] Changes detected - recompiling the module!
[[1;34mINFO[m] Compiling 67 source files to /tmp/v2/gson/target/classes
[[1;33mWARNING[m] /tmp/v2/gson/target/clover/src-instrumented/com/google/gson/internal/ConstructorConstructor.java: /tmp/v2/gson/target/clover/src-instrumented/com/google/gson/internal/ConstructorConstructor.java uses or overrides a deprecated API.
[[1;33mWARNING[m] /tmp/v2/gson/target/clover/src-instrumented/com/google/gson/internal/ConstructorConstructor.java: Recompile with -Xlint:deprecation for details.
[[1;34mINFO[m] 
[[1;34mINFO[m] [1m--- [0;32mbnd-maven-plugin:3.1.0:bnd-process[m [1m(default)[m @ [36mgson[0;1m ---[m
[[1;33mWARNING[m] Export com.google.gson,  has 1,  private references [com.google.gson.internal], 
[[1;34mINFO[m] 
[[1;34mINFO[m] [1m--- [0;32mmaven-resources-plugin:2.6:testResources[m [1m(default-testResources)[m @ [36mgson[0;1m ---[m
[[1;34mINFO[m] Using 'UTF-8' encoding to copy filtered resources.
[[1;34mINFO[m] skip non existing resourceDirectory /tmp/v2/gson/src/test/resources
[[1;34mINFO[m] 
[[1;34mINFO[m] [1m--- [0;32mmaven-compiler-plugin:3.0:testCompile[m [1m(default-testCompile)[m @ [36mgson[0;1m ---[m
[[1;34mINFO[m] Changes detected - recompiling the module!
[[1;34mINFO[m] Compiling 95 source files to /tmp/v2/gson/target/test-classes
[[1;33mWARNING[m] /tmp/v2/gson/target/clover/src-test-instrumented/com/google/gson/common/MoreAsserts.java: Some input files use or override a deprecated API.
[[1;33mWARNING[m] /tmp/v2/gson/target/clover/src-test-instrumented/com/google/gson/common/MoreAsserts.java: Recompile with -Xlint:deprecation for details.
[[1;33mWARNING[m] /tmp/v2/gson/target/clover/src-test-instrumented/com/google/gson/functional/ParameterizedTypesTest.java: Some input files use unchecked or unsafe operations.
[[1;33mWARNING[m] /tmp/v2/gson/target/clover/src-test-instrumented/com/google/gson/functional/ParameterizedTypesTest.java: Recompile with -Xlint:unchecked for details.
[[1;34mINFO[m] 
[[1;34mINFO[m] [1m--- [0;32mmaven-surefire-plugin:2.12.4:test[m [1m(default-test)[m @ [36mgson[0;1m ---[m
[[1;34mINFO[m] Surefire report directory: /tmp/v2/gson/target/surefire-reports

-------------------------------------------------------
 T E S T S
-------------------------------------------------------
Running com.google.gson.DefaultDateTypeAdapterTest
Tests run: 9, Failures: 3, Errors: 2, Skipped: 0, Time elapsed: 0.135 sec <<< FAILURE!
testFormattingInEnUs(com.google.gson.DefaultDateTypeAdapterTest)  Time elapsed: 0.008 sec  <<< FAILURE!
junit.framework.ComparisonFailure: expected:<Jan 1, 1970[] 12:00:00 AM> but was:<Jan 1, 1970[,] 12:00:00 AM>
	at junit.framework.Assert.assertEquals(Assert.java:100)
	at junit.framework.Assert.assertEquals(Assert.java:107)
	at junit.framework.TestCase.assertEquals(TestCase.java:269)
	at com.google.gson.DefaultDateTypeAdapterTest.assertFormatted(DefaultDateTypeAdapterTest.java:164)
	at com.google.gson.DefaultDateTypeAdapterTest.assertFormattingAlwaysEmitsUsLocale(DefaultDateTypeAdapterTest.java:47)
	at com.google.gson.DefaultDateTypeAdapterTest.__CLR4_4_1ipa1124vp(DefaultDateTypeAdapterTest.java:34)
	at com.google.gson.DefaultDateTypeAdapterTest.testFormattingInEnUs(DefaultDateTypeAdapterTest.java:33)
	at java.base/jdk.internal.reflect.NativeMethodAccessorImpl.invoke0(Native Method)
	at java.base/jdk.internal.reflect.NativeMethodAccessorImpl.invoke(NativeMethodAccessorImpl.java:62)
	at java.base/jdk.internal.reflect.DelegatingMethodAccessorImpl.invoke(DelegatingMethodAccessorImpl.java:43)
	at java.base/java.lang.reflect.Method.invoke(Method.java:566)
	at junit.framework.TestCase.runTest(TestCase.java:176)
	at junit.framework.TestCase.runBare(TestCase.java:141)
	at junit.framework.TestResult$1.protect(TestResult.java:122)
	at junit.framework.TestResult.runProtected(TestResult.java:142)
	at junit.framework.TestResult.run(TestResult.java:125)
	at junit.framework.TestCase.run(TestCase.java:129)
	at junit.framework.TestSuite.runTest(TestSuite.java:252)
	at junit.framework.TestSuite.run(TestSuite.java:247)
	at org.junit.internal.runners.JUnit38ClassRunner.run(JUnit38ClassRunner.java:86)
	at org.apache.maven.surefire.junit4.JUnit4Provider.execute(JUnit4Provider.java:252)
	at org.apache.maven.surefire.junit4.JUnit4Provider.executeTestSet(JUnit4Provider.java:141)
	at org.apache.maven.surefire.junit4.JUnit4Provider.invoke(JUnit4Provider.java:112)
	at java.base/jdk.internal.reflect.NativeMethodAccessorImpl.invoke0(Native Method)
	at java.base/jdk.internal.reflect.NativeMethodAccessorImpl.invoke(NativeMethodAccessorImpl.java:62)
	at java.base/jdk.internal.reflect.DelegatingMethodAccessorImpl.invoke(DelegatingMethodAccessorImpl.java:43)
	at java.base/java.lang.reflect.Method.invoke(Method.java:566)
	at org.apache.maven.surefire.util.ReflectionUtils.invokeMethodWithArray(ReflectionUtils.java:189)
	at org.apache.maven.surefire.booter.ProviderFactory$ProviderProxy.invoke(ProviderFactory.java:165)
	at org.apache.maven.surefire.booter.ProviderFactory.invokeProvider(ProviderFactory.java:85)
	at org.apache.maven.surefire.booter.ForkedBooter.runSuitesInProcess(ForkedBooter.java:115)
	at org.apache.maven.surefire.booter.ForkedBooter.main(ForkedBooter.java:75)

testParsingDatesFormattedWithSystemLocale(com.google.gson.DefaultDateTypeAdapterTest)  Time elapsed: 0.012 sec  <<< ERROR!
com.google.gson.JsonSyntaxException: 1 janv. 1970 00:00:00
	at com.google.gson.DefaultDateTypeAdapter.deserializeToDate(DefaultDateTypeAdapter.java:106)
	at com.google.gson.DefaultDateTypeAdapter.deserialize(DefaultDateTypeAdapter.java:83)
	at com.google.gson.DefaultDateTypeAdapterTest.assertParsed(DefaultDateTypeAdapterTest.java:168)
	at com.google.gson.DefaultDateTypeAdapterTest.__CLR4_4_14xdbqt4w9(DefaultDateTypeAdapterTest.java:71)
	at com.google.gson.DefaultDateTypeAdapterTest.testParsingDatesFormattedWithSystemLocale(DefaultDateTypeAdapterTest.java:65)
	at java.base/jdk.internal.reflect.NativeMethodAccessorImpl.invoke0(Native Method)
	at java.base/jdk.internal.reflect.NativeMethodAccessorImpl.invoke(NativeMethodAccessorImpl.java:62)
	at java.base/jdk.internal.reflect.DelegatingMethodAccessorImpl.invoke(DelegatingMethodAccessorImpl.java:43)
	at java.base/java.lang.reflect.Method.invoke(Method.java:566)
	at junit.framework.TestCase.runTest(TestCase.java:176)
	at junit.framework.TestCase.runBare(TestCase.java:141)
	at junit.framework.TestResult$1.protect(TestResult.java:122)
	at junit.framework.TestResult.runProtected(TestResult.java:142)
	at junit.framework.TestResult.run(TestResult.java:125)
	at junit.framework.TestCase.run(TestCase.java:129)
	at junit.framework.TestSuite.runTest(TestSuite.java:252)
	at junit.framework.TestSuite.run(TestSuite.java:247)
	at org.junit.internal.runners.JUnit38ClassRunner.run(JUnit38ClassRunner.java:86)
	at org.apache.maven.surefire.junit4.JUnit4Provider.execute(JUnit4Provider.java:252)
	at org.apache.maven.surefire.junit4.JUnit4Provider.executeTestSet(JUnit4Provider.java:141)
	at org.apache.maven.surefire.junit4.JUnit4Provider.invoke(JUnit4Provider.java:112)
	at java.base/jdk.internal.reflect.NativeMethodAccessorImpl.invoke0(Native Method)
	at java.base/jdk.internal.reflect.NativeMethodAccessorImpl.invoke(NativeMethodAccessorImpl.java:62)
	at java.base/jdk.internal.reflect.DelegatingMethodAccessorImpl.invoke(DelegatingMethodAccessorImpl.java:43)
	at java.base/java.lang.reflect.Method.invoke(Method.java:566)
	at org.apache.maven.surefire.util.ReflectionUtils.invokeMethodWithArray(ReflectionUtils.java:189)
	at org.apache.maven.surefire.booter.ProviderFactory$ProviderProxy.invoke(ProviderFactory.java:165)
	at org.apache.maven.surefire.booter.ProviderFactory.invokeProvider(ProviderFactory.java:85)
	at org.apache.maven.surefire.booter.ForkedBooter.runSuitesInProcess(ForkedBooter.java:115)
	at org.apache.maven.surefire.booter.ForkedBooter.main(ForkedBooter.java:75)
Caused by: java.text.ParseException: Failed to parse date ["1 janv. 1970 00:00:00']: Invalid number: 1 ja
	at com.google.gson.internal.bind.util.ISO8601Utils.parse(ISO8601Utils.java:274)
	at com.google.gson.DefaultDateTypeAdapter.deserializeToDate(DefaultDateTypeAdapter.java:104)
	... 29 more
Caused by: java.lang.NumberFormatException: Invalid number: 1 ja
	at com.google.gson.internal.bind.util.ISO8601Utils.parseInt(ISO8601Utils.java:318)
	at com.google.gson.internal.bind.util.ISO8601Utils.parse(ISO8601Utils.java:129)
	... 30 more

testFormattingInFr(com.google.gson.DefaultDateTypeAdapterTest)  Time elapsed: 0.003 sec  <<< FAILURE!
junit.framework.ComparisonFailure: expected:<Jan 1, 1970[] 12:00:00 AM> but was:<Jan 1, 1970[,] 12:00:00 AM>
	at junit.framework.Assert.assertEquals(Assert.java:100)
	at junit.framework.Assert.assertEquals(Assert.java:107)
	at junit.framework.TestCase.assertEquals(TestCase.java:269)
	at com.google.gson.DefaultDateTypeAdapterTest.assertFormatted(DefaultDateTypeAdapterTest.java:164)
	at com.google.gson.DefaultDateTypeAdapterTest.assertFormattingAlwaysEmitsUsLocale(DefaultDateTypeAdapterTest.java:47)
	at com.google.gson.DefaultDateTypeAdapterTest.__CLR4_4_1lljdf54vr(DefaultDateTypeAdapterTest.java:38)
	at com.google.gson.DefaultDateTypeAdapterTest.testFormattingInFr(DefaultDateTypeAdapterTest.java:37)
	at java.base/jdk.internal.reflect.NativeMethodAccessorImpl.invoke0(Native Method)
	at java.base/jdk.internal.reflect.NativeMethodAccessorImpl.invoke(NativeMethodAccessorImpl.java:62)
	at java.base/jdk.internal.reflect.DelegatingMethodAccessorImpl.invoke(DelegatingMethodAccessorImpl.java:43)
	at java.base/java.lang.reflect.Method.invoke(Method.java:566)
	at junit.framework.TestCase.runTest(TestCase.java:176)
	at junit.framework.TestCase.runBare(TestCase.java:141)
	at junit.framework.TestResult$1.protect(TestResult.java:122)
	at junit.framework.TestResult.runProtected(TestResult.java:142)
	at junit.framework.TestResult.run(TestResult.java:125)
	at junit.framework.TestCase.run(TestCase.java:129)
	at junit.framework.TestSuite.runTest(TestSuite.java:252)
	at junit.framework.TestSuite.run(TestSuite.java:247)
	at org.junit.internal.runners.JUnit38ClassRunner.run(JUnit38ClassRunner.java:86)
	at org.apache.maven.surefire.junit4.JUnit4Provider.execute(JUnit4Provider.java:252)
	at org.apache.maven.surefire.junit4.JUnit4Provider.executeTestSet(JUnit4Provider.java:141)
	at org.apache.maven.surefire.junit4.JUnit4Provider.invoke(JUnit4Provider.java:112)
	at java.base/jdk.internal.reflect.NativeMethodAccessorImpl.invoke0(Native Method)
	at java.base/jdk.internal.reflect.NativeMethodAccessorImpl.invoke(NativeMethodAccessorImpl.java:62)
	at java.base/jdk.internal.reflect.DelegatingMethodAccessorImpl.invoke(DelegatingMethodAccessorImpl.java:43)
	at java.base/java.lang.reflect.Method.invoke(Method.java:566)
	at org.apache.maven.surefire.util.ReflectionUtils.invokeMethodWithArray(ReflectionUtils.java:189)
	at org.apache.maven.surefire.booter.ProviderFactory$ProviderProxy.invoke(ProviderFactory.java:165)
	at org.apache.maven.surefire.booter.ProviderFactory.invokeProvider(ProviderFactory.java:85)
	at org.apache.maven.surefire.booter.ForkedBooter.runSuitesInProcess(ForkedBooter.java:115)
	at org.apache.maven.surefire.booter.ForkedBooter.main(ForkedBooter.java:75)

testFormatUsesDefaultTimezone(com.google.gson.DefaultDateTypeAdapterTest)  Time elapsed: 0.003 sec  <<< FAILURE!
junit.framework.ComparisonFailure: expected:<Dec 31, 1969[] 4:00:00 PM> but was:<Dec 31, 1969[,] 4:00:00 PM>
	at junit.framework.Assert.assertEquals(Assert.java:100)
	at junit.framework.Assert.assertEquals(Assert.java:107)
	at junit.framework.TestCase.assertEquals(TestCase.java:269)
	at com.google.gson.DefaultDateTypeAdapterTest.assertFormatted(DefaultDateTypeAdapterTest.java:164)
	at com.google.gson.DefaultDateTypeAdapterTest.__CLR4_4_17g0nys4x5(DefaultDateTypeAdapterTest.java:119)
	at com.google.gson.DefaultDateTypeAdapterTest.testFormatUsesDefaultTimezone(DefaultDateTypeAdapterTest.java:113)
	at java.base/jdk.internal.reflect.NativeMethodAccessorImpl.invoke0(Native Method)
	at java.base/jdk.internal.reflect.NativeMethodAccessorImpl.invoke(NativeMethodAccessorImpl.java:62)
	at java.base/jdk.internal.reflect.DelegatingMethodAccessorImpl.invoke(DelegatingMethodAccessorImpl.java:43)
	at java.base/java.lang.reflect.Method.invoke(Method.java:566)
	at junit.framework.TestCase.runTest(TestCase.java:176)
	at junit.framework.TestCase.runBare(TestCase.java:141)
	at junit.framework.TestResult$1.protect(TestResult.java:122)
	at junit.framework.TestResult.runProtected(TestResult.java:142)
	at junit.framework.TestResult.run(TestResult.java:125)
	at junit.framework.TestCase.run(TestCase.java:129)
	at junit.framework.TestSuite.runTest(TestSuite.java:252)
	at junit.framework.TestSuite.run(TestSuite.java:247)
	at org.junit.internal.runners.JUnit38ClassRunner.run(JUnit38ClassRunner.java:86)
	at org.apache.maven.surefire.junit4.JUnit4Provider.execute(JUnit4Provider.java:252)
	at org.apache.maven.surefire.junit4.JUnit4Provider.executeTestSet(JUnit4Provider.java:141)
	at org.apache.maven.surefire.junit4.JUnit4Provider.invoke(JUnit4Provider.java:112)
	at java.base/jdk.internal.reflect.NativeMethodAccessorImpl.invoke0(Native Method)
	at java.base/jdk.internal.reflect.NativeMethodAccessorImpl.invoke(NativeMethodAccessorImpl.java:62)
	at java.base/jdk.internal.reflect.DelegatingMethodAccessorImpl.invoke(DelegatingMethodAccessorImpl.java:43)
	at java.base/java.lang.reflect.Method.invoke(Method.java:566)
	at org.apache.maven.surefire.util.ReflectionUtils.invokeMethodWithArray(ReflectionUtils.java:189)
	at org.apache.maven.surefire.booter.ProviderFactory$ProviderProxy.invoke(ProviderFactory.java:165)
	at org.apache.maven.surefire.booter.ProviderFactory.invokeProvider(ProviderFactory.java:85)
	at org.apache.maven.surefire.booter.ForkedBooter.runSuitesInProcess(ForkedBooter.java:115)
	at org.apache.maven.surefire.booter.ForkedBooter.main(ForkedBooter.java:75)

testParsingDatesFormattedWithUsLocale(com.google.gson.DefaultDateTypeAdapterTest)  Time elapsed: 0.003 sec  <<< ERROR!
com.google.gson.JsonSyntaxException: Jan 1, 1970 0:00:00 AM
	at com.google.gson.DefaultDateTypeAdapter.deserializeToDate(DefaultDateTypeAdapter.java:106)
	at com.google.gson.DefaultDateTypeAdapter.deserialize(DefaultDateTypeAdapter.java:83)
	at com.google.gson.DefaultDateTypeAdapterTest.assertParsed(DefaultDateTypeAdapterTest.java:168)
	at com.google.gson.DefaultDateTypeAdapterTest.__CLR4_4_1z9r0fa4wp(DefaultDateTypeAdapterTest.java:95)
	at com.google.gson.DefaultDateTypeAdapterTest.testParsingDatesFormattedWithUsLocale(DefaultDateTypeAdapterTest.java:89)
	at java.base/jdk.internal.reflect.NativeMethodAccessorImpl.invoke0(Native Method)
	at java.base/jdk.internal.reflect.NativeMethodAccessorImpl.invoke(NativeMethodAccessorImpl.java:62)
	at java.base/jdk.internal.reflect.DelegatingMethodAccessorImpl.invoke(DelegatingMethodAccessorImpl.java:43)
	at java.base/java.lang.reflect.Method.invoke(Method.java:566)
	at junit.framework.TestCase.runTest(TestCase.java:176)
	at junit.framework.TestCase.runBare(TestCase.java:141)
	at junit.framework.TestResult$1.protect(TestResult.java:122)
	at junit.framework.TestResult.runProtected(TestResult.java:142)
	at junit.framework.TestResult.run(TestResult.java:125)
	at junit.framework.TestCase.run(TestCase.java:129)
	at junit.framework.TestSuite.runTest(TestSuite.java:252)
	at junit.framework.TestSuite.run(TestSuite.java:247)
	at org.junit.internal.runners.JUnit38ClassRunner.run(JUnit38ClassRunner.java:86)
	at org.apache.maven.surefire.junit4.JUnit4Provider.execute(JUnit4Provider.java:252)
	at org.apache.maven.surefire.junit4.JUnit4Provider.executeTestSet(JUnit4Provider.java:141)
	at org.apache.maven.surefire.junit4.JUnit4Provider.invoke(JUnit4Provider.java:112)
	at java.base/jdk.internal.reflect.NativeMethodAccessorImpl.invoke0(Native Method)
	at java.base/jdk.internal.reflect.NativeMethodAccessorImpl.invoke(NativeMethodAccessorImpl.java:62)
	at java.base/jdk.internal.reflect.DelegatingMethodAccessorImpl.invoke(DelegatingMethodAccessorImpl.java:43)
	at java.base/java.lang.reflect.Method.invoke(Method.java:566)
	at org.apache.maven.surefire.util.ReflectionUtils.invokeMethodWithArray(ReflectionUtils.java:189)
	at org.apache.maven.surefire.booter.ProviderFactory$ProviderProxy.invoke(ProviderFactory.java:165)
	at org.apache.maven.surefire.booter.ProviderFactory.invokeProvider(ProviderFactory.java:85)
	at org.apache.maven.surefire.booter.ForkedBooter.runSuitesInProcess(ForkedBooter.java:115)
	at org.apache.maven.surefire.booter.ForkedBooter.main(ForkedBooter.java:75)
Caused by: java.text.ParseException: Failed to parse date ["Jan 1, 1970 0:00:00 AM']: Invalid number: Jan 
	at com.google.gson.internal.bind.util.ISO8601Utils.parse(ISO8601Utils.java:274)
	at com.google.gson.DefaultDateTypeAdapter.deserializeToDate(DefaultDateTypeAdapter.java:104)
	... 29 more
Caused by: java.lang.NumberFormatException: Invalid number: Jan 
	at com.google.gson.internal.bind.util.ISO8601Utils.parseInt(ISO8601Utils.java:311)
	at com.google.gson.internal.bind.util.ISO8601Utils.parse(ISO8601Utils.java:129)
	... 30 more

Running com.google.gson.InnerClassExclusionStrategyTest
Tests run: 4, Failures: 0, Errors: 0, Skipped: 0, Time elapsed: 0.001 sec
Running com.google.gson.GsonTypeAdapterTest
Tests run: 5, Failures: 0, Errors: 0, Skipped: 0, Time elapsed: 0.047 sec
Running com.google.gson.internal.LinkedHashTreeMapTest
Tests run: 15, Failures: 0, Errors: 0, Skipped: 0, Time elapsed: 0.037 sec
Running com.google.gson.internal.LazilyParsedNumberTest
Tests run: 2, Failures: 0, Errors: 0, Skipped: 0, Time elapsed: 0 sec
Running com.google.gson.internal.UnsafeAllocatorInstantiationTest
Tests run: 3, Failures: 0, Errors: 0, Skipped: 0, Time elapsed: 0.004 sec
Running com.google.gson.internal.GsonTypesTest
Tests run: 2, Failures: 0, Errors: 0, Skipped: 0, Time elapsed: 0.002 sec
Running com.google.gson.internal.bind.JsonTreeWriterTest
Tests run: 12, Failures: 0, Errors: 0, Skipped: 0, Time elapsed: 0.016 sec
Running com.google.gson.internal.bind.JsonElementReaderTest
Tests run: 17, Failures: 0, Errors: 0, Skipped: 0, Time elapsed: 0.018 sec
Running com.google.gson.internal.LinkedTreeMapTest
Tests run: 11, Failures: 0, Errors: 0, Skipped: 0, Time elapsed: 0.022 sec
Running com.google.gson.ParameterizedTypeTest
Tests run: 2, Failures: 0, Errors: 0, Skipped: 0, Time elapsed: 0.002 sec
Running com.google.gson.GsonBuilderTest
Tests run: 4, Failures: 0, Errors: 0, Skipped: 0, Time elapsed: 0.005 sec
Running com.google.gson.reflect.TypeTokenTest
Tests run: 4, Failures: 0, Errors: 0, Skipped: 0, Time elapsed: 0.005 sec
Running com.google.gson.DefaultInetAddressTypeAdapterTest
Tests run: 1, Failures: 0, Errors: 0, Skipped: 0, Time elapsed: 0.004 sec
Running com.google.gson.ExposeAnnotationExclusionStrategyTest
Tests run: 6, Failures: 0, Errors: 0, Skipped: 0, Time elapsed: 0.015 sec
Running com.google.gson.FieldAttributesTest
Tests run: 6, Failures: 0, Errors: 0, Skipped: 0, Time elapsed: 0.005 sec
Running com.google.gson.CommentsTest
Tests run: 1, Failures: 0, Errors: 0, Skipped: 0, Time elapsed: 0.002 sec
Running com.google.gson.regression.JsonAdapterNullSafeTest
Tests run: 2, Failures: 0, Errors: 0, Skipped: 0, Time elapsed: 0.004 sec
Running com.google.gson.JsonNullTest
Tests run: 2, Failures: 0, Errors: 0, Skipped: 0, Time elapsed: 0.001 sec
Running com.google.gson.JsonObjectTest
Tests run: 13, Failures: 0, Errors: 0, Skipped: 0, Time elapsed: 0.009 sec
Running com.google.gson.stream.JsonReaderPathTest
Tests run: 20, Failures: 0, Errors: 0, Skipped: 1, Time elapsed: 0.044 sec
Running com.google.gson.stream.JsonWriterTest
Tests run: 37, Failures: 0, Errors: 0, Skipped: 0, Time elapsed: 0.024 sec
Running com.google.gson.stream.JsonReaderTest
Tests run: 119, Failures: 0, Errors: 0, Skipped: 0, Time elapsed: 0.105 sec
Running com.google.gson.metrics.PerformanceTest
Tests run: 1, Failures: 0, Errors: 0, Skipped: 0, Time elapsed: 0 sec
Running com.google.gson.MixedStreamTest
Tests run: 12, Failures: 0, Errors: 0, Skipped: 0, Time elapsed: 0.01 sec
Running com.google.gson.DefaultMapJsonSerializerTest
Tests run: 3, Failures: 0, Errors: 0, Skipped: 0, Time elapsed: 0.004 sec
Running com.google.gson.VersionExclusionStrategyTest
Tests run: 3, Failures: 0, Errors: 0, Skipped: 0, Time elapsed: 0.003 sec
Running com.google.gson.functional.InternationalizationTest
Tests run: 4, Failures: 0, Errors: 0, Skipped: 0, Time elapsed: 0.003 sec
Running com.google.gson.functional.JsonAdapterAnnotationOnFieldsTest
Tests run: 10, Failures: 0, Errors: 0, Skipped: 0, Time elapsed: 0.016 sec
Running com.google.gson.functional.SecurityTest
Tests run: 5, Failures: 0, Errors: 0, Skipped: 0, Time elapsed: 0.006 sec
Running com.google.gson.functional.EnumTest
Tests run: 11, Failures: 0, Errors: 0, Skipped: 0, Time elapsed: 0.016 sec
Running com.google.gson.functional.ObjectTest
Tests run: 44, Failures: 1, Errors: 0, Skipped: 0, Time elapsed: 0.05 sec <<< FAILURE!
testDateAsMapObjectField(com.google.gson.functional.ObjectTest)  Time elapsed: 0.004 sec  <<< FAILURE!
junit.framework.ComparisonFailure: expected:<..."date":"Dec 31, 1969[] 4:00:00 PM"}}> but was:<..."date":"Dec 31, 1969[,] 4:00:00 PM"}}>
	at junit.framework.Assert.assertEquals(Assert.java:100)
	at junit.framework.Assert.assertEquals(Assert.java:107)
	at junit.framework.TestCase.assertEquals(TestCase.java:269)
	at com.google.gson.functional.ObjectTest.__CLR4_4_1or4vs8hc(ObjectTest.java:485)
	at com.google.gson.functional.ObjectTest.testDateAsMapObjectField(ObjectTest.java:482)
	at java.base/jdk.internal.reflect.NativeMethodAccessorImpl.invoke0(Native Method)
	at java.base/jdk.internal.reflect.NativeMethodAccessorImpl.invoke(NativeMethodAccessorImpl.java:62)
	at java.base/jdk.internal.reflect.DelegatingMethodAccessorImpl.invoke(DelegatingMethodAccessorImpl.java:43)
	at java.base/java.lang.reflect.Method.invoke(Method.java:566)
	at junit.framework.TestCase.runTest(TestCase.java:176)
	at junit.framework.TestCase.runBare(TestCase.java:141)
	at junit.framework.TestResult$1.protect(TestResult.java:122)
	at junit.framework.TestResult.runProtected(TestResult.java:142)
	at junit.framework.TestResult.run(TestResult.java:125)
	at junit.framework.TestCase.run(TestCase.java:129)
	at junit.framework.TestSuite.runTest(TestSuite.java:252)
	at junit.framework.TestSuite.run(TestSuite.java:247)
	at org.junit.internal.runners.JUnit38ClassRunner.run(JUnit38ClassRunner.java:86)
	at org.apache.maven.surefire.junit4.JUnit4Provider.execute(JUnit4Provider.java:252)
	at org.apache.maven.surefire.junit4.JUnit4Provider.executeTestSet(JUnit4Provider.java:141)
	at org.apache.maven.surefire.junit4.JUnit4Provider.invoke(JUnit4Provider.java:112)
	at java.base/jdk.internal.reflect.NativeMethodAccessorImpl.invoke0(Native Method)
	at java.base/jdk.internal.reflect.NativeMethodAccessorImpl.invoke(NativeMethodAccessorImpl.java:62)
	at java.base/jdk.internal.reflect.DelegatingMethodAccessorImpl.invoke(DelegatingMethodAccessorImpl.java:43)
	at java.base/java.lang.reflect.Method.invoke(Method.java:566)
	at org.apache.maven.surefire.util.ReflectionUtils.invokeMethodWithArray(ReflectionUtils.java:189)
	at org.apache.maven.surefire.booter.ProviderFactory$ProviderProxy.invoke(ProviderFactory.java:165)
	at org.apache.maven.surefire.booter.ProviderFactory.invokeProvider(ProviderFactory.java:85)
	at org.apache.maven.surefire.booter.ForkedBooter.runSuitesInProcess(ForkedBooter.java:115)
	at org.apache.maven.surefire.booter.ForkedBooter.main(ForkedBooter.java:75)

Running com.google.gson.functional.RuntimeTypeAdapterFactoryFunctionalTest
Tests run: 1, Failures: 0, Errors: 0, Skipped: 0, Time elapsed: 0.006 sec
Running com.google.gson.functional.FieldExclusionTest
Tests run: 3, Failures: 0, Errors: 0, Skipped: 0, Time elapsed: 0.005 sec
Running com.google.gson.functional.ExposeFieldsTest
Tests run: 8, Failures: 0, Errors: 0, Skipped: 0, Time elapsed: 0.014 sec
Running com.google.gson.functional.SerializedNameTest
Tests run: 3, Failures: 0, Errors: 0, Skipped: 0, Time elapsed: 0.004 sec
Running com.google.gson.functional.ThrowableFunctionalTest
WARNING: An illegal reflective access operation has occurred
WARNING: Illegal reflective access by com.google.gson.internal.bind.ReflectiveTypeAdapterFactory (file:/tmp/v2/gson/target/classes/) to field java.lang.Throwable.detailMessage
WARNING: Please consider reporting this to the maintainers of com.google.gson.internal.bind.ReflectiveTypeAdapterFactory
WARNING: Use --illegal-access=warn to enable warnings of further illegal reflective access operations
WARNING: All illegal access operations will be denied in a future release
Tests run: 5, Failures: 0, Errors: 0, Skipped: 0, Time elapsed: 0.012 sec
Running com.google.gson.functional.ParameterizedTypesTest
Tests run: 17, Failures: 0, Errors: 0, Skipped: 0, Time elapsed: 0.029 sec
Running com.google.gson.functional.PrettyPrintingTest
Tests run: 8, Failures: 0, Errors: 0, Skipped: 0, Time elapsed: 0.008 sec
Running com.google.gson.functional.CustomTypeAdaptersTest
Tests run: 19, Failures: 0, Errors: 0, Skipped: 0, Time elapsed: 0.022 sec
Running com.google.gson.functional.ReadersWritersTest
Tests run: 10, Failures: 0, Errors: 0, Skipped: 0, Time elapsed: 0.008 sec
Running com.google.gson.functional.CircularReferenceTest
Tests run: 6, Failures: 0, Errors: 0, Skipped: 0, Time elapsed: 0.039 sec
Running com.google.gson.functional.JsonAdapterSerializerDeserializerTest
Tests run: 3, Failures: 0, Errors: 0, Skipped: 0, Time elapsed: 0.006 sec
Running com.google.gson.functional.LeniencyTest
Tests run: 1, Failures: 0, Errors: 0, Skipped: 0, Time elapsed: 0.001 sec
Running com.google.gson.functional.RawSerializationTest
Tests run: 5, Failures: 0, Errors: 0, Skipped: 0, Time elapsed: 0.007 sec
Running com.google.gson.functional.CustomDeserializerTest
Tests run: 7, Failures: 0, Errors: 0, Skipped: 0, Time elapsed: 0.009 sec
Running com.google.gson.functional.TypeAdapterPrecedenceTest
Tests run: 8, Failures: 0, Errors: 0, Skipped: 0, Time elapsed: 0.006 sec
Running com.google.gson.functional.MoreSpecificTypeSerializationTest
Tests run: 6, Failures: 0, Errors: 0, Skipped: 0, Time elapsed: 0.008 sec
Running com.google.gson.functional.InterfaceTest
Tests run: 2, Failures: 0, Errors: 0, Skipped: 0, Time elapsed: 0.003 sec
Running com.google.gson.functional.TypeVariableTest
Tests run: 3, Failures: 0, Errors: 0, Skipped: 0, Time elapsed: 0.005 sec
Running com.google.gson.functional.ExclusionStrategyFunctionalTest
Tests run: 9, Failures: 0, Errors: 0, Skipped: 0, Time elapsed: 0.008 sec
Running com.google.gson.functional.DefaultTypeAdaptersTest
Tests run: 65, Failures: 3, Errors: 2, Skipped: 0, Time elapsed: 0.074 sec <<< FAILURE!
testDefaultDateDeserialization(com.google.gson.functional.DefaultTypeAdaptersTest)  Time elapsed: 0.004 sec  <<< ERROR!
com.google.gson.JsonSyntaxException: Dec 13, 2009 07:18:02 AM
	at com.google.gson.internal.bind.DateTypeAdapter.deserializeToDate(DateTypeAdapter.java:74)
	at com.google.gson.internal.bind.DateTypeAdapter.read(DateTypeAdapter.java:59)
	at com.google.gson.internal.bind.DateTypeAdapter.read(DateTypeAdapter.java:41)
	at com.google.gson.Gson.fromJson(Gson.java:887)
	at com.google.gson.Gson.fromJson(Gson.java:852)
	at com.google.gson.Gson.fromJson(Gson.java:801)
	at com.google.gson.Gson.fromJson(Gson.java:773)
	at com.google.gson.functional.DefaultTypeAdaptersTest.__CLR4_4_1yqs62h6oh(DefaultTypeAdaptersTest.java:336)
	at com.google.gson.functional.DefaultTypeAdaptersTest.testDefaultDateDeserialization(DefaultTypeAdaptersTest.java:334)
	at java.base/jdk.internal.reflect.NativeMethodAccessorImpl.invoke0(Native Method)
	at java.base/jdk.internal.reflect.NativeMethodAccessorImpl.invoke(NativeMethodAccessorImpl.java:62)
	at java.base/jdk.internal.reflect.DelegatingMethodAccessorImpl.invoke(DelegatingMethodAccessorImpl.java:43)
	at java.base/java.lang.reflect.Method.invoke(Method.java:566)
	at junit.framework.TestCase.runTest(TestCase.java:176)
	at junit.framework.TestCase.runBare(TestCase.java:141)
	at junit.framework.TestResult$1.protect(TestResult.java:122)
	at junit.framework.TestResult.runProtected(TestResult.java:142)
	at junit.framework.TestResult.run(TestResult.java:125)
	at junit.framework.TestCase.run(TestCase.java:129)
	at junit.framework.TestSuite.runTest(TestSuite.java:252)
	at junit.framework.TestSuite.run(TestSuite.java:247)
	at org.junit.internal.runners.JUnit38ClassRunner.run(JUnit38ClassRunner.java:86)
	at org.apache.maven.surefire.junit4.JUnit4Provider.execute(JUnit4Provider.java:252)
	at org.apache.maven.surefire.junit4.JUnit4Provider.executeTestSet(JUnit4Provider.java:141)
	at org.apache.maven.surefire.junit4.JUnit4Provider.invoke(JUnit4Provider.java:112)
	at java.base/jdk.internal.reflect.NativeMethodAccessorImpl.invoke0(Native Method)
	at java.base/jdk.internal.reflect.NativeMethodAccessorImpl.invoke(NativeMethodAccessorImpl.java:62)
	at java.base/jdk.internal.reflect.DelegatingMethodAccessorImpl.invoke(DelegatingMethodAccessorImpl.java:43)
	at java.base/java.lang.reflect.Method.invoke(Method.java:566)
	at org.apache.maven.surefire.util.ReflectionUtils.invokeMethodWithArray(ReflectionUtils.java:189)
	at org.apache.maven.surefire.booter.ProviderFactory$ProviderProxy.invoke(ProviderFactory.java:165)
	at org.apache.maven.surefire.booter.ProviderFactory.invokeProvider(ProviderFactory.java:85)
	at org.apache.maven.surefire.booter.ForkedBooter.runSuitesInProcess(ForkedBooter.java:115)
	at org.apache.maven.surefire.booter.ForkedBooter.main(ForkedBooter.java:75)
Caused by: java.text.ParseException: Failed to parse date ["Dec 13, 2009 07:18:02 AM']: Invalid number: Dec 
	at com.google.gson.internal.bind.util.ISO8601Utils.parse(ISO8601Utils.java:274)
	at com.google.gson.internal.bind.DateTypeAdapter.deserializeToDate(DateTypeAdapter.java:72)
	... 33 more
Caused by: java.lang.NumberFormatException: Invalid number: Dec 
	at com.google.gson.internal.bind.util.ISO8601Utils.parseInt(ISO8601Utils.java:311)
	at com.google.gson.internal.bind.util.ISO8601Utils.parse(ISO8601Utils.java:129)
	... 34 more

testDefaultJavaSqlTimestampDeserialization(com.google.gson.functional.DefaultTypeAdaptersTest)  Time elapsed: 0.003 sec  <<< ERROR!
com.google.gson.JsonSyntaxException: Dec 3, 2009 1:18:02 PM
	at com.google.gson.internal.bind.DateTypeAdapter.deserializeToDate(DateTypeAdapter.java:74)
	at com.google.gson.internal.bind.DateTypeAdapter.read(DateTypeAdapter.java:59)
	at com.google.gson.internal.bind.DateTypeAdapter.read(DateTypeAdapter.java:41)
	at com.google.gson.internal.bind.TypeAdapters$26$1.read(TypeAdapters.java:598)
	at com.google.gson.internal.bind.TypeAdapters$26$1.read(TypeAdapters.java:596)
	at com.google.gson.Gson.fromJson(Gson.java:887)
	at com.google.gson.Gson.fromJson(Gson.java:852)
	at com.google.gson.Gson.fromJson(Gson.java:801)
	at com.google.gson.Gson.fromJson(Gson.java:773)
	at com.google.gson.functional.DefaultTypeAdaptersTest.__CLR4_4_1q5eqtf6p6(DefaultTypeAdaptersTest.java:377)
	at com.google.gson.functional.DefaultTypeAdaptersTest.testDefaultJavaSqlTimestampDeserialization(DefaultTypeAdaptersTest.java:375)
	at java.base/jdk.internal.reflect.NativeMethodAccessorImpl.invoke0(Native Method)
	at java.base/jdk.internal.reflect.NativeMethodAccessorImpl.invoke(NativeMethodAccessorImpl.java:62)
	at java.base/jdk.internal.reflect.DelegatingMethodAccessorImpl.invoke(DelegatingMethodAccessorImpl.java:43)
	at java.base/java.lang.reflect.Method.invoke(Method.java:566)
	at junit.framework.TestCase.runTest(TestCase.java:176)
	at junit.framework.TestCase.runBare(TestCase.java:141)
	at junit.framework.TestResult$1.protect(TestResult.java:122)
	at junit.framework.TestResult.runProtected(TestResult.java:142)
	at junit.framework.TestResult.run(TestResult.java:125)
	at junit.framework.TestCase.run(TestCase.java:129)
	at junit.framework.TestSuite.runTest(TestSuite.java:252)
	at junit.framework.TestSuite.run(TestSuite.java:247)
	at org.junit.internal.runners.JUnit38ClassRunner.run(JUnit38ClassRunner.java:86)
	at org.apache.maven.surefire.junit4.JUnit4Provider.execute(JUnit4Provider.java:252)
	at org.apache.maven.surefire.junit4.JUnit4Provider.executeTestSet(JUnit4Provider.java:141)
	at org.apache.maven.surefire.junit4.JUnit4Provider.invoke(JUnit4Provider.java:112)
	at java.base/jdk.internal.reflect.NativeMethodAccessorImpl.invoke0(Native Method)
	at java.base/jdk.internal.reflect.NativeMethodAccessorImpl.invoke(NativeMethodAccessorImpl.java:62)
	at java.base/jdk.internal.reflect.DelegatingMethodAccessorImpl.invoke(DelegatingMethodAccessorImpl.java:43)
	at java.base/java.lang.reflect.Method.invoke(Method.java:566)
	at org.apache.maven.surefire.util.ReflectionUtils.invokeMethodWithArray(ReflectionUtils.java:189)
	at org.apache.maven.surefire.booter.ProviderFactory$ProviderProxy.invoke(ProviderFactory.java:165)
	at org.apache.maven.surefire.booter.ProviderFactory.invokeProvider(ProviderFactory.java:85)
	at org.apache.maven.surefire.booter.ForkedBooter.runSuitesInProcess(ForkedBooter.java:115)
	at org.apache.maven.surefire.booter.ForkedBooter.main(ForkedBooter.java:75)
Caused by: java.text.ParseException: Failed to parse date ["Dec 3, 2009 1:18:02 PM']: Invalid number: Dec 
	at com.google.gson.internal.bind.util.ISO8601Utils.parse(ISO8601Utils.java:274)
	at com.google.gson.internal.bind.DateTypeAdapter.deserializeToDate(DateTypeAdapter.java:72)
	... 35 more
Caused by: java.lang.NumberFormatException: Invalid number: Dec 
	at com.google.gson.internal.bind.util.ISO8601Utils.parseInt(ISO8601Utils.java:311)
	at com.google.gson.internal.bind.util.ISO8601Utils.parse(ISO8601Utils.java:129)
	... 36 more

testDefaultDateSerializationUsingBuilder(com.google.gson.functional.DefaultTypeAdaptersTest)  Time elapsed: 0.002 sec  <<< FAILURE!
junit.framework.ComparisonFailure: expected:<"Sep 11, 2011[] 10:55:03 PM"> but was:<"Sep 11, 2011[,] 10:55:03 PM">
	at junit.framework.Assert.assertEquals(Assert.java:100)
	at junit.framework.Assert.assertEquals(Assert.java:107)
	at junit.framework.TestCase.assertEquals(TestCase.java:269)
	at com.google.gson.functional.DefaultTypeAdaptersTest.__CLR4_4_16g7uk16pj(DefaultTypeAdaptersTest.java:398)
	at com.google.gson.functional.DefaultTypeAdaptersTest.testDefaultDateSerializationUsingBuilder(DefaultTypeAdaptersTest.java:394)
	at java.base/jdk.internal.reflect.NativeMethodAccessorImpl.invoke0(Native Method)
	at java.base/jdk.internal.reflect.NativeMethodAccessorImpl.invoke(NativeMethodAccessorImpl.java:62)
	at java.base/jdk.internal.reflect.DelegatingMethodAccessorImpl.invoke(DelegatingMethodAccessorImpl.java:43)
	at java.base/java.lang.reflect.Method.invoke(Method.java:566)
	at junit.framework.TestCase.runTest(TestCase.java:176)
	at junit.framework.TestCase.runBare(TestCase.java:141)
	at junit.framework.TestResult$1.protect(TestResult.java:122)
	at junit.framework.TestResult.runProtected(TestResult.java:142)
	at junit.framework.TestResult.run(TestResult.java:125)
	at junit.framework.TestCase.run(TestCase.java:129)
	at junit.framework.TestSuite.runTest(TestSuite.java:252)
	at junit.framework.TestSuite.run(TestSuite.java:247)
	at org.junit.internal.runners.JUnit38ClassRunner.run(JUnit38ClassRunner.java:86)
	at org.apache.maven.surefire.junit4.JUnit4Provider.execute(JUnit4Provider.java:252)
	at org.apache.maven.surefire.junit4.JUnit4Provider.executeTestSet(JUnit4Provider.java:141)
	at org.apache.maven.surefire.junit4.JUnit4Provider.invoke(JUnit4Provider.java:112)
	at java.base/jdk.internal.reflect.NativeMethodAccessorImpl.invoke0(Native Method)
	at java.base/jdk.internal.reflect.NativeMethodAccessorImpl.invoke(NativeMethodAccessorImpl.java:62)
	at java.base/jdk.internal.reflect.DelegatingMethodAccessorImpl.invoke(DelegatingMethodAccessorImpl.java:43)
	at java.base/java.lang.reflect.Method.invoke(Method.java:566)
	at org.apache.maven.surefire.util.ReflectionUtils.invokeMethodWithArray(ReflectionUtils.java:189)
	at org.apache.maven.surefire.booter.ProviderFactory$ProviderProxy.invoke(ProviderFactory.java:165)
	at org.apache.maven.surefire.booter.ProviderFactory.invokeProvider(ProviderFactory.java:85)
	at org.apache.maven.surefire.booter.ForkedBooter.runSuitesInProcess(ForkedBooter.java:115)
	at org.apache.maven.surefire.booter.ForkedBooter.main(ForkedBooter.java:75)

testDefaultJavaSqlTimestampSerialization(com.google.gson.functional.DefaultTypeAdaptersTest)  Time elapsed: 0.003 sec  <<< FAILURE!
junit.framework.ComparisonFailure: expected:<"Dec 3, 2009[] 1:18:02 PM"> but was:<"Dec 3, 2009[,] 1:18:02 PM">
	at junit.framework.Assert.assertEquals(Assert.java:100)
	at junit.framework.Assert.assertEquals(Assert.java:107)
	at junit.framework.TestCase.assertEquals(TestCase.java:269)
	at com.google.gson.functional.DefaultTypeAdaptersTest.__CLR4_4_1ba8tvi6p2(DefaultTypeAdaptersTest.java:372)
	at com.google.gson.functional.DefaultTypeAdaptersTest.testDefaultJavaSqlTimestampSerialization(DefaultTypeAdaptersTest.java:369)
	at java.base/jdk.internal.reflect.NativeMethodAccessorImpl.invoke0(Native Method)
	at java.base/jdk.internal.reflect.NativeMethodAccessorImpl.invoke(NativeMethodAccessorImpl.java:62)
	at java.base/jdk.internal.reflect.DelegatingMethodAccessorImpl.invoke(DelegatingMethodAccessorImpl.java:43)
	at java.base/java.lang.reflect.Method.invoke(Method.java:566)
	at junit.framework.TestCase.runTest(TestCase.java:176)
	at junit.framework.TestCase.runBare(TestCase.java:141)
	at junit.framework.TestResult$1.protect(TestResult.java:122)
	at junit.framework.TestResult.runProtected(TestResult.java:142)
	at junit.framework.TestResult.run(TestResult.java:125)
	at junit.framework.TestCase.run(TestCase.java:129)
	at junit.framework.TestSuite.runTest(TestSuite.java:252)
	at junit.framework.TestSuite.run(TestSuite.java:247)
	at org.junit.internal.runners.JUnit38ClassRunner.run(JUnit38ClassRunner.java:86)
	at org.apache.maven.surefire.junit4.JUnit4Provider.execute(JUnit4Provider.java:252)
	at org.apache.maven.surefire.junit4.JUnit4Provider.executeTestSet(JUnit4Provider.java:141)
	at org.apache.maven.surefire.junit4.JUnit4Provider.invoke(JUnit4Provider.java:112)
	at java.base/jdk.internal.reflect.NativeMethodAccessorImpl.invoke0(Native Method)
	at java.base/jdk.internal.reflect.NativeMethodAccessorImpl.invoke(NativeMethodAccessorImpl.java:62)
	at java.base/jdk.internal.reflect.DelegatingMethodAccessorImpl.invoke(DelegatingMethodAccessorImpl.java:43)
	at java.base/java.lang.reflect.Method.invoke(Method.java:566)
	at org.apache.maven.surefire.util.ReflectionUtils.invokeMethodWithArray(ReflectionUtils.java:189)
	at org.apache.maven.surefire.booter.ProviderFactory$ProviderProxy.invoke(ProviderFactory.java:165)
	at org.apache.maven.surefire.booter.ProviderFactory.invokeProvider(ProviderFactory.java:85)
	at org.apache.maven.surefire.booter.ForkedBooter.runSuitesInProcess(ForkedBooter.java:115)
	at org.apache.maven.surefire.booter.ForkedBooter.main(ForkedBooter.java:75)

testDefaultDateSerialization(com.google.gson.functional.DefaultTypeAdaptersTest)  Time elapsed: 0.002 sec  <<< FAILURE!
junit.framework.ComparisonFailure: expected:<"Sep 11, 2011[] 10:55:03 PM"> but was:<"Sep 11, 2011[,] 10:55:03 PM">
	at junit.framework.Assert.assertEquals(Assert.java:100)
	at junit.framework.Assert.assertEquals(Assert.java:107)
	at junit.framework.TestCase.assertEquals(TestCase.java:269)
	at com.google.gson.functional.DefaultTypeAdaptersTest.__CLR4_4_1pcwu26od(DefaultTypeAdaptersTest.java:331)
	at com.google.gson.functional.DefaultTypeAdaptersTest.testDefaultDateSerialization(DefaultTypeAdaptersTest.java:328)
	at java.base/jdk.internal.reflect.NativeMethodAccessorImpl.invoke0(Native Method)
	at java.base/jdk.internal.reflect.NativeMethodAccessorImpl.invoke(NativeMethodAccessorImpl.java:62)
	at java.base/jdk.internal.reflect.DelegatingMethodAccessorImpl.invoke(DelegatingMethodAccessorImpl.java:43)
	at java.base/java.lang.reflect.Method.invoke(Method.java:566)
	at junit.framework.TestCase.runTest(TestCase.java:176)
	at junit.framework.TestCase.runBare(TestCase.java:141)
	at junit.framework.TestResult$1.protect(TestResult.java:122)
	at junit.framework.TestResult.runProtected(TestResult.java:142)
	at junit.framework.TestResult.run(TestResult.java:125)
	at junit.framework.TestCase.run(TestCase.java:129)
	at junit.framework.TestSuite.runTest(TestSuite.java:252)
	at junit.framework.TestSuite.run(TestSuite.java:247)
	at org.junit.internal.runners.JUnit38ClassRunner.run(JUnit38ClassRunner.java:86)
	at org.apache.maven.surefire.junit4.JUnit4Provider.execute(JUnit4Provider.java:252)
	at org.apache.maven.surefire.junit4.JUnit4Provider.executeTestSet(JUnit4Provider.java:141)
	at org.apache.maven.surefire.junit4.JUnit4Provider.invoke(JUnit4Provider.java:112)
	at java.base/jdk.internal.reflect.NativeMethodAccessorImpl.invoke0(Native Method)
	at java.base/jdk.internal.reflect.NativeMethodAccessorImpl.invoke(NativeMethodAccessorImpl.java:62)
	at java.base/jdk.internal.reflect.DelegatingMethodAccessorImpl.invoke(DelegatingMethodAccessorImpl.java:43)
	at java.base/java.lang.reflect.Method.invoke(Method.java:566)
	at org.apache.maven.surefire.util.ReflectionUtils.invokeMethodWithArray(ReflectionUtils.java:189)
	at org.apache.maven.surefire.booter.ProviderFactory$ProviderProxy.invoke(ProviderFactory.java:165)
	at org.apache.maven.surefire.booter.ProviderFactory.invokeProvider(ProviderFactory.java:85)
	at org.apache.maven.surefire.booter.ForkedBooter.runSuitesInProcess(ForkedBooter.java:115)
	at org.apache.maven.surefire.booter.ForkedBooter.main(ForkedBooter.java:75)

Running com.google.gson.functional.NullObjectAndFieldTest
Tests run: 16, Failures: 0, Errors: 0, Skipped: 0, Time elapsed: 0.01 sec
Running com.google.gson.functional.MapAsArrayTypeAdapterTest
Tests run: 5, Failures: 0, Errors: 0, Skipped: 0, Time elapsed: 0.007 sec
Running com.google.gson.functional.InstanceCreatorTest
Tests run: 5, Failures: 0, Errors: 0, Skipped: 0, Time elapsed: 0.008 sec
Running com.google.gson.functional.PrimitiveCharacterTest
Tests run: 2, Failures: 0, Errors: 0, Skipped: 0, Time elapsed: 0.002 sec
Running com.google.gson.functional.MapTest
Tests run: 48, Failures: 0, Errors: 0, Skipped: 0, Time elapsed: 0.052 sec
Running com.google.gson.functional.FieldNamingTest
Tests run: 5, Failures: 0, Errors: 0, Skipped: 0, Time elapsed: 0.004 sec
Running com.google.gson.functional.VersioningTest
Tests run: 10, Failures: 0, Errors: 0, Skipped: 0, Time elapsed: 0.01 sec
Running com.google.gson.functional.DelegateTypeAdapterTest
Tests run: 2, Failures: 0, Errors: 0, Skipped: 0, Time elapsed: 0.003 sec
Running com.google.gson.functional.InheritanceTest
Tests run: 13, Failures: 0, Errors: 0, Skipped: 0, Time elapsed: 0.014 sec
Running com.google.gson.functional.TypeHierarchyAdapterTest
Tests run: 3, Failures: 0, Errors: 0, Skipped: 0, Time elapsed: 0.006 sec
Running com.google.gson.functional.CustomSerializerTest
Tests run: 5, Failures: 0, Errors: 0, Skipped: 0, Time elapsed: 0.005 sec
Running com.google.gson.functional.StreamingTypeAdaptersTest
Tests run: 17, Failures: 0, Errors: 0, Skipped: 0, Time elapsed: 0.021 sec
Running com.google.gson.functional.EscapingTest
Tests run: 5, Failures: 0, Errors: 0, Skipped: 0, Time elapsed: 0.004 sec
Running com.google.gson.functional.CollectionTest
Tests run: 28, Failures: 0, Errors: 0, Skipped: 0, Time elapsed: 0.027 sec
Running com.google.gson.functional.JsonTreeTest
Tests run: 4, Failures: 0, Errors: 0, Skipped: 0, Time elapsed: 0.004 sec
Running com.google.gson.functional.ArrayTest
Tests run: 26, Failures: 0, Errors: 0, Skipped: 0, Time elapsed: 0.018 sec
Running com.google.gson.functional.PrintFormattingTest
Tests run: 3, Failures: 0, Errors: 0, Skipped: 0, Time elapsed: 0.003 sec
Running com.google.gson.functional.StringTest
Tests run: 18, Failures: 0, Errors: 0, Skipped: 0, Time elapsed: 0.01 sec
Running com.google.gson.functional.JavaUtilConcurrentAtomicTest
Tests run: 7, Failures: 0, Errors: 0, Skipped: 0, Time elapsed: 0.006 sec
Running com.google.gson.functional.UncategorizedTest
Tests run: 6, Failures: 0, Errors: 0, Skipped: 0, Time elapsed: 0.006 sec
Running com.google.gson.functional.JsonArrayTest
Tests run: 8, Failures: 0, Errors: 0, Skipped: 0, Time elapsed: 0.005 sec
Running com.google.gson.functional.JsonParserTest
Tests run: 8, Failures: 0, Errors: 0, Skipped: 0, Time elapsed: 0.006 sec
Running com.google.gson.functional.JsonAdapterAnnotationOnClassesTest
Tests run: 8, Failures: 0, Errors: 0, Skipped: 0, Time elapsed: 0.01 sec
Running com.google.gson.functional.NamingPolicyTest
Tests run: 14, Failures: 0, Errors: 0, Skipped: 0, Time elapsed: 0.011 sec
Running com.google.gson.functional.ConcurrencyTest
Tests run: 4, Failures: 0, Errors: 0, Skipped: 0, Time elapsed: 0.024 sec
Running com.google.gson.functional.PrimitiveTest
Tests run: 98, Failures: 0, Errors: 0, Skipped: 0, Time elapsed: 0.057 sec
Running com.google.gson.functional.TreeTypeAdaptersTest
Tests run: 2, Failures: 0, Errors: 0, Skipped: 0, Time elapsed: 0.003 sec
Running com.google.gson.functional.JavaUtilTest
Tests run: 2, Failures: 0, Errors: 0, Skipped: 0, Time elapsed: 0.003 sec
Running com.google.gson.ObjectTypeAdapterTest
Tests run: 5, Failures: 0, Errors: 0, Skipped: 0, Time elapsed: 0.004 sec
Running com.google.gson.JsonStreamParserTest
Tests run: 4, Failures: 0, Errors: 0, Skipped: 0, Time elapsed: 0.002 sec
Running com.google.gson.JavaSerializationTest
Tests run: 3, Failures: 0, Errors: 0, Skipped: 0, Time elapsed: 0.022 sec
Running com.google.gson.GenericArrayTypeTest
Tests run: 2, Failures: 0, Errors: 0, Skipped: 0, Time elapsed: 0.002 sec
Running com.google.gson.GsonTest
Tests run: 1, Failures: 0, Errors: 0, Skipped: 0, Time elapsed: 0 sec
Running com.google.gson.JsonArrayTest
Tests run: 5, Failures: 0, Errors: 0, Skipped: 0, Time elapsed: 0.003 sec
Running com.google.gson.JsonParserTest
Tests run: 10, Failures: 0, Errors: 0, Skipped: 0, Time elapsed: 0.006 sec
Running com.google.gson.JsonPrimitiveTest
Tests run: 24, Failures: 0, Errors: 0, Skipped: 0, Time elapsed: 0.012 sec
Running com.google.gson.LongSerializationPolicyTest
Tests run: 4, Failures: 0, Errors: 0, Skipped: 0, Time elapsed: 0.002 sec
Running com.google.gson.OverrideCoreTypeAdaptersTest
Tests run: 3, Failures: 0, Errors: 0, Skipped: 0, Time elapsed: 0.002 sec

Results :

Failed tests:   testFormattingInEnUs(com.google.gson.DefaultDateTypeAdapterTest): expected:<Jan 1, 1970[] 12:00:00 AM> but was:<Jan 1, 1970[,] 12:00:00 AM>
  testFormattingInFr(com.google.gson.DefaultDateTypeAdapterTest): expected:<Jan 1, 1970[] 12:00:00 AM> but was:<Jan 1, 1970[,] 12:00:00 AM>
  testFormatUsesDefaultTimezone(com.google.gson.DefaultDateTypeAdapterTest): expected:<Dec 31, 1969[] 4:00:00 PM> but was:<Dec 31, 1969[,] 4:00:00 PM>
  testDateAsMapObjectField(com.google.gson.functional.ObjectTest): expected:<..."date":"Dec 31, 1969[] 4:00:00 PM"}}> but was:<..."date":"Dec 31, 1969[,] 4:00:00 PM"}}>
  testDefaultDateSerializationUsingBuilder(com.google.gson.functional.DefaultTypeAdaptersTest): expected:<"Sep 11, 2011[] 10:55:03 PM"> but was:<"Sep 11, 2011[,] 10:55:03 PM">
  testDefaultJavaSqlTimestampSerialization(com.google.gson.functional.DefaultTypeAdaptersTest): expected:<"Dec 3, 2009[] 1:18:02 PM"> but was:<"Dec 3, 2009[,] 1:18:02 PM">
  testDefaultDateSerialization(com.google.gson.functional.DefaultTypeAdaptersTest): expected:<"Sep 11, 2011[] 10:55:03 PM"> but was:<"Sep 11, 2011[,] 10:55:03 PM">

Tests in error: 
  testParsingDatesFormattedWithSystemLocale(com.google.gson.DefaultDateTypeAdapterTest): 1 janv. 1970 00:00:00
  testParsingDatesFormattedWithUsLocale(com.google.gson.DefaultDateTypeAdapterTest): Jan 1, 1970 0:00:00 AM
  testDefaultDateDeserialization(com.google.gson.functional.DefaultTypeAdaptersTest): Dec 13, 2009 07:18:02 AM
  testDefaultJavaSqlTimestampDeserialization(com.google.gson.functional.DefaultTypeAdaptersTest): Dec 3, 2009 1:18:02 PM

Tests run: 1012, Failures: 7, Errors: 4, Skipped: 1

[[1;34mINFO[m] [1m------------------------------------------------------------------------[m
[[1;34mINFO[m] [1;31mBUILD FAILURE[m
[[1;34mINFO[m] [1m------------------------------------------------------------------------[m
[[1;34mINFO[m] Total time:  10.878 s
[[1;34mINFO[m] Finished at: 2021-01-03T17:55:24+01:00
[[1;34mINFO[m] [1m------------------------------------------------------------------------[m
[[1;31mERROR[m] Failed to execute goal [32morg.apache.maven.plugins:maven-surefire-plugin:2.12.4:test[m [1m(default-test)[m on project [36mgson[m: [1;31mThere are test failures.[m
[[1;31mERROR[m] [1;31m[m
[[1;31mERROR[m] [1;31mPlease refer to /tmp/v2/gson/target/surefire-reports for the individual test results.[m
[[1;31mERROR[m] -> [1m[Help 1][m
[[1;31mERROR[m] 
[[1;31mERROR[m] To see the full stack trace of the errors, re-run Maven with the [1m-e[m switch.
[[1;31mERROR[m] Re-run Maven using the [1m-X[m switch to enable full debug logging.
[[1;31mERROR[m] 
[[1;31mERROR[m] For more information about the errors and possible solutions, please read the following articles:
[[1;31mERROR[m] [1m[Help 1][m http://cwiki.apache.org/confluence/display/MAVEN/MojoFailureException
Writing HTML report to '/tmp/v2/gson/target/clover/report'
Done. Processed 11 packages in 2398ms (218ms per package).
[INFO] Saving result in /tmp/v1/gson/testsThatExecuteTheChange.csv ...
[INFO] 
[INFO] Writing Coverage in /tmp/v1/gson/testsThatExecuteTheChange_coverage.csv
[INFO] total;0;0

[INFO] ------------------------------------------------------------------------
[INFO] BUILD SUCCESS
[INFO] ------------------------------------------------------------------------
[INFO] Total time:  32.150 s
[INFO] Finished at: 2021-01-03T17:55:26+01:00
[INFO] ------------------------------------------------------------------------
