[INFO] Scanning for projects...
[WARNING] 
[WARNING] Some problems were encountered while building the effective model for com.google.code.gson:gson:jar:1.2.3
[WARNING] 'build.plugins.plugin.version' for org.apache.maven.plugins:maven-compiler-plugin is missing. @ line 53, column 15
[WARNING] 'build.plugins.plugin.version' for org.codehaus.mojo:cobertura-maven-plugin is missing. @ line 182, column 15
[WARNING] 'build.plugins.plugin.version' for org.apache.maven.plugins:maven-jar-plugin is missing. @ line 61, column 16
[WARNING] 'build.plugins.plugin.version' for org.apache.maven.plugins:maven-jxr-plugin is missing. @ line 145, column 15
[WARNING] 'build.plugins.plugin.version' for org.apache.maven.plugins:maven-pmd-plugin is missing. @ line 149, column 15
[WARNING] 'build.plugins.plugin.version' for org.codehaus.mojo:taglist-maven-plugin is missing. @ line 170, column 15
[WARNING] 'build.plugins.plugin.version' for org.apache.maven.plugins:maven-checkstyle-plugin is missing. @ line 162, column 15
[WARNING] 'build.plugins.plugin.version' for org.apache.maven.plugins:maven-source-plugin is missing. @ line 73, column 16
[WARNING] 'build.plugins.plugin.version' for org.apache.maven.plugins:maven-javadoc-plugin is missing. @ line 87, column 16
[WARNING] 'build.plugins.plugin.version' for org.apache.maven.plugins:maven-eclipse-plugin is missing. @ line 107, column 16
[WARNING] The expression ${version} is deprecated. Please use ${project.version} instead.
[WARNING] 
[WARNING] It is highly recommended to fix these problems because they threaten the stability of your build.
[WARNING] 
[WARNING] For this reason, future Maven versions might no longer support building such malformed projects.
[WARNING] 
[INFO] 
[INFO] ---------------------< com.google.code.gson:gson >----------------------
[INFO] Building Gson 1.2.3
[INFO] --------------------------------[ jar ]---------------------------------
[INFO] 
[INFO] --- maven-clean-plugin:2.5:clean (default-clean) @ gson ---
[INFO] Deleting /tmp/v1/gson/target
[INFO] 
[INFO] --- cobertura-maven-plugin:2.7:clean (clean) @ gson ---
[INFO] 
[INFO] --- dspot-diff-test-selection:3.1.1-SNAPSHOT:list (default-cli) @ gson ---
[INFO] Running on:
[INFO] /tmp/v1/gson
[INFO] /tmp/v2/gson/
[WARNING] No path to diff file has been specified.
[WARNING] I'll compute a diff file using the UNIX diff command
[WARNING] You may encounter troubles.
[WARNING] If so, please specify a path to a correct diff file
[WARNING] or implement a new way to compute a diff file.
[INFO] Computing the diff with diff commnd line
[INFO] The diff will be computed between:
[INFO] /tmp/v1/gson/src and 
[INFO] /tmp/v2/gson/src
[INFO] Executing: diff -ru /tmp/v1/gson/src /tmp/v2/gson/src from /tmp/v1/gson/src
[INFO] Running in enhanced mode...
[INFO] Computing coverage for /tmp/v1/gson
[WARN] Maven will be executed in interactive mode, but no input stream has been configured for this MavenInvoker instance.
[[1;34mINFO[m] Scanning for projects...
[[1;33mWARNING[m] 
[[1;33mWARNING[m] Some problems were encountered while building the effective model for com.google.code.gson:gson:jar:1.2.3
[[1;33mWARNING[m] 'build.plugins.plugin.version' for org.apache.maven.plugins:maven-compiler-plugin is missing. @ line 53, column 15
[[1;33mWARNING[m] 'build.plugins.plugin.version' for org.codehaus.mojo:cobertura-maven-plugin is missing. @ line 182, column 15
[[1;33mWARNING[m] 'build.plugins.plugin.version' for org.apache.maven.plugins:maven-jar-plugin is missing. @ line 61, column 16
[[1;33mWARNING[m] 'build.plugins.plugin.version' for org.apache.maven.plugins:maven-jxr-plugin is missing. @ line 145, column 15
[[1;33mWARNING[m] 'build.plugins.plugin.version' for org.apache.maven.plugins:maven-pmd-plugin is missing. @ line 149, column 15
[[1;33mWARNING[m] 'build.plugins.plugin.version' for org.codehaus.mojo:taglist-maven-plugin is missing. @ line 170, column 15
[[1;33mWARNING[m] 'build.plugins.plugin.version' for org.apache.maven.plugins:maven-checkstyle-plugin is missing. @ line 162, column 15
[[1;33mWARNING[m] 'build.plugins.plugin.version' for org.apache.maven.plugins:maven-source-plugin is missing. @ line 73, column 16
[[1;33mWARNING[m] 'build.plugins.plugin.version' for org.apache.maven.plugins:maven-javadoc-plugin is missing. @ line 87, column 16
[[1;33mWARNING[m] 'build.plugins.plugin.version' for org.apache.maven.plugins:maven-eclipse-plugin is missing. @ line 107, column 16
[[1;33mWARNING[m] The expression ${version} is deprecated. Please use ${project.version} instead.
[[1;33mWARNING[m] 
[[1;33mWARNING[m] It is highly recommended to fix these problems because they threaten the stability of your build.
[[1;33mWARNING[m] 
[[1;33mWARNING[m] For this reason, future Maven versions might no longer support building such malformed projects.
[[1;33mWARNING[m] 
[[1;34mINFO[m] 
[[1;34mINFO[m] [1m---------------------< [0;36mcom.google.code.gson:gson[0;1m >----------------------[m
[[1;34mINFO[m] [1mBuilding Gson 1.2.3[m
[[1;34mINFO[m] [1m--------------------------------[ jar ]---------------------------------[m
[[1;34mINFO[m] 
[[1;34mINFO[m] [1m--- [0;32mmaven-clean-plugin:2.5:clean[m [1m(default-clean)[m @ [36mgson[0;1m ---[m
[[1;34mINFO[m] 
[[1;34mINFO[m] [1m--- [0;32mcobertura-maven-plugin:2.7:clean[m [1m(clean)[m @ [36mgson[0;1m ---[m
[[1;34mINFO[m] Skipping cobertura execution
[[1;34mINFO[m] 
[[1;34mINFO[m] [1m--- [0;32mclover-maven-plugin:4.4.1:setup[m [1m(default-cli)[m @ [36mgson[0;1m ---[m
[[1;34mINFO[m] OpenClover Version 4.4.1, built on October 11 2019 (build-1020)
[[1;34mINFO[m] Creating new database at '/tmp/v1/gson/target/clover/clover.db'.
[[1;34mINFO[m] Processing files at 1.8 source level.
[[1;34mINFO[m] Clover all over. Instrumented 85 files (3 packages).
[[1;34mINFO[m] OpenClover Version 4.4.1, built on October 11 2019 (build-1020)
[[1;34mINFO[m] Updating existing database at '/tmp/v1/gson/target/clover/clover.db'.
[[1;34mINFO[m] Processing files at 1.8 source level.
[[1;34mINFO[m] Clover all over. Instrumented 56 files (4 packages).
[[1;34mINFO[m] 379 test methods detected.
[[1;34mINFO[m] 
[[1;34mINFO[m] [1m--- [0;32mmaven-resources-plugin:2.6:resources[m [1m(default-resources)[m @ [36mgson[0;1m ---[m
[[1;33mWARNING[m] Using platform encoding (UTF-8 actually) to copy filtered resources, i.e. build is platform dependent!
[[1;34mINFO[m] Copying 1 resource
[[1;34mINFO[m] Copying 1 resource
[[1;34mINFO[m] 
[[1;34mINFO[m] [1m--- [0;32mmaven-compiler-plugin:3.1:compile[m [1m(default-compile)[m @ [36mgson[0;1m ---[m
[[1;34mINFO[m] Changes detected - recompiling the module!
[[1;33mWARNING[m] File encoding has not been set, using platform encoding UTF-8, i.e. build is platform dependent!
[[1;34mINFO[m] Compiling 85 source files to /tmp/v1/gson/target/classes
[[1;33mWARNING[m] /tmp/v1/gson/target/clover/src-instrumented/com/google/gson/JsonParser.java: /tmp/v1/gson/target/clover/src-instrumented/com/google/gson/JsonParser.java uses unchecked or unsafe operations.
[[1;33mWARNING[m] /tmp/v1/gson/target/clover/src-instrumented/com/google/gson/JsonParser.java: Recompile with -Xlint:unchecked for details.
[[1;34mINFO[m] 
[[1;34mINFO[m] [1m--- [0;32mmaven-resources-plugin:2.6:testResources[m [1m(default-testResources)[m @ [36mgson[0;1m ---[m
[[1;33mWARNING[m] Using platform encoding (UTF-8 actually) to copy filtered resources, i.e. build is platform dependent!
[[1;34mINFO[m] skip non existing resourceDirectory /tmp/v1/gson/src/test/resources
[[1;34mINFO[m] 
[[1;34mINFO[m] [1m--- [0;32mmaven-compiler-plugin:3.1:testCompile[m [1m(default-testCompile)[m @ [36mgson[0;1m ---[m
[[1;34mINFO[m] Changes detected - recompiling the module!
[[1;33mWARNING[m] File encoding has not been set, using platform encoding UTF-8, i.e. build is platform dependent!
[[1;34mINFO[m] Compiling 56 source files to /tmp/v1/gson/target/test-classes
[[1;33mWARNING[m] /tmp/v1/gson/target/clover/src-test-instrumented/com/google/gson/functional/DefaultTypeAdaptersTest.java: /tmp/v1/gson/target/clover/src-test-instrumented/com/google/gson/functional/DefaultTypeAdaptersTest.java uses or overrides a deprecated API.
[[1;33mWARNING[m] /tmp/v1/gson/target/clover/src-test-instrumented/com/google/gson/functional/DefaultTypeAdaptersTest.java: Recompile with -Xlint:deprecation for details.
[[1;33mWARNING[m] /tmp/v1/gson/target/clover/src-test-instrumented/com/google/gson/functional/MapTest.java: Some input files use unchecked or unsafe operations.
[[1;33mWARNING[m] /tmp/v1/gson/target/clover/src-test-instrumented/com/google/gson/functional/MapTest.java: Recompile with -Xlint:unchecked for details.
[[1;34mINFO[m] 
[[1;34mINFO[m] [1m--- [0;32mmaven-surefire-plugin:2.12.4:test[m [1m(default-test)[m @ [36mgson[0;1m ---[m
[[1;34mINFO[m] Surefire report directory: /tmp/v1/gson/target/surefire-reports

-------------------------------------------------------
 T E S T S
-------------------------------------------------------
Running com.google.gson.CamelCaseSeparatorNamingPolicyTest
Tests run: 5, Failures: 0, Errors: 0, Skipped: 0, Time elapsed: 0.049 sec
Running com.google.gson.FunctionalWithInternalDependenciesTest
Jan 11, 2021 2:16:13 AM com.google.gson.ParameterizedTypeHandlerMap register
WARNING: Overriding the existing type handler for interface java.util.Collection
Tests run: 7, Failures: 0, Errors: 0, Skipped: 0, Time elapsed: 0.083 sec
Running com.google.gson.DefaultDateTypeAdapterTest
Tests run: 3, Failures: 0, Errors: 0, Skipped: 0, Time elapsed: 0.003 sec
Running com.google.gson.GenericArrayTypeImplTest
Tests run: 2, Failures: 0, Errors: 0, Skipped: 0, Time elapsed: 0.003 sec
Running com.google.gson.GsonTypeAdapterTest
Tests run: 4, Failures: 0, Errors: 0, Skipped: 0, Time elapsed: 0.018 sec
Running com.google.gson.JsonFieldNameValidatorTest
Tests run: 10, Failures: 0, Errors: 0, Skipped: 0, Time elapsed: 0.006 sec
Running com.google.gson.JavaFieldNamingPolicyTest
Tests run: 2, Failures: 0, Errors: 0, Skipped: 0, Time elapsed: 0.002 sec
Running com.google.gson.common.TestTypes
Tests run: 0, Failures: 0, Errors: 0, Skipped: 0, Time elapsed: 0 sec
Running com.google.gson.GsonBuilderTest
Tests run: 1, Failures: 0, Errors: 0, Skipped: 0, Time elapsed: 0.001 sec
Running com.google.gson.JsonDeserializerExceptionWrapperTest
Tests run: 3, Failures: 0, Errors: 0, Skipped: 0, Time elapsed: 0.007 sec
Running com.google.gson.LowerCamelCaseSeparatorNamingPolicyTest
Tests run: 3, Failures: 0, Errors: 0, Skipped: 0, Time elapsed: 0.005 sec
Running com.google.gson.DisjunctionExclusionStrategyTest
Tests run: 3, Failures: 0, Errors: 0, Skipped: 0, Time elapsed: 0.004 sec
Running com.google.gson.ModifyFirstLetterNamingPolicyTest
Tests run: 8, Failures: 0, Errors: 0, Skipped: 0, Time elapsed: 0.006 sec
Running com.google.gson.NullExclusionStrategyTest
Tests run: 2, Failures: 0, Errors: 0, Skipped: 0, Time elapsed: 0.001 sec
Running com.google.gson.JsonSerializerExceptionWrapperTest
Tests run: 3, Failures: 0, Errors: 0, Skipped: 0, Time elapsed: 0.002 sec
Running com.google.gson.TypeInfoMapTest
Tests run: 4, Failures: 0, Errors: 0, Skipped: 0, Time elapsed: 0.006 sec
Running com.google.gson.LowerCaseNamingPolicyTest
Tests run: 3, Failures: 0, Errors: 0, Skipped: 0, Time elapsed: 0.005 sec
Running com.google.gson.TypeInfoFactoryTest
Tests run: 17, Failures: 0, Errors: 0, Skipped: 0, Time elapsed: 0.016 sec
Running com.google.gson.MemoryRefStackTest
Tests run: 4, Failures: 0, Errors: 0, Skipped: 0, Time elapsed: 0.002 sec
Running com.google.gson.PrimitiveTypeAdapterTest
Tests run: 4, Failures: 0, Errors: 0, Skipped: 0, Time elapsed: 0.005 sec
Running com.google.gson.metrics.PerformanceTest
Tests run: 1, Failures: 0, Errors: 0, Skipped: 0, Time elapsed: 0.001 sec
Running com.google.gson.ParameterizedTypeImplTest
Tests run: 2, Failures: 0, Errors: 0, Skipped: 0, Time elapsed: 0.002 sec
Running com.google.gson.ParameterizedTypeHandlerMapTest
Jan 11, 2021 2:16:13 AM com.google.gson.ParameterizedTypeHandlerMap register
WARNING: Overriding the existing type handler for class java.lang.String
Tests run: 5, Failures: 0, Errors: 0, Skipped: 0, Time elapsed: 0.004 sec
Running com.google.gson.EscaperTest
Tests run: 12, Failures: 0, Errors: 0, Skipped: 0, Time elapsed: 0.006 sec
Running com.google.gson.DefaultMapJsonSerializerTest
Tests run: 2, Failures: 0, Errors: 0, Skipped: 0, Time elapsed: 0.002 sec
Running com.google.gson.VersionExclusionStrategyTest
Tests run: 4, Failures: 0, Errors: 0, Skipped: 0, Time elapsed: 0.007 sec
Running com.google.gson.JsonEscapingVisitorTest
Tests run: 9, Failures: 0, Errors: 0, Skipped: 0, Time elapsed: 0.005 sec
Running com.google.gson.UpperCaseNamingPolicyTest
Tests run: 3, Failures: 0, Errors: 0, Skipped: 0, Time elapsed: 0.002 sec
Running com.google.gson.functional.InternationalizationTest
Tests run: 4, Failures: 0, Errors: 0, Skipped: 0, Time elapsed: 0.005 sec
Running com.google.gson.functional.ObjectTest
Tests run: 45, Failures: 0, Errors: 0, Skipped: 0, Time elapsed: 0.065 sec
Running com.google.gson.functional.ExposeFieldsTest
Tests run: 6, Failures: 0, Errors: 0, Skipped: 0, Time elapsed: 0.006 sec
Running com.google.gson.functional.ParameterizedTypesTest
Tests run: 14, Failures: 0, Errors: 0, Skipped: 0, Time elapsed: 0.026 sec
Running com.google.gson.functional.CustomTypeAdaptersTest
Tests run: 8, Failures: 0, Errors: 0, Skipped: 0, Time elapsed: 0.009 sec
Running com.google.gson.functional.ReadersWritersTest
Tests run: 6, Failures: 0, Errors: 0, Skipped: 0, Time elapsed: 0.004 sec
Running com.google.gson.functional.DefaultTypeAdaptersTest
Tests run: 22, Failures: 0, Errors: 0, Skipped: 0, Time elapsed: 0.024 sec
Running com.google.gson.functional.NullObjectAndFieldTest
Tests run: 10, Failures: 0, Errors: 0, Skipped: 0, Time elapsed: 0.009 sec
Running com.google.gson.functional.MapTest
Tests run: 6, Failures: 0, Errors: 1, Skipped: 0, Time elapsed: 0.009 sec <<< FAILURE!
testMapSubclassDeserialization(com.google.gson.functional.MapTest)  Time elapsed: 0.005 sec  <<< ERROR!
java.lang.ClassCastException: java.lang.Class cannot be cast to java.lang.reflect.ParameterizedType
	at com.google.gson.TypeInfoFactory.getActualType(TypeInfoFactory.java:91)
	at com.google.gson.TypeInfoFactory.extractRealTypes(TypeInfoFactory.java:110)
	at com.google.gson.TypeInfoFactory.getActualType(TypeInfoFactory.java:66)
	at com.google.gson.TypeInfoFactory.getTypeInfoForField(TypeInfoFactory.java:54)
	at com.google.gson.ObjectNavigator.navigateClassFields(ObjectNavigator.java:172)
	at com.google.gson.ObjectNavigator.accept(ObjectNavigator.java:157)
	at com.google.gson.JsonDeserializationContextDefault.fromJsonObject(JsonDeserializationContextDefault.java:75)
	at com.google.gson.JsonDeserializationContextDefault.deserialize(JsonDeserializationContextDefault.java:47)
	at com.google.gson.Gson.fromJson(Gson.java:378)
	at com.google.gson.Gson.fromJson(Gson.java:326)
	at com.google.gson.Gson.fromJson(Gson.java:302)
	at com.google.gson.functional.MapTest.__CLR4_4_1jy8ck44ze(MapTest.java:93)
	at com.google.gson.functional.MapTest.testMapSubclassDeserialization(MapTest.java:86)

Running com.google.gson.functional.VersioningTest
Tests run: 6, Failures: 0, Errors: 0, Skipped: 0, Time elapsed: 0.005 sec
Running com.google.gson.functional.EscapingTest
Tests run: 2, Failures: 0, Errors: 0, Skipped: 0, Time elapsed: 0.003 sec
Running com.google.gson.functional.CollectionTest
Tests run: 14, Failures: 0, Errors: 0, Skipped: 0, Time elapsed: 0.015 sec
Running com.google.gson.functional.ArrayTest
Tests run: 11, Failures: 0, Errors: 0, Skipped: 0, Time elapsed: 0.008 sec
Running com.google.gson.functional.PrintFormattingTest
Tests run: 1, Failures: 0, Errors: 0, Skipped: 0, Time elapsed: 0.001 sec
Running com.google.gson.functional.StringTest
Tests run: 15, Failures: 0, Errors: 0, Skipped: 0, Time elapsed: 0.009 sec
Running com.google.gson.functional.UncategorizedTest
Tests run: 4, Failures: 0, Errors: 0, Skipped: 0, Time elapsed: 0.004 sec
Running com.google.gson.functional.NamingPolicyTest
Tests run: 4, Failures: 0, Errors: 0, Skipped: 0, Time elapsed: 0.005 sec
Running com.google.gson.functional.ConcurrencyTest
Tests run: 4, Failures: 0, Errors: 0, Skipped: 0, Time elapsed: 0.025 sec
Running com.google.gson.functional.PrimitiveTest
Tests run: 31, Failures: 0, Errors: 0, Skipped: 0, Time elapsed: 0.022 sec
Running com.google.gson.TypeInfoArrayTest
Tests run: 10, Failures: 0, Errors: 0, Skipped: 0, Time elapsed: 0.006 sec
Running com.google.gson.ExposeAnnotationBasedExclusionStrategyTest
Tests run: 3, Failures: 0, Errors: 0, Skipped: 0, Time elapsed: 0.001 sec
Running com.google.gson.TypeInfoTest
Tests run: 9, Failures: 0, Errors: 0, Skipped: 0, Time elapsed: 0.005 sec
Running com.google.gson.SerializedNameAnnotationInterceptingNamingPolicyTest
Tests run: 2, Failures: 0, Errors: 0, Skipped: 0, Time elapsed: 0.001 sec
Running com.google.gson.TypeUtilsTest
Tests run: 5, Failures: 0, Errors: 0, Skipped: 0, Time elapsed: 0.002 sec
Running com.google.gson.StringUnmarshallerTest
Tests run: 11, Failures: 0, Errors: 0, Skipped: 0, Time elapsed: 0.004 sec

Results :

Tests in error: 
  testMapSubclassDeserialization(com.google.gson.functional.MapTest): java.lang.Class cannot be cast to java.lang.reflect.ParameterizedType

Tests run: 379, Failures: 0, Errors: 1, Skipped: 0

[[1;34mINFO[m] [1m------------------------------------------------------------------------[m
[[1;34mINFO[m] [1;31mBUILD FAILURE[m
[[1;34mINFO[m] [1m------------------------------------------------------------------------[m
[[1;34mINFO[m] Total time:  5.965 s
[[1;34mINFO[m] Finished at: 2021-01-11T02:16:13+01:00
[[1;34mINFO[m] [1m------------------------------------------------------------------------[m
[[1;31mERROR[m] Failed to execute goal [32morg.apache.maven.plugins:maven-surefire-plugin:2.12.4:test[m [1m(default-test)[m on project [36mgson[m: [1;31mThere are test failures.[m
[[1;31mERROR[m] [1;31m[m
[[1;31mERROR[m] [1;31mPlease refer to /tmp/v1/gson/target/surefire-reports for the individual test results.[m
[[1;31mERROR[m] -> [1m[Help 1][m
[[1;31mERROR[m] 
[[1;31mERROR[m] To see the full stack trace of the errors, re-run Maven with the [1m-e[m switch.
[[1;31mERROR[m] Re-run Maven using the [1m-X[m switch to enable full debug logging.
[[1;31mERROR[m] 
[[1;31mERROR[m] For more information about the errors and possible solutions, please read the following articles:
[[1;31mERROR[m] [1m[Help 1][m http://cwiki.apache.org/confluence/display/MAVEN/MojoFailureException
Writing HTML report to '/tmp/v1/gson/target/clover/report'
Done. Processed 6 packages in 1895ms (315ms per package).
[INFO] Computing coverage for /tmp/v2/gson/
[WARN] Maven will be executed in interactive mode, but no input stream has been configured for this MavenInvoker instance.
[[1;34mINFO[m] Scanning for projects...
[[1;33mWARNING[m] 
[[1;33mWARNING[m] Some problems were encountered while building the effective model for com.google.code.gson:gson:jar:1.2.3
[[1;33mWARNING[m] 'build.plugins.plugin.version' for org.apache.maven.plugins:maven-compiler-plugin is missing. @ line 53, column 15
[[1;33mWARNING[m] 'build.plugins.plugin.version' for org.codehaus.mojo:cobertura-maven-plugin is missing. @ line 182, column 15
[[1;33mWARNING[m] 'build.plugins.plugin.version' for org.apache.maven.plugins:maven-jar-plugin is missing. @ line 61, column 16
[[1;33mWARNING[m] 'build.plugins.plugin.version' for org.apache.maven.plugins:maven-jxr-plugin is missing. @ line 145, column 15
[[1;33mWARNING[m] 'build.plugins.plugin.version' for org.apache.maven.plugins:maven-pmd-plugin is missing. @ line 149, column 15
[[1;33mWARNING[m] 'build.plugins.plugin.version' for org.codehaus.mojo:taglist-maven-plugin is missing. @ line 170, column 15
[[1;33mWARNING[m] 'build.plugins.plugin.version' for org.apache.maven.plugins:maven-checkstyle-plugin is missing. @ line 162, column 15
[[1;33mWARNING[m] 'build.plugins.plugin.version' for org.apache.maven.plugins:maven-source-plugin is missing. @ line 73, column 16
[[1;33mWARNING[m] 'build.plugins.plugin.version' for org.apache.maven.plugins:maven-javadoc-plugin is missing. @ line 87, column 16
[[1;33mWARNING[m] 'build.plugins.plugin.version' for org.apache.maven.plugins:maven-eclipse-plugin is missing. @ line 107, column 16
[[1;33mWARNING[m] The expression ${version} is deprecated. Please use ${project.version} instead.
[[1;33mWARNING[m] 
[[1;33mWARNING[m] It is highly recommended to fix these problems because they threaten the stability of your build.
[[1;33mWARNING[m] 
[[1;33mWARNING[m] For this reason, future Maven versions might no longer support building such malformed projects.
[[1;33mWARNING[m] 
[[1;34mINFO[m] 
[[1;34mINFO[m] [1m---------------------< [0;36mcom.google.code.gson:gson[0;1m >----------------------[m
[[1;34mINFO[m] [1mBuilding Gson 1.2.3[m
[[1;34mINFO[m] [1m--------------------------------[ jar ]---------------------------------[m
[[1;34mINFO[m] 
[[1;34mINFO[m] [1m--- [0;32mmaven-clean-plugin:2.5:clean[m [1m(default-clean)[m @ [36mgson[0;1m ---[m
[[1;34mINFO[m] Deleting /tmp/v2/gson/target
[[1;34mINFO[m] 
[[1;34mINFO[m] [1m--- [0;32mcobertura-maven-plugin:2.7:clean[m [1m(clean)[m @ [36mgson[0;1m ---[m
[[1;34mINFO[m] Skipping cobertura execution
[[1;34mINFO[m] 
[[1;34mINFO[m] [1m--- [0;32mclover-maven-plugin:4.4.1:setup[m [1m(default-cli)[m @ [36mgson[0;1m ---[m
[[1;34mINFO[m] OpenClover Version 4.4.1, built on October 11 2019 (build-1020)
[[1;34mINFO[m] Creating new database at '/tmp/v2/gson/target/clover/clover.db'.
[[1;34mINFO[m] Processing files at 1.8 source level.
[[1;34mINFO[m] Clover all over. Instrumented 85 files (3 packages).
[[1;34mINFO[m] OpenClover Version 4.4.1, built on October 11 2019 (build-1020)
[[1;34mINFO[m] Updating existing database at '/tmp/v2/gson/target/clover/clover.db'.
[[1;34mINFO[m] Processing files at 1.8 source level.
[[1;34mINFO[m] Clover all over. Instrumented 56 files (4 packages).
[[1;34mINFO[m] 386 test methods detected.
[[1;34mINFO[m] 
[[1;34mINFO[m] [1m--- [0;32mmaven-resources-plugin:2.6:resources[m [1m(default-resources)[m @ [36mgson[0;1m ---[m
[[1;33mWARNING[m] Using platform encoding (UTF-8 actually) to copy filtered resources, i.e. build is platform dependent!
[[1;34mINFO[m] Copying 1 resource
[[1;34mINFO[m] Copying 1 resource
[[1;34mINFO[m] 
[[1;34mINFO[m] [1m--- [0;32mmaven-compiler-plugin:3.1:compile[m [1m(default-compile)[m @ [36mgson[0;1m ---[m
[[1;34mINFO[m] Changes detected - recompiling the module!
[[1;33mWARNING[m] File encoding has not been set, using platform encoding UTF-8, i.e. build is platform dependent!
[[1;34mINFO[m] Compiling 85 source files to /tmp/v2/gson/target/classes
[[1;33mWARNING[m] /tmp/v2/gson/target/clover/src-instrumented/com/google/gson/JsonParser.java: /tmp/v2/gson/target/clover/src-instrumented/com/google/gson/JsonParser.java uses unchecked or unsafe operations.
[[1;33mWARNING[m] /tmp/v2/gson/target/clover/src-instrumented/com/google/gson/JsonParser.java: Recompile with -Xlint:unchecked for details.
[[1;34mINFO[m] 
[[1;34mINFO[m] [1m--- [0;32mmaven-resources-plugin:2.6:testResources[m [1m(default-testResources)[m @ [36mgson[0;1m ---[m
[[1;33mWARNING[m] Using platform encoding (UTF-8 actually) to copy filtered resources, i.e. build is platform dependent!
[[1;34mINFO[m] skip non existing resourceDirectory /tmp/v2/gson/src/test/resources
[[1;34mINFO[m] 
[[1;34mINFO[m] [1m--- [0;32mmaven-compiler-plugin:3.1:testCompile[m [1m(default-testCompile)[m @ [36mgson[0;1m ---[m
[[1;34mINFO[m] Changes detected - recompiling the module!
[[1;33mWARNING[m] File encoding has not been set, using platform encoding UTF-8, i.e. build is platform dependent!
[[1;34mINFO[m] Compiling 56 source files to /tmp/v2/gson/target/test-classes
[[1;33mWARNING[m] /tmp/v2/gson/target/clover/src-test-instrumented/com/google/gson/functional/DefaultTypeAdaptersTest.java: /tmp/v2/gson/target/clover/src-test-instrumented/com/google/gson/functional/DefaultTypeAdaptersTest.java uses or overrides a deprecated API.
[[1;33mWARNING[m] /tmp/v2/gson/target/clover/src-test-instrumented/com/google/gson/functional/DefaultTypeAdaptersTest.java: Recompile with -Xlint:deprecation for details.
[[1;33mWARNING[m] /tmp/v2/gson/target/clover/src-test-instrumented/com/google/gson/functional/ParameterizedTypesTest.java: Some input files use unchecked or unsafe operations.
[[1;33mWARNING[m] /tmp/v2/gson/target/clover/src-test-instrumented/com/google/gson/functional/ParameterizedTypesTest.java: Recompile with -Xlint:unchecked for details.
[[1;34mINFO[m] 
[[1;34mINFO[m] [1m--- [0;32mmaven-surefire-plugin:2.12.4:test[m [1m(default-test)[m @ [36mgson[0;1m ---[m
[[1;34mINFO[m] Surefire report directory: /tmp/v2/gson/target/surefire-reports

-------------------------------------------------------
 T E S T S
-------------------------------------------------------
Running com.google.gson.CamelCaseSeparatorNamingPolicyTest
Tests run: 5, Failures: 0, Errors: 0, Skipped: 0, Time elapsed: 0.043 sec
Running com.google.gson.FunctionalWithInternalDependenciesTest
Jan 11, 2021 2:16:22 AM com.google.gson.ParameterizedTypeHandlerMap register
WARNING: Overriding the existing type handler for interface java.util.Collection
Tests run: 7, Failures: 0, Errors: 0, Skipped: 0, Time elapsed: 0.082 sec
Running com.google.gson.DefaultDateTypeAdapterTest
Tests run: 3, Failures: 0, Errors: 0, Skipped: 0, Time elapsed: 0.002 sec
Running com.google.gson.GenericArrayTypeImplTest
Tests run: 2, Failures: 0, Errors: 0, Skipped: 0, Time elapsed: 0.002 sec
Running com.google.gson.GsonTypeAdapterTest
Tests run: 4, Failures: 0, Errors: 0, Skipped: 0, Time elapsed: 0.017 sec
Running com.google.gson.JsonFieldNameValidatorTest
Tests run: 10, Failures: 0, Errors: 0, Skipped: 0, Time elapsed: 0.007 sec
Running com.google.gson.JavaFieldNamingPolicyTest
Tests run: 2, Failures: 0, Errors: 0, Skipped: 0, Time elapsed: 0 sec
Running com.google.gson.common.TestTypes
Tests run: 0, Failures: 0, Errors: 0, Skipped: 0, Time elapsed: 0 sec
Running com.google.gson.GsonBuilderTest
Tests run: 1, Failures: 0, Errors: 0, Skipped: 0, Time elapsed: 0.001 sec
Running com.google.gson.JsonDeserializerExceptionWrapperTest
Tests run: 3, Failures: 0, Errors: 0, Skipped: 0, Time elapsed: 0.007 sec
Running com.google.gson.LowerCamelCaseSeparatorNamingPolicyTest
Tests run: 3, Failures: 0, Errors: 0, Skipped: 0, Time elapsed: 0.005 sec
Running com.google.gson.DisjunctionExclusionStrategyTest
Tests run: 3, Failures: 0, Errors: 0, Skipped: 0, Time elapsed: 0.003 sec
Running com.google.gson.ModifyFirstLetterNamingPolicyTest
Tests run: 8, Failures: 0, Errors: 0, Skipped: 0, Time elapsed: 0.008 sec
Running com.google.gson.NullExclusionStrategyTest
Tests run: 2, Failures: 0, Errors: 0, Skipped: 0, Time elapsed: 0.001 sec
Running com.google.gson.JsonSerializerExceptionWrapperTest
Tests run: 3, Failures: 0, Errors: 0, Skipped: 0, Time elapsed: 0.004 sec
Running com.google.gson.TypeInfoMapTest
Tests run: 4, Failures: 0, Errors: 0, Skipped: 0, Time elapsed: 0.005 sec
Running com.google.gson.LowerCaseNamingPolicyTest
Tests run: 3, Failures: 0, Errors: 0, Skipped: 0, Time elapsed: 0.006 sec
Running com.google.gson.TypeInfoFactoryTest
Tests run: 17, Failures: 0, Errors: 0, Skipped: 0, Time elapsed: 0.017 sec
Running com.google.gson.MemoryRefStackTest
Tests run: 4, Failures: 0, Errors: 0, Skipped: 0, Time elapsed: 0.002 sec
Running com.google.gson.PrimitiveTypeAdapterTest
Tests run: 4, Failures: 0, Errors: 0, Skipped: 0, Time elapsed: 0.005 sec
Running com.google.gson.metrics.PerformanceTest
Tests run: 1, Failures: 0, Errors: 0, Skipped: 0, Time elapsed: 0 sec
Running com.google.gson.ParameterizedTypeImplTest
Tests run: 2, Failures: 0, Errors: 0, Skipped: 0, Time elapsed: 0.002 sec
Running com.google.gson.ParameterizedTypeHandlerMapTest
Jan 11, 2021 2:16:22 AM com.google.gson.ParameterizedTypeHandlerMap register
WARNING: Overriding the existing type handler for class java.lang.String
Tests run: 5, Failures: 0, Errors: 0, Skipped: 0, Time elapsed: 0.004 sec
Running com.google.gson.EscaperTest
Tests run: 12, Failures: 0, Errors: 0, Skipped: 0, Time elapsed: 0.007 sec
Running com.google.gson.DefaultMapJsonSerializerTest
Tests run: 2, Failures: 0, Errors: 0, Skipped: 0, Time elapsed: 0.001 sec
Running com.google.gson.VersionExclusionStrategyTest
Tests run: 4, Failures: 0, Errors: 0, Skipped: 0, Time elapsed: 0.007 sec
Running com.google.gson.JsonEscapingVisitorTest
Tests run: 9, Failures: 0, Errors: 0, Skipped: 0, Time elapsed: 0.006 sec
Running com.google.gson.UpperCaseNamingPolicyTest
Tests run: 3, Failures: 0, Errors: 0, Skipped: 0, Time elapsed: 0.002 sec
Running com.google.gson.functional.InternationalizationTest
Tests run: 4, Failures: 0, Errors: 0, Skipped: 0, Time elapsed: 0.003 sec
Running com.google.gson.functional.ObjectTest
Tests run: 45, Failures: 0, Errors: 0, Skipped: 0, Time elapsed: 0.06 sec
Running com.google.gson.functional.ExposeFieldsTest
Tests run: 6, Failures: 0, Errors: 0, Skipped: 0, Time elapsed: 0.006 sec
Running com.google.gson.functional.ParameterizedTypesTest
Tests run: 15, Failures: 0, Errors: 0, Skipped: 0, Time elapsed: 0.029 sec
Running com.google.gson.functional.CustomTypeAdaptersTest
Tests run: 8, Failures: 0, Errors: 0, Skipped: 0, Time elapsed: 0.009 sec
Running com.google.gson.functional.ReadersWritersTest
Tests run: 6, Failures: 0, Errors: 0, Skipped: 0, Time elapsed: 0.004 sec
Running com.google.gson.functional.DefaultTypeAdaptersTest
Tests run: 22, Failures: 0, Errors: 0, Skipped: 0, Time elapsed: 0.026 sec
Running com.google.gson.functional.NullObjectAndFieldTest
Tests run: 10, Failures: 0, Errors: 0, Skipped: 0, Time elapsed: 0.008 sec
Running com.google.gson.functional.MapTest
Tests run: 8, Failures: 0, Errors: 1, Skipped: 0, Time elapsed: 0.014 sec <<< FAILURE!
testMapSubclassDeserialization(com.google.gson.functional.MapTest)  Time elapsed: 0.006 sec  <<< ERROR!
com.google.gson.JsonParseException: The JsonDeserializer MapTypeAdapter failed to deserialized json object {"a":1,"b":2} given the type class com.google.gson.functional.MapTest$MyMap
	at com.google.gson.JsonDeserializerExceptionWrapper.deserialize(JsonDeserializerExceptionWrapper.java:63)
	at com.google.gson.JsonDeserializationVisitor.visitUsingCustomHandler(JsonDeserializationVisitor.java:85)
	at com.google.gson.ObjectNavigator.accept(ObjectNavigator.java:138)
	at com.google.gson.JsonDeserializationContextDefault.fromJsonObject(JsonDeserializationContextDefault.java:79)
	at com.google.gson.JsonDeserializationContextDefault.deserialize(JsonDeserializationContextDefault.java:51)
	at com.google.gson.Gson.fromJson(Gson.java:378)
	at com.google.gson.Gson.fromJson(Gson.java:326)
	at com.google.gson.Gson.fromJson(Gson.java:302)
	at com.google.gson.functional.MapTest.__CLR4_4_1jy8ck4517(MapTest.java:120)
	at com.google.gson.functional.MapTest.testMapSubclassDeserialization(MapTest.java:113)
Caused by: java.lang.IllegalArgumentException: Map objects need to be parameterized unless you use a custom serializer. Use the com.google.gson.reflect.TypeToken to extract the ParameterizedType.
	at com.google.gson.TypeInfoMap.<init>(TypeInfoMap.java:34)
	at com.google.gson.DefaultTypeAdapters$MapTypeAdapter.deserialize(DefaultTypeAdapters.java:411)
	at com.google.gson.DefaultTypeAdapters$MapTypeAdapter.deserialize(DefaultTypeAdapters.java:385)
	at com.google.gson.JsonDeserializerExceptionWrapper.deserialize(JsonDeserializerExceptionWrapper.java:50)
	... 36 more

Running com.google.gson.functional.VersioningTest
Tests run: 6, Failures: 0, Errors: 0, Skipped: 0, Time elapsed: 0.006 sec
Running com.google.gson.functional.EscapingTest
Tests run: 2, Failures: 0, Errors: 0, Skipped: 0, Time elapsed: 0.003 sec
Running com.google.gson.functional.CollectionTest
Tests run: 18, Failures: 0, Errors: 0, Skipped: 0, Time elapsed: 0.018 sec
Running com.google.gson.functional.ArrayTest
Tests run: 11, Failures: 0, Errors: 0, Skipped: 0, Time elapsed: 0.008 sec
Running com.google.gson.functional.PrintFormattingTest
Tests run: 1, Failures: 0, Errors: 0, Skipped: 0, Time elapsed: 0.001 sec
Running com.google.gson.functional.StringTest
Tests run: 15, Failures: 0, Errors: 0, Skipped: 0, Time elapsed: 0.01 sec
Running com.google.gson.functional.UncategorizedTest
Tests run: 4, Failures: 0, Errors: 0, Skipped: 0, Time elapsed: 0.004 sec
Running com.google.gson.functional.NamingPolicyTest
Tests run: 4, Failures: 0, Errors: 0, Skipped: 0, Time elapsed: 0.005 sec
Running com.google.gson.functional.ConcurrencyTest
Tests run: 4, Failures: 0, Errors: 0, Skipped: 0, Time elapsed: 0.026 sec
Running com.google.gson.functional.PrimitiveTest
Tests run: 31, Failures: 0, Errors: 0, Skipped: 0, Time elapsed: 0.023 sec
Running com.google.gson.TypeInfoArrayTest
Tests run: 10, Failures: 0, Errors: 0, Skipped: 0, Time elapsed: 0.007 sec
Running com.google.gson.ExposeAnnotationBasedExclusionStrategyTest
Tests run: 3, Failures: 0, Errors: 0, Skipped: 0, Time elapsed: 0.002 sec
Running com.google.gson.TypeInfoTest
Tests run: 9, Failures: 0, Errors: 0, Skipped: 0, Time elapsed: 0.006 sec
Running com.google.gson.SerializedNameAnnotationInterceptingNamingPolicyTest
Tests run: 2, Failures: 0, Errors: 0, Skipped: 0, Time elapsed: 0.002 sec
Running com.google.gson.TypeUtilsTest
Tests run: 5, Failures: 0, Errors: 0, Skipped: 0, Time elapsed: 0.004 sec
Running com.google.gson.StringUnmarshallerTest
Tests run: 11, Failures: 0, Errors: 0, Skipped: 0, Time elapsed: 0.006 sec

Results :

Tests in error: 
  testMapSubclassDeserialization(com.google.gson.functional.MapTest): The JsonDeserializer MapTypeAdapter failed to deserialized json object {"a":1,"b":2} given the type class com.google.gson.functional.MapTest$MyMap

Tests run: 386, Failures: 0, Errors: 1, Skipped: 0

[[1;34mINFO[m] [1m------------------------------------------------------------------------[m
[[1;34mINFO[m] [1;31mBUILD FAILURE[m
[[1;34mINFO[m] [1m------------------------------------------------------------------------[m
[[1;34mINFO[m] Total time:  5.918 s
[[1;34mINFO[m] Finished at: 2021-01-11T02:16:23+01:00
[[1;34mINFO[m] [1m------------------------------------------------------------------------[m
[[1;31mERROR[m] Failed to execute goal [32morg.apache.maven.plugins:maven-surefire-plugin:2.12.4:test[m [1m(default-test)[m on project [36mgson[m: [1;31mThere are test failures.[m
[[1;31mERROR[m] [1;31m[m
[[1;31mERROR[m] [1;31mPlease refer to /tmp/v2/gson/target/surefire-reports for the individual test results.[m
[[1;31mERROR[m] -> [1m[Help 1][m
[[1;31mERROR[m] 
[[1;31mERROR[m] To see the full stack trace of the errors, re-run Maven with the [1m-e[m switch.
[[1;31mERROR[m] Re-run Maven using the [1m-X[m switch to enable full debug logging.
[[1;31mERROR[m] 
[[1;31mERROR[m] For more information about the errors and possible solutions, please read the following articles:
[[1;31mERROR[m] [1m[Help 1][m http://cwiki.apache.org/confluence/display/MAVEN/MojoFailureException
Writing HTML report to '/tmp/v2/gson/target/clover/report'
Done. Processed 6 packages in 1146ms (191ms per package).
[INFO] /tmp/v1/gson/src/main/java/com/google/gson/DefaultTypeAdapters.java
[INFO] /tmp/v2/gson/src/main/java/com/google/gson/DefaultTypeAdapters.java
[INFO] com.google.gson.DefaultTypeAdapters:[357, 361, 393] are modified.
[INFO] com.google.gson.DefaultTypeAdapters:361 covered.
[INFO] com.google.gson.DefaultTypeAdapters:357 covered.
[INFO] com.google.gson.DefaultTypeAdapters:393 covered.
[INFO] com.google.gson.DefaultTypeAdapters:[373, 419, 375, 420, 360, 363, 375, 376, 377, 410, 422, 360, 363, 376, 377, 410, 422, 364, 367, 363, 364] are modified.
[INFO] com.google.gson.DefaultTypeAdapters:375 covered.
[INFO] com.google.gson.DefaultTypeAdapters:360 covered.
[INFO] com.google.gson.DefaultTypeAdapters:363 covered.
[INFO] com.google.gson.DefaultTypeAdapters:376 covered.
[INFO] com.google.gson.DefaultTypeAdapters:377 covered.
[INFO] com.google.gson.DefaultTypeAdapters:364 covered.
[INFO] com.google.gson.DefaultTypeAdapters:367 covered.
[INFO] com.google.gson.DefaultTypeAdapters:419 covered.
[INFO] com.google.gson.DefaultTypeAdapters:420 covered.
[INFO] com.google.gson.DefaultTypeAdapters:410 covered.
[INFO] com.google.gson.DefaultTypeAdapters:422 covered.
[INFO] /tmp/v1/gson/src/main/java/com/google/gson/JsonDeserializationContextDefault.java
[INFO] /tmp/v2/gson/src/main/java/com/google/gson/JsonDeserializationContextDefault.java
[INFO] com.google.gson.JsonDeserializationContextDefault:[42, 43, 43] are modified.
[INFO] com.google.gson.JsonDeserializationContextDefault:43 covered.
[INFO] /tmp/v1/gson/src/main/java/com/google/gson/JsonDeserializationVisitor.java
[INFO] /tmp/v2/gson/src/main/java/com/google/gson/JsonDeserializationVisitor.java
[INFO] com.google.gson.JsonDeserializationVisitor:[84, 85, 86, 86, 86, 87, 88, 88, 88, 87, 85, 84] are modified.
[INFO] com.google.gson.JsonDeserializationVisitor:84 covered.
[INFO] com.google.gson.JsonDeserializationVisitor:85 covered.
[INFO] com.google.gson.JsonDeserializationVisitor:87 covered.
[INFO] com.google.gson.JsonDeserializationVisitor:88 covered.
[INFO] com.google.gson.JsonDeserializationVisitor:86 covered.
[INFO] /tmp/v1/gson/src/main/java/com/google/gson/JsonSerializationVisitor.java
[INFO] /tmp/v2/gson/src/main/java/com/google/gson/JsonSerializationVisitor.java
[INFO] com.google.gson.JsonSerializationVisitor:[190, 191, 192, 192, 192, 193, 194, 194, 194, 193, 191, 190] are modified.
[INFO] com.google.gson.JsonSerializationVisitor:190 covered.
[INFO] com.google.gson.JsonSerializationVisitor:191 covered.
[INFO] com.google.gson.JsonSerializationVisitor:193 covered.
[INFO] com.google.gson.JsonSerializationVisitor:194 covered.
[INFO] com.google.gson.JsonSerializationVisitor:192 covered.
[INFO] /tmp/v1/gson/src/main/java/com/google/gson/JsonTreeNavigator.java
[INFO] /tmp/v2/gson/src/main/java/com/google/gson/JsonTreeNavigator.java
[INFO] com.google.gson.JsonTreeNavigator:[55] are modified.
[INFO] com.google.gson.JsonTreeNavigator:55 covered.
[INFO] com.google.gson.JsonTreeNavigator:[90, 90, 75, 76, 54, 76, 54, 55] are modified.
[INFO] com.google.gson.JsonTreeNavigator:90 covered.
[INFO] com.google.gson.JsonTreeNavigator:76 covered.
[INFO] com.google.gson.JsonTreeNavigator:54 covered.
[INFO] com.google.gson.JsonTreeNavigator:75 covered.
[INFO] /tmp/v1/gson/src/main/java/com/google/gson/ParameterizedTypeHandlerMap.java
[INFO] /tmp/v2/gson/src/main/java/com/google/gson/ParameterizedTypeHandlerMap.java
[INFO] com.google.gson.ParameterizedTypeHandlerMap:[68, 68] are modified.
[INFO] com.google.gson.ParameterizedTypeHandlerMap:68 covered.
[INFO] com.google.gson.ParameterizedTypeHandlerMap:[87, 66, 89, 66, 67, 74, 89, 94, 66, 70, 75, 90, 91, 70, 75, 90, 91, 76, 90, 92, 76, 77, 92, 77, 79, 92, 79, 79] are modified.
[INFO] com.google.gson.ParameterizedTypeHandlerMap:87 covered.
[INFO] com.google.gson.ParameterizedTypeHandlerMap:66 covered.
[INFO] com.google.gson.ParameterizedTypeHandlerMap:89 covered.
[INFO] com.google.gson.ParameterizedTypeHandlerMap:67 covered.
[INFO] com.google.gson.ParameterizedTypeHandlerMap:74 covered.
[INFO] com.google.gson.ParameterizedTypeHandlerMap:94 covered.
[INFO] com.google.gson.ParameterizedTypeHandlerMap:75 covered.
[INFO] com.google.gson.ParameterizedTypeHandlerMap:91 covered.
[INFO] com.google.gson.ParameterizedTypeHandlerMap:76 covered.
[INFO] com.google.gson.ParameterizedTypeHandlerMap:77 covered.
[INFO] com.google.gson.ParameterizedTypeHandlerMap:79 covered.
[INFO] com.google.gson.ParameterizedTypeHandlerMap:70 covered.
[INFO] /tmp/v1/gson/src/test/java/com/google/gson/functional/CollectionTest.java
[INFO] /tmp/v2/gson/src/test/java/com/google/gson/functional/CollectionTest.java
[INFO] Build modified Tests /tmp/v2/gson/src/test/java/com/google/gson/functional/CollectionTest.java
[INFO] /tmp/v1/gson/src/test/java/com/google/gson/functional/MapTest.java
[INFO] /tmp/v2/gson/src/test/java/com/google/gson/functional/MapTest.java
[INFO] Build modified Tests /tmp/v2/gson/src/test/java/com/google/gson/functional/MapTest.java
[INFO] /tmp/v1/gson/src/test/java/com/google/gson/functional/ParameterizedTypesTest.java
[INFO] /tmp/v2/gson/src/test/java/com/google/gson/functional/ParameterizedTypesTest.java
[INFO] Build modified Tests /tmp/v2/gson/src/test/java/com/google/gson/functional/ParameterizedTypesTest.java
[INFO] Saving result in /tmp/v1/gson/testsThatExecuteTheChange.csv ...
[INFO] com.google.gson.functional.CollectionTest;testTopLevelCollectionOfIntegersSerialization;testCollectionOfStringsSerialization;testRawCollectionSerialization;testRawCollectionDeserializationNotAlllowed;testRawCollectionOfBagOfPrimitivesNotAllowed;testRawCollectionOfIntegersSerialization;testTopLevelCollectionOfIntegersDeserialization;testTopLevelListOfIntegerCollectionsDeserialization;testCollectionOfBagOfPrimitivesSerialization
com.google.gson.functional.ArrayTest;testArrayOfCollectionSerialization;testEmptyArraySerialization;testTopLevelArrayOfIntsDeserialization;testTopLevelEnumInASingleElementArrayDeserialization;testNullsInArraySerialization;testArrayOfStringsSerialization;testArrayOfStringsDeserialization;testTopLevelArrayOfIntsSerialization;testArrayOfCollectionDeserialization;testNullsInArrayDeserialization;testEmptyArrayDeserialization
com.google.gson.functional.ObjectTest;testNullArraysDeserialization;testInnerClassSerialization;testSubInterfacesOfCollectionDeserialization;testArrayOfArraysDeserialization;testInheritenceDeserialization;testNullPrimitiveFieldsDeserialization;testClassWithObjectFieldSerialization;testArrayOfArraysSerialization;testClassWithTransientFieldsSerialization;testClassWithNoFieldsSerialization;testBagOfPrimitiveWrappersDeserialization;testEmptyCollectionInAnObjectSerialization;testPrimitiveArrayFieldSerialization;testBagOfPrimitiveWrappersSerialization;testDirectedAcyclicGraphDeserialization;testClassWithEnumFieldDeserialization;testCircularSerialization;testSelfReferenceSerialization;testClassWithTransientFieldsDeserialization;testPrivateNoArgConstructorDeserialization;testClassWithEnumFieldSerialization;testNullObjectFieldsDeserialization;testInheritenceSerialization;testBagOfPrimitivesSerialization;testNestedDeserialization;testSubInterfacesOfCollectionSerialization;testClassWithNoFieldsDeserialization;testNullFieldsSerialization;testJsonInMixedQuotesDeserialization;testArrayOfObjectsDeserialization;testClassWithTransientFieldsDeserializationTransientFieldsPassedInJsonAreIgnored;testInnerClassDeserialization;testNullFieldsDeserialization;testDirectedAcyclicGraphSerialization;testPrimitiveArrayInAnObjectDeserialization;testTopLevelEnumSerialization;testTopLevelEnumDeserialization;testEmptyCollectionInAnObjectDeserialization;testBagOfPrimitivesDeserialization;testJsonInSingleQuotesDeserialization;testArrayOfObjectsSerialization;testNestedSerialization
com.google.gson.DefaultMapJsonSerializerTest;testEmptyMapSerialization;testEmptyMapNoTypeSerialization
com.google.gson.functional.ParameterizedTypesTest;testParameterizedTypeWithReaderDeserialization;testVariableTypeFieldsAndGenericArraysSerialization;testTypesWithMultipleParametersSerialization;testParameterizedTypeWithVariableTypeDeserialization;testVariableTypeArrayDeserialization;testParameterizedTypeDeserialization;testParameterizedTypeWithCustomSerializer;testVariableTypeFieldsAndGenericArraysDeserialization;testVariableTypeDeserialization;testParameterizedTypesWithWriterSerialization;testParameterizedTypesSerialization;testTypesWithMultipleParametersDeserialization;testParameterizedTypesWithCustomDeserializer
com.google.gson.functional.MapTest;testMapSerializationEmpty;testMapDeserialization;testRawMapSerialization;testMapSerialization
com.google.gson.functional.DefaultTypeAdaptersTest;testDefaultDateSerialization;testDefaultDateSerializationUsingBuilder;testBigIntegerFieldSerialization;testSetSerialization;testBigDecimalFieldDeserialization;testDefaultDateDeserializationUsingBuilder;testLocaleDeserializationWithLanguageCountryVariant;testLocaleDeserializationWithLanguageCountry;testDateSerializationWithPattern;testLocaleSerializationWithLanguageCountryVariant;testUrlDeserialization;testBigDecimalFieldSerialization;testLocaleSerializationWithLanguageCountry;testUrlSerialization;testLocaleDeserializationWithLanguage;testBigIntegerFieldDeserialization;testDefaultDateDeserialization;testDateDeserializationWithPattern;testUriSerialization;testUriDeserialization;testLocaleSerializationWithLanguage
com.google.gson.functional.PrimitiveTest;testPrimitiveBooleanAutoboxedDeserialization;testBigDecimalInASingleElementArraySerialization;testPrimitiveIntegerAutoboxedDeserialization;testBigDecimalSerialization;testPrimitiveDoubleAutoboxedInASingleElementArraySerialization;testPrimitiveIntegerAutoboxedSerialization;testPrimitiveLongAutoboxedDeserialization;testBigIntegerInASingleElementArraySerialization;testPrimitiveIntegerAutoboxedInASingleElementArraySerialization;testBigDecimalDeserialization;testBadValueForBigIntegerDeserialization;testBigIntegerInASingleElementArrayDeserialization;testReallyLongValuesSerialization;testPrimitiveBooleanAutoboxedSerialization;testReallyLongValuesDeserialization;testPrimitiveDoubleAutoboxedInASingleElementArrayDeserialization;testSmallValueForBigIntegerDeserialization;testPrimitiveLongAutoboxedInASingleElementArraySerialization;testPrimitiveLongAutoboxedInASingleElementArrayDeserialization;testPrimitiveBooleanAutoboxedInASingleElementArraySerialization;testPrimitiveLongAutoboxedSerialization;testBigDecimalInASingleElementArrayDeserialization;testSmallValueForBigIntegerSerialization;testBigIntegerDeserialization;testPrimitiveDoubleAutoboxedSerialization;testPrimitiveDoubleAutoboxedDeserialization;testBigIntegerSerialization;testSmallValueForBigDecimalSerialization;testSmallValueForBigDecimalDeserialization;testPrimitiveIntegerAutoboxedInASingleElementArrayDeserialization;testPrimitiveBooleanAutoboxedInASingleElementArrayDeserialization
com.google.gson.functional.NamingPolicyTest;testGsonWithNonDefaultFieldNamingPolicyDeserialiation;testGsonWithSerializedNameFieldNamingPolicySerialization;testGsonWithNonDefaultFieldNamingPolicySerialization;testGsonWithSerializedNameFieldNamingPolicyDeserialization
com.google.gson.GsonTypeAdapterTest;testDefaultTypeAdapterThrowsParseException;testTypeAdapterDoesNotAffectNonAdaptedTypes;testTypeAdapterThrowsException;testTypeAdapterProperlyConvertsTypes
com.google.gson.functional.NullObjectAndFieldTest;testExplicitSerializationOfNulls;testExplicitSerializationOfNullStringMembers;testTopLevelNullObjectSerialization;testCustomSerializationOfNulls;testNullWrappedPrimitiveMemberDeserialization;testNullWrappedPrimitiveMemberSerialization;testExplicitSerializationOfNullArrayMembers;testTopLevelNullObjectDeserialization;testExplicitDeserializationOfNulls;testExplicitSerializationOfNullCollectionMembers
com.google.gson.functional.VersioningTest;testVersionedClassesDeserialization;testVersionedClassesSerialization;testIgnoreLaterVersionClassSerialization;testIgnoreLaterVersionClassDeserialization;testVersionedGsonWithUnversionedClassesDeserialization;testVersionedGsonWithUnversionedClassesSerialization
com.google.gson.functional.CustomTypeAdaptersTest;testCustomTypeAdapterDoesNotAppliesToSubClasses;testCustomTypeAdapterAppliesToSubClassesSerializedAsBaseClass;testCustomSerializers;testCustomSerializerForLong;testCustomNestedSerializers;testCustomDeserializers;testCustomNestedDeserializers;testCustomDeserializerForLong
com.google.gson.functional.InternationalizationTest;testStringsWithUnicodeChineseCharactersSerialization;testStringsWithRawChineseCharactersDeserialization;testStringsWithUnicodeChineseCharactersDeserialization;testStringsWithUnicodeChineseCharactersEscapedDeserialization
com.google.gson.functional.StringTest;testStringValueSerialization;testEscapingQuotesInStringDeserialization;testEscapingQuotesInStringSerialization;testStringValueAsSingleElementArrayDeserialization;testEscapedBackslashInStringDeserialization;testEscapedCtrlNInStringDeserialization;testStringValueAsSingleElementArraySerialization;testEscapedCtrlNInStringSerialization;testEscapedCtrlRInStringDeserialization;testSingleQuoteInStringSerialization;testEscapedCtrlRInStringSerialization;testStringValueDeserialization;testStringWithEscapedSlashDeserialization;testSingleQuoteInStringDeserialization;testEscapedBackslashInStringSerialization
com.google.gson.functional.ExposeFieldsTest;testExposeAnnotationSerialization;testNoExposedFieldSerialization;testNullExposeFieldSerialization;testNoExposedFieldDeserialization;testArrayWithOneNullExposeFieldObjectSerialization;testExposeAnnotationDeserialization
com.google.gson.functional.ReadersWritersTest;testTopLevelNullObjectDeserializationWithReaderAndSerializeNulls;testTopLevelNullObjectSerializationWithWriterAndSerializeNulls;testWriterForSerialization;testReaderForDeserialization
com.google.gson.functional.UncategorizedTest;testStaticFieldsAreNotSerialized;testReturningDerivedClassesDuringDeserialization;testObjectEqualButNotSameSerialization
com.google.gson.functional.ConcurrencyTest;testSingleThreadSerialization;testMultiThreadSerialization;testSingleThreadDeserialization;testMultiThreadDeserialization
com.google.gson.functional.EscapingTest;testEscapingQuotesInStringArray;testEscapingObjectFields
com.google.gson.functional.PrintFormattingTest;testCompactFormattingLeavesNoWhiteSpace
com.google.gson.FunctionalWithInternalDependenciesTest;testAnonymousLocalClassesSerialization;testPrettyPrintArrayOfObjects;testPrettyPrintArrayOfPrimitiveArrays;testPrettyPrintList;testMultipleArrays;testPrettyPrintListOfPrimitiveArrays;testPrettyPrintArrayOfPrimitives
com.google.gson.ParameterizedTypeHandlerMapTest;testHasGenericButNotSpecific;testNullMap;testTypeOverridding;testHasSpecificType
com.google.gson.GsonBuilderTest;testCreatingMoreThanOnce
[INFO] Writing Coverage in /tmp/v1/gson/testsThatExecuteTheChange_coverage.csv
[INFO] com.google.gson.DefaultTypeAdapters;14;15

[INFO] com.google.gson.JsonDeserializationContextDefault;1;2

[INFO] com.google.gson.JsonDeserializationVisitor;5;5

[INFO] com.google.gson.JsonSerializationVisitor;5;5

[INFO] com.google.gson.JsonTreeNavigator;5;5

[INFO] com.google.gson.ParameterizedTypeHandlerMap;13;15

[INFO] total;43;47

[INFO] ------------------------------------------------------------------------
[INFO] BUILD SUCCESS
[INFO] ------------------------------------------------------------------------
[INFO] Total time:  21.383 s
[INFO] Finished at: 2021-01-11T02:16:26+01:00
[INFO] ------------------------------------------------------------------------
