[INFO] Scanning for projects...
[INFO] 
[INFO] -----------------------< commons-io:commons-io >------------------------
[INFO] Building Commons IO 2.5-SNAPSHOT
[INFO] --------------------------------[ jar ]---------------------------------
[INFO] 
[INFO] --- maven-clean-plugin:2.5:clean (default-clean) @ commons-io ---
[INFO] Deleting /tmp/v1/target
[INFO] 
[INFO] --- dspot-diff-test-selection:3.1.1-SNAPSHOT:list (default-cli) @ commons-io ---
[INFO] Running on:
[INFO] /tmp/v1
[INFO] /tmp/v2/
[WARNING] No path to diff file has been specified.
[WARNING] I'll compute a diff file using the UNIX diff command
[WARNING] You may encounter troubles.
[WARNING] If so, please specify a path to a correct diff file
[WARNING] or implement a new way to compute a diff file.
[INFO] Computing the diff with diff commnd line
[INFO] The diff will be computed between:
[INFO] /tmp/v1/src and 
[INFO] /tmp/v2/src
[INFO] Executing: diff -ru /tmp/v1/src /tmp/v2/src from /tmp/v1/src
[INFO] Running in enhanced mode...
[INFO] Computing coverage for /tmp/v1
[WARN] Maven will be executed in interactive mode, but no input stream has been configured for this MavenInvoker instance.
WARNING: An illegal reflective access operation has occurred
WARNING: Illegal reflective access by com.google.inject.internal.cglib.core.$ReflectUtils$1 (file:/usr/share/maven/lib/guice.jar) to method java.lang.ClassLoader.defineClass(java.lang.String,byte[],int,int,java.security.ProtectionDomain)
WARNING: Please consider reporting this to the maintainers of com.google.inject.internal.cglib.core.$ReflectUtils$1
WARNING: Use --illegal-access=warn to enable warnings of further illegal reflective access operations
WARNING: All illegal access operations will be denied in a future release
[[1;34mINFO[m] Scanning for projects...
[[1;34mINFO[m] 
[[1;34mINFO[m] [1m-----------------------< [0;36mcommons-io:commons-io[0;1m >------------------------[m
[[1;34mINFO[m] [1mBuilding Commons IO 2.5-SNAPSHOT[m
[[1;34mINFO[m] [1m--------------------------------[ jar ]---------------------------------[m
[[1;34mINFO[m] 
[[1;34mINFO[m] [1m--- [0;32mmaven-clean-plugin:2.5:clean[m [1m(default-clean)[m @ [36mcommons-io[0;1m ---[m
[[1;34mINFO[m] 
[[1;34mINFO[m] [1m--- [0;32mclover-maven-plugin:4.4.1:setup[m [1m(default-cli)[m @ [36mcommons-io[0;1m ---[m
[[1;34mINFO[m] OpenClover Version 4.4.1, built on October 11 2019 (build-1020)
[[1;34mINFO[m] Creating new database at '/tmp/v1/target/clover/clover.db'.
[[1;34mINFO[m] Processing files at 1.9 source level.
[[1;34mINFO[m] Clover all over. Instrumented 103 files (6 packages).
[[1;34mINFO[m] OpenClover Version 4.4.1, built on October 11 2019 (build-1020)
[[1;34mINFO[m] Updating existing database at '/tmp/v1/target/clover/clover.db'.
[[1;34mINFO[m] Processing files at 1.9 source level.
[[1;34mINFO[m] Clover all over. Instrumented 95 files (8 packages).
[[1;34mINFO[m] 885 test methods detected.
[[1;34mINFO[m] 
[[1;34mINFO[m] [1m--- [0;32mmaven-antrun-plugin:1.7:run[m [1m(javadoc.resources)[m @ [36mcommons-io[0;1m ---[m
[[1;34mINFO[m] Executing tasks

main:
     [copy] Copying 2 files to /tmp/v1/target/apidocs/META-INF
[[1;34mINFO[m] Executed tasks
[[1;34mINFO[m] 
[[1;34mINFO[m] [1m--- [0;32mmaven-remote-resources-plugin:1.4:process[m [1m(default)[m @ [36mcommons-io[0;1m ---[m
[[1;34mINFO[m] 
[[1;34mINFO[m] [1m--- [0;32mbuildnumber-maven-plugin:1.2:create[m [1m(default)[m @ [36mcommons-io[0;1m ---[m
[[1;34mINFO[m] Checking for local modifications: skipped.
[[1;34mINFO[m] Updating project files from SCM: skipped.
[[1;34mINFO[m] Executing: /bin/sh -c cd /tmp/v1 && svn --non-interactive info
[[1;34mINFO[m] Working directory: /tmp/v1
[[1;34mINFO[m] Storing buildNumber: ?????? at timestamp: 1610558246637
[[1;34mINFO[m] Executing: /bin/sh -c cd /tmp/v1 && svn --non-interactive info
[[1;34mINFO[m] Working directory: /tmp/v1
[[1;34mINFO[m] Storing buildScmBranch: UNKNOWN_BRANCH
[[1;34mINFO[m] 
[[1;34mINFO[m] [1m--- [0;32mmaven-resources-plugin:2.6:resources[m [1m(default-resources)[m @ [36mcommons-io[0;1m ---[m
[[1;34mINFO[m] Using 'iso-8859-1' encoding to copy filtered resources.
[[1;34mINFO[m] skip non existing resourceDirectory /tmp/v1/src/main/resources
[[1;34mINFO[m] Copying 2 resources to META-INF
[[1;34mINFO[m] Copying 1 resource
[[1;34mINFO[m] 
[[1;34mINFO[m] [1m--- [0;32mmaven-compiler-plugin:3.0:compile[m [1m(default-compile)[m @ [36mcommons-io[0;1m ---[m
[[1;34mINFO[m] Changes detected - recompiling the module!
[[1;34mINFO[m] Compiling 103 source files to /tmp/v1/target/classes
[[1;33mWARNING[m] /tmp/v1/target/clover/src-instrumented/org/apache/commons/io/input/ClassLoaderObjectInputStream.java: Some input files use or override a deprecated API.
[[1;33mWARNING[m] /tmp/v1/target/clover/src-instrumented/org/apache/commons/io/input/ClassLoaderObjectInputStream.java: Recompile with -Xlint:deprecation for details.
[[1;34mINFO[m] 
[[1;34mINFO[m] [1m--- [0;32mmaven-bundle-plugin:2.3.7:manifest[m [1m(bundle-manifest)[m @ [36mcommons-io[0;1m ---[m
[[1;34mINFO[m] 
[[1;34mINFO[m] [1m--- [0;32mmaven-resources-plugin:2.6:testResources[m [1m(default-testResources)[m @ [36mcommons-io[0;1m ---[m
[[1;34mINFO[m] Using 'iso-8859-1' encoding to copy filtered resources.
[[1;34mINFO[m] Copying 15 resources
[[1;34mINFO[m] Copying 2 resources to META-INF
[[1;34mINFO[m] 
[[1;34mINFO[m] [1m--- [0;32mmaven-compiler-plugin:3.0:testCompile[m [1m(default-testCompile)[m @ [36mcommons-io[0;1m ---[m
[[1;34mINFO[m] Changes detected - recompiling the module!
[[1;34mINFO[m] Compiling 95 source files to /tmp/v1/target/test-classes
[[1;33mWARNING[m] /tmp/v1/target/clover/src-test-instrumented/org/apache/commons/io/filefilter/FileFilterTestCase.java: Some input files use or override a deprecated API.
[[1;33mWARNING[m] /tmp/v1/target/clover/src-test-instrumented/org/apache/commons/io/filefilter/FileFilterTestCase.java: Recompile with -Xlint:deprecation for details.
[[1;34mINFO[m] 
[[1;34mINFO[m] [1m--- [0;32mmaven-surefire-plugin:2.13:test[m [1m(default-test)[m @ [36mcommons-io[0;1m ---[m
[[1;34mINFO[m] Surefire report directory: /tmp/v1/target/surefire-reports

-------------------------------------------------------
 T E S T S
-------------------------------------------------------

-------------------------------------------------------
 T E S T S
-------------------------------------------------------
Running org.apache.commons.io.FileUtilsFileNewerTestCase
Tests run: 5, Failures: 0, Errors: 0, Skipped: 0, Time elapsed: 0.083 sec
Running org.apache.commons.io.CopyUtilsTest
Tests run: 11, Failures: 0, Errors: 0, Skipped: 0, Time elapsed: 0.108 sec
Running org.apache.commons.io.LineIteratorTestCase
Tests run: 16, Failures: 0, Errors: 0, Skipped: 0, Time elapsed: 0.115 sec
Running org.apache.commons.io.ThreadMonitorTestCase
Tests run: 3, Failures: 0, Errors: 0, Skipped: 0, Time elapsed: 0.473 sec
Running org.apache.commons.io.FileUtilsCleanSymlinksTestCase
Tests run: 7, Failures: 0, Errors: 0, Skipped: 0, Time elapsed: 0.11 sec
Running org.apache.commons.io.EndianUtilsTest
Tests run: 22, Failures: 0, Errors: 0, Skipped: 0, Time elapsed: 0.091 sec
Running org.apache.commons.io.HexDumpTest
Tests run: 1, Failures: 0, Errors: 0, Skipped: 0, Time elapsed: 0.071 sec
Running org.apache.commons.io.DirectoryWalkerTestCase
Tests run: 15, Failures: 0, Errors: 0, Skipped: 0, Time elapsed: 0.127 sec
Running org.apache.commons.io.IOUtilsCopyTestCase
Tests run: 23, Failures: 0, Errors: 0, Skipped: 0, Time elapsed: 0.459 sec
Running org.apache.commons.io.FilenameUtilsWildcardTestCase
Tests run: 7, Failures: 0, Errors: 0, Skipped: 0, Time elapsed: 0.203 sec
Running org.apache.commons.io.FileUtilsCleanDirectoryTestCase
Tests run: 5, Failures: 0, Errors: 0, Skipped: 0, Time elapsed: 0.115 sec
Running org.apache.commons.io.FilenameUtilsTestCase
Tests run: 30, Failures: 0, Errors: 0, Skipped: 0, Time elapsed: 0.154 sec
Running org.apache.commons.io.CharsetsTestCase
Tests run: 8, Failures: 0, Errors: 0, Skipped: 0, Time elapsed: 0.091 sec
Running org.apache.commons.io.FileUtilsWaitForTestCase
Tests run: 1, Failures: 0, Errors: 0, Skipped: 0, Time elapsed: 5.385 sec
Running org.apache.commons.io.DirectoryWalkerTestCaseJava4
Tests run: 14, Failures: 0, Errors: 0, Skipped: 0, Time elapsed: 0.104 sec
Running org.apache.commons.io.IOUtilsWriteTestCase
Tests run: 53, Failures: 0, Errors: 0, Skipped: 0, Time elapsed: 0.176 sec
Running org.apache.commons.io.FileUtilsTestCase
Tests run: 131, Failures: 0, Errors: 0, Skipped: 0, Time elapsed: 2.377 sec
Running org.apache.commons.io.DemuxTestCase
Tests run: 2, Failures: 0, Errors: 0, Skipped: 0, Time elapsed: 0.282 sec
Running org.apache.commons.io.IOCaseTestCase
Tests run: 17, Failures: 0, Errors: 0, Skipped: 0, Time elapsed: 0.104 sec
Running org.apache.commons.io.filefilter.OrFileFilterTestCase
Tests run: 5, Failures: 0, Errors: 0, Skipped: 0, Time elapsed: 0.084 sec
Running org.apache.commons.io.filefilter.RegexFileFilterTestCase
Tests run: 1, Failures: 0, Errors: 0, Skipped: 0, Time elapsed: 0.085 sec
Running org.apache.commons.io.filefilter.AndFileFilterTestCase
Tests run: 5, Failures: 0, Errors: 0, Skipped: 0, Time elapsed: 0.079 sec
Running org.apache.commons.io.filefilter.FileFilterTestCase
Tests run: 47, Failures: 0, Errors: 0, Skipped: 0, Time elapsed: 2.176 sec
Running org.apache.commons.io.ByteOrderMarkTestCase
Tests run: 9, Failures: 0, Errors: 0, Skipped: 0, Time elapsed: 0.08 sec
Running org.apache.commons.io.monitor.FileAlterationObserverTestCase
Tests run: 7, Failures: 0, Errors: 0, Skipped: 0, Time elapsed: 4.643 sec
Running org.apache.commons.io.monitor.FileAlterationMonitorTestCase
Tests run: 4, Failures: 0, Errors: 0, Skipped: 0, Time elapsed: 0.698 sec
Running org.apache.commons.io.IOUtilsTestCase
Tests run: 73, Failures: 0, Errors: 0, Skipped: 0, Time elapsed: 0.236 sec
Running org.apache.commons.io.FileCleaningTrackerTestCase
Tests run: 9, Failures: 0, Errors: 0, Skipped: 0, Time elapsed: 4.194 sec
Running org.apache.commons.io.FileDeleteStrategyTestCase
Tests run: 5, Failures: 0, Errors: 0, Skipped: 0, Time elapsed: 0.092 sec
Running org.apache.commons.io.FileSystemUtilsTestCase
Tests run: 28, Failures: 0, Errors: 0, Skipped: 0, Time elapsed: 0.141 sec
Running org.apache.commons.io.IOExceptionWithCauseTestCase
Tests run: 2, Failures: 0, Errors: 0, Skipped: 0, Time elapsed: 0.073 sec
Running org.apache.commons.io.FileCleanerTestCase
Tests run: 9, Failures: 0, Errors: 0, Skipped: 0, Time elapsed: 4.2 sec
Running org.apache.commons.io.comparator.LastModifiedFileComparatorTest
Tests run: 7, Failures: 0, Errors: 0, Skipped: 0, Time elapsed: 4.31 sec
Running org.apache.commons.io.comparator.CompositeFileComparatorTest
Tests run: 10, Failures: 0, Errors: 0, Skipped: 0, Time elapsed: 0.096 sec
Running org.apache.commons.io.comparator.SizeFileComparatorTest
Tests run: 9, Failures: 0, Errors: 0, Skipped: 0, Time elapsed: 0.099 sec
Running org.apache.commons.io.comparator.PathFileComparatorTest
Tests run: 8, Failures: 0, Errors: 0, Skipped: 0, Time elapsed: 0.091 sec
Running org.apache.commons.io.comparator.DefaultFileComparatorTest
Tests run: 7, Failures: 0, Errors: 0, Skipped: 0, Time elapsed: 0.101 sec
Running org.apache.commons.io.comparator.DirectoryFileComparatorTest
Tests run: 7, Failures: 0, Errors: 0, Skipped: 0, Time elapsed: 0.081 sec
Running org.apache.commons.io.comparator.NameFileComparatorTest
Tests run: 8, Failures: 0, Errors: 0, Skipped: 0, Time elapsed: 0.092 sec
Running org.apache.commons.io.comparator.ExtensionFileComparatorTest
Tests run: 8, Failures: 0, Errors: 0, Skipped: 0, Time elapsed: 0.095 sec
Running org.apache.commons.io.FileUtilsListFilesTestCase
Tests run: 3, Failures: 0, Errors: 0, Skipped: 0, Time elapsed: 0.097 sec
Running org.apache.commons.io.TaggedIOExceptionTest
Tests run: 1, Failures: 0, Errors: 0, Skipped: 0, Time elapsed: 0.077 sec
Running org.apache.commons.io.input.CharSequenceInputStreamTest
Tests run: 29, Failures: 2, Errors: 0, Skipped: 8, Time elapsed: 0.22 sec <<< FAILURE!
testIO_356_Loop_UTF8(org.apache.commons.io.input.CharSequenceInputStreamTest)  Time elapsed: 0.007 sec  <<< FAILURE!
org.junit.internal.ArrayComparisonFailure: bufferSize=4 dataSize=1: arrays first differed at element [0]; expected:<65> but was:<66>
	at org.junit.internal.ComparisonCriteria.arrayEquals(ComparisonCriteria.java:50)
	at org.junit.Assert.internalArrayEquals(Assert.java:473)
	at org.junit.Assert.assertArrayEquals(Assert.java:294)
	at org.apache.commons.io.input.CharSequenceInputStreamTest.testIO_356(CharSequenceInputStreamTest.java:156)
	at org.apache.commons.io.input.CharSequenceInputStreamTest.testIO_356_Loop(CharSequenceInputStreamTest.java:203)
	at org.apache.commons.io.input.CharSequenceInputStreamTest.__CLR4_4_1b0q8ldbry(CharSequenceInputStreamTest.java:215)
	at org.apache.commons.io.input.CharSequenceInputStreamTest.testIO_356_Loop_UTF8(CharSequenceInputStreamTest.java:214)

testIO_356_Loop_UTF16(org.apache.commons.io.input.CharSequenceInputStreamTest)  Time elapsed: 0.002 sec  <<< FAILURE!
org.junit.internal.ArrayComparisonFailure: bufferSize=4 dataSize=1: arrays first differed at element [0]; expected:<-2> but was:<-1>
	at org.junit.internal.ComparisonCriteria.arrayEquals(ComparisonCriteria.java:50)
	at org.junit.Assert.internalArrayEquals(Assert.java:473)
	at org.junit.Assert.assertArrayEquals(Assert.java:294)
	at org.apache.commons.io.input.CharSequenceInputStreamTest.testIO_356(CharSequenceInputStreamTest.java:156)
	at org.apache.commons.io.input.CharSequenceInputStreamTest.testIO_356_Loop(CharSequenceInputStreamTest.java:203)
	at org.apache.commons.io.input.CharSequenceInputStreamTest.__CLR4_4_1npazjqbrw(CharSequenceInputStreamTest.java:210)
	at org.apache.commons.io.input.CharSequenceInputStreamTest.testIO_356_Loop_UTF16(CharSequenceInputStreamTest.java:209)

Running org.apache.commons.io.input.XmlStreamReaderTest
Tests run: 15, Failures: 0, Errors: 0, Skipped: 0, Time elapsed: 0.47 sec
Running org.apache.commons.io.input.BoundedInputStreamTest
Tests run: 2, Failures: 0, Errors: 0, Skipped: 0, Time elapsed: 0.068 sec
Running org.apache.commons.io.input.TeeInputStreamTest
Tests run: 7, Failures: 0, Errors: 0, Skipped: 0, Time elapsed: 0.077 sec
Running org.apache.commons.io.input.AutoCloseInputStreamTest
Tests run: 4, Failures: 0, Errors: 0, Skipped: 0, Time elapsed: 0.068 sec
Running org.apache.commons.io.input.SwappedDataInputStreamTest
Tests run: 14, Failures: 0, Errors: 0, Skipped: 0, Time elapsed: 0.086 sec
Running org.apache.commons.io.input.BOMInputStreamTest
Tests run: 42, Failures: 0, Errors: 0, Skipped: 1, Time elapsed: 0.236 sec
Running org.apache.commons.io.input.TailerTest
Elapsed: 315
Tests run: 9, Failures: 0, Errors: 0, Skipped: 0, Time elapsed: 21.239 sec
Running org.apache.commons.io.input.CharSequenceReaderTest
Tests run: 7, Failures: 0, Errors: 0, Skipped: 0, Time elapsed: 0.084 sec
Running org.apache.commons.io.input.NullReaderTest
Tests run: 6, Failures: 0, Errors: 0, Skipped: 0, Time elapsed: 0.079 sec
Running org.apache.commons.io.input.CountingInputStreamTest
Tests run: 10, Failures: 0, Errors: 0, Skipped: 0, Time elapsed: 0.29 sec
Running org.apache.commons.io.input.NullInputStreamTest
Tests run: 6, Failures: 0, Errors: 0, Skipped: 0, Time elapsed: 0.079 sec
Running org.apache.commons.io.input.compatibility.XmlStreamReaderUtilitiesCompatibilityTest
Tests run: 11, Failures: 0, Errors: 0, Skipped: 0, Time elapsed: 0.121 sec
Running org.apache.commons.io.input.ReaderInputStreamTest
Tests run: 8, Failures: 0, Errors: 0, Skipped: 0, Time elapsed: 0.095 sec
Running org.apache.commons.io.input.ReversedLinesFileReaderTestParamBlockSize
Tests run: 65, Failures: 0, Errors: 0, Skipped: 0, Time elapsed: 0.41 sec
Running org.apache.commons.io.input.CloseShieldInputStreamTest
Tests run: 1, Failures: 0, Errors: 0, Skipped: 0, Time elapsed: 0.072 sec
Running org.apache.commons.io.input.ReversedLinesFileReaderTestSimple
Tests run: 3, Failures: 0, Errors: 0, Skipped: 0, Time elapsed: 0.099 sec
Running org.apache.commons.io.input.ClassLoaderObjectInputStreamTest
Tests run: 6, Failures: 0, Errors: 0, Skipped: 0, Time elapsed: 0.082 sec
Running org.apache.commons.io.input.TaggedInputStreamTest
Tests run: 4, Failures: 0, Errors: 0, Skipped: 0, Time elapsed: 0.096 sec
Running org.apache.commons.io.input.ProxyReaderTest
Tests run: 2, Failures: 0, Errors: 0, Skipped: 0, Time elapsed: 0.085 sec
Running org.apache.commons.io.input.BrokenInputStreamTest
Tests run: 5, Failures: 0, Errors: 0, Skipped: 0, Time elapsed: 0.087 sec
Running org.apache.commons.io.input.ClosedInputStreamTest
Tests run: 1, Failures: 0, Errors: 0, Skipped: 0, Time elapsed: 0.069 sec
Running org.apache.commons.io.input.XmlStreamReaderUtilitiesTest
Tests run: 11, Failures: 0, Errors: 0, Skipped: 0, Time elapsed: 0.122 sec
Running org.apache.commons.io.input.ReversedLinesFileReaderTestParamFile
Tests run: 13, Failures: 0, Errors: 0, Skipped: 0, Time elapsed: 0.211 sec
Running org.apache.commons.io.FileUtilsDirectoryContainsTestCase
Tests run: 10, Failures: 0, Errors: 0, Skipped: 0, Time elapsed: 0.103 sec
Running org.apache.commons.io.output.WriterOutputStreamTest
Tests run: 12, Failures: 0, Errors: 0, Skipped: 0, Time elapsed: 0.091 sec
Running org.apache.commons.io.output.ClosedOutputStreamTest
Tests run: 1, Failures: 0, Errors: 0, Skipped: 0, Time elapsed: 0.068 sec
Running org.apache.commons.io.output.ByteArrayOutputStreamTestCase
Tests run: 3, Failures: 0, Errors: 0, Skipped: 0, Time elapsed: 0.098 sec
Running org.apache.commons.io.output.CountingOutputStreamTest
Tests run: 2, Failures: 0, Errors: 0, Skipped: 0, Time elapsed: 0.277 sec
Running org.apache.commons.io.output.CloseShieldOutputStreamTest
Tests run: 1, Failures: 0, Errors: 0, Skipped: 0, Time elapsed: 0.077 sec
Running org.apache.commons.io.output.FileWriterWithEncodingTest
Tests run: 6, Failures: 0, Errors: 0, Skipped: 0, Time elapsed: 0.112 sec
Running org.apache.commons.io.output.LockableFileWriterTest
Tests run: 7, Failures: 0, Errors: 0, Skipped: 0, Time elapsed: 0.096 sec
Running org.apache.commons.io.output.TaggedOutputStreamTest
Tests run: 3, Failures: 0, Errors: 0, Skipped: 0, Time elapsed: 0.075 sec
Running org.apache.commons.io.output.DeferredFileOutputStreamTest
Tests run: 10, Failures: 0, Errors: 0, Skipped: 0, Time elapsed: 0.086 sec
Running org.apache.commons.io.output.NullOutputStreamTest
Tests run: 1, Failures: 0, Errors: 0, Skipped: 0, Time elapsed: 0.07 sec
Running org.apache.commons.io.output.XmlStreamWriterTest
Tests run: 12, Failures: 0, Errors: 0, Skipped: 0, Time elapsed: 0.132 sec
Running org.apache.commons.io.output.StringBuilderWriterTest
Tests run: 12, Failures: 0, Errors: 0, Skipped: 0, Time elapsed: 0.091 sec
Running org.apache.commons.io.output.NullWriterTest
Tests run: 1, Failures: 0, Errors: 0, Skipped: 0, Time elapsed: 0.07 sec
Running org.apache.commons.io.output.BrokenOutputStreamTest
Tests run: 3, Failures: 0, Errors: 0, Skipped: 0, Time elapsed: 0.074 sec
Running org.apache.commons.io.output.ProxyWriterTest
Tests run: 8, Failures: 0, Errors: 0, Skipped: 0, Time elapsed: 0.081 sec
Running org.apache.commons.io.output.ProxyOutputStreamTest
Tests run: 2, Failures: 0, Errors: 0, Skipped: 0, Time elapsed: 0.073 sec
Running org.apache.commons.io.output.TeeOutputStreamTest
Tests run: 3, Failures: 0, Errors: 0, Skipped: 0, Time elapsed: 0.081 sec

Results :

Failed tests: 
  CharSequenceInputStreamTest.testIO_356_Loop_UTF8:214->__CLR4_4_1b0q8ldbry:215->testIO_356_Loop:203->testIO_356:156 bufferSize=4 dataSize=1: arrays first differed at element [0]; expected:<65> but was:<66>
  CharSequenceInputStreamTest.testIO_356_Loop_UTF16:209->__CLR4_4_1npazjqbrw:210->testIO_356_Loop:203->testIO_356:156 bufferSize=4 dataSize=1: arrays first differed at element [0]; expected:<-2> but was:<-1>

Tests run: 1021, Failures: 2, Errors: 0, Skipped: 9

[[1;34mINFO[m] [1m------------------------------------------------------------------------[m
[[1;34mINFO[m] [1;31mBUILD FAILURE[m
[[1;34mINFO[m] [1m------------------------------------------------------------------------[m
[[1;34mINFO[m] Total time:  01:26 min
[[1;34mINFO[m] Finished at: 2021-01-13T18:18:49+01:00
[[1;34mINFO[m] [1m------------------------------------------------------------------------[m
[[1;31mERROR[m] Failed to execute goal [32morg.apache.maven.plugins:maven-surefire-plugin:2.13:test[m [1m(default-test)[m on project [36mcommons-io[m: [1;31mThere are test failures.[m
[[1;31mERROR[m] [1;31m[m
[[1;31mERROR[m] [1;31mPlease refer to /tmp/v1/target/surefire-reports for the individual test results.[m
[[1;31mERROR[m] -> [1m[Help 1][m
[[1;31mERROR[m] 
[[1;31mERROR[m] To see the full stack trace of the errors, re-run Maven with the [1m-e[m switch.
[[1;31mERROR[m] Re-run Maven using the [1m-X[m switch to enable full debug logging.
[[1;31mERROR[m] 
[[1;31mERROR[m] For more information about the errors and possible solutions, please read the following articles:
[[1;31mERROR[m] [1m[Help 1][m http://cwiki.apache.org/confluence/display/MAVEN/MojoFailureException
Writing HTML report to '/tmp/v1/target/clover/report'
Done. Processed 8 packages in 3123ms (390ms per package).
[INFO] Computing coverage for /tmp/v2/
[WARN] Maven will be executed in interactive mode, but no input stream has been configured for this MavenInvoker instance.
WARNING: An illegal reflective access operation has occurred
WARNING: Illegal reflective access by com.google.inject.internal.cglib.core.$ReflectUtils$1 (file:/usr/share/maven/lib/guice.jar) to method java.lang.ClassLoader.defineClass(java.lang.String,byte[],int,int,java.security.ProtectionDomain)
WARNING: Please consider reporting this to the maintainers of com.google.inject.internal.cglib.core.$ReflectUtils$1
WARNING: Use --illegal-access=warn to enable warnings of further illegal reflective access operations
WARNING: All illegal access operations will be denied in a future release
[[1;34mINFO[m] Scanning for projects...
[[1;34mINFO[m] 
[[1;34mINFO[m] [1m-----------------------< [0;36mcommons-io:commons-io[0;1m >------------------------[m
[[1;34mINFO[m] [1mBuilding Commons IO 2.5-SNAPSHOT[m
[[1;34mINFO[m] [1m--------------------------------[ jar ]---------------------------------[m
[[1;34mINFO[m] 
[[1;34mINFO[m] [1m--- [0;32mmaven-clean-plugin:2.5:clean[m [1m(default-clean)[m @ [36mcommons-io[0;1m ---[m
[[1;34mINFO[m] Deleting /tmp/v2/target
[[1;34mINFO[m] 
[[1;34mINFO[m] [1m--- [0;32mclover-maven-plugin:4.4.1:setup[m [1m(default-cli)[m @ [36mcommons-io[0;1m ---[m
[[1;34mINFO[m] OpenClover Version 4.4.1, built on October 11 2019 (build-1020)
[[1;34mINFO[m] Creating new database at '/tmp/v2/target/clover/clover.db'.
[[1;34mINFO[m] Processing files at 1.9 source level.
[[1;34mINFO[m] Clover all over. Instrumented 103 files (6 packages).
[[1;34mINFO[m] OpenClover Version 4.4.1, built on October 11 2019 (build-1020)
[[1;34mINFO[m] Updating existing database at '/tmp/v2/target/clover/clover.db'.
[[1;34mINFO[m] Processing files at 1.9 source level.
[[1;34mINFO[m] Clover all over. Instrumented 95 files (8 packages).
[[1;34mINFO[m] 885 test methods detected.
[[1;34mINFO[m] 
[[1;34mINFO[m] [1m--- [0;32mmaven-antrun-plugin:1.7:run[m [1m(javadoc.resources)[m @ [36mcommons-io[0;1m ---[m
[[1;34mINFO[m] Executing tasks

main:
     [copy] Copying 2 files to /tmp/v2/target/apidocs/META-INF
[[1;34mINFO[m] Executed tasks
[[1;34mINFO[m] 
[[1;34mINFO[m] [1m--- [0;32mmaven-remote-resources-plugin:1.4:process[m [1m(default)[m @ [36mcommons-io[0;1m ---[m
[[1;34mINFO[m] 
[[1;34mINFO[m] [1m--- [0;32mbuildnumber-maven-plugin:1.2:create[m [1m(default)[m @ [36mcommons-io[0;1m ---[m
[[1;34mINFO[m] Checking for local modifications: skipped.
[[1;34mINFO[m] Updating project files from SCM: skipped.
[[1;34mINFO[m] Executing: /bin/sh -c cd /tmp/v2 && svn --non-interactive info
[[1;34mINFO[m] Working directory: /tmp/v2
[[1;34mINFO[m] Storing buildNumber: ?????? at timestamp: 1610558338232
[[1;34mINFO[m] Executing: /bin/sh -c cd /tmp/v2 && svn --non-interactive info
[[1;34mINFO[m] Working directory: /tmp/v2
[[1;34mINFO[m] Storing buildScmBranch: UNKNOWN_BRANCH
[[1;34mINFO[m] 
[[1;34mINFO[m] [1m--- [0;32mmaven-resources-plugin:2.6:resources[m [1m(default-resources)[m @ [36mcommons-io[0;1m ---[m
[[1;34mINFO[m] Using 'iso-8859-1' encoding to copy filtered resources.
[[1;34mINFO[m] skip non existing resourceDirectory /tmp/v2/src/main/resources
[[1;34mINFO[m] Copying 2 resources to META-INF
[[1;34mINFO[m] Copying 1 resource
[[1;34mINFO[m] 
[[1;34mINFO[m] [1m--- [0;32mmaven-compiler-plugin:3.0:compile[m [1m(default-compile)[m @ [36mcommons-io[0;1m ---[m
[[1;34mINFO[m] Changes detected - recompiling the module!
[[1;34mINFO[m] Compiling 103 source files to /tmp/v2/target/classes
[[1;33mWARNING[m] /tmp/v2/target/clover/src-instrumented/org/apache/commons/io/input/AutoCloseInputStream.java: Some input files use or override a deprecated API.
[[1;33mWARNING[m] /tmp/v2/target/clover/src-instrumented/org/apache/commons/io/input/AutoCloseInputStream.java: Recompile with -Xlint:deprecation for details.
[[1;34mINFO[m] 
[[1;34mINFO[m] [1m--- [0;32mmaven-bundle-plugin:2.3.7:manifest[m [1m(bundle-manifest)[m @ [36mcommons-io[0;1m ---[m
[[1;34mINFO[m] 
[[1;34mINFO[m] [1m--- [0;32mmaven-resources-plugin:2.6:testResources[m [1m(default-testResources)[m @ [36mcommons-io[0;1m ---[m
[[1;34mINFO[m] Using 'iso-8859-1' encoding to copy filtered resources.
[[1;34mINFO[m] Copying 15 resources
[[1;34mINFO[m] Copying 2 resources to META-INF
[[1;34mINFO[m] 
[[1;34mINFO[m] [1m--- [0;32mmaven-compiler-plugin:3.0:testCompile[m [1m(default-testCompile)[m @ [36mcommons-io[0;1m ---[m
[[1;34mINFO[m] Changes detected - recompiling the module!
[[1;34mINFO[m] Compiling 95 source files to /tmp/v2/target/test-classes
[[1;33mWARNING[m] /tmp/v2/target/clover/src-test-instrumented/org/apache/commons/io/input/ReaderInputStreamTest.java: Some input files use or override a deprecated API.
[[1;33mWARNING[m] /tmp/v2/target/clover/src-test-instrumented/org/apache/commons/io/input/ReaderInputStreamTest.java: Recompile with -Xlint:deprecation for details.
[[1;34mINFO[m] 
[[1;34mINFO[m] [1m--- [0;32mmaven-surefire-plugin:2.13:test[m [1m(default-test)[m @ [36mcommons-io[0;1m ---[m
[[1;34mINFO[m] Surefire report directory: /tmp/v2/target/surefire-reports

-------------------------------------------------------
 T E S T S
-------------------------------------------------------

-------------------------------------------------------
 T E S T S
-------------------------------------------------------
Running org.apache.commons.io.FileUtilsFileNewerTestCase
Tests run: 5, Failures: 0, Errors: 0, Skipped: 0, Time elapsed: 0.087 sec
Running org.apache.commons.io.CopyUtilsTest
Tests run: 11, Failures: 0, Errors: 0, Skipped: 0, Time elapsed: 0.099 sec
Running org.apache.commons.io.LineIteratorTestCase
Tests run: 16, Failures: 0, Errors: 0, Skipped: 0, Time elapsed: 0.119 sec
Running org.apache.commons.io.ThreadMonitorTestCase
Tests run: 3, Failures: 0, Errors: 0, Skipped: 0, Time elapsed: 0.476 sec
Running org.apache.commons.io.FileUtilsCleanSymlinksTestCase
Tests run: 7, Failures: 0, Errors: 0, Skipped: 0, Time elapsed: 0.115 sec
Running org.apache.commons.io.EndianUtilsTest
Tests run: 22, Failures: 0, Errors: 0, Skipped: 0, Time elapsed: 0.094 sec
Running org.apache.commons.io.HexDumpTest
Tests run: 1, Failures: 0, Errors: 0, Skipped: 0, Time elapsed: 0.08 sec
Running org.apache.commons.io.DirectoryWalkerTestCase
Tests run: 15, Failures: 0, Errors: 0, Skipped: 0, Time elapsed: 0.13 sec
Running org.apache.commons.io.IOUtilsCopyTestCase
Tests run: 23, Failures: 0, Errors: 0, Skipped: 0, Time elapsed: 0.445 sec
Running org.apache.commons.io.FilenameUtilsWildcardTestCase
Tests run: 7, Failures: 0, Errors: 0, Skipped: 0, Time elapsed: 0.155 sec
Running org.apache.commons.io.FileUtilsCleanDirectoryTestCase
Tests run: 5, Failures: 0, Errors: 0, Skipped: 0, Time elapsed: 0.113 sec
Running org.apache.commons.io.FilenameUtilsTestCase
Tests run: 30, Failures: 0, Errors: 0, Skipped: 0, Time elapsed: 0.15 sec
Running org.apache.commons.io.CharsetsTestCase
Tests run: 8, Failures: 0, Errors: 0, Skipped: 0, Time elapsed: 0.088 sec
Running org.apache.commons.io.FileUtilsWaitForTestCase
Tests run: 1, Failures: 0, Errors: 0, Skipped: 0, Time elapsed: 5.394 sec
Running org.apache.commons.io.DirectoryWalkerTestCaseJava4
Tests run: 14, Failures: 0, Errors: 0, Skipped: 0, Time elapsed: 0.098 sec
Running org.apache.commons.io.IOUtilsWriteTestCase
Tests run: 53, Failures: 0, Errors: 0, Skipped: 0, Time elapsed: 0.155 sec
Running org.apache.commons.io.FileUtilsTestCase
Tests run: 131, Failures: 0, Errors: 0, Skipped: 0, Time elapsed: 2.371 sec
Running org.apache.commons.io.DemuxTestCase
Tests run: 2, Failures: 0, Errors: 0, Skipped: 0, Time elapsed: 0.275 sec
Running org.apache.commons.io.IOCaseTestCase
Tests run: 17, Failures: 0, Errors: 0, Skipped: 0, Time elapsed: 0.09 sec
Running org.apache.commons.io.filefilter.OrFileFilterTestCase
Tests run: 5, Failures: 0, Errors: 0, Skipped: 0, Time elapsed: 0.077 sec
Running org.apache.commons.io.filefilter.RegexFileFilterTestCase
Tests run: 1, Failures: 0, Errors: 0, Skipped: 0, Time elapsed: 0.083 sec
Running org.apache.commons.io.filefilter.AndFileFilterTestCase
Tests run: 5, Failures: 0, Errors: 0, Skipped: 0, Time elapsed: 0.08 sec
Running org.apache.commons.io.filefilter.FileFilterTestCase
Tests run: 47, Failures: 0, Errors: 0, Skipped: 0, Time elapsed: 2.166 sec
Running org.apache.commons.io.ByteOrderMarkTestCase
Tests run: 9, Failures: 0, Errors: 0, Skipped: 0, Time elapsed: 0.076 sec
Running org.apache.commons.io.monitor.FileAlterationObserverTestCase
Tests run: 7, Failures: 0, Errors: 0, Skipped: 0, Time elapsed: 4.634 sec
Running org.apache.commons.io.monitor.FileAlterationMonitorTestCase
Tests run: 4, Failures: 0, Errors: 0, Skipped: 0, Time elapsed: 0.702 sec
Running org.apache.commons.io.IOUtilsTestCase
Tests run: 73, Failures: 0, Errors: 0, Skipped: 0, Time elapsed: 0.229 sec
Running org.apache.commons.io.FileCleaningTrackerTestCase
Tests run: 9, Failures: 0, Errors: 0, Skipped: 0, Time elapsed: 4.197 sec
Running org.apache.commons.io.FileDeleteStrategyTestCase
Tests run: 5, Failures: 0, Errors: 0, Skipped: 0, Time elapsed: 0.086 sec
Running org.apache.commons.io.FileSystemUtilsTestCase
Tests run: 28, Failures: 0, Errors: 0, Skipped: 0, Time elapsed: 0.139 sec
Running org.apache.commons.io.IOExceptionWithCauseTestCase
Tests run: 2, Failures: 0, Errors: 0, Skipped: 0, Time elapsed: 0.069 sec
Running org.apache.commons.io.FileCleanerTestCase
Tests run: 9, Failures: 0, Errors: 0, Skipped: 0, Time elapsed: 4.192 sec
Running org.apache.commons.io.comparator.LastModifiedFileComparatorTest
Tests run: 7, Failures: 0, Errors: 0, Skipped: 0, Time elapsed: 4.317 sec
Running org.apache.commons.io.comparator.CompositeFileComparatorTest
Tests run: 10, Failures: 0, Errors: 0, Skipped: 0, Time elapsed: 0.101 sec
Running org.apache.commons.io.comparator.SizeFileComparatorTest
Tests run: 9, Failures: 0, Errors: 0, Skipped: 0, Time elapsed: 0.1 sec
Running org.apache.commons.io.comparator.PathFileComparatorTest
Tests run: 8, Failures: 0, Errors: 0, Skipped: 0, Time elapsed: 0.092 sec
Running org.apache.commons.io.comparator.DefaultFileComparatorTest
Tests run: 7, Failures: 0, Errors: 0, Skipped: 0, Time elapsed: 0.091 sec
Running org.apache.commons.io.comparator.DirectoryFileComparatorTest
Tests run: 7, Failures: 0, Errors: 0, Skipped: 0, Time elapsed: 0.092 sec
Running org.apache.commons.io.comparator.NameFileComparatorTest
Tests run: 8, Failures: 0, Errors: 0, Skipped: 0, Time elapsed: 0.084 sec
Running org.apache.commons.io.comparator.ExtensionFileComparatorTest
Tests run: 8, Failures: 0, Errors: 0, Skipped: 0, Time elapsed: 0.094 sec
Running org.apache.commons.io.FileUtilsListFilesTestCase
Tests run: 3, Failures: 0, Errors: 0, Skipped: 0, Time elapsed: 0.102 sec
Running org.apache.commons.io.TaggedIOExceptionTest
Tests run: 1, Failures: 0, Errors: 0, Skipped: 0, Time elapsed: 0.079 sec
Running org.apache.commons.io.input.CharSequenceInputStreamTest
Tests run: 29, Failures: 0, Errors: 0, Skipped: 8, Time elapsed: 0.205 sec
Running org.apache.commons.io.input.XmlStreamReaderTest
Tests run: 15, Failures: 0, Errors: 0, Skipped: 0, Time elapsed: 0.473 sec
Running org.apache.commons.io.input.BoundedInputStreamTest
Tests run: 2, Failures: 0, Errors: 0, Skipped: 0, Time elapsed: 0.069 sec
Running org.apache.commons.io.input.TeeInputStreamTest
Tests run: 7, Failures: 0, Errors: 0, Skipped: 0, Time elapsed: 0.069 sec
Running org.apache.commons.io.input.AutoCloseInputStreamTest
Tests run: 4, Failures: 0, Errors: 0, Skipped: 0, Time elapsed: 0.074 sec
Running org.apache.commons.io.input.SwappedDataInputStreamTest
Tests run: 14, Failures: 0, Errors: 0, Skipped: 0, Time elapsed: 0.089 sec
Running org.apache.commons.io.input.BOMInputStreamTest
Tests run: 42, Failures: 0, Errors: 0, Skipped: 1, Time elapsed: 0.264 sec
Running org.apache.commons.io.input.TailerTest
Elapsed: 322
Tests run: 9, Failures: 0, Errors: 0, Skipped: 0, Time elapsed: 21.254 sec
Running org.apache.commons.io.input.CharSequenceReaderTest
Tests run: 7, Failures: 0, Errors: 0, Skipped: 0, Time elapsed: 0.101 sec
Running org.apache.commons.io.input.NullReaderTest
Tests run: 6, Failures: 0, Errors: 0, Skipped: 0, Time elapsed: 0.082 sec
Running org.apache.commons.io.input.CountingInputStreamTest
Tests run: 10, Failures: 0, Errors: 0, Skipped: 0, Time elapsed: 0.255 sec
Running org.apache.commons.io.input.NullInputStreamTest
Tests run: 6, Failures: 0, Errors: 0, Skipped: 0, Time elapsed: 0.076 sec
Running org.apache.commons.io.input.compatibility.XmlStreamReaderUtilitiesCompatibilityTest
Tests run: 11, Failures: 0, Errors: 0, Skipped: 0, Time elapsed: 0.115 sec
Running org.apache.commons.io.input.ReaderInputStreamTest
Tests run: 8, Failures: 0, Errors: 0, Skipped: 0, Time elapsed: 0.096 sec
Running org.apache.commons.io.input.ReversedLinesFileReaderTestParamBlockSize
Tests run: 65, Failures: 0, Errors: 0, Skipped: 0, Time elapsed: 0.422 sec
Running org.apache.commons.io.input.CloseShieldInputStreamTest
Tests run: 1, Failures: 0, Errors: 0, Skipped: 0, Time elapsed: 0.071 sec
Running org.apache.commons.io.input.ReversedLinesFileReaderTestSimple
Tests run: 3, Failures: 0, Errors: 0, Skipped: 0, Time elapsed: 0.094 sec
Running org.apache.commons.io.input.ClassLoaderObjectInputStreamTest
Tests run: 6, Failures: 0, Errors: 0, Skipped: 0, Time elapsed: 0.081 sec
Running org.apache.commons.io.input.TaggedInputStreamTest
Tests run: 4, Failures: 0, Errors: 0, Skipped: 0, Time elapsed: 0.084 sec
Running org.apache.commons.io.input.ProxyReaderTest
Tests run: 2, Failures: 0, Errors: 0, Skipped: 0, Time elapsed: 0.072 sec
Running org.apache.commons.io.input.BrokenInputStreamTest
Tests run: 5, Failures: 0, Errors: 0, Skipped: 0, Time elapsed: 0.072 sec
Running org.apache.commons.io.input.ClosedInputStreamTest
Tests run: 1, Failures: 0, Errors: 0, Skipped: 0, Time elapsed: 0.078 sec
Running org.apache.commons.io.input.XmlStreamReaderUtilitiesTest
Tests run: 11, Failures: 0, Errors: 0, Skipped: 0, Time elapsed: 0.114 sec
Running org.apache.commons.io.input.ReversedLinesFileReaderTestParamFile
Tests run: 13, Failures: 0, Errors: 0, Skipped: 0, Time elapsed: 0.176 sec
Running org.apache.commons.io.FileUtilsDirectoryContainsTestCase
Tests run: 10, Failures: 0, Errors: 0, Skipped: 0, Time elapsed: 0.106 sec
Running org.apache.commons.io.output.WriterOutputStreamTest
Tests run: 12, Failures: 0, Errors: 0, Skipped: 0, Time elapsed: 0.1 sec
Running org.apache.commons.io.output.ClosedOutputStreamTest
Tests run: 1, Failures: 0, Errors: 0, Skipped: 0, Time elapsed: 0.07 sec
Running org.apache.commons.io.output.ByteArrayOutputStreamTestCase
Tests run: 3, Failures: 0, Errors: 0, Skipped: 0, Time elapsed: 0.089 sec
Running org.apache.commons.io.output.CountingOutputStreamTest
Tests run: 2, Failures: 0, Errors: 0, Skipped: 0, Time elapsed: 0.274 sec
Running org.apache.commons.io.output.CloseShieldOutputStreamTest
Tests run: 1, Failures: 0, Errors: 0, Skipped: 0, Time elapsed: 0.077 sec
Running org.apache.commons.io.output.FileWriterWithEncodingTest
Tests run: 6, Failures: 0, Errors: 0, Skipped: 0, Time elapsed: 0.105 sec
Running org.apache.commons.io.output.LockableFileWriterTest
Tests run: 7, Failures: 0, Errors: 0, Skipped: 0, Time elapsed: 0.111 sec
Running org.apache.commons.io.output.TaggedOutputStreamTest
Tests run: 3, Failures: 0, Errors: 0, Skipped: 0, Time elapsed: 0.083 sec
Running org.apache.commons.io.output.DeferredFileOutputStreamTest
Tests run: 10, Failures: 0, Errors: 0, Skipped: 0, Time elapsed: 0.098 sec
Running org.apache.commons.io.output.NullOutputStreamTest
Tests run: 1, Failures: 0, Errors: 0, Skipped: 0, Time elapsed: 0.072 sec
Running org.apache.commons.io.output.XmlStreamWriterTest
Tests run: 12, Failures: 0, Errors: 0, Skipped: 0, Time elapsed: 0.128 sec
Running org.apache.commons.io.output.StringBuilderWriterTest
Tests run: 12, Failures: 0, Errors: 0, Skipped: 0, Time elapsed: 0.083 sec
Running org.apache.commons.io.output.NullWriterTest
Tests run: 1, Failures: 0, Errors: 0, Skipped: 0, Time elapsed: 0.084 sec
Running org.apache.commons.io.output.BrokenOutputStreamTest
Tests run: 3, Failures: 0, Errors: 0, Skipped: 0, Time elapsed: 0.075 sec
Running org.apache.commons.io.output.ProxyWriterTest
Tests run: 8, Failures: 0, Errors: 0, Skipped: 0, Time elapsed: 0.081 sec
Running org.apache.commons.io.output.ProxyOutputStreamTest
Tests run: 2, Failures: 0, Errors: 0, Skipped: 0, Time elapsed: 0.074 sec
Running org.apache.commons.io.output.TeeOutputStreamTest
Tests run: 3, Failures: 0, Errors: 0, Skipped: 0, Time elapsed: 0.071 sec

Results :

Tests run: 1021, Failures: 0, Errors: 0, Skipped: 9

[[1;34mINFO[m] [1m------------------------------------------------------------------------[m
[[1;34mINFO[m] [1;32mBUILD SUCCESS[m
[[1;34mINFO[m] [1m------------------------------------------------------------------------[m
[[1;34mINFO[m] Total time:  01:25 min
[[1;34mINFO[m] Finished at: 2021-01-13T18:20:20+01:00
[[1;34mINFO[m] [1m------------------------------------------------------------------------[m
Writing HTML report to '/tmp/v2/target/clover/report'
Done. Processed 8 packages in 1985ms (248ms per package).
[INFO] /tmp/v1/src/main/java/org/apache/commons/io/input/CharSequenceInputStream.java
[INFO] /tmp/v2/src/main/java/org/apache/commons/io/input/CharSequenceInputStream.java
[INFO] org.apache.commons.io.input.CharSequenceInputStream:[213, 213, 214] are modified.
[INFO] org.apache.commons.io.input.CharSequenceInputStream:213 covered.
[INFO] org.apache.commons.io.input.CharSequenceInputStream:214 covered.
[INFO] Saving result in /tmp/v1/testsThatExecuteTheChange.csv ...
[INFO] org.apache.commons.io.input.CharSequenceInputStreamTest;testMarkReset_USASCII;testIO_356_B10_D20_S0_UTF8;testMarkReset_UTF8;testIO_356_Loop_UTF16;testIO_356_Loop_UTF8;testIO_356_B10_D10_S0_UTF8
[INFO] Writing Coverage in /tmp/v1/testsThatExecuteTheChange_coverage.csv
[INFO] org.apache.commons.io.input.CharSequenceInputStream;2;2

[INFO] total;2;2

[INFO] ------------------------------------------------------------------------
[INFO] BUILD SUCCESS
[INFO] ------------------------------------------------------------------------
[INFO] Total time:  03:02 min
[INFO] Finished at: 2021-01-13T18:20:23+01:00
[INFO] ------------------------------------------------------------------------
