[INFO] Scanning for projects...
[WARNING] 
[WARNING] Some problems were encountered while building the effective model for com.google.code.gson:gson:jar:1.7
[WARNING] 'build.plugins.plugin.version' for org.apache.maven.plugins:maven-compiler-plugin is missing. @ line 53, column 15
[WARNING] 'build.plugins.plugin.version' for org.codehaus.mojo:cobertura-maven-plugin is missing. @ line 174, column 15
[WARNING] 'build.plugins.plugin.version' for org.apache.maven.plugins:maven-jar-plugin is missing. @ line 61, column 15
[WARNING] 'build.plugins.plugin.version' for org.apache.maven.plugins:maven-jxr-plugin is missing. @ line 137, column 15
[WARNING] 'build.plugins.plugin.version' for org.apache.maven.plugins:maven-pmd-plugin is missing. @ line 141, column 15
[WARNING] 'build.plugins.plugin.version' for org.codehaus.mojo:taglist-maven-plugin is missing. @ line 162, column 15
[WARNING] 'build.plugins.plugin.version' for org.apache.maven.plugins:maven-checkstyle-plugin is missing. @ line 154, column 15
[WARNING] 'build.plugins.plugin.version' for org.apache.maven.plugins:maven-source-plugin is missing. @ line 89, column 15
[WARNING] 'build.plugins.plugin.version' for org.apache.maven.plugins:maven-javadoc-plugin is missing. @ line 103, column 16
[WARNING] 'build.plugins.plugin.version' for org.apache.maven.plugins:maven-eclipse-plugin is missing. @ line 123, column 16
[WARNING] The expression ${version} is deprecated. Please use ${project.version} instead.
[WARNING] 
[WARNING] It is highly recommended to fix these problems because they threaten the stability of your build.
[WARNING] 
[WARNING] For this reason, future Maven versions might no longer support building such malformed projects.
[WARNING] 
[INFO] 
[INFO] ---------------------< com.google.code.gson:gson >----------------------
[INFO] Building Gson 1.7
[INFO] --------------------------------[ jar ]---------------------------------
[INFO] 
[INFO] --- maven-clean-plugin:2.5:clean (default-clean) @ gson ---
[INFO] Deleting /tmp/v1/gson/target
[INFO] 
[INFO] --- cobertura-maven-plugin:2.7:clean (clean) @ gson ---
[INFO] 
[INFO] --- dspot-diff-test-selection:3.1.1-SNAPSHOT:list (default-cli) @ gson ---
[INFO] Running on:
[INFO] /tmp/v1/gson
[INFO] /tmp/v2/gson/
[WARNING] No path to diff file has been specified.
[WARNING] I'll compute a diff file using the UNIX diff command
[WARNING] You may encounter troubles.
[WARNING] If so, please specify a path to a correct diff file
[WARNING] or implement a new way to compute a diff file.
[INFO] Computing the diff with diff commnd line
[INFO] The diff will be computed between:
[INFO] /tmp/v1/gson/src and 
[INFO] /tmp/v2/gson/src
[INFO] Executing: diff -ru /tmp/v1/gson/src /tmp/v2/gson/src from /tmp/v1/gson/src
[INFO] Running in enhanced mode...
[INFO] Computing coverage for /tmp/v1/gson
[WARN] Maven will be executed in interactive mode, but no input stream has been configured for this MavenInvoker instance.
[[1;34mINFO[m] Scanning for projects...
[[1;33mWARNING[m] 
[[1;33mWARNING[m] Some problems were encountered while building the effective model for com.google.code.gson:gson:jar:1.7
[[1;33mWARNING[m] 'build.plugins.plugin.version' for org.apache.maven.plugins:maven-compiler-plugin is missing. @ line 53, column 15
[[1;33mWARNING[m] 'build.plugins.plugin.version' for org.codehaus.mojo:cobertura-maven-plugin is missing. @ line 174, column 15
[[1;33mWARNING[m] 'build.plugins.plugin.version' for org.apache.maven.plugins:maven-jar-plugin is missing. @ line 61, column 15
[[1;33mWARNING[m] 'build.plugins.plugin.version' for org.apache.maven.plugins:maven-jxr-plugin is missing. @ line 137, column 15
[[1;33mWARNING[m] 'build.plugins.plugin.version' for org.apache.maven.plugins:maven-pmd-plugin is missing. @ line 141, column 15
[[1;33mWARNING[m] 'build.plugins.plugin.version' for org.codehaus.mojo:taglist-maven-plugin is missing. @ line 162, column 15
[[1;33mWARNING[m] 'build.plugins.plugin.version' for org.apache.maven.plugins:maven-checkstyle-plugin is missing. @ line 154, column 15
[[1;33mWARNING[m] 'build.plugins.plugin.version' for org.apache.maven.plugins:maven-source-plugin is missing. @ line 89, column 15
[[1;33mWARNING[m] 'build.plugins.plugin.version' for org.apache.maven.plugins:maven-javadoc-plugin is missing. @ line 103, column 16
[[1;33mWARNING[m] 'build.plugins.plugin.version' for org.apache.maven.plugins:maven-eclipse-plugin is missing. @ line 123, column 16
[[1;33mWARNING[m] The expression ${version} is deprecated. Please use ${project.version} instead.
[[1;33mWARNING[m] 
[[1;33mWARNING[m] It is highly recommended to fix these problems because they threaten the stability of your build.
[[1;33mWARNING[m] 
[[1;33mWARNING[m] For this reason, future Maven versions might no longer support building such malformed projects.
[[1;33mWARNING[m] 
[[1;34mINFO[m] 
[[1;34mINFO[m] [1m---------------------< [0;36mcom.google.code.gson:gson[0;1m >----------------------[m
[[1;34mINFO[m] [1mBuilding Gson 1.7[m
[[1;34mINFO[m] [1m--------------------------------[ jar ]---------------------------------[m
[[1;34mINFO[m] 
[[1;34mINFO[m] [1m--- [0;32mmaven-clean-plugin:2.5:clean[m [1m(default-clean)[m @ [36mgson[0;1m ---[m
[[1;34mINFO[m] 
[[1;34mINFO[m] [1m--- [0;32mcobertura-maven-plugin:2.7:clean[m [1m(clean)[m @ [36mgson[0;1m ---[m
[[1;34mINFO[m] Skipping cobertura execution
[[1;34mINFO[m] 
[[1;34mINFO[m] [1m--- [0;32mclover-maven-plugin:4.4.1:setup[m [1m(default-cli)[m @ [36mgson[0;1m ---[m
[[1;34mINFO[m] OpenClover Version 4.4.1, built on October 11 2019 (build-1020)
[[1;34mINFO[m] Creating new database at '/tmp/v1/gson/target/clover/clover.db'.
[[1;34mINFO[m] Processing files at 1.8 source level.
[[1;34mINFO[m] Clover all over. Instrumented 93 files (4 packages).
[[1;34mINFO[m] OpenClover Version 4.4.1, built on October 11 2019 (build-1020)
[[1;34mINFO[m] Updating existing database at '/tmp/v1/gson/target/clover/clover.db'.
[[1;34mINFO[m] Processing files at 1.8 source level.
[[1;34mINFO[m] Clover all over. Instrumented 82 files (5 packages).
[[1;34mINFO[m] 729 test methods detected.
[[1;34mINFO[m] 
[[1;34mINFO[m] [1m--- [0;32mmaven-resources-plugin:2.6:resources[m [1m(default-resources)[m @ [36mgson[0;1m ---[m
[[1;33mWARNING[m] Using platform encoding (UTF-8 actually) to copy filtered resources, i.e. build is platform dependent!
[[1;34mINFO[m] Copying 1 resource
[[1;34mINFO[m] Copying 1 resource
[[1;34mINFO[m] 
[[1;34mINFO[m] [1m--- [0;32mmaven-compiler-plugin:3.1:compile[m [1m(default-compile)[m @ [36mgson[0;1m ---[m
[[1;34mINFO[m] Changes detected - recompiling the module!
[[1;33mWARNING[m] File encoding has not been set, using platform encoding UTF-8, i.e. build is platform dependent!
[[1;34mINFO[m] Compiling 93 source files to /tmp/v1/gson/target/classes
[[1;34mINFO[m] 
[[1;34mINFO[m] [1m--- [0;32mmaven-resources-plugin:2.6:testResources[m [1m(default-testResources)[m @ [36mgson[0;1m ---[m
[[1;33mWARNING[m] Using platform encoding (UTF-8 actually) to copy filtered resources, i.e. build is platform dependent!
[[1;34mINFO[m] skip non existing resourceDirectory /tmp/v1/gson/src/test/resources
[[1;34mINFO[m] 
[[1;34mINFO[m] [1m--- [0;32mmaven-compiler-plugin:3.1:testCompile[m [1m(default-testCompile)[m @ [36mgson[0;1m ---[m
[[1;34mINFO[m] Changes detected - recompiling the module!
[[1;33mWARNING[m] File encoding has not been set, using platform encoding UTF-8, i.e. build is platform dependent!
[[1;34mINFO[m] Compiling 82 source files to /tmp/v1/gson/target/test-classes
[[1;33mWARNING[m] /tmp/v1/gson/target/clover/src-test-instrumented/com/google/gson/functional/DefaultTypeAdaptersTest.java: /tmp/v1/gson/target/clover/src-test-instrumented/com/google/gson/functional/DefaultTypeAdaptersTest.java uses or overrides a deprecated API.
[[1;33mWARNING[m] /tmp/v1/gson/target/clover/src-test-instrumented/com/google/gson/functional/DefaultTypeAdaptersTest.java: Recompile with -Xlint:deprecation for details.
[[1;33mWARNING[m] /tmp/v1/gson/target/clover/src-test-instrumented/com/google/gson/functional/MapTest.java: Some input files use unchecked or unsafe operations.
[[1;33mWARNING[m] /tmp/v1/gson/target/clover/src-test-instrumented/com/google/gson/functional/MapTest.java: Recompile with -Xlint:unchecked for details.
[[1;34mINFO[m] 
[[1;34mINFO[m] [1m--- [0;32mmaven-surefire-plugin:2.12.4:test[m [1m(default-test)[m @ [36mgson[0;1m ---[m
[[1;34mINFO[m] Surefire report directory: /tmp/v1/gson/target/surefire-reports

-------------------------------------------------------
 T E S T S
-------------------------------------------------------
Running com.google.gson.CamelCaseSeparatorNamingPolicyTest
Tests run: 5, Failures: 0, Errors: 0, Skipped: 0, Time elapsed: 0.05 sec
Running com.google.gson.DefaultDateTypeAdapterTest
Tests run: 3, Failures: 0, Errors: 0, Skipped: 0, Time elapsed: 0.027 sec
Running com.google.gson.GenericArrayTypeImplTest
Tests run: 2, Failures: 0, Errors: 0, Skipped: 0, Time elapsed: 0.007 sec
Running com.google.gson.InnerClassExclusionStrategyTest
Tests run: 4, Failures: 0, Errors: 0, Skipped: 0, Time elapsed: 0.005 sec
Running com.google.gson.UpperCamelCaseSeparatorNamingPolicyTest
Tests run: 5, Failures: 0, Errors: 0, Skipped: 0, Time elapsed: 0.006 sec
Running com.google.gson.GsonTypeAdapterTest
Tests run: 4, Failures: 0, Errors: 0, Skipped: 0, Time elapsed: 0.064 sec
Running com.google.gson.JsonFieldNameValidatorTest
Tests run: 13, Failures: 0, Errors: 0, Skipped: 0, Time elapsed: 0.01 sec
Running com.google.gson.JavaFieldNamingPolicyTest
Tests run: 2, Failures: 0, Errors: 0, Skipped: 0, Time elapsed: 0.003 sec
Running com.google.gson.common.TestTypes
Tests run: 0, Failures: 0, Errors: 0, Skipped: 0, Time elapsed: 0.001 sec
Running com.google.gson.GsonBuilderTest
Tests run: 1, Failures: 0, Errors: 0, Skipped: 0, Time elapsed: 0.002 sec
Running com.google.gson.JsonDeserializerExceptionWrapperTest
Tests run: 3, Failures: 0, Errors: 0, Skipped: 0, Time elapsed: 0.006 sec
Running com.google.gson.LowerCamelCaseSeparatorNamingPolicyTest
Tests run: 4, Failures: 0, Errors: 0, Skipped: 0, Time elapsed: 0.004 sec
Running com.google.gson.DisjunctionExclusionStrategyTest
Tests run: 3, Failures: 0, Errors: 0, Skipped: 0, Time elapsed: 0.003 sec
Running com.google.gson.ModifyFirstLetterNamingPolicyTest
Tests run: 8, Failures: 0, Errors: 0, Skipped: 0, Time elapsed: 0.005 sec
Running com.google.gson.ExposeAnnotationDeserializationExclusionStrategyTest
Tests run: 5, Failures: 0, Errors: 0, Skipped: 0, Time elapsed: 0.008 sec
Running com.google.gson.NullExclusionStrategyTest
Tests run: 2, Failures: 0, Errors: 0, Skipped: 0, Time elapsed: 0.002 sec
Running com.google.gson.FieldAttributesTest
Tests run: 6, Failures: 0, Errors: 0, Skipped: 0, Time elapsed: 0.009 sec
Running com.google.gson.TypeInfoMapTest
Tests run: 4, Failures: 0, Errors: 0, Skipped: 0, Time elapsed: 0.003 sec
Running com.google.gson.CommentsTest
Tests run: 1, Failures: 0, Errors: 0, Skipped: 0, Time elapsed: 0.003 sec
Running com.google.gson.LowerCaseNamingPolicyTest
Tests run: 3, Failures: 0, Errors: 0, Skipped: 0, Time elapsed: 0.002 sec
Running com.google.gson.TypeInfoFactoryTest
Tests run: 17, Failures: 0, Errors: 0, Skipped: 0, Time elapsed: 0.019 sec
Running com.google.gson.MemoryRefStackTest
Tests run: 4, Failures: 0, Errors: 0, Skipped: 0, Time elapsed: 0.003 sec
Running com.google.gson.JsonObjectTest
Tests run: 9, Failures: 0, Errors: 0, Skipped: 0, Time elapsed: 0.009 sec
Running com.google.gson.stream.JsonWriterTest
Tests run: 26, Failures: 0, Errors: 0, Skipped: 0, Time elapsed: 0.021 sec
Running com.google.gson.stream.JsonReaderTest
Tests run: 50, Failures: 0, Errors: 0, Skipped: 0, Time elapsed: 0.03 sec
Running com.google.gson.metrics.PerformanceTest
Tests run: 1, Failures: 0, Errors: 0, Skipped: 0, Time elapsed: 0.001 sec
Running com.google.gson.ParameterizedTypeImplTest
Tests run: 2, Failures: 0, Errors: 0, Skipped: 0, Time elapsed: 0.002 sec
Running com.google.gson.ParameterizedTypeHandlerMapTest
Jan 09, 2021 1:37:23 AM com.google.gson.ParameterizedTypeHandlerMap register
WARNING: Overriding the existing type handler for class java.lang.String
Jan 09, 2021 1:37:23 AM com.google.gson.ParameterizedTypeHandlerMap registerForTypeHierarchy
WARNING: Overriding the existing type handler for class com.google.gson.common.TestTypes$Base
Tests run: 10, Failures: 0, Errors: 0, Skipped: 0, Time elapsed: 0.013 sec
Running com.google.gson.MixedStreamTest
Tests run: 12, Failures: 0, Errors: 0, Skipped: 0, Time elapsed: 0.014 sec
Running com.google.gson.EscaperTest
Tests run: 16, Failures: 0, Errors: 0, Skipped: 0, Time elapsed: 0.012 sec
Running com.google.gson.DefaultMapJsonSerializerTest
Tests run: 2, Failures: 0, Errors: 0, Skipped: 0, Time elapsed: 0.001 sec
Running com.google.gson.VersionExclusionStrategyTest
Tests run: 4, Failures: 0, Errors: 0, Skipped: 0, Time elapsed: 0.004 sec
Running com.google.gson.UpperCaseNamingPolicyTest
Tests run: 3, Failures: 0, Errors: 0, Skipped: 0, Time elapsed: 0.002 sec
Running com.google.gson.FunctionWithInternalDependenciesTest
Tests run: 2, Failures: 0, Errors: 0, Skipped: 0, Time elapsed: 0.003 sec
Running com.google.gson.functional.InternationalizationTest
Tests run: 4, Failures: 0, Errors: 0, Skipped: 0, Time elapsed: 0.002 sec
Running com.google.gson.functional.SecurityTest
Tests run: 5, Failures: 0, Errors: 0, Skipped: 0, Time elapsed: 0.006 sec
Running com.google.gson.functional.EnumTest
Tests run: 8, Failures: 0, Errors: 0, Skipped: 0, Time elapsed: 0.009 sec
Running com.google.gson.functional.ObjectTest
Tests run: 42, Failures: 0, Errors: 0, Skipped: 0, Time elapsed: 0.055 sec
Running com.google.gson.functional.FieldExclusionTest
Tests run: 3, Failures: 0, Errors: 0, Skipped: 0, Time elapsed: 0.003 sec
Running com.google.gson.functional.ExposeFieldsTest
Tests run: 8, Failures: 0, Errors: 0, Skipped: 0, Time elapsed: 0.009 sec
Running com.google.gson.functional.ParameterizedTypesTest
Tests run: 17, Failures: 0, Errors: 0, Skipped: 0, Time elapsed: 0.031 sec
Running com.google.gson.functional.PrettyPrintingTest
Tests run: 8, Failures: 0, Errors: 0, Skipped: 0, Time elapsed: 0.01 sec
Running com.google.gson.functional.CustomTypeAdaptersTest
Tests run: 18, Failures: 0, Errors: 0, Skipped: 0, Time elapsed: 0.03 sec
Running com.google.gson.functional.ReadersWritersTest
Tests run: 8, Failures: 0, Errors: 0, Skipped: 0, Time elapsed: 0.009 sec
Running com.google.gson.functional.CircularReferenceTest
Tests run: 6, Failures: 0, Errors: 0, Skipped: 0, Time elapsed: 0.007 sec
Running com.google.gson.functional.CustomDeserializerTest
Tests run: 9, Failures: 0, Errors: 0, Skipped: 0, Time elapsed: 0.011 sec
Running com.google.gson.functional.InterfaceTest
Tests run: 2, Failures: 0, Errors: 0, Skipped: 0, Time elapsed: 0.002 sec
Running com.google.gson.functional.TypeVariableTest
Tests run: 1, Failures: 0, Errors: 0, Skipped: 0, Time elapsed: 0.002 sec
Running com.google.gson.functional.ExclusionStrategyFunctionalTest
Tests run: 2, Failures: 0, Errors: 0, Skipped: 0, Time elapsed: 0.003 sec
Running com.google.gson.functional.DefaultTypeAdaptersTest
Tests run: 41, Failures: 8, Errors: 0, Skipped: 0, Time elapsed: 0.051 sec <<< FAILURE!
testDefaultDateSerialization(com.google.gson.functional.DefaultTypeAdaptersTest)  Time elapsed: 0.007 sec  <<< FAILURE!
junit.framework.ComparisonFailure: expected:<"Jan [8, 2021 4:37:23 P]M"> but was:<"Jan [9, 2021 1:37:23 A]M">
	at junit.framework.Assert.assertEquals(Assert.java:81)
	at junit.framework.Assert.assertEquals(Assert.java:87)
	at com.google.gson.functional.DefaultTypeAdaptersTest.__CLR4_4_1pcwu253e(DefaultTypeAdaptersTest.java:214)
	at com.google.gson.functional.DefaultTypeAdaptersTest.testDefaultDateSerialization(DefaultTypeAdaptersTest.java:211)

testDefaultDateDeserialization(com.google.gson.functional.DefaultTypeAdaptersTest)  Time elapsed: 0.001 sec  <<< FAILURE!
junit.framework.AssertionFailedError: expected:<13> but was:<12>
	at junit.framework.Assert.fail(Assert.java:47)
	at junit.framework.Assert.failNotEquals(Assert.java:280)
	at junit.framework.Assert.assertEquals(Assert.java:64)
	at junit.framework.Assert.assertEquals(Assert.java:198)
	at junit.framework.Assert.assertEquals(Assert.java:204)
	at com.google.gson.functional.DefaultTypeAdaptersTest.assertEqualsDate(DefaultTypeAdaptersTest.java:230)
	at com.google.gson.functional.DefaultTypeAdaptersTest.__CLR4_4_1yqs62h53i(DefaultTypeAdaptersTest.java:220)
	at com.google.gson.functional.DefaultTypeAdaptersTest.testDefaultDateDeserialization(DefaultTypeAdaptersTest.java:217)

testDefaultJavaSqlDateDeserialization(com.google.gson.functional.DefaultTypeAdaptersTest)  Time elapsed: 0.003 sec  <<< FAILURE!
junit.framework.AssertionFailedError: expected:<3> but was:<2>
	at junit.framework.Assert.fail(Assert.java:47)
	at junit.framework.Assert.failNotEquals(Assert.java:280)
	at junit.framework.Assert.assertEquals(Assert.java:64)
	at junit.framework.Assert.assertEquals(Assert.java:198)
	at junit.framework.Assert.assertEquals(Assert.java:204)
	at com.google.gson.functional.DefaultTypeAdaptersTest.assertEqualsDate(DefaultTypeAdaptersTest.java:230)
	at com.google.gson.functional.DefaultTypeAdaptersTest.__CLR4_4_13jgoad53z(DefaultTypeAdaptersTest.java:249)
	at com.google.gson.functional.DefaultTypeAdaptersTest.testDefaultJavaSqlDateDeserialization(DefaultTypeAdaptersTest.java:246)

testDefaultJavaSqlTimestampSerialization(com.google.gson.functional.DefaultTypeAdaptersTest)  Time elapsed: 0.002 sec  <<< FAILURE!
junit.framework.ComparisonFailure: expected:<"Dec 3, 2009 1[]:18:02 PM"> but was:<"Dec 3, 2009 1[0]:18:02 PM">
	at junit.framework.Assert.assertEquals(Assert.java:81)
	at junit.framework.Assert.assertEquals(Assert.java:87)
	at com.google.gson.functional.DefaultTypeAdaptersTest.__CLR4_4_1ba8tvi543(DefaultTypeAdaptersTest.java:255)
	at com.google.gson.functional.DefaultTypeAdaptersTest.testDefaultJavaSqlTimestampSerialization(DefaultTypeAdaptersTest.java:252)

testDefaultJavaSqlTimestampDeserialization(com.google.gson.functional.DefaultTypeAdaptersTest)  Time elapsed: 0.002 sec  <<< FAILURE!
junit.framework.AssertionFailedError: expected:<13> but was:<4>
	at junit.framework.Assert.fail(Assert.java:47)
	at junit.framework.Assert.failNotEquals(Assert.java:280)
	at junit.framework.Assert.assertEquals(Assert.java:64)
	at junit.framework.Assert.assertEquals(Assert.java:198)
	at junit.framework.Assert.assertEquals(Assert.java:204)
	at com.google.gson.functional.DefaultTypeAdaptersTest.assertEqualsTime(DefaultTypeAdaptersTest.java:235)
	at com.google.gson.functional.DefaultTypeAdaptersTest.__CLR4_4_1q5eqtf547(DefaultTypeAdaptersTest.java:262)
	at com.google.gson.functional.DefaultTypeAdaptersTest.testDefaultJavaSqlTimestampDeserialization(DefaultTypeAdaptersTest.java:258)

testDefaultJavaSqlTimeSerialization(com.google.gson.functional.DefaultTypeAdaptersTest)  Time elapsed: 0.001 sec  <<< FAILURE!
junit.framework.ComparisonFailure: expected:<"[01]:18:02 PM"> but was:<"[10]:18:02 PM">
	at junit.framework.Assert.assertEquals(Assert.java:81)
	at junit.framework.Assert.assertEquals(Assert.java:87)
	at com.google.gson.functional.DefaultTypeAdaptersTest.__CLR4_4_14yt6b154c(DefaultTypeAdaptersTest.java:268)
	at com.google.gson.functional.DefaultTypeAdaptersTest.testDefaultJavaSqlTimeSerialization(DefaultTypeAdaptersTest.java:265)

testDefaultJavaSqlTimeDeserialization(com.google.gson.functional.DefaultTypeAdaptersTest)  Time elapsed: 0.002 sec  <<< FAILURE!
junit.framework.AssertionFailedError: expected:<13> but was:<4>
	at junit.framework.Assert.fail(Assert.java:47)
	at junit.framework.Assert.failNotEquals(Assert.java:280)
	at junit.framework.Assert.assertEquals(Assert.java:64)
	at junit.framework.Assert.assertEquals(Assert.java:198)
	at junit.framework.Assert.assertEquals(Assert.java:204)
	at com.google.gson.functional.DefaultTypeAdaptersTest.assertEqualsTime(DefaultTypeAdaptersTest.java:235)
	at com.google.gson.functional.DefaultTypeAdaptersTest.__CLR4_4_1b9dtkc54g(DefaultTypeAdaptersTest.java:274)
	at com.google.gson.functional.DefaultTypeAdaptersTest.testDefaultJavaSqlTimeDeserialization(DefaultTypeAdaptersTest.java:271)

testDefaultDateSerializationUsingBuilder(com.google.gson.functional.DefaultTypeAdaptersTest)  Time elapsed: 0.002 sec  <<< FAILURE!
junit.framework.ComparisonFailure: expected:<"Jan [8, 2021 4:37:23 P]M"> but was:<"Jan [9, 2021 1:37:23 A]M">
	at junit.framework.Assert.assertEquals(Assert.java:81)
	at junit.framework.Assert.assertEquals(Assert.java:87)
	at com.google.gson.functional.DefaultTypeAdaptersTest.__CLR4_4_16g7uk154k(DefaultTypeAdaptersTest.java:281)
	at com.google.gson.functional.DefaultTypeAdaptersTest.testDefaultDateSerializationUsingBuilder(DefaultTypeAdaptersTest.java:277)

Running com.google.gson.functional.NullObjectAndFieldTest
Tests run: 15, Failures: 0, Errors: 0, Skipped: 0, Time elapsed: 0.01 sec
Running com.google.gson.functional.InstanceCreatorTest
Tests run: 3, Failures: 0, Errors: 0, Skipped: 0, Time elapsed: 0.003 sec
Running com.google.gson.functional.MapTest
Tests run: 26, Failures: 0, Errors: 0, Skipped: 0, Time elapsed: 0.022 sec
Running com.google.gson.functional.VersioningTest
Tests run: 10, Failures: 0, Errors: 0, Skipped: 0, Time elapsed: 0.011 sec
Running com.google.gson.functional.InheritanceTest
Tests run: 12, Failures: 0, Errors: 0, Skipped: 0, Time elapsed: 0.011 sec
Running com.google.gson.functional.CustomSerializerTest
Tests run: 5, Failures: 0, Errors: 0, Skipped: 0, Time elapsed: 0.003 sec
Running com.google.gson.functional.EscapingTest
Tests run: 5, Failures: 0, Errors: 0, Skipped: 0, Time elapsed: 0.007 sec
Running com.google.gson.functional.CollectionTest
Tests run: 23, Failures: 0, Errors: 0, Skipped: 0, Time elapsed: 0.021 sec
Running com.google.gson.functional.JsonTreeTest
Tests run: 3, Failures: 0, Errors: 0, Skipped: 0, Time elapsed: 0.003 sec
Running com.google.gson.functional.ArrayTest
Tests run: 24, Failures: 0, Errors: 0, Skipped: 0, Time elapsed: 0.018 sec
Running com.google.gson.functional.PrintFormattingTest
Tests run: 3, Failures: 0, Errors: 0, Skipped: 0, Time elapsed: 0.003 sec
Running com.google.gson.functional.StringTest
Tests run: 19, Failures: 0, Errors: 0, Skipped: 0, Time elapsed: 0.011 sec
Running com.google.gson.functional.UncategorizedTest
Tests run: 4, Failures: 0, Errors: 0, Skipped: 0, Time elapsed: 0.004 sec
Running com.google.gson.functional.JsonParserTest
Tests run: 5, Failures: 0, Errors: 0, Skipped: 0, Time elapsed: 0.004 sec
Running com.google.gson.functional.NamingPolicyTest
Tests run: 12, Failures: 0, Errors: 0, Skipped: 0, Time elapsed: 0.012 sec
Running com.google.gson.functional.ConcurrencyTest
Tests run: 4, Failures: 0, Errors: 0, Skipped: 0, Time elapsed: 0.025 sec
Running com.google.gson.functional.PrimitiveTest
Tests run: 69, Failures: 0, Errors: 0, Skipped: 0, Time elapsed: 0.057 sec
Running com.google.gson.TypeInfoArrayTest
Tests run: 10, Failures: 0, Errors: 0, Skipped: 0, Time elapsed: 0.006 sec
Running com.google.gson.JsonStreamParserTest
Tests run: 4, Failures: 0, Errors: 0, Skipped: 0, Time elapsed: 0.002 sec
Running com.google.gson.LruCacheTest
Tests run: 3, Failures: 0, Errors: 0, Skipped: 0, Time elapsed: 0.002 sec
Running com.google.gson.JsonParserTest
Tests run: 9, Failures: 0, Errors: 0, Skipped: 0, Time elapsed: 0.005 sec
Running com.google.gson.FieldNamingStrategy2AdapterTest
Tests run: 1, Failures: 0, Errors: 0, Skipped: 0, Time elapsed: 0.001 sec
Running com.google.gson.ExposeAnnotationSerializationExclusionStrategyTest
Tests run: 5, Failures: 0, Errors: 0, Skipped: 0, Time elapsed: 0.003 sec
Running com.google.gson.TypeInfoTest
Tests run: 9, Failures: 0, Errors: 0, Skipped: 0, Time elapsed: 0.004 sec
Running com.google.gson.SerializedNameAnnotationInterceptingNamingPolicyTest
Tests run: 2, Failures: 0, Errors: 0, Skipped: 0, Time elapsed: 0.001 sec
Running com.google.gson.JsonPrimitiveTest
Tests run: 19, Failures: 0, Errors: 0, Skipped: 0, Time elapsed: 0.008 sec
Running com.google.gson.TypeUtilsTest
Tests run: 5, Failures: 0, Errors: 0, Skipped: 0, Time elapsed: 0.002 sec
Running com.google.gson.LongSerializationPolicyTest
Tests run: 2, Failures: 0, Errors: 0, Skipped: 0, Time elapsed: 0.001 sec

Results :

Failed tests:   testDefaultDateSerialization(com.google.gson.functional.DefaultTypeAdaptersTest): expected:<"Jan [8, 2021 4:37:23 P]M"> but was:<"Jan [9, 2021 1:37:23 A]M">
  testDefaultDateDeserialization(com.google.gson.functional.DefaultTypeAdaptersTest): expected:<13> but was:<12>
  testDefaultJavaSqlDateDeserialization(com.google.gson.functional.DefaultTypeAdaptersTest): expected:<3> but was:<2>
  testDefaultJavaSqlTimestampSerialization(com.google.gson.functional.DefaultTypeAdaptersTest): expected:<"Dec 3, 2009 1[]:18:02 PM"> but was:<"Dec 3, 2009 1[0]:18:02 PM">
  testDefaultJavaSqlTimestampDeserialization(com.google.gson.functional.DefaultTypeAdaptersTest): expected:<13> but was:<4>
  testDefaultJavaSqlTimeSerialization(com.google.gson.functional.DefaultTypeAdaptersTest): expected:<"[01]:18:02 PM"> but was:<"[10]:18:02 PM">
  testDefaultJavaSqlTimeDeserialization(com.google.gson.functional.DefaultTypeAdaptersTest): expected:<13> but was:<4>
  testDefaultDateSerializationUsingBuilder(com.google.gson.functional.DefaultTypeAdaptersTest): expected:<"Jan [8, 2021 4:37:23 P]M"> but was:<"Jan [9, 2021 1:37:23 A]M">

Tests run: 729, Failures: 8, Errors: 0, Skipped: 0

[[1;34mINFO[m] [1m------------------------------------------------------------------------[m
[[1;34mINFO[m] [1;31mBUILD FAILURE[m
[[1;34mINFO[m] [1m------------------------------------------------------------------------[m
[[1;34mINFO[m] Total time:  7.641 s
[[1;34mINFO[m] Finished at: 2021-01-09T01:37:23+01:00
[[1;34mINFO[m] [1m------------------------------------------------------------------------[m
[[1;31mERROR[m] Failed to execute goal [32morg.apache.maven.plugins:maven-surefire-plugin:2.12.4:test[m [1m(default-test)[m on project [36mgson[m: [1;31mThere are test failures.[m
[[1;31mERROR[m] [1;31m[m
[[1;31mERROR[m] [1;31mPlease refer to /tmp/v1/gson/target/surefire-reports for the individual test results.[m
[[1;31mERROR[m] -> [1m[Help 1][m
[[1;31mERROR[m] 
[[1;31mERROR[m] To see the full stack trace of the errors, re-run Maven with the [1m-e[m switch.
[[1;31mERROR[m] Re-run Maven using the [1m-X[m switch to enable full debug logging.
[[1;31mERROR[m] 
[[1;31mERROR[m] For more information about the errors and possible solutions, please read the following articles:
[[1;31mERROR[m] [1m[Help 1][m http://cwiki.apache.org/confluence/display/MAVEN/MojoFailureException
Writing HTML report to '/tmp/v1/gson/target/clover/report'
Done. Processed 7 packages in 3436ms (490ms per package).
[INFO] Computing coverage for /tmp/v2/gson/
[WARN] Maven will be executed in interactive mode, but no input stream has been configured for this MavenInvoker instance.
[[1;34mINFO[m] Scanning for projects...
[[1;33mWARNING[m] 
[[1;33mWARNING[m] Some problems were encountered while building the effective model for com.google.code.gson:gson:jar:1.7
[[1;33mWARNING[m] 'build.plugins.plugin.version' for org.apache.maven.plugins:maven-compiler-plugin is missing. @ line 53, column 15
[[1;33mWARNING[m] 'build.plugins.plugin.version' for org.codehaus.mojo:cobertura-maven-plugin is missing. @ line 174, column 15
[[1;33mWARNING[m] 'build.plugins.plugin.version' for org.apache.maven.plugins:maven-jar-plugin is missing. @ line 61, column 15
[[1;33mWARNING[m] 'build.plugins.plugin.version' for org.apache.maven.plugins:maven-jxr-plugin is missing. @ line 137, column 15
[[1;33mWARNING[m] 'build.plugins.plugin.version' for org.apache.maven.plugins:maven-pmd-plugin is missing. @ line 141, column 15
[[1;33mWARNING[m] 'build.plugins.plugin.version' for org.codehaus.mojo:taglist-maven-plugin is missing. @ line 162, column 15
[[1;33mWARNING[m] 'build.plugins.plugin.version' for org.apache.maven.plugins:maven-checkstyle-plugin is missing. @ line 154, column 15
[[1;33mWARNING[m] 'build.plugins.plugin.version' for org.apache.maven.plugins:maven-source-plugin is missing. @ line 89, column 15
[[1;33mWARNING[m] 'build.plugins.plugin.version' for org.apache.maven.plugins:maven-javadoc-plugin is missing. @ line 103, column 16
[[1;33mWARNING[m] 'build.plugins.plugin.version' for org.apache.maven.plugins:maven-eclipse-plugin is missing. @ line 123, column 16
[[1;33mWARNING[m] The expression ${version} is deprecated. Please use ${project.version} instead.
[[1;33mWARNING[m] 
[[1;33mWARNING[m] It is highly recommended to fix these problems because they threaten the stability of your build.
[[1;33mWARNING[m] 
[[1;33mWARNING[m] For this reason, future Maven versions might no longer support building such malformed projects.
[[1;33mWARNING[m] 
[[1;34mINFO[m] 
[[1;34mINFO[m] [1m---------------------< [0;36mcom.google.code.gson:gson[0;1m >----------------------[m
[[1;34mINFO[m] [1mBuilding Gson 1.7[m
[[1;34mINFO[m] [1m--------------------------------[ jar ]---------------------------------[m
[[1;34mINFO[m] 
[[1;34mINFO[m] [1m--- [0;32mmaven-clean-plugin:2.5:clean[m [1m(default-clean)[m @ [36mgson[0;1m ---[m
[[1;34mINFO[m] Deleting /tmp/v2/gson/target
[[1;34mINFO[m] 
[[1;34mINFO[m] [1m--- [0;32mcobertura-maven-plugin:2.7:clean[m [1m(clean)[m @ [36mgson[0;1m ---[m
[[1;34mINFO[m] Skipping cobertura execution
[[1;34mINFO[m] 
[[1;34mINFO[m] [1m--- [0;32mclover-maven-plugin:4.4.1:setup[m [1m(default-cli)[m @ [36mgson[0;1m ---[m
[[1;34mINFO[m] OpenClover Version 4.4.1, built on October 11 2019 (build-1020)
[[1;34mINFO[m] Creating new database at '/tmp/v2/gson/target/clover/clover.db'.
[[1;34mINFO[m] Processing files at 1.8 source level.
[[1;34mINFO[m] Clover all over. Instrumented 87 files (4 packages).
[[1;34mINFO[m] OpenClover Version 4.4.1, built on October 11 2019 (build-1020)
[[1;34mINFO[m] Updating existing database at '/tmp/v2/gson/target/clover/clover.db'.
[[1;34mINFO[m] Processing files at 1.8 source level.
[[1;34mINFO[m] Clover all over. Instrumented 77 files (5 packages).
[[1;34mINFO[m] 684 test methods detected.
[[1;34mINFO[m] 
[[1;34mINFO[m] [1m--- [0;32mmaven-resources-plugin:2.6:resources[m [1m(default-resources)[m @ [36mgson[0;1m ---[m
[[1;33mWARNING[m] Using platform encoding (UTF-8 actually) to copy filtered resources, i.e. build is platform dependent!
[[1;34mINFO[m] Copying 1 resource
[[1;34mINFO[m] Copying 1 resource
[[1;34mINFO[m] 
[[1;34mINFO[m] [1m--- [0;32mmaven-compiler-plugin:3.1:compile[m [1m(default-compile)[m @ [36mgson[0;1m ---[m
[[1;34mINFO[m] Changes detected - recompiling the module!
[[1;33mWARNING[m] File encoding has not been set, using platform encoding UTF-8, i.e. build is platform dependent!
[[1;34mINFO[m] Compiling 87 source files to /tmp/v2/gson/target/classes
[[1;34mINFO[m] 
[[1;34mINFO[m] [1m--- [0;32mmaven-resources-plugin:2.6:testResources[m [1m(default-testResources)[m @ [36mgson[0;1m ---[m
[[1;33mWARNING[m] Using platform encoding (UTF-8 actually) to copy filtered resources, i.e. build is platform dependent!
[[1;34mINFO[m] skip non existing resourceDirectory /tmp/v2/gson/src/test/resources
[[1;34mINFO[m] 
[[1;34mINFO[m] [1m--- [0;32mmaven-compiler-plugin:3.1:testCompile[m [1m(default-testCompile)[m @ [36mgson[0;1m ---[m
[[1;34mINFO[m] Changes detected - recompiling the module!
[[1;33mWARNING[m] File encoding has not been set, using platform encoding UTF-8, i.e. build is platform dependent!
[[1;34mINFO[m] Compiling 77 source files to /tmp/v2/gson/target/test-classes
[[1;33mWARNING[m] /tmp/v2/gson/target/clover/src-test-instrumented/com/google/gson/functional/DefaultTypeAdaptersTest.java: /tmp/v2/gson/target/clover/src-test-instrumented/com/google/gson/functional/DefaultTypeAdaptersTest.java uses or overrides a deprecated API.
[[1;33mWARNING[m] /tmp/v2/gson/target/clover/src-test-instrumented/com/google/gson/functional/DefaultTypeAdaptersTest.java: Recompile with -Xlint:deprecation for details.
[[1;33mWARNING[m] /tmp/v2/gson/target/clover/src-test-instrumented/com/google/gson/functional/ParameterizedTypesTest.java: Some input files use unchecked or unsafe operations.
[[1;33mWARNING[m] /tmp/v2/gson/target/clover/src-test-instrumented/com/google/gson/functional/ParameterizedTypesTest.java: Recompile with -Xlint:unchecked for details.
[[1;34mINFO[m] 
[[1;34mINFO[m] [1m--- [0;32mmaven-surefire-plugin:2.12.4:test[m [1m(default-test)[m @ [36mgson[0;1m ---[m
[[1;34mINFO[m] Surefire report directory: /tmp/v2/gson/target/surefire-reports

-------------------------------------------------------
 T E S T S
-------------------------------------------------------
Running com.google.gson.CamelCaseSeparatorNamingPolicyTest
Tests run: 5, Failures: 0, Errors: 0, Skipped: 0, Time elapsed: 0.042 sec
Running com.google.gson.DefaultDateTypeAdapterTest
Tests run: 3, Failures: 0, Errors: 0, Skipped: 0, Time elapsed: 0.022 sec
Running com.google.gson.GenericArrayTypeImplTest
Tests run: 2, Failures: 0, Errors: 0, Skipped: 0, Time elapsed: 0.008 sec
Running com.google.gson.InnerClassExclusionStrategyTest
Tests run: 4, Failures: 0, Errors: 0, Skipped: 0, Time elapsed: 0.005 sec
Running com.google.gson.UpperCamelCaseSeparatorNamingPolicyTest
Tests run: 5, Failures: 0, Errors: 0, Skipped: 0, Time elapsed: 0.004 sec
Running com.google.gson.GsonTypeAdapterTest
Tests run: 4, Failures: 0, Errors: 0, Skipped: 0, Time elapsed: 0.05 sec
Running com.google.gson.JsonFieldNameValidatorTest
Tests run: 13, Failures: 0, Errors: 0, Skipped: 0, Time elapsed: 0.009 sec
Running com.google.gson.JavaFieldNamingPolicyTest
Tests run: 2, Failures: 0, Errors: 0, Skipped: 0, Time elapsed: 0.002 sec
Running com.google.gson.common.TestTypes
Tests run: 0, Failures: 0, Errors: 0, Skipped: 0, Time elapsed: 0 sec
Running com.google.gson.GsonBuilderTest
Tests run: 1, Failures: 0, Errors: 0, Skipped: 0, Time elapsed: 0.002 sec
Running com.google.gson.JsonDeserializerExceptionWrapperTest
Tests run: 3, Failures: 0, Errors: 0, Skipped: 0, Time elapsed: 0.005 sec
Running com.google.gson.LowerCamelCaseSeparatorNamingPolicyTest
Tests run: 4, Failures: 0, Errors: 0, Skipped: 0, Time elapsed: 0.003 sec
Running com.google.gson.DisjunctionExclusionStrategyTest
Tests run: 3, Failures: 0, Errors: 0, Skipped: 0, Time elapsed: 0.003 sec
Running com.google.gson.ModifyFirstLetterNamingPolicyTest
Tests run: 8, Failures: 0, Errors: 0, Skipped: 0, Time elapsed: 0.006 sec
Running com.google.gson.ExposeAnnotationDeserializationExclusionStrategyTest
Tests run: 5, Failures: 0, Errors: 0, Skipped: 0, Time elapsed: 0.007 sec
Running com.google.gson.NullExclusionStrategyTest
Tests run: 2, Failures: 0, Errors: 0, Skipped: 0, Time elapsed: 0.001 sec
Running com.google.gson.FieldAttributesTest
Tests run: 6, Failures: 0, Errors: 0, Skipped: 0, Time elapsed: 0.007 sec
Running com.google.gson.CommentsTest
Tests run: 1, Failures: 0, Errors: 0, Skipped: 0, Time elapsed: 0.002 sec
Running com.google.gson.LowerCaseNamingPolicyTest
Tests run: 3, Failures: 0, Errors: 0, Skipped: 0, Time elapsed: 0.002 sec
Running com.google.gson.MemoryRefStackTest
Tests run: 4, Failures: 0, Errors: 0, Skipped: 0, Time elapsed: 0.003 sec
Running com.google.gson.JsonObjectTest
Tests run: 9, Failures: 0, Errors: 0, Skipped: 0, Time elapsed: 0.006 sec
Running com.google.gson.stream.JsonWriterTest
Tests run: 26, Failures: 0, Errors: 0, Skipped: 0, Time elapsed: 0.02 sec
Running com.google.gson.stream.JsonReaderTest
Tests run: 50, Failures: 0, Errors: 0, Skipped: 0, Time elapsed: 0.038 sec
Running com.google.gson.metrics.PerformanceTest
Tests run: 1, Failures: 0, Errors: 0, Skipped: 0, Time elapsed: 0.001 sec
Running com.google.gson.ParameterizedTypeImplTest
Tests run: 2, Failures: 0, Errors: 0, Skipped: 0, Time elapsed: 0.004 sec
Running com.google.gson.ParameterizedTypeHandlerMapTest
Jan 09, 2021 1:37:35 AM com.google.gson.ParameterizedTypeHandlerMap register
WARNING: Overriding the existing type handler for class java.lang.String
Jan 09, 2021 1:37:35 AM com.google.gson.ParameterizedTypeHandlerMap registerForTypeHierarchy
WARNING: Overriding the existing type handler for class com.google.gson.common.TestTypes$Base
Tests run: 10, Failures: 0, Errors: 0, Skipped: 0, Time elapsed: 0.011 sec
Running com.google.gson.MixedStreamTest
Tests run: 12, Failures: 0, Errors: 0, Skipped: 0, Time elapsed: 0.015 sec
Running com.google.gson.EscaperTest
Tests run: 16, Failures: 0, Errors: 0, Skipped: 0, Time elapsed: 0.009 sec
Running com.google.gson.DefaultMapJsonSerializerTest
Tests run: 2, Failures: 0, Errors: 0, Skipped: 0, Time elapsed: 0.001 sec
Running com.google.gson.VersionExclusionStrategyTest
Tests run: 4, Failures: 0, Errors: 0, Skipped: 0, Time elapsed: 0.005 sec
Running com.google.gson.UpperCaseNamingPolicyTest
Tests run: 3, Failures: 0, Errors: 0, Skipped: 0, Time elapsed: 0.003 sec
Running com.google.gson.FunctionWithInternalDependenciesTest
Tests run: 2, Failures: 0, Errors: 0, Skipped: 0, Time elapsed: 0.004 sec
Running com.google.gson.functional.InternationalizationTest
Tests run: 4, Failures: 0, Errors: 0, Skipped: 0, Time elapsed: 0.003 sec
Running com.google.gson.functional.SecurityTest
Tests run: 5, Failures: 0, Errors: 0, Skipped: 0, Time elapsed: 0.007 sec
Running com.google.gson.functional.EnumTest
Tests run: 8, Failures: 0, Errors: 0, Skipped: 0, Time elapsed: 0.01 sec
Running com.google.gson.functional.ObjectTest
Tests run: 42, Failures: 0, Errors: 0, Skipped: 0, Time elapsed: 0.053 sec
Running com.google.gson.functional.FieldExclusionTest
Tests run: 3, Failures: 0, Errors: 0, Skipped: 0, Time elapsed: 0.003 sec
Running com.google.gson.functional.ExposeFieldsTest
Tests run: 8, Failures: 0, Errors: 0, Skipped: 0, Time elapsed: 0.01 sec
Running com.google.gson.functional.ParameterizedTypesTest
Tests run: 17, Failures: 0, Errors: 0, Skipped: 0, Time elapsed: 0.035 sec
Running com.google.gson.functional.PrettyPrintingTest
Tests run: 8, Failures: 0, Errors: 0, Skipped: 0, Time elapsed: 0.01 sec
Running com.google.gson.functional.CustomTypeAdaptersTest
Tests run: 18, Failures: 0, Errors: 0, Skipped: 0, Time elapsed: 0.022 sec
Running com.google.gson.functional.ReadersWritersTest
Tests run: 8, Failures: 0, Errors: 0, Skipped: 0, Time elapsed: 0.006 sec
Running com.google.gson.functional.CircularReferenceTest
Tests run: 6, Failures: 0, Errors: 0, Skipped: 0, Time elapsed: 0.007 sec
Running com.google.gson.functional.CustomDeserializerTest
Tests run: 9, Failures: 0, Errors: 0, Skipped: 0, Time elapsed: 0.011 sec
Running com.google.gson.functional.InterfaceTest
Tests run: 2, Failures: 0, Errors: 0, Skipped: 0, Time elapsed: 0.002 sec
Running com.google.gson.functional.TypeVariableTest
Tests run: 1, Failures: 0, Errors: 0, Skipped: 0, Time elapsed: 0.003 sec
Running com.google.gson.functional.ExclusionStrategyFunctionalTest
Tests run: 2, Failures: 0, Errors: 0, Skipped: 0, Time elapsed: 0.003 sec
Running com.google.gson.functional.DefaultTypeAdaptersTest
Tests run: 41, Failures: 8, Errors: 0, Skipped: 0, Time elapsed: 0.049 sec <<< FAILURE!
testDefaultDateSerialization(com.google.gson.functional.DefaultTypeAdaptersTest)  Time elapsed: 0.006 sec  <<< FAILURE!
junit.framework.ComparisonFailure: expected:<"Jan [8, 2021 4:37:35 P]M"> but was:<"Jan [9, 2021 1:37:35 A]M">
	at junit.framework.Assert.assertEquals(Assert.java:81)
	at junit.framework.Assert.assertEquals(Assert.java:87)
	at com.google.gson.functional.DefaultTypeAdaptersTest.__CLR4_4_1pcwu2506(DefaultTypeAdaptersTest.java:214)
	at com.google.gson.functional.DefaultTypeAdaptersTest.testDefaultDateSerialization(DefaultTypeAdaptersTest.java:211)

testDefaultDateDeserialization(com.google.gson.functional.DefaultTypeAdaptersTest)  Time elapsed: 0.001 sec  <<< FAILURE!
junit.framework.AssertionFailedError: expected:<13> but was:<12>
	at junit.framework.Assert.fail(Assert.java:47)
	at junit.framework.Assert.failNotEquals(Assert.java:280)
	at junit.framework.Assert.assertEquals(Assert.java:64)
	at junit.framework.Assert.assertEquals(Assert.java:198)
	at junit.framework.Assert.assertEquals(Assert.java:204)
	at com.google.gson.functional.DefaultTypeAdaptersTest.assertEqualsDate(DefaultTypeAdaptersTest.java:230)
	at com.google.gson.functional.DefaultTypeAdaptersTest.__CLR4_4_1yqs62h50a(DefaultTypeAdaptersTest.java:220)
	at com.google.gson.functional.DefaultTypeAdaptersTest.testDefaultDateDeserialization(DefaultTypeAdaptersTest.java:217)

testDefaultJavaSqlDateDeserialization(com.google.gson.functional.DefaultTypeAdaptersTest)  Time elapsed: 0.002 sec  <<< FAILURE!
junit.framework.AssertionFailedError: expected:<3> but was:<2>
	at junit.framework.Assert.fail(Assert.java:47)
	at junit.framework.Assert.failNotEquals(Assert.java:280)
	at junit.framework.Assert.assertEquals(Assert.java:64)
	at junit.framework.Assert.assertEquals(Assert.java:198)
	at junit.framework.Assert.assertEquals(Assert.java:204)
	at com.google.gson.functional.DefaultTypeAdaptersTest.assertEqualsDate(DefaultTypeAdaptersTest.java:230)
	at com.google.gson.functional.DefaultTypeAdaptersTest.__CLR4_4_13jgoad50r(DefaultTypeAdaptersTest.java:249)
	at com.google.gson.functional.DefaultTypeAdaptersTest.testDefaultJavaSqlDateDeserialization(DefaultTypeAdaptersTest.java:246)

testDefaultJavaSqlTimestampSerialization(com.google.gson.functional.DefaultTypeAdaptersTest)  Time elapsed: 0.002 sec  <<< FAILURE!
junit.framework.ComparisonFailure: expected:<"Dec 3, 2009 1[]:18:02 PM"> but was:<"Dec 3, 2009 1[0]:18:02 PM">
	at junit.framework.Assert.assertEquals(Assert.java:81)
	at junit.framework.Assert.assertEquals(Assert.java:87)
	at com.google.gson.functional.DefaultTypeAdaptersTest.__CLR4_4_1ba8tvi50v(DefaultTypeAdaptersTest.java:255)
	at com.google.gson.functional.DefaultTypeAdaptersTest.testDefaultJavaSqlTimestampSerialization(DefaultTypeAdaptersTest.java:252)

testDefaultJavaSqlTimestampDeserialization(com.google.gson.functional.DefaultTypeAdaptersTest)  Time elapsed: 0.002 sec  <<< FAILURE!
junit.framework.AssertionFailedError: expected:<13> but was:<4>
	at junit.framework.Assert.fail(Assert.java:47)
	at junit.framework.Assert.failNotEquals(Assert.java:280)
	at junit.framework.Assert.assertEquals(Assert.java:64)
	at junit.framework.Assert.assertEquals(Assert.java:198)
	at junit.framework.Assert.assertEquals(Assert.java:204)
	at com.google.gson.functional.DefaultTypeAdaptersTest.assertEqualsTime(DefaultTypeAdaptersTest.java:235)
	at com.google.gson.functional.DefaultTypeAdaptersTest.__CLR4_4_1q5eqtf50z(DefaultTypeAdaptersTest.java:262)
	at com.google.gson.functional.DefaultTypeAdaptersTest.testDefaultJavaSqlTimestampDeserialization(DefaultTypeAdaptersTest.java:258)

testDefaultJavaSqlTimeSerialization(com.google.gson.functional.DefaultTypeAdaptersTest)  Time elapsed: 0.002 sec  <<< FAILURE!
junit.framework.ComparisonFailure: expected:<"[01]:18:02 PM"> but was:<"[10]:18:02 PM">
	at junit.framework.Assert.assertEquals(Assert.java:81)
	at junit.framework.Assert.assertEquals(Assert.java:87)
	at com.google.gson.functional.DefaultTypeAdaptersTest.__CLR4_4_14yt6b1514(DefaultTypeAdaptersTest.java:268)
	at com.google.gson.functional.DefaultTypeAdaptersTest.testDefaultJavaSqlTimeSerialization(DefaultTypeAdaptersTest.java:265)

testDefaultJavaSqlTimeDeserialization(com.google.gson.functional.DefaultTypeAdaptersTest)  Time elapsed: 0.002 sec  <<< FAILURE!
junit.framework.AssertionFailedError: expected:<13> but was:<4>
	at junit.framework.Assert.fail(Assert.java:47)
	at junit.framework.Assert.failNotEquals(Assert.java:280)
	at junit.framework.Assert.assertEquals(Assert.java:64)
	at junit.framework.Assert.assertEquals(Assert.java:198)
	at junit.framework.Assert.assertEquals(Assert.java:204)
	at com.google.gson.functional.DefaultTypeAdaptersTest.assertEqualsTime(DefaultTypeAdaptersTest.java:235)
	at com.google.gson.functional.DefaultTypeAdaptersTest.__CLR4_4_1b9dtkc518(DefaultTypeAdaptersTest.java:274)
	at com.google.gson.functional.DefaultTypeAdaptersTest.testDefaultJavaSqlTimeDeserialization(DefaultTypeAdaptersTest.java:271)

testDefaultDateSerializationUsingBuilder(com.google.gson.functional.DefaultTypeAdaptersTest)  Time elapsed: 0.002 sec  <<< FAILURE!
junit.framework.ComparisonFailure: expected:<"Jan [8, 2021 4:37:35 P]M"> but was:<"Jan [9, 2021 1:37:35 A]M">
	at junit.framework.Assert.assertEquals(Assert.java:81)
	at junit.framework.Assert.assertEquals(Assert.java:87)
	at com.google.gson.functional.DefaultTypeAdaptersTest.__CLR4_4_16g7uk151c(DefaultTypeAdaptersTest.java:281)
	at com.google.gson.functional.DefaultTypeAdaptersTest.testDefaultDateSerializationUsingBuilder(DefaultTypeAdaptersTest.java:277)

Running com.google.gson.functional.NullObjectAndFieldTest
Tests run: 15, Failures: 0, Errors: 0, Skipped: 0, Time elapsed: 0.01 sec
Running com.google.gson.functional.InstanceCreatorTest
Tests run: 3, Failures: 0, Errors: 0, Skipped: 0, Time elapsed: 0.003 sec
Running com.google.gson.functional.MapTest
Tests run: 26, Failures: 0, Errors: 0, Skipped: 0, Time elapsed: 0.022 sec
Running com.google.gson.functional.VersioningTest
Tests run: 10, Failures: 0, Errors: 0, Skipped: 0, Time elapsed: 0.011 sec
Running com.google.gson.functional.InheritanceTest
Tests run: 12, Failures: 0, Errors: 0, Skipped: 0, Time elapsed: 0.011 sec
Running com.google.gson.functional.CustomSerializerTest
Tests run: 5, Failures: 0, Errors: 0, Skipped: 0, Time elapsed: 0.003 sec
Running com.google.gson.functional.EscapingTest
Tests run: 5, Failures: 0, Errors: 0, Skipped: 0, Time elapsed: 0.004 sec
Running com.google.gson.functional.CollectionTest
Tests run: 23, Failures: 0, Errors: 0, Skipped: 0, Time elapsed: 0.021 sec
Running com.google.gson.functional.JsonTreeTest
Tests run: 3, Failures: 0, Errors: 0, Skipped: 0, Time elapsed: 0.002 sec
Running com.google.gson.functional.ArrayTest
Tests run: 24, Failures: 0, Errors: 0, Skipped: 0, Time elapsed: 0.021 sec
Running com.google.gson.functional.PrintFormattingTest
Tests run: 3, Failures: 0, Errors: 0, Skipped: 0, Time elapsed: 0.004 sec
Running com.google.gson.functional.StringTest
Tests run: 19, Failures: 0, Errors: 0, Skipped: 0, Time elapsed: 0.017 sec
Running com.google.gson.functional.UncategorizedTest
Tests run: 4, Failures: 0, Errors: 0, Skipped: 0, Time elapsed: 0.006 sec
Running com.google.gson.functional.JsonParserTest
Tests run: 5, Failures: 0, Errors: 0, Skipped: 0, Time elapsed: 0.007 sec
Running com.google.gson.functional.NamingPolicyTest
Tests run: 12, Failures: 0, Errors: 0, Skipped: 0, Time elapsed: 0.012 sec
Running com.google.gson.functional.ConcurrencyTest
Tests run: 4, Failures: 0, Errors: 0, Skipped: 0, Time elapsed: 0.027 sec
Running com.google.gson.functional.PrimitiveTest
Tests run: 69, Failures: 0, Errors: 0, Skipped: 0, Time elapsed: 0.054 sec
Running com.google.gson.JsonStreamParserTest
Tests run: 4, Failures: 0, Errors: 0, Skipped: 0, Time elapsed: 0.002 sec
Running com.google.gson.LruCacheTest
Tests run: 3, Failures: 0, Errors: 0, Skipped: 0, Time elapsed: 0.001 sec
Running com.google.gson.JsonParserTest
Tests run: 9, Failures: 0, Errors: 0, Skipped: 0, Time elapsed: 0.004 sec
Running com.google.gson.FieldNamingStrategy2AdapterTest
Tests run: 1, Failures: 0, Errors: 0, Skipped: 0, Time elapsed: 0 sec
Running com.google.gson.ExposeAnnotationSerializationExclusionStrategyTest
Tests run: 5, Failures: 0, Errors: 0, Skipped: 0, Time elapsed: 0.003 sec
Running com.google.gson.SerializedNameAnnotationInterceptingNamingPolicyTest
Tests run: 2, Failures: 0, Errors: 0, Skipped: 0, Time elapsed: 0.001 sec
Running com.google.gson.JsonPrimitiveTest
Tests run: 19, Failures: 0, Errors: 0, Skipped: 0, Time elapsed: 0.011 sec
Running com.google.gson.LongSerializationPolicyTest
Tests run: 2, Failures: 0, Errors: 0, Skipped: 0, Time elapsed: 0.001 sec

Results :

Failed tests:   testDefaultDateSerialization(com.google.gson.functional.DefaultTypeAdaptersTest): expected:<"Jan [8, 2021 4:37:35 P]M"> but was:<"Jan [9, 2021 1:37:35 A]M">
  testDefaultDateDeserialization(com.google.gson.functional.DefaultTypeAdaptersTest): expected:<13> but was:<12>
  testDefaultJavaSqlDateDeserialization(com.google.gson.functional.DefaultTypeAdaptersTest): expected:<3> but was:<2>
  testDefaultJavaSqlTimestampSerialization(com.google.gson.functional.DefaultTypeAdaptersTest): expected:<"Dec 3, 2009 1[]:18:02 PM"> but was:<"Dec 3, 2009 1[0]:18:02 PM">
  testDefaultJavaSqlTimestampDeserialization(com.google.gson.functional.DefaultTypeAdaptersTest): expected:<13> but was:<4>
  testDefaultJavaSqlTimeSerialization(com.google.gson.functional.DefaultTypeAdaptersTest): expected:<"[01]:18:02 PM"> but was:<"[10]:18:02 PM">
  testDefaultJavaSqlTimeDeserialization(com.google.gson.functional.DefaultTypeAdaptersTest): expected:<13> but was:<4>
  testDefaultDateSerializationUsingBuilder(com.google.gson.functional.DefaultTypeAdaptersTest): expected:<"Jan [8, 2021 4:37:35 P]M"> but was:<"Jan [9, 2021 1:37:35 A]M">

Tests run: 684, Failures: 8, Errors: 0, Skipped: 0

[[1;34mINFO[m] [1m------------------------------------------------------------------------[m
[[1;34mINFO[m] [1;31mBUILD FAILURE[m
[[1;34mINFO[m] [1m------------------------------------------------------------------------[m
[[1;34mINFO[m] Total time:  6.942 s
[[1;34mINFO[m] Finished at: 2021-01-09T01:37:35+01:00
[[1;34mINFO[m] [1m------------------------------------------------------------------------[m
[[1;31mERROR[m] Failed to execute goal [32morg.apache.maven.plugins:maven-surefire-plugin:2.12.4:test[m [1m(default-test)[m on project [36mgson[m: [1;31mThere are test failures.[m
[[1;31mERROR[m] [1;31m[m
[[1;31mERROR[m] [1;31mPlease refer to /tmp/v2/gson/target/surefire-reports for the individual test results.[m
[[1;31mERROR[m] -> [1m[Help 1][m
[[1;31mERROR[m] 
[[1;31mERROR[m] To see the full stack trace of the errors, re-run Maven with the [1m-e[m switch.
[[1;31mERROR[m] Re-run Maven using the [1m-X[m switch to enable full debug logging.
[[1;31mERROR[m] 
[[1;31mERROR[m] For more information about the errors and possible solutions, please read the following articles:
[[1;31mERROR[m] [1m[Help 1][m http://cwiki.apache.org/confluence/display/MAVEN/MojoFailureException
Writing HTML report to '/tmp/v2/gson/target/clover/report'
Done. Processed 7 packages in 1700ms (242ms per package).
[INFO] /tmp/v1/gson/src/main/java/com/google/gson/DefaultTypeAdapters.java
[INFO] /tmp/v2/gson/src/main/java/com/google/gson/DefaultTypeAdapters.java
[INFO] com.google.gson.DefaultTypeAdapters:[520, 520, 543, 543, 581, 581, 581, 605, 605, 607, 607, 608, 608] are modified.
[INFO] com.google.gson.DefaultTypeAdapters:520 covered.
[INFO] com.google.gson.DefaultTypeAdapters:543 covered.
[INFO] com.google.gson.DefaultTypeAdapters:605 covered.
[INFO] com.google.gson.DefaultTypeAdapters:607 covered.
[INFO] com.google.gson.DefaultTypeAdapters:608 covered.
[INFO] com.google.gson.DefaultTypeAdapters:581 covered.
[INFO] com.google.gson.DefaultTypeAdapters:[606, 544, 606, 544, 582, 608, 609, 521, 521, 582] are modified.
[INFO] com.google.gson.DefaultTypeAdapters:544 covered.
[INFO] com.google.gson.DefaultTypeAdapters:521 covered.
[INFO] com.google.gson.DefaultTypeAdapters:606 covered.
[INFO] com.google.gson.DefaultTypeAdapters:609 covered.
[INFO] com.google.gson.DefaultTypeAdapters:582 covered.
[INFO] /tmp/v1/gson/src/main/java/com/google/gson/JsonArrayDeserializationVisitor.java
[INFO] /tmp/v2/gson/src/main/java/com/google/gson/JsonArrayDeserializationVisitor.java
[INFO] com.google.gson.JsonArrayDeserializationVisitor:[42, 42, 49, 49, 49] are modified.
[INFO] com.google.gson.JsonArrayDeserializationVisitor:42 covered.
[INFO] com.google.gson.JsonArrayDeserializationVisitor:49 covered.
[INFO] com.google.gson.JsonArrayDeserializationVisitor:[43, 43] are modified.
[INFO] com.google.gson.JsonArrayDeserializationVisitor:43 covered.
[INFO] /tmp/v1/gson/src/main/java/com/google/gson/JsonObjectDeserializationVisitor.java
[INFO] /tmp/v2/gson/src/main/java/com/google/gson/JsonObjectDeserializationVisitor.java
[INFO] com.google.gson.JsonObjectDeserializationVisitor:[102, 102, 106, 106] are modified.
[INFO] com.google.gson.JsonObjectDeserializationVisitor:102 covered.
[INFO] com.google.gson.JsonObjectDeserializationVisitor:106 covered.
[INFO] com.google.gson.JsonObjectDeserializationVisitor:[103, 103, 103, 118] are modified.
[INFO] com.google.gson.JsonObjectDeserializationVisitor:103 covered.
[INFO] com.google.gson.JsonObjectDeserializationVisitor:118 covered.
[INFO] /tmp/v1/gson/src/main/java/com/google/gson/JsonSerializationVisitor.java
[INFO] /tmp/v2/gson/src/main/java/com/google/gson/JsonSerializationVisitor.java
[INFO] com.google.gson.JsonSerializationVisitor:[74, 75, 75, 75, 78, 78] are modified.
[INFO] com.google.gson.JsonSerializationVisitor:74 covered.
[INFO] com.google.gson.JsonSerializationVisitor:75 covered.
[INFO] com.google.gson.JsonSerializationVisitor:78 covered.
[INFO] com.google.gson.JsonSerializationVisitor:[75, 75] are modified.
[INFO] /tmp/v1/gson/src/main/java/com/google/gson/MappedObjectConstructor.java
[INFO] /tmp/v2/gson/src/main/java/com/google/gson/MappedObjectConstructor.java
[INFO] com.google.gson.MappedObjectConstructor:[82, 82, 82, 83] are modified.
[INFO] com.google.gson.MappedObjectConstructor:82 covered.
[INFO] com.google.gson.MappedObjectConstructor:83 covered.
[INFO] com.google.gson.MappedObjectConstructor:[83, 58, 83, 83] are modified.
[INFO] com.google.gson.MappedObjectConstructor:58 covered.
[INFO] /tmp/v1/gson/src/main/java/com/google/gson/ObjectNavigator.java
[INFO] /tmp/v2/gson/src/main/java/com/google/gson/ObjectNavigator.java
[INFO] com.google.gson.ObjectNavigator:[102, 127] are modified.
[INFO] com.google.gson.ObjectNavigator:102 covered.
[INFO] com.google.gson.ObjectNavigator:127 covered.
[INFO] com.google.gson.ObjectNavigator:[180, 181, 103, 181, 182, 186, 103, 181, 182, 184, 186, 182, 184, 182, 182, 184, 184, 128, 128] are modified.
[INFO] com.google.gson.ObjectNavigator:103 covered.
[INFO] com.google.gson.ObjectNavigator:181 covered.
[INFO] com.google.gson.ObjectNavigator:182 covered.
[INFO] com.google.gson.ObjectNavigator:186 covered.
[INFO] com.google.gson.ObjectNavigator:128 covered.
[INFO] com.google.gson.ObjectNavigator:184 covered.
[INFO] /tmp/v1/gson/src/main/java/com/google/gson/ParameterizedTypeHandlerMap.java
[INFO] /tmp/v2/gson/src/main/java/com/google/gson/ParameterizedTypeHandlerMap.java
[INFO] com.google.gson.ParameterizedTypeHandlerMap:[124] are modified.
[INFO] com.google.gson.ParameterizedTypeHandlerMap:124 covered.
[INFO] com.google.gson.ParameterizedTypeHandlerMap:[199, 125, 125] are modified.
[INFO] com.google.gson.ParameterizedTypeHandlerMap:125 covered.
[INFO] /tmp/v1/gson/src/main/java/com/google/gson/reflect/TypeToken.java
[INFO] /tmp/v2/gson/src/main/java/com/google/gson/reflect/TypeToken.java
[INFO] com.google.gson.reflect.TypeToken:[45, 72, 74, 74, 75, 79, 80, 80, 79, 82, 93, 100, 100, 106, 114, 115, 115, 114, 117, 117, 124, 125, 125, 129, 128, 128, 118, 104, 317, 318, 318, 321, 321, 324, 324, 323, 323, 332, 356, 356, 363, 363, 370, 372] are modified.
[INFO] com.google.gson.reflect.TypeToken:124 covered.
[INFO] com.google.gson.reflect.TypeToken:324 covered.
[INFO] com.google.gson.reflect.TypeToken:93 covered.
[INFO] com.google.gson.reflect.TypeToken:106 covered.
[INFO] com.google.gson.reflect.TypeToken:114 covered.
[INFO] com.google.gson.reflect.TypeToken:115 covered.
[INFO] com.google.gson.reflect.TypeToken:104 covered.
[INFO] com.google.gson.reflect.TypeToken:370 covered.
[INFO] com.google.gson.reflect.TypeToken:372 covered.
[INFO] com.google.gson.reflect.TypeToken:356 covered.
[INFO] com.google.gson.reflect.TypeToken:363 covered.
[INFO] com.google.gson.reflect.TypeToken:118 covered.
[INFO] com.google.gson.reflect.TypeToken:[72, 86, 94, 109, 117, 308, 312, 317, 324, 337, 353, 423, 433, 445, 470, 495, 500, 546, 560, 86, 94, 95, 97, 109, 110, 117, 308, 312, 317, 324, 331, 337, 338, 339, 341, 348, 353, 354, 423, 424, 433, 436, 445, 447, 461, 470, 477, 486, 495, 496, 500, 515, 522, 538, 546, 547, 560, 564, 565, 566, 95, 96, 97, 110, 117, 317, 331, 338, 338, 339, 341, 348, 354, 423, 424, 433, 434, 436, 448, 452, 461, 473, 477, 486, 495, 496, 504, 505, 538, 546, 561, 564, 566, 117, 313, 339, 348, 355, 361, 424, 433, 434, 436, 448, 449, 450, 452, 475, 477, 495, 496, 505, 547, 561, 564, 110, 355, 356, 357, 361, 433, 434, 449, 450, 453, 458, 475, 478, 505, 547, 356, 358, 362, 449, 453, 454, 455, 458, 480, 358, 362, 363, 364, 365, 454, 455, 458, 480, 363, 364, 372, 434, 454, 367, 372, 373, 375, 376, 377, 387, 391, 372, 375, 376, 377, 393, 377, 378, 379, 388, 393, 394, 396, 407, 379, 383, 388, 393, 394, 398, 401, 379, 380, 398, 401, 380, 381, 397, 402, 380, 402, 403, 399, 402, 404, 404, 404] are modified.
[INFO] com.google.gson.reflect.TypeToken:94 covered.
[INFO] com.google.gson.reflect.TypeToken:500 covered.
[INFO] com.google.gson.reflect.TypeToken:95 covered.
[INFO] com.google.gson.reflect.TypeToken:97 covered.
[INFO] com.google.gson.reflect.TypeToken:96 covered.
[INFO] com.google.gson.reflect.TypeToken:504 covered.
[INFO] com.google.gson.reflect.TypeToken:515 covered.
[INFO] com.google.gson.reflect.TypeToken:538 covered.
[INFO] com.google.gson.reflect.TypeToken:353 covered.
[INFO] com.google.gson.reflect.TypeToken:433 covered.
[INFO] com.google.gson.reflect.TypeToken:348 covered.
[INFO] com.google.gson.reflect.TypeToken:354 covered.
[INFO] com.google.gson.reflect.TypeToken:436 covered.
[INFO] com.google.gson.reflect.TypeToken:522 covered.
[INFO] com.google.gson.reflect.TypeToken:361 covered.
[INFO] com.google.gson.reflect.TypeToken:391 covered.
[INFO] com.google.gson.reflect.TypeToken:86 covered.
[INFO] com.google.gson.reflect.TypeToken:109 covered.
[INFO] com.google.gson.reflect.TypeToken:423 covered.
[INFO] com.google.gson.reflect.TypeToken:546 covered.
[INFO] com.google.gson.reflect.TypeToken:110 covered.
[INFO] com.google.gson.reflect.TypeToken:424 covered.
[INFO] com.google.gson.reflect.TypeToken:547 covered.
[INFO] com.google.gson.reflect.TypeToken:373 covered.
[INFO] com.google.gson.reflect.TypeToken:375 covered.
[INFO] com.google.gson.reflect.TypeToken:376 covered.
[INFO] com.google.gson.reflect.TypeToken:377 covered.
[INFO] com.google.gson.reflect.TypeToken:387 covered.
[INFO] com.google.gson.reflect.TypeToken:393 covered.
[INFO] com.google.gson.reflect.TypeToken:378 covered.
[INFO] com.google.gson.reflect.TypeToken:394 covered.
[INFO] com.google.gson.reflect.TypeToken:396 covered.
[INFO] com.google.gson.reflect.TypeToken:407 covered.
[INFO] com.google.gson.reflect.TypeToken:401 covered.
[INFO] com.google.gson.reflect.TypeToken:402 covered.
[INFO] com.google.gson.reflect.TypeToken:403 covered.
[INFO] com.google.gson.reflect.TypeToken:355 covered.
[INFO] com.google.gson.reflect.TypeToken:357 covered.
[INFO] com.google.gson.reflect.TypeToken:379 covered.
[INFO] com.google.gson.reflect.TypeToken:383 covered.
[INFO] com.google.gson.reflect.TypeToken:380 covered.
[INFO] com.google.gson.reflect.TypeToken:381 covered.
[INFO] com.google.gson.reflect.TypeToken:362 covered.
[INFO] com.google.gson.reflect.TypeToken:364 covered.
[INFO] com.google.gson.reflect.TypeToken:365 covered.
[INFO] com.google.gson.reflect.TypeToken:404 covered.
[INFO] com.google.gson.reflect.TypeToken:560 covered.
[INFO] com.google.gson.reflect.TypeToken:561 covered.
[INFO] com.google.gson.reflect.TypeToken:564 covered.
[INFO] com.google.gson.reflect.TypeToken:565 covered.
[INFO] com.google.gson.reflect.TypeToken:566 covered.
[INFO] com.google.gson.reflect.TypeToken:505 covered.
[INFO] /tmp/v1/gson/src/test/java/com/google/gson/ParamterizedTypeFixtures.java
[INFO] /tmp/v2/gson/src/test/java/com/google/gson/ParamterizedTypeFixtures.java
[INFO] Build modified Tests /tmp/v2/gson/src/test/java/com/google/gson/ParamterizedTypeFixtures.java
[INFO] Saving result in /tmp/v1/gson/testsThatExecuteTheChange.csv ...
[INFO] com.google.gson.functional.EscapingTest;testEscapingQuotesInStringArray;testGsonDoubleDeserialization;testEscapeAllHtmlCharacters;testGsonAcceptsEscapedAndNonEscapedJsonDeserialization;testEscapingObjectFields
com.google.gson.functional.CollectionTest;testWildcardPrimitiveCollectionDeserilaization;testNullsInListSerialization;testTopLevelCollectionOfIntegersSerialization;testWildcardPrimitiveCollectionSerilaization;testNullsInListDeserialization;testQueueSerialization;testSetSerialization;testCollectionOfStringsSerialization;testCollectionOfStringsDeserialization;testLinkedListDeserialization;testRawCollectionSerialization;testWildcardCollectionField;testRawCollectionDeserializationNotAlllowed;testRawCollectionOfBagOfPrimitivesNotAllowed;testRawCollectionOfIntegersSerialization;testQueueDeserialization;testSetDeserialization;testCollectionOfObjectWithNullSerialization;testTopLevelCollectionOfIntegersDeserialization;testTopLevelListOfIntegerCollectionsDeserialization;testCollectionOfObjectSerialization;testCollectionOfBagOfPrimitivesSerialization;testLinkedListSerialization
com.google.gson.functional.ParameterizedTypesTest;testVariableTypeFieldsAndGenericArraysSerialization;testParameterizedTypeWithReaderDeserialization;testTypesWithMultipleParametersSerialization;testParameterizedTypeGenericArraysSerialization;testParameterizedTypeWithVariableTypeDeserialization;testVariableTypeArrayDeserialization;testParameterizedTypeDeserialization;testParameterizedTypeWithCustomSerializer;testParameterizedTypeGenericArraysDeserialization;testVariableTypeFieldsAndGenericArraysDeserialization;testVariableTypeDeserialization;testDeepParameterizedTypeDeserialization;testParameterizedTypesWithWriterSerialization;testDeepParameterizedTypeSerialization;testParameterizedTypesSerialization;testTypesWithMultipleParametersDeserialization;testParameterizedTypesWithCustomDeserializer
com.google.gson.functional.DefaultTypeAdaptersTest;testDefaultDateSerialization;testTreeSetDeserialization;testDefaultJavaSqlDateSerialization;testPropertiesDeserialization;testLocaleDeserializationWithLanguageCountry;testDateSerializationWithPattern;testUrlNullSerialization;testLocaleSerializationWithLanguageCountryVariant;testBigDecimalFieldSerialization;testUrlDeserialization;testLocaleSerializationWithLanguageCountry;testUuidDeserialization;testDefaultJavaSqlTimestampDeserialization;testDefaultJavaSqlDateDeserialization;testPropertiesSerialization;testUrlSerialization;testUrlNullDeserialization;testLocaleDeserializationWithLanguage;testBigIntegerFieldDeserialization;testDefaultDateDeserialization;testDateDeserializationWithPattern;testUuidSerialization;testUriSerialization;testLocaleSerializationWithLanguage;testDefaultCalendarSerialization;testDefaultGregorianCalendarDeserialization;testDefaultDateSerializationUsingBuilder;testDefaultJavaSqlTimestampSerialization;testDefaultJavaSqlTimeDeserialization;testDefaultGregorianCalendarSerialization;testBigIntegerFieldSerialization;testDefaultCalendarDeserialization;testSetSerialization;testBigDecimalFieldDeserialization;testDefaultDateDeserializationUsingBuilder;testLocaleDeserializationWithLanguageCountryVariant;testTreeSetSerialization;testDefaultJavaSqlTimeSerialization;testDateSerializationWithPatternNotOverridenByTypeAdapter;testUriDeserialization
com.google.gson.functional.ArrayTest;testArrayOfObjectsWithoutTypeInfoDeserialization;testNullsInArrayWithSerializeNullPropertySetSerialization;testEmptyArraySerialization;testArrayOfNullDeserialization;testArrayOfPrimitivesWithCustomTypeAdapter;testArrayOfPrimitivesAsObjectsDeserialization;testEmptyArrayDeserialization;testSingleNullInArrayDeserialization;testArrayOfPrimitivesAsObjectsSerialization;testSingleStringArraySerialization;testArrayOfCollectionSerialization;testTopLevelArrayOfIntsDeserialization;testNullsInArraySerialization;testObjectArrayWithNonPrimitivesSerialization;testArrayOfStringsSerialization;testArrayOfStringsDeserialization;testSingleStringArrayDeserialization;testTopLevelArrayOfIntsSerialization;testArrayOfCollectionDeserialization;testSingleNullInArraySerialization;testNullsInArrayDeserialization;testArrayWithoutTypeInfoDeserialization;testArrayOfNullSerialization
com.google.gson.functional.EnumTest;testTopLevelEnumSerialization;testEnumSubclass;testTopLevelEnumInASingleElementArrayDeserialization;testTopLevelEnumDeserialization;testClassWithEnumFieldDeserialization;testCollectionOfEnumsDeserialization;testCollectionOfEnumsSerialization;testClassWithEnumFieldSerialization
com.google.gson.functional.ObjectTest;testSingletonLists;testNullArraysDeserialization;testInnerClassSerialization;testAnonymousLocalClassesSerialization;testArrayOfArraysDeserialization;testNullPrimitiveFieldsDeserialization;testStringFieldWithEmptyValueSerialization;testObjectFieldNamesWithoutQuotesDeserialization;testClassWithObjectFieldSerialization;testArrayOfArraysSerialization;testClassWithTransientFieldsSerialization;testClassWithNoFieldsSerialization;testStringFieldWithNumberValueDeserialization;testTruncatedDeserialization;testBagOfPrimitiveWrappersDeserialization;testEmptyCollectionInAnObjectSerialization;testPrimitiveArrayFieldSerialization;testArrayOfObjectsAsFields;testBagOfPrimitiveWrappersSerialization;testClassWithTransientFieldsDeserialization;testPrivateNoArgConstructorDeserialization;testNullObjectFieldsDeserialization;testBagOfPrimitivesSerialization;testNestedDeserialization;testClassWithNoFieldsDeserialization;testNullFieldsSerialization;testJsonInMixedQuotesDeserialization;testArrayOfObjectsDeserialization;testClassWithTransientFieldsDeserializationTransientFieldsPassedInJsonAreIgnored;testInnerClassDeserialization;testNullFieldsDeserialization;testPrimitiveArrayInAnObjectDeserialization;testStringFieldWithEmptyValueDeserialization;testEmptyCollectionInAnObjectDeserialization;testBagOfPrimitivesDeserialization;testJsonInSingleQuotesDeserialization;testArrayOfObjectsSerialization;testNestedSerialization
com.google.gson.functional.MapTest;testWriteMapsWithEmptyStringKey;testMapSerializationWithNullValueButSerializeNulls;testMapStandardSubclassDeserialization;testRawMapSerialization;testMapSerializationWithNullValuesSerialized;testParameterizedMapSubclassDeserialization;testMapDeserializationWithWildcardValues;testMapDeserializationWithIntegerKeys;testMapSerializationWithNullKey;testReadMapsWithEmptyStringKey;testMapDeserializationWithNullKey;testMapOfMapDeserialization;testMapSerialization;testMapDeserializationWithNullValue;testMapSubclassSerialization;testMapSerializationEmpty;testMapSerializationWithNullValue;testMapSerializationWithIntegerKeys;testMapOfMapSerialization;testMapDeserialization;testMapDeserializationEmpty;testMapSerializationWithWildcardValues;testMapSerializationWithNullValues;testMapWithQuotes;testParameterizedMapSubclassSerialization;testSerializeMaps
com.google.gson.functional.PrettyPrintingTest;testEmptyMapField;testPrettyPrintArrayOfObjects;testPrettyPrintArrayOfPrimitiveArrays;testPrettyPrintList;testMultipleArrays;testMap;testPrettyPrintListOfPrimitiveArrays;testPrettyPrintArrayOfPrimitives
com.google.gson.functional.CustomTypeAdaptersTest;testCustomTypeAdapterDoesNotAppliesToSubClasses;testCustomTypeAdapterAppliesToSubClassesSerializedAsBaseClass;testCustomAdapterInvokedForCollectionElementDeserialization;testCustomAdapterInvokedForMapElementSerializationWithType;testCustomDeserializers;testCustomNestedDeserializers;testEnsureCustomSerializerNotInvokedForNullValues;testEnsureCustomDeserializerNotInvokedForNullValues;testCustomAdapterInvokedForCollectionElementSerializationWithType;testCustomAdapterInvokedForMapElementSerialization;testCustomSerializerForLong;testCustomSerializers;testCustomNestedSerializers;testCustomByteArraySerializer;testCustomAdapterInvokedForCollectionElementSerialization;testCustomAdapterInvokedForMapElementDeserialization;testCustomByteArrayDeserializerAndInstanceCreator;testCustomDeserializerForLong
com.google.gson.functional.InheritanceTest;testSubClassSerialization;testClassWithBaseFieldSerialization;testSubInterfacesOfCollectionDeserialization;testSubInterfacesOfCollectionSerialization;testBaseSerializedAsBaseWhenSpecifiedWithExplicitType;testSubClassDeserialization;testBaseSerializedAsSubWhenSpecifiedWithExplicitTypeForToJsonMethod;testBaseSerializedAsBaseWhenSpecifiedWithExplicitTypeForToJsonMethod;testBaseSerializedAsSubForToJsonMethod;testClassWithBaseArrayFieldSerialization;testBaseSerializedAsSubWhenSpecifiedWithExplicitType;testBaseSerializedAsSub
com.google.gson.functional.PrintFormattingTest;testCompactFormattingLeavesNoWhiteSpace
com.google.gson.MixedStreamTest;testWriteLenient;testWriteDoesNotMutateState;testReadMixedStreamed;testReaderDoesNotMutateState;testReadClosed;testWriteClosed;testWriteMixedStreamed;testWriteHtmlSafe;testReadNulls;testWriteInvalidState
com.google.gson.functional.CircularReferenceTest;testSelfReferenceArrayFieldSerialization;testDirectedAcyclicGraphDeserialization;testCircularSerialization;testSelfReferenceSerialization;testDirectedAcyclicGraphSerialization;testSelfReferenceCustomHandlerSerialization
com.google.gson.CommentsTest;testParseComments
com.google.gson.DefaultMapJsonSerializerTest;testEmptyMapSerialization;testEmptyMapNoTypeSerialization
com.google.gson.functional.CustomDeserializerTest;testCustomDeserializerReturnsNullForTopLevelPrimitives;testCustomDeserializerReturnsNullForArrayElements;testJsonTypeFieldBasedDeserialization;testDefaultConstructorNotCalledOnField;testDefaultConstructorNotCalledOnObject;testCustomDeserializerReturnsNullForTopLevelObject;testCustomDeserializerReturnsNull;testCustomDeserializerReturnsNullForPrimitiveFields;testCustomDeserializerReturnsNullForArrayElementsForArrayField
com.google.gson.functional.JsonParserTest;testBadFieldTypeForCustomDeserializerCustomTree;testBadTypeForDeserializingCustomTree;testChangingCustomTreeAndDeserializing;testDeserializingCustomTree;testBadFieldTypeForDeserializingCustomTree
com.google.gson.functional.PrimitiveTest;testDoubleInfinitySerialization;testBigDecimalInASingleElementArraySerialization;testPrimitiveIntegerAutoboxedDeserialization;testBigDecimalSerialization;testFloatInfinitySerialization;testNumberDeserialization;testLongAsStringSerialization;testPrimitiveIntegerAutoboxedSerialization;testBigIntegerInASingleElementArraySerialization;testBigDecimalDeserialization;testBigDecimalPreservePrecisionDeserialization;testPrimitiveClassLiteral;testLargeDoubleDeserialization;testNegativeInfinitySerialization;testBigDecimalInfinityDeserializationNotSupported;testBigDecimalNaNDeserializationNotSupported;testDoubleInfinityDeserialization;testSmallValueForBigIntegerDeserialization;testPrimitiveDoubleAutoboxedInASingleElementArrayDeserialization;testDoubleNoFractAsStringRepresentationDeserialization;testBigDecimalAsStringRepresentationDeserialization;testPrimitiveLongAutoboxedInASingleElementArrayDeserialization;testFloatNaNDeserialization;testQuotedStringSerializationAndDeserialization;testPrimitiveDoubleAutoboxedSerialization;testBigIntegerSerialization;testDoubleAsStringRepresentationDeserialization;testSmallValueForBigDecimalSerialization;testDoubleNaNDeserialization;testDoubleNaNSerializationNotSupportedByDefault;testNegativeInfinityDeserialization;testLongAsStringDeserialization;testNegativeInfinitySerializationNotSupportedByDefault;testPrimitiveBooleanAutoboxedDeserialization;testFloatInfinityDeserialization;testFloatNaNSerializationNotSupportedByDefault;testDeserializePrimitiveWrapperAsObjectField;testPrimitiveDoubleAutoboxedInASingleElementArraySerialization;testNumberSerialization;testBigDecimalNoFractAsStringRepresentationDeserialization;testBigDecimalNegativeInfinityDeserializationNotSupported;testDoubleNaNSerialization;testNegativeInfinityFloatSerialization;testNegativeInfinityFloatSerializationNotSupportedByDefault;testPrimitiveIntegerAutoboxedInASingleElementArraySerialization;testPrimitiveLongAutoboxedDeserialization;testHtmlCharacterSerialization;testBadValueForBigIntegerDeserialization;testReallyLongValuesSerialization;testPrimitiveBooleanAutoboxedSerialization;testBigIntegerInASingleElementArrayDeserialization;testOverridingDefaultPrimitiveSerialization;testFloatInfinitySerializationNotSupportedByDefault;testReallyLongValuesDeserialization;testFloatNaNSerialization;testPrimitiveLongAutoboxedInASingleElementArraySerialization;testNegativeInfinityFloatDeserialization;testPrimitiveBooleanAutoboxedInASingleElementArraySerialization;testPrimitiveLongAutoboxedSerialization;testDoubleInfinitySerializationNotSupportedByDefault;testSmallValueForBigIntegerSerialization;testBigDecimalInASingleElementArrayDeserialization;testBigIntegerDeserialization;testPrimitiveDoubleAutoboxedDeserialization;testBigDecimalPreservePrecisionSerialization;testSmallValueForBigDecimalDeserialization;testPrimitiveIntegerAutoboxedInASingleElementArrayDeserialization;testPrimitiveBooleanAutoboxedInASingleElementArrayDeserialization
com.google.gson.functional.TypeVariableTest;testBasicTypeVariables
com.google.gson.JsonParserTest;testReadWriteTwoObjects
com.google.gson.functional.ReadersWritersTest;testReadWriteTwoStrings;testWriterForSerialization;testReadWriteTwoObjects;testReaderForDeserialization
com.google.gson.functional.ConcurrencyTest;testSingleThreadSerialization;testMultiThreadSerialization;testSingleThreadDeserialization;testMultiThreadDeserialization
com.google.gson.functional.ExposeFieldsTest;testExposeAnnotationSerialization;testExposedInterfaceFieldDeserialization;testNullExposeFieldSerialization;testNoExposedFieldSerialization;testNoExposedFieldDeserialization;testArrayWithOneNullExposeFieldObjectSerialization;testExposeAnnotationDeserialization;testExposedInterfaceFieldSerialization
com.google.gson.functional.NamingPolicyTest;testGsonWithLowerCaseDashPolicyDeserialiation;testGsonWithNonDefaultFieldNamingPolicyDeserialiation;testGsonWithUpperCamelCaseSpacesPolicySerialiation;testGsonWithSerializedNameFieldNamingPolicySerialization;testGsonWithNonDefaultFieldNamingPolicySerialization;testGsonWithLowerCaseDashPolicySerialization;testGsonDuplicateNameUsingSerializedNameFieldNamingPolicySerialization;testGsonWithLowerCaseUnderscorePolicySerialization;testGsonWithLowerCaseUnderscorePolicyDeserialiation;testDeprecatedNamingStrategy;testGsonWithSerializedNameFieldNamingPolicyDeserialization;testGsonWithUpperCamelCaseSpacesPolicyDeserialiation
com.google.gson.functional.VersioningTest;testVersionedClassesDeserialization;testVersionedClassesSerialization;testIgnoreLaterVersionClassSerialization;testVersionedGsonMixingSinceAndUntilDeserialization;testVersionedGsonMixingSinceAndUntilSerialization;testVersionedUntilSerialization;testVersionedUntilDeserialization;testIgnoreLaterVersionClassDeserialization;testVersionedGsonWithUnversionedClassesDeserialization;testVersionedGsonWithUnversionedClassesSerialization
com.google.gson.functional.NullObjectAndFieldTest;testExplicitSerializationOfNulls;testCustomSerializationOfNulls;testPrintPrintingObjectWithNulls;testNullWrappedPrimitiveMemberSerialization;testExplicitSerializationOfNullArrayMembers;testExplicitDeserializationOfNulls;testExplicitSerializationOfNullCollectionMembers;testExplicitSerializationOfNullStringMembers;testExplicitNullSetsFieldToNullDuringDeserialization;testCustomTypeAdapterPassesNullSerialization;testPrintPrintingArraysWithNulls;testNullWrappedPrimitiveMemberDeserialization;testCustomTypeAdapterPassesNullDesrialization
com.google.gson.functional.SecurityTest;testNonExecutableJsonDeserialization;testJsonWithNonExectuableTokenWithRegularGsonDeserialization;testNonExecutableJsonSerialization;testJsonWithNonExectuableTokenWithConfiguredGsonDeserialization;testJsonWithNonExectuableTokenSerialization
com.google.gson.functional.ExclusionStrategyFunctionalTest;testExclusionStrategySerialization;testExclusionStrategyDeserialization
com.google.gson.functional.InstanceCreatorTest;testInstanceCreatorReturnsBaseType;testInstanceCreatorReturnsSubTypeForField;testInstanceCreatorReturnsSubTypeForTopLevelObject
com.google.gson.functional.StringTest;testStringValueSerialization;testEscapingQuotesInStringDeserialization;testEscapingQuotesInStringSerialization;testStringValueAsSingleElementArrayDeserialization;testJavascriptKeywordsInStringDeserialization;testEscapedBackslashInStringDeserialization;testEscapedCtrlNInStringDeserialization;testAssignmentCharDeserialization;testAssignmentCharSerialization;testJavascriptKeywordsInStringSerialization;testStringValueAsSingleElementArraySerialization;testEscapedCtrlNInStringSerialization;testEscapedCtrlRInStringDeserialization;testSingleQuoteInStringSerialization;testEscapedCtrlRInStringSerialization;testStringValueDeserialization;testStringWithEscapedSlashDeserialization;testSingleQuoteInStringDeserialization;testEscapedBackslashInStringSerialization
com.google.gson.functional.CustomSerializerTest;testSerializerReturnsNull;testSubClassSerializerInvokedForBaseClassFieldsHoldingSubClassInstances;testBaseClassSerializerInvokedForBaseClassFieldsHoldingSubClassInstances;testBaseClassSerializerInvokedForBaseClassFields;testSubClassSerializerInvokedForBaseClassFieldsHoldingArrayOfSubClassInstances
com.google.gson.GsonTypeAdapterTest;testDefaultTypeAdapterThrowsParseException;testTypeAdapterDoesNotAffectNonAdaptedTypes;testTypeAdapterThrowsException;testTypeAdapterProperlyConvertsTypes
com.google.gson.functional.InternationalizationTest;testStringsWithUnicodeChineseCharactersSerialization;testStringsWithRawChineseCharactersDeserialization;testStringsWithUnicodeChineseCharactersDeserialization;testStringsWithUnicodeChineseCharactersEscapedDeserialization
com.google.gson.functional.FieldExclusionTest;testDefaultInnerClassExclusion;testDefaultNestedStaticClassIncluded;testInnerClassExclusion
com.google.gson.functional.UncategorizedTest;testStaticFieldsAreNotSerialized;testObjectEqualButNotSameSerialization;testReturningDerivedClassesDuringDeserialization
com.google.gson.functional.InterfaceTest;testSerializingInterfaceObjectField;testSerializingObjectImplementingInterface
com.google.gson.functional.JsonTreeTest;testToJsonTreeObjectType;testToJsonTree;testJsonTreeToString
com.google.gson.FunctionWithInternalDependenciesTest;testAnonymousLocalClassesSerialization;testUserDefinedExclusionPolicies
com.google.gson.ParameterizedTypeHandlerMapTest;testHasGenericButNotSpecific;testNullMap;testTypeOverridding;testTypeHierarchyMultipleHandlers;testTypeHierarchyRegisterIfAbsent;testTypeHierarchy;testReplaceExistingTypeHierarchyHandler;testHasSpecificType
com.google.gson.FieldAttributesTest;testDeclaredTypeAndClass
com.google.gson.TypeInfoFactoryTest;testParameterizedTypeVariableField;testArrayOfListStringWildcardField;testListTypeVariableWildcardField;testNestedParameterizedTypeField;testNestedParameterizedTypeVariableField;testArrayOfWildcardField;testWildcardField;testListStringWildcardField;testArrayOfListTypeVariableWildcardField;testParameterizedTypeVariableArrayField;testGenericArrayTypeField;testParameterizedTypeField
com.google.gson.GenericArrayTypeImplTest;testNotEquals
com.google.gson.ParameterizedTypeImplTest;testNotEquals
com.google.gson.TypeInfoMapTest;testBasicGetters;testNonMapConstruction;testMapImplementations
com.google.gson.TypeInfoTest;testGenericizedGenericType;testParameterizedTypes
com.google.gson.TypeInfoArrayTest;testNestedParameterizedArray;testParameterizedArray;testArrayAsParameterizedTypes;testParameterizedArrayOfArrays
[INFO] Writing Coverage in /tmp/v1/gson/testsThatExecuteTheChange_coverage.csv
[INFO] com.google.gson.DefaultTypeAdapters;11;11

[INFO] com.google.gson.JsonArrayDeserializationVisitor;3;3

[INFO] com.google.gson.JsonObjectDeserializationVisitor;4;4

[INFO] com.google.gson.JsonSerializationVisitor;3;3

[INFO] com.google.gson.MappedObjectConstructor;3;3

[INFO] com.google.gson.ObjectNavigator;8;9

[INFO] com.google.gson.ParameterizedTypeHandlerMap;2;3

[INFO] com.google.gson.reflect.TypeToken;64;116

[INFO] total;98;152

[INFO] ------------------------------------------------------------------------
[INFO] BUILD SUCCESS
[INFO] ------------------------------------------------------------------------
[INFO] Total time:  26.914 s
[INFO] Finished at: 2021-01-09T01:37:40+01:00
[INFO] ------------------------------------------------------------------------
