[INFO] Scanning for projects...
[INFO] 
[INFO] ---------------------< com.google.code.gson:gson >----------------------
[INFO] Building Gson 2.2.3-SNAPSHOT
[INFO] --------------------------------[ jar ]---------------------------------
[INFO] 
[INFO] --- maven-clean-plugin:2.5:clean (default-clean) @ gson ---
[INFO] Deleting /tmp/v1/gson/target
[INFO] 
[INFO] --- dspot-diff-test-selection:3.1.1-SNAPSHOT:list (default-cli) @ gson ---
[INFO] Running on:
[INFO] /tmp/v1/gson
[INFO] /tmp/v2/gson/
[WARNING] No path to diff file has been specified.
[WARNING] I'll compute a diff file using the UNIX diff command
[WARNING] You may encounter troubles.
[WARNING] If so, please specify a path to a correct diff file
[WARNING] or implement a new way to compute a diff file.
[INFO] Computing the diff with diff commnd line
[INFO] The diff will be computed between:
[INFO] /tmp/v1/gson/src and 
[INFO] /tmp/v2/gson/src
[INFO] Executing: diff -ru /tmp/v1/gson/src /tmp/v2/gson/src from /tmp/v1/gson/src
[INFO] Running in enhanced mode...
[INFO] Computing coverage for /tmp/v1/gson
[WARN] Maven will be executed in interactive mode, but no input stream has been configured for this MavenInvoker instance.
[[1;34mINFO[m] Scanning for projects...
[[1;34mINFO[m] 
[[1;34mINFO[m] [1m---------------------< [0;36mcom.google.code.gson:gson[0;1m >----------------------[m
[[1;34mINFO[m] [1mBuilding Gson 2.2.3-SNAPSHOT[m
[[1;34mINFO[m] [1m--------------------------------[ jar ]---------------------------------[m
[[1;34mINFO[m] 
[[1;34mINFO[m] [1m--- [0;32mmaven-clean-plugin:2.5:clean[m [1m(default-clean)[m @ [36mgson[0;1m ---[m
[[1;34mINFO[m] 
[[1;34mINFO[m] [1m--- [0;32mclover-maven-plugin:4.4.1:setup[m [1m(default-cli)[m @ [36mgson[0;1m ---[m
[[1;34mINFO[m] OpenClover Version 4.4.1, built on October 11 2019 (build-1020)
[[1;34mINFO[m] Creating new database at '/tmp/v1/gson/target/clover/clover.db'.
[[1;34mINFO[m] Processing files at 1.8 source level.
[[1;34mINFO[m] Clover all over. Instrumented 68 files (7 packages).
[[1;34mINFO[m] OpenClover Version 4.4.1, built on October 11 2019 (build-1020)
[[1;34mINFO[m] Updating existing database at '/tmp/v1/gson/target/clover/clover.db'.
[[1;34mINFO[m] Processing files at 1.8 source level.
[[1;34mINFO[m] Clover all over. Instrumented 80 files (8 packages).
[[1;34mINFO[m] 900 test methods detected.
[[1;34mINFO[m] 
[[1;34mINFO[m] [1m--- [0;32mmaven-enforcer-plugin:1.0:enforce[m [1m(enforce-maven)[m @ [36mgson[0;1m ---[m
[[1;34mINFO[m] Skipping Rule Enforcement.
[[1;34mINFO[m] 
[[1;34mINFO[m] [1m--- [0;32mmaven-resources-plugin:2.6:resources[m [1m(default-resources)[m @ [36mgson[0;1m ---[m
[[1;34mINFO[m] Using 'UTF-8' encoding to copy filtered resources.
[[1;34mINFO[m] skip non existing resourceDirectory /tmp/v1/gson/src/main/resources
[[1;34mINFO[m] Copying 1 resource
[[1;34mINFO[m] 
[[1;34mINFO[m] [1m--- [0;32mmaven-compiler-plugin:2.5.1:compile[m [1m(default-compile)[m @ [36mgson[0;1m ---[m
[[1;34mINFO[m] Compiling 68 source files to /tmp/v1/gson/target/classes
[[1;34mINFO[m] 
[[1;34mINFO[m] [1m--- [0;32mmaven-resources-plugin:2.6:testResources[m [1m(default-testResources)[m @ [36mgson[0;1m ---[m
[[1;34mINFO[m] Using 'UTF-8' encoding to copy filtered resources.
[[1;34mINFO[m] skip non existing resourceDirectory /tmp/v1/gson/src/test/resources
[[1;34mINFO[m] 
[[1;34mINFO[m] [1m--- [0;32mmaven-compiler-plugin:2.5.1:testCompile[m [1m(default-testCompile)[m @ [36mgson[0;1m ---[m
[[1;34mINFO[m] Compiling 80 source files to /tmp/v1/gson/target/test-classes
[[1;34mINFO[m] 
[[1;34mINFO[m] [1m--- [0;32mmaven-surefire-plugin:2.12.4:test[m [1m(default-test)[m @ [36mgson[0;1m ---[m
[[1;34mINFO[m] Surefire report directory: /tmp/v1/gson/target/surefire-reports

-------------------------------------------------------
 T E S T S
-------------------------------------------------------
Running com.google.gson.DefaultDateTypeAdapterTest
Tests run: 8, Failures: 0, Errors: 0, Skipped: 0, Time elapsed: 0.108 sec
Running com.google.gson.InnerClassExclusionStrategyTest
Tests run: 4, Failures: 0, Errors: 0, Skipped: 0, Time elapsed: 0.001 sec
Running com.google.gson.GsonTypeAdapterTest
Tests run: 4, Failures: 0, Errors: 0, Skipped: 0, Time elapsed: 0.054 sec
Running com.google.gson.internal.LinkedHashTreeMapTest
Tests run: 8, Failures: 0, Errors: 0, Skipped: 0, Time elapsed: 0.018 sec
Running com.google.gson.internal.bind.JsonTreeWriterTest
Tests run: 12, Failures: 0, Errors: 0, Skipped: 0, Time elapsed: 0.017 sec
Running com.google.gson.internal.bind.JsonElementReaderTest
Tests run: 17, Failures: 0, Errors: 0, Skipped: 0, Time elapsed: 0.018 sec
Running com.google.gson.internal.LinkedTreeMapTest
Tests run: 5, Failures: 0, Errors: 0, Skipped: 0, Time elapsed: 0.005 sec
Running com.google.gson.ParameterizedTypeTest
Tests run: 2, Failures: 0, Errors: 0, Skipped: 0, Time elapsed: 0.005 sec
Running com.google.gson.common.TestTypes
Tests run: 0, Failures: 0, Errors: 0, Skipped: 0, Time elapsed: 0 sec
Running com.google.gson.GsonBuilderTest
Tests run: 4, Failures: 0, Errors: 0, Skipped: 0, Time elapsed: 0.008 sec
Running com.google.gson.reflect.TypeTokenTest
Tests run: 4, Failures: 0, Errors: 0, Skipped: 0, Time elapsed: 0.004 sec
Running com.google.gson.DefaultInetAddressTypeAdapterTest
Tests run: 1, Failures: 0, Errors: 0, Skipped: 0, Time elapsed: 0.006 sec
Running com.google.gson.ExposeAnnotationExclusionStrategyTest
Tests run: 6, Failures: 0, Errors: 0, Skipped: 0, Time elapsed: 0.012 sec
Running com.google.gson.FieldAttributesTest
Tests run: 6, Failures: 0, Errors: 0, Skipped: 0, Time elapsed: 0.005 sec
Running com.google.gson.CommentsTest
Tests run: 1, Failures: 0, Errors: 0, Skipped: 0, Time elapsed: 0.001 sec
Running com.google.gson.JsonNullTest
Tests run: 2, Failures: 0, Errors: 0, Skipped: 0, Time elapsed: 0.001 sec
Running com.google.gson.JsonObjectTest
Tests run: 12, Failures: 0, Errors: 0, Skipped: 0, Time elapsed: 0.011 sec
Running com.google.gson.stream.JsonWriterTest
Tests run: 34, Failures: 0, Errors: 0, Skipped: 0, Time elapsed: 0.027 sec
Running com.google.gson.stream.JsonReaderTest
Tests run: 116, Failures: 0, Errors: 0, Skipped: 0, Time elapsed: 0.103 sec
Running com.google.gson.metrics.PerformanceTest
Tests run: 1, Failures: 0, Errors: 0, Skipped: 0, Time elapsed: 0 sec
Running com.google.gson.MixedStreamTest
Tests run: 12, Failures: 0, Errors: 0, Skipped: 0, Time elapsed: 0.01 sec
Running com.google.gson.DefaultMapJsonSerializerTest
Tests run: 3, Failures: 0, Errors: 0, Skipped: 0, Time elapsed: 0.004 sec
Running com.google.gson.VersionExclusionStrategyTest
Tests run: 3, Failures: 0, Errors: 0, Skipped: 0, Time elapsed: 0.003 sec
Running com.google.gson.functional.InternationalizationTest
Tests run: 4, Failures: 0, Errors: 0, Skipped: 0, Time elapsed: 0.002 sec
Running com.google.gson.functional.SecurityTest
Tests run: 5, Failures: 0, Errors: 0, Skipped: 0, Time elapsed: 0.007 sec
Running com.google.gson.functional.InterceptorTest
Tests run: 4, Failures: 2, Errors: 0, Skipped: 0, Time elapsed: 0.01 sec <<< FAILURE!
testPostDeserializeList(com.google.gson.functional.InterceptorTest)  Time elapsed: 0.006 sec  <<< FAILURE!
junit.framework.ComparisonFailure: expected:<invalid@invalid.com> but was:<null>
	at junit.framework.Assert.assertEquals(Assert.java:81)
	at junit.framework.Assert.assertEquals(Assert.java:87)
	at com.google.gson.functional.InterceptorTest.__CLR4_4_1hqb47i6oy(InterceptorTest.java:58)
	at com.google.gson.functional.InterceptorTest.testPostDeserializeList(InterceptorTest.java:55)

testPostDeserializeField(com.google.gson.functional.InterceptorTest)  Time elapsed: 0.001 sec  <<< FAILURE!
junit.framework.ComparisonFailure: expected:<invalid@invalid.com> but was:<null>
	at junit.framework.Assert.assertEquals(Assert.java:81)
	at junit.framework.Assert.assertEquals(Assert.java:87)
	at com.google.gson.functional.InterceptorTest.__CLR4_4_1y56fxo6p2(InterceptorTest.java:63)
	at com.google.gson.functional.InterceptorTest.testPostDeserializeField(InterceptorTest.java:61)

Running com.google.gson.functional.EnumTest
Tests run: 10, Failures: 0, Errors: 0, Skipped: 0, Time elapsed: 0.013 sec
Running com.google.gson.functional.ObjectTest
Tests run: 43, Failures: 0, Errors: 0, Skipped: 0, Time elapsed: 0.05 sec
Running com.google.gson.functional.FieldExclusionTest
Tests run: 3, Failures: 0, Errors: 0, Skipped: 0, Time elapsed: 0.003 sec
Running com.google.gson.functional.ExposeFieldsTest
Tests run: 8, Failures: 0, Errors: 0, Skipped: 0, Time elapsed: 0.009 sec
Running com.google.gson.functional.ParameterizedTypesTest
Tests run: 17, Failures: 0, Errors: 0, Skipped: 0, Time elapsed: 0.032 sec
Running com.google.gson.functional.PrettyPrintingTest
Tests run: 8, Failures: 0, Errors: 0, Skipped: 0, Time elapsed: 0.008 sec
Running com.google.gson.functional.CustomTypeAdaptersTest
Tests run: 19, Failures: 0, Errors: 0, Skipped: 0, Time elapsed: 0.023 sec
Running com.google.gson.functional.ReadersWritersTest
Tests run: 10, Failures: 0, Errors: 0, Skipped: 0, Time elapsed: 0.009 sec
Running com.google.gson.functional.CircularReferenceTest
Tests run: 6, Failures: 0, Errors: 0, Skipped: 0, Time elapsed: 0.038 sec
Running com.google.gson.functional.RawSerializationTest
Tests run: 5, Failures: 0, Errors: 0, Skipped: 0, Time elapsed: 0.007 sec
Running com.google.gson.functional.CustomDeserializerTest
Tests run: 7, Failures: 0, Errors: 0, Skipped: 0, Time elapsed: 0.01 sec
Running com.google.gson.functional.TypeAdapterPrecedenceTest
Tests run: 8, Failures: 0, Errors: 0, Skipped: 0, Time elapsed: 0.006 sec
Running com.google.gson.functional.MoreSpecificTypeSerializationTest
Tests run: 6, Failures: 0, Errors: 0, Skipped: 0, Time elapsed: 0.008 sec
Running com.google.gson.functional.InterfaceTest
Tests run: 2, Failures: 0, Errors: 0, Skipped: 0, Time elapsed: 0.002 sec
Running com.google.gson.functional.TypeVariableTest
Tests run: 3, Failures: 0, Errors: 0, Skipped: 0, Time elapsed: 0.005 sec
Running com.google.gson.functional.ExclusionStrategyFunctionalTest
Tests run: 9, Failures: 0, Errors: 0, Skipped: 0, Time elapsed: 0.01 sec
Running com.google.gson.functional.DefaultTypeAdaptersTest
Tests run: 65, Failures: 0, Errors: 0, Skipped: 0, Time elapsed: 0.067 sec
Running com.google.gson.functional.NullObjectAndFieldTest
Tests run: 16, Failures: 0, Errors: 0, Skipped: 0, Time elapsed: 0.017 sec
Running com.google.gson.functional.MapAsArrayTypeAdapterTest
Tests run: 5, Failures: 0, Errors: 0, Skipped: 0, Time elapsed: 0.011 sec
Running com.google.gson.functional.InstanceCreatorTest
Tests run: 4, Failures: 0, Errors: 0, Skipped: 0, Time elapsed: 0.005 sec
Running com.google.gson.functional.PrimitiveCharacterTest
Tests run: 2, Failures: 0, Errors: 0, Skipped: 0, Time elapsed: 0.002 sec
Running com.google.gson.functional.MapTest
Tests run: 41, Failures: 0, Errors: 0, Skipped: 0, Time elapsed: 0.054 sec
Running com.google.gson.functional.FieldNamingTest
Tests run: 5, Failures: 0, Errors: 0, Skipped: 0, Time elapsed: 0.008 sec
Running com.google.gson.functional.VersioningTest
Tests run: 10, Failures: 0, Errors: 0, Skipped: 0, Time elapsed: 0.013 sec
Running com.google.gson.functional.DelegateTypeAdapterTest
Tests run: 2, Failures: 0, Errors: 0, Skipped: 0, Time elapsed: 0.005 sec
Running com.google.gson.functional.InheritanceTest
Tests run: 13, Failures: 0, Errors: 0, Skipped: 0, Time elapsed: 0.017 sec
Running com.google.gson.functional.TypeHierarchyAdapterTest
Tests run: 3, Failures: 0, Errors: 0, Skipped: 0, Time elapsed: 0.009 sec
Running com.google.gson.functional.CustomSerializerTest
Tests run: 5, Failures: 0, Errors: 0, Skipped: 0, Time elapsed: 0.005 sec
Running com.google.gson.functional.StreamingTypeAdaptersTest
Tests run: 17, Failures: 0, Errors: 0, Skipped: 0, Time elapsed: 0.02 sec
Running com.google.gson.functional.EscapingTest
Tests run: 5, Failures: 0, Errors: 0, Skipped: 0, Time elapsed: 0.005 sec
Running com.google.gson.functional.CollectionTest
Tests run: 25, Failures: 0, Errors: 0, Skipped: 0, Time elapsed: 0.027 sec
Running com.google.gson.functional.JsonTreeTest
Tests run: 4, Failures: 0, Errors: 0, Skipped: 0, Time elapsed: 0.003 sec
Running com.google.gson.functional.ArrayTest
Tests run: 26, Failures: 0, Errors: 0, Skipped: 0, Time elapsed: 0.017 sec
Running com.google.gson.functional.PrintFormattingTest
Tests run: 3, Failures: 0, Errors: 0, Skipped: 0, Time elapsed: 0.002 sec
Running com.google.gson.functional.StringTest
Tests run: 18, Failures: 0, Errors: 0, Skipped: 0, Time elapsed: 0.01 sec
Running com.google.gson.functional.UncategorizedTest
Tests run: 6, Failures: 0, Errors: 0, Skipped: 0, Time elapsed: 0.006 sec
Running com.google.gson.functional.JsonParserTest
Tests run: 8, Failures: 0, Errors: 0, Skipped: 0, Time elapsed: 0.009 sec
Running com.google.gson.functional.NamingPolicyTest
Tests run: 14, Failures: 0, Errors: 0, Skipped: 0, Time elapsed: 0.013 sec
Running com.google.gson.functional.ConcurrencyTest
Tests run: 4, Failures: 0, Errors: 0, Skipped: 0, Time elapsed: 0.042 sec
Running com.google.gson.functional.PrimitiveTest
Tests run: 97, Failures: 0, Errors: 0, Skipped: 0, Time elapsed: 0.052 sec
Running com.google.gson.functional.TreeTypeAdaptersTest
Tests run: 2, Failures: 0, Errors: 0, Skipped: 0, Time elapsed: 0.005 sec
Running com.google.gson.ObjectTypeAdapterTest
Tests run: 5, Failures: 0, Errors: 0, Skipped: 0, Time elapsed: 0.005 sec
Running com.google.gson.JsonStreamParserTest
Tests run: 4, Failures: 0, Errors: 0, Skipped: 0, Time elapsed: 0.003 sec
Running com.google.gson.JavaSerializationTest
Tests run: 3, Failures: 0, Errors: 0, Skipped: 0, Time elapsed: 0.068 sec
Running com.google.gson.GenericArrayTypeTest
Tests run: 2, Failures: 0, Errors: 0, Skipped: 0, Time elapsed: 0.002 sec
Running com.google.gson.JsonArrayTest
Tests run: 3, Failures: 0, Errors: 0, Skipped: 0, Time elapsed: 0.002 sec
Running com.google.gson.JsonParserTest
Tests run: 10, Failures: 0, Errors: 0, Skipped: 0, Time elapsed: 0.006 sec
Running com.google.gson.JsonPrimitiveTest
Tests run: 24, Failures: 0, Errors: 0, Skipped: 0, Time elapsed: 0.01 sec
Running com.google.gson.LongSerializationPolicyTest
Tests run: 4, Failures: 0, Errors: 0, Skipped: 0, Time elapsed: 0.003 sec
Running com.google.gson.OverrideCoreTypeAdaptersTest
Tests run: 3, Failures: 0, Errors: 0, Skipped: 0, Time elapsed: 0.002 sec

Results :

Failed tests:   testPostDeserializeList(com.google.gson.functional.InterceptorTest): expected:<invalid@invalid.com> but was:<null>
  testPostDeserializeField(com.google.gson.functional.InterceptorTest): expected:<invalid@invalid.com> but was:<null>

Tests run: 900, Failures: 2, Errors: 0, Skipped: 0

[[1;34mINFO[m] [1m------------------------------------------------------------------------[m
[[1;34mINFO[m] [1;31mBUILD FAILURE[m
[[1;34mINFO[m] [1m------------------------------------------------------------------------[m
[[1;34mINFO[m] Total time:  8.012 s
[[1;34mINFO[m] Finished at: 2021-01-05T10:00:35+01:00
[[1;34mINFO[m] [1m------------------------------------------------------------------------[m
[[1;31mERROR[m] Failed to execute goal [32morg.apache.maven.plugins:maven-surefire-plugin:2.12.4:test[m [1m(default-test)[m on project [36mgson[m: [1;31mThere are test failures.[m
[[1;31mERROR[m] [1;31m[m
[[1;31mERROR[m] [1;31mPlease refer to /tmp/v1/gson/target/surefire-reports for the individual test results.[m
[[1;31mERROR[m] -> [1m[Help 1][m
[[1;31mERROR[m] 
[[1;31mERROR[m] To see the full stack trace of the errors, re-run Maven with the [1m-e[m switch.
[[1;31mERROR[m] Re-run Maven using the [1m-X[m switch to enable full debug logging.
[[1;31mERROR[m] 
[[1;31mERROR[m] For more information about the errors and possible solutions, please read the following articles:
[[1;31mERROR[m] [1m[Help 1][m http://cwiki.apache.org/confluence/display/MAVEN/MojoFailureException
Writing HTML report to '/tmp/v1/gson/target/clover/report'
Done. Processed 10 packages in 3045ms (304ms per package).
[INFO] Computing coverage for /tmp/v2/gson/
[WARN] Maven will be executed in interactive mode, but no input stream has been configured for this MavenInvoker instance.
[[1;34mINFO[m] Scanning for projects...
[[1;34mINFO[m] 
[[1;34mINFO[m] [1m---------------------< [0;36mcom.google.code.gson:gson[0;1m >----------------------[m
[[1;34mINFO[m] [1mBuilding Gson 2.2.3-SNAPSHOT[m
[[1;34mINFO[m] [1m--------------------------------[ jar ]---------------------------------[m
[[1;34mINFO[m] 
[[1;34mINFO[m] [1m--- [0;32mmaven-clean-plugin:2.5:clean[m [1m(default-clean)[m @ [36mgson[0;1m ---[m
[[1;34mINFO[m] Deleting /tmp/v2/gson/target
[[1;34mINFO[m] 
[[1;34mINFO[m] [1m--- [0;32mclover-maven-plugin:4.4.1:setup[m [1m(default-cli)[m @ [36mgson[0;1m ---[m
[[1;34mINFO[m] OpenClover Version 4.4.1, built on October 11 2019 (build-1020)
[[1;34mINFO[m] Creating new database at '/tmp/v2/gson/target/clover/clover.db'.
[[1;34mINFO[m] Processing files at 1.8 source level.
[[1;34mINFO[m] Clover all over. Instrumented 68 files (7 packages).
[[1;34mINFO[m] OpenClover Version 4.4.1, built on October 11 2019 (build-1020)
[[1;34mINFO[m] Updating existing database at '/tmp/v2/gson/target/clover/clover.db'.
[[1;34mINFO[m] Processing files at 1.8 source level.
[[1;34mINFO[m] Clover all over. Instrumented 80 files (8 packages).
[[1;34mINFO[m] 904 test methods detected.
[[1;34mINFO[m] 
[[1;34mINFO[m] [1m--- [0;32mmaven-enforcer-plugin:1.0:enforce[m [1m(enforce-maven)[m @ [36mgson[0;1m ---[m
[[1;34mINFO[m] Skipping Rule Enforcement.
[[1;34mINFO[m] 
[[1;34mINFO[m] [1m--- [0;32mmaven-resources-plugin:2.6:resources[m [1m(default-resources)[m @ [36mgson[0;1m ---[m
[[1;34mINFO[m] Using 'UTF-8' encoding to copy filtered resources.
[[1;34mINFO[m] skip non existing resourceDirectory /tmp/v2/gson/src/main/resources
[[1;34mINFO[m] Copying 1 resource
[[1;34mINFO[m] 
[[1;34mINFO[m] [1m--- [0;32mmaven-compiler-plugin:2.5.1:compile[m [1m(default-compile)[m @ [36mgson[0;1m ---[m
[[1;34mINFO[m] Compiling 68 source files to /tmp/v2/gson/target/classes
[[1;34mINFO[m] 
[[1;34mINFO[m] [1m--- [0;32mmaven-resources-plugin:2.6:testResources[m [1m(default-testResources)[m @ [36mgson[0;1m ---[m
[[1;34mINFO[m] Using 'UTF-8' encoding to copy filtered resources.
[[1;34mINFO[m] skip non existing resourceDirectory /tmp/v2/gson/src/test/resources
[[1;34mINFO[m] 
[[1;34mINFO[m] [1m--- [0;32mmaven-compiler-plugin:2.5.1:testCompile[m [1m(default-testCompile)[m @ [36mgson[0;1m ---[m
[[1;34mINFO[m] Compiling 80 source files to /tmp/v2/gson/target/test-classes
[[1;34mINFO[m] 
[[1;34mINFO[m] [1m--- [0;32mmaven-surefire-plugin:2.12.4:test[m [1m(default-test)[m @ [36mgson[0;1m ---[m
[[1;34mINFO[m] Surefire report directory: /tmp/v2/gson/target/surefire-reports

-------------------------------------------------------
 T E S T S
-------------------------------------------------------
Running com.google.gson.DefaultDateTypeAdapterTest
Tests run: 8, Failures: 0, Errors: 0, Skipped: 0, Time elapsed: 0.095 sec
Running com.google.gson.InnerClassExclusionStrategyTest
Tests run: 4, Failures: 0, Errors: 0, Skipped: 0, Time elapsed: 0 sec
Running com.google.gson.GsonTypeAdapterTest
Tests run: 4, Failures: 0, Errors: 0, Skipped: 0, Time elapsed: 0.054 sec
Running com.google.gson.internal.LinkedHashTreeMapTest
Tests run: 8, Failures: 0, Errors: 0, Skipped: 0, Time elapsed: 0.017 sec
Running com.google.gson.internal.bind.JsonTreeWriterTest
Tests run: 12, Failures: 0, Errors: 0, Skipped: 0, Time elapsed: 0.016 sec
Running com.google.gson.internal.bind.JsonElementReaderTest
Tests run: 17, Failures: 0, Errors: 0, Skipped: 0, Time elapsed: 0.018 sec
Running com.google.gson.internal.LinkedTreeMapTest
Tests run: 5, Failures: 0, Errors: 0, Skipped: 0, Time elapsed: 0.005 sec
Running com.google.gson.ParameterizedTypeTest
Tests run: 2, Failures: 0, Errors: 0, Skipped: 0, Time elapsed: 0.003 sec
Running com.google.gson.common.TestTypes
Tests run: 0, Failures: 0, Errors: 0, Skipped: 0, Time elapsed: 0 sec
Running com.google.gson.GsonBuilderTest
Tests run: 4, Failures: 0, Errors: 0, Skipped: 0, Time elapsed: 0.007 sec
Running com.google.gson.reflect.TypeTokenTest
Tests run: 4, Failures: 0, Errors: 0, Skipped: 0, Time elapsed: 0.005 sec
Running com.google.gson.DefaultInetAddressTypeAdapterTest
Tests run: 1, Failures: 0, Errors: 0, Skipped: 0, Time elapsed: 0.006 sec
Running com.google.gson.ExposeAnnotationExclusionStrategyTest
Tests run: 6, Failures: 0, Errors: 0, Skipped: 0, Time elapsed: 0.007 sec
Running com.google.gson.FieldAttributesTest
Tests run: 6, Failures: 0, Errors: 0, Skipped: 0, Time elapsed: 0.005 sec
Running com.google.gson.CommentsTest
Tests run: 1, Failures: 0, Errors: 0, Skipped: 0, Time elapsed: 0.003 sec
Running com.google.gson.JsonNullTest
Tests run: 2, Failures: 0, Errors: 0, Skipped: 0, Time elapsed: 0.001 sec
Running com.google.gson.JsonObjectTest
Tests run: 12, Failures: 0, Errors: 0, Skipped: 0, Time elapsed: 0.01 sec
Running com.google.gson.stream.JsonWriterTest
Tests run: 34, Failures: 0, Errors: 0, Skipped: 0, Time elapsed: 0.028 sec
Running com.google.gson.stream.JsonReaderTest
Tests run: 116, Failures: 0, Errors: 0, Skipped: 0, Time elapsed: 0.104 sec
Running com.google.gson.metrics.PerformanceTest
Tests run: 1, Failures: 0, Errors: 0, Skipped: 0, Time elapsed: 0 sec
Running com.google.gson.MixedStreamTest
Tests run: 12, Failures: 0, Errors: 0, Skipped: 0, Time elapsed: 0.012 sec
Running com.google.gson.DefaultMapJsonSerializerTest
Tests run: 3, Failures: 0, Errors: 0, Skipped: 0, Time elapsed: 0.004 sec
Running com.google.gson.VersionExclusionStrategyTest
Tests run: 3, Failures: 0, Errors: 0, Skipped: 0, Time elapsed: 0.003 sec
Running com.google.gson.functional.InternationalizationTest
Tests run: 4, Failures: 0, Errors: 0, Skipped: 0, Time elapsed: 0.002 sec
Running com.google.gson.functional.SecurityTest
Tests run: 5, Failures: 0, Errors: 0, Skipped: 0, Time elapsed: 0.007 sec
Running com.google.gson.functional.InterceptorTest
Tests run: 8, Failures: 0, Errors: 0, Skipped: 0, Time elapsed: 0.015 sec
Running com.google.gson.functional.EnumTest
Tests run: 10, Failures: 0, Errors: 0, Skipped: 0, Time elapsed: 0.013 sec
Running com.google.gson.functional.ObjectTest
Tests run: 43, Failures: 0, Errors: 0, Skipped: 0, Time elapsed: 0.044 sec
Running com.google.gson.functional.FieldExclusionTest
Tests run: 3, Failures: 0, Errors: 0, Skipped: 0, Time elapsed: 0.002 sec
Running com.google.gson.functional.ExposeFieldsTest
Tests run: 8, Failures: 0, Errors: 0, Skipped: 0, Time elapsed: 0.009 sec
Running com.google.gson.functional.ParameterizedTypesTest
Tests run: 17, Failures: 0, Errors: 0, Skipped: 0, Time elapsed: 0.033 sec
Running com.google.gson.functional.PrettyPrintingTest
Tests run: 8, Failures: 0, Errors: 0, Skipped: 0, Time elapsed: 0.007 sec
Running com.google.gson.functional.CustomTypeAdaptersTest
Tests run: 19, Failures: 0, Errors: 0, Skipped: 0, Time elapsed: 0.021 sec
Running com.google.gson.functional.ReadersWritersTest
Tests run: 10, Failures: 0, Errors: 0, Skipped: 0, Time elapsed: 0.008 sec
Running com.google.gson.functional.CircularReferenceTest
Tests run: 6, Failures: 0, Errors: 0, Skipped: 0, Time elapsed: 0.033 sec
Running com.google.gson.functional.RawSerializationTest
Tests run: 5, Failures: 0, Errors: 0, Skipped: 0, Time elapsed: 0.005 sec
Running com.google.gson.functional.CustomDeserializerTest
Tests run: 7, Failures: 0, Errors: 0, Skipped: 0, Time elapsed: 0.009 sec
Running com.google.gson.functional.TypeAdapterPrecedenceTest
Tests run: 8, Failures: 0, Errors: 0, Skipped: 0, Time elapsed: 0.005 sec
Running com.google.gson.functional.MoreSpecificTypeSerializationTest
Tests run: 6, Failures: 0, Errors: 0, Skipped: 0, Time elapsed: 0.008 sec
Running com.google.gson.functional.InterfaceTest
Tests run: 2, Failures: 0, Errors: 0, Skipped: 0, Time elapsed: 0.002 sec
Running com.google.gson.functional.TypeVariableTest
Tests run: 3, Failures: 0, Errors: 0, Skipped: 0, Time elapsed: 0.004 sec
Running com.google.gson.functional.ExclusionStrategyFunctionalTest
Tests run: 9, Failures: 0, Errors: 0, Skipped: 0, Time elapsed: 0.009 sec
Running com.google.gson.functional.DefaultTypeAdaptersTest
Tests run: 65, Failures: 0, Errors: 0, Skipped: 0, Time elapsed: 0.054 sec
Running com.google.gson.functional.NullObjectAndFieldTest
Tests run: 16, Failures: 0, Errors: 0, Skipped: 0, Time elapsed: 0.013 sec
Running com.google.gson.functional.MapAsArrayTypeAdapterTest
Tests run: 5, Failures: 0, Errors: 0, Skipped: 0, Time elapsed: 0.008 sec
Running com.google.gson.functional.InstanceCreatorTest
Tests run: 4, Failures: 0, Errors: 0, Skipped: 0, Time elapsed: 0.004 sec
Running com.google.gson.functional.PrimitiveCharacterTest
Tests run: 2, Failures: 0, Errors: 0, Skipped: 0, Time elapsed: 0.001 sec
Running com.google.gson.functional.MapTest
Tests run: 41, Failures: 0, Errors: 0, Skipped: 0, Time elapsed: 0.04 sec
Running com.google.gson.functional.FieldNamingTest
Tests run: 5, Failures: 0, Errors: 0, Skipped: 0, Time elapsed: 0.005 sec
Running com.google.gson.functional.VersioningTest
Tests run: 10, Failures: 0, Errors: 0, Skipped: 0, Time elapsed: 0.008 sec
Running com.google.gson.functional.DelegateTypeAdapterTest
Tests run: 2, Failures: 0, Errors: 0, Skipped: 0, Time elapsed: 0.003 sec
Running com.google.gson.functional.InheritanceTest
Tests run: 13, Failures: 0, Errors: 0, Skipped: 0, Time elapsed: 0.012 sec
Running com.google.gson.functional.TypeHierarchyAdapterTest
Tests run: 3, Failures: 0, Errors: 0, Skipped: 0, Time elapsed: 0.006 sec
Running com.google.gson.functional.CustomSerializerTest
Tests run: 5, Failures: 0, Errors: 0, Skipped: 0, Time elapsed: 0.003 sec
Running com.google.gson.functional.StreamingTypeAdaptersTest
Tests run: 17, Failures: 0, Errors: 0, Skipped: 0, Time elapsed: 0.018 sec
Running com.google.gson.functional.EscapingTest
Tests run: 5, Failures: 0, Errors: 0, Skipped: 0, Time elapsed: 0.004 sec
Running com.google.gson.functional.CollectionTest
Tests run: 25, Failures: 0, Errors: 0, Skipped: 0, Time elapsed: 0.023 sec
Running com.google.gson.functional.JsonTreeTest
Tests run: 4, Failures: 0, Errors: 0, Skipped: 0, Time elapsed: 0.003 sec
Running com.google.gson.functional.ArrayTest
Tests run: 26, Failures: 0, Errors: 0, Skipped: 0, Time elapsed: 0.016 sec
Running com.google.gson.functional.PrintFormattingTest
Tests run: 3, Failures: 0, Errors: 0, Skipped: 0, Time elapsed: 0.002 sec
Running com.google.gson.functional.StringTest
Tests run: 18, Failures: 0, Errors: 0, Skipped: 0, Time elapsed: 0.01 sec
Running com.google.gson.functional.UncategorizedTest
Tests run: 6, Failures: 0, Errors: 0, Skipped: 0, Time elapsed: 0.005 sec
Running com.google.gson.functional.JsonParserTest
Tests run: 8, Failures: 0, Errors: 0, Skipped: 0, Time elapsed: 0.007 sec
Running com.google.gson.functional.NamingPolicyTest
Tests run: 14, Failures: 0, Errors: 0, Skipped: 0, Time elapsed: 0.01 sec
Running com.google.gson.functional.ConcurrencyTest
Tests run: 4, Failures: 0, Errors: 0, Skipped: 0, Time elapsed: 0.037 sec
Running com.google.gson.functional.PrimitiveTest
Tests run: 97, Failures: 0, Errors: 0, Skipped: 0, Time elapsed: 0.066 sec
Running com.google.gson.functional.TreeTypeAdaptersTest
Tests run: 2, Failures: 0, Errors: 0, Skipped: 0, Time elapsed: 0.005 sec
Running com.google.gson.ObjectTypeAdapterTest
Tests run: 5, Failures: 0, Errors: 0, Skipped: 0, Time elapsed: 0.005 sec
Running com.google.gson.JsonStreamParserTest
Tests run: 4, Failures: 0, Errors: 0, Skipped: 0, Time elapsed: 0.001 sec
Running com.google.gson.JavaSerializationTest
Tests run: 3, Failures: 0, Errors: 0, Skipped: 0, Time elapsed: 0.07 sec
Running com.google.gson.GenericArrayTypeTest
Tests run: 2, Failures: 0, Errors: 0, Skipped: 0, Time elapsed: 0.002 sec
Running com.google.gson.JsonArrayTest
Tests run: 3, Failures: 0, Errors: 0, Skipped: 0, Time elapsed: 0.002 sec
Running com.google.gson.JsonParserTest
Tests run: 10, Failures: 0, Errors: 0, Skipped: 0, Time elapsed: 0.006 sec
Running com.google.gson.JsonPrimitiveTest
Tests run: 24, Failures: 0, Errors: 0, Skipped: 0, Time elapsed: 0.011 sec
Running com.google.gson.LongSerializationPolicyTest
Tests run: 4, Failures: 0, Errors: 0, Skipped: 0, Time elapsed: 0.002 sec
Running com.google.gson.OverrideCoreTypeAdaptersTest
Tests run: 3, Failures: 0, Errors: 0, Skipped: 0, Time elapsed: 0.002 sec

Results :

Tests run: 904, Failures: 0, Errors: 0, Skipped: 0

[[1;34mINFO[m] [1m------------------------------------------------------------------------[m
[[1;34mINFO[m] [1;32mBUILD SUCCESS[m
[[1;34mINFO[m] [1m------------------------------------------------------------------------[m
[[1;34mINFO[m] Total time:  7.763 s
[[1;34mINFO[m] Finished at: 2021-01-05T10:00:48+01:00
[[1;34mINFO[m] [1m------------------------------------------------------------------------[m
Writing HTML report to '/tmp/v2/gson/target/clover/report'
Done. Processed 10 packages in 1978ms (197ms per package).
[INFO] /tmp/v1/gson/src/main/java/com/google/gson/Gson.java
[INFO] /tmp/v2/gson/src/main/java/com/google/gson/Gson.java
[INFO] com.google.gson.Gson:[895, 895, 895] are modified.
[INFO] com.google.gson.Gson:895 covered.
[INFO] com.google.gson.Gson:[893, 895, 927, 895, 896, 897, 928, 931, 800, 895, 896, 928, 931] are modified.
[INFO] com.google.gson.Gson:896 covered.
[INFO] com.google.gson.Gson:897 covered.
[INFO] com.google.gson.Gson:800 covered.
[INFO] com.google.gson.Gson:928 covered.
[INFO] com.google.gson.Gson:931 covered.
[INFO] /tmp/v1/gson/src/main/java/com/google/gson/internal/bind/ArrayTypeAdapter.java
[INFO] /tmp/v2/gson/src/main/java/com/google/gson/internal/bind/ArrayTypeAdapter.java
[INFO] com.google.gson.internal.bind.ArrayTypeAdapter:[54, 59, 59, 75, 75] are modified.
[INFO] com.google.gson.internal.bind.ArrayTypeAdapter:59 covered.
[INFO] com.google.gson.internal.bind.ArrayTypeAdapter:75 covered.
[INFO] /tmp/v1/gson/src/main/java/com/google/gson/internal/bind/CollectionTypeAdapterFactory.java
[INFO] /tmp/v2/gson/src/main/java/com/google/gson/internal/bind/CollectionTypeAdapterFactory.java
[INFO] com.google.gson.internal.bind.CollectionTypeAdapterFactory:[61, 69, 69, 70, 86, 86] are modified.
[INFO] com.google.gson.internal.bind.CollectionTypeAdapterFactory:69 covered.
[INFO] com.google.gson.internal.bind.CollectionTypeAdapterFactory:70 covered.
[INFO] com.google.gson.internal.bind.CollectionTypeAdapterFactory:86 covered.
[INFO] /tmp/v1/gson/src/main/java/com/google/gson/internal/bind/MapTypeAdapterFactory.java
[INFO] /tmp/v2/gson/src/main/java/com/google/gson/internal/bind/MapTypeAdapterFactory.java
[INFO] com.google.gson.internal.bind.MapTypeAdapterFactory:[147, 157, 157, 158, 159, 181, 197, 181, 184] are modified.
[INFO] com.google.gson.internal.bind.MapTypeAdapterFactory:157 covered.
[INFO] com.google.gson.internal.bind.MapTypeAdapterFactory:158 covered.
[INFO] com.google.gson.internal.bind.MapTypeAdapterFactory:159 covered.
[INFO] com.google.gson.internal.bind.MapTypeAdapterFactory:184 covered.
[INFO] com.google.gson.internal.bind.MapTypeAdapterFactory:197 covered.
[INFO] com.google.gson.internal.bind.MapTypeAdapterFactory:181 covered.
[INFO] /tmp/v1/gson/src/main/java/com/google/gson/internal/bind/ReflectiveTypeAdapterFactory.java
[INFO] /tmp/v2/gson/src/main/java/com/google/gson/internal/bind/ReflectiveTypeAdapterFactory.java
[INFO] com.google.gson.internal.bind.ReflectiveTypeAdapterFactory:[94, 94, 94] are modified.
[INFO] com.google.gson.internal.bind.ReflectiveTypeAdapterFactory:94 covered.
[INFO] /tmp/v1/gson/src/test/java/com/google/gson/functional/InterceptorTest.java
[INFO] /tmp/v2/gson/src/test/java/com/google/gson/functional/InterceptorTest.java
[INFO] Build modified Tests /tmp/v2/gson/src/test/java/com/google/gson/functional/InterceptorTest.java
[INFO] Saving result in /tmp/v1/gson/testsThatExecuteTheChange.csv ...
[INFO] com.google.gson.functional.PrimitiveTest;testDeserializingDecimalPointValueZeroSucceeds;testByteDeserialization;testFloatInfinityDeserialization;testPrimitiveIntegerAutoboxedDeserialization;testDeserializePrimitiveWrapperAsObjectField;testBooleanDeserialization;testBigDecimalNoFractAsStringRepresentationDeserialization;testNumberDeserialization;testDeserializingBigIntegerAsBigDecimal;testPrimitiveLongAutoboxedDeserialization;testBigDecimalDeserialization;testBigDecimalPreservePrecisionDeserialization;testPrimitiveClassLiteral;testLargeDoubleDeserialization;testDoubleInfinityDeserialization;testReallyLongValuesDeserialization;testSmallValueForBigIntegerDeserialization;testBigDecimalAsStringRepresentationDeserialization;testDoubleNoFractAsStringRepresentationDeserialization;testNegativeInfinityFloatDeserialization;testDeserializingBigDecimalAsDouble;testUnquotedStringDeserializationFails;testFloatNaNDeserialization;testQuotedStringSerializationAndDeserialization;testBigIntegerDeserialization;testValueVeryCloseToZeroIsZero;testDeserializingBigDecimalAsFloat;testPrimitiveDoubleAutoboxedDeserialization;testDoubleAsStringRepresentationDeserialization;testDoubleNaNDeserialization;testSmallValueForBigDecimalDeserialization;testStringsAsBooleans;testNegativeInfinityDeserialization;testLongAsStringDeserialization
com.google.gson.functional.ObjectTest;testNullArraysDeserialization;testSingletonLists;testArrayOfArraysDeserialization;testNullPrimitiveFieldsDeserialization;testObjectFieldNamesWithoutQuotesDeserialization;testArrayOfArraysSerialization;testClassWithTransientFieldsSerialization;testStringFieldWithNumberValueDeserialization;testTruncatedDeserialization;testBagOfPrimitiveWrappersDeserialization;testEmptyCollectionInAnObjectSerialization;testPrimitiveArrayFieldSerialization;testArrayOfObjectsAsFields;testClassWithTransientFieldsDeserialization;testPrivateNoArgConstructorDeserialization;testNullObjectFieldsDeserialization;testNestedDeserialization;testClassWithNoFieldsDeserialization;testJsonInMixedQuotesDeserialization;testArrayOfObjectsDeserialization;testInnerClassDeserialization;testClassWithTransientFieldsDeserializationTransientFieldsPassedInJsonAreIgnored;testNullFieldsDeserialization;testPrimitiveArrayInAnObjectDeserialization;testStringFieldWithEmptyValueDeserialization;testEmptyCollectionInAnObjectDeserialization;testDateAsMapObjectField;testBagOfPrimitivesDeserialization;testJsonInSingleQuotesDeserialization;testArrayOfObjectsSerialization
com.google.gson.functional.ExclusionStrategyFunctionalTest;testExclusionStrategyWithMode;testExcludeTopLevelClassSerializationDoesNotImpactDeserialization;testExclusionStrategySerializationDoesNotImpactDeserialization;testExcludeTopLevelClassDeserialization;testExclusionStrategyDeserialization
com.google.gson.functional.ReadersWritersTest;testTopLevelNullObjectDeserializationWithReaderAndSerializeNulls;testTopLevelNullObjectDeserializationWithReader;testReadWriteTwoStrings;testReadWriteTwoObjects;testTypeMismatchThrowsJsonSyntaxExceptionForStrings;testTypeMismatchThrowsJsonSyntaxExceptionForReaders;testReaderForDeserialization
com.google.gson.functional.NullObjectAndFieldTest;testExplicitSerializationOfNullStringMembers;testExplicitNullSetsFieldToNullDuringDeserialization;testAbsentJsonElementsAreSetToNull;testPrintPrintingArraysWithNulls;testNullWrappedPrimitiveMemberDeserialization;testPrintPrintingObjectWithNulls;testCustomTypeAdapterPassesNullDesrialization;testTopLevelNullObjectDeserialization;testExplicitSerializationOfNullArrayMembers;testExplicitDeserializationOfNulls;testExplicitSerializationOfNullCollectionMembers
com.google.gson.functional.DefaultTypeAdaptersTest;testJsonArrayDeerialization;testStringBuilderDeserialization;testOverrideBigDecimalTypeAdapter;testTreeSetDeserialization;testNullJsonElementDeserialization;testJsonPrimitiveDeserialization;testDateSerializationInCollection;testStringBufferDeserialization;testNullSerialization;testPropertiesDeserialization;testLocaleDeserializationWithLanguageCountry;testJsonObjectDeserialization;testBitSetDeserialization;testUrlDeserialization;testUuidDeserialization;testDefaultJavaSqlTimestampDeserialization;testDefaultJavaSqlDateDeserialization;testPropertiesSerialization;testLocaleDeserializationWithLanguage;testUrlNullDeserialization;testBigIntegerFieldDeserialization;testDefaultDateDeserialization;testDateDeserializationWithPattern;testTimestampSerialization;testOverrideBigIntegerTypeAdapter;testClassDeserialization;testDefaultGregorianCalendarDeserialization;testDefaultJavaSqlTimeDeserialization;testDefaultCalendarDeserialization;testSetSerialization;testBigDecimalFieldDeserialization;testDefaultDateDeserializationUsingBuilder;testLocaleDeserializationWithLanguageCountryVariant;testTreeSetSerialization;testSqlDateSerialization;testJsonNullDeerialization;testUriDeserialization
com.google.gson.functional.CollectionTest;testWildcardPrimitiveCollectionDeserilaization;testTopLevelCollectionOfIntegersSerialization;testNullsInListSerialization;testWildcardPrimitiveCollectionSerilaization;testNullsInListDeserialization;testQueueSerialization;testSetSerialization;testCollectionOfStringsSerialization;testCollectionOfStringsDeserialization;testLinkedListDeserialization;testRawCollectionSerialization;testWildcardCollectionField;testRawCollectionDeserializationNotAlllowed;testRawCollectionOfBagOfPrimitivesNotAllowed;testQueueDeserialization;testRawCollectionOfIntegersSerialization;testSetDeserialization;testCollectionOfObjectWithNullSerialization;testFieldIsArrayList;testTopLevelCollectionOfIntegersDeserialization;testTopLevelListOfIntegerCollectionsDeserialization;testCollectionOfObjectSerialization;testLinkedListSerialization;testCollectionOfBagOfPrimitivesSerialization
com.google.gson.functional.UncategorizedTest;testTrailingWhitespace;testGsonInstanceReusableForSerializationAndDeserialization;testReturningDerivedClassesDuringDeserialization
com.google.gson.functional.TypeVariableTest;testBasicTypeVariables;testAdvancedTypeVariables;testTypeVariablesViaTypeParameter
com.google.gson.functional.SecurityTest;testJsonWithNonExectuableTokenWithRegularGsonDeserialization;testNonExecutableJsonDeserialization;testJsonWithNonExectuableTokenWithConfiguredGsonDeserialization
com.google.gson.functional.MapTest;testWriteMapsWithEmptyStringKey;testInterfaceTypeMapWithSerializer;testMapSerializationWithNullValueButSerializeNulls;testNumberKeyDeserialization;testMapStandardSubclassDeserialization;testGeneralMapField;testMapSerializationWithNullValuesSerialized;testRawMapSerialization;testMapDeserializationWithWildcardValues;testMapDeserializationWithIntegerKeys;testSerializeMapOfMaps;testMapSerializationWithNullKey;testReadMapsWithEmptyStringKey;testMapDeserializationWithNullKey;testComplexKeysSerialization;testComplexKeysDeserialization;testMapOfMapDeserialization;testStringKeyDeserialization;testMapSerialization;testMapDeserializationWithNullValue;testMapSerializationEmpty;testInterfaceTypeMap;testMapSubclassSerialization;testMapNamePromotionWithJsonElementReader;testMapDeserializationWithDuplicateKeys;testMapSerializationWithNullValue;testMapSerializationWithIntegerKeys;testMapOfMapSerialization;testSortedMap;testDeerializeMapOfMaps;testMapSubclassDeserialization;testMapDeserialization;testMapDeserializationEmpty;testMapSerializationWithWildcardValues;testMapSerializationWithNullValues;testMapWithQuotes;testParameterizedMapSubclassSerialization;testHashMapDeserialization;testBooleanKeyDeserialization;testSerializeMaps
com.google.gson.functional.ArrayTest;testInvalidArrayDeserialization;testNullsInArrayWithSerializeNullPropertySetSerialization;testArrayOfNullDeserialization;testArrayElementsAreArrays;testArrayOfPrimitivesAsObjectsDeserialization;testMultidimenstionalArraysDeserialization;testEmptyArrayDeserialization;testSingleNullInArrayDeserialization;testArrayOfCollectionSerialization;testTopLevelArrayOfIntsDeserialization;testObjectArrayWithNonPrimitivesSerialization;testArrayOfStringsDeserialization;testSingleStringArrayDeserialization;testArrayOfCollectionDeserialization;testSingleNullInArraySerialization;testNullsInArrayDeserialization
com.google.gson.functional.CustomTypeAdaptersTest;testCustomAdapterInvokedForCollectionElementSerializationWithType;testCustomAdapterInvokedForMapElementSerialization;testCustomAdapterInvokedForCollectionElementDeserialization;testCustomAdapterInvokedForMapElementSerializationWithType;testRegisterHierarchyAdapterForDate;testCustomDeserializers;testCustomAdapterInvokedForMapElementDeserialization;testCustomAdapterInvokedForCollectionElementSerialization;testCustomNestedDeserializers;testEnsureCustomDeserializerNotInvokedForNullValues;testCustomByteArrayDeserializerAndInstanceCreator;testCustomDeserializerInvokedForPrimitives
com.google.gson.functional.ParameterizedTypesTest;testParameterizedTypeWithReaderDeserialization;testParameterizedTypeDeserialization;testVariableTypeFieldsAndGenericArraysSerialization;testParameterizedTypeGenericArraysDeserialization;testVariableTypeFieldsAndGenericArraysDeserialization;testVariableTypeDeserialization;testDeepParameterizedTypeDeserialization;testParameterizedTypeGenericArraysSerialization;testParameterizedTypeWithVariableTypeDeserialization;testVariableTypeArrayDeserialization;testParameterizedTypesWithCustomDeserializer;testTypesWithMultipleParametersDeserialization
com.google.gson.MixedStreamTest;testWriteLenient;testReadMixedStreamed;testReaderDoesNotMutateState;testWriteHtmlSafe
com.google.gson.functional.TreeTypeAdaptersTest;testDeserializeId;testSerializeId
com.google.gson.functional.CustomDeserializerTest;testCustomDeserializerReturnsNullForArrayElements;testJsonTypeFieldBasedDeserialization;testCustomDeserializerReturnsNullForTopLevelObject;testDefaultConstructorNotCalledOnObject;testDefaultConstructorNotCalledOnField;testCustomDeserializerReturnsNull;testCustomDeserializerReturnsNullForArrayElementsForArrayField
com.google.gson.JsonParserTest;testReadWriteTwoObjects
com.google.gson.functional.StringTest;testEscapingQuotesInStringDeserialization;testEscapingQuotesInStringSerialization;testEscapedCtrlRInStringDeserialization;testSingleQuoteInStringSerialization;testJavascriptKeywordsInStringDeserialization;testStringValueDeserialization;testEscapedBackslashInStringDeserialization;testStringWithEscapedSlashDeserialization;testSingleQuoteInStringDeserialization;testAssignmentCharDeserialization;testEscapedCtrlNInStringDeserialization
com.google.gson.functional.NamingPolicyTest;testGsonWithLowerCaseDashPolicyDeserialiation;testComplexFieldNameStrategy;testGsonWithNonDefaultFieldNamingPolicyDeserialiation;testGsonWithLowerCaseUnderscorePolicyDeserialiation;testGsonWithSerializedNameFieldNamingPolicyDeserialization;testGsonWithUpperCamelCaseSpacesPolicyDeserialiation
com.google.gson.functional.StreamingTypeAdaptersTest;testDeserialize2dArray;testFromJsonTree;testNullSafe;testSerializeWithCustomTypeAdapter;testDeserializeWithCustomTypeAdapter;testDeserializeNullField;testDeserialize1dArray;testDeserializeNullObject;testDeserializeMap;testDeserialize
com.google.gson.JavaSerializationTest;testNumberIsSerializable;testMapIsSerializable;testListIsSerializable
com.google.gson.functional.JsonParserTest;testBadFieldTypeForCustomDeserializerCustomTree;testChangingCustomTreeAndDeserializing;testExtraCommasInMaps;testDeserializingCustomTree;testExtraCommasInArrays;testBadFieldTypeForDeserializingCustomTree;testParseInvalidJson
com.google.gson.functional.InheritanceTest;testSubInterfacesOfCollectionDeserialization;testSubInterfacesOfCollectionSerialization;testSubClassDeserialization;testClassWithBaseCollectionFieldSerialization;testClassWithBaseArrayFieldSerialization
com.google.gson.CommentsTest;testParseComments
com.google.gson.functional.CircularReferenceTest;testSelfReferenceArrayFieldSerialization;testDirectedAcyclicGraphDeserialization;testCircularSerialization;testDirectedAcyclicGraphSerialization
com.google.gson.functional.InterceptorTest;testList;testExceptionsPropagated;testTopLevelClass;testPostDeserializeList;testPostDeserializeField;testField;testPostDeserializeTopLevelClass
com.google.gson.functional.InstanceCreatorTest;testInstanceCreatorReturnsBaseType;testInstanceCreatorForCollectionType;testInstanceCreatorReturnsSubTypeForTopLevelObject;testInstanceCreatorReturnsSubTypeForField
com.google.gson.functional.VersioningTest;testVersionedClassesDeserialization;testVersionedGsonMixingSinceAndUntilDeserialization;testVersionedUntilDeserialization;testIgnoreLaterVersionClassDeserialization;testVersionedGsonWithUnversionedClassesDeserialization
com.google.gson.GsonTypeAdapterTest;testTypeAdapterDoesNotAffectNonAdaptedTypes;testTypeAdapterProperlyConvertsTypes
com.google.gson.functional.DelegateTypeAdapterTest;testDelegateInvokedOnStrings;testDelegateInvoked
com.google.gson.functional.ExposeFieldsTest;testExposedInterfaceFieldDeserialization;testNoExposedFieldDeserialization;testArrayWithOneNullExposeFieldObjectSerialization;testExposeAnnotationDeserialization
com.google.gson.functional.EnumTest;testTopLevelEnumDeserialization;testEnumSubclass;testClassWithEnumFieldDeserialization;testEnumSubclassAsParameterizedType;testCollectionOfEnumsDeserialization;testEnumSubclassWithRegisteredTypeAdapter;testEnumCaseMapping;testCollectionOfEnumsSerialization
com.google.gson.functional.EscapingTest;testEscapingQuotesInStringArray;testGsonDoubleDeserialization;testEscapeAllHtmlCharacters;testGsonAcceptsEscapedAndNonEscapedJsonDeserialization;testEscapingObjectFields
com.google.gson.DefaultInetAddressTypeAdapterTest;testInetAddressSerializationAndDeserialization
com.google.gson.functional.MapAsArrayTypeAdapterTest;testTwoTypesCollapseToOneDeserialize;testMultipleEnableComplexKeyRegistrationHasNoEffect;testSerializeComplexMapWithTypeAdapter;testMapWithTypeVariableDeserialization;testMapWithTypeVariableSerialization
com.google.gson.functional.ConcurrencyTest;testSingleThreadDeserialization;testMultiThreadDeserialization
com.google.gson.functional.TypeAdapterPrecedenceTest;testStreamingHierarchicalFollowedByNonstreaming;testStreamingHierarchicalFollowedByNonstreamingHierarchical;testNonstreamingHierarchicalFollowedByNonstreaming;testNonstreamingFollowedByNonstreaming;testStreamingFollowedByStreaming;testSerializeNonstreamingTypeAdapterFollowedByStreamingTypeAdapter;testStreamingFollowedByNonstreaming;testStreamingFollowedByNonstreamingHierarchical
com.google.gson.functional.TypeHierarchyAdapterTest;testRegisterSuperTypeFirst;testTypeHierarchy
com.google.gson.functional.PrimitiveCharacterTest;testPrimitiveCharacterAutoboxedDeserialization
com.google.gson.functional.InternationalizationTest;testStringsWithRawChineseCharactersDeserialization;testStringsWithUnicodeChineseCharactersDeserialization;testStringsWithUnicodeChineseCharactersEscapedDeserialization
com.google.gson.OverrideCoreTypeAdaptersTest;testOverrideStringAdapter;testOverrideWrapperBooleanAdapter;testOverridePrimitiveBooleanAdapter
com.google.gson.functional.PrettyPrintingTest;testEmptyMapField;testPrettyPrintArrayOfObjects;testPrettyPrintList;testPrettyPrintListOfPrimitiveArrays;testMap
com.google.gson.functional.CustomSerializerTest;testSubClassSerializerInvokedForBaseClassFieldsHoldingArrayOfSubClassInstances
com.google.gson.LongSerializationPolicyTest;testStringLongSerializationIntegration;testDefaultLongSerializationIntegration
com.google.gson.functional.PrintFormattingTest;testCompactFormattingLeavesNoWhiteSpace
com.google.gson.functional.MoreSpecificTypeSerializationTest;testMapOfSubclassFields;testListOfSubclassFields;testListOfParameterizedSubclassFields;testMapOfParameterizedSubclassFields
com.google.gson.functional.RawSerializationTest;testCollectionOfObjects;testCollectionOfPrimitives
com.google.gson.ObjectTypeAdapterTest;testSerialize;testSerializeNullValue
com.google.gson.DefaultMapJsonSerializerTest;testEmptyMapSerialization;testNonEmptyMapSerialization;testEmptyMapNoTypeSerialization
[INFO] Writing Coverage in /tmp/v1/gson/testsThatExecuteTheChange_coverage.csv
[INFO] com.google.gson.Gson;6;8

[INFO] com.google.gson.internal.bind.ArrayTypeAdapter;2;3

[INFO] com.google.gson.internal.bind.CollectionTypeAdapterFactory;3;4

[INFO] com.google.gson.internal.bind.MapTypeAdapterFactory;6;7

[INFO] com.google.gson.internal.bind.ReflectiveTypeAdapterFactory;1;1

[INFO] total;18;23

[INFO] ------------------------------------------------------------------------
[INFO] BUILD SUCCESS
[INFO] ------------------------------------------------------------------------
[INFO] Total time:  26.607 s
[INFO] Finished at: 2021-01-05T10:00:52+01:00
[INFO] ------------------------------------------------------------------------
