[INFO] Scanning for projects...
[INFO] ------------------------------------------------------------------------
[INFO] Reactor Build Order:
[INFO] 
[INFO] Gson Parent                                                        [pom]
[INFO] Gson                                                               [jar]
[INFO] 
[INFO] ------------------< com.google.code.gson:gson-parent >------------------
[INFO] Building Gson Parent 2.6.3-SNAPSHOT                                [1/2]
[INFO] --------------------------------[ pom ]---------------------------------
[INFO] 
[INFO] --- maven-clean-plugin:2.5:clean (default-clean) @ gson-parent ---
[INFO] 
[INFO] --- dspot-diff-test-selection:3.1.1-SNAPSHOT:list (default-cli) @ gson-parent ---
[INFO] 
[INFO] ---------------------< com.google.code.gson:gson >----------------------
[INFO] Building Gson 2.6.3-SNAPSHOT                                       [2/2]
[INFO] --------------------------------[ jar ]---------------------------------
[INFO] 
[INFO] --- maven-clean-plugin:2.5:clean (default-clean) @ gson ---
[INFO] Deleting /tmp/v1/gson/target
[INFO] 
[INFO] --- dspot-diff-test-selection:3.1.1-SNAPSHOT:list (default-cli) @ gson ---
[INFO] Running on:
[INFO] /tmp/v1/gson
[INFO] /tmp/v2//gson
[WARNING] No path to diff file has been specified.
[WARNING] I'll compute a diff file using the UNIX diff command
[WARNING] You may encounter troubles.
[WARNING] If so, please specify a path to a correct diff file
[WARNING] or implement a new way to compute a diff file.
[INFO] Computing the diff with diff commnd line
[INFO] The diff will be computed between:
[INFO] /tmp/v1/gson/src and 
[INFO] /tmp/v2/gson/src
[INFO] Executing: diff -ru /tmp/v1/gson/src /tmp/v2/gson/src from /tmp/v1/gson/src
[INFO] Running in enhanced mode...
[INFO] Computing coverage for /tmp/v1/gson
[WARN] Maven will be executed in interactive mode, but no input stream has been configured for this MavenInvoker instance.
WARNING: An illegal reflective access operation has occurred
WARNING: Illegal reflective access by com.google.inject.internal.cglib.core.$ReflectUtils$1 (file:/usr/share/maven/lib/guice.jar) to method java.lang.ClassLoader.defineClass(java.lang.String,byte[],int,int,java.security.ProtectionDomain)
WARNING: Please consider reporting this to the maintainers of com.google.inject.internal.cglib.core.$ReflectUtils$1
WARNING: Use --illegal-access=warn to enable warnings of further illegal reflective access operations
WARNING: All illegal access operations will be denied in a future release
[[1;34mINFO[m] Scanning for projects...
[[1;34mINFO[m] 
[[1;34mINFO[m] [1m---------------------< [0;36mcom.google.code.gson:gson[0;1m >----------------------[m
[[1;34mINFO[m] [1mBuilding Gson 2.6.3-SNAPSHOT[m
[[1;34mINFO[m] [1m--------------------------------[ jar ]---------------------------------[m
[[1;34mINFO[m] 
[[1;34mINFO[m] [1m--- [0;32mmaven-clean-plugin:2.5:clean[m [1m(default-clean)[m @ [36mgson[0;1m ---[m
[[1;34mINFO[m] 
[[1;34mINFO[m] [1m--- [0;32mclover-maven-plugin:4.4.1:setup[m [1m(default-cli)[m @ [36mgson[0;1m ---[m
[[1;34mINFO[m] OpenClover Version 4.4.1, built on October 11 2019 (build-1020)
[[1;34mINFO[m] Creating new database at '/tmp/v1/gson/target/clover/clover.db'.
[[1;34mINFO[m] Processing files at 1.9 source level.
[[1;34mINFO[m] Clover all over. Instrumented 67 files (7 packages).
[[1;34mINFO[m] OpenClover Version 4.4.1, built on October 11 2019 (build-1020)
[[1;34mINFO[m] Updating existing database at '/tmp/v1/gson/target/clover/clover.db'.
[[1;34mINFO[m] Processing files at 1.9 source level.
[[1;34mINFO[m] Clover all over. Instrumented 93 files (9 packages).
[[1;34mINFO[m] 993 test methods detected.
[[1;34mINFO[m] 
[[1;34mINFO[m] [1m--- [0;32mmaven-enforcer-plugin:1.0:enforce[m [1m(enforce-maven)[m @ [36mgson[0;1m ---[m
[[1;34mINFO[m] Skipping Rule Enforcement.
[[1;34mINFO[m] 
[[1;34mINFO[m] [1m--- [0;32mmaven-resources-plugin:2.6:resources[m [1m(default-resources)[m @ [36mgson[0;1m ---[m
[[1;34mINFO[m] Using 'UTF-8' encoding to copy filtered resources.
[[1;34mINFO[m] skip non existing resourceDirectory /tmp/v1/gson/src/main/resources
[[1;34mINFO[m] Copying 1 resource
[[1;34mINFO[m] 
[[1;34mINFO[m] [1m--- [0;32mmaven-compiler-plugin:3.0:compile[m [1m(default-compile)[m @ [36mgson[0;1m ---[m
[[1;34mINFO[m] Changes detected - recompiling the module!
[[1;34mINFO[m] Compiling 67 source files to /tmp/v1/gson/target/classes
[[1;33mWARNING[m] /tmp/v1/gson/target/clover/src-instrumented/com/google/gson/internal/ConstructorConstructor.java: /tmp/v1/gson/target/clover/src-instrumented/com/google/gson/internal/ConstructorConstructor.java uses or overrides a deprecated API.
[[1;33mWARNING[m] /tmp/v1/gson/target/clover/src-instrumented/com/google/gson/internal/ConstructorConstructor.java: Recompile with -Xlint:deprecation for details.
[[1;34mINFO[m] 
[[1;34mINFO[m] [1m--- [0;32mbnd-maven-plugin:3.1.0:bnd-process[m [1m(default)[m @ [36mgson[0;1m ---[m
[[1;34mINFO[m] 
[[1;34mINFO[m] [1m--- [0;32mmaven-resources-plugin:2.6:testResources[m [1m(default-testResources)[m @ [36mgson[0;1m ---[m
[[1;34mINFO[m] Using 'UTF-8' encoding to copy filtered resources.
[[1;34mINFO[m] skip non existing resourceDirectory /tmp/v1/gson/src/test/resources
[[1;34mINFO[m] 
[[1;34mINFO[m] [1m--- [0;32mmaven-compiler-plugin:3.0:testCompile[m [1m(default-testCompile)[m @ [36mgson[0;1m ---[m
[[1;34mINFO[m] Changes detected - recompiling the module!
[[1;34mINFO[m] Compiling 93 source files to /tmp/v1/gson/target/test-classes
[[1;33mWARNING[m] /tmp/v1/gson/target/clover/src-test-instrumented/com/google/gson/functional/PrimitiveTest.java: Some input files use or override a deprecated API.
[[1;33mWARNING[m] /tmp/v1/gson/target/clover/src-test-instrumented/com/google/gson/functional/PrimitiveTest.java: Recompile with -Xlint:deprecation for details.
[[1;33mWARNING[m] /tmp/v1/gson/target/clover/src-test-instrumented/com/google/gson/functional/MapTest.java: Some input files use unchecked or unsafe operations.
[[1;33mWARNING[m] /tmp/v1/gson/target/clover/src-test-instrumented/com/google/gson/functional/MapTest.java: Recompile with -Xlint:unchecked for details.
[[1;34mINFO[m] 
[[1;34mINFO[m] [1m--- [0;32mmaven-surefire-plugin:2.12.4:test[m [1m(default-test)[m @ [36mgson[0;1m ---[m
[[1;34mINFO[m] Surefire report directory: /tmp/v1/gson/target/surefire-reports

-------------------------------------------------------
 T E S T S
-------------------------------------------------------
Running com.google.gson.DefaultDateTypeAdapterTest
Tests run: 9, Failures: 3, Errors: 2, Skipped: 0, Time elapsed: 0.133 sec <<< FAILURE!
testFormattingInEnUs(com.google.gson.DefaultDateTypeAdapterTest)  Time elapsed: 0.084 sec  <<< FAILURE!
junit.framework.ComparisonFailure: expected:<Jan 1, 1970[] 12:00:00 AM> but was:<Jan 1, 1970[,] 12:00:00 AM>
	at junit.framework.Assert.assertEquals(Assert.java:81)
	at junit.framework.Assert.assertEquals(Assert.java:87)
	at com.google.gson.DefaultDateTypeAdapterTest.assertFormatted(DefaultDateTypeAdapterTest.java:164)
	at com.google.gson.DefaultDateTypeAdapterTest.assertFormattingAlwaysEmitsUsLocale(DefaultDateTypeAdapterTest.java:47)
	at com.google.gson.DefaultDateTypeAdapterTest.__CLR4_4_1ipa1124si(DefaultDateTypeAdapterTest.java:34)
	at com.google.gson.DefaultDateTypeAdapterTest.testFormattingInEnUs(DefaultDateTypeAdapterTest.java:33)

testFormattingInFr(com.google.gson.DefaultDateTypeAdapterTest)  Time elapsed: 0.01 sec  <<< FAILURE!
junit.framework.ComparisonFailure: expected:<Jan 1, 1970[] 12:00:00 AM> but was:<Jan 1, 1970[,] 12:00:00 AM>
	at junit.framework.Assert.assertEquals(Assert.java:81)
	at junit.framework.Assert.assertEquals(Assert.java:87)
	at com.google.gson.DefaultDateTypeAdapterTest.assertFormatted(DefaultDateTypeAdapterTest.java:164)
	at com.google.gson.DefaultDateTypeAdapterTest.assertFormattingAlwaysEmitsUsLocale(DefaultDateTypeAdapterTest.java:47)
	at com.google.gson.DefaultDateTypeAdapterTest.__CLR4_4_1lljdf54sk(DefaultDateTypeAdapterTest.java:38)
	at com.google.gson.DefaultDateTypeAdapterTest.testFormattingInFr(DefaultDateTypeAdapterTest.java:37)

testFormatUsesDefaultTimezone(com.google.gson.DefaultDateTypeAdapterTest)  Time elapsed: 0.004 sec  <<< FAILURE!
junit.framework.ComparisonFailure: expected:<Dec 31, 1969[] 4:00:00 PM> but was:<Dec 31, 1969[,] 4:00:00 PM>
	at junit.framework.Assert.assertEquals(Assert.java:81)
	at junit.framework.Assert.assertEquals(Assert.java:87)
	at com.google.gson.DefaultDateTypeAdapterTest.assertFormatted(DefaultDateTypeAdapterTest.java:164)
	at com.google.gson.DefaultDateTypeAdapterTest.__CLR4_4_17g0nys4ty(DefaultDateTypeAdapterTest.java:119)
	at com.google.gson.DefaultDateTypeAdapterTest.testFormatUsesDefaultTimezone(DefaultDateTypeAdapterTest.java:113)

testParsingDatesFormattedWithUsLocale(com.google.gson.DefaultDateTypeAdapterTest)  Time elapsed: 0.005 sec  <<< ERROR!
com.google.gson.JsonSyntaxException: Jan 1, 1970 0:00:00 AM
	at com.google.gson.DefaultDateTypeAdapter.deserializeToDate(DefaultDateTypeAdapter.java:107)
	at com.google.gson.DefaultDateTypeAdapter.deserialize(DefaultDateTypeAdapter.java:84)
	at com.google.gson.DefaultDateTypeAdapterTest.assertParsed(DefaultDateTypeAdapterTest.java:168)
	at com.google.gson.DefaultDateTypeAdapterTest.__CLR4_4_1z9r0fa4ti(DefaultDateTypeAdapterTest.java:95)
	at com.google.gson.DefaultDateTypeAdapterTest.testParsingDatesFormattedWithUsLocale(DefaultDateTypeAdapterTest.java:89)
Caused by: java.text.ParseException: Failed to parse date ["Jan 1, 1970 0:00:00 AM']: Invalid number: Jan 
	at com.google.gson.internal.bind.util.ISO8601Utils.parse(ISO8601Utils.java:274)
	at com.google.gson.DefaultDateTypeAdapter.deserializeToDate(DefaultDateTypeAdapter.java:105)
	... 32 more
Caused by: java.lang.NumberFormatException: Invalid number: Jan 
	at com.google.gson.internal.bind.util.ISO8601Utils.parseInt(ISO8601Utils.java:311)
	at com.google.gson.internal.bind.util.ISO8601Utils.parse(ISO8601Utils.java:129)
	... 33 more

testParsingDatesFormattedWithSystemLocale(com.google.gson.DefaultDateTypeAdapterTest)  Time elapsed: 0.003 sec  <<< ERROR!
com.google.gson.JsonSyntaxException: 1 janv. 1970 00:00:00
	at com.google.gson.DefaultDateTypeAdapter.deserializeToDate(DefaultDateTypeAdapter.java:107)
	at com.google.gson.DefaultDateTypeAdapter.deserialize(DefaultDateTypeAdapter.java:84)
	at com.google.gson.DefaultDateTypeAdapterTest.assertParsed(DefaultDateTypeAdapterTest.java:168)
	at com.google.gson.DefaultDateTypeAdapterTest.__CLR4_4_14xdbqt4t2(DefaultDateTypeAdapterTest.java:71)
	at com.google.gson.DefaultDateTypeAdapterTest.testParsingDatesFormattedWithSystemLocale(DefaultDateTypeAdapterTest.java:65)
Caused by: java.text.ParseException: Failed to parse date ["1 janv. 1970 00:00:00']: Invalid number: 1 ja
	at com.google.gson.internal.bind.util.ISO8601Utils.parse(ISO8601Utils.java:274)
	at com.google.gson.DefaultDateTypeAdapter.deserializeToDate(DefaultDateTypeAdapter.java:105)
	... 32 more
Caused by: java.lang.NumberFormatException: Invalid number: 1 ja
	at com.google.gson.internal.bind.util.ISO8601Utils.parseInt(ISO8601Utils.java:318)
	at com.google.gson.internal.bind.util.ISO8601Utils.parse(ISO8601Utils.java:129)
	... 33 more

Running com.google.gson.InnerClassExclusionStrategyTest
Tests run: 4, Failures: 0, Errors: 0, Skipped: 0, Time elapsed: 0.001 sec
Running com.google.gson.GsonTypeAdapterTest
Tests run: 5, Failures: 0, Errors: 0, Skipped: 0, Time elapsed: 0.054 sec
Running com.google.gson.internal.LinkedHashTreeMapTest
Tests run: 15, Failures: 0, Errors: 0, Skipped: 0, Time elapsed: 0.037 sec
Running com.google.gson.internal.LazilyParsedNumberTest
Tests run: 2, Failures: 0, Errors: 0, Skipped: 0, Time elapsed: 0.001 sec
Running com.google.gson.internal.UnsafeAllocatorInstantiationTest
Tests run: 3, Failures: 0, Errors: 0, Skipped: 0, Time elapsed: 0.011 sec
Running com.google.gson.internal.GsonTypesTest
Tests run: 2, Failures: 0, Errors: 0, Skipped: 0, Time elapsed: 0.002 sec
Running com.google.gson.internal.bind.JsonTreeWriterTest
Tests run: 12, Failures: 0, Errors: 0, Skipped: 0, Time elapsed: 0.015 sec
Running com.google.gson.internal.bind.JsonElementReaderTest
Tests run: 17, Failures: 0, Errors: 0, Skipped: 0, Time elapsed: 0.018 sec
Running com.google.gson.internal.LinkedTreeMapTest
Tests run: 11, Failures: 0, Errors: 0, Skipped: 0, Time elapsed: 0.021 sec
Running com.google.gson.ParameterizedTypeTest
Tests run: 2, Failures: 0, Errors: 0, Skipped: 0, Time elapsed: 0.002 sec
Running com.google.gson.common.TestTypes
Tests run: 0, Failures: 0, Errors: 0, Skipped: 0, Time elapsed: 0.001 sec
Running com.google.gson.GsonBuilderTest
Tests run: 4, Failures: 0, Errors: 0, Skipped: 0, Time elapsed: 0.005 sec
Running com.google.gson.reflect.TypeTokenTest
Tests run: 4, Failures: 0, Errors: 0, Skipped: 0, Time elapsed: 0.004 sec
Running com.google.gson.DefaultInetAddressTypeAdapterTest
Tests run: 1, Failures: 0, Errors: 0, Skipped: 0, Time elapsed: 0.004 sec
Running com.google.gson.ExposeAnnotationExclusionStrategyTest
Tests run: 6, Failures: 0, Errors: 0, Skipped: 0, Time elapsed: 0.006 sec
Running com.google.gson.FieldAttributesTest
Tests run: 6, Failures: 0, Errors: 0, Skipped: 0, Time elapsed: 0.007 sec
Running com.google.gson.CommentsTest
Tests run: 1, Failures: 0, Errors: 0, Skipped: 0, Time elapsed: 0.001 sec
Running com.google.gson.regression.JsonAdapterNullSafeTest
Tests run: 2, Failures: 0, Errors: 0, Skipped: 0, Time elapsed: 0.004 sec
Running com.google.gson.JsonNullTest
Tests run: 2, Failures: 0, Errors: 0, Skipped: 0, Time elapsed: 0.001 sec
Running com.google.gson.JsonObjectTest
Tests run: 12, Failures: 0, Errors: 0, Skipped: 0, Time elapsed: 0.009 sec
Running com.google.gson.stream.JsonReaderPathTest
Tests run: 10, Failures: 0, Errors: 0, Skipped: 0, Time elapsed: 0.014 sec
Running com.google.gson.stream.JsonWriterTest
Tests run: 37, Failures: 0, Errors: 0, Skipped: 0, Time elapsed: 0.026 sec
Running com.google.gson.stream.JsonReaderTest
Tests run: 118, Failures: 0, Errors: 0, Skipped: 0, Time elapsed: 0.1 sec
Running com.google.gson.metrics.PerformanceTest
Tests run: 1, Failures: 0, Errors: 0, Skipped: 0, Time elapsed: 0 sec
Running com.google.gson.MixedStreamTest
Tests run: 12, Failures: 0, Errors: 0, Skipped: 0, Time elapsed: 0.01 sec
Running com.google.gson.DefaultMapJsonSerializerTest
Tests run: 3, Failures: 0, Errors: 0, Skipped: 0, Time elapsed: 0.003 sec
Running com.google.gson.VersionExclusionStrategyTest
Tests run: 3, Failures: 0, Errors: 0, Skipped: 0, Time elapsed: 0.003 sec
Running com.google.gson.functional.InternationalizationTest
Tests run: 4, Failures: 0, Errors: 0, Skipped: 0, Time elapsed: 0.003 sec
Running com.google.gson.functional.JsonAdapterAnnotationOnFieldsTest
Tests run: 7, Failures: 0, Errors: 0, Skipped: 0, Time elapsed: 0.009 sec
Running com.google.gson.functional.SecurityTest
Tests run: 5, Failures: 0, Errors: 0, Skipped: 0, Time elapsed: 0.005 sec
Running com.google.gson.functional.EnumTest
Tests run: 11, Failures: 0, Errors: 0, Skipped: 0, Time elapsed: 0.014 sec
Running com.google.gson.functional.ObjectTest
Tests run: 44, Failures: 1, Errors: 0, Skipped: 0, Time elapsed: 0.052 sec <<< FAILURE!
testDateAsMapObjectField(com.google.gson.functional.ObjectTest)  Time elapsed: 0.004 sec  <<< FAILURE!
junit.framework.ComparisonFailure: expected:<..."date":"Dec 31, 1969[] 4:00:00 PM"}}> but was:<..."date":"Dec 31, 1969[,] 4:00:00 PM"}}>
	at junit.framework.Assert.assertEquals(Assert.java:81)
	at junit.framework.Assert.assertEquals(Assert.java:87)
	at com.google.gson.functional.ObjectTest.__CLR4_4_1or4vs8b2(ObjectTest.java:485)
	at com.google.gson.functional.ObjectTest.testDateAsMapObjectField(ObjectTest.java:482)

Running com.google.gson.functional.RuntimeTypeAdapterFactoryFunctionalTest
Tests run: 1, Failures: 0, Errors: 0, Skipped: 0, Time elapsed: 0.003 sec
Running com.google.gson.functional.FieldExclusionTest
Tests run: 3, Failures: 0, Errors: 0, Skipped: 0, Time elapsed: 0.003 sec
Running com.google.gson.functional.ExposeFieldsTest
Tests run: 8, Failures: 0, Errors: 0, Skipped: 0, Time elapsed: 0.009 sec
Running com.google.gson.functional.SerializedNameTest
Tests run: 3, Failures: 0, Errors: 0, Skipped: 0, Time elapsed: 0.003 sec
Running com.google.gson.functional.ThrowableFunctionalTest
WARNING: An illegal reflective access operation has occurred
WARNING: Illegal reflective access by com.google.gson.internal.bind.ReflectiveTypeAdapterFactory (file:/tmp/v1/gson/target/classes/) to field java.lang.Throwable.detailMessage
WARNING: Please consider reporting this to the maintainers of com.google.gson.internal.bind.ReflectiveTypeAdapterFactory
WARNING: Use --illegal-access=warn to enable warnings of further illegal reflective access operations
WARNING: All illegal access operations will be denied in a future release
Tests run: 5, Failures: 0, Errors: 0, Skipped: 0, Time elapsed: 0.01 sec
Running com.google.gson.functional.ParameterizedTypesTest
Tests run: 17, Failures: 0, Errors: 0, Skipped: 0, Time elapsed: 0.028 sec
Running com.google.gson.functional.PrettyPrintingTest
Tests run: 8, Failures: 0, Errors: 0, Skipped: 0, Time elapsed: 0.008 sec
Running com.google.gson.functional.CustomTypeAdaptersTest
Tests run: 19, Failures: 0, Errors: 0, Skipped: 0, Time elapsed: 0.018 sec
Running com.google.gson.functional.ReadersWritersTest
Tests run: 10, Failures: 0, Errors: 0, Skipped: 0, Time elapsed: 0.009 sec
Running com.google.gson.functional.CircularReferenceTest
Tests run: 6, Failures: 0, Errors: 0, Skipped: 0, Time elapsed: 0.031 sec
Running com.google.gson.functional.LeniencyTest
Tests run: 1, Failures: 0, Errors: 0, Skipped: 0, Time elapsed: 0 sec
Running com.google.gson.functional.RawSerializationTest
Tests run: 5, Failures: 0, Errors: 0, Skipped: 0, Time elapsed: 0.006 sec
Running com.google.gson.functional.CustomDeserializerTest
Tests run: 7, Failures: 0, Errors: 0, Skipped: 0, Time elapsed: 0.008 sec
Running com.google.gson.functional.TypeAdapterPrecedenceTest
Tests run: 8, Failures: 0, Errors: 0, Skipped: 0, Time elapsed: 0.006 sec
Running com.google.gson.functional.MoreSpecificTypeSerializationTest
Tests run: 6, Failures: 0, Errors: 0, Skipped: 0, Time elapsed: 0.007 sec
Running com.google.gson.functional.InterfaceTest
Tests run: 2, Failures: 0, Errors: 0, Skipped: 0, Time elapsed: 0.002 sec
Running com.google.gson.functional.TypeVariableTest
Tests run: 3, Failures: 0, Errors: 0, Skipped: 0, Time elapsed: 0.005 sec
Running com.google.gson.functional.ExclusionStrategyFunctionalTest
Tests run: 9, Failures: 0, Errors: 0, Skipped: 0, Time elapsed: 0.009 sec
Running com.google.gson.functional.DefaultTypeAdaptersTest
Tests run: 65, Failures: 3, Errors: 2, Skipped: 0, Time elapsed: 0.069 sec <<< FAILURE!
testDefaultDateSerialization(com.google.gson.functional.DefaultTypeAdaptersTest)  Time elapsed: 0.003 sec  <<< FAILURE!
junit.framework.ComparisonFailure: expected:<"Sep 11, 2011[] 10:55:03 PM"> but was:<"Sep 11, 2011[,] 10:55:03 PM">
	at junit.framework.Assert.assertEquals(Assert.java:81)
	at junit.framework.Assert.assertEquals(Assert.java:87)
	at com.google.gson.functional.DefaultTypeAdaptersTest.__CLR4_4_1pcwu26kp(DefaultTypeAdaptersTest.java:331)
	at com.google.gson.functional.DefaultTypeAdaptersTest.testDefaultDateSerialization(DefaultTypeAdaptersTest.java:328)

testDefaultDateDeserialization(com.google.gson.functional.DefaultTypeAdaptersTest)  Time elapsed: 0.003 sec  <<< ERROR!
com.google.gson.JsonSyntaxException: Dec 13, 2009 07:18:02 AM
	at com.google.gson.internal.bind.DateTypeAdapter.deserializeToDate(DateTypeAdapter.java:74)
	at com.google.gson.internal.bind.DateTypeAdapter.read(DateTypeAdapter.java:59)
	at com.google.gson.internal.bind.DateTypeAdapter.read(DateTypeAdapter.java:41)
	at com.google.gson.Gson.fromJson(Gson.java:864)
	at com.google.gson.Gson.fromJson(Gson.java:829)
	at com.google.gson.Gson.fromJson(Gson.java:778)
	at com.google.gson.Gson.fromJson(Gson.java:750)
	at com.google.gson.functional.DefaultTypeAdaptersTest.__CLR4_4_1yqs62h6kt(DefaultTypeAdaptersTest.java:336)
	at com.google.gson.functional.DefaultTypeAdaptersTest.testDefaultDateDeserialization(DefaultTypeAdaptersTest.java:334)
Caused by: java.text.ParseException: Failed to parse date ["Dec 13, 2009 07:18:02 AM']: Invalid number: Dec 
	at com.google.gson.internal.bind.util.ISO8601Utils.parse(ISO8601Utils.java:274)
	at com.google.gson.internal.bind.DateTypeAdapter.deserializeToDate(DateTypeAdapter.java:72)
	... 35 more
Caused by: java.lang.NumberFormatException: Invalid number: Dec 
	at com.google.gson.internal.bind.util.ISO8601Utils.parseInt(ISO8601Utils.java:311)
	at com.google.gson.internal.bind.util.ISO8601Utils.parse(ISO8601Utils.java:129)
	... 36 more

testDefaultJavaSqlTimestampSerialization(com.google.gson.functional.DefaultTypeAdaptersTest)  Time elapsed: 0.002 sec  <<< FAILURE!
junit.framework.ComparisonFailure: expected:<"Dec 3, 2009[] 1:18:02 PM"> but was:<"Dec 3, 2009[,] 1:18:02 PM">
	at junit.framework.Assert.assertEquals(Assert.java:81)
	at junit.framework.Assert.assertEquals(Assert.java:87)
	at com.google.gson.functional.DefaultTypeAdaptersTest.__CLR4_4_1ba8tvi6le(DefaultTypeAdaptersTest.java:372)
	at com.google.gson.functional.DefaultTypeAdaptersTest.testDefaultJavaSqlTimestampSerialization(DefaultTypeAdaptersTest.java:369)

testDefaultJavaSqlTimestampDeserialization(com.google.gson.functional.DefaultTypeAdaptersTest)  Time elapsed: 0.003 sec  <<< ERROR!
com.google.gson.JsonSyntaxException: Dec 3, 2009 1:18:02 PM
	at com.google.gson.internal.bind.DateTypeAdapter.deserializeToDate(DateTypeAdapter.java:74)
	at com.google.gson.internal.bind.DateTypeAdapter.read(DateTypeAdapter.java:59)
	at com.google.gson.internal.bind.DateTypeAdapter.read(DateTypeAdapter.java:41)
	at com.google.gson.internal.bind.TypeAdapters$26$1.read(TypeAdapters.java:598)
	at com.google.gson.internal.bind.TypeAdapters$26$1.read(TypeAdapters.java:596)
	at com.google.gson.Gson.fromJson(Gson.java:864)
	at com.google.gson.Gson.fromJson(Gson.java:829)
	at com.google.gson.Gson.fromJson(Gson.java:778)
	at com.google.gson.Gson.fromJson(Gson.java:750)
	at com.google.gson.functional.DefaultTypeAdaptersTest.__CLR4_4_1q5eqtf6li(DefaultTypeAdaptersTest.java:377)
	at com.google.gson.functional.DefaultTypeAdaptersTest.testDefaultJavaSqlTimestampDeserialization(DefaultTypeAdaptersTest.java:375)
Caused by: java.text.ParseException: Failed to parse date ["Dec 3, 2009 1:18:02 PM']: Invalid number: Dec 
	at com.google.gson.internal.bind.util.ISO8601Utils.parse(ISO8601Utils.java:274)
	at com.google.gson.internal.bind.DateTypeAdapter.deserializeToDate(DateTypeAdapter.java:72)
	... 37 more
Caused by: java.lang.NumberFormatException: Invalid number: Dec 
	at com.google.gson.internal.bind.util.ISO8601Utils.parseInt(ISO8601Utils.java:311)
	at com.google.gson.internal.bind.util.ISO8601Utils.parse(ISO8601Utils.java:129)
	... 38 more

testDefaultDateSerializationUsingBuilder(com.google.gson.functional.DefaultTypeAdaptersTest)  Time elapsed: 0.001 sec  <<< FAILURE!
junit.framework.ComparisonFailure: expected:<"Sep 11, 2011[] 10:55:03 PM"> but was:<"Sep 11, 2011[,] 10:55:03 PM">
	at junit.framework.Assert.assertEquals(Assert.java:81)
	at junit.framework.Assert.assertEquals(Assert.java:87)
	at com.google.gson.functional.DefaultTypeAdaptersTest.__CLR4_4_16g7uk16lv(DefaultTypeAdaptersTest.java:398)
	at com.google.gson.functional.DefaultTypeAdaptersTest.testDefaultDateSerializationUsingBuilder(DefaultTypeAdaptersTest.java:394)

Running com.google.gson.functional.NullObjectAndFieldTest
Tests run: 16, Failures: 0, Errors: 0, Skipped: 0, Time elapsed: 0.011 sec
Running com.google.gson.functional.MapAsArrayTypeAdapterTest
Tests run: 5, Failures: 0, Errors: 0, Skipped: 0, Time elapsed: 0.007 sec
Running com.google.gson.functional.InstanceCreatorTest
Tests run: 5, Failures: 0, Errors: 0, Skipped: 0, Time elapsed: 0.007 sec
Running com.google.gson.functional.PrimitiveCharacterTest
Tests run: 2, Failures: 0, Errors: 0, Skipped: 0, Time elapsed: 0.001 sec
Running com.google.gson.functional.MapTest
Tests run: 48, Failures: 0, Errors: 0, Skipped: 0, Time elapsed: 0.047 sec
Running com.google.gson.functional.FieldNamingTest
Tests run: 5, Failures: 0, Errors: 0, Skipped: 0, Time elapsed: 0.004 sec
Running com.google.gson.functional.VersioningTest
Tests run: 10, Failures: 0, Errors: 0, Skipped: 0, Time elapsed: 0.009 sec
Running com.google.gson.functional.DelegateTypeAdapterTest
Tests run: 2, Failures: 0, Errors: 0, Skipped: 0, Time elapsed: 0.003 sec
Running com.google.gson.functional.InheritanceTest
Tests run: 13, Failures: 0, Errors: 0, Skipped: 0, Time elapsed: 0.012 sec
Running com.google.gson.functional.TypeHierarchyAdapterTest
Tests run: 3, Failures: 0, Errors: 0, Skipped: 0, Time elapsed: 0.005 sec
Running com.google.gson.functional.CustomSerializerTest
Tests run: 5, Failures: 0, Errors: 0, Skipped: 0, Time elapsed: 0.004 sec
Running com.google.gson.functional.StreamingTypeAdaptersTest
Tests run: 17, Failures: 0, Errors: 0, Skipped: 0, Time elapsed: 0.02 sec
Running com.google.gson.functional.EscapingTest
Tests run: 5, Failures: 0, Errors: 0, Skipped: 0, Time elapsed: 0.006 sec
Running com.google.gson.functional.CollectionTest
Tests run: 28, Failures: 0, Errors: 0, Skipped: 0, Time elapsed: 0.028 sec
Running com.google.gson.functional.JsonTreeTest
Tests run: 4, Failures: 0, Errors: 0, Skipped: 0, Time elapsed: 0.004 sec
Running com.google.gson.functional.ArrayTest
Tests run: 26, Failures: 0, Errors: 0, Skipped: 0, Time elapsed: 0.016 sec
Running com.google.gson.functional.PrintFormattingTest
Tests run: 3, Failures: 0, Errors: 0, Skipped: 0, Time elapsed: 0.002 sec
Running com.google.gson.functional.StringTest
Tests run: 18, Failures: 0, Errors: 0, Skipped: 0, Time elapsed: 0.009 sec
Running com.google.gson.functional.JavaUtilConcurrentAtomicTest
Tests run: 7, Failures: 0, Errors: 0, Skipped: 0, Time elapsed: 0.006 sec
Running com.google.gson.functional.UncategorizedTest
Tests run: 6, Failures: 0, Errors: 0, Skipped: 0, Time elapsed: 0.006 sec
Running com.google.gson.functional.JsonArrayTest
Tests run: 8, Failures: 0, Errors: 0, Skipped: 0, Time elapsed: 0.004 sec
Running com.google.gson.functional.JsonParserTest
Tests run: 8, Failures: 0, Errors: 0, Skipped: 0, Time elapsed: 0.006 sec
Running com.google.gson.functional.JsonAdapterAnnotationOnClassesTest
Tests run: 8, Failures: 0, Errors: 0, Skipped: 0, Time elapsed: 0.008 sec
Running com.google.gson.functional.NamingPolicyTest
Tests run: 14, Failures: 0, Errors: 0, Skipped: 0, Time elapsed: 0.01 sec
Running com.google.gson.functional.ConcurrencyTest
Tests run: 4, Failures: 0, Errors: 0, Skipped: 0, Time elapsed: 0.02 sec
Running com.google.gson.functional.PrimitiveTest
Tests run: 98, Failures: 0, Errors: 0, Skipped: 0, Time elapsed: 0.056 sec
Running com.google.gson.functional.TreeTypeAdaptersTest
Tests run: 2, Failures: 0, Errors: 0, Skipped: 0, Time elapsed: 0.004 sec
Running com.google.gson.functional.JavaUtilTest
Tests run: 2, Failures: 0, Errors: 0, Skipped: 0, Time elapsed: 0.003 sec
Running com.google.gson.ObjectTypeAdapterTest
Tests run: 5, Failures: 0, Errors: 0, Skipped: 0, Time elapsed: 0.004 sec
Running com.google.gson.JsonStreamParserTest
Tests run: 4, Failures: 0, Errors: 0, Skipped: 0, Time elapsed: 0.002 sec
Running com.google.gson.JavaSerializationTest
Tests run: 3, Failures: 0, Errors: 0, Skipped: 0, Time elapsed: 0.027 sec
Running com.google.gson.GenericArrayTypeTest
Tests run: 2, Failures: 0, Errors: 0, Skipped: 0, Time elapsed: 0.002 sec
Running com.google.gson.JsonArrayTest
Tests run: 5, Failures: 0, Errors: 0, Skipped: 0, Time elapsed: 0.003 sec
Running com.google.gson.JsonParserTest
Tests run: 10, Failures: 0, Errors: 0, Skipped: 0, Time elapsed: 0.008 sec
Running com.google.gson.JsonPrimitiveTest
Tests run: 24, Failures: 0, Errors: 0, Skipped: 0, Time elapsed: 0.013 sec
Running com.google.gson.LongSerializationPolicyTest
Tests run: 4, Failures: 0, Errors: 0, Skipped: 0, Time elapsed: 0.002 sec
Running com.google.gson.OverrideCoreTypeAdaptersTest
Tests run: 3, Failures: 0, Errors: 0, Skipped: 0, Time elapsed: 0.002 sec

Results :

Failed tests:   testFormattingInEnUs(com.google.gson.DefaultDateTypeAdapterTest): expected:<Jan 1, 1970[] 12:00:00 AM> but was:<Jan 1, 1970[,] 12:00:00 AM>
  testFormattingInFr(com.google.gson.DefaultDateTypeAdapterTest): expected:<Jan 1, 1970[] 12:00:00 AM> but was:<Jan 1, 1970[,] 12:00:00 AM>
  testFormatUsesDefaultTimezone(com.google.gson.DefaultDateTypeAdapterTest): expected:<Dec 31, 1969[] 4:00:00 PM> but was:<Dec 31, 1969[,] 4:00:00 PM>
  testDateAsMapObjectField(com.google.gson.functional.ObjectTest): expected:<..."date":"Dec 31, 1969[] 4:00:00 PM"}}> but was:<..."date":"Dec 31, 1969[,] 4:00:00 PM"}}>
  testDefaultDateSerialization(com.google.gson.functional.DefaultTypeAdaptersTest): expected:<"Sep 11, 2011[] 10:55:03 PM"> but was:<"Sep 11, 2011[,] 10:55:03 PM">
  testDefaultJavaSqlTimestampSerialization(com.google.gson.functional.DefaultTypeAdaptersTest): expected:<"Dec 3, 2009[] 1:18:02 PM"> but was:<"Dec 3, 2009[,] 1:18:02 PM">
  testDefaultDateSerializationUsingBuilder(com.google.gson.functional.DefaultTypeAdaptersTest): expected:<"Sep 11, 2011[] 10:55:03 PM"> but was:<"Sep 11, 2011[,] 10:55:03 PM">

Tests in error: 
  testParsingDatesFormattedWithUsLocale(com.google.gson.DefaultDateTypeAdapterTest): Jan 1, 1970 0:00:00 AM
  testParsingDatesFormattedWithSystemLocale(com.google.gson.DefaultDateTypeAdapterTest): 1 janv. 1970 00:00:00
  testDefaultDateDeserialization(com.google.gson.functional.DefaultTypeAdaptersTest): Dec 13, 2009 07:18:02 AM
  testDefaultJavaSqlTimestampDeserialization(com.google.gson.functional.DefaultTypeAdaptersTest): Dec 3, 2009 1:18:02 PM

Tests run: 993, Failures: 7, Errors: 4, Skipped: 0

[[1;34mINFO[m] [1m------------------------------------------------------------------------[m
[[1;34mINFO[m] [1;31mBUILD FAILURE[m
[[1;34mINFO[m] [1m------------------------------------------------------------------------[m
[[1;34mINFO[m] Total time:  10.551 s
[[1;34mINFO[m] Finished at: 2020-12-29T17:59:22+01:00
[[1;34mINFO[m] [1m------------------------------------------------------------------------[m
[[1;31mERROR[m] Failed to execute goal [32morg.apache.maven.plugins:maven-surefire-plugin:2.12.4:test[m [1m(default-test)[m on project [36mgson[m: [1;31mThere are test failures.[m
[[1;31mERROR[m] [1;31m[m
[[1;31mERROR[m] [1;31mPlease refer to /tmp/v1/gson/target/surefire-reports for the individual test results.[m
[[1;31mERROR[m] -> [1m[Help 1][m
[[1;31mERROR[m] 
[[1;31mERROR[m] To see the full stack trace of the errors, re-run Maven with the [1m-e[m switch.
[[1;31mERROR[m] Re-run Maven using the [1m-X[m switch to enable full debug logging.
[[1;31mERROR[m] 
[[1;31mERROR[m] For more information about the errors and possible solutions, please read the following articles:
[[1;31mERROR[m] [1m[Help 1][m http://cwiki.apache.org/confluence/display/MAVEN/MojoFailureException
Writing HTML report to '/tmp/v1/gson/target/clover/report'
Done. Processed 11 packages in 3786ms (344ms per package).
[INFO] Computing coverage for /tmp/v2//gson
[WARN] Maven will be executed in interactive mode, but no input stream has been configured for this MavenInvoker instance.
WARNING: An illegal reflective access operation has occurred
WARNING: Illegal reflective access by com.google.inject.internal.cglib.core.$ReflectUtils$1 (file:/usr/share/maven/lib/guice.jar) to method java.lang.ClassLoader.defineClass(java.lang.String,byte[],int,int,java.security.ProtectionDomain)
WARNING: Please consider reporting this to the maintainers of com.google.inject.internal.cglib.core.$ReflectUtils$1
WARNING: Use --illegal-access=warn to enable warnings of further illegal reflective access operations
WARNING: All illegal access operations will be denied in a future release
[[1;34mINFO[m] Scanning for projects...
[[1;34mINFO[m] 
[[1;34mINFO[m] [1m---------------------< [0;36mcom.google.code.gson:gson[0;1m >----------------------[m
[[1;34mINFO[m] [1mBuilding Gson 2.6.3-SNAPSHOT[m
[[1;34mINFO[m] [1m--------------------------------[ jar ]---------------------------------[m
[[1;34mINFO[m] 
[[1;34mINFO[m] [1m--- [0;32mmaven-clean-plugin:2.5:clean[m [1m(default-clean)[m @ [36mgson[0;1m ---[m
[[1;34mINFO[m] Deleting /tmp/v2/gson/target
[[1;34mINFO[m] 
[[1;34mINFO[m] [1m--- [0;32mclover-maven-plugin:4.4.1:setup[m [1m(default-cli)[m @ [36mgson[0;1m ---[m
[[1;34mINFO[m] OpenClover Version 4.4.1, built on October 11 2019 (build-1020)
[[1;34mINFO[m] Creating new database at '/tmp/v2/gson/target/clover/clover.db'.
[[1;34mINFO[m] Processing files at 1.9 source level.
[[1;34mINFO[m] Clover all over. Instrumented 67 files (7 packages).
[[1;34mINFO[m] OpenClover Version 4.4.1, built on October 11 2019 (build-1020)
[[1;34mINFO[m] Updating existing database at '/tmp/v2/gson/target/clover/clover.db'.
[[1;34mINFO[m] Processing files at 1.9 source level.
[[1;34mINFO[m] Clover all over. Instrumented 94 files (9 packages).
[[1;34mINFO[m] 994 test methods detected.
[[1;34mINFO[m] 
[[1;34mINFO[m] [1m--- [0;32mmaven-enforcer-plugin:1.0:enforce[m [1m(enforce-maven)[m @ [36mgson[0;1m ---[m
[[1;34mINFO[m] Skipping Rule Enforcement.
[[1;34mINFO[m] 
[[1;34mINFO[m] [1m--- [0;32mmaven-resources-plugin:2.6:resources[m [1m(default-resources)[m @ [36mgson[0;1m ---[m
[[1;34mINFO[m] Using 'UTF-8' encoding to copy filtered resources.
[[1;34mINFO[m] skip non existing resourceDirectory /tmp/v2/gson/src/main/resources
[[1;34mINFO[m] Copying 1 resource
[[1;34mINFO[m] 
[[1;34mINFO[m] [1m--- [0;32mmaven-compiler-plugin:3.0:compile[m [1m(default-compile)[m @ [36mgson[0;1m ---[m
[[1;34mINFO[m] Changes detected - recompiling the module!
[[1;34mINFO[m] Compiling 67 source files to /tmp/v2/gson/target/classes
[[1;33mWARNING[m] /tmp/v2/gson/target/clover/src-instrumented/com/google/gson/internal/ConstructorConstructor.java: /tmp/v2/gson/target/clover/src-instrumented/com/google/gson/internal/ConstructorConstructor.java uses or overrides a deprecated API.
[[1;33mWARNING[m] /tmp/v2/gson/target/clover/src-instrumented/com/google/gson/internal/ConstructorConstructor.java: Recompile with -Xlint:deprecation for details.
[[1;34mINFO[m] 
[[1;34mINFO[m] [1m--- [0;32mbnd-maven-plugin:3.1.0:bnd-process[m [1m(default)[m @ [36mgson[0;1m ---[m
[[1;33mWARNING[m] Export com.google.gson,  has 1,  private references [com.google.gson.internal], 
[[1;34mINFO[m] 
[[1;34mINFO[m] [1m--- [0;32mmaven-resources-plugin:2.6:testResources[m [1m(default-testResources)[m @ [36mgson[0;1m ---[m
[[1;34mINFO[m] Using 'UTF-8' encoding to copy filtered resources.
[[1;34mINFO[m] skip non existing resourceDirectory /tmp/v2/gson/src/test/resources
[[1;34mINFO[m] 
[[1;34mINFO[m] [1m--- [0;32mmaven-compiler-plugin:3.0:testCompile[m [1m(default-testCompile)[m @ [36mgson[0;1m ---[m
[[1;34mINFO[m] Changes detected - recompiling the module!
[[1;34mINFO[m] Compiling 94 source files to /tmp/v2/gson/target/test-classes
[[1;33mWARNING[m] /tmp/v2/gson/target/clover/src-test-instrumented/com/google/gson/functional/PrimitiveTest.java: Some input files use or override a deprecated API.
[[1;33mWARNING[m] /tmp/v2/gson/target/clover/src-test-instrumented/com/google/gson/functional/PrimitiveTest.java: Recompile with -Xlint:deprecation for details.
[[1;33mWARNING[m] /tmp/v2/gson/target/clover/src-test-instrumented/com/google/gson/functional/ParameterizedTypesTest.java: Some input files use unchecked or unsafe operations.
[[1;33mWARNING[m] /tmp/v2/gson/target/clover/src-test-instrumented/com/google/gson/functional/ParameterizedTypesTest.java: Recompile with -Xlint:unchecked for details.
[[1;34mINFO[m] 
[[1;34mINFO[m] [1m--- [0;32mmaven-surefire-plugin:2.12.4:test[m [1m(default-test)[m @ [36mgson[0;1m ---[m
[[1;34mINFO[m] Surefire report directory: /tmp/v2/gson/target/surefire-reports

-------------------------------------------------------
 T E S T S
-------------------------------------------------------
Running com.google.gson.DefaultDateTypeAdapterTest
Tests run: 9, Failures: 3, Errors: 2, Skipped: 0, Time elapsed: 0.138 sec <<< FAILURE!
testParsingDatesFormattedWithUsLocale(com.google.gson.DefaultDateTypeAdapterTest)  Time elapsed: 0.097 sec  <<< ERROR!
com.google.gson.JsonSyntaxException: Jan 1, 1970 0:00:00 AM
	at com.google.gson.DefaultDateTypeAdapter.deserializeToDate(DefaultDateTypeAdapter.java:107)
	at com.google.gson.DefaultDateTypeAdapter.deserialize(DefaultDateTypeAdapter.java:84)
	at com.google.gson.DefaultDateTypeAdapterTest.assertParsed(DefaultDateTypeAdapterTest.java:168)
	at com.google.gson.DefaultDateTypeAdapterTest.__CLR4_4_1z9r0fa4ts(DefaultDateTypeAdapterTest.java:95)
	at com.google.gson.DefaultDateTypeAdapterTest.testParsingDatesFormattedWithUsLocale(DefaultDateTypeAdapterTest.java:89)
Caused by: java.text.ParseException: Failed to parse date ["Jan 1, 1970 0:00:00 AM']: Invalid number: Jan 
	at com.google.gson.internal.bind.util.ISO8601Utils.parse(ISO8601Utils.java:274)
	at com.google.gson.DefaultDateTypeAdapter.deserializeToDate(DefaultDateTypeAdapter.java:105)
	... 32 more
Caused by: java.lang.NumberFormatException: Invalid number: Jan 
	at com.google.gson.internal.bind.util.ISO8601Utils.parseInt(ISO8601Utils.java:311)
	at com.google.gson.internal.bind.util.ISO8601Utils.parse(ISO8601Utils.java:129)
	... 33 more

testParsingDatesFormattedWithSystemLocale(com.google.gson.DefaultDateTypeAdapterTest)  Time elapsed: 0.011 sec  <<< ERROR!
com.google.gson.JsonSyntaxException: 1 janv. 1970 00:00:00
	at com.google.gson.DefaultDateTypeAdapter.deserializeToDate(DefaultDateTypeAdapter.java:107)
	at com.google.gson.DefaultDateTypeAdapter.deserialize(DefaultDateTypeAdapter.java:84)
	at com.google.gson.DefaultDateTypeAdapterTest.assertParsed(DefaultDateTypeAdapterTest.java:168)
	at com.google.gson.DefaultDateTypeAdapterTest.__CLR4_4_14xdbqt4tc(DefaultDateTypeAdapterTest.java:71)
	at com.google.gson.DefaultDateTypeAdapterTest.testParsingDatesFormattedWithSystemLocale(DefaultDateTypeAdapterTest.java:65)
Caused by: java.text.ParseException: Failed to parse date ["1 janv. 1970 00:00:00']: Invalid number: 1 ja
	at com.google.gson.internal.bind.util.ISO8601Utils.parse(ISO8601Utils.java:274)
	at com.google.gson.DefaultDateTypeAdapter.deserializeToDate(DefaultDateTypeAdapter.java:105)
	... 32 more
Caused by: java.lang.NumberFormatException: Invalid number: 1 ja
	at com.google.gson.internal.bind.util.ISO8601Utils.parseInt(ISO8601Utils.java:318)
	at com.google.gson.internal.bind.util.ISO8601Utils.parse(ISO8601Utils.java:129)
	... 33 more

testFormattingInEnUs(com.google.gson.DefaultDateTypeAdapterTest)  Time elapsed: 0.004 sec  <<< FAILURE!
junit.framework.ComparisonFailure: expected:<Jan 1, 1970[] 12:00:00 AM> but was:<Jan 1, 1970[,] 12:00:00 AM>
	at junit.framework.Assert.assertEquals(Assert.java:81)
	at junit.framework.Assert.assertEquals(Assert.java:87)
	at com.google.gson.DefaultDateTypeAdapterTest.assertFormatted(DefaultDateTypeAdapterTest.java:164)
	at com.google.gson.DefaultDateTypeAdapterTest.assertFormattingAlwaysEmitsUsLocale(DefaultDateTypeAdapterTest.java:47)
	at com.google.gson.DefaultDateTypeAdapterTest.__CLR4_4_1ipa1124ss(DefaultDateTypeAdapterTest.java:34)
	at com.google.gson.DefaultDateTypeAdapterTest.testFormattingInEnUs(DefaultDateTypeAdapterTest.java:33)

testFormatUsesDefaultTimezone(com.google.gson.DefaultDateTypeAdapterTest)  Time elapsed: 0.003 sec  <<< FAILURE!
junit.framework.ComparisonFailure: expected:<Dec 31, 1969[] 4:00:00 PM> but was:<Dec 31, 1969[,] 4:00:00 PM>
	at junit.framework.Assert.assertEquals(Assert.java:81)
	at junit.framework.Assert.assertEquals(Assert.java:87)
	at com.google.gson.DefaultDateTypeAdapterTest.assertFormatted(DefaultDateTypeAdapterTest.java:164)
	at com.google.gson.DefaultDateTypeAdapterTest.__CLR4_4_17g0nys4u8(DefaultDateTypeAdapterTest.java:119)
	at com.google.gson.DefaultDateTypeAdapterTest.testFormatUsesDefaultTimezone(DefaultDateTypeAdapterTest.java:113)

testFormattingInFr(com.google.gson.DefaultDateTypeAdapterTest)  Time elapsed: 0.003 sec  <<< FAILURE!
junit.framework.ComparisonFailure: expected:<Jan 1, 1970[] 12:00:00 AM> but was:<Jan 1, 1970[,] 12:00:00 AM>
	at junit.framework.Assert.assertEquals(Assert.java:81)
	at junit.framework.Assert.assertEquals(Assert.java:87)
	at com.google.gson.DefaultDateTypeAdapterTest.assertFormatted(DefaultDateTypeAdapterTest.java:164)
	at com.google.gson.DefaultDateTypeAdapterTest.assertFormattingAlwaysEmitsUsLocale(DefaultDateTypeAdapterTest.java:47)
	at com.google.gson.DefaultDateTypeAdapterTest.__CLR4_4_1lljdf54su(DefaultDateTypeAdapterTest.java:38)
	at com.google.gson.DefaultDateTypeAdapterTest.testFormattingInFr(DefaultDateTypeAdapterTest.java:37)

Running com.google.gson.InnerClassExclusionStrategyTest
Tests run: 4, Failures: 0, Errors: 0, Skipped: 0, Time elapsed: 0 sec
Running com.google.gson.GsonTypeAdapterTest
Tests run: 5, Failures: 0, Errors: 0, Skipped: 0, Time elapsed: 0.049 sec
Running com.google.gson.internal.LinkedHashTreeMapTest
Tests run: 15, Failures: 0, Errors: 0, Skipped: 0, Time elapsed: 0.035 sec
Running com.google.gson.internal.LazilyParsedNumberTest
Tests run: 2, Failures: 0, Errors: 0, Skipped: 0, Time elapsed: 0 sec
Running com.google.gson.internal.UnsafeAllocatorInstantiationTest
Tests run: 3, Failures: 0, Errors: 0, Skipped: 0, Time elapsed: 0.011 sec
Running com.google.gson.internal.GsonTypesTest
Tests run: 2, Failures: 0, Errors: 0, Skipped: 0, Time elapsed: 0.001 sec
Running com.google.gson.internal.bind.JsonTreeWriterTest
Tests run: 12, Failures: 0, Errors: 0, Skipped: 0, Time elapsed: 0.014 sec
Running com.google.gson.internal.bind.JsonElementReaderTest
Tests run: 17, Failures: 0, Errors: 0, Skipped: 0, Time elapsed: 0.017 sec
Running com.google.gson.internal.LinkedTreeMapTest
Tests run: 11, Failures: 0, Errors: 0, Skipped: 0, Time elapsed: 0.021 sec
Running com.google.gson.ParameterizedTypeTest
Tests run: 2, Failures: 0, Errors: 0, Skipped: 0, Time elapsed: 0.001 sec
Running com.google.gson.common.TestTypes
Tests run: 0, Failures: 0, Errors: 0, Skipped: 0, Time elapsed: 0 sec
Running com.google.gson.GsonBuilderTest
Tests run: 4, Failures: 0, Errors: 0, Skipped: 0, Time elapsed: 0.003 sec
Running com.google.gson.reflect.TypeTokenTest
Tests run: 4, Failures: 0, Errors: 0, Skipped: 0, Time elapsed: 0.004 sec
Running com.google.gson.DefaultInetAddressTypeAdapterTest
Tests run: 1, Failures: 0, Errors: 0, Skipped: 0, Time elapsed: 0.004 sec
Running com.google.gson.ExposeAnnotationExclusionStrategyTest
Tests run: 6, Failures: 0, Errors: 0, Skipped: 0, Time elapsed: 0.005 sec
Running com.google.gson.FieldAttributesTest
Tests run: 6, Failures: 0, Errors: 0, Skipped: 0, Time elapsed: 0.007 sec
Running com.google.gson.CommentsTest
Tests run: 1, Failures: 0, Errors: 0, Skipped: 0, Time elapsed: 0.001 sec
Running com.google.gson.regression.JsonAdapterNullSafeTest
Tests run: 2, Failures: 0, Errors: 0, Skipped: 0, Time elapsed: 0.004 sec
Running com.google.gson.JsonNullTest
Tests run: 2, Failures: 0, Errors: 0, Skipped: 0, Time elapsed: 0.001 sec
Running com.google.gson.JsonObjectTest
Tests run: 12, Failures: 0, Errors: 0, Skipped: 0, Time elapsed: 0.008 sec
Running com.google.gson.stream.JsonReaderPathTest
Tests run: 10, Failures: 0, Errors: 0, Skipped: 0, Time elapsed: 0.021 sec
Running com.google.gson.stream.JsonWriterTest
Tests run: 37, Failures: 0, Errors: 0, Skipped: 0, Time elapsed: 0.026 sec
Running com.google.gson.stream.JsonReaderTest
Tests run: 118, Failures: 0, Errors: 0, Skipped: 0, Time elapsed: 0.12 sec
Running com.google.gson.metrics.PerformanceTest
Tests run: 1, Failures: 0, Errors: 0, Skipped: 0, Time elapsed: 0 sec
Running com.google.gson.MixedStreamTest
Tests run: 12, Failures: 0, Errors: 0, Skipped: 0, Time elapsed: 0.013 sec
Running com.google.gson.DefaultMapJsonSerializerTest
Tests run: 3, Failures: 0, Errors: 0, Skipped: 0, Time elapsed: 0.003 sec
Running com.google.gson.VersionExclusionStrategyTest
Tests run: 3, Failures: 0, Errors: 0, Skipped: 0, Time elapsed: 0.004 sec
Running com.google.gson.functional.InternationalizationTest
Tests run: 4, Failures: 0, Errors: 0, Skipped: 0, Time elapsed: 0.003 sec
Running com.google.gson.functional.JsonAdapterAnnotationOnFieldsTest
Tests run: 7, Failures: 0, Errors: 0, Skipped: 0, Time elapsed: 0.01 sec
Running com.google.gson.functional.SecurityTest
Tests run: 5, Failures: 0, Errors: 0, Skipped: 0, Time elapsed: 0.005 sec
Running com.google.gson.functional.EnumTest
Tests run: 11, Failures: 0, Errors: 0, Skipped: 0, Time elapsed: 0.016 sec
Running com.google.gson.functional.ObjectTest
Tests run: 44, Failures: 1, Errors: 0, Skipped: 0, Time elapsed: 0.049 sec <<< FAILURE!
testDateAsMapObjectField(com.google.gson.functional.ObjectTest)  Time elapsed: 0.004 sec  <<< FAILURE!
junit.framework.ComparisonFailure: expected:<..."date":"Dec 31, 1969[] 4:00:00 PM"}}> but was:<..."date":"Dec 31, 1969[,] 4:00:00 PM"}}>
	at junit.framework.Assert.assertEquals(Assert.java:81)
	at junit.framework.Assert.assertEquals(Assert.java:87)
	at com.google.gson.functional.ObjectTest.__CLR4_4_1or4vs8bk(ObjectTest.java:485)
	at com.google.gson.functional.ObjectTest.testDateAsMapObjectField(ObjectTest.java:482)

Running com.google.gson.functional.RuntimeTypeAdapterFactoryFunctionalTest
Tests run: 1, Failures: 0, Errors: 0, Skipped: 0, Time elapsed: 0.004 sec
Running com.google.gson.functional.FieldExclusionTest
Tests run: 3, Failures: 0, Errors: 0, Skipped: 0, Time elapsed: 0.003 sec
Running com.google.gson.functional.ExposeFieldsTest
Tests run: 8, Failures: 0, Errors: 0, Skipped: 0, Time elapsed: 0.009 sec
Running com.google.gson.functional.SerializedNameTest
Tests run: 3, Failures: 0, Errors: 0, Skipped: 0, Time elapsed: 0.003 sec
Running com.google.gson.functional.ThrowableFunctionalTest
WARNING: An illegal reflective access operation has occurred
WARNING: Illegal reflective access by com.google.gson.internal.bind.ReflectiveTypeAdapterFactory (file:/tmp/v2/gson/target/classes/) to field java.lang.Throwable.detailMessage
WARNING: Please consider reporting this to the maintainers of com.google.gson.internal.bind.ReflectiveTypeAdapterFactory
WARNING: Use --illegal-access=warn to enable warnings of further illegal reflective access operations
WARNING: All illegal access operations will be denied in a future release
Tests run: 5, Failures: 0, Errors: 0, Skipped: 0, Time elapsed: 0.01 sec
Running com.google.gson.functional.ParameterizedTypesTest
Tests run: 17, Failures: 0, Errors: 0, Skipped: 0, Time elapsed: 0.028 sec
Running com.google.gson.functional.PrettyPrintingTest
Tests run: 8, Failures: 0, Errors: 0, Skipped: 0, Time elapsed: 0.007 sec
Running com.google.gson.functional.CustomTypeAdaptersTest
Tests run: 19, Failures: 0, Errors: 0, Skipped: 0, Time elapsed: 0.019 sec
Running com.google.gson.functional.ReadersWritersTest
Tests run: 10, Failures: 0, Errors: 0, Skipped: 0, Time elapsed: 0.008 sec
Running com.google.gson.functional.CircularReferenceTest
Tests run: 6, Failures: 0, Errors: 0, Skipped: 0, Time elapsed: 0.031 sec
Running com.google.gson.functional.LeniencyTest
Tests run: 1, Failures: 0, Errors: 0, Skipped: 0, Time elapsed: 0.001 sec
Running com.google.gson.functional.RawSerializationTest
Tests run: 5, Failures: 0, Errors: 0, Skipped: 0, Time elapsed: 0.006 sec
Running com.google.gson.functional.CustomDeserializerTest
Tests run: 7, Failures: 0, Errors: 0, Skipped: 0, Time elapsed: 0.008 sec
Running com.google.gson.functional.TypeAdapterPrecedenceTest
Tests run: 8, Failures: 0, Errors: 0, Skipped: 0, Time elapsed: 0.006 sec
Running com.google.gson.functional.MoreSpecificTypeSerializationTest
Tests run: 6, Failures: 0, Errors: 0, Skipped: 0, Time elapsed: 0.008 sec
Running com.google.gson.functional.InterfaceTest
Tests run: 2, Failures: 0, Errors: 0, Skipped: 0, Time elapsed: 0.001 sec
Running com.google.gson.functional.TypeVariableTest
Tests run: 3, Failures: 0, Errors: 0, Skipped: 0, Time elapsed: 0.004 sec
Running com.google.gson.functional.ExclusionStrategyFunctionalTest
Tests run: 9, Failures: 0, Errors: 0, Skipped: 0, Time elapsed: 0.009 sec
Running com.google.gson.functional.DefaultTypeAdaptersTest
Tests run: 65, Failures: 3, Errors: 2, Skipped: 0, Time elapsed: 0.071 sec <<< FAILURE!
testDefaultDateSerialization(com.google.gson.functional.DefaultTypeAdaptersTest)  Time elapsed: 0.003 sec  <<< FAILURE!
junit.framework.ComparisonFailure: expected:<"Sep 11, 2011[] 10:55:03 PM"> but was:<"Sep 11, 2011[,] 10:55:03 PM">
	at junit.framework.Assert.assertEquals(Assert.java:81)
	at junit.framework.Assert.assertEquals(Assert.java:87)
	at com.google.gson.functional.DefaultTypeAdaptersTest.__CLR4_4_1pcwu26l7(DefaultTypeAdaptersTest.java:331)
	at com.google.gson.functional.DefaultTypeAdaptersTest.testDefaultDateSerialization(DefaultTypeAdaptersTest.java:328)

testDefaultDateDeserialization(com.google.gson.functional.DefaultTypeAdaptersTest)  Time elapsed: 0.003 sec  <<< ERROR!
com.google.gson.JsonSyntaxException: Dec 13, 2009 07:18:02 AM
	at com.google.gson.internal.bind.DateTypeAdapter.deserializeToDate(DateTypeAdapter.java:74)
	at com.google.gson.internal.bind.DateTypeAdapter.read(DateTypeAdapter.java:59)
	at com.google.gson.internal.bind.DateTypeAdapter.read(DateTypeAdapter.java:41)
	at com.google.gson.Gson.fromJson(Gson.java:884)
	at com.google.gson.Gson.fromJson(Gson.java:849)
	at com.google.gson.Gson.fromJson(Gson.java:798)
	at com.google.gson.Gson.fromJson(Gson.java:770)
	at com.google.gson.functional.DefaultTypeAdaptersTest.__CLR4_4_1yqs62h6lb(DefaultTypeAdaptersTest.java:336)
	at com.google.gson.functional.DefaultTypeAdaptersTest.testDefaultDateDeserialization(DefaultTypeAdaptersTest.java:334)
Caused by: java.text.ParseException: Failed to parse date ["Dec 13, 2009 07:18:02 AM']: Invalid number: Dec 
	at com.google.gson.internal.bind.util.ISO8601Utils.parse(ISO8601Utils.java:274)
	at com.google.gson.internal.bind.DateTypeAdapter.deserializeToDate(DateTypeAdapter.java:72)
	... 35 more
Caused by: java.lang.NumberFormatException: Invalid number: Dec 
	at com.google.gson.internal.bind.util.ISO8601Utils.parseInt(ISO8601Utils.java:311)
	at com.google.gson.internal.bind.util.ISO8601Utils.parse(ISO8601Utils.java:129)
	... 36 more

testDefaultJavaSqlTimestampSerialization(com.google.gson.functional.DefaultTypeAdaptersTest)  Time elapsed: 0.002 sec  <<< FAILURE!
junit.framework.ComparisonFailure: expected:<"Dec 3, 2009[] 1:18:02 PM"> but was:<"Dec 3, 2009[,] 1:18:02 PM">
	at junit.framework.Assert.assertEquals(Assert.java:81)
	at junit.framework.Assert.assertEquals(Assert.java:87)
	at com.google.gson.functional.DefaultTypeAdaptersTest.__CLR4_4_1ba8tvi6lw(DefaultTypeAdaptersTest.java:372)
	at com.google.gson.functional.DefaultTypeAdaptersTest.testDefaultJavaSqlTimestampSerialization(DefaultTypeAdaptersTest.java:369)

testDefaultJavaSqlTimestampDeserialization(com.google.gson.functional.DefaultTypeAdaptersTest)  Time elapsed: 0.003 sec  <<< ERROR!
com.google.gson.JsonSyntaxException: Dec 3, 2009 1:18:02 PM
	at com.google.gson.internal.bind.DateTypeAdapter.deserializeToDate(DateTypeAdapter.java:74)
	at com.google.gson.internal.bind.DateTypeAdapter.read(DateTypeAdapter.java:59)
	at com.google.gson.internal.bind.DateTypeAdapter.read(DateTypeAdapter.java:41)
	at com.google.gson.internal.bind.TypeAdapters$26$1.read(TypeAdapters.java:598)
	at com.google.gson.internal.bind.TypeAdapters$26$1.read(TypeAdapters.java:596)
	at com.google.gson.Gson.fromJson(Gson.java:884)
	at com.google.gson.Gson.fromJson(Gson.java:849)
	at com.google.gson.Gson.fromJson(Gson.java:798)
	at com.google.gson.Gson.fromJson(Gson.java:770)
	at com.google.gson.functional.DefaultTypeAdaptersTest.__CLR4_4_1q5eqtf6m0(DefaultTypeAdaptersTest.java:377)
	at com.google.gson.functional.DefaultTypeAdaptersTest.testDefaultJavaSqlTimestampDeserialization(DefaultTypeAdaptersTest.java:375)
Caused by: java.text.ParseException: Failed to parse date ["Dec 3, 2009 1:18:02 PM']: Invalid number: Dec 
	at com.google.gson.internal.bind.util.ISO8601Utils.parse(ISO8601Utils.java:274)
	at com.google.gson.internal.bind.DateTypeAdapter.deserializeToDate(DateTypeAdapter.java:72)
	... 37 more
Caused by: java.lang.NumberFormatException: Invalid number: Dec 
	at com.google.gson.internal.bind.util.ISO8601Utils.parseInt(ISO8601Utils.java:311)
	at com.google.gson.internal.bind.util.ISO8601Utils.parse(ISO8601Utils.java:129)
	... 38 more

testDefaultDateSerializationUsingBuilder(com.google.gson.functional.DefaultTypeAdaptersTest)  Time elapsed: 0.002 sec  <<< FAILURE!
junit.framework.ComparisonFailure: expected:<"Sep 11, 2011[] 10:55:03 PM"> but was:<"Sep 11, 2011[,] 10:55:03 PM">
	at junit.framework.Assert.assertEquals(Assert.java:81)
	at junit.framework.Assert.assertEquals(Assert.java:87)
	at com.google.gson.functional.DefaultTypeAdaptersTest.__CLR4_4_16g7uk16md(DefaultTypeAdaptersTest.java:398)
	at com.google.gson.functional.DefaultTypeAdaptersTest.testDefaultDateSerializationUsingBuilder(DefaultTypeAdaptersTest.java:394)

Running com.google.gson.functional.NullObjectAndFieldTest
Tests run: 16, Failures: 0, Errors: 0, Skipped: 0, Time elapsed: 0.015 sec
Running com.google.gson.functional.MapAsArrayTypeAdapterTest
Tests run: 5, Failures: 0, Errors: 0, Skipped: 0, Time elapsed: 0.008 sec
Running com.google.gson.functional.InstanceCreatorTest
Tests run: 5, Failures: 0, Errors: 0, Skipped: 0, Time elapsed: 0.009 sec
Running com.google.gson.functional.PrimitiveCharacterTest
Tests run: 2, Failures: 0, Errors: 0, Skipped: 0, Time elapsed: 0.002 sec
Running com.google.gson.functional.MapTest
Tests run: 48, Failures: 0, Errors: 0, Skipped: 0, Time elapsed: 0.05 sec
Running com.google.gson.functional.FieldNamingTest
Tests run: 5, Failures: 0, Errors: 0, Skipped: 0, Time elapsed: 0.003 sec
Running com.google.gson.functional.VersioningTest
Tests run: 10, Failures: 0, Errors: 0, Skipped: 0, Time elapsed: 0.01 sec
Running com.google.gson.functional.DelegateTypeAdapterTest
Tests run: 2, Failures: 0, Errors: 0, Skipped: 0, Time elapsed: 0.003 sec
Running com.google.gson.functional.InheritanceTest
Tests run: 13, Failures: 0, Errors: 0, Skipped: 0, Time elapsed: 0.012 sec
Running com.google.gson.functional.TypeHierarchyAdapterTest
Tests run: 3, Failures: 0, Errors: 0, Skipped: 0, Time elapsed: 0.005 sec
Running com.google.gson.functional.CustomSerializerTest
Tests run: 5, Failures: 0, Errors: 0, Skipped: 0, Time elapsed: 0.003 sec
Running com.google.gson.functional.StreamingTypeAdaptersTest
Tests run: 17, Failures: 0, Errors: 0, Skipped: 0, Time elapsed: 0.02 sec
Running com.google.gson.functional.EscapingTest
Tests run: 5, Failures: 0, Errors: 0, Skipped: 0, Time elapsed: 0.004 sec
Running com.google.gson.functional.CollectionTest
Tests run: 28, Failures: 0, Errors: 0, Skipped: 0, Time elapsed: 0.027 sec
Running com.google.gson.functional.JsonTreeTest
Tests run: 4, Failures: 0, Errors: 0, Skipped: 0, Time elapsed: 0.003 sec
Running com.google.gson.functional.ArrayTest
Tests run: 26, Failures: 0, Errors: 0, Skipped: 0, Time elapsed: 0.016 sec
Running com.google.gson.functional.PrintFormattingTest
Tests run: 3, Failures: 0, Errors: 0, Skipped: 0, Time elapsed: 0.002 sec
Running com.google.gson.functional.StringTest
Tests run: 18, Failures: 0, Errors: 0, Skipped: 0, Time elapsed: 0 sec
Running com.google.gson.functional.JavaUtilConcurrentAtomicTest
Tests run: 7, Failures: 0, Errors: 0, Skipped: 0, Time elapsed: 0.004 sec
Running com.google.gson.functional.UncategorizedTest
Tests run: 6, Failures: 0, Errors: 0, Skipped: 0, Time elapsed: 0.005 sec
Running com.google.gson.functional.JsonArrayTest
Tests run: 8, Failures: 0, Errors: 0, Skipped: 0, Time elapsed: 0.004 sec
Running com.google.gson.functional.JsonParserTest
Tests run: 8, Failures: 0, Errors: 0, Skipped: 0, Time elapsed: 0.006 sec
Running com.google.gson.functional.JsonAdapterAnnotationOnClassesTest
Tests run: 8, Failures: 0, Errors: 0, Skipped: 0, Time elapsed: 0.008 sec
Running com.google.gson.functional.NamingPolicyTest
Tests run: 14, Failures: 0, Errors: 0, Skipped: 0, Time elapsed: 0.01 sec
Running com.google.gson.functional.ConcurrencyTest
Tests run: 4, Failures: 0, Errors: 0, Skipped: 0, Time elapsed: 0.026 sec
Running com.google.gson.functional.PrimitiveTest
Tests run: 98, Failures: 0, Errors: 0, Skipped: 0, Time elapsed: 0.058 sec
Running com.google.gson.functional.TreeTypeAdaptersTest
Tests run: 2, Failures: 0, Errors: 0, Skipped: 0, Time elapsed: 0.004 sec
Running com.google.gson.functional.JavaUtilTest
Tests run: 2, Failures: 0, Errors: 0, Skipped: 0, Time elapsed: 0.004 sec
Running com.google.gson.ObjectTypeAdapterTest
Tests run: 5, Failures: 0, Errors: 0, Skipped: 0, Time elapsed: 0.004 sec
Running com.google.gson.JsonStreamParserTest
Tests run: 4, Failures: 0, Errors: 0, Skipped: 0, Time elapsed: 0.002 sec
Running com.google.gson.JavaSerializationTest
Tests run: 3, Failures: 0, Errors: 0, Skipped: 0, Time elapsed: 0.028 sec
Running com.google.gson.GenericArrayTypeTest
Tests run: 2, Failures: 0, Errors: 0, Skipped: 0, Time elapsed: 0.002 sec
Running com.google.gson.GsonTest
Tests run: 1, Failures: 0, Errors: 0, Skipped: 0, Time elapsed: 0.001 sec
Running com.google.gson.JsonArrayTest
Tests run: 5, Failures: 0, Errors: 0, Skipped: 0, Time elapsed: 0.003 sec
Running com.google.gson.JsonParserTest
Tests run: 10, Failures: 0, Errors: 0, Skipped: 0, Time elapsed: 0.007 sec
Running com.google.gson.JsonPrimitiveTest
Tests run: 24, Failures: 0, Errors: 0, Skipped: 0, Time elapsed: 0.011 sec
Running com.google.gson.LongSerializationPolicyTest
Tests run: 4, Failures: 0, Errors: 0, Skipped: 0, Time elapsed: 0.003 sec
Running com.google.gson.OverrideCoreTypeAdaptersTest
Tests run: 3, Failures: 0, Errors: 0, Skipped: 0, Time elapsed: 0.002 sec

Results :

Failed tests:   testFormattingInEnUs(com.google.gson.DefaultDateTypeAdapterTest): expected:<Jan 1, 1970[] 12:00:00 AM> but was:<Jan 1, 1970[,] 12:00:00 AM>
  testFormatUsesDefaultTimezone(com.google.gson.DefaultDateTypeAdapterTest): expected:<Dec 31, 1969[] 4:00:00 PM> but was:<Dec 31, 1969[,] 4:00:00 PM>
  testFormattingInFr(com.google.gson.DefaultDateTypeAdapterTest): expected:<Jan 1, 1970[] 12:00:00 AM> but was:<Jan 1, 1970[,] 12:00:00 AM>
  testDateAsMapObjectField(com.google.gson.functional.ObjectTest): expected:<..."date":"Dec 31, 1969[] 4:00:00 PM"}}> but was:<..."date":"Dec 31, 1969[,] 4:00:00 PM"}}>
  testDefaultDateSerialization(com.google.gson.functional.DefaultTypeAdaptersTest): expected:<"Sep 11, 2011[] 10:55:03 PM"> but was:<"Sep 11, 2011[,] 10:55:03 PM">
  testDefaultJavaSqlTimestampSerialization(com.google.gson.functional.DefaultTypeAdaptersTest): expected:<"Dec 3, 2009[] 1:18:02 PM"> but was:<"Dec 3, 2009[,] 1:18:02 PM">
  testDefaultDateSerializationUsingBuilder(com.google.gson.functional.DefaultTypeAdaptersTest): expected:<"Sep 11, 2011[] 10:55:03 PM"> but was:<"Sep 11, 2011[,] 10:55:03 PM">

Tests in error: 
  testParsingDatesFormattedWithUsLocale(com.google.gson.DefaultDateTypeAdapterTest): Jan 1, 1970 0:00:00 AM
  testParsingDatesFormattedWithSystemLocale(com.google.gson.DefaultDateTypeAdapterTest): 1 janv. 1970 00:00:00
  testDefaultDateDeserialization(com.google.gson.functional.DefaultTypeAdaptersTest): Dec 13, 2009 07:18:02 AM
  testDefaultJavaSqlTimestampDeserialization(com.google.gson.functional.DefaultTypeAdaptersTest): Dec 3, 2009 1:18:02 PM

Tests run: 994, Failures: 7, Errors: 4, Skipped: 0

[[1;34mINFO[m] [1m------------------------------------------------------------------------[m
[[1;34mINFO[m] [1;31mBUILD FAILURE[m
[[1;34mINFO[m] [1m------------------------------------------------------------------------[m
[[1;34mINFO[m] Total time:  10.469 s
[[1;34mINFO[m] Finished at: 2020-12-29T17:59:38+01:00
[[1;34mINFO[m] [1m------------------------------------------------------------------------[m
[[1;31mERROR[m] Failed to execute goal [32morg.apache.maven.plugins:maven-surefire-plugin:2.12.4:test[m [1m(default-test)[m on project [36mgson[m: [1;31mThere are test failures.[m
[[1;31mERROR[m] [1;31m[m
[[1;31mERROR[m] [1;31mPlease refer to /tmp/v2/gson/target/surefire-reports for the individual test results.[m
[[1;31mERROR[m] -> [1m[Help 1][m
[[1;31mERROR[m] 
[[1;31mERROR[m] To see the full stack trace of the errors, re-run Maven with the [1m-e[m switch.
[[1;31mERROR[m] Re-run Maven using the [1m-X[m switch to enable full debug logging.
[[1;31mERROR[m] 
[[1;31mERROR[m] For more information about the errors and possible solutions, please read the following articles:
[[1;31mERROR[m] [1m[Help 1][m http://cwiki.apache.org/confluence/display/MAVEN/MojoFailureException
Writing HTML report to '/tmp/v2/gson/target/clover/report'
Done. Processed 11 packages in 2299ms (209ms per package).
[INFO] /tmp/v1/gson/src/main/java/com/google/gson/Gson.java
[INFO] /tmp/v2/gson/src/main/java/com/google/gson/Gson.java
[INFO] com.google.gson.Gson:[130, 187, 257, 261, 265, 269, 187, 188, 257, 261, 265, 269] are modified.
[INFO] com.google.gson.Gson:187 covered.
[INFO] com.google.gson.Gson:188 covered.
[INFO] com.google.gson.Gson:265 covered.
[INFO] com.google.gson.Gson:269 covered.
[INFO] com.google.gson.Gson:257 covered.
[INFO] com.google.gson.Gson:261 covered.
[INFO] Saving result in /tmp/v1/gson/testsThatExecuteTheChange.csv ...
[INFO] com.google.gson.functional.JsonAdapterAnnotationOnFieldsTest;testClassAnnotationAdapterFactoryTakesPrecedenceOverDefault;testFieldAnnotationTakesPrecedenceOverClassAnnotation;testJsonAdapterWrappedInNullSafeAsRequested;testRegisteredTypeAdapterTakesPrecedenceOverClassAnnotationAdapter;testFieldAnnotationTakesPrecedenceOverRegisteredTypeAdapter;testClassAnnotationAdapterTakesPrecedenceOverDefault;testJsonAdapterInvokedOnlyForAnnotatedFields
com.google.gson.LongSerializationPolicyTest;testStringLongSerializationIntegration;testDefaultLongSerializationIntegration
com.google.gson.functional.MapAsArrayTypeAdapterTest;testTwoTypesCollapseToOneDeserialize;testMultipleEnableComplexKeyRegistrationHasNoEffect;testSerializeComplexMapWithTypeAdapter;testMapWithTypeVariableDeserialization;testMapWithTypeVariableSerialization
com.google.gson.functional.PrimitiveTest;testNegativeInfinitySerializationNotSupportedByDefault;testDoubleInfinitySerializationNotSupportedByDefault;testDoubleInfinitySerialization;testMoreSpecificSerialization;testPrimitiveDoubleAutoboxedSerialization;testPrimitiveDoubleAutoboxedInASingleElementArraySerialization;testFloatInfinitySerialization;testDoubleNaNSerialization;testLongAsStringSerialization;testNegativeInfinityFloatSerialization;testDoubleNaNSerializationNotSupportedByDefault;testHtmlCharacterSerialization;testNegativeInfinitySerialization;testLongAsStringDeserialization;testFloatNaNSerialization
com.google.gson.functional.CustomTypeAdaptersTest;testCustomTypeAdapterDoesNotAppliesToSubClasses;testCustomTypeAdapterAppliesToSubClassesSerializedAsBaseClass;testCustomAdapterInvokedForCollectionElementDeserialization;testCustomAdapterInvokedForMapElementSerializationWithType;testCustomDeserializers;testRegisterHierarchyAdapterForDate;testCustomNestedDeserializers;testEnsureCustomSerializerNotInvokedForNullValues;testEnsureCustomDeserializerNotInvokedForNullValues;testCustomAdapterInvokedForCollectionElementSerializationWithType;testCustomAdapterInvokedForMapElementSerialization;testCustomSerializers;testCustomNestedSerializers;testCustomByteArraySerializer;testCustomSerializerInvokedForPrimitives;testCustomAdapterInvokedForMapElementDeserialization;testCustomAdapterInvokedForCollectionElementSerialization;testCustomDeserializerInvokedForPrimitives;testCustomByteArrayDeserializerAndInstanceCreator
com.google.gson.functional.CollectionTest;testUserCollectionTypeAdapter
com.google.gson.functional.DefaultTypeAdaptersTest;testDefaultCalendarSerialization;testClassSerialization;testTimestampSerialization;testOverrideBigIntegerTypeAdapter;testDefaultGregorianCalendarDeserialization;testClassDeserialization;testDefaultDateSerializationUsingBuilder;testOverrideBigDecimalTypeAdapter;testDefaultGregorianCalendarSerialization;testDefaultCalendarDeserialization;testDateSerializationInCollection;testSetSerialization;testNullSerialization;testDefaultDateDeserializationUsingBuilder;testBitSetDeserialization;testDateSerializationWithPattern;testSqlDateSerialization;testBitSetSerialization;testDateSerializationWithPatternNotOverridenByTypeAdapter;testDateDeserializationWithPattern
com.google.gson.functional.CustomDeserializerTest;testJsonTypeFieldBasedDeserialization;testCustomDeserializerReturnsNullForArrayElements;testCustomDeserializerReturnsNullForTopLevelObject;testCustomDeserializerReturnsNull;testCustomDeserializerReturnsNullForArrayElementsForArrayField
com.google.gson.functional.ExposeFieldsTest;testExposeAnnotationSerialization;testNullExposeFieldSerialization;testArrayWithOneNullExposeFieldObjectSerialization
com.google.gson.functional.InstanceCreatorTest;testInstanceCreatorReturnsBaseType;testInstanceCreatorForCollectionType;testInstanceCreatorReturnsSubTypeForTopLevelObject;testInstanceCreatorReturnsSubTypeForField;testInstanceCreatorForParametrizedType
com.google.gson.functional.ExclusionStrategyFunctionalTest;testExclusionStrategyWithMode;testExcludeTopLevelClassSerialization;testExclusionStrategySerialization;testExcludeTopLevelClassSerializationDoesNotImpactDeserialization;testExclusionStrategySerializationDoesNotImpactDeserialization;testExcludeTopLevelClassDeserialization;testExclusionStrategySerializationDoesNotImpactSerialization;testExclusionStrategyDeserialization;testExcludeTopLevelClassDeserializationDoesNotImpactSerialization
com.google.gson.functional.EnumTest;testEnumSubclassWithRegisteredTypeAdapter
com.google.gson.functional.EscapingTest;testGsonAcceptsEscapedAndNonEscapedJsonDeserialization
com.google.gson.functional.MapTest;testInterfaceTypeMap;testMapSubclassDeserialization;testMapSerializationWithNullValueButSerializeNulls;testInterfaceTypeMapWithSerializer;testGeneralMapField;testCustomSerializerForSpecificMapType;testMapSerializationWithNullValuesSerialized;testSerializeMaps
com.google.gson.functional.ArrayTest;testNullsInArrayWithSerializeNullPropertySetSerialization;testArrayElementsAreArrays
com.google.gson.functional.ParameterizedTypesTest;testParameterizedTypeWithReaderDeserialization;testParameterizedTypeDeserialization;testParameterizedTypeWithCustomSerializer;testTypesWithMultipleParametersSerialization;testParameterizedTypesWithCustomDeserializer
com.google.gson.functional.ObjectTest;testSingletonLists;testJsonObjectSerialization;testInnerClassDeserialization;testAnonymousLocalClassesCustomSerialization
com.google.gson.functional.JavaUtilConcurrentAtomicTest;testAtomicLongWithStringSerializationPolicy;testAtomicLongArrayWithStringSerializationPolicy
com.google.gson.functional.NullObjectAndFieldTest;testExplicitSerializationOfNulls;testCustomSerializationOfNulls;testAbsentJsonElementsAreSetToNull;testPrintPrintingObjectWithNulls;testNullWrappedPrimitiveMemberSerialization;testExplicitSerializationOfNullArrayMembers;testExplicitDeserializationOfNulls;testExplicitSerializationOfNullCollectionMembers;testExplicitSerializationOfNullStringMembers;testExplicitNullSetsFieldToNullDuringDeserialization;testTopLevelNullObjectSerialization;testCustomTypeAdapterPassesNullSerialization;testPrintPrintingArraysWithNulls;testNullWrappedPrimitiveMemberDeserialization;testCustomTypeAdapterPassesNullDesrialization;testTopLevelNullObjectDeserialization
com.google.gson.functional.TypeVariableTest;testBasicTypeVariables;testAdvancedTypeVariables;testTypeVariablesViaTypeParameter
com.google.gson.DefaultMapJsonSerializerTest;testNonEmptyMapSerialization
com.google.gson.functional.FieldNamingTest;testLowerCaseWithDashes;testUpperCamelCaseWithSpaces;testUpperCamelCase;testIdentity;testLowerCaseWithUnderscores
com.google.gson.functional.JsonAdapterAnnotationOnClassesTest;testSuperclassTypeAdapterNotInvoked;testJsonAdapterInvoked;testIncorrectTypeAdapterFails;testRegisteredAdapterOverridesJsonAdapter;testNullSafeObjectFromJson;testRegisteredDeserializerOverridesJsonAdapter;testRegisteredSerializerOverridesJsonAdapter;testJsonAdapterFactoryInvoked
com.google.gson.functional.ReadersWritersTest;testTopLevelNullObjectDeserializationWithReaderAndSerializeNulls;testTopLevelNullObjectSerializationWithWriterAndSerializeNulls;testReadWriteTwoStrings;testReadWriteTwoObjects
com.google.gson.functional.FieldExclusionTest;testDefaultInnerClassExclusion;testDefaultNestedStaticClassIncluded;testInnerClassExclusion
com.google.gson.functional.VersioningTest;testVersionedClassesDeserialization;testVersionedClassesSerialization;testIgnoreLaterVersionClassSerialization;testVersionedGsonMixingSinceAndUntilDeserialization;testVersionedUntilSerialization;testVersionedGsonMixingSinceAndUntilSerialization;testVersionedUntilDeserialization;testIgnoreLaterVersionClassDeserialization;testVersionedGsonWithUnversionedClassesSerialization;testVersionedGsonWithUnversionedClassesDeserialization
com.google.gson.functional.CircularReferenceTest;testSelfReferenceCustomHandlerSerialization
com.google.gson.functional.UncategorizedTest;testReturningDerivedClassesDuringDeserialization
com.google.gson.functional.StreamingTypeAdaptersTest;testSerialize1dArray;testSerialize;testNullSafe;testSerialize2dArray;testSerializeWithCustomTypeAdapter;testSerializeMap;testSerializeNullField;testSerializeNullObject;testDeserializeWithCustomTypeAdapter
com.google.gson.functional.CustomSerializerTest;testSerializerReturnsNull;testSubClassSerializerInvokedForBaseClassFieldsHoldingSubClassInstances;testBaseClassSerializerInvokedForBaseClassFieldsHoldingSubClassInstances;testBaseClassSerializerInvokedForBaseClassFields;testSubClassSerializerInvokedForBaseClassFieldsHoldingArrayOfSubClassInstances
com.google.gson.functional.NamingPolicyTest;testGsonWithNonDefaultFieldNamingPolicyDeserialiation;testGsonWithLowerCaseUnderscorePolicySerialization;testGsonWithLowerCaseDashPolicyDeserialiation;testComplexFieldNameStrategy;testGsonWithSerializedNameFieldNamingPolicySerialization;testGsonWithUpperCamelCaseSpacesPolicySerialiation;testGsonWithNonDefaultFieldNamingPolicySerialization;testGsonWithLowerCaseDashPolicySerialization;testGsonDuplicateNameUsingSerializedNameFieldNamingPolicySerialization;testGsonWithLowerCaseUnderscorePolicyDeserialiation;testDeprecatedNamingStrategy;testAtSignInSerializedName;testGsonWithSerializedNameFieldNamingPolicyDeserialization;testGsonWithUpperCamelCaseSpacesPolicyDeserialiation
com.google.gson.MixedStreamTest;testWriteLenient;testWriteDoesNotMutateState;testReadMixedStreamed;testReaderDoesNotMutateState;testReadClosed;testWriteMixedStreamed;testWriteClosed;testWriteHtmlSafe;testWriteNulls;testReadNulls;testWriteInvalidState;testReadInvalidState
com.google.gson.functional.TypeHierarchyAdapterTest;testRegisterSuperTypeFirst;testRegisterSubTypeFirstAllowed;testTypeHierarchy
com.google.gson.functional.SecurityTest;testJsonWithNonExectuableTokenWithRegularGsonDeserialization;testNonExecutableJsonDeserialization;testNonExecutableJsonSerialization;testJsonWithNonExectuableTokenSerialization;testJsonWithNonExectuableTokenWithConfiguredGsonDeserialization
com.google.gson.functional.PrintFormattingTest;testJsonObjectWithNullValuesSerialized
com.google.gson.CommentsTest;testParseComments
com.google.gson.GsonBuilderTest;testTransientFieldExclusion;testCreatingMoreThanOnce;testExcludeFieldsWithModifiers
com.google.gson.OverrideCoreTypeAdaptersTest;testOverrideStringAdapter;testOverrideWrapperBooleanAdapter;testOverridePrimitiveBooleanAdapter
com.google.gson.JsonParserTest;testReadWriteTwoObjects
com.google.gson.GsonTypeAdapterTest;testDeserializerForAbstractClass
com.google.gson.functional.TypeAdapterPrecedenceTest;testStreamingHierarchicalFollowedByNonstreaming;testStreamingHierarchicalFollowedByNonstreamingHierarchical;testNonstreamingHierarchicalFollowedByNonstreaming;testNonstreamingFollowedByNonstreaming;testStreamingFollowedByStreaming;testSerializeNonstreamingTypeAdapterFollowedByStreamingTypeAdapter;testStreamingFollowedByNonstreaming;testStreamingFollowedByNonstreamingHierarchical
com.google.gson.JsonObjectTest;testPropertyWithQuotes;testWritePropertyWithEmptyStringName
com.google.gson.GsonTest;testOverridesDefaultExcluder
[INFO] Writing Coverage in /tmp/v1/gson/testsThatExecuteTheChange_coverage.csv
[INFO] com.google.gson.Gson;6;7

[INFO] total;6;7

[INFO] ------------------------------------------------------------------------
[INFO] Reactor Summary for Gson Parent 2.6.3-SNAPSHOT:
[INFO] 
[INFO] Gson Parent ........................................ SUCCESS [  0.701 s]
[INFO] Gson ............................................... SUCCESS [ 32.133 s]
[INFO] ------------------------------------------------------------------------
[INFO] BUILD SUCCESS
[INFO] ------------------------------------------------------------------------
[INFO] Total time:  33.046 s
[INFO] Finished at: 2020-12-29T17:59:43+01:00
[INFO] ------------------------------------------------------------------------
