[INFO] Scanning for projects...
[INFO] 
[INFO] -----------------------< commons-io:commons-io >------------------------
[INFO] Building Commons IO 2.3-SNAPSHOT
[INFO] --------------------------------[ jar ]---------------------------------
[INFO] 
[INFO] --- maven-clean-plugin:2.4.1:clean (default-clean) @ commons-io ---
[INFO] Deleting /tmp/v1/target
[INFO] 
[INFO] --- dspot-diff-test-selection:3.1.1-SNAPSHOT:list (default-cli) @ commons-io ---
[INFO] Running on:
[INFO] /tmp/v1
[INFO] /tmp/v2/
[WARNING] No path to diff file has been specified.
[WARNING] I'll compute a diff file using the UNIX diff command
[WARNING] You may encounter troubles.
[WARNING] If so, please specify a path to a correct diff file
[WARNING] or implement a new way to compute a diff file.
[INFO] Computing the diff with diff commnd line
[INFO] The diff will be computed between:
[INFO] /tmp/v1/src and 
[INFO] /tmp/v2/src
[INFO] Executing: diff -ru /tmp/v1/src /tmp/v2/src from /tmp/v1/src
[INFO] Running in enhanced mode...
[INFO] Computing coverage for /tmp/v1
[WARN] Maven will be executed in interactive mode, but no input stream has been configured for this MavenInvoker instance.
WARNING: An illegal reflective access operation has occurred
WARNING: Illegal reflective access by com.google.inject.internal.cglib.core.$ReflectUtils$1 (file:/usr/share/maven/lib/guice.jar) to method java.lang.ClassLoader.defineClass(java.lang.String,byte[],int,int,java.security.ProtectionDomain)
WARNING: Please consider reporting this to the maintainers of com.google.inject.internal.cglib.core.$ReflectUtils$1
WARNING: Use --illegal-access=warn to enable warnings of further illegal reflective access operations
WARNING: All illegal access operations will be denied in a future release
[[1;34mINFO[m] Scanning for projects...
[[1;34mINFO[m] 
[[1;34mINFO[m] [1m-----------------------< [0;36mcommons-io:commons-io[0;1m >------------------------[m
[[1;34mINFO[m] [1mBuilding Commons IO 2.3-SNAPSHOT[m
[[1;34mINFO[m] [1m--------------------------------[ jar ]---------------------------------[m
[[1;34mINFO[m] 
[[1;34mINFO[m] [1m--- [0;32mmaven-clean-plugin:2.4.1:clean[m [1m(default-clean)[m @ [36mcommons-io[0;1m ---[m
[[1;34mINFO[m] 
[[1;34mINFO[m] [1m--- [0;32mclover-maven-plugin:4.4.1:setup[m [1m(default-cli)[m @ [36mcommons-io[0;1m ---[m
[[1;34mINFO[m] OpenClover Version 4.4.1, built on October 11 2019 (build-1020)
[[1;34mINFO[m] Creating new database at '/tmp/v1/target/clover/clover.db'.
[[1;34mINFO[m] Processing files at 1.9 source level.
[[1;34mINFO[m] Clover all over. Instrumented 103 files (6 packages).
[[1;34mINFO[m] OpenClover Version 4.4.1, built on October 11 2019 (build-1020)
[[1;34mINFO[m] Updating existing database at '/tmp/v1/target/clover/clover.db'.
[[1;34mINFO[m] Processing files at 1.9 source level.
[[1;34mINFO[m] Clover all over. Instrumented 95 files (8 packages).
[[1;34mINFO[m] 806 test methods detected.
[[1;34mINFO[m] 
[[1;34mINFO[m] [1m--- [0;32mmaven-antrun-plugin:1.7:run[m [1m(javadoc.resources)[m @ [36mcommons-io[0;1m ---[m
[[1;34mINFO[m] Executing tasks

main:
     [copy] Copying 2 files to /tmp/v1/target/apidocs/META-INF
[[1;34mINFO[m] Executed tasks
[[1;34mINFO[m] 
[[1;34mINFO[m] [1m--- [0;32mmaven-remote-resources-plugin:1.2.1:process[m [1m(default)[m @ [36mcommons-io[0;1m ---[m
[[1;34mINFO[m] 
[[1;34mINFO[m] [1m--- [0;32mbuildnumber-maven-plugin:1.0:create[m [1m(default)[m @ [36mcommons-io[0;1m ---[m
[[1;34mINFO[m] Checking for local modifications: skipped.
[[1;34mINFO[m] Updating project files from SCM: skipped.
[[1;34mINFO[m] Executing: /bin/sh -c cd /tmp/v1 && svn --non-interactive info
[[1;34mINFO[m] Working directory: /tmp/v1
[[1;34mINFO[m] Storing buildNumber: ?????? at timestamp: 1610574516133
[[1;34mINFO[m] Executing: /bin/sh -c cd /tmp/v1 && svn --non-interactive info
[[1;34mINFO[m] Working directory: /tmp/v1
[[1;34mINFO[m] Storing buildScmBranch: UNKNOWN_BRANCH
[[1;34mINFO[m] 
[[1;34mINFO[m] [1m--- [0;32mmaven-resources-plugin:2.5:resources[m [1m(default-resources)[m @ [36mcommons-io[0;1m ---[m
[debug] execute contextualize
[[1;34mINFO[m] Using 'iso-8859-1' encoding to copy filtered resources.
[[1;34mINFO[m] skip non existing resourceDirectory /tmp/v1/src/main/resources
[[1;34mINFO[m] Copying 2 resources to META-INF
[[1;34mINFO[m] Copying 1 resource
[[1;34mINFO[m] 
[[1;34mINFO[m] [1m--- [0;32mmaven-compiler-plugin:2.3.2:compile[m [1m(default-compile)[m @ [36mcommons-io[0;1m ---[m
[[1;34mINFO[m] Compiling 103 source files to /tmp/v1/target/classes
[[1;34mINFO[m] 
[[1;34mINFO[m] [1m--- [0;32mmaven-bundle-plugin:2.3.7:manifest[m [1m(bundle-manifest)[m @ [36mcommons-io[0;1m ---[m
[[1;34mINFO[m] 
[[1;34mINFO[m] [1m--- [0;32mmaven-resources-plugin:2.5:testResources[m [1m(default-testResources)[m @ [36mcommons-io[0;1m ---[m
[debug] execute contextualize
[[1;34mINFO[m] Using 'iso-8859-1' encoding to copy filtered resources.
[[1;34mINFO[m] Copying 15 resources
[[1;34mINFO[m] Copying 2 resources to META-INF
[[1;34mINFO[m] 
[[1;34mINFO[m] [1m--- [0;32mmaven-compiler-plugin:2.3.2:testCompile[m [1m(default-testCompile)[m @ [36mcommons-io[0;1m ---[m
[[1;34mINFO[m] Compiling 95 source files to /tmp/v1/target/test-classes
[[1;34mINFO[m] 
[[1;34mINFO[m] [1m--- [0;32mmaven-surefire-plugin:2.12:test[m [1m(default-test)[m @ [36mcommons-io[0;1m ---[m
[[1;34mINFO[m] Surefire report directory: /tmp/v1/target/surefire-reports

-------------------------------------------------------
 T E S T S
-------------------------------------------------------

-------------------------------------------------------
 T E S T S
-------------------------------------------------------
Running org.apache.commons.io.FileUtilsFileNewerTestCase
Tests run: 5, Failures: 0, Errors: 0, Skipped: 0, Time elapsed: 0.08 sec
Running org.apache.commons.io.CopyUtilsTest
Tests run: 11, Failures: 0, Errors: 0, Skipped: 0, Time elapsed: 0.079 sec
Running org.apache.commons.io.LineIteratorTestCase
Tests run: 16, Failures: 0, Errors: 0, Skipped: 0, Time elapsed: 0.126 sec
Running org.apache.commons.io.ThreadMonitorTestCase
Tests run: 3, Failures: 0, Errors: 0, Skipped: 0, Time elapsed: 0.465 sec
Running org.apache.commons.io.FileUtilsCleanSymlinksTestCase
Tests run: 7, Failures: 0, Errors: 0, Skipped: 0, Time elapsed: 0.109 sec
Running org.apache.commons.io.EndianUtilsTest
Tests run: 22, Failures: 0, Errors: 0, Skipped: 0, Time elapsed: 0.082 sec
Running org.apache.commons.io.HexDumpTest
Tests run: 1, Failures: 0, Errors: 0, Skipped: 0, Time elapsed: 0.068 sec
Running org.apache.commons.io.DirectoryWalkerTestCase
Tests run: 15, Failures: 0, Errors: 0, Skipped: 0, Time elapsed: 0.099 sec
Running org.apache.commons.io.IOUtilsCopyTestCase
Tests run: 22, Failures: 0, Errors: 0, Skipped: 0, Time elapsed: 0.403 sec
Running org.apache.commons.io.FilenameUtilsWildcardTestCase
Tests run: 7, Failures: 0, Errors: 0, Skipped: 0, Time elapsed: 0.155 sec
Running org.apache.commons.io.FileUtilsCleanDirectoryTestCase
Tests run: 5, Failures: 0, Errors: 0, Skipped: 0, Time elapsed: 0.087 sec
Running org.apache.commons.io.FilenameUtilsTestCase
Tests run: 30, Failures: 0, Errors: 0, Skipped: 0, Time elapsed: 0.112 sec
Running org.apache.commons.io.CharsetsTestCase
Tests run: 7, Failures: 0, Errors: 0, Skipped: 0, Time elapsed: 0.086 sec
Running org.apache.commons.io.FileUtilsWaitForTestCase
Tests run: 1, Failures: 0, Errors: 0, Skipped: 0, Time elapsed: 5.378 sec
Running org.apache.commons.io.DirectoryWalkerTestCaseJava4
Tests run: 14, Failures: 0, Errors: 0, Skipped: 0, Time elapsed: 0.093 sec
Running org.apache.commons.io.IOUtilsWriteTestCase
Tests run: 53, Failures: 0, Errors: 0, Skipped: 0, Time elapsed: 0.154 sec
Running org.apache.commons.io.FileUtilsTestCase
Tests run: 121, Failures: 0, Errors: 0, Skipped: 0, Time elapsed: 2.38 sec
Running org.apache.commons.io.DemuxTestCase
Tests run: 2, Failures: 0, Errors: 0, Skipped: 0, Time elapsed: 0.24 sec
Running org.apache.commons.io.IOCaseTestCase
Tests run: 17, Failures: 0, Errors: 0, Skipped: 0, Time elapsed: 0.091 sec
Running org.apache.commons.io.filefilter.OrFileFilterTestCase
Tests run: 5, Failures: 0, Errors: 0, Skipped: 0, Time elapsed: 0.07 sec
Running org.apache.commons.io.filefilter.RegexFileFilterTestCase
Tests run: 1, Failures: 0, Errors: 0, Skipped: 0, Time elapsed: 0.066 sec
Running org.apache.commons.io.filefilter.AndFileFilterTestCase
Tests run: 5, Failures: 0, Errors: 0, Skipped: 0, Time elapsed: 0.068 sec
Running org.apache.commons.io.filefilter.FileFilterTestCase
Tests run: 47, Failures: 0, Errors: 0, Skipped: 0, Time elapsed: 2.173 sec
Running org.apache.commons.io.ByteOrderMarkTestCase
Tests run: 9, Failures: 0, Errors: 0, Skipped: 0, Time elapsed: 0.067 sec
Running org.apache.commons.io.monitor.FileAlterationObserverTestCase
Tests run: 7, Failures: 0, Errors: 0, Skipped: 0, Time elapsed: 4.627 sec
Running org.apache.commons.io.monitor.FileAlterationMonitorTestCase
Tests run: 4, Failures: 0, Errors: 0, Skipped: 0, Time elapsed: 0.694 sec
Running org.apache.commons.io.IOUtilsTestCase
Tests run: 60, Failures: 0, Errors: 0, Skipped: 0, Time elapsed: 0.2 sec
Running org.apache.commons.io.FileCleaningTrackerTestCase
Tests run: 9, Failures: 0, Errors: 0, Skipped: 0, Time elapsed: 4.177 sec
Running org.apache.commons.io.FileDeleteStrategyTestCase
Tests run: 5, Failures: 0, Errors: 0, Skipped: 0, Time elapsed: 0.075 sec
Running org.apache.commons.io.FileSystemUtilsTestCase
Tests run: 28, Failures: 0, Errors: 0, Skipped: 0, Time elapsed: 0.12 sec
Running org.apache.commons.io.IOExceptionWithCauseTestCase
Tests run: 2, Failures: 0, Errors: 0, Skipped: 0, Time elapsed: 0.055 sec
Running org.apache.commons.io.FileCleanerTestCase
Tests run: 9, Failures: 0, Errors: 0, Skipped: 0, Time elapsed: 4.163 sec
Running org.apache.commons.io.comparator.LastModifiedFileComparatorTest
Tests run: 7, Failures: 0, Errors: 0, Skipped: 0, Time elapsed: 4.302 sec
Running org.apache.commons.io.comparator.CompositeFileComparatorTest
Tests run: 10, Failures: 0, Errors: 0, Skipped: 0, Time elapsed: 0.088 sec
Running org.apache.commons.io.comparator.SizeFileComparatorTest
Tests run: 9, Failures: 0, Errors: 0, Skipped: 0, Time elapsed: 0.085 sec
Running org.apache.commons.io.comparator.PathFileComparatorTest
Tests run: 8, Failures: 0, Errors: 0, Skipped: 0, Time elapsed: 0.078 sec
Running org.apache.commons.io.comparator.DefaultFileComparatorTest
Tests run: 7, Failures: 0, Errors: 0, Skipped: 0, Time elapsed: 0.084 sec
Running org.apache.commons.io.comparator.DirectoryFileComparatorTest
Tests run: 7, Failures: 0, Errors: 0, Skipped: 0, Time elapsed: 0.078 sec
Running org.apache.commons.io.comparator.NameFileComparatorTest
Tests run: 8, Failures: 0, Errors: 0, Skipped: 0, Time elapsed: 0.079 sec
Running org.apache.commons.io.comparator.ExtensionFileComparatorTest
Tests run: 8, Failures: 0, Errors: 0, Skipped: 0, Time elapsed: 0.08 sec
Running org.apache.commons.io.FileUtilsListFilesTestCase
Tests run: 3, Failures: 0, Errors: 0, Skipped: 0, Time elapsed: 0.087 sec
Running org.apache.commons.io.TaggedIOExceptionTest
Tests run: 1, Failures: 0, Errors: 0, Skipped: 0, Time elapsed: 0.066 sec
Running org.apache.commons.io.input.CharSequenceInputStreamTest
Tests run: 11, Failures: 0, Errors: 0, Skipped: 0, Time elapsed: 0.097 sec
Running org.apache.commons.io.input.XmlStreamReaderTest
Tests run: 6, Failures: 0, Errors: 0, Skipped: 0, Time elapsed: 0.324 sec
Running org.apache.commons.io.input.BoundedInputStreamTest
Tests run: 2, Failures: 0, Errors: 0, Skipped: 0, Time elapsed: 0.065 sec
Running org.apache.commons.io.input.TeeInputStreamTest
Tests run: 7, Failures: 0, Errors: 0, Skipped: 0, Time elapsed: 0.071 sec
Running org.apache.commons.io.input.AutoCloseInputStreamTest
Tests run: 4, Failures: 0, Errors: 0, Skipped: 0, Time elapsed: 0.063 sec
Running org.apache.commons.io.input.SwappedDataInputStreamTest
Tests run: 14, Failures: 0, Errors: 0, Skipped: 0, Time elapsed: 0.066 sec
Running org.apache.commons.io.input.BOMInputStreamTest
Tests run: 29, Failures: 0, Errors: 0, Skipped: 0, Time elapsed: 0.12 sec
Running org.apache.commons.io.input.TailerTest
Tests run: 4, Failures: 0, Errors: 0, Skipped: 0, Time elapsed: 3.889 sec
Running org.apache.commons.io.input.CharSequenceReaderTest
Tests run: 7, Failures: 0, Errors: 0, Skipped: 0, Time elapsed: 0.098 sec
Running org.apache.commons.io.input.NullReaderTest
Tests run: 6, Failures: 0, Errors: 0, Skipped: 0, Time elapsed: 0.064 sec
Running org.apache.commons.io.input.CountingInputStreamTest
Tests run: 10, Failures: 0, Errors: 0, Skipped: 0, Time elapsed: 0.256 sec
Running org.apache.commons.io.input.NullInputStreamTest
Tests run: 6, Failures: 0, Errors: 0, Skipped: 0, Time elapsed: 0.058 sec
Running org.apache.commons.io.input.compatibility.XmlStreamReaderUtilitiesCompatibilityTest
Tests run: 8, Failures: 0, Errors: 0, Skipped: 0, Time elapsed: 0.082 sec
Running org.apache.commons.io.input.ReaderInputStreamTest
Tests run: 8, Failures: 0, Errors: 0, Skipped: 0, Time elapsed: 0.104 sec
Running org.apache.commons.io.input.ReversedLinesFileReaderTestParamBlockSize
Tests run: 65, Failures: 0, Errors: 0, Skipped: 0, Time elapsed: 0.428 sec
Running org.apache.commons.io.input.CloseShieldInputStreamTest
Tests run: 1, Failures: 0, Errors: 0, Skipped: 0, Time elapsed: 0.055 sec
Running org.apache.commons.io.input.ReversedLinesFileReaderTestSimple
Tests run: 3, Failures: 0, Errors: 0, Skipped: 0, Time elapsed: 0.103 sec
Running org.apache.commons.io.input.ClassLoaderObjectInputStreamTest
Tests run: 2, Failures: 0, Errors: 0, Skipped: 0, Time elapsed: 0.064 sec
Running org.apache.commons.io.input.TaggedInputStreamTest
Tests run: 4, Failures: 0, Errors: 0, Skipped: 0, Time elapsed: 0.064 sec
Running org.apache.commons.io.input.ProxyReaderTest
Tests run: 2, Failures: 0, Errors: 0, Skipped: 0, Time elapsed: 0.051 sec
Running org.apache.commons.io.input.BrokenInputStreamTest
Tests run: 5, Failures: 0, Errors: 0, Skipped: 0, Time elapsed: 0.052 sec
Running org.apache.commons.io.input.ClosedInputStreamTest
Tests run: 1, Failures: 0, Errors: 0, Skipped: 0, Time elapsed: 0.055 sec
Running org.apache.commons.io.input.XmlStreamReaderUtilitiesTest
Tests run: 8, Failures: 0, Errors: 0, Skipped: 0, Time elapsed: 0.082 sec
Running org.apache.commons.io.input.ReversedLinesFileReaderTestParamFile
Tests run: 13, Failures: 0, Errors: 0, Skipped: 0, Time elapsed: 0.172 sec
Running org.apache.commons.io.FileUtilsDirectoryContainsTestCase
Tests run: 10, Failures: 0, Errors: 0, Skipped: 0, Time elapsed: 0.09 sec
Running org.apache.commons.io.output.WriterOutputStreamTest
Tests run: 12, Failures: 0, Errors: 0, Skipped: 0, Time elapsed: 0.078 sec
Running org.apache.commons.io.output.ClosedOutputStreamTest
Tests run: 1, Failures: 0, Errors: 0, Skipped: 0, Time elapsed: 0.065 sec
Running org.apache.commons.io.output.ByteArrayOutputStreamTestCase
Tests run: 1, Failures: 0, Errors: 0, Skipped: 0, Time elapsed: 0.058 sec
Running org.apache.commons.io.output.CountingOutputStreamTest
Tests run: 2, Failures: 0, Errors: 0, Skipped: 0, Time elapsed: 0.235 sec
Running org.apache.commons.io.output.CloseShieldOutputStreamTest
Tests run: 1, Failures: 0, Errors: 0, Skipped: 0, Time elapsed: 0.052 sec
Running org.apache.commons.io.output.FileWriterWithEncodingTest
Tests run: 6, Failures: 0, Errors: 0, Skipped: 0, Time elapsed: 0.092 sec
Running org.apache.commons.io.output.LockableFileWriterTest
Tests run: 7, Failures: 0, Errors: 0, Skipped: 0, Time elapsed: 0.095 sec
Running org.apache.commons.io.output.TaggedOutputStreamTest
Tests run: 3, Failures: 0, Errors: 0, Skipped: 0, Time elapsed: 0.084 sec
Running org.apache.commons.io.output.DeferredFileOutputStreamTest
Tests run: 10, Failures: 0, Errors: 0, Skipped: 0, Time elapsed: 0.122 sec
Running org.apache.commons.io.output.NullOutputStreamTest
Tests run: 1, Failures: 0, Errors: 0, Skipped: 0, Time elapsed: 0.049 sec
Running org.apache.commons.io.output.XmlStreamWriterTest
Tests run: 12, Failures: 0, Errors: 0, Skipped: 0, Time elapsed: 0.126 sec
Running org.apache.commons.io.output.StringBuilderWriterTest
Tests run: 12, Failures: 0, Errors: 0, Skipped: 0, Time elapsed: 0.074 sec
Running org.apache.commons.io.output.NullWriterTest
Tests run: 1, Failures: 0, Errors: 0, Skipped: 0, Time elapsed: 0.057 sec
Running org.apache.commons.io.output.BrokenOutputStreamTest
Tests run: 3, Failures: 0, Errors: 0, Skipped: 0, Time elapsed: 0.064 sec
Running org.apache.commons.io.output.ProxyWriterTest
Tests run: 8, Failures: 0, Errors: 0, Skipped: 0, Time elapsed: 0.067 sec
Running org.apache.commons.io.output.ProxyOutputStreamTest
Tests run: 2, Failures: 0, Errors: 0, Skipped: 0, Time elapsed: 0.055 sec
Running org.apache.commons.io.output.TeeOutputStreamTest
Tests run: 3, Failures: 0, Errors: 0, Skipped: 0, Time elapsed: 0.063 sec

Results :

Tests run: 939, Failures: 0, Errors: 0, Skipped: 0

[[1;34mINFO[m] [1m------------------------------------------------------------------------[m
[[1;34mINFO[m] [1;32mBUILD SUCCESS[m
[[1;34mINFO[m] [1m------------------------------------------------------------------------[m
[[1;34mINFO[m] Total time:  01:06 min
[[1;34mINFO[m] Finished at: 2021-01-13T22:49:39+01:00
[[1;34mINFO[m] [1m------------------------------------------------------------------------[m
Writing HTML report to '/tmp/v1/target/clover/report'
Done. Processed 8 packages in 2884ms (360ms per package).
[INFO] Computing coverage for /tmp/v2/
[WARN] Maven will be executed in interactive mode, but no input stream has been configured for this MavenInvoker instance.
WARNING: An illegal reflective access operation has occurred
WARNING: Illegal reflective access by com.google.inject.internal.cglib.core.$ReflectUtils$1 (file:/usr/share/maven/lib/guice.jar) to method java.lang.ClassLoader.defineClass(java.lang.String,byte[],int,int,java.security.ProtectionDomain)
WARNING: Please consider reporting this to the maintainers of com.google.inject.internal.cglib.core.$ReflectUtils$1
WARNING: Use --illegal-access=warn to enable warnings of further illegal reflective access operations
WARNING: All illegal access operations will be denied in a future release
[[1;34mINFO[m] Scanning for projects...
[[1;34mINFO[m] 
[[1;34mINFO[m] [1m-----------------------< [0;36mcommons-io:commons-io[0;1m >------------------------[m
[[1;34mINFO[m] [1mBuilding Commons IO 2.3-SNAPSHOT[m
[[1;34mINFO[m] [1m--------------------------------[ jar ]---------------------------------[m
[[1;34mINFO[m] 
[[1;34mINFO[m] [1m--- [0;32mmaven-clean-plugin:2.4.1:clean[m [1m(default-clean)[m @ [36mcommons-io[0;1m ---[m
[[1;34mINFO[m] Deleting /tmp/v2/target
[[1;34mINFO[m] 
[[1;34mINFO[m] [1m--- [0;32mclover-maven-plugin:4.4.1:setup[m [1m(default-cli)[m @ [36mcommons-io[0;1m ---[m
[[1;34mINFO[m] OpenClover Version 4.4.1, built on October 11 2019 (build-1020)
[[1;34mINFO[m] Creating new database at '/tmp/v2/target/clover/clover.db'.
[[1;34mINFO[m] Processing files at 1.9 source level.
[[1;34mINFO[m] Clover all over. Instrumented 103 files (6 packages).
[[1;34mINFO[m] OpenClover Version 4.4.1, built on October 11 2019 (build-1020)
[[1;34mINFO[m] Updating existing database at '/tmp/v2/target/clover/clover.db'.
[[1;34mINFO[m] Processing files at 1.9 source level.
[[1;34mINFO[m] Clover all over. Instrumented 95 files (8 packages).
[[1;34mINFO[m] 806 test methods detected.
[[1;34mINFO[m] 
[[1;34mINFO[m] [1m--- [0;32mmaven-antrun-plugin:1.7:run[m [1m(javadoc.resources)[m @ [36mcommons-io[0;1m ---[m
[[1;34mINFO[m] Executing tasks

main:
     [copy] Copying 2 files to /tmp/v2/target/apidocs/META-INF
[[1;34mINFO[m] Executed tasks
[[1;34mINFO[m] 
[[1;34mINFO[m] [1m--- [0;32mmaven-remote-resources-plugin:1.2.1:process[m [1m(default)[m @ [36mcommons-io[0;1m ---[m
[[1;34mINFO[m] 
[[1;34mINFO[m] [1m--- [0;32mbuildnumber-maven-plugin:1.0:create[m [1m(default)[m @ [36mcommons-io[0;1m ---[m
[[1;34mINFO[m] Checking for local modifications: skipped.
[[1;34mINFO[m] Updating project files from SCM: skipped.
[[1;34mINFO[m] Executing: /bin/sh -c cd /tmp/v2 && svn --non-interactive info
[[1;34mINFO[m] Working directory: /tmp/v2
[[1;34mINFO[m] Storing buildNumber: ?????? at timestamp: 1610574587645
[[1;34mINFO[m] Executing: /bin/sh -c cd /tmp/v2 && svn --non-interactive info
[[1;34mINFO[m] Working directory: /tmp/v2
[[1;34mINFO[m] Storing buildScmBranch: UNKNOWN_BRANCH
[[1;34mINFO[m] 
[[1;34mINFO[m] [1m--- [0;32mmaven-resources-plugin:2.5:resources[m [1m(default-resources)[m @ [36mcommons-io[0;1m ---[m
[debug] execute contextualize
[[1;34mINFO[m] Using 'iso-8859-1' encoding to copy filtered resources.
[[1;34mINFO[m] skip non existing resourceDirectory /tmp/v2/src/main/resources
[[1;34mINFO[m] Copying 2 resources to META-INF
[[1;34mINFO[m] Copying 1 resource
[[1;34mINFO[m] 
[[1;34mINFO[m] [1m--- [0;32mmaven-compiler-plugin:2.3.2:compile[m [1m(default-compile)[m @ [36mcommons-io[0;1m ---[m
[[1;34mINFO[m] Compiling 103 source files to /tmp/v2/target/classes
[[1;34mINFO[m] 
[[1;34mINFO[m] [1m--- [0;32mmaven-bundle-plugin:2.3.7:manifest[m [1m(bundle-manifest)[m @ [36mcommons-io[0;1m ---[m
[[1;34mINFO[m] 
[[1;34mINFO[m] [1m--- [0;32mmaven-resources-plugin:2.5:testResources[m [1m(default-testResources)[m @ [36mcommons-io[0;1m ---[m
[debug] execute contextualize
[[1;34mINFO[m] Using 'iso-8859-1' encoding to copy filtered resources.
[[1;34mINFO[m] Copying 15 resources
[[1;34mINFO[m] Copying 2 resources to META-INF
[[1;34mINFO[m] 
[[1;34mINFO[m] [1m--- [0;32mmaven-compiler-plugin:2.3.2:testCompile[m [1m(default-testCompile)[m @ [36mcommons-io[0;1m ---[m
[[1;34mINFO[m] Compiling 95 source files to /tmp/v2/target/test-classes
[[1;34mINFO[m] 
[[1;34mINFO[m] [1m--- [0;32mmaven-surefire-plugin:2.12:test[m [1m(default-test)[m @ [36mcommons-io[0;1m ---[m
[[1;34mINFO[m] Surefire report directory: /tmp/v2/target/surefire-reports

-------------------------------------------------------
 T E S T S
-------------------------------------------------------

-------------------------------------------------------
 T E S T S
-------------------------------------------------------
Running org.apache.commons.io.FileUtilsFileNewerTestCase
Tests run: 5, Failures: 0, Errors: 0, Skipped: 0, Time elapsed: 0.079 sec
Running org.apache.commons.io.CopyUtilsTest
Tests run: 11, Failures: 0, Errors: 0, Skipped: 0, Time elapsed: 0.086 sec
Running org.apache.commons.io.LineIteratorTestCase
Tests run: 16, Failures: 0, Errors: 0, Skipped: 0, Time elapsed: 0.103 sec
Running org.apache.commons.io.ThreadMonitorTestCase
Tests run: 3, Failures: 0, Errors: 0, Skipped: 0, Time elapsed: 0.466 sec
Running org.apache.commons.io.FileUtilsCleanSymlinksTestCase
Tests run: 7, Failures: 0, Errors: 0, Skipped: 0, Time elapsed: 0.104 sec
Running org.apache.commons.io.EndianUtilsTest
Tests run: 22, Failures: 0, Errors: 0, Skipped: 0, Time elapsed: 0.079 sec
Running org.apache.commons.io.HexDumpTest
Tests run: 1, Failures: 0, Errors: 0, Skipped: 0, Time elapsed: 0.069 sec
Running org.apache.commons.io.DirectoryWalkerTestCase
Tests run: 15, Failures: 0, Errors: 0, Skipped: 0, Time elapsed: 0.098 sec
Running org.apache.commons.io.IOUtilsCopyTestCase
Tests run: 22, Failures: 0, Errors: 0, Skipped: 0, Time elapsed: 0.403 sec
Running org.apache.commons.io.FilenameUtilsWildcardTestCase
Tests run: 7, Failures: 0, Errors: 0, Skipped: 0, Time elapsed: 0.161 sec
Running org.apache.commons.io.FileUtilsCleanDirectoryTestCase
Tests run: 5, Failures: 0, Errors: 0, Skipped: 0, Time elapsed: 0.098 sec
Running org.apache.commons.io.FilenameUtilsTestCase
Tests run: 30, Failures: 0, Errors: 0, Skipped: 0, Time elapsed: 0.115 sec
Running org.apache.commons.io.CharsetsTestCase
Tests run: 7, Failures: 0, Errors: 0, Skipped: 0, Time elapsed: 0.078 sec
Running org.apache.commons.io.FileUtilsWaitForTestCase
Tests run: 1, Failures: 0, Errors: 0, Skipped: 0, Time elapsed: 5.378 sec
Running org.apache.commons.io.DirectoryWalkerTestCaseJava4
Tests run: 14, Failures: 0, Errors: 0, Skipped: 0, Time elapsed: 0.097 sec
Running org.apache.commons.io.IOUtilsWriteTestCase
Tests run: 53, Failures: 0, Errors: 0, Skipped: 0, Time elapsed: 0.143 sec
Running org.apache.commons.io.FileUtilsTestCase
Tests run: 121, Failures: 0, Errors: 0, Skipped: 0, Time elapsed: 2.382 sec
Running org.apache.commons.io.DemuxTestCase
Tests run: 2, Failures: 0, Errors: 0, Skipped: 0, Time elapsed: 0.22 sec
Running org.apache.commons.io.IOCaseTestCase
Tests run: 17, Failures: 0, Errors: 0, Skipped: 0, Time elapsed: 0.099 sec
Running org.apache.commons.io.filefilter.OrFileFilterTestCase
Tests run: 5, Failures: 0, Errors: 0, Skipped: 0, Time elapsed: 0.066 sec
Running org.apache.commons.io.filefilter.RegexFileFilterTestCase
Tests run: 1, Failures: 0, Errors: 0, Skipped: 0, Time elapsed: 0.064 sec
Running org.apache.commons.io.filefilter.AndFileFilterTestCase
Tests run: 5, Failures: 0, Errors: 0, Skipped: 0, Time elapsed: 0.068 sec
Running org.apache.commons.io.filefilter.FileFilterTestCase
Tests run: 47, Failures: 0, Errors: 0, Skipped: 0, Time elapsed: 2.166 sec
Running org.apache.commons.io.ByteOrderMarkTestCase
Tests run: 9, Failures: 0, Errors: 0, Skipped: 0, Time elapsed: 0.068 sec
Running org.apache.commons.io.monitor.FileAlterationObserverTestCase
Tests run: 7, Failures: 0, Errors: 0, Skipped: 0, Time elapsed: 4.628 sec
Running org.apache.commons.io.monitor.FileAlterationMonitorTestCase
Tests run: 4, Failures: 0, Errors: 0, Skipped: 0, Time elapsed: 0.686 sec
Running org.apache.commons.io.IOUtilsTestCase
Tests run: 60, Failures: 0, Errors: 0, Skipped: 0, Time elapsed: 0.2 sec
Running org.apache.commons.io.FileCleaningTrackerTestCase
Tests run: 9, Failures: 0, Errors: 0, Skipped: 0, Time elapsed: 4.173 sec
Running org.apache.commons.io.FileDeleteStrategyTestCase
Tests run: 5, Failures: 0, Errors: 0, Skipped: 0, Time elapsed: 0.078 sec
Running org.apache.commons.io.FileSystemUtilsTestCase
Tests run: 28, Failures: 0, Errors: 0, Skipped: 0, Time elapsed: 0.114 sec
Running org.apache.commons.io.IOExceptionWithCauseTestCase
Tests run: 2, Failures: 0, Errors: 0, Skipped: 0, Time elapsed: 0.058 sec
Running org.apache.commons.io.FileCleanerTestCase
Tests run: 9, Failures: 0, Errors: 0, Skipped: 0, Time elapsed: 4.178 sec
Running org.apache.commons.io.comparator.LastModifiedFileComparatorTest
Tests run: 7, Failures: 0, Errors: 0, Skipped: 0, Time elapsed: 4.305 sec
Running org.apache.commons.io.comparator.CompositeFileComparatorTest
Tests run: 10, Failures: 0, Errors: 0, Skipped: 0, Time elapsed: 0.09 sec
Running org.apache.commons.io.comparator.SizeFileComparatorTest
Tests run: 9, Failures: 0, Errors: 0, Skipped: 0, Time elapsed: 0.091 sec
Running org.apache.commons.io.comparator.PathFileComparatorTest
Tests run: 8, Failures: 0, Errors: 0, Skipped: 0, Time elapsed: 0.078 sec
Running org.apache.commons.io.comparator.DefaultFileComparatorTest
Tests run: 7, Failures: 0, Errors: 0, Skipped: 0, Time elapsed: 0.076 sec
Running org.apache.commons.io.comparator.DirectoryFileComparatorTest
Tests run: 7, Failures: 0, Errors: 0, Skipped: 0, Time elapsed: 0.076 sec
Running org.apache.commons.io.comparator.NameFileComparatorTest
Tests run: 8, Failures: 0, Errors: 0, Skipped: 0, Time elapsed: 0.089 sec
Running org.apache.commons.io.comparator.ExtensionFileComparatorTest
Tests run: 8, Failures: 0, Errors: 0, Skipped: 0, Time elapsed: 0.08 sec
Running org.apache.commons.io.FileUtilsListFilesTestCase
Tests run: 3, Failures: 0, Errors: 0, Skipped: 0, Time elapsed: 0.089 sec
Running org.apache.commons.io.TaggedIOExceptionTest
Tests run: 1, Failures: 0, Errors: 0, Skipped: 0, Time elapsed: 0.059 sec
Running org.apache.commons.io.input.CharSequenceInputStreamTest
Tests run: 11, Failures: 0, Errors: 0, Skipped: 0, Time elapsed: 0.116 sec
Running org.apache.commons.io.input.XmlStreamReaderTest
Tests run: 6, Failures: 0, Errors: 0, Skipped: 0, Time elapsed: 0.311 sec
Running org.apache.commons.io.input.BoundedInputStreamTest
Tests run: 2, Failures: 0, Errors: 0, Skipped: 0, Time elapsed: 0.061 sec
Running org.apache.commons.io.input.TeeInputStreamTest
Tests run: 7, Failures: 0, Errors: 0, Skipped: 0, Time elapsed: 0.085 sec
Running org.apache.commons.io.input.AutoCloseInputStreamTest
Tests run: 4, Failures: 0, Errors: 0, Skipped: 0, Time elapsed: 0.063 sec
Running org.apache.commons.io.input.SwappedDataInputStreamTest
Tests run: 14, Failures: 0, Errors: 0, Skipped: 0, Time elapsed: 0.081 sec
Running org.apache.commons.io.input.BOMInputStreamTest
Tests run: 29, Failures: 0, Errors: 0, Skipped: 0, Time elapsed: 0.105 sec
Running org.apache.commons.io.input.TailerTest
Tests run: 4, Failures: 1, Errors: 0, Skipped: 0, Time elapsed: 3.907 sec <<< FAILURE!
Running org.apache.commons.io.input.CharSequenceReaderTest
Tests run: 7, Failures: 0, Errors: 0, Skipped: 0, Time elapsed: 0.101 sec
Running org.apache.commons.io.input.NullReaderTest
Tests run: 6, Failures: 0, Errors: 0, Skipped: 0, Time elapsed: 0.061 sec
Running org.apache.commons.io.input.CountingInputStreamTest
Tests run: 10, Failures: 0, Errors: 0, Skipped: 0, Time elapsed: 0.282 sec
Running org.apache.commons.io.input.NullInputStreamTest
Tests run: 6, Failures: 0, Errors: 0, Skipped: 0, Time elapsed: 0.064 sec
Running org.apache.commons.io.input.compatibility.XmlStreamReaderUtilitiesCompatibilityTest
Tests run: 8, Failures: 0, Errors: 0, Skipped: 0, Time elapsed: 0.084 sec
Running org.apache.commons.io.input.ReaderInputStreamTest
Tests run: 8, Failures: 0, Errors: 0, Skipped: 0, Time elapsed: 0.1 sec
Running org.apache.commons.io.input.ReversedLinesFileReaderTestParamBlockSize
Tests run: 65, Failures: 0, Errors: 0, Skipped: 0, Time elapsed: 0.415 sec
Running org.apache.commons.io.input.CloseShieldInputStreamTest
Tests run: 1, Failures: 0, Errors: 0, Skipped: 0, Time elapsed: 0.058 sec
Running org.apache.commons.io.input.ReversedLinesFileReaderTestSimple
Tests run: 3, Failures: 0, Errors: 0, Skipped: 0, Time elapsed: 0.099 sec
Running org.apache.commons.io.input.ClassLoaderObjectInputStreamTest
Tests run: 2, Failures: 0, Errors: 0, Skipped: 0, Time elapsed: 0.074 sec
Running org.apache.commons.io.input.TaggedInputStreamTest
Tests run: 4, Failures: 0, Errors: 0, Skipped: 0, Time elapsed: 0.076 sec
Running org.apache.commons.io.input.ProxyReaderTest
Tests run: 2, Failures: 0, Errors: 0, Skipped: 0, Time elapsed: 0.054 sec
Running org.apache.commons.io.input.BrokenInputStreamTest
Tests run: 5, Failures: 0, Errors: 0, Skipped: 0, Time elapsed: 0.061 sec
Running org.apache.commons.io.input.ClosedInputStreamTest
Tests run: 1, Failures: 0, Errors: 0, Skipped: 0, Time elapsed: 0.056 sec
Running org.apache.commons.io.input.XmlStreamReaderUtilitiesTest
Tests run: 8, Failures: 0, Errors: 0, Skipped: 0, Time elapsed: 0.084 sec
Running org.apache.commons.io.input.ReversedLinesFileReaderTestParamFile
Tests run: 13, Failures: 0, Errors: 0, Skipped: 0, Time elapsed: 0.179 sec
Running org.apache.commons.io.FileUtilsDirectoryContainsTestCase
Tests run: 10, Failures: 0, Errors: 0, Skipped: 0, Time elapsed: 0.089 sec
Running org.apache.commons.io.output.WriterOutputStreamTest
Tests run: 12, Failures: 0, Errors: 0, Skipped: 0, Time elapsed: 0.083 sec
Running org.apache.commons.io.output.ClosedOutputStreamTest
Tests run: 1, Failures: 0, Errors: 0, Skipped: 0, Time elapsed: 0.055 sec
Running org.apache.commons.io.output.ByteArrayOutputStreamTestCase
Tests run: 1, Failures: 0, Errors: 0, Skipped: 0, Time elapsed: 0.06 sec
Running org.apache.commons.io.output.CountingOutputStreamTest
Tests run: 2, Failures: 0, Errors: 0, Skipped: 0, Time elapsed: 0.244 sec
Running org.apache.commons.io.output.CloseShieldOutputStreamTest
Tests run: 1, Failures: 0, Errors: 0, Skipped: 0, Time elapsed: 0.062 sec
Running org.apache.commons.io.output.FileWriterWithEncodingTest
Tests run: 6, Failures: 0, Errors: 0, Skipped: 0, Time elapsed: 0.091 sec
Running org.apache.commons.io.output.LockableFileWriterTest
Tests run: 7, Failures: 0, Errors: 0, Skipped: 0, Time elapsed: 0.104 sec
Running org.apache.commons.io.output.TaggedOutputStreamTest
Tests run: 3, Failures: 0, Errors: 0, Skipped: 0, Time elapsed: 0.071 sec
Running org.apache.commons.io.output.DeferredFileOutputStreamTest
Tests run: 10, Failures: 0, Errors: 0, Skipped: 0, Time elapsed: 0.08 sec
Running org.apache.commons.io.output.NullOutputStreamTest
Tests run: 1, Failures: 0, Errors: 0, Skipped: 0, Time elapsed: 0.05 sec
Running org.apache.commons.io.output.XmlStreamWriterTest
Tests run: 12, Failures: 0, Errors: 0, Skipped: 0, Time elapsed: 0.124 sec
Running org.apache.commons.io.output.StringBuilderWriterTest
Tests run: 12, Failures: 0, Errors: 0, Skipped: 0, Time elapsed: 0.069 sec
Running org.apache.commons.io.output.NullWriterTest
Tests run: 1, Failures: 0, Errors: 0, Skipped: 0, Time elapsed: 0.05 sec
Running org.apache.commons.io.output.BrokenOutputStreamTest
Tests run: 3, Failures: 0, Errors: 0, Skipped: 0, Time elapsed: 0.051 sec
Running org.apache.commons.io.output.ProxyWriterTest
Tests run: 8, Failures: 0, Errors: 0, Skipped: 0, Time elapsed: 0.067 sec
Running org.apache.commons.io.output.ProxyOutputStreamTest
Tests run: 2, Failures: 0, Errors: 0, Skipped: 0, Time elapsed: 0.059 sec
Running org.apache.commons.io.output.TeeOutputStreamTest
Tests run: 3, Failures: 0, Errors: 0, Skipped: 0, Time elapsed: 0.063 sec

Results :

Failed tests:   testTailer(org.apache.commons.io.input.TailerTest): fileNotFound should not be called expected:<0> but was:<1>

Tests run: 939, Failures: 1, Errors: 0, Skipped: 0

[[1;34mINFO[m] [1m------------------------------------------------------------------------[m
[[1;34mINFO[m] [1;31mBUILD FAILURE[m
[[1;34mINFO[m] [1m------------------------------------------------------------------------[m
[[1;34mINFO[m] Total time:  01:06 min
[[1;34mINFO[m] Finished at: 2021-01-13T22:50:50+01:00
[[1;34mINFO[m] [1m------------------------------------------------------------------------[m
[[1;31mERROR[m] Failed to execute goal [32morg.apache.maven.plugins:maven-surefire-plugin:2.12:test[m [1m(default-test)[m on project [36mcommons-io[m: [1;31mThere are test failures.[m
[[1;31mERROR[m] [1;31m[m
[[1;31mERROR[m] [1;31mPlease refer to /tmp/v2/target/surefire-reports for the individual test results.[m
[[1;31mERROR[m] -> [1m[Help 1][m
[[1;31mERROR[m] 
[[1;31mERROR[m] To see the full stack trace of the errors, re-run Maven with the [1m-e[m switch.
[[1;31mERROR[m] Re-run Maven using the [1m-X[m switch to enable full debug logging.
[[1;31mERROR[m] 
[[1;31mERROR[m] For more information about the errors and possible solutions, please read the following articles:
[[1;31mERROR[m] [1m[Help 1][m http://cwiki.apache.org/confluence/display/MAVEN/MojoFailureException
Writing HTML report to '/tmp/v2/target/clover/report'
ERROR: Invalid Java source found or Clover failed to parse it: /tmp/v2/src/test/java/org/apache/commons/io/FileUtilsTestCase.java
Done. Processed 8 packages in 1718ms (214ms per package).
[INFO] /tmp/v1/src/test/java/org/apache/commons/io/IOUtilsTestCase.java
[INFO] /tmp/v2/src/test/java/org/apache/commons/io/IOUtilsTestCase.java
[INFO] Build modified Tests /tmp/v2/src/test/java/org/apache/commons/io/IOUtilsTestCase.java
[INFO] Saving result in /tmp/v1/testsThatExecuteTheChange.csv ...
[INFO] 
[INFO] Writing Coverage in /tmp/v1/testsThatExecuteTheChange_coverage.csv
[INFO] total;0;0

[INFO] ------------------------------------------------------------------------
[INFO] BUILD SUCCESS
[INFO] ------------------------------------------------------------------------
[INFO] Total time:  02:23 min
[INFO] Finished at: 2021-01-13T22:50:53+01:00
[INFO] ------------------------------------------------------------------------
