[INFO] Scanning for projects...
[WARNING] 
[WARNING] Some problems were encountered while building the effective model for com.google.code.gson:gson:jar:2.8.6-SNAPSHOT
[WARNING] 'build.plugins.plugin.version' for org.apache.maven.plugins:maven-jar-plugin is missing. @ com.google.code.gson:gson:[unknown-version], /tmp/v1/gson/pom.xml, line 46, column 15
[WARNING] 
[WARNING] It is highly recommended to fix these problems because they threaten the stability of your build.
[WARNING] 
[WARNING] For this reason, future Maven versions might no longer support building such malformed projects.
[WARNING] 
[INFO] 
[INFO] ---------------------< com.google.code.gson:gson >----------------------
[INFO] Building Gson 2.8.6-SNAPSHOT
[INFO] --------------------------------[ jar ]---------------------------------
[INFO] 
[INFO] --- maven-clean-plugin:2.5:clean (default-clean) @ gson ---
[INFO] Deleting /tmp/v1/gson/target
[INFO] 
[INFO] --- diff-jjoules:0.0.1-SNAPSHOT:diff-jjoules (default-cli) @ gson ---
[INFO] Running on:
[INFO] /tmp/v1/gson
[INFO] /tmp/v2/gson/
[INFO] Enable JUnit4 mode
[WARNING] No path to diff file has been specified.
[WARNING] I'll compute a diff file using the UNIX diff command
[WARNING] You may encounter troubles.
[WARNING] If so, please specify a path to a correct diff file
[WARNING] or implement a new way to compute a diff file.
[INFO] Computing the diff with diff commnd line
[INFO] The diff will be computed between:
[INFO] /tmp/v1/gson/src and 
[INFO] /tmp/v2/gson/src
[INFO] Executing: diff -ru /tmp/v1/gson/src /tmp/v2/gson/src from /tmp/v1/gson/src
[INFO] Run DiffJJoules - Configuration{pathToFirstVersion='/tmp/v1/gson', pathToSecondVersion='/tmp/v2/gson/', pathToTestListAsCSV='/tmp/v1/gson/testsThatExecuteTheChange.csv', junit4=true, iterations=100, output='/tmp/v1/gson/diff-jjoules', pathToJSONDelta='deltas.json', pathToJSONDataV1='data_v1.json', pathToJSONDataV2='data_v2.json', diff='diff -ru /tmp/v1/gson/src/main/java/com/google/gson/JsonParser.java /tmp/v2/gson/src/main/java/com/google/gson/JsonParser.java
--- /tmp/v1/gson/src/main/java/com/google/gson/JsonParser.java	2021-09-30 20:29:13.545762092 +0200
+++ /tmp/v2/gson/src/main/java/com/google/gson/JsonParser.java	2021-09-30 11:43:34.414619237 +0200
@@ -32,6 +32,9 @@
  * @since 1.3
  */
 public final class JsonParser {
+  /** @deprecated No need to instantiate this class, use the static methods instead. */
+  @Deprecated
+  public JsonParser() {}
 
   /**
    * Parses the specified JSON string into a parse tree
@@ -39,24 +42,22 @@
    * @param json JSON text
    * @return a parse tree of {@link JsonElement}s corresponding to the specified JSON
    * @throws JsonParseException if the specified text is not valid JSON
-   * @since 1.3
    */
-  public JsonElement parse(String json) throws JsonSyntaxException {
-    return parse(new StringReader(json));
+  public static JsonElement parseString(String json) throws JsonSyntaxException {
+    return parseReader(new StringReader(json));
   }
 
   /**
    * Parses the specified JSON string into a parse tree
    *
-   * @param json JSON text
+   * @param reader JSON text
    * @return a parse tree of {@link JsonElement}s corresponding to the specified JSON
    * @throws JsonParseException if the specified text is not valid JSON
-   * @since 1.3
    */
-  public JsonElement parse(Reader json) throws JsonIOException, JsonSyntaxException {
+  public static JsonElement parseReader(Reader reader) throws JsonIOException, JsonSyntaxException {
     try {
-      JsonReader jsonReader = new JsonReader(json);
-      JsonElement element = parse(jsonReader);
+      JsonReader jsonReader = new JsonReader(reader);
+      JsonElement element = parseReader(jsonReader);
       if (!element.isJsonNull() && jsonReader.peek() != JsonToken.END_DOCUMENT) {
         throw new JsonSyntaxException("Did not consume the entire document.");
       }
@@ -75,19 +76,37 @@
    *
    * @throws JsonParseException if there is an IOException or if the specified
    *     text is not valid JSON
-   * @since 1.6
    */
-  public JsonElement parse(JsonReader json) throws JsonIOException, JsonSyntaxException {
-    boolean lenient = json.isLenient();
-    json.setLenient(true);
+  public static JsonElement parseReader(JsonReader reader)
+      throws JsonIOException, JsonSyntaxException {
+    boolean lenient = reader.isLenient();
+    reader.setLenient(true);
     try {
-      return Streams.parse(json);
+      return Streams.parse(reader);
     } catch (StackOverflowError e) {
-      throw new JsonParseException("Failed parsing JSON source: " + json + " to Json", e);
+      throw new JsonParseException("Failed parsing JSON source: " + reader + " to Json", e);
     } catch (OutOfMemoryError e) {
-      throw new JsonParseException("Failed parsing JSON source: " + json + " to Json", e);
+      throw new JsonParseException("Failed parsing JSON source: " + reader + " to Json", e);
     } finally {
-      json.setLenient(lenient);
+      reader.setLenient(lenient);
     }
   }
+
+  /** @deprecated Use {@link JsonParser#parseString} */
+  @Deprecated
+  public JsonElement parse(String json) throws JsonSyntaxException {
+    return parseString(json);
+  }
+
+  /** @deprecated Use {@link JsonParser#parseReader(Reader)} */
+  @Deprecated
+  public JsonElement parse(Reader json) throws JsonIOException, JsonSyntaxException {
+    return parseReader(json);
+  }
+
+  /** @deprecated Use {@link JsonParser#parseReader(JsonReader)} */
+  @Deprecated
+  public JsonElement parse(JsonReader json) throws JsonIOException, JsonSyntaxException {
+    return parseReader(json);
+  }
 }
diff -ru /tmp/v1/gson/src/test/java/com/google/gson/functional/JsonParserTest.java /tmp/v2/gson/src/test/java/com/google/gson/functional/JsonParserTest.java
--- /tmp/v1/gson/src/test/java/com/google/gson/functional/JsonParserTest.java	2021-09-30 20:29:13.545762092 +0200
+++ /tmp/v2/gson/src/test/java/com/google/gson/functional/JsonParserTest.java	2021-09-30 19:34:23.955379319 +0200
@@ -112,7 +112,7 @@
   public void testChangingCustomTreeAndDeserializing() {
     StringReader json =
       new StringReader("{'stringValue':'no message','intValue':10,'longValue':20}");
-    JsonObject obj = (JsonObject) new JsonParser().parse(json);
+    JsonObject obj = (JsonObject) JsonParser.parseReader(json);
     obj.remove("stringValue");
     obj.addProperty("stringValue", "fooBar");
     BagOfPrimitives target = gson.fromJson(obj, BagOfPrimitives.class);
diff -ru /tmp/v1/gson/src/test/java/com/google/gson/functional/MapTest.java /tmp/v2/gson/src/test/java/com/google/gson/functional/MapTest.java
--- /tmp/v1/gson/src/test/java/com/google/gson/functional/MapTest.java	2021-09-30 20:29:13.545762092 +0200
+++ /tmp/v2/gson/src/test/java/com/google/gson/functional/MapTest.java	2021-09-30 20:05:25.561737965 +0200
@@ -608,7 +608,7 @@
     String json = "{'2.3':'a'}";
     Map<Double, String> map = new LinkedHashMap<Double, String>();
     map.put(2.3, "a");
-    JsonElement tree = new JsonParser().parse(json);
+    JsonElement tree = JsonParser.parseString(json);
     assertEquals(map, gson.fromJson(tree, new TypeToken<Map<Double, String>>() {}.getType()));
   }
 
diff -ru /tmp/v1/gson/src/test/java/com/google/gson/internal/bind/JsonElementReaderTest.java /tmp/v2/gson/src/test/java/com/google/gson/internal/bind/JsonElementReaderTest.java
--- /tmp/v1/gson/src/test/java/com/google/gson/internal/bind/JsonElementReaderTest.java	2021-09-30 20:29:13.545762092 +0200
+++ /tmp/v2/gson/src/test/java/com/google/gson/internal/bind/JsonElementReaderTest.java	2021-09-30 17:29:27.722043832 +0200
@@ -26,7 +26,7 @@
 public final class JsonElementReaderTest extends TestCase {
 
   public void testNumbers() throws IOException {
-    JsonElement element = new JsonParser().parse("[1, 2, 3]");
+    JsonElement element = JsonParser.parseString("[1, 2, 3]");
     JsonTreeReader reader = new JsonTreeReader(element);
     reader.beginArray();
     assertEquals(1, reader.nextInt());
@@ -36,7 +36,7 @@
   }
 
   public void testLenientNansAndInfinities() throws IOException {
-    JsonElement element = new JsonParser().parse("[NaN, -Infinity, Infinity]");
+    JsonElement element = JsonParser.parseString("[NaN, -Infinity, Infinity]");
     JsonTreeReader reader = new JsonTreeReader(element);
     reader.setLenient(true);
     reader.beginArray();
@@ -47,7 +47,7 @@
   }
 
   public void testStrictNansAndInfinities() throws IOException {
-    JsonElement element = new JsonParser().parse("[NaN, -Infinity, Infinity]");
+    JsonElement element = JsonParser.parseString("[NaN, -Infinity, Infinity]");
     JsonTreeReader reader = new JsonTreeReader(element);
     reader.setLenient(false);
     reader.beginArray();
@@ -73,7 +73,7 @@
   }
 
   public void testNumbersFromStrings() throws IOException {
-    JsonElement element = new JsonParser().parse("[\"1\", \"2\", \"3\"]");
+    JsonElement element = JsonParser.parseString("[\"1\", \"2\", \"3\"]");
     JsonTreeReader reader = new JsonTreeReader(element);
     reader.beginArray();
     assertEquals(1, reader.nextInt());
@@ -83,7 +83,7 @@
   }
 
   public void testStringsFromNumbers() throws IOException {
-    JsonElement element = new JsonParser().parse("[1]");
+    JsonElement element = JsonParser.parseString("[1]");
     JsonTreeReader reader = new JsonTreeReader(element);
     reader.beginArray();
     assertEquals("1", reader.nextString());
@@ -91,7 +91,7 @@
   }
 
   public void testBooleans() throws IOException {
-    JsonElement element = new JsonParser().parse("[true, false]");
+    JsonElement element = JsonParser.parseString("[true, false]");
     JsonTreeReader reader = new JsonTreeReader(element);
     reader.beginArray();
     assertEquals(true, reader.nextBoolean());
@@ -100,7 +100,7 @@
   }
 
   public void testNulls() throws IOException {
-    JsonElement element = new JsonParser().parse("[null,null]");
+    JsonElement element = JsonParser.parseString("[null,null]");
     JsonTreeReader reader = new JsonTreeReader(element);
     reader.beginArray();
     reader.nextNull();
@@ -109,7 +109,7 @@
   }
 
   public void testStrings() throws IOException {
-    JsonElement element = new JsonParser().parse("[\"A\",\"B\"]");
+    JsonElement element = JsonParser.parseString("[\"A\",\"B\"]");
     JsonTreeReader reader = new JsonTreeReader(element);
     reader.beginArray();
     assertEquals("A", reader.nextString());
@@ -118,7 +118,7 @@
   }
 
   public void testArray() throws IOException {
-    JsonElement element = new JsonParser().parse("[1, 2, 3]");
+    JsonElement element = JsonParser.parseString("[1, 2, 3]");
     JsonTreeReader reader = new JsonTreeReader(element);
     assertEquals(JsonToken.BEGIN_ARRAY, reader.peek());
     reader.beginArray();
@@ -134,7 +134,7 @@
   }
 
   public void testObject() throws IOException {
-    JsonElement element = new JsonParser().parse("{\"A\": 1, \"B\": 2}");
+    JsonElement element = JsonParser.parseString("{\"A\": 1, \"B\": 2}");
     JsonTreeReader reader = new JsonTreeReader(element);
     assertEquals(JsonToken.BEGIN_OBJECT, reader.peek());
     reader.beginObject();
@@ -152,14 +152,14 @@
   }
 
   public void testEmptyArray() throws IOException {
-    JsonElement element = new JsonParser().parse("[]");
+    JsonElement element = JsonParser.parseString("[]");
     JsonTreeReader reader = new JsonTreeReader(element);
     reader.beginArray();
     reader.endArray();
   }
 
   public void testNestedArrays() throws IOException {
-    JsonElement element = new JsonParser().parse("[[],[[]]]");
+    JsonElement element = JsonParser.parseString("[[],[[]]]");
     JsonTreeReader reader = new JsonTreeReader(element);
     reader.beginArray();
     reader.beginArray();
@@ -172,7 +172,7 @@
   }
 
   public void testNestedObjects() throws IOException {
-    JsonElement element = new JsonParser().parse("{\"A\":{},\"B\":{\"C\":{}}}");
+    JsonElement element = JsonParser.parseString("{\"A\":{},\"B\":{\"C\":{}}}");
     JsonTreeReader reader = new JsonTreeReader(element);
     reader.beginObject();
     assertEquals("A", reader.nextName());
@@ -188,14 +188,14 @@
   }
 
   public void testEmptyObject() throws IOException {
-    JsonElement element = new JsonParser().parse("{}");
+    JsonElement element = JsonParser.parseString("{}");
     JsonTreeReader reader = new JsonTreeReader(element);
     reader.beginObject();
     reader.endObject();
   }
 
   public void testSkipValue() throws IOException {
-    JsonElement element = new JsonParser().parse("[\"A\",{\"B\":[[]]},\"C\",[[]],\"D\",null]");
+    JsonElement element = JsonParser.parseString("[\"A\",{\"B\":[[]]},\"C\",[[]],\"D\",null]");
     JsonTreeReader reader = new JsonTreeReader(element);
     reader.beginArray();
     assertEquals("A", reader.nextString());
@@ -208,7 +208,7 @@
   }
 
   public void testWrongType() throws IOException {
-    JsonElement element = new JsonParser().parse("[[],\"A\"]");
+    JsonElement element = JsonParser.parseString("[[],\"A\"]");
     JsonTreeReader reader = new JsonTreeReader(element);
     reader.beginArray();
     try {
@@ -299,7 +299,7 @@
   }
 
   public void testEarlyClose() throws IOException {
-    JsonElement element = new JsonParser().parse("[1, 2, 3]");
+    JsonElement element = JsonParser.parseString("[1, 2, 3]");
     JsonTreeReader reader = new JsonTreeReader(element);
     reader.beginArray();
     reader.close();
diff -ru /tmp/v1/gson/src/test/java/com/google/gson/JsonObjectTest.java /tmp/v2/gson/src/test/java/com/google/gson/JsonObjectTest.java
--- /tmp/v1/gson/src/test/java/com/google/gson/JsonObjectTest.java	2021-09-30 20:29:13.545762092 +0200
+++ /tmp/v2/gson/src/test/java/com/google/gson/JsonObjectTest.java	2021-09-30 20:05:25.557737993 +0200
@@ -128,7 +128,7 @@
   }
 
   public void testReadPropertyWithEmptyStringName() {
-    JsonObject jsonObj = new JsonParser().parse("{\"\":true}").getAsJsonObject();
+    JsonObject jsonObj = JsonParser.parseString("{\"\":true}").getAsJsonObject();
     assertEquals(true, jsonObj.get("").getAsBoolean());
   }
 
diff -ru /tmp/v1/gson/src/test/java/com/google/gson/JsonParserTest.java /tmp/v2/gson/src/test/java/com/google/gson/JsonParserTest.java
--- /tmp/v1/gson/src/test/java/com/google/gson/JsonParserTest.java	2021-09-30 20:29:13.545762092 +0200
+++ /tmp/v2/gson/src/test/java/com/google/gson/JsonParserTest.java	2021-09-30 20:05:25.557737993 +0200
@@ -32,23 +32,16 @@
  * @author Inderjeet Singh
  */
 public class JsonParserTest extends TestCase {
-  private JsonParser parser;
-
-  @Override
-  protected void setUp() throws Exception {
-    super.setUp();
-    parser = new JsonParser();
-  }
 
   public void testParseInvalidJson() {
     try {
-      parser.parse("[[]");
+      JsonParser.parseString("[[]");
       fail();
     } catch (JsonSyntaxException expected) { }
   }
 
   public void testParseUnquotedStringArrayFails() {
-    JsonElement element = parser.parse("[a,b,c]");
+    JsonElement element = JsonParser.parseString("[a,b,c]");
     assertEquals("a", element.getAsJsonArray().get(0).getAsString());
     assertEquals("b", element.getAsJsonArray().get(1).getAsString());
     assertEquals("c", element.getAsJsonArray().get(2).getAsString());
@@ -57,38 +50,38 @@
 
   public void testParseString() {
     String json = "{a:10,b:'c'}";
-    JsonElement e = parser.parse(json);
+    JsonElement e = JsonParser.parseString(json);
     assertTrue(e.isJsonObject());
     assertEquals(10, e.getAsJsonObject().get("a").getAsInt());
     assertEquals("c", e.getAsJsonObject().get("b").getAsString());
   }
 
   public void testParseEmptyString() {
-    JsonElement e = parser.parse("\"   \"");
+    JsonElement e = JsonParser.parseString("\"   \"");
     assertTrue(e.isJsonPrimitive());
     assertEquals("   ", e.getAsString());
   }
 
   public void testParseEmptyWhitespaceInput() {
-    JsonElement e = parser.parse("     ");
+    JsonElement e = JsonParser.parseString("     ");
     assertTrue(e.isJsonNull());
   }
 
   public void testParseUnquotedSingleWordStringFails() {
-    assertEquals("Test", parser.parse("Test").getAsString());
+    assertEquals("Test", JsonParser.parseString("Test").getAsString());
   }
 
   public void testParseUnquotedMultiWordStringFails() {
     String unquotedSentence = "Test is a test..blah blah";
     try {
-      parser.parse(unquotedSentence);
+      JsonParser.parseString(unquotedSentence);
       fail();
     } catch (JsonSyntaxException expected) { }
   }
 
   public void testParseMixedArray() {
     String json = "[{},13,\"stringValue\"]";
-    JsonElement e = parser.parse(json);
+    JsonElement e = JsonParser.parseString(json);
     assertTrue(e.isJsonArray());
 
     JsonArray  array = e.getAsJsonArray();
@@ -99,7 +92,7 @@
 
   public void testParseReader() {
     StringReader reader = new StringReader("{a:10,b:'c'}");
-    JsonElement e = parser.parse(reader);
+    JsonElement e = JsonParser.parseReader(reader);
     assertTrue(e.isJsonObject());
     assertEquals(10, e.getAsJsonObject().get("a").getAsInt());
     assertEquals("c", e.getAsJsonObject().get("b").getAsString());
', pathToJSONDeltaOmega='deltaOmega.json', pathToRepositoryV1='/tmp/v1', pathToRepositoryV2='/tmp/v2', pathToJSONConsideredTestMethodNames='consideredTestMethods.json', pathToExecLinesAdditions='exec_additions.json', pathToExecLinesDeletions='exec_deletions.json', pathToJSONSuspiciousV1='suspicious_v1.json', pathToJSONSuspiciousV2='suspicious_v2.json', pathToReport='.github/workflows/template.md', classpathV1=[/home/spino/.m2/repository/junit/junit/4.12/junit-4.12.jar, /home/spino/.m2/repository/org/hamcrest/hamcrest-core/1.3/hamcrest-core-1.3.jar], classpathV2=[/home/spino/.m2/repository/junit/junit/4.12/junit-4.12.jar, /home/spino/.m2/repository/org/hamcrest/hamcrest-core/1.3/hamcrest-core-1.3.jar], classpathV1AsString='/home/spino/.m2/repository/junit/junit/4.12/junit-4.12.jar:/home/spino/.m2/repository/org/hamcrest/hamcrest-core/1.3/hamcrest-core-1.3.jar', classpathV2AsString='/home/spino/.m2/repository/junit/junit/4.12/junit-4.12.jar:/home/spino/.m2/repository/org/hamcrest/hamcrest-core/1.3/hamcrest-core-1.3.jar', testsList=null, dataV1=null, dataV2=null, deltas=null, consideredTestsNames=null, execLinesAdditions=null, execLinesDeletions=null, deltaOmega=null, scorePerLineV1=null, scorePerLineV2=null, ownConsumptionReports={}, reportEnum=NONE}
[INFO] mvn -f /tmp/v1/gson clean test -DskipTests dependency:build-classpath --quiet -Dcobertura.skip=true -Dlicense.skip=true -Dfindbugs.skip=true -Danimal.sniffer.skip=true -Djacoco.skip=true -Dcheckstyle.skip=true -Dproguard.skip=true -Dmdep.outputFile=classpath -DskipITs=true -Drat.skip=true -Denforcer.skip=true -Dgpg.skip=true
[WARN] Maven will be executed in interactive mode, but no input stream has been configured for this MavenInvoker instance.
WARNING: An illegal reflective access operation has occurred
WARNING: Illegal reflective access by com.google.inject.internal.cglib.core.$ReflectUtils$1 (file:/usr/share/maven/lib/guice.jar) to method java.lang.ClassLoader.defineClass(java.lang.String,byte[],int,int,java.security.ProtectionDomain)
WARNING: Please consider reporting this to the maintainers of com.google.inject.internal.cglib.core.$ReflectUtils$1
WARNING: Use --illegal-access=warn to enable warnings of further illegal reflective access operations
WARNING: All illegal access operations will be denied in a future release
[INFO] mvn -f /tmp/v2/gson/ clean test -DskipTests dependency:build-classpath --quiet -Dcobertura.skip=true -Dlicense.skip=true -Dfindbugs.skip=true -Danimal.sniffer.skip=true -Djacoco.skip=true -Dcheckstyle.skip=true -Dproguard.skip=true -Dmdep.outputFile=classpath -DskipITs=true -Drat.skip=true -Denforcer.skip=true -Dgpg.skip=true
[WARN] Maven will be executed in interactive mode, but no input stream has been configured for this MavenInvoker instance.
WARNING: An illegal reflective access operation has occurred
WARNING: Illegal reflective access by com.google.inject.internal.cglib.core.$ReflectUtils$1 (file:/usr/share/maven/lib/guice.jar) to method java.lang.ClassLoader.defineClass(java.lang.String,byte[],int,int,java.security.ProtectionDomain)
WARNING: Please consider reporting this to the maintainers of com.google.inject.internal.cglib.core.$ReflectUtils$1
WARNING: Use --illegal-access=warn to enable warnings of further illegal reflective access operations
WARNING: All illegal access operations will be denied in a future release
[INFO] mvn -f /tmp/v1/gson clean eu.stamp-project:dspot-diff-test-selection:3.1.1-SNAPSHOT:list -Dcobertura.skip=true -Dlicense.skip=true -Dfindbugs.skip=true -Danimal.sniffer.skip=true -Djacoco.skip=true -Dcheckstyle.skip=true -Dproguard.skip=true -Dpath-dir-second-version=/tmp/v2/gson/ -DskipITs=true -Drat.skip=true -Denforcer.skip=true -Dgpg.skip=true
[WARN] Maven will be executed in interactive mode, but no input stream has been configured for this MavenInvoker instance.
WARNING: An illegal reflective access operation has occurred
WARNING: Illegal reflective access by com.google.inject.internal.cglib.core.$ReflectUtils$1 (file:/usr/share/maven/lib/guice.jar) to method java.lang.ClassLoader.defineClass(java.lang.String,byte[],int,int,java.security.ProtectionDomain)
WARNING: Please consider reporting this to the maintainers of com.google.inject.internal.cglib.core.$ReflectUtils$1
WARNING: Use --illegal-access=warn to enable warnings of further illegal reflective access operations
WARNING: All illegal access operations will be denied in a future release
[[1;34mINFO[m] Scanning for projects...
[[1;33mWARNING[m] 
[[1;33mWARNING[m] Some problems were encountered while building the effective model for com.google.code.gson:gson:jar:2.8.6-SNAPSHOT
[[1;33mWARNING[m] 'build.plugins.plugin.version' for org.apache.maven.plugins:maven-jar-plugin is missing. @ com.google.code.gson:gson:[unknown-version], /tmp/v1/gson/pom.xml, line 46, column 15
[[1;33mWARNING[m] 
[[1;33mWARNING[m] It is highly recommended to fix these problems because they threaten the stability of your build.
[[1;33mWARNING[m] 
[[1;33mWARNING[m] For this reason, future Maven versions might no longer support building such malformed projects.
[[1;33mWARNING[m] 
[[1;34mINFO[m] 
[[1;34mINFO[m] [1m---------------------< [0;36mcom.google.code.gson:gson[0;1m >----------------------[m
[[1;34mINFO[m] [1mBuilding Gson 2.8.6-SNAPSHOT[m
[[1;34mINFO[m] [1m--------------------------------[ jar ]---------------------------------[m
[[1;34mINFO[m] 
[[1;34mINFO[m] [1m--- [0;32mmaven-clean-plugin:2.5:clean[m [1m(default-clean)[m @ [36mgson[0;1m ---[m
[[1;34mINFO[m] Deleting /tmp/v1/gson/target
[[1;34mINFO[m] 
[[1;34mINFO[m] [1m--- [0;32mdspot-diff-test-selection:3.1.1-SNAPSHOT:list[m [1m(default-cli)[m @ [36mgson[0;1m ---[m
[[1;34mINFO[m] Running on:
[[1;34mINFO[m] /tmp/v1/gson
[[1;33mWARNING[m] No path to diff file has been specified.
[[1;33mWARNING[m] I'll compute a diff file using the UNIX diff command
[[1;33mWARNING[m] You may encounter troubles.
[[1;33mWARNING[m] If so, please specify a path to a correct diff file
[[1;33mWARNING[m] or implement a new way to compute a diff file.
[[1;34mINFO[m] Computing the diff with diff commnd line
[[1;34mINFO[m] The diff will be computed between:
[[1;34mINFO[m] /tmp/v1/gson/src and 
[[1;34mINFO[m] /tmp/v2/gson/src
[[1;34mINFO[m] Executing: diff -ru /tmp/v1/gson/src /tmp/v2/gson/src from /tmp/v1/gson/src
[[1;34mINFO[m] Running in enhanced mode...
[[1;34mINFO[m] Computing coverage for /tmp/v1/gson
[WARN] Maven will be executed in interactive mode, but no input stream has been configured for this MavenInvoker instance.
WARNING: An illegal reflective access operation has occurred
WARNING: Illegal reflective access by com.google.inject.internal.cglib.core.$ReflectUtils$1 (file:/usr/share/maven/lib/guice.jar) to method java.lang.ClassLoader.defineClass(java.lang.String,byte[],int,int,java.security.ProtectionDomain)
WARNING: Please consider reporting this to the maintainers of com.google.inject.internal.cglib.core.$ReflectUtils$1
WARNING: Use --illegal-access=warn to enable warnings of further illegal reflective access operations
WARNING: All illegal access operations will be denied in a future release
[[1;34mINFO[m] Scanning for projects...
[[1;33mWARNING[m] 
[[1;33mWARNING[m] Some problems were encountered while building the effective model for com.google.code.gson:gson:jar:2.8.6-SNAPSHOT
[[1;33mWARNING[m] 'build.plugins.plugin.version' for org.apache.maven.plugins:maven-jar-plugin is missing. @ com.google.code.gson:gson:[unknown-version], /tmp/v1/gson/pom.xml, line 46, column 15
[[1;33mWARNING[m] 
[[1;33mWARNING[m] It is highly recommended to fix these problems because they threaten the stability of your build.
[[1;33mWARNING[m] 
[[1;33mWARNING[m] For this reason, future Maven versions might no longer support building such malformed projects.
[[1;33mWARNING[m] 
[[1;34mINFO[m] 
[[1;34mINFO[m] [1m---------------------< [0;36mcom.google.code.gson:gson[0;1m >----------------------[m
[[1;34mINFO[m] [1mBuilding Gson 2.8.6-SNAPSHOT[m
[[1;34mINFO[m] [1m--------------------------------[ jar ]---------------------------------[m
[[1;34mINFO[m] 
[[1;34mINFO[m] [1m--- [0;32mmaven-clean-plugin:2.5:clean[m [1m(default-clean)[m @ [36mgson[0;1m ---[m
[[1;34mINFO[m] 
[[1;34mINFO[m] [1m--- [0;32mclover-maven-plugin:4.4.1:setup[m [1m(default-cli)[m @ [36mgson[0;1m ---[m
[[1;34mINFO[m] OpenClover Version 4.4.1, built on October 11 2019 (build-1020)
[[1;34mINFO[m] Creating new database at '/tmp/v1/gson/target/clover/clover.db'.
[[1;34mINFO[m] Processing files at 1.9 source level.
[[1;34mINFO[m] Clover all over. Instrumented 72 files (8 packages).
[[1;34mINFO[m] OpenClover Version 4.4.1, built on October 11 2019 (build-1020)
[[1;34mINFO[m] Updating existing database at '/tmp/v1/gson/target/clover/clover.db'.
[[1;34mINFO[m] Processing files at 1.9 source level.
[[1;34mINFO[m] Clover all over. Instrumented 101 files (10 packages).
[[1;34mINFO[m] 1041 test methods detected.
[[1;34mINFO[m] 
[[1;34mINFO[m] [1m--- [0;32mmaven-enforcer-plugin:1.0:enforce[m [1m(enforce-maven)[m @ [36mgson[0;1m ---[m
[[1;34mINFO[m] Skipping Rule Enforcement.
[[1;34mINFO[m] 
[[1;34mINFO[m] [1m--- [0;32mtemplating-maven-plugin:1.0.0:filter-sources[m [1m(filtering-java-templates)[m @ [36mgson[0;1m ---[m
[[1;34mINFO[m] Coping files with filtering to temporary directory.
[[1;34mINFO[m] Using 'UTF-8' encoding to copy filtered resources.
[[1;34mINFO[m] Copying 1 resource
[[1;34mINFO[m] Copied 1 files to output directory: /tmp/v1/gson/target/generated-sources/java-templates
[[1;34mINFO[m] Source directory: /tmp/v1/gson/target/generated-sources/java-templates added.
[[1;34mINFO[m] 
[[1;34mINFO[m] [1m--- [0;32mmaven-resources-plugin:2.6:resources[m [1m(default-resources)[m @ [36mgson[0;1m ---[m
[[1;34mINFO[m] Using 'UTF-8' encoding to copy filtered resources.
[[1;34mINFO[m] skip non existing resourceDirectory /tmp/v1/gson/src/main/resources
[[1;34mINFO[m] Copying 1 resource
[[1;34mINFO[m] 
[[1;34mINFO[m] [1m--- [0;32mmaven-compiler-plugin:3.8.0:compile[m [1m(default-compile)[m @ [36mgson[0;1m ---[m
[[1;34mINFO[m] Changes detected - recompiling the module!
[[1;34mINFO[m] Compiling 73 source files to /tmp/v1/gson/target/classes
[[1;34mINFO[m] /tmp/v1/gson/target/clover/src-instrumented/com/google/gson/internal/ConstructorConstructor.java: Some input files use or override a deprecated API.
[[1;34mINFO[m] /tmp/v1/gson/target/clover/src-instrumented/com/google/gson/internal/ConstructorConstructor.java: Recompile with -Xlint:deprecation for details.
[[1;34mINFO[m] 
[[1;34mINFO[m] [1m--- [0;32mmaven-compiler-plugin:3.8.0:compile[m [1m(base-compile)[m @ [36mgson[0;1m ---[m
[[1;34mINFO[m] Changes detected - recompiling the module!
[[1;34mINFO[m] Compiling 73 source files to /tmp/v1/gson/target/classes
[[1;34mINFO[m] /tmp/v1/gson/target/clover/src-instrumented/com/google/gson/JsonArray.java: Some input files use or override a deprecated API.
[[1;34mINFO[m] /tmp/v1/gson/target/clover/src-instrumented/com/google/gson/JsonArray.java: Recompile with -Xlint:deprecation for details.
[[1;34mINFO[m] 
[[1;34mINFO[m] [1m--- [0;32mbnd-maven-plugin:4.0.0:bnd-process[m [1m(default)[m @ [36mgson[0;1m ---[m
[[1;33mWARNING[m] /tmp/v1/gson/bnd.bnd [0:0]: Export com.google.gson,  has 1,  private references [com.google.gson.internal], 
[[1;34mINFO[m] 
[[1;34mINFO[m] [1m--- [0;32mmaven-resources-plugin:2.6:testResources[m [1m(default-testResources)[m @ [36mgson[0;1m ---[m
[[1;34mINFO[m] Using 'UTF-8' encoding to copy filtered resources.
[[1;34mINFO[m] skip non existing resourceDirectory /tmp/v1/gson/src/test/resources
[[1;34mINFO[m] 
[[1;34mINFO[m] [1m--- [0;32mmaven-compiler-plugin:3.8.0:testCompile[m [1m(default-testCompile)[m @ [36mgson[0;1m ---[m
[[1;34mINFO[m] Changes detected - recompiling the module!
[[1;34mINFO[m] Compiling 101 source files to /tmp/v1/gson/target/test-classes
[[1;34mINFO[m] /tmp/v1/gson/target/clover/src-test-instrumented/com/google/gson/common/MoreAsserts.java: Some input files use or override a deprecated API.
[[1;34mINFO[m] /tmp/v1/gson/target/clover/src-test-instrumented/com/google/gson/common/MoreAsserts.java: Recompile with -Xlint:deprecation for details.
[[1;34mINFO[m] /tmp/v1/gson/target/clover/src-test-instrumented/com/google/gson/functional/MapTest.java: Some input files use unchecked or unsafe operations.
[[1;34mINFO[m] /tmp/v1/gson/target/clover/src-test-instrumented/com/google/gson/functional/MapTest.java: Recompile with -Xlint:unchecked for details.
[[1;34mINFO[m] 
[[1;34mINFO[m] [1m--- [0;32mmaven-surefire-plugin:2.12.4:test[m [1m(default-test)[m @ [36mgson[0;1m ---[m
[[1;34mINFO[m] Surefire report directory: /tmp/v1/gson/target/surefire-reports

-------------------------------------------------------
 T E S T S
-------------------------------------------------------
Running com.google.gson.DefaultDateTypeAdapterTest
Tests run: 11, Failures: 0, Errors: 1, Skipped: 0, Time elapsed: 0.627 sec <<< FAILURE!
testParsingDatesFormattedWithSystemLocale(com.google.gson.DefaultDateTypeAdapterTest)  Time elapsed: 0.225 sec  <<< ERROR!
com.google.gson.JsonSyntaxException: jeudi 1 janvier 1970 Ã  00:00:00 Coordinated Universal Time
	at com.google.gson.DefaultDateTypeAdapter.deserializeToDate(DefaultDateTypeAdapter.java:151)
	at com.google.gson.DefaultDateTypeAdapter.read(DefaultDateTypeAdapter.java:128)
	at com.google.gson.DefaultDateTypeAdapter.read(DefaultDateTypeAdapter.java:44)
	at com.google.gson.TypeAdapter.fromJson(TypeAdapter.java:260)
	at com.google.gson.TypeAdapter.fromJson(TypeAdapter.java:273)
	at com.google.gson.DefaultDateTypeAdapterTest.assertParsed(DefaultDateTypeAdapterTest.java:196)
	at com.google.gson.DefaultDateTypeAdapterTest.__CLR4_4_14xdbqt53z(DefaultDateTypeAdapterTest.java:91)
	at com.google.gson.DefaultDateTypeAdapterTest.testParsingDatesFormattedWithSystemLocale(DefaultDateTypeAdapterTest.java:73)
	at java.base/jdk.internal.reflect.NativeMethodAccessorImpl.invoke0(Native Method)
	at java.base/jdk.internal.reflect.NativeMethodAccessorImpl.invoke(NativeMethodAccessorImpl.java:62)
	at java.base/jdk.internal.reflect.DelegatingMethodAccessorImpl.invoke(DelegatingMethodAccessorImpl.java:43)
	at java.base/java.lang.reflect.Method.invoke(Method.java:566)
	at junit.framework.TestCase.runTest(TestCase.java:176)
	at junit.framework.TestCase.runBare(TestCase.java:141)
	at junit.framework.TestResult$1.protect(TestResult.java:122)
	at junit.framework.TestResult.runProtected(TestResult.java:142)
	at junit.framework.TestResult.run(TestResult.java:125)
	at junit.framework.TestCase.run(TestCase.java:129)
	at junit.framework.TestSuite.runTest(TestSuite.java:252)
	at junit.framework.TestSuite.run(TestSuite.java:247)
	at org.junit.internal.runners.JUnit38ClassRunner.run(JUnit38ClassRunner.java:86)
	at org.apache.maven.surefire.junit4.JUnit4Provider.execute(JUnit4Provider.java:252)
	at org.apache.maven.surefire.junit4.JUnit4Provider.executeTestSet(JUnit4Provider.java:141)
	at org.apache.maven.surefire.junit4.JUnit4Provider.invoke(JUnit4Provider.java:112)
	at java.base/jdk.internal.reflect.NativeMethodAccessorImpl.invoke0(Native Method)
	at java.base/jdk.internal.reflect.NativeMethodAccessorImpl.invoke(NativeMethodAccessorImpl.java:62)
	at java.base/jdk.internal.reflect.DelegatingMethodAccessorImpl.invoke(DelegatingMethodAccessorImpl.java:43)
	at java.base/java.lang.reflect.Method.invoke(Method.java:566)
	at org.apache.maven.surefire.util.ReflectionUtils.invokeMethodWithArray(ReflectionUtils.java:189)
	at org.apache.maven.surefire.booter.ProviderFactory$ProviderProxy.invoke(ProviderFactory.java:165)
	at org.apache.maven.surefire.booter.ProviderFactory.invokeProvider(ProviderFactory.java:85)
	at org.apache.maven.surefire.booter.ForkedBooter.runSuitesInProcess(ForkedBooter.java:115)
	at org.apache.maven.surefire.booter.ForkedBooter.main(ForkedBooter.java:75)
Caused by: java.text.ParseException: Failed to parse date ["jeudi 1 janvier 1970 Ã  00:00:00 Coordinated Universal Time"]: Invalid number: jeud
	at com.google.gson.internal.bind.util.ISO8601Utils.parse(ISO8601Utils.java:274)
	at com.google.gson.DefaultDateTypeAdapter.deserializeToDate(DefaultDateTypeAdapter.java:149)
	... 32 more
Caused by: java.lang.NumberFormatException: Invalid number: jeud
	at com.google.gson.internal.bind.util.ISO8601Utils.parseInt(ISO8601Utils.java:311)
	at com.google.gson.internal.bind.util.ISO8601Utils.parse(ISO8601Utils.java:129)
	... 33 more

Running com.google.gson.InnerClassExclusionStrategyTest
Tests run: 4, Failures: 0, Errors: 0, Skipped: 0, Time elapsed: 0.025 sec
Running com.google.gson.GsonTypeAdapterTest
Tests run: 5, Failures: 0, Errors: 0, Skipped: 0, Time elapsed: 0.166 sec
Running com.google.gson.internal.LinkedHashTreeMapTest
Tests run: 15, Failures: 0, Errors: 0, Skipped: 0, Time elapsed: 0.139 sec
Running com.google.gson.internal.GsonBuildConfigTest
Tests run: 1, Failures: 0, Errors: 0, Skipped: 0, Time elapsed: 0.085 sec
Running com.google.gson.internal.LazilyParsedNumberTest
Tests run: 2, Failures: 0, Errors: 0, Skipped: 0, Time elapsed: 0.008 sec
Running com.google.gson.internal.reflect.UnsafeReflectionAccessorTest
Tests run: 1, Failures: 0, Errors: 0, Skipped: 0, Time elapsed: 0.003 sec
Running com.google.gson.internal.UnsafeAllocatorInstantiationTest
Tests run: 3, Failures: 0, Errors: 0, Skipped: 0, Time elapsed: 0.018 sec
Running com.google.gson.internal.GsonTypesTest
Tests run: 2, Failures: 0, Errors: 0, Skipped: 0, Time elapsed: 0.018 sec
Running com.google.gson.internal.JavaVersionTest
Tests run: 7, Failures: 0, Errors: 0, Skipped: 0, Time elapsed: 0.029 sec
Running com.google.gson.internal.bind.RecursiveTypesResolveTest
Tests run: 9, Failures: 0, Errors: 0, Skipped: 0, Time elapsed: 0.113 sec
Running com.google.gson.internal.bind.JsonTreeWriterTest
Tests run: 12, Failures: 0, Errors: 0, Skipped: 0, Time elapsed: 0.067 sec
Running com.google.gson.internal.bind.JsonElementReaderTest
Tests run: 17, Failures: 0, Errors: 0, Skipped: 0, Time elapsed: 0.076 sec
Running com.google.gson.internal.bind.JsonTreeReaderTest
Tests run: 2, Failures: 0, Errors: 0, Skipped: 0, Time elapsed: 0.011 sec
Running com.google.gson.internal.LinkedTreeMapTest
Tests run: 11, Failures: 0, Errors: 0, Skipped: 0, Time elapsed: 0.064 sec
Running com.google.gson.ParameterizedTypeTest
Tests run: 2, Failures: 0, Errors: 0, Skipped: 0, Time elapsed: 0.01 sec
Running com.google.gson.GsonBuilderTest
Tests run: 4, Failures: 0, Errors: 0, Skipped: 0, Time elapsed: 0.021 sec
Running com.google.gson.reflect.TypeTokenTest
Tests run: 6, Failures: 0, Errors: 0, Skipped: 0, Time elapsed: 0.026 sec
Running com.google.gson.DefaultInetAddressTypeAdapterTest
Tests run: 1, Failures: 0, Errors: 0, Skipped: 0, Time elapsed: 0.007 sec
Running com.google.gson.ExposeAnnotationExclusionStrategyTest
Tests run: 6, Failures: 0, Errors: 0, Skipped: 0, Time elapsed: 0.028 sec
Running com.google.gson.FieldAttributesTest
Tests run: 6, Failures: 0, Errors: 0, Skipped: 0, Time elapsed: 0.022 sec
Running com.google.gson.CommentsTest
Tests run: 1, Failures: 0, Errors: 0, Skipped: 0, Time elapsed: 0.007 sec
Running com.google.gson.regression.JsonAdapterNullSafeTest
Tests run: 2, Failures: 0, Errors: 0, Skipped: 0, Time elapsed: 0.018 sec
Running com.google.gson.JsonNullTest
Tests run: 2, Failures: 0, Errors: 0, Skipped: 0, Time elapsed: 0.009 sec
Running com.google.gson.JsonObjectTest
Tests run: 14, Failures: 0, Errors: 0, Skipped: 0, Time elapsed: 0.043 sec
Running com.google.gson.stream.JsonReaderPathTest
Tests run: 20, Failures: 0, Errors: 0, Skipped: 1, Time elapsed: 0.106 sec
Running com.google.gson.stream.JsonWriterTest
Tests run: 39, Failures: 0, Errors: 0, Skipped: 0, Time elapsed: 0.119 sec
Running com.google.gson.stream.JsonReaderTest
Tests run: 120, Failures: 0, Errors: 0, Skipped: 0, Time elapsed: 0.405 sec
Running com.google.gson.metrics.PerformanceTest
Tests run: 1, Failures: 0, Errors: 0, Skipped: 0, Time elapsed: 0.006 sec
Running com.google.gson.MixedStreamTest
Tests run: 12, Failures: 0, Errors: 0, Skipped: 0, Time elapsed: 0.038 sec
Running com.google.gson.DefaultMapJsonSerializerTest
Tests run: 3, Failures: 0, Errors: 0, Skipped: 0, Time elapsed: 0.016 sec
Running com.google.gson.VersionExclusionStrategyTest
Tests run: 3, Failures: 0, Errors: 0, Skipped: 0, Time elapsed: 0.011 sec
Running com.google.gson.functional.InternationalizationTest
Tests run: 4, Failures: 0, Errors: 0, Skipped: 0, Time elapsed: 0.013 sec
Running com.google.gson.functional.JsonAdapterAnnotationOnFieldsTest
Tests run: 10, Failures: 0, Errors: 0, Skipped: 0, Time elapsed: 0.044 sec
Running com.google.gson.functional.SecurityTest
Tests run: 5, Failures: 0, Errors: 0, Skipped: 0, Time elapsed: 0.014 sec
Running com.google.gson.functional.EnumTest
Tests run: 12, Failures: 0, Errors: 0, Skipped: 0, Time elapsed: 0.038 sec
Running com.google.gson.functional.ObjectTest
Tests run: 44, Failures: 0, Errors: 0, Skipped: 0, Time elapsed: 0.151 sec
Running com.google.gson.functional.RuntimeTypeAdapterFactoryFunctionalTest
Tests run: 1, Failures: 0, Errors: 0, Skipped: 0, Time elapsed: 0.015 sec
Running com.google.gson.functional.FieldExclusionTest
Tests run: 3, Failures: 0, Errors: 0, Skipped: 0, Time elapsed: 0.01 sec
Running com.google.gson.functional.ExposeFieldsTest
Tests run: 8, Failures: 0, Errors: 0, Skipped: 0, Time elapsed: 0.02 sec
Running com.google.gson.functional.SerializedNameTest
Tests run: 3, Failures: 0, Errors: 0, Skipped: 0, Time elapsed: 0.008 sec
Running com.google.gson.functional.GsonVersionDiagnosticsTest
Tests run: 3, Failures: 0, Errors: 0, Skipped: 0, Time elapsed: 0.02 sec
Running com.google.gson.functional.ThrowableFunctionalTest
Tests run: 5, Failures: 0, Errors: 0, Skipped: 0, Time elapsed: 0.036 sec
Running com.google.gson.functional.ParameterizedTypesTest
Tests run: 17, Failures: 0, Errors: 0, Skipped: 0, Time elapsed: 0.08 sec
Running com.google.gson.functional.PrettyPrintingTest
Tests run: 8, Failures: 0, Errors: 0, Skipped: 0, Time elapsed: 0.027 sec
Running com.google.gson.functional.CustomTypeAdaptersTest
Tests run: 19, Failures: 0, Errors: 0, Skipped: 0, Time elapsed: 0.048 sec
Running com.google.gson.functional.ReadersWritersTest
Tests run: 10, Failures: 0, Errors: 0, Skipped: 0, Time elapsed: 0.026 sec
Running com.google.gson.functional.CircularReferenceTest
Tests run: 6, Failures: 0, Errors: 0, Skipped: 0, Time elapsed: 0.072 sec
Running com.google.gson.functional.JsonAdapterSerializerDeserializerTest
Tests run: 3, Failures: 0, Errors: 0, Skipped: 0, Time elapsed: 0.019 sec
Running com.google.gson.functional.LeniencyTest
Tests run: 1, Failures: 0, Errors: 0, Skipped: 0, Time elapsed: 0.002 sec
Running com.google.gson.functional.RawSerializationTest
Tests run: 5, Failures: 0, Errors: 0, Skipped: 0, Time elapsed: 0.019 sec
Running com.google.gson.functional.CustomDeserializerTest
Tests run: 7, Failures: 0, Errors: 0, Skipped: 0, Time elapsed: 0.029 sec
Running com.google.gson.functional.TypeAdapterPrecedenceTest
Tests run: 8, Failures: 0, Errors: 0, Skipped: 0, Time elapsed: 0.013 sec
Running com.google.gson.functional.MoreSpecificTypeSerializationTest
Tests run: 6, Failures: 0, Errors: 0, Skipped: 0, Time elapsed: 0.028 sec
Running com.google.gson.functional.InterfaceTest
Tests run: 2, Failures: 0, Errors: 0, Skipped: 0, Time elapsed: 0.011 sec
Running com.google.gson.functional.TypeVariableTest
Tests run: 3, Failures: 0, Errors: 0, Skipped: 0, Time elapsed: 0.015 sec
Running com.google.gson.functional.ExclusionStrategyFunctionalTest
Tests run: 9, Failures: 0, Errors: 0, Skipped: 0, Time elapsed: 0.027 sec
Running com.google.gson.functional.DefaultTypeAdaptersTest
Tests run: 65, Failures: 0, Errors: 0, Skipped: 0, Time elapsed: 0.204 sec
Running com.google.gson.functional.NullObjectAndFieldTest
Tests run: 16, Failures: 0, Errors: 0, Skipped: 0, Time elapsed: 0.05 sec
Running com.google.gson.functional.MapAsArrayTypeAdapterTest
Tests run: 5, Failures: 0, Errors: 0, Skipped: 0, Time elapsed: 0.031 sec
Running com.google.gson.functional.InstanceCreatorTest
Tests run: 5, Failures: 0, Errors: 0, Skipped: 0, Time elapsed: 0.034 sec
Running com.google.gson.functional.PrimitiveCharacterTest
Tests run: 2, Failures: 0, Errors: 0, Skipped: 0, Time elapsed: 0.003 sec
Running com.google.gson.functional.MapTest
Tests run: 48, Failures: 0, Errors: 0, Skipped: 0, Time elapsed: 0.191 sec
Running com.google.gson.functional.FieldNamingTest
Tests run: 5, Failures: 0, Errors: 0, Skipped: 0, Time elapsed: 0.02 sec
Running com.google.gson.functional.VersioningTest
Tests run: 10, Failures: 0, Errors: 0, Skipped: 0, Time elapsed: 0.048 sec
Running com.google.gson.functional.DelegateTypeAdapterTest
Tests run: 2, Failures: 0, Errors: 0, Skipped: 0, Time elapsed: 0.012 sec
Running com.google.gson.functional.InheritanceTest
Tests run: 13, Failures: 0, Errors: 0, Skipped: 0, Time elapsed: 0.046 sec
Running com.google.gson.functional.TypeHierarchyAdapterTest
Tests run: 3, Failures: 0, Errors: 0, Skipped: 0, Time elapsed: 0.022 sec
Running com.google.gson.functional.CustomSerializerTest
Tests run: 5, Failures: 0, Errors: 0, Skipped: 0, Time elapsed: 0.018 sec
Running com.google.gson.functional.StreamingTypeAdaptersTest
Tests run: 17, Failures: 0, Errors: 0, Skipped: 0, Time elapsed: 0.072 sec
Running com.google.gson.functional.EscapingTest
Tests run: 5, Failures: 0, Errors: 0, Skipped: 0, Time elapsed: 0.016 sec
Running com.google.gson.functional.CollectionTest
Tests run: 29, Failures: 0, Errors: 0, Skipped: 0, Time elapsed: 0.1 sec
Running com.google.gson.functional.JsonTreeTest
Tests run: 4, Failures: 0, Errors: 0, Skipped: 0, Time elapsed: 0.013 sec
Running com.google.gson.functional.ArrayTest
Tests run: 26, Failures: 0, Errors: 0, Skipped: 0, Time elapsed: 0.066 sec
Running com.google.gson.functional.PrintFormattingTest
Tests run: 3, Failures: 0, Errors: 0, Skipped: 0, Time elapsed: 0.01 sec
Running com.google.gson.functional.StringTest
Tests run: 18, Failures: 0, Errors: 0, Skipped: 0, Time elapsed: 0.04 sec
Running com.google.gson.functional.JavaUtilConcurrentAtomicTest
Tests run: 7, Failures: 0, Errors: 0, Skipped: 0, Time elapsed: 0.03 sec
Running com.google.gson.functional.UncategorizedTest
Tests run: 6, Failures: 0, Errors: 0, Skipped: 0, Time elapsed: 0.022 sec
Running com.google.gson.functional.JsonArrayTest
Tests run: 8, Failures: 0, Errors: 0, Skipped: 0, Time elapsed: 0.018 sec
Running com.google.gson.functional.JsonParserTest
Tests run: 8, Failures: 0, Errors: 0, Skipped: 0, Time elapsed: 0.028 sec
Running com.google.gson.functional.JsonAdapterAnnotationOnClassesTest
Tests run: 9, Failures: 0, Errors: 0, Skipped: 0, Time elapsed: 0.036 sec
Running com.google.gson.functional.NamingPolicyTest
Tests run: 16, Failures: 0, Errors: 0, Skipped: 0, Time elapsed: 0.05 sec
Running com.google.gson.functional.ConcurrencyTest
Tests run: 4, Failures: 0, Errors: 0, Skipped: 0, Time elapsed: 0.129 sec
Running com.google.gson.functional.PrimitiveTest
Tests run: 99, Failures: 0, Errors: 0, Skipped: 0, Time elapsed: 0.181 sec
Running com.google.gson.functional.TreeTypeAdaptersTest
Tests run: 2, Failures: 0, Errors: 0, Skipped: 0, Time elapsed: 0.008 sec
Running com.google.gson.functional.JavaUtilTest
Tests run: 2, Failures: 0, Errors: 0, Skipped: 0, Time elapsed: 0.009 sec
Running com.google.gson.ObjectTypeAdapterTest
Tests run: 5, Failures: 0, Errors: 0, Skipped: 0, Time elapsed: 0.008 sec
Running com.google.gson.JsonStreamParserTest
Tests run: 4, Failures: 0, Errors: 0, Skipped: 0, Time elapsed: 0.007 sec
Running com.google.gson.JavaSerializationTest
Tests run: 3, Failures: 0, Errors: 0, Skipped: 0, Time elapsed: 0.057 sec
Running com.google.gson.GenericArrayTypeTest
Tests run: 2, Failures: 0, Errors: 0, Skipped: 0, Time elapsed: 0.006 sec
Running com.google.gson.GsonTest
Tests run: 2, Failures: 0, Errors: 0, Skipped: 0, Time elapsed: 0.005 sec
Running com.google.gson.JsonArrayTest
Tests run: 5, Failures: 0, Errors: 0, Skipped: 0, Time elapsed: 0.005 sec
Running com.google.gson.JsonParserTest
Tests run: 10, Failures: 0, Errors: 0, Skipped: 0, Time elapsed: 0.016 sec
Running com.google.gson.JsonPrimitiveTest
Tests run: 25, Failures: 0, Errors: 0, Skipped: 0, Time elapsed: 0.032 sec
Running com.google.gson.LongSerializationPolicyTest
Tests run: 4, Failures: 0, Errors: 0, Skipped: 0, Time elapsed: 0.01 sec
Running com.google.gson.OverrideCoreTypeAdaptersTest
Tests run: 3, Failures: 0, Errors: 0, Skipped: 0, Time elapsed: 0.009 sec

Results :

Tests in error: 
  testParsingDatesFormattedWithSystemLocale(com.google.gson.DefaultDateTypeAdapterTest): jeudi 1 janvier 1970 Ã  00:00:00 Coordinated Universal Time

Tests run: 1051, Failures: 0, Errors: 1, Skipped: 1

[[1;34mINFO[m] [1m------------------------------------------------------------------------[m
[[1;34mINFO[m] [1;31mBUILD FAILURE[m
[[1;34mINFO[m] [1m------------------------------------------------------------------------[m
[[1;34mINFO[m] Total time:  30.343 s
[[1;34mINFO[m] Finished at: 2021-09-30T20:31:08+02:00
[[1;34mINFO[m] [1m------------------------------------------------------------------------[m
[[1;31mERROR[m] Failed to execute goal [32morg.apache.maven.plugins:maven-surefire-plugin:2.12.4:test[m [1m(default-test)[m on project [36mgson[m: [1;31mThere are test failures.[m
[[1;31mERROR[m] [1;31m[m
[[1;31mERROR[m] [1;31mPlease refer to /tmp/v1/gson/target/surefire-reports for the individual test results.[m
[[1;31mERROR[m] -> [1m[Help 1][m
[[1;31mERROR[m] 
[[1;31mERROR[m] To see the full stack trace of the errors, re-run Maven with the [1m-e[m switch.
[[1;31mERROR[m] Re-run Maven using the [1m-X[m switch to enable full debug logging.
[[1;31mERROR[m] 
[[1;31mERROR[m] For more information about the errors and possible solutions, please read the following articles:
[[1;31mERROR[m] [1m[Help 1][m http://cwiki.apache.org/confluence/display/MAVEN/MojoFailureException
Reading Clover data /tmp/v1/gson/target/clover
Writing HTML report to '/tmp/v1/gson/target/clover/report'
ERROR: Invalid Java source found or Clover failed to parse it: /tmp/v1/gson/src/main/java/com/google/gson/internal/$Gson$Types.java
ERROR: Invalid Java source found or Clover failed to parse it: /tmp/v1/gson/src/main/java/com/google/gson/internal/LinkedHashTreeMap.java
ERROR: Invalid Java source found or Clover failed to parse it: /tmp/v1/gson/src/main/java/com/google/gson/internal/LinkedTreeMap.java
ERROR: Invalid Java source found or Clover failed to parse it: /tmp/v1/gson/src/main/java/com/google/gson/internal/bind/CollectionTypeAdapterFactory.java
ERROR: Invalid Java source found or Clover failed to parse it: /tmp/v1/gson/src/main/java/com/google/gson/internal/bind/MapTypeAdapterFactory.java
ERROR: Invalid Java source found or Clover failed to parse it: /tmp/v1/gson/src/main/java/com/google/gson/internal/bind/ReflectiveTypeAdapterFactory.java
ERROR: Invalid Java source found or Clover failed to parse it: /tmp/v1/gson/src/main/java/com/google/gson/internal/bind/TreeTypeAdapter.java
ERROR: Invalid Java source found or Clover failed to parse it: /tmp/v1/gson/src/main/java/com/google/gson/internal/bind/TypeAdapters.java
ERROR: Invalid Java source found or Clover failed to parse it: /tmp/v1/gson/src/test/java/com/google/gson/stream/JsonReaderPathTest.java
ERROR: Invalid Java source found or Clover failed to parse it: /tmp/v1/gson/src/main/java/com/google/gson/Gson.java
ERROR: Invalid Java source found or Clover failed to parse it: /tmp/v1/gson/src/test/java/com/google/gson/GsonTypeAdapterTest.java
ERROR: Invalid Java source found or Clover failed to parse it: /tmp/v1/gson/src/test/java/com/google/gson/MixedStreamTest.java
ERROR: Invalid Java source found or Clover failed to parse it: /tmp/v1/gson/src/test/java/com/google/gson/ParameterizedTypeFixtures.java
ERROR: Invalid Java source found or Clover failed to parse it: /tmp/v1/gson/src/test/java/com/google/gson/regression/JsonAdapterNullSafeTest.java
ERROR: Invalid Java source found or Clover failed to parse it: /tmp/v1/gson/src/test/java/com/google/gson/functional/CollectionTest.java
ERROR: Invalid Java source found or Clover failed to parse it: /tmp/v1/gson/src/test/java/com/google/gson/functional/ConcurrencyTest.java
ERROR: Invalid Java source found or Clover failed to parse it: /tmp/v1/gson/src/test/java/com/google/gson/functional/CustomDeserializerTest.java
ERROR: Invalid Java source found or Clover failed to parse it: /tmp/v1/gson/src/test/java/com/google/gson/functional/CustomTypeAdaptersTest.java
ERROR: Invalid Java source found or Clover failed to parse it: /tmp/v1/gson/src/test/java/com/google/gson/functional/DefaultTypeAdaptersTest.java
ERROR: Invalid Java source found or Clover failed to parse it: /tmp/v1/gson/src/test/java/com/google/gson/functional/DelegateTypeAdapterTest.java
ERROR: Invalid Java source found or Clover failed to parse it: /tmp/v1/gson/src/test/java/com/google/gson/functional/EnumTest.java
ERROR: Invalid Java source found or Clover failed to parse it: /tmp/v1/gson/src/test/java/com/google/gson/functional/ExclusionStrategyFunctionalTest.java
ERROR: Invalid Java source found or Clover failed to parse it: /tmp/v1/gson/src/test/java/com/google/gson/functional/ExposeFieldsTest.java
ERROR: Invalid Java source found or Clover failed to parse it: /tmp/v1/gson/src/test/java/com/google/gson/functional/FieldExclusionTest.java
ERROR: Invalid Java source found or Clover failed to parse it: /tmp/v1/gson/src/test/java/com/google/gson/functional/InheritanceTest.java
ERROR: Invalid Java source found or Clover failed to parse it: /tmp/v1/gson/src/test/java/com/google/gson/functional/InterfaceTest.java
ERROR: Invalid Java source found or Clover failed to parse it: /tmp/v1/gson/src/test/java/com/google/gson/functional/JsonAdapterAnnotationOnClassesTest.java
ERROR: Invalid Java source found or Clover failed to parse it: /tmp/v1/gson/src/test/java/com/google/gson/functional/JsonAdapterAnnotationOnFieldsTest.java
ERROR: Invalid Java source found or Clover failed to parse it: /tmp/v1/gson/src/test/java/com/google/gson/functional/JsonAdapterSerializerDeserializerTest.java
ERROR: Invalid Java source found or Clover failed to parse it: /tmp/v1/gson/src/test/java/com/google/gson/functional/JsonTreeTest.java
ERROR: Invalid Java source found or Clover failed to parse it: /tmp/v1/gson/src/test/java/com/google/gson/functional/MapAsArrayTypeAdapterTest.java
ERROR: Invalid Java source found or Clover failed to parse it: /tmp/v1/gson/src/test/java/com/google/gson/functional/MapTest.java
ERROR: Invalid Java source found or Clover failed to parse it: /tmp/v1/gson/src/test/java/com/google/gson/functional/MoreSpecificTypeSerializationTest.java
ERROR: Invalid Java source found or Clover failed to parse it: /tmp/v1/gson/src/test/java/com/google/gson/functional/NamingPolicyTest.java
ERROR: Invalid Java source found or Clover failed to parse it: /tmp/v1/gson/src/test/java/com/google/gson/functional/NullObjectAndFieldTest.java
ERROR: Invalid Java source found or Clover failed to parse it: /tmp/v1/gson/src/test/java/com/google/gson/functional/ObjectTest.java
ERROR: Invalid Java source found or Clover failed to parse it: /tmp/v1/gson/src/test/java/com/google/gson/functional/ParameterizedTypesTest.java
ERROR: Invalid Java source found or Clover failed to parse it: /tmp/v1/gson/src/test/java/com/google/gson/functional/RawSerializationTest.java
ERROR: Invalid Java source found or Clover failed to parse it: /tmp/v1/gson/src/test/java/com/google/gson/functional/RuntimeTypeAdapterFactoryFunctionalTest.java
ERROR: Invalid Java source found or Clover failed to parse it: /tmp/v1/gson/src/test/java/com/google/gson/functional/SerializedNameTest.java
ERROR: Invalid Java source found or Clover failed to parse it: /tmp/v1/gson/src/test/java/com/google/gson/functional/StreamingTypeAdaptersTest.java
ERROR: Invalid Java source found or Clover failed to parse it: /tmp/v1/gson/src/test/java/com/google/gson/functional/TreeTypeAdaptersTest.java
ERROR: Invalid Java source found or Clover failed to parse it: /tmp/v1/gson/src/test/java/com/google/gson/functional/TypeAdapterPrecedenceTest.java
ERROR: Invalid Java source found or Clover failed to parse it: /tmp/v1/gson/src/test/java/com/google/gson/functional/TypeHierarchyAdapterTest.java
ERROR: Invalid Java source found or Clover failed to parse it: /tmp/v1/gson/src/test/java/com/google/gson/functional/TypeVariableTest.java
ERROR: Invalid Java source found or Clover failed to parse it: /tmp/v1/gson/src/test/java/com/google/gson/functional/UncategorizedTest.java
ERROR: Invalid Java source found or Clover failed to parse it: /tmp/v1/gson/src/test/java/com/google/gson/common/TestTypes.java
Done. Processed 12 packages in 14440ms (1203ms per package).
[[1;34mINFO[m] Computing coverage for /tmp/v2/gson/
[WARN] Maven will be executed in interactive mode, but no input stream has been configured for this MavenInvoker instance.
WARNING: An illegal reflective access operation has occurred
WARNING: Illegal reflective access by com.google.inject.internal.cglib.core.$ReflectUtils$1 (file:/usr/share/maven/lib/guice.jar) to method java.lang.ClassLoader.defineClass(java.lang.String,byte[],int,int,java.security.ProtectionDomain)
WARNING: Please consider reporting this to the maintainers of com.google.inject.internal.cglib.core.$ReflectUtils$1
WARNING: Use --illegal-access=warn to enable warnings of further illegal reflective access operations
WARNING: All illegal access operations will be denied in a future release
[[1;34mINFO[m] Scanning for projects...
[[1;33mWARNING[m] 
[[1;33mWARNING[m] Some problems were encountered while building the effective model for com.google.code.gson:gson:jar:2.8.6-SNAPSHOT
[[1;33mWARNING[m] 'build.plugins.plugin.version' for org.apache.maven.plugins:maven-jar-plugin is missing. @ com.google.code.gson:gson:[unknown-version], /tmp/v2/gson/pom.xml, line 46, column 15
[[1;33mWARNING[m] 
[[1;33mWARNING[m] It is highly recommended to fix these problems because they threaten the stability of your build.
[[1;33mWARNING[m] 
[[1;33mWARNING[m] For this reason, future Maven versions might no longer support building such malformed projects.
[[1;33mWARNING[m] 
[[1;34mINFO[m] 
[[1;34mINFO[m] [1m---------------------< [0;36mcom.google.code.gson:gson[0;1m >----------------------[m
[[1;34mINFO[m] [1mBuilding Gson 2.8.6-SNAPSHOT[m
[[1;34mINFO[m] [1m--------------------------------[ jar ]---------------------------------[m
[[1;34mINFO[m] 
[[1;34mINFO[m] [1m--- [0;32mmaven-clean-plugin:2.5:clean[m [1m(default-clean)[m @ [36mgson[0;1m ---[m
[[1;34mINFO[m] Deleting /tmp/v2/gson/target
[[1;34mINFO[m] 
[[1;34mINFO[m] [1m--- [0;32mclover-maven-plugin:4.4.1:setup[m [1m(default-cli)[m @ [36mgson[0;1m ---[m
[[1;34mINFO[m] OpenClover Version 4.4.1, built on October 11 2019 (build-1020)
[[1;34mINFO[m] Creating new database at '/tmp/v2/gson/target/clover/clover.db'.
[[1;34mINFO[m] Processing files at 1.9 source level.
[[1;34mINFO[m] Clover all over. Instrumented 72 files (8 packages).
[[1;34mINFO[m] OpenClover Version 4.4.1, built on October 11 2019 (build-1020)
[[1;34mINFO[m] Updating existing database at '/tmp/v2/gson/target/clover/clover.db'.
[[1;34mINFO[m] Processing files at 1.9 source level.
[[1;34mINFO[m] Clover all over. Instrumented 101 files (10 packages).
[[1;34mINFO[m] 1041 test methods detected.
[[1;34mINFO[m] 
[[1;34mINFO[m] [1m--- [0;32mmaven-enforcer-plugin:1.0:enforce[m [1m(enforce-maven)[m @ [36mgson[0;1m ---[m
[[1;34mINFO[m] Skipping Rule Enforcement.
[[1;34mINFO[m] 
[[1;34mINFO[m] [1m--- [0;32mtemplating-maven-plugin:1.0.0:filter-sources[m [1m(filtering-java-templates)[m @ [36mgson[0;1m ---[m
[[1;34mINFO[m] Coping files with filtering to temporary directory.
[[1;34mINFO[m] Using 'UTF-8' encoding to copy filtered resources.
[[1;34mINFO[m] Copying 1 resource
[[1;34mINFO[m] Copied 1 files to output directory: /tmp/v2/gson/target/generated-sources/java-templates
[[1;34mINFO[m] Source directory: /tmp/v2/gson/target/generated-sources/java-templates added.
[[1;34mINFO[m] 
[[1;34mINFO[m] [1m--- [0;32mmaven-resources-plugin:2.6:resources[m [1m(default-resources)[m @ [36mgson[0;1m ---[m
[[1;34mINFO[m] Using 'UTF-8' encoding to copy filtered resources.
[[1;34mINFO[m] skip non existing resourceDirectory /tmp/v2/gson/src/main/resources
[[1;34mINFO[m] Copying 1 resource
[[1;34mINFO[m] 
[[1;34mINFO[m] [1m--- [0;32mmaven-compiler-plugin:3.8.0:compile[m [1m(default-compile)[m @ [36mgson[0;1m ---[m
[[1;34mINFO[m] Changes detected - recompiling the module!
[[1;34mINFO[m] Compiling 73 source files to /tmp/v2/gson/target/classes
[[1;34mINFO[m] /tmp/v2/gson/target/clover/src-instrumented/com/google/gson/JsonArray.java: Some input files use or override a deprecated API.
[[1;34mINFO[m] /tmp/v2/gson/target/clover/src-instrumented/com/google/gson/JsonArray.java: Recompile with -Xlint:deprecation for details.
[[1;34mINFO[m] 
[[1;34mINFO[m] [1m--- [0;32mmaven-compiler-plugin:3.8.0:compile[m [1m(base-compile)[m @ [36mgson[0;1m ---[m
[[1;34mINFO[m] Changes detected - recompiling the module!
[[1;34mINFO[m] Compiling 73 source files to /tmp/v2/gson/target/classes
[[1;34mINFO[m] /tmp/v2/gson/target/clover/src-instrumented/com/google/gson/JsonArray.java: Some input files use or override a deprecated API.
[[1;34mINFO[m] /tmp/v2/gson/target/clover/src-instrumented/com/google/gson/JsonArray.java: Recompile with -Xlint:deprecation for details.
[[1;34mINFO[m] 
[[1;34mINFO[m] [1m--- [0;32mbnd-maven-plugin:4.0.0:bnd-process[m [1m(default)[m @ [36mgson[0;1m ---[m
[[1;33mWARNING[m] /tmp/v2/gson/bnd.bnd [0:0]: Export com.google.gson,  has 1,  private references [com.google.gson.internal], 
[[1;34mINFO[m] 
[[1;34mINFO[m] [1m--- [0;32mmaven-resources-plugin:2.6:testResources[m [1m(default-testResources)[m @ [36mgson[0;1m ---[m
[[1;34mINFO[m] Using 'UTF-8' encoding to copy filtered resources.
[[1;34mINFO[m] skip non existing resourceDirectory /tmp/v2/gson/src/test/resources
[[1;34mINFO[m] 
[[1;34mINFO[m] [1m--- [0;32mmaven-compiler-plugin:3.8.0:testCompile[m [1m(default-testCompile)[m @ [36mgson[0;1m ---[m
[[1;34mINFO[m] Changes detected - recompiling the module!
[[1;34mINFO[m] Compiling 101 source files to /tmp/v2/gson/target/test-classes
[[1;34mINFO[m] /tmp/v2/gson/target/clover/src-test-instrumented/com/google/gson/common/MoreAsserts.java: Some input files use or override a deprecated API.
[[1;34mINFO[m] /tmp/v2/gson/target/clover/src-test-instrumented/com/google/gson/common/MoreAsserts.java: Recompile with -Xlint:deprecation for details.
[[1;34mINFO[m] /tmp/v2/gson/target/clover/src-test-instrumented/com/google/gson/functional/ParameterizedTypesTest.java: Some input files use unchecked or unsafe operations.
[[1;34mINFO[m] /tmp/v2/gson/target/clover/src-test-instrumented/com/google/gson/functional/ParameterizedTypesTest.java: Recompile with -Xlint:unchecked for details.
[[1;34mINFO[m] 
[[1;34mINFO[m] [1m--- [0;32mmaven-surefire-plugin:2.12.4:test[m [1m(default-test)[m @ [36mgson[0;1m ---[m
[[1;34mINFO[m] Surefire report directory: /tmp/v2/gson/target/surefire-reports

-------------------------------------------------------
 T E S T S
-------------------------------------------------------
Running com.google.gson.DefaultDateTypeAdapterTest
Tests run: 11, Failures: 0, Errors: 1, Skipped: 0, Time elapsed: 0.717 sec <<< FAILURE!
testParsingDatesFormattedWithSystemLocale(com.google.gson.DefaultDateTypeAdapterTest)  Time elapsed: 0.26 sec  <<< ERROR!
com.google.gson.JsonSyntaxException: jeudi 1 janvier 1970 Ã  00:00:00 Coordinated Universal Time
	at com.google.gson.DefaultDateTypeAdapter.deserializeToDate(DefaultDateTypeAdapter.java:151)
	at com.google.gson.DefaultDateTypeAdapter.read(DefaultDateTypeAdapter.java:128)
	at com.google.gson.DefaultDateTypeAdapter.read(DefaultDateTypeAdapter.java:44)
	at com.google.gson.TypeAdapter.fromJson(TypeAdapter.java:260)
	at com.google.gson.TypeAdapter.fromJson(TypeAdapter.java:273)
	at com.google.gson.DefaultDateTypeAdapterTest.assertParsed(DefaultDateTypeAdapterTest.java:196)
	at com.google.gson.DefaultDateTypeAdapterTest.__CLR4_4_14xdbqt546(DefaultDateTypeAdapterTest.java:91)
	at com.google.gson.DefaultDateTypeAdapterTest.testParsingDatesFormattedWithSystemLocale(DefaultDateTypeAdapterTest.java:73)
	at java.base/jdk.internal.reflect.NativeMethodAccessorImpl.invoke0(Native Method)
	at java.base/jdk.internal.reflect.NativeMethodAccessorImpl.invoke(NativeMethodAccessorImpl.java:62)
	at java.base/jdk.internal.reflect.DelegatingMethodAccessorImpl.invoke(DelegatingMethodAccessorImpl.java:43)
	at java.base/java.lang.reflect.Method.invoke(Method.java:566)
	at junit.framework.TestCase.runTest(TestCase.java:176)
	at junit.framework.TestCase.runBare(TestCase.java:141)
	at junit.framework.TestResult$1.protect(TestResult.java:122)
	at junit.framework.TestResult.runProtected(TestResult.java:142)
	at junit.framework.TestResult.run(TestResult.java:125)
	at junit.framework.TestCase.run(TestCase.java:129)
	at junit.framework.TestSuite.runTest(TestSuite.java:252)
	at junit.framework.TestSuite.run(TestSuite.java:247)
	at org.junit.internal.runners.JUnit38ClassRunner.run(JUnit38ClassRunner.java:86)
	at org.apache.maven.surefire.junit4.JUnit4Provider.execute(JUnit4Provider.java:252)
	at org.apache.maven.surefire.junit4.JUnit4Provider.executeTestSet(JUnit4Provider.java:141)
	at org.apache.maven.surefire.junit4.JUnit4Provider.invoke(JUnit4Provider.java:112)
	at java.base/jdk.internal.reflect.NativeMethodAccessorImpl.invoke0(Native Method)
	at java.base/jdk.internal.reflect.NativeMethodAccessorImpl.invoke(NativeMethodAccessorImpl.java:62)
	at java.base/jdk.internal.reflect.DelegatingMethodAccessorImpl.invoke(DelegatingMethodAccessorImpl.java:43)
	at java.base/java.lang.reflect.Method.invoke(Method.java:566)
	at org.apache.maven.surefire.util.ReflectionUtils.invokeMethodWithArray(ReflectionUtils.java:189)
	at org.apache.maven.surefire.booter.ProviderFactory$ProviderProxy.invoke(ProviderFactory.java:165)
	at org.apache.maven.surefire.booter.ProviderFactory.invokeProvider(ProviderFactory.java:85)
	at org.apache.maven.surefire.booter.ForkedBooter.runSuitesInProcess(ForkedBooter.java:115)
	at org.apache.maven.surefire.booter.ForkedBooter.main(ForkedBooter.java:75)
Caused by: java.text.ParseException: Failed to parse date ["jeudi 1 janvier 1970 Ã  00:00:00 Coordinated Universal Time"]: Invalid number: jeud
	at com.google.gson.internal.bind.util.ISO8601Utils.parse(ISO8601Utils.java:274)
	at com.google.gson.DefaultDateTypeAdapter.deserializeToDate(DefaultDateTypeAdapter.java:149)
	... 32 more
Caused by: java.lang.NumberFormatException: Invalid number: jeud
	at com.google.gson.internal.bind.util.ISO8601Utils.parseInt(ISO8601Utils.java:311)
	at com.google.gson.internal.bind.util.ISO8601Utils.parse(ISO8601Utils.java:129)
	... 33 more

Running com.google.gson.InnerClassExclusionStrategyTest
Tests run: 4, Failures: 0, Errors: 0, Skipped: 0, Time elapsed: 0.029 sec
Running com.google.gson.GsonTypeAdapterTest
Tests run: 5, Failures: 0, Errors: 0, Skipped: 0, Time elapsed: 0.149 sec
Running com.google.gson.internal.LinkedHashTreeMapTest
Tests run: 15, Failures: 0, Errors: 0, Skipped: 0, Time elapsed: 0.089 sec
Running com.google.gson.internal.GsonBuildConfigTest
Tests run: 1, Failures: 0, Errors: 0, Skipped: 0, Time elapsed: 0.06 sec
Running com.google.gson.internal.LazilyParsedNumberTest
Tests run: 2, Failures: 0, Errors: 0, Skipped: 0, Time elapsed: 0.012 sec
Running com.google.gson.internal.reflect.UnsafeReflectionAccessorTest
Tests run: 1, Failures: 0, Errors: 0, Skipped: 0, Time elapsed: 0.004 sec
Running com.google.gson.internal.UnsafeAllocatorInstantiationTest
Tests run: 3, Failures: 0, Errors: 0, Skipped: 0, Time elapsed: 0.018 sec
Running com.google.gson.internal.GsonTypesTest
Tests run: 2, Failures: 0, Errors: 0, Skipped: 0, Time elapsed: 0.009 sec
Running com.google.gson.internal.JavaVersionTest
Tests run: 7, Failures: 0, Errors: 0, Skipped: 0, Time elapsed: 0.024 sec
Running com.google.gson.internal.bind.RecursiveTypesResolveTest
Tests run: 9, Failures: 0, Errors: 0, Skipped: 0, Time elapsed: 0.115 sec
Running com.google.gson.internal.bind.JsonTreeWriterTest
Tests run: 12, Failures: 0, Errors: 0, Skipped: 0, Time elapsed: 0.067 sec
Running com.google.gson.internal.bind.JsonElementReaderTest
Tests run: 17, Failures: 0, Errors: 0, Skipped: 0, Time elapsed: 0.083 sec
Running com.google.gson.internal.bind.JsonTreeReaderTest
Tests run: 2, Failures: 0, Errors: 0, Skipped: 0, Time elapsed: 0.012 sec
Running com.google.gson.internal.LinkedTreeMapTest
Tests run: 11, Failures: 0, Errors: 0, Skipped: 0, Time elapsed: 0.083 sec
Running com.google.gson.ParameterizedTypeTest
Tests run: 2, Failures: 0, Errors: 0, Skipped: 0, Time elapsed: 0.014 sec
Running com.google.gson.GsonBuilderTest
Tests run: 4, Failures: 0, Errors: 0, Skipped: 0, Time elapsed: 0.017 sec
Running com.google.gson.reflect.TypeTokenTest
Tests run: 6, Failures: 0, Errors: 0, Skipped: 0, Time elapsed: 0.037 sec
Running com.google.gson.DefaultInetAddressTypeAdapterTest
Tests run: 1, Failures: 0, Errors: 0, Skipped: 0, Time elapsed: 0.01 sec
Running com.google.gson.ExposeAnnotationExclusionStrategyTest
Tests run: 6, Failures: 0, Errors: 0, Skipped: 0, Time elapsed: 0.031 sec
Running com.google.gson.FieldAttributesTest
Tests run: 6, Failures: 0, Errors: 0, Skipped: 0, Time elapsed: 0.028 sec
Running com.google.gson.CommentsTest
Tests run: 1, Failures: 0, Errors: 0, Skipped: 0, Time elapsed: 0.007 sec
Running com.google.gson.regression.JsonAdapterNullSafeTest
Tests run: 2, Failures: 0, Errors: 0, Skipped: 0, Time elapsed: 0.025 sec
Running com.google.gson.JsonNullTest
Tests run: 2, Failures: 0, Errors: 0, Skipped: 0, Time elapsed: 0.004 sec
Running com.google.gson.JsonObjectTest
Tests run: 14, Failures: 0, Errors: 0, Skipped: 0, Time elapsed: 0.04 sec
Running com.google.gson.stream.JsonReaderPathTest
Tests run: 20, Failures: 0, Errors: 0, Skipped: 1, Time elapsed: 0.104 sec
Running com.google.gson.stream.JsonWriterTest
Tests run: 39, Failures: 0, Errors: 0, Skipped: 0, Time elapsed: 0.116 sec
Running com.google.gson.stream.JsonReaderTest
Tests run: 120, Failures: 0, Errors: 0, Skipped: 0, Time elapsed: 0.441 sec
Running com.google.gson.metrics.PerformanceTest
Tests run: 1, Failures: 0, Errors: 0, Skipped: 0, Time elapsed: 0.005 sec
Running com.google.gson.MixedStreamTest
Tests run: 12, Failures: 0, Errors: 0, Skipped: 0, Time elapsed: 0.052 sec
Running com.google.gson.DefaultMapJsonSerializerTest
Tests run: 3, Failures: 0, Errors: 0, Skipped: 0, Time elapsed: 0.014 sec
Running com.google.gson.VersionExclusionStrategyTest
Tests run: 3, Failures: 0, Errors: 0, Skipped: 0, Time elapsed: 0.017 sec
Running com.google.gson.functional.InternationalizationTest
Tests run: 4, Failures: 0, Errors: 0, Skipped: 0, Time elapsed: 0.019 sec
Running com.google.gson.functional.JsonAdapterAnnotationOnFieldsTest
Tests run: 10, Failures: 0, Errors: 0, Skipped: 0, Time elapsed: 0.064 sec
Running com.google.gson.functional.SecurityTest
Tests run: 5, Failures: 0, Errors: 0, Skipped: 0, Time elapsed: 0.022 sec
Running com.google.gson.functional.EnumTest
Tests run: 12, Failures: 0, Errors: 0, Skipped: 0, Time elapsed: 0.037 sec
Running com.google.gson.functional.ObjectTest
Tests run: 44, Failures: 0, Errors: 0, Skipped: 0, Time elapsed: 0.147 sec
Running com.google.gson.functional.RuntimeTypeAdapterFactoryFunctionalTest
Tests run: 1, Failures: 0, Errors: 0, Skipped: 0, Time elapsed: 0.017 sec
Running com.google.gson.functional.FieldExclusionTest
Tests run: 3, Failures: 0, Errors: 0, Skipped: 0, Time elapsed: 0.015 sec
Running com.google.gson.functional.ExposeFieldsTest
Tests run: 8, Failures: 0, Errors: 0, Skipped: 0, Time elapsed: 0.039 sec
Running com.google.gson.functional.SerializedNameTest
Tests run: 3, Failures: 0, Errors: 0, Skipped: 0, Time elapsed: 0.013 sec
Running com.google.gson.functional.GsonVersionDiagnosticsTest
Tests run: 3, Failures: 0, Errors: 0, Skipped: 0, Time elapsed: 0.017 sec
Running com.google.gson.functional.ThrowableFunctionalTest
Tests run: 5, Failures: 0, Errors: 0, Skipped: 0, Time elapsed: 0.033 sec
Running com.google.gson.functional.ParameterizedTypesTest
Tests run: 17, Failures: 0, Errors: 0, Skipped: 0, Time elapsed: 0.083 sec
Running com.google.gson.functional.PrettyPrintingTest
Tests run: 8, Failures: 0, Errors: 0, Skipped: 0, Time elapsed: 0.023 sec
Running com.google.gson.functional.CustomTypeAdaptersTest
Tests run: 19, Failures: 0, Errors: 0, Skipped: 0, Time elapsed: 0.049 sec
Running com.google.gson.functional.ReadersWritersTest
Tests run: 10, Failures: 0, Errors: 0, Skipped: 0, Time elapsed: 0.025 sec
Running com.google.gson.functional.CircularReferenceTest
Tests run: 6, Failures: 0, Errors: 0, Skipped: 0, Time elapsed: 0.068 sec
Running com.google.gson.functional.JsonAdapterSerializerDeserializerTest
Tests run: 3, Failures: 0, Errors: 0, Skipped: 0, Time elapsed: 0.017 sec
Running com.google.gson.functional.LeniencyTest
Tests run: 1, Failures: 0, Errors: 0, Skipped: 0, Time elapsed: 0.006 sec
Running com.google.gson.functional.RawSerializationTest
Tests run: 5, Failures: 0, Errors: 0, Skipped: 0, Time elapsed: 0.016 sec
Running com.google.gson.functional.CustomDeserializerTest
Tests run: 7, Failures: 0, Errors: 0, Skipped: 0, Time elapsed: 0.022 sec
Running com.google.gson.functional.TypeAdapterPrecedenceTest
Tests run: 8, Failures: 0, Errors: 0, Skipped: 0, Time elapsed: 0.017 sec
Running com.google.gson.functional.MoreSpecificTypeSerializationTest
Tests run: 6, Failures: 0, Errors: 0, Skipped: 0, Time elapsed: 0.024 sec
Running com.google.gson.functional.InterfaceTest
Tests run: 2, Failures: 0, Errors: 0, Skipped: 0, Time elapsed: 0.01 sec
Running com.google.gson.functional.TypeVariableTest
Tests run: 3, Failures: 0, Errors: 0, Skipped: 0, Time elapsed: 0.014 sec
Running com.google.gson.functional.ExclusionStrategyFunctionalTest
Tests run: 9, Failures: 0, Errors: 0, Skipped: 0, Time elapsed: 0.023 sec
Running com.google.gson.functional.DefaultTypeAdaptersTest
Tests run: 65, Failures: 0, Errors: 0, Skipped: 0, Time elapsed: 0.209 sec
Running com.google.gson.functional.NullObjectAndFieldTest
Tests run: 16, Failures: 0, Errors: 0, Skipped: 0, Time elapsed: 0.051 sec
Running com.google.gson.functional.MapAsArrayTypeAdapterTest
Tests run: 5, Failures: 0, Errors: 0, Skipped: 0, Time elapsed: 0.027 sec
Running com.google.gson.functional.InstanceCreatorTest
Tests run: 5, Failures: 0, Errors: 0, Skipped: 0, Time elapsed: 0.024 sec
Running com.google.gson.functional.PrimitiveCharacterTest
Tests run: 2, Failures: 0, Errors: 0, Skipped: 0, Time elapsed: 0.012 sec
Running com.google.gson.functional.MapTest
Tests run: 48, Failures: 0, Errors: 0, Skipped: 0, Time elapsed: 0.178 sec
Running com.google.gson.functional.FieldNamingTest
Tests run: 5, Failures: 0, Errors: 0, Skipped: 0, Time elapsed: 0.022 sec
Running com.google.gson.functional.VersioningTest
Tests run: 10, Failures: 0, Errors: 0, Skipped: 0, Time elapsed: 0.036 sec
Running com.google.gson.functional.DelegateTypeAdapterTest
Tests run: 2, Failures: 0, Errors: 0, Skipped: 0, Time elapsed: 0.018 sec
Running com.google.gson.functional.InheritanceTest
Tests run: 13, Failures: 0, Errors: 0, Skipped: 0, Time elapsed: 0.041 sec
Running com.google.gson.functional.TypeHierarchyAdapterTest
Tests run: 3, Failures: 0, Errors: 0, Skipped: 0, Time elapsed: 0.022 sec
Running com.google.gson.functional.CustomSerializerTest
Tests run: 5, Failures: 0, Errors: 0, Skipped: 0, Time elapsed: 0.015 sec
Running com.google.gson.functional.StreamingTypeAdaptersTest
Tests run: 17, Failures: 0, Errors: 0, Skipped: 0, Time elapsed: 0.082 sec
Running com.google.gson.functional.EscapingTest
Tests run: 5, Failures: 0, Errors: 0, Skipped: 0, Time elapsed: 0.016 sec
Running com.google.gson.functional.CollectionTest
Tests run: 29, Failures: 0, Errors: 0, Skipped: 0, Time elapsed: 0.094 sec
Running com.google.gson.functional.JsonTreeTest
Tests run: 4, Failures: 0, Errors: 0, Skipped: 0, Time elapsed: 0.017 sec
Running com.google.gson.functional.ArrayTest
Tests run: 26, Failures: 0, Errors: 0, Skipped: 0, Time elapsed: 0.067 sec
Running com.google.gson.functional.PrintFormattingTest
Tests run: 3, Failures: 0, Errors: 0, Skipped: 0, Time elapsed: 0.011 sec
Running com.google.gson.functional.StringTest
Tests run: 18, Failures: 0, Errors: 0, Skipped: 0, Time elapsed: 0.035 sec
Running com.google.gson.functional.JavaUtilConcurrentAtomicTest
Tests run: 7, Failures: 0, Errors: 0, Skipped: 0, Time elapsed: 0.03 sec
Running com.google.gson.functional.UncategorizedTest
Tests run: 6, Failures: 0, Errors: 0, Skipped: 0, Time elapsed: 0.02 sec
Running com.google.gson.functional.JsonArrayTest
Tests run: 8, Failures: 0, Errors: 0, Skipped: 0, Time elapsed: 0.019 sec
Running com.google.gson.functional.JsonParserTest
Tests run: 8, Failures: 0, Errors: 0, Skipped: 0, Time elapsed: 0.024 sec
Running com.google.gson.functional.JsonAdapterAnnotationOnClassesTest
Tests run: 9, Failures: 0, Errors: 0, Skipped: 0, Time elapsed: 0.035 sec
Running com.google.gson.functional.NamingPolicyTest
Tests run: 16, Failures: 0, Errors: 0, Skipped: 0, Time elapsed: 0.048 sec
Running com.google.gson.functional.ConcurrencyTest
Tests run: 4, Failures: 0, Errors: 0, Skipped: 0, Time elapsed: 0.125 sec
Running com.google.gson.functional.PrimitiveTest
Tests run: 99, Failures: 0, Errors: 0, Skipped: 0, Time elapsed: 0.156 sec
Running com.google.gson.functional.TreeTypeAdaptersTest
Tests run: 2, Failures: 0, Errors: 0, Skipped: 0, Time elapsed: 0.007 sec
Running com.google.gson.functional.JavaUtilTest
Tests run: 2, Failures: 0, Errors: 0, Skipped: 0, Time elapsed: 0.01 sec
Running com.google.gson.ObjectTypeAdapterTest
Tests run: 5, Failures: 0, Errors: 0, Skipped: 0, Time elapsed: 0.007 sec
Running com.google.gson.JsonStreamParserTest
Tests run: 4, Failures: 0, Errors: 0, Skipped: 0, Time elapsed: 0.005 sec
Running com.google.gson.JavaSerializationTest
Tests run: 3, Failures: 0, Errors: 0, Skipped: 0, Time elapsed: 0.053 sec
Running com.google.gson.GenericArrayTypeTest
Tests run: 2, Failures: 0, Errors: 0, Skipped: 0, Time elapsed: 0.005 sec
Running com.google.gson.GsonTest
Tests run: 2, Failures: 0, Errors: 0, Skipped: 0, Time elapsed: 0.004 sec
Running com.google.gson.JsonArrayTest
Tests run: 5, Failures: 0, Errors: 0, Skipped: 0, Time elapsed: 0.007 sec
Running com.google.gson.JsonParserTest
Tests run: 10, Failures: 0, Errors: 0, Skipped: 0, Time elapsed: 0.013 sec
Running com.google.gson.JsonPrimitiveTest
Tests run: 25, Failures: 0, Errors: 0, Skipped: 0, Time elapsed: 0.031 sec
Running com.google.gson.LongSerializationPolicyTest
Tests run: 4, Failures: 0, Errors: 0, Skipped: 0, Time elapsed: 0.009 sec
Running com.google.gson.OverrideCoreTypeAdaptersTest
Tests run: 3, Failures: 0, Errors: 0, Skipped: 0, Time elapsed: 0.008 sec

Results :

Tests in error: 
  testParsingDatesFormattedWithSystemLocale(com.google.gson.DefaultDateTypeAdapterTest): jeudi 1 janvier 1970 Ã  00:00:00 Coordinated Universal Time

Tests run: 1051, Failures: 0, Errors: 1, Skipped: 1

[[1;34mINFO[m] [1m------------------------------------------------------------------------[m
[[1;34mINFO[m] [1;31mBUILD FAILURE[m
[[1;34mINFO[m] [1m------------------------------------------------------------------------[m
[[1;34mINFO[m] Total time:  29.684 s
[[1;34mINFO[m] Finished at: 2021-09-30T20:31:56+02:00
[[1;34mINFO[m] [1m------------------------------------------------------------------------[m
[[1;31mERROR[m] Failed to execute goal [32morg.apache.maven.plugins:maven-surefire-plugin:2.12.4:test[m [1m(default-test)[m on project [36mgson[m: [1;31mThere are test failures.[m
[[1;31mERROR[m] [1;31m[m
[[1;31mERROR[m] [1;31mPlease refer to /tmp/v2/gson/target/surefire-reports for the individual test results.[m
[[1;31mERROR[m] -> [1m[Help 1][m
[[1;31mERROR[m] 
[[1;31mERROR[m] To see the full stack trace of the errors, re-run Maven with the [1m-e[m switch.
[[1;31mERROR[m] Re-run Maven using the [1m-X[m switch to enable full debug logging.
[[1;31mERROR[m] 
[[1;31mERROR[m] For more information about the errors and possible solutions, please read the following articles:
[[1;31mERROR[m] [1m[Help 1][m http://cwiki.apache.org/confluence/display/MAVEN/MojoFailureException
Reading Clover data /tmp/v2/gson/target/clover
Writing HTML report to '/tmp/v2/gson/target/clover/report'
ERROR: Invalid Java source found or Clover failed to parse it: /tmp/v2/gson/src/main/java/com/google/gson/internal/$Gson$Types.java
ERROR: Invalid Java source found or Clover failed to parse it: /tmp/v2/gson/src/main/java/com/google/gson/internal/LinkedHashTreeMap.java
ERROR: Invalid Java source found or Clover failed to parse it: /tmp/v2/gson/src/main/java/com/google/gson/internal/LinkedTreeMap.java
ERROR: Invalid Java source found or Clover failed to parse it: /tmp/v2/gson/src/main/java/com/google/gson/internal/bind/CollectionTypeAdapterFactory.java
ERROR: Invalid Java source found or Clover failed to parse it: /tmp/v2/gson/src/main/java/com/google/gson/internal/bind/MapTypeAdapterFactory.java
ERROR: Invalid Java source found or Clover failed to parse it: /tmp/v2/gson/src/main/java/com/google/gson/internal/bind/ReflectiveTypeAdapterFactory.java
ERROR: Invalid Java source found or Clover failed to parse it: /tmp/v2/gson/src/main/java/com/google/gson/internal/bind/TreeTypeAdapter.java
ERROR: Invalid Java source found or Clover failed to parse it: /tmp/v2/gson/src/main/java/com/google/gson/internal/bind/TypeAdapters.java
ERROR: Invalid Java source found or Clover failed to parse it: /tmp/v2/gson/src/test/java/com/google/gson/stream/JsonReaderPathTest.java
ERROR: Invalid Java source found or Clover failed to parse it: /tmp/v2/gson/src/main/java/com/google/gson/Gson.java
ERROR: Invalid Java source found or Clover failed to parse it: /tmp/v2/gson/src/test/java/com/google/gson/GsonTypeAdapterTest.java
ERROR: Invalid Java source found or Clover failed to parse it: /tmp/v2/gson/src/test/java/com/google/gson/MixedStreamTest.java
ERROR: Invalid Java source found or Clover failed to parse it: /tmp/v2/gson/src/test/java/com/google/gson/ParameterizedTypeFixtures.java
ERROR: Invalid Java source found or Clover failed to parse it: /tmp/v2/gson/src/test/java/com/google/gson/regression/JsonAdapterNullSafeTest.java
ERROR: Invalid Java source found or Clover failed to parse it: /tmp/v2/gson/src/test/java/com/google/gson/functional/CollectionTest.java
ERROR: Invalid Java source found or Clover failed to parse it: /tmp/v2/gson/src/test/java/com/google/gson/functional/ConcurrencyTest.java
ERROR: Invalid Java source found or Clover failed to parse it: /tmp/v2/gson/src/test/java/com/google/gson/functional/CustomDeserializerTest.java
ERROR: Invalid Java source found or Clover failed to parse it: /tmp/v2/gson/src/test/java/com/google/gson/functional/CustomTypeAdaptersTest.java
ERROR: Invalid Java source found or Clover failed to parse it: /tmp/v2/gson/src/test/java/com/google/gson/functional/DefaultTypeAdaptersTest.java
ERROR: Invalid Java source found or Clover failed to parse it: /tmp/v2/gson/src/test/java/com/google/gson/functional/DelegateTypeAdapterTest.java
ERROR: Invalid Java source found or Clover failed to parse it: /tmp/v2/gson/src/test/java/com/google/gson/functional/EnumTest.java
ERROR: Invalid Java source found or Clover failed to parse it: /tmp/v2/gson/src/test/java/com/google/gson/functional/ExclusionStrategyFunctionalTest.java
ERROR: Invalid Java source found or Clover failed to parse it: /tmp/v2/gson/src/test/java/com/google/gson/functional/ExposeFieldsTest.java
ERROR: Invalid Java source found or Clover failed to parse it: /tmp/v2/gson/src/test/java/com/google/gson/functional/FieldExclusionTest.java
ERROR: Invalid Java source found or Clover failed to parse it: /tmp/v2/gson/src/test/java/com/google/gson/functional/InheritanceTest.java
ERROR: Invalid Java source found or Clover failed to parse it: /tmp/v2/gson/src/test/java/com/google/gson/functional/InterfaceTest.java
ERROR: Invalid Java source found or Clover failed to parse it: /tmp/v2/gson/src/test/java/com/google/gson/functional/JsonAdapterAnnotationOnClassesTest.java
ERROR: Invalid Java source found or Clover failed to parse it: /tmp/v2/gson/src/test/java/com/google/gson/functional/JsonAdapterAnnotationOnFieldsTest.java
ERROR: Invalid Java source found or Clover failed to parse it: /tmp/v2/gson/src/test/java/com/google/gson/functional/JsonAdapterSerializerDeserializerTest.java
ERROR: Invalid Java source found or Clover failed to parse it: /tmp/v2/gson/src/test/java/com/google/gson/functional/JsonTreeTest.java
ERROR: Invalid Java source found or Clover failed to parse it: /tmp/v2/gson/src/test/java/com/google/gson/functional/MapAsArrayTypeAdapterTest.java
ERROR: Invalid Java source found or Clover failed to parse it: /tmp/v2/gson/src/test/java/com/google/gson/functional/MapTest.java
ERROR: Invalid Java source found or Clover failed to parse it: /tmp/v2/gson/src/test/java/com/google/gson/functional/MoreSpecificTypeSerializationTest.java
ERROR: Invalid Java source found or Clover failed to parse it: /tmp/v2/gson/src/test/java/com/google/gson/functional/NamingPolicyTest.java
ERROR: Invalid Java source found or Clover failed to parse it: /tmp/v2/gson/src/test/java/com/google/gson/functional/NullObjectAndFieldTest.java
ERROR: Invalid Java source found or Clover failed to parse it: /tmp/v2/gson/src/test/java/com/google/gson/functional/ObjectTest.java
ERROR: Invalid Java source found or Clover failed to parse it: /tmp/v2/gson/src/test/java/com/google/gson/functional/ParameterizedTypesTest.java
ERROR: Invalid Java source found or Clover failed to parse it: /tmp/v2/gson/src/test/java/com/google/gson/functional/RawSerializationTest.java
ERROR: Invalid Java source found or Clover failed to parse it: /tmp/v2/gson/src/test/java/com/google/gson/functional/RuntimeTypeAdapterFactoryFunctionalTest.java
ERROR: Invalid Java source found or Clover failed to parse it: /tmp/v2/gson/src/test/java/com/google/gson/functional/SerializedNameTest.java
ERROR: Invalid Java source found or Clover failed to parse it: /tmp/v2/gson/src/test/java/com/google/gson/functional/StreamingTypeAdaptersTest.java
ERROR: Invalid Java source found or Clover failed to parse it: /tmp/v2/gson/src/test/java/com/google/gson/functional/TreeTypeAdaptersTest.java
ERROR: Invalid Java source found or Clover failed to parse it: /tmp/v2/gson/src/test/java/com/google/gson/functional/TypeAdapterPrecedenceTest.java
ERROR: Invalid Java source found or Clover failed to parse it: /tmp/v2/gson/src/test/java/com/google/gson/functional/TypeHierarchyAdapterTest.java
ERROR: Invalid Java source found or Clover failed to parse it: /tmp/v2/gson/src/test/java/com/google/gson/functional/TypeVariableTest.java
ERROR: Invalid Java source found or Clover failed to parse it: /tmp/v2/gson/src/test/java/com/google/gson/functional/UncategorizedTest.java
ERROR: Invalid Java source found or Clover failed to parse it: /tmp/v2/gson/src/test/java/com/google/gson/common/TestTypes.java
Done. Processed 12 packages in 8824ms (735ms per package).
[[1;34mINFO[m] /tmp/v1/gson/src/main/java/com/google/gson/JsonParser.java
[[1;34mINFO[m] /tmp/v2/gson/src/main/java/com/google/gson/JsonParser.java
[[1;34mINFO[m] com.google.gson.JsonParser:[48, 84, 61, 83, 92, 60, 86, 88, 90] are modified.
[[1;34mINFO[m] com.google.gson.JsonParser:84 covered.
[[1;34mINFO[m] com.google.gson.JsonParser:83 covered.
[[1;34mINFO[m] com.google.gson.JsonParser:60 covered.
[[1;34mINFO[m] com.google.gson.JsonParser:90 covered.
[[1;34mINFO[m] com.google.gson.JsonParser:[37, 45, 98, 104, 110, 46, 83, 98, 104, 110, 60, 82, 91, 98, 104, 110, 59, 85, 87, 89] are modified.
[[1;34mINFO[m] com.google.gson.JsonParser:82 covered.
[[1;34mINFO[m] com.google.gson.JsonParser:91 covered.
[[1;34mINFO[m] com.google.gson.JsonParser:59 covered.
[[1;34mINFO[m] com.google.gson.JsonParser:85 covered.
[[1;34mINFO[m] /tmp/v1/gson/src/test/java/com/google/gson/functional/JsonParserTest.java
[[1;34mINFO[m] /tmp/v2/gson/src/test/java/com/google/gson/functional/JsonParserTest.java
[[1;34mINFO[m] Build modified Tests /tmp/v2/gson/src/test/java/com/google/gson/functional/JsonParserTest.java
[[1;34mINFO[m] /tmp/v1/gson/src/test/java/com/google/gson/functional/MapTest.java
[[1;34mINFO[m] /tmp/v2/gson/src/test/java/com/google/gson/functional/MapTest.java
[[1;34mINFO[m] Build modified Tests /tmp/v2/gson/src/test/java/com/google/gson/functional/MapTest.java
[[1;34mINFO[m] /tmp/v1/gson/src/test/java/com/google/gson/internal/bind/JsonElementReaderTest.java
[[1;34mINFO[m] /tmp/v2/gson/src/test/java/com/google/gson/internal/bind/JsonElementReaderTest.java
[[1;34mINFO[m] Build modified Tests /tmp/v2/gson/src/test/java/com/google/gson/internal/bind/JsonElementReaderTest.java
[[1;34mINFO[m] /tmp/v1/gson/src/test/java/com/google/gson/JsonObjectTest.java
[[1;34mINFO[m] /tmp/v2/gson/src/test/java/com/google/gson/JsonObjectTest.java
[[1;34mINFO[m] Build modified Tests /tmp/v2/gson/src/test/java/com/google/gson/JsonObjectTest.java
[[1;34mINFO[m] /tmp/v1/gson/src/test/java/com/google/gson/JsonParserTest.java
[[1;34mINFO[m] /tmp/v2/gson/src/test/java/com/google/gson/JsonParserTest.java
[[1;34mINFO[m] Build modified Tests /tmp/v2/gson/src/test/java/com/google/gson/JsonParserTest.java
[[1;34mINFO[m] Saving result in /tmp/v1/gson/testsThatExecuteTheChange.csv ...
[[1;34mINFO[m] 
[[1;34mINFO[m] Writing Coverage in /tmp/v1/gson/testsThatExecuteTheChange_coverage.csv
[[1;34mINFO[m] com.google.gson.JsonParser;8;21

[[1;34mINFO[m] total;8;21

[[1;34mINFO[m] [1m------------------------------------------------------------------------[m
[[1;34mINFO[m] [1;32mBUILD SUCCESS[m
[[1;34mINFO[m] [1m------------------------------------------------------------------------[m
[[1;34mINFO[m] Total time:  01:40 min
[[1;34mINFO[m] Finished at: 2021-09-30T20:32:13+02:00
[[1;34mINFO[m] [1m------------------------------------------------------------------------[m
