[INFO] Scanning for projects...
[INFO] ------------------------------------------------------------------------
[INFO] Reactor Build Order:
[INFO] 
[INFO] Gson                                                               [jar]
[INFO] Gson Parent                                                        [pom]
[INFO] 
[INFO] ---------------------< com.google.code.gson:gson >----------------------
[INFO] Building Gson 2.6-SNAPSHOT                                         [1/2]
[INFO] --------------------------------[ jar ]---------------------------------
[INFO] 
[INFO] --- maven-clean-plugin:2.5:clean (default-clean) @ gson ---
[INFO] Deleting /tmp/v1/gson/target
[INFO] 
[INFO] --- dspot-diff-test-selection:3.1.1-SNAPSHOT:list (default-cli) @ gson ---
[INFO] Running on:
[INFO] /tmp/v1/gson
[INFO] /tmp/v2//gson
[WARNING] No path to diff file has been specified.
[WARNING] I'll compute a diff file using the UNIX diff command
[WARNING] You may encounter troubles.
[WARNING] If so, please specify a path to a correct diff file
[WARNING] or implement a new way to compute a diff file.
[INFO] Computing the diff with diff commnd line
[INFO] The diff will be computed between:
[INFO] /tmp/v1/gson/src and 
[INFO] /tmp/v2/gson/src
[INFO] Executing: diff -ru /tmp/v1/gson/src /tmp/v2/gson/src from /tmp/v1/gson/src
[INFO] Running in enhanced mode...
[INFO] Computing coverage for /tmp/v1/gson
[WARN] Maven will be executed in interactive mode, but no input stream has been configured for this MavenInvoker instance.
WARNING: An illegal reflective access operation has occurred
WARNING: Illegal reflective access by com.google.inject.internal.cglib.core.$ReflectUtils$1 (file:/usr/share/maven/lib/guice.jar) to method java.lang.ClassLoader.defineClass(java.lang.String,byte[],int,int,java.security.ProtectionDomain)
WARNING: Please consider reporting this to the maintainers of com.google.inject.internal.cglib.core.$ReflectUtils$1
WARNING: Use --illegal-access=warn to enable warnings of further illegal reflective access operations
WARNING: All illegal access operations will be denied in a future release
[[1;34mINFO[m] Scanning for projects...
[[1;34mINFO[m] 
[[1;34mINFO[m] [1m---------------------< [0;36mcom.google.code.gson:gson[0;1m >----------------------[m
[[1;34mINFO[m] [1mBuilding Gson 2.6-SNAPSHOT[m
[[1;34mINFO[m] [1m--------------------------------[ jar ]---------------------------------[m
[[1;34mINFO[m] 
[[1;34mINFO[m] [1m--- [0;32mmaven-clean-plugin:2.5:clean[m [1m(default-clean)[m @ [36mgson[0;1m ---[m
[[1;34mINFO[m] 
[[1;34mINFO[m] [1m--- [0;32mclover-maven-plugin:4.4.1:setup[m [1m(default-cli)[m @ [36mgson[0;1m ---[m
[[1;34mINFO[m] OpenClover Version 4.4.1, built on October 11 2019 (build-1020)
[[1;34mINFO[m] Creating new database at '/tmp/v1/gson/target/clover/clover.db'.
[[1;34mINFO[m] Processing files at 1.9 source level.
[[1;34mINFO[m] Clover all over. Instrumented 67 files (7 packages).
[[1;34mINFO[m] OpenClover Version 4.4.1, built on October 11 2019 (build-1020)
[[1;34mINFO[m] Updating existing database at '/tmp/v1/gson/target/clover/clover.db'.
[[1;34mINFO[m] Processing files at 1.9 source level.
[[1;34mINFO[m] Clover all over. Instrumented 90 files (8 packages).
[[1;34mINFO[m] 984 test methods detected.
[[1;34mINFO[m] 
[[1;34mINFO[m] [1m--- [0;32mmaven-enforcer-plugin:1.2:enforce[m [1m(enforce-maven)[m @ [36mgson[0;1m ---[m
[[1;34mINFO[m] Skipping Rule Enforcement.
[[1;34mINFO[m] 
[[1;34mINFO[m] [1m--- [0;32mmaven-resources-plugin:2.6:resources[m [1m(default-resources)[m @ [36mgson[0;1m ---[m
[[1;34mINFO[m] Using 'UTF-8' encoding to copy filtered resources.
[[1;34mINFO[m] skip non existing resourceDirectory /tmp/v1/gson/src/main/resources
[[1;34mINFO[m] Copying 1 resource
[[1;34mINFO[m] 
[[1;34mINFO[m] [1m--- [0;32mmaven-compiler-plugin:3.3:compile[m [1m(default-compile)[m @ [36mgson[0;1m ---[m
[[1;34mINFO[m] Changes detected - recompiling the module!
[[1;34mINFO[m] Compiling 67 source files to /tmp/v1/gson/target/classes
[[1;34mINFO[m] /tmp/v1/gson/target/clover/src-instrumented/com/google/gson/internal/ConstructorConstructor.java: /tmp/v1/gson/target/clover/src-instrumented/com/google/gson/internal/ConstructorConstructor.java uses or overrides a deprecated API.
[[1;34mINFO[m] /tmp/v1/gson/target/clover/src-instrumented/com/google/gson/internal/ConstructorConstructor.java: Recompile with -Xlint:deprecation for details.
[[1;34mINFO[m] 
[[1;34mINFO[m] [1m--- [0;32mmaven-resources-plugin:2.6:testResources[m [1m(default-testResources)[m @ [36mgson[0;1m ---[m
[[1;34mINFO[m] Using 'UTF-8' encoding to copy filtered resources.
[[1;34mINFO[m] skip non existing resourceDirectory /tmp/v1/gson/src/test/resources
[[1;34mINFO[m] 
[[1;34mINFO[m] [1m--- [0;32mmaven-compiler-plugin:3.3:testCompile[m [1m(default-testCompile)[m @ [36mgson[0;1m ---[m
[[1;34mINFO[m] Changes detected - recompiling the module!
[[1;34mINFO[m] Compiling 90 source files to /tmp/v1/gson/target/test-classes
[[1;34mINFO[m] /tmp/v1/gson/target/clover/src-test-instrumented/com/google/gson/functional/PrimitiveTest.java: Some input files use or override a deprecated API.
[[1;34mINFO[m] /tmp/v1/gson/target/clover/src-test-instrumented/com/google/gson/functional/PrimitiveTest.java: Recompile with -Xlint:deprecation for details.
[[1;34mINFO[m] /tmp/v1/gson/target/clover/src-test-instrumented/com/google/gson/functional/MapTest.java: Some input files use unchecked or unsafe operations.
[[1;34mINFO[m] /tmp/v1/gson/target/clover/src-test-instrumented/com/google/gson/functional/MapTest.java: Recompile with -Xlint:unchecked for details.
[[1;34mINFO[m] 
[[1;34mINFO[m] [1m--- [0;32mmaven-surefire-plugin:2.12.4:test[m [1m(default-test)[m @ [36mgson[0;1m ---[m
[[1;34mINFO[m] Surefire report directory: /tmp/v1/gson/target/surefire-reports

-------------------------------------------------------
 T E S T S
-------------------------------------------------------
Running com.google.gson.DefaultDateTypeAdapterTest
Tests run: 9, Failures: 3, Errors: 2, Skipped: 0, Time elapsed: 0.127 sec <<< FAILURE!
testFormatUsesDefaultTimezone(com.google.gson.DefaultDateTypeAdapterTest)  Time elapsed: 0.083 sec  <<< FAILURE!
junit.framework.ComparisonFailure: expected:<Dec 31, 1969[] 4:00:00 PM> but was:<Dec 31, 1969[,] 4:00:00 PM>
	at junit.framework.Assert.assertEquals(Assert.java:81)
	at junit.framework.Assert.assertEquals(Assert.java:87)
	at com.google.gson.DefaultDateTypeAdapterTest.assertFormatted(DefaultDateTypeAdapterTest.java:163)
	at com.google.gson.DefaultDateTypeAdapterTest.__CLR4_4_17g0nys4sr(DefaultDateTypeAdapterTest.java:119)
	at com.google.gson.DefaultDateTypeAdapterTest.testFormatUsesDefaultTimezone(DefaultDateTypeAdapterTest.java:113)

testFormattingInEnUs(com.google.gson.DefaultDateTypeAdapterTest)  Time elapsed: 0.003 sec  <<< FAILURE!
junit.framework.ComparisonFailure: expected:<Jan 1, 1970[] 12:00:00 AM> but was:<Jan 1, 1970[,] 12:00:00 AM>
	at junit.framework.Assert.assertEquals(Assert.java:81)
	at junit.framework.Assert.assertEquals(Assert.java:87)
	at com.google.gson.DefaultDateTypeAdapterTest.assertFormatted(DefaultDateTypeAdapterTest.java:163)
	at com.google.gson.DefaultDateTypeAdapterTest.assertFormattingAlwaysEmitsUsLocale(DefaultDateTypeAdapterTest.java:47)
	at com.google.gson.DefaultDateTypeAdapterTest.__CLR4_4_1ipa1124rb(DefaultDateTypeAdapterTest.java:34)
	at com.google.gson.DefaultDateTypeAdapterTest.testFormattingInEnUs(DefaultDateTypeAdapterTest.java:33)

testFormattingInFr(com.google.gson.DefaultDateTypeAdapterTest)  Time elapsed: 0.011 sec  <<< FAILURE!
junit.framework.ComparisonFailure: expected:<Jan 1, 1970[] 12:00:00 AM> but was:<Jan 1, 1970[,] 12:00:00 AM>
	at junit.framework.Assert.assertEquals(Assert.java:81)
	at junit.framework.Assert.assertEquals(Assert.java:87)
	at com.google.gson.DefaultDateTypeAdapterTest.assertFormatted(DefaultDateTypeAdapterTest.java:163)
	at com.google.gson.DefaultDateTypeAdapterTest.assertFormattingAlwaysEmitsUsLocale(DefaultDateTypeAdapterTest.java:47)
	at com.google.gson.DefaultDateTypeAdapterTest.__CLR4_4_1lljdf54rd(DefaultDateTypeAdapterTest.java:38)
	at com.google.gson.DefaultDateTypeAdapterTest.testFormattingInFr(DefaultDateTypeAdapterTest.java:37)

testParsingDatesFormattedWithSystemLocale(com.google.gson.DefaultDateTypeAdapterTest)  Time elapsed: 0.004 sec  <<< ERROR!
com.google.gson.JsonSyntaxException: 1 janv. 1970 00:00:00
	at com.google.gson.DefaultDateTypeAdapter.deserializeToDate(DefaultDateTypeAdapter.java:107)
	at com.google.gson.DefaultDateTypeAdapter.deserialize(DefaultDateTypeAdapter.java:84)
	at com.google.gson.DefaultDateTypeAdapterTest.assertParsed(DefaultDateTypeAdapterTest.java:167)
	at com.google.gson.DefaultDateTypeAdapterTest.__CLR4_4_14xdbqt4rv(DefaultDateTypeAdapterTest.java:71)
	at com.google.gson.DefaultDateTypeAdapterTest.testParsingDatesFormattedWithSystemLocale(DefaultDateTypeAdapterTest.java:65)
Caused by: java.text.ParseException: Failed to parse date ["1 janv. 1970 00:00:00']: Invalid number: 1 ja
	at com.google.gson.internal.bind.util.ISO8601Utils.parse(ISO8601Utils.java:270)
	at com.google.gson.DefaultDateTypeAdapter.deserializeToDate(DefaultDateTypeAdapter.java:105)
	... 32 more
Caused by: java.lang.NumberFormatException: Invalid number: 1 ja
	at com.google.gson.internal.bind.util.ISO8601Utils.parseInt(ISO8601Utils.java:314)
	at com.google.gson.internal.bind.util.ISO8601Utils.parse(ISO8601Utils.java:129)
	... 33 more

testParsingDatesFormattedWithUsLocale(com.google.gson.DefaultDateTypeAdapterTest)  Time elapsed: 0.003 sec  <<< ERROR!
com.google.gson.JsonSyntaxException: Jan 1, 1970 0:00:00 AM
	at com.google.gson.DefaultDateTypeAdapter.deserializeToDate(DefaultDateTypeAdapter.java:107)
	at com.google.gson.DefaultDateTypeAdapter.deserialize(DefaultDateTypeAdapter.java:84)
	at com.google.gson.DefaultDateTypeAdapterTest.assertParsed(DefaultDateTypeAdapterTest.java:167)
	at com.google.gson.DefaultDateTypeAdapterTest.__CLR4_4_1z9r0fa4sb(DefaultDateTypeAdapterTest.java:95)
	at com.google.gson.DefaultDateTypeAdapterTest.testParsingDatesFormattedWithUsLocale(DefaultDateTypeAdapterTest.java:89)
Caused by: java.text.ParseException: Failed to parse date ["Jan 1, 1970 0:00:00 AM']: Invalid number: Jan 
	at com.google.gson.internal.bind.util.ISO8601Utils.parse(ISO8601Utils.java:270)
	at com.google.gson.DefaultDateTypeAdapter.deserializeToDate(DefaultDateTypeAdapter.java:105)
	... 32 more
Caused by: java.lang.NumberFormatException: Invalid number: Jan 
	at com.google.gson.internal.bind.util.ISO8601Utils.parseInt(ISO8601Utils.java:307)
	at com.google.gson.internal.bind.util.ISO8601Utils.parse(ISO8601Utils.java:129)
	... 33 more

Running com.google.gson.InnerClassExclusionStrategyTest
Tests run: 4, Failures: 0, Errors: 0, Skipped: 0, Time elapsed: 0.001 sec
Running com.google.gson.GsonTypeAdapterTest
Tests run: 5, Failures: 0, Errors: 0, Skipped: 0, Time elapsed: 0.055 sec
Running com.google.gson.internal.LinkedHashTreeMapTest
Tests run: 15, Failures: 0, Errors: 0, Skipped: 0, Time elapsed: 0.037 sec
Running com.google.gson.internal.LazilyParsedNumberTest
Tests run: 2, Failures: 0, Errors: 0, Skipped: 0, Time elapsed: 0.001 sec
Running com.google.gson.internal.GsonTypesTest
Tests run: 2, Failures: 0, Errors: 0, Skipped: 0, Time elapsed: 0.002 sec
Running com.google.gson.internal.bind.JsonTreeWriterTest
Tests run: 12, Failures: 0, Errors: 0, Skipped: 0, Time elapsed: 0.015 sec
Running com.google.gson.internal.bind.JsonElementReaderTest
Tests run: 17, Failures: 0, Errors: 0, Skipped: 0, Time elapsed: 0.017 sec
Running com.google.gson.internal.LinkedTreeMapTest
Tests run: 11, Failures: 0, Errors: 0, Skipped: 0, Time elapsed: 0.021 sec
Running com.google.gson.ParameterizedTypeTest
Tests run: 2, Failures: 0, Errors: 0, Skipped: 0, Time elapsed: 0.003 sec
Running com.google.gson.common.TestTypes
Tests run: 0, Failures: 0, Errors: 0, Skipped: 0, Time elapsed: 0 sec
Running com.google.gson.GsonBuilderTest
Tests run: 4, Failures: 0, Errors: 0, Skipped: 0, Time elapsed: 0.004 sec
Running com.google.gson.reflect.TypeTokenTest
Tests run: 4, Failures: 0, Errors: 0, Skipped: 0, Time elapsed: 0.005 sec
Running com.google.gson.DefaultInetAddressTypeAdapterTest
Tests run: 1, Failures: 0, Errors: 0, Skipped: 0, Time elapsed: 0.004 sec
Running com.google.gson.ExposeAnnotationExclusionStrategyTest
Tests run: 6, Failures: 0, Errors: 0, Skipped: 0, Time elapsed: 0.009 sec
Running com.google.gson.FieldAttributesTest
Tests run: 6, Failures: 0, Errors: 0, Skipped: 0, Time elapsed: 0.005 sec
Running com.google.gson.CommentsTest
Tests run: 1, Failures: 0, Errors: 0, Skipped: 0, Time elapsed: 0.004 sec
Running com.google.gson.JsonNullTest
Tests run: 2, Failures: 0, Errors: 0, Skipped: 0, Time elapsed: 0.002 sec
Running com.google.gson.JsonObjectTest
Tests run: 12, Failures: 0, Errors: 0, Skipped: 0, Time elapsed: 0.009 sec
Running com.google.gson.stream.JsonReaderPathTest
Tests run: 10, Failures: 0, Errors: 0, Skipped: 0, Time elapsed: 0.007 sec
Running com.google.gson.stream.JsonWriterTest
Tests run: 35, Failures: 0, Errors: 0, Skipped: 0, Time elapsed: 0.028 sec
Running com.google.gson.stream.JsonReaderTest
Tests run: 122, Failures: 0, Errors: 0, Skipped: 0, Time elapsed: 0.097 sec
Running com.google.gson.metrics.PerformanceTest
Tests run: 1, Failures: 0, Errors: 0, Skipped: 0, Time elapsed: 0 sec
Running com.google.gson.MixedStreamTest
Tests run: 12, Failures: 0, Errors: 0, Skipped: 0, Time elapsed: 0.009 sec
Running com.google.gson.DefaultMapJsonSerializerTest
Tests run: 3, Failures: 0, Errors: 0, Skipped: 0, Time elapsed: 0.003 sec
Running com.google.gson.VersionExclusionStrategyTest
Tests run: 3, Failures: 0, Errors: 0, Skipped: 0, Time elapsed: 0.003 sec
Running com.google.gson.functional.InternationalizationTest
Tests run: 4, Failures: 0, Errors: 0, Skipped: 0, Time elapsed: 0.002 sec
Running com.google.gson.functional.JsonAdapterAnnotationOnFieldsTest
Tests run: 6, Failures: 0, Errors: 0, Skipped: 0, Time elapsed: 0.016 sec
Running com.google.gson.functional.SecurityTest
Tests run: 5, Failures: 0, Errors: 0, Skipped: 0, Time elapsed: 0.004 sec
Running com.google.gson.functional.EnumTest
Tests run: 11, Failures: 0, Errors: 0, Skipped: 0, Time elapsed: 0.016 sec
Running com.google.gson.functional.ObjectTest
Tests run: 44, Failures: 1, Errors: 0, Skipped: 0, Time elapsed: 0.053 sec <<< FAILURE!
testDateAsMapObjectField(com.google.gson.functional.ObjectTest)  Time elapsed: 0.003 sec  <<< FAILURE!
junit.framework.ComparisonFailure: expected:<..."date":"Dec 31, 1969[] 4:00:00 PM"}}> but was:<..."date":"Dec 31, 1969[,] 4:00:00 PM"}}>
	at junit.framework.Assert.assertEquals(Assert.java:81)
	at junit.framework.Assert.assertEquals(Assert.java:87)
	at com.google.gson.functional.ObjectTest.__CLR4_4_1or4vs88k(ObjectTest.java:485)
	at com.google.gson.functional.ObjectTest.testDateAsMapObjectField(ObjectTest.java:482)

Running com.google.gson.functional.RuntimeTypeAdapterFactoryFunctionalTest
Tests run: 1, Failures: 0, Errors: 0, Skipped: 0, Time elapsed: 0.004 sec
Running com.google.gson.functional.FieldExclusionTest
Tests run: 3, Failures: 0, Errors: 0, Skipped: 0, Time elapsed: 0.004 sec
Running com.google.gson.functional.ExposeFieldsTest
Tests run: 8, Failures: 0, Errors: 0, Skipped: 0, Time elapsed: 0.009 sec
Running com.google.gson.functional.SerializedNameTest
Tests run: 3, Failures: 0, Errors: 0, Skipped: 0, Time elapsed: 0.005 sec
Running com.google.gson.functional.ThrowableFunctionalTest
WARNING: An illegal reflective access operation has occurred
WARNING: Illegal reflective access by com.google.gson.internal.bind.ReflectiveTypeAdapterFactory (file:/tmp/v1/gson/target/classes/) to field java.lang.Throwable.detailMessage
WARNING: Please consider reporting this to the maintainers of com.google.gson.internal.bind.ReflectiveTypeAdapterFactory
WARNING: Use --illegal-access=warn to enable warnings of further illegal reflective access operations
WARNING: All illegal access operations will be denied in a future release
Tests run: 5, Failures: 0, Errors: 0, Skipped: 0, Time elapsed: 0.012 sec
Running com.google.gson.functional.ParameterizedTypesTest
Tests run: 17, Failures: 0, Errors: 0, Skipped: 0, Time elapsed: 0.029 sec
Running com.google.gson.functional.PrettyPrintingTest
Tests run: 8, Failures: 0, Errors: 0, Skipped: 0, Time elapsed: 0.007 sec
Running com.google.gson.functional.CustomTypeAdaptersTest
Tests run: 19, Failures: 0, Errors: 0, Skipped: 0, Time elapsed: 0.019 sec
Running com.google.gson.functional.ReadersWritersTest
Tests run: 10, Failures: 0, Errors: 0, Skipped: 0, Time elapsed: 0.009 sec
Running com.google.gson.functional.CircularReferenceTest
Tests run: 6, Failures: 0, Errors: 0, Skipped: 0, Time elapsed: 0.03 sec
Running com.google.gson.functional.RawSerializationTest
Tests run: 5, Failures: 0, Errors: 0, Skipped: 0, Time elapsed: 0.006 sec
Running com.google.gson.functional.CustomDeserializerTest
Tests run: 7, Failures: 0, Errors: 0, Skipped: 0, Time elapsed: 0.008 sec
Running com.google.gson.functional.TypeAdapterPrecedenceTest
Tests run: 8, Failures: 0, Errors: 0, Skipped: 0, Time elapsed: 0.006 sec
Running com.google.gson.functional.MoreSpecificTypeSerializationTest
Tests run: 6, Failures: 0, Errors: 0, Skipped: 0, Time elapsed: 0.007 sec
Running com.google.gson.functional.InterfaceTest
Tests run: 2, Failures: 0, Errors: 0, Skipped: 0, Time elapsed: 0.002 sec
Running com.google.gson.functional.TypeVariableTest
Tests run: 3, Failures: 0, Errors: 0, Skipped: 0, Time elapsed: 0.005 sec
Running com.google.gson.functional.ExclusionStrategyFunctionalTest
Tests run: 9, Failures: 0, Errors: 0, Skipped: 0, Time elapsed: 0.008 sec
Running com.google.gson.functional.DefaultTypeAdaptersTest
Tests run: 65, Failures: 3, Errors: 2, Skipped: 0, Time elapsed: 0.07 sec <<< FAILURE!
testDefaultDateSerialization(com.google.gson.functional.DefaultTypeAdaptersTest)  Time elapsed: 0.002 sec  <<< FAILURE!
junit.framework.ComparisonFailure: expected:<"Sep 11, 2011[] 10:55:03 PM"> but was:<"Sep 11, 2011[,] 10:55:03 PM">
	at junit.framework.Assert.assertEquals(Assert.java:81)
	at junit.framework.Assert.assertEquals(Assert.java:87)
	at com.google.gson.functional.DefaultTypeAdaptersTest.__CLR4_4_1pcwu26jh(DefaultTypeAdaptersTest.java:331)
	at com.google.gson.functional.DefaultTypeAdaptersTest.testDefaultDateSerialization(DefaultTypeAdaptersTest.java:328)

testDefaultDateDeserialization(com.google.gson.functional.DefaultTypeAdaptersTest)  Time elapsed: 0.004 sec  <<< ERROR!
com.google.gson.JsonSyntaxException: Dec 13, 2009 07:18:02 AM
	at com.google.gson.internal.bind.DateTypeAdapter.deserializeToDate(DateTypeAdapter.java:74)
	at com.google.gson.internal.bind.DateTypeAdapter.read(DateTypeAdapter.java:59)
	at com.google.gson.internal.bind.DateTypeAdapter.read(DateTypeAdapter.java:41)
	at com.google.gson.Gson.fromJson(Gson.java:861)
	at com.google.gson.Gson.fromJson(Gson.java:826)
	at com.google.gson.Gson.fromJson(Gson.java:775)
	at com.google.gson.Gson.fromJson(Gson.java:747)
	at com.google.gson.functional.DefaultTypeAdaptersTest.__CLR4_4_1yqs62h6jl(DefaultTypeAdaptersTest.java:336)
	at com.google.gson.functional.DefaultTypeAdaptersTest.testDefaultDateDeserialization(DefaultTypeAdaptersTest.java:334)
Caused by: java.text.ParseException: Failed to parse date ["Dec 13, 2009 07:18:02 AM']: Invalid number: Dec 
	at com.google.gson.internal.bind.util.ISO8601Utils.parse(ISO8601Utils.java:270)
	at com.google.gson.internal.bind.DateTypeAdapter.deserializeToDate(DateTypeAdapter.java:72)
	... 35 more
Caused by: java.lang.NumberFormatException: Invalid number: Dec 
	at com.google.gson.internal.bind.util.ISO8601Utils.parseInt(ISO8601Utils.java:307)
	at com.google.gson.internal.bind.util.ISO8601Utils.parse(ISO8601Utils.java:129)
	... 36 more

testDefaultJavaSqlTimestampSerialization(com.google.gson.functional.DefaultTypeAdaptersTest)  Time elapsed: 0.002 sec  <<< FAILURE!
junit.framework.ComparisonFailure: expected:<"Dec 3, 2009[] 1:18:02 PM"> but was:<"Dec 3, 2009[,] 1:18:02 PM">
	at junit.framework.Assert.assertEquals(Assert.java:81)
	at junit.framework.Assert.assertEquals(Assert.java:87)
	at com.google.gson.functional.DefaultTypeAdaptersTest.__CLR4_4_1ba8tvi6k6(DefaultTypeAdaptersTest.java:372)
	at com.google.gson.functional.DefaultTypeAdaptersTest.testDefaultJavaSqlTimestampSerialization(DefaultTypeAdaptersTest.java:369)

testDefaultJavaSqlTimestampDeserialization(com.google.gson.functional.DefaultTypeAdaptersTest)  Time elapsed: 0.003 sec  <<< ERROR!
com.google.gson.JsonSyntaxException: Dec 3, 2009 1:18:02 PM
	at com.google.gson.internal.bind.DateTypeAdapter.deserializeToDate(DateTypeAdapter.java:74)
	at com.google.gson.internal.bind.DateTypeAdapter.read(DateTypeAdapter.java:59)
	at com.google.gson.internal.bind.DateTypeAdapter.read(DateTypeAdapter.java:41)
	at com.google.gson.internal.bind.TypeAdapters$26$1.read(TypeAdapters.java:602)
	at com.google.gson.internal.bind.TypeAdapters$26$1.read(TypeAdapters.java:600)
	at com.google.gson.Gson.fromJson(Gson.java:861)
	at com.google.gson.Gson.fromJson(Gson.java:826)
	at com.google.gson.Gson.fromJson(Gson.java:775)
	at com.google.gson.Gson.fromJson(Gson.java:747)
	at com.google.gson.functional.DefaultTypeAdaptersTest.__CLR4_4_1q5eqtf6ka(DefaultTypeAdaptersTest.java:377)
	at com.google.gson.functional.DefaultTypeAdaptersTest.testDefaultJavaSqlTimestampDeserialization(DefaultTypeAdaptersTest.java:375)
Caused by: java.text.ParseException: Failed to parse date ["Dec 3, 2009 1:18:02 PM']: Invalid number: Dec 
	at com.google.gson.internal.bind.util.ISO8601Utils.parse(ISO8601Utils.java:270)
	at com.google.gson.internal.bind.DateTypeAdapter.deserializeToDate(DateTypeAdapter.java:72)
	... 37 more
Caused by: java.lang.NumberFormatException: Invalid number: Dec 
	at com.google.gson.internal.bind.util.ISO8601Utils.parseInt(ISO8601Utils.java:307)
	at com.google.gson.internal.bind.util.ISO8601Utils.parse(ISO8601Utils.java:129)
	... 38 more

testDefaultDateSerializationUsingBuilder(com.google.gson.functional.DefaultTypeAdaptersTest)  Time elapsed: 0.002 sec  <<< FAILURE!
junit.framework.ComparisonFailure: expected:<"Sep 11, 2011[] 10:55:03 PM"> but was:<"Sep 11, 2011[,] 10:55:03 PM">
	at junit.framework.Assert.assertEquals(Assert.java:81)
	at junit.framework.Assert.assertEquals(Assert.java:87)
	at com.google.gson.functional.DefaultTypeAdaptersTest.__CLR4_4_16g7uk16kn(DefaultTypeAdaptersTest.java:398)
	at com.google.gson.functional.DefaultTypeAdaptersTest.testDefaultDateSerializationUsingBuilder(DefaultTypeAdaptersTest.java:394)

Running com.google.gson.functional.NullObjectAndFieldTest
Tests run: 16, Failures: 0, Errors: 0, Skipped: 0, Time elapsed: 0.012 sec
Running com.google.gson.functional.MapAsArrayTypeAdapterTest
Tests run: 5, Failures: 0, Errors: 0, Skipped: 0, Time elapsed: 0.007 sec
Running com.google.gson.functional.InstanceCreatorTest
Tests run: 5, Failures: 0, Errors: 0, Skipped: 0, Time elapsed: 0.007 sec
Running com.google.gson.functional.PrimitiveCharacterTest
Tests run: 2, Failures: 0, Errors: 0, Skipped: 0, Time elapsed: 0.001 sec
Running com.google.gson.functional.MapTest
Tests run: 45, Failures: 0, Errors: 0, Skipped: 0, Time elapsed: 0.045 sec
Running com.google.gson.functional.FieldNamingTest
Tests run: 5, Failures: 0, Errors: 0, Skipped: 0, Time elapsed: 0.004 sec
Running com.google.gson.functional.VersioningTest
Tests run: 10, Failures: 0, Errors: 0, Skipped: 0, Time elapsed: 0.01 sec
Running com.google.gson.functional.DelegateTypeAdapterTest
Tests run: 2, Failures: 0, Errors: 0, Skipped: 0, Time elapsed: 0.004 sec
Running com.google.gson.functional.InheritanceTest
Tests run: 13, Failures: 0, Errors: 0, Skipped: 0, Time elapsed: 0.012 sec
Running com.google.gson.functional.TypeHierarchyAdapterTest
Tests run: 3, Failures: 0, Errors: 0, Skipped: 0, Time elapsed: 0.006 sec
Running com.google.gson.functional.CustomSerializerTest
Tests run: 5, Failures: 0, Errors: 0, Skipped: 0, Time elapsed: 0.004 sec
Running com.google.gson.functional.StreamingTypeAdaptersTest
Tests run: 17, Failures: 0, Errors: 0, Skipped: 0, Time elapsed: 0.018 sec
Running com.google.gson.functional.EscapingTest
Tests run: 5, Failures: 0, Errors: 0, Skipped: 0, Time elapsed: 0.004 sec
Running com.google.gson.functional.CollectionTest
Tests run: 28, Failures: 0, Errors: 0, Skipped: 0, Time elapsed: 0.026 sec
Running com.google.gson.functional.JsonTreeTest
Tests run: 4, Failures: 0, Errors: 0, Skipped: 0, Time elapsed: 0.003 sec
Running com.google.gson.functional.ArrayTest
Tests run: 26, Failures: 0, Errors: 0, Skipped: 0, Time elapsed: 0.017 sec
Running com.google.gson.functional.PrintFormattingTest
Tests run: 3, Failures: 0, Errors: 0, Skipped: 0, Time elapsed: 0.002 sec
Running com.google.gson.functional.StringTest
Tests run: 18, Failures: 0, Errors: 0, Skipped: 0, Time elapsed: 0.009 sec
Running com.google.gson.functional.JavaUtilConcurrentAtomicTest
Tests run: 7, Failures: 0, Errors: 0, Skipped: 0, Time elapsed: 0.006 sec
Running com.google.gson.functional.UncategorizedTest
Tests run: 6, Failures: 0, Errors: 0, Skipped: 0, Time elapsed: 0.005 sec
Running com.google.gson.functional.JsonArrayTest
Tests run: 8, Failures: 0, Errors: 0, Skipped: 0, Time elapsed: 0.004 sec
Running com.google.gson.functional.JsonParserTest
Tests run: 8, Failures: 0, Errors: 0, Skipped: 0, Time elapsed: 0.006 sec
Running com.google.gson.functional.JsonAdapterAnnotationOnClassesTest
Tests run: 7, Failures: 0, Errors: 0, Skipped: 0, Time elapsed: 0.007 sec
Running com.google.gson.functional.NamingPolicyTest
Tests run: 14, Failures: 0, Errors: 0, Skipped: 0, Time elapsed: 0.01 sec
Running com.google.gson.functional.ConcurrencyTest
Tests run: 4, Failures: 0, Errors: 0, Skipped: 0, Time elapsed: 0.023 sec
Running com.google.gson.functional.PrimitiveTest
Tests run: 98, Failures: 0, Errors: 0, Skipped: 0, Time elapsed: 0.056 sec
Running com.google.gson.functional.TreeTypeAdaptersTest
Tests run: 2, Failures: 0, Errors: 0, Skipped: 0, Time elapsed: 0.003 sec
Running com.google.gson.functional.JavaUtilTest
Tests run: 2, Failures: 0, Errors: 0, Skipped: 0, Time elapsed: 0.003 sec
Running com.google.gson.ObjectTypeAdapterTest
Tests run: 5, Failures: 0, Errors: 0, Skipped: 0, Time elapsed: 0.004 sec
Running com.google.gson.JsonStreamParserTest
Tests run: 4, Failures: 0, Errors: 0, Skipped: 0, Time elapsed: 0.001 sec
Running com.google.gson.JavaSerializationTest
Tests run: 3, Failures: 0, Errors: 0, Skipped: 0, Time elapsed: 0.028 sec
Running com.google.gson.GenericArrayTypeTest
Tests run: 2, Failures: 0, Errors: 0, Skipped: 0, Time elapsed: 0.001 sec
Running com.google.gson.JsonArrayTest
Tests run: 5, Failures: 0, Errors: 0, Skipped: 0, Time elapsed: 0.003 sec
Running com.google.gson.JsonParserTest
Tests run: 10, Failures: 0, Errors: 0, Skipped: 0, Time elapsed: 0.006 sec
Running com.google.gson.JsonPrimitiveTest
Tests run: 24, Failures: 0, Errors: 0, Skipped: 0, Time elapsed: 0.012 sec
Running com.google.gson.LongSerializationPolicyTest
Tests run: 4, Failures: 0, Errors: 0, Skipped: 0, Time elapsed: 0.002 sec
Running com.google.gson.OverrideCoreTypeAdaptersTest
Tests run: 3, Failures: 0, Errors: 0, Skipped: 0, Time elapsed: 0.002 sec

Results :

Failed tests:   testFormatUsesDefaultTimezone(com.google.gson.DefaultDateTypeAdapterTest): expected:<Dec 31, 1969[] 4:00:00 PM> but was:<Dec 31, 1969[,] 4:00:00 PM>
  testFormattingInEnUs(com.google.gson.DefaultDateTypeAdapterTest): expected:<Jan 1, 1970[] 12:00:00 AM> but was:<Jan 1, 1970[,] 12:00:00 AM>
  testFormattingInFr(com.google.gson.DefaultDateTypeAdapterTest): expected:<Jan 1, 1970[] 12:00:00 AM> but was:<Jan 1, 1970[,] 12:00:00 AM>
  testDateAsMapObjectField(com.google.gson.functional.ObjectTest): expected:<..."date":"Dec 31, 1969[] 4:00:00 PM"}}> but was:<..."date":"Dec 31, 1969[,] 4:00:00 PM"}}>
  testDefaultDateSerialization(com.google.gson.functional.DefaultTypeAdaptersTest): expected:<"Sep 11, 2011[] 10:55:03 PM"> but was:<"Sep 11, 2011[,] 10:55:03 PM">
  testDefaultJavaSqlTimestampSerialization(com.google.gson.functional.DefaultTypeAdaptersTest): expected:<"Dec 3, 2009[] 1:18:02 PM"> but was:<"Dec 3, 2009[,] 1:18:02 PM">
  testDefaultDateSerializationUsingBuilder(com.google.gson.functional.DefaultTypeAdaptersTest): expected:<"Sep 11, 2011[] 10:55:03 PM"> but was:<"Sep 11, 2011[,] 10:55:03 PM">

Tests in error: 
  testParsingDatesFormattedWithSystemLocale(com.google.gson.DefaultDateTypeAdapterTest): 1 janv. 1970 00:00:00
  testParsingDatesFormattedWithUsLocale(com.google.gson.DefaultDateTypeAdapterTest): Jan 1, 1970 0:00:00 AM
  testDefaultDateDeserialization(com.google.gson.functional.DefaultTypeAdaptersTest): Dec 13, 2009 07:18:02 AM
  testDefaultJavaSqlTimestampDeserialization(com.google.gson.functional.DefaultTypeAdaptersTest): Dec 3, 2009 1:18:02 PM

Tests run: 984, Failures: 7, Errors: 4, Skipped: 0

[[1;34mINFO[m] [1m------------------------------------------------------------------------[m
[[1;34mINFO[m] [1;31mBUILD FAILURE[m
[[1;34mINFO[m] [1m------------------------------------------------------------------------[m
[[1;34mINFO[m] Total time:  9.289 s
[[1;34mINFO[m] Finished at: 2020-12-31T18:37:51+01:00
[[1;34mINFO[m] [1m------------------------------------------------------------------------[m
[[1;31mERROR[m] Failed to execute goal [32morg.apache.maven.plugins:maven-surefire-plugin:2.12.4:test[m [1m(default-test)[m on project [36mgson[m: [1;31mThere are test failures.[m
[[1;31mERROR[m] [1;31m[m
[[1;31mERROR[m] [1;31mPlease refer to /tmp/v1/gson/target/surefire-reports for the individual test results.[m
[[1;31mERROR[m] -> [1m[Help 1][m
[[1;31mERROR[m] 
[[1;31mERROR[m] To see the full stack trace of the errors, re-run Maven with the [1m-e[m switch.
[[1;31mERROR[m] Re-run Maven using the [1m-X[m switch to enable full debug logging.
[[1;31mERROR[m] 
[[1;31mERROR[m] For more information about the errors and possible solutions, please read the following articles:
[[1;31mERROR[m] [1m[Help 1][m http://cwiki.apache.org/confluence/display/MAVEN/MojoFailureException
Writing HTML report to '/tmp/v1/gson/target/clover/report'
Done. Processed 10 packages in 3569ms (356ms per package).
[INFO] Computing coverage for /tmp/v2//gson
[WARN] Maven will be executed in interactive mode, but no input stream has been configured for this MavenInvoker instance.
WARNING: An illegal reflective access operation has occurred
WARNING: Illegal reflective access by com.google.inject.internal.cglib.core.$ReflectUtils$1 (file:/usr/share/maven/lib/guice.jar) to method java.lang.ClassLoader.defineClass(java.lang.String,byte[],int,int,java.security.ProtectionDomain)
WARNING: Please consider reporting this to the maintainers of com.google.inject.internal.cglib.core.$ReflectUtils$1
WARNING: Use --illegal-access=warn to enable warnings of further illegal reflective access operations
WARNING: All illegal access operations will be denied in a future release
[[1;34mINFO[m] Scanning for projects...
[[1;34mINFO[m] 
[[1;34mINFO[m] [1m---------------------< [0;36mcom.google.code.gson:gson[0;1m >----------------------[m
[[1;34mINFO[m] [1mBuilding Gson 2.5-SNAPSHOT[m
[[1;34mINFO[m] [1m--------------------------------[ jar ]---------------------------------[m
[[1;34mINFO[m] 
[[1;34mINFO[m] [1m--- [0;32mmaven-clean-plugin:2.5:clean[m [1m(default-clean)[m @ [36mgson[0;1m ---[m
[[1;34mINFO[m] Deleting /tmp/v2/gson/target
[[1;34mINFO[m] 
[[1;34mINFO[m] [1m--- [0;32mclover-maven-plugin:4.4.1:setup[m [1m(default-cli)[m @ [36mgson[0;1m ---[m
[[1;34mINFO[m] OpenClover Version 4.4.1, built on October 11 2019 (build-1020)
[[1;34mINFO[m] Creating new database at '/tmp/v2/gson/target/clover/clover.db'.
[[1;34mINFO[m] Processing files at 1.9 source level.
[[1;34mINFO[m] Clover all over. Instrumented 66 files (6 packages).
[[1;34mINFO[m] OpenClover Version 4.4.1, built on October 11 2019 (build-1020)
[[1;34mINFO[m] Updating existing database at '/tmp/v2/gson/target/clover/clover.db'.
[[1;34mINFO[m] Processing files at 1.9 source level.
[[1;34mINFO[m] Clover all over. Instrumented 90 files (8 packages).
[[1;34mINFO[m] 983 test methods detected.
[[1;34mINFO[m] 
[[1;34mINFO[m] [1m--- [0;32mmaven-enforcer-plugin:1.2:enforce[m [1m(enforce-maven)[m @ [36mgson[0;1m ---[m
[[1;34mINFO[m] Skipping Rule Enforcement.
[[1;34mINFO[m] 
[[1;34mINFO[m] [1m--- [0;32mmaven-resources-plugin:2.6:resources[m [1m(default-resources)[m @ [36mgson[0;1m ---[m
[[1;34mINFO[m] Using 'UTF-8' encoding to copy filtered resources.
[[1;34mINFO[m] skip non existing resourceDirectory /tmp/v2/gson/src/main/resources
[[1;34mINFO[m] Copying 1 resource
[[1;34mINFO[m] 
[[1;34mINFO[m] [1m--- [0;32mmaven-compiler-plugin:3.3:compile[m [1m(default-compile)[m @ [36mgson[0;1m ---[m
[[1;34mINFO[m] Changes detected - recompiling the module!
[[1;34mINFO[m] Compiling 66 source files to /tmp/v2/gson/target/classes
[[1;34mINFO[m] /tmp/v2/gson/target/clover/src-instrumented/com/google/gson/internal/ConstructorConstructor.java: /tmp/v2/gson/target/clover/src-instrumented/com/google/gson/internal/ConstructorConstructor.java uses or overrides a deprecated API.
[[1;34mINFO[m] /tmp/v2/gson/target/clover/src-instrumented/com/google/gson/internal/ConstructorConstructor.java: Recompile with -Xlint:deprecation for details.
[[1;34mINFO[m] 
[[1;34mINFO[m] [1m--- [0;32mmaven-resources-plugin:2.6:testResources[m [1m(default-testResources)[m @ [36mgson[0;1m ---[m
[[1;34mINFO[m] Using 'UTF-8' encoding to copy filtered resources.
[[1;34mINFO[m] skip non existing resourceDirectory /tmp/v2/gson/src/test/resources
[[1;34mINFO[m] 
[[1;34mINFO[m] [1m--- [0;32mmaven-compiler-plugin:3.3:testCompile[m [1m(default-testCompile)[m @ [36mgson[0;1m ---[m
[[1;34mINFO[m] Changes detected - recompiling the module!
[[1;34mINFO[m] Compiling 90 source files to /tmp/v2/gson/target/test-classes
[[1;34mINFO[m] /tmp/v2/gson/target/clover/src-test-instrumented/com/google/gson/functional/PrimitiveTest.java: Some input files use or override a deprecated API.
[[1;34mINFO[m] /tmp/v2/gson/target/clover/src-test-instrumented/com/google/gson/functional/PrimitiveTest.java: Recompile with -Xlint:deprecation for details.
[[1;34mINFO[m] /tmp/v2/gson/target/clover/src-test-instrumented/com/google/gson/functional/ParameterizedTypesTest.java: Some input files use unchecked or unsafe operations.
[[1;34mINFO[m] /tmp/v2/gson/target/clover/src-test-instrumented/com/google/gson/functional/ParameterizedTypesTest.java: Recompile with -Xlint:unchecked for details.
[[1;34mINFO[m] 
[[1;34mINFO[m] [1m--- [0;32mmaven-surefire-plugin:2.12.4:test[m [1m(default-test)[m @ [36mgson[0;1m ---[m
[[1;34mINFO[m] Surefire report directory: /tmp/v2/gson/target/surefire-reports

-------------------------------------------------------
 T E S T S
-------------------------------------------------------
Running com.google.gson.DefaultDateTypeAdapterTest
Tests run: 8, Failures: 3, Errors: 2, Skipped: 0, Time elapsed: 0.128 sec <<< FAILURE!
testParsingDatesFormattedWithSystemLocale(com.google.gson.DefaultDateTypeAdapterTest)  Time elapsed: 0.105 sec  <<< ERROR!
com.google.gson.JsonSyntaxException: 1 janv. 1970 00:00:00
	at com.google.gson.DefaultDateTypeAdapter.deserializeToDate(DefaultDateTypeAdapter.java:109)
	at com.google.gson.DefaultDateTypeAdapter.deserialize(DefaultDateTypeAdapter.java:84)
	at com.google.gson.DefaultDateTypeAdapterTest.assertParsed(DefaultDateTypeAdapterTest.java:159)
	at com.google.gson.DefaultDateTypeAdapterTest.__CLR4_4_14xdbqt4m2(DefaultDateTypeAdapterTest.java:71)
	at com.google.gson.DefaultDateTypeAdapterTest.testParsingDatesFormattedWithSystemLocale(DefaultDateTypeAdapterTest.java:65)
Caused by: java.text.ParseException: Unparseable date: "1 janv. 1970 00:00:00"
	at java.base/java.text.DateFormat.parse(DateFormat.java:395)
	at com.google.gson.DefaultDateTypeAdapter.deserializeToDate(DefaultDateTypeAdapter.java:107)
	... 32 more

testParsingDatesFormattedWithUsLocale(com.google.gson.DefaultDateTypeAdapterTest)  Time elapsed: 0.001 sec  <<< ERROR!
com.google.gson.JsonSyntaxException: Jan 1, 1970 0:00:00 AM
	at com.google.gson.DefaultDateTypeAdapter.deserializeToDate(DefaultDateTypeAdapter.java:109)
	at com.google.gson.DefaultDateTypeAdapter.deserialize(DefaultDateTypeAdapter.java:84)
	at com.google.gson.DefaultDateTypeAdapterTest.assertParsed(DefaultDateTypeAdapterTest.java:159)
	at com.google.gson.DefaultDateTypeAdapterTest.__CLR4_4_1z9r0fa4mi(DefaultDateTypeAdapterTest.java:95)
	at com.google.gson.DefaultDateTypeAdapterTest.testParsingDatesFormattedWithUsLocale(DefaultDateTypeAdapterTest.java:89)
Caused by: java.text.ParseException: Unparseable date: "Jan 1, 1970 0:00:00 AM"
	at java.base/java.text.DateFormat.parse(DateFormat.java:395)
	at com.google.gson.DefaultDateTypeAdapter.deserializeToDate(DefaultDateTypeAdapter.java:107)
	... 32 more

testFormattingInEnUs(com.google.gson.DefaultDateTypeAdapterTest)  Time elapsed: 0.004 sec  <<< FAILURE!
junit.framework.ComparisonFailure: expected:<Jan 1, 1970[] 12:00:00 AM> but was:<Jan 1, 1970[,] 12:00:00 AM>
	at junit.framework.Assert.assertEquals(Assert.java:81)
	at junit.framework.Assert.assertEquals(Assert.java:87)
	at com.google.gson.DefaultDateTypeAdapterTest.assertFormatted(DefaultDateTypeAdapterTest.java:155)
	at com.google.gson.DefaultDateTypeAdapterTest.assertFormattingAlwaysEmitsUsLocale(DefaultDateTypeAdapterTest.java:47)
	at com.google.gson.DefaultDateTypeAdapterTest.__CLR4_4_1ipa1124li(DefaultDateTypeAdapterTest.java:34)
	at com.google.gson.DefaultDateTypeAdapterTest.testFormattingInEnUs(DefaultDateTypeAdapterTest.java:33)

testFormattingInFr(com.google.gson.DefaultDateTypeAdapterTest)  Time elapsed: 0.003 sec  <<< FAILURE!
junit.framework.ComparisonFailure: expected:<Jan 1, 1970[] 12:00:00 AM> but was:<Jan 1, 1970[,] 12:00:00 AM>
	at junit.framework.Assert.assertEquals(Assert.java:81)
	at junit.framework.Assert.assertEquals(Assert.java:87)
	at com.google.gson.DefaultDateTypeAdapterTest.assertFormatted(DefaultDateTypeAdapterTest.java:155)
	at com.google.gson.DefaultDateTypeAdapterTest.assertFormattingAlwaysEmitsUsLocale(DefaultDateTypeAdapterTest.java:47)
	at com.google.gson.DefaultDateTypeAdapterTest.__CLR4_4_1lljdf54lk(DefaultDateTypeAdapterTest.java:38)
	at com.google.gson.DefaultDateTypeAdapterTest.testFormattingInFr(DefaultDateTypeAdapterTest.java:37)

testFormatUsesDefaultTimezone(com.google.gson.DefaultDateTypeAdapterTest)  Time elapsed: 0.003 sec  <<< FAILURE!
junit.framework.ComparisonFailure: expected:<Dec 31, 1969[] 4:00:00 PM> but was:<Dec 31, 1969[,] 4:00:00 PM>
	at junit.framework.Assert.assertEquals(Assert.java:81)
	at junit.framework.Assert.assertEquals(Assert.java:87)
	at com.google.gson.DefaultDateTypeAdapterTest.assertFormatted(DefaultDateTypeAdapterTest.java:155)
	at com.google.gson.DefaultDateTypeAdapterTest.__CLR4_4_17g0nys4my(DefaultDateTypeAdapterTest.java:119)
	at com.google.gson.DefaultDateTypeAdapterTest.testFormatUsesDefaultTimezone(DefaultDateTypeAdapterTest.java:113)

Running com.google.gson.InnerClassExclusionStrategyTest
Tests run: 4, Failures: 0, Errors: 0, Skipped: 0, Time elapsed: 0 sec
Running com.google.gson.GsonTypeAdapterTest
Tests run: 5, Failures: 0, Errors: 0, Skipped: 0, Time elapsed: 0.065 sec
Running com.google.gson.internal.LinkedHashTreeMapTest
Tests run: 15, Failures: 0, Errors: 0, Skipped: 0, Time elapsed: 0.045 sec
Running com.google.gson.internal.LazilyParsedNumberTest
Tests run: 2, Failures: 0, Errors: 0, Skipped: 0, Time elapsed: 0 sec
Running com.google.gson.internal.GsonTypesTest
Tests run: 2, Failures: 0, Errors: 0, Skipped: 0, Time elapsed: 0.001 sec
Running com.google.gson.internal.bind.JsonTreeWriterTest
Tests run: 12, Failures: 0, Errors: 0, Skipped: 0, Time elapsed: 0.014 sec
Running com.google.gson.internal.bind.JsonElementReaderTest
Tests run: 17, Failures: 0, Errors: 0, Skipped: 0, Time elapsed: 0.016 sec
Running com.google.gson.internal.LinkedTreeMapTest
Tests run: 11, Failures: 0, Errors: 0, Skipped: 0, Time elapsed: 0.028 sec
Running com.google.gson.ParameterizedTypeTest
Tests run: 2, Failures: 0, Errors: 0, Skipped: 0, Time elapsed: 0.002 sec
Running com.google.gson.common.TestTypes
Tests run: 0, Failures: 0, Errors: 0, Skipped: 0, Time elapsed: 0 sec
Running com.google.gson.GsonBuilderTest
Tests run: 4, Failures: 0, Errors: 0, Skipped: 0, Time elapsed: 0.003 sec
Running com.google.gson.reflect.TypeTokenTest
Tests run: 4, Failures: 0, Errors: 0, Skipped: 0, Time elapsed: 0.003 sec
Running com.google.gson.DefaultInetAddressTypeAdapterTest
Tests run: 1, Failures: 0, Errors: 0, Skipped: 0, Time elapsed: 0.004 sec
Running com.google.gson.ExposeAnnotationExclusionStrategyTest
Tests run: 6, Failures: 0, Errors: 0, Skipped: 0, Time elapsed: 0.009 sec
Running com.google.gson.FieldAttributesTest
Tests run: 6, Failures: 0, Errors: 0, Skipped: 0, Time elapsed: 0.003 sec
Running com.google.gson.CommentsTest
Tests run: 1, Failures: 0, Errors: 0, Skipped: 0, Time elapsed: 0.003 sec
Running com.google.gson.JsonNullTest
Tests run: 2, Failures: 0, Errors: 0, Skipped: 0, Time elapsed: 0.001 sec
Running com.google.gson.JsonObjectTest
Tests run: 12, Failures: 0, Errors: 0, Skipped: 0, Time elapsed: 0.007 sec
Running com.google.gson.stream.JsonReaderPathTest
Tests run: 10, Failures: 0, Errors: 0, Skipped: 0, Time elapsed: 0.006 sec
Running com.google.gson.stream.JsonWriterTest
Tests run: 35, Failures: 0, Errors: 0, Skipped: 0, Time elapsed: 0.03 sec
Running com.google.gson.stream.JsonReaderTest
Tests run: 122, Failures: 0, Errors: 0, Skipped: 0, Time elapsed: 0.104 sec
Running com.google.gson.metrics.PerformanceTest
Tests run: 1, Failures: 0, Errors: 0, Skipped: 0, Time elapsed: 0 sec
Running com.google.gson.MixedStreamTest
Tests run: 12, Failures: 0, Errors: 0, Skipped: 0, Time elapsed: 0.009 sec
Running com.google.gson.DefaultMapJsonSerializerTest
Tests run: 3, Failures: 0, Errors: 0, Skipped: 0, Time elapsed: 0.003 sec
Running com.google.gson.VersionExclusionStrategyTest
Tests run: 3, Failures: 0, Errors: 0, Skipped: 0, Time elapsed: 0.003 sec
Running com.google.gson.functional.InternationalizationTest
Tests run: 4, Failures: 0, Errors: 0, Skipped: 0, Time elapsed: 0.003 sec
Running com.google.gson.functional.JsonAdapterAnnotationOnFieldsTest
Tests run: 6, Failures: 0, Errors: 0, Skipped: 0, Time elapsed: 0.016 sec
Running com.google.gson.functional.SecurityTest
Tests run: 5, Failures: 0, Errors: 0, Skipped: 0, Time elapsed: 0.004 sec
Running com.google.gson.functional.EnumTest
Tests run: 11, Failures: 0, Errors: 0, Skipped: 0, Time elapsed: 0.016 sec
Running com.google.gson.functional.ObjectTest
Tests run: 44, Failures: 1, Errors: 0, Skipped: 0, Time elapsed: 0.051 sec <<< FAILURE!
testDateAsMapObjectField(com.google.gson.functional.ObjectTest)  Time elapsed: 0.004 sec  <<< FAILURE!
junit.framework.ComparisonFailure: expected:<..."date":"Dec 31, 1969[] 4:00:00 PM"}}> but was:<..."date":"Dec 31, 1969[,] 4:00:00 PM"}}>
	at junit.framework.Assert.assertEquals(Assert.java:81)
	at junit.framework.Assert.assertEquals(Assert.java:87)
	at com.google.gson.functional.ObjectTest.__CLR4_4_1or4vs82l(ObjectTest.java:485)
	at com.google.gson.functional.ObjectTest.testDateAsMapObjectField(ObjectTest.java:482)

Running com.google.gson.functional.RuntimeTypeAdapterFactoryFunctionalTest
Tests run: 1, Failures: 0, Errors: 0, Skipped: 0, Time elapsed: 0.005 sec
Running com.google.gson.functional.FieldExclusionTest
Tests run: 3, Failures: 0, Errors: 0, Skipped: 0, Time elapsed: 0.003 sec
Running com.google.gson.functional.ExposeFieldsTest
Tests run: 8, Failures: 0, Errors: 0, Skipped: 0, Time elapsed: 0.01 sec
Running com.google.gson.functional.SerializedNameTest
Tests run: 3, Failures: 0, Errors: 0, Skipped: 0, Time elapsed: 0.004 sec
Running com.google.gson.functional.ThrowableFunctionalTest
WARNING: An illegal reflective access operation has occurred
WARNING: Illegal reflective access by com.google.gson.internal.bind.ReflectiveTypeAdapterFactory (file:/tmp/v2/gson/target/classes/) to field java.lang.Throwable.detailMessage
WARNING: Please consider reporting this to the maintainers of com.google.gson.internal.bind.ReflectiveTypeAdapterFactory
WARNING: Use --illegal-access=warn to enable warnings of further illegal reflective access operations
WARNING: All illegal access operations will be denied in a future release
Tests run: 5, Failures: 0, Errors: 0, Skipped: 0, Time elapsed: 0.01 sec
Running com.google.gson.functional.ParameterizedTypesTest
Tests run: 17, Failures: 0, Errors: 0, Skipped: 0, Time elapsed: 0.028 sec
Running com.google.gson.functional.PrettyPrintingTest
Tests run: 8, Failures: 0, Errors: 0, Skipped: 0, Time elapsed: 0.008 sec
Running com.google.gson.functional.CustomTypeAdaptersTest
Tests run: 19, Failures: 0, Errors: 0, Skipped: 0, Time elapsed: 0.018 sec
Running com.google.gson.functional.ReadersWritersTest
Tests run: 10, Failures: 0, Errors: 0, Skipped: 0, Time elapsed: 0.008 sec
Running com.google.gson.functional.CircularReferenceTest
Tests run: 6, Failures: 0, Errors: 0, Skipped: 0, Time elapsed: 0.03 sec
Running com.google.gson.functional.RawSerializationTest
Tests run: 5, Failures: 0, Errors: 0, Skipped: 0, Time elapsed: 0.006 sec
Running com.google.gson.functional.CustomDeserializerTest
Tests run: 7, Failures: 0, Errors: 0, Skipped: 0, Time elapsed: 0.008 sec
Running com.google.gson.functional.TypeAdapterPrecedenceTest
Tests run: 8, Failures: 0, Errors: 0, Skipped: 0, Time elapsed: 0.006 sec
Running com.google.gson.functional.MoreSpecificTypeSerializationTest
Tests run: 6, Failures: 0, Errors: 0, Skipped: 0, Time elapsed: 0.007 sec
Running com.google.gson.functional.InterfaceTest
Tests run: 2, Failures: 0, Errors: 0, Skipped: 0, Time elapsed: 0.002 sec
Running com.google.gson.functional.TypeVariableTest
Tests run: 3, Failures: 0, Errors: 0, Skipped: 0, Time elapsed: 0.004 sec
Running com.google.gson.functional.ExclusionStrategyFunctionalTest
Tests run: 9, Failures: 0, Errors: 0, Skipped: 0, Time elapsed: 0.008 sec
Running com.google.gson.functional.DefaultTypeAdaptersTest
Tests run: 65, Failures: 3, Errors: 2, Skipped: 0, Time elapsed: 0.069 sec <<< FAILURE!
testDefaultDateSerialization(com.google.gson.functional.DefaultTypeAdaptersTest)  Time elapsed: 0.002 sec  <<< FAILURE!
junit.framework.ComparisonFailure: expected:<"Sep 11, 2011[] 10:55:03 PM"> but was:<"Sep 11, 2011[,] 10:55:03 PM">
	at junit.framework.Assert.assertEquals(Assert.java:81)
	at junit.framework.Assert.assertEquals(Assert.java:87)
	at com.google.gson.functional.DefaultTypeAdaptersTest.__CLR4_4_1pcwu26di(DefaultTypeAdaptersTest.java:331)
	at com.google.gson.functional.DefaultTypeAdaptersTest.testDefaultDateSerialization(DefaultTypeAdaptersTest.java:328)

testDefaultDateDeserialization(com.google.gson.functional.DefaultTypeAdaptersTest)  Time elapsed: 0.003 sec  <<< ERROR!
com.google.gson.JsonSyntaxException: Dec 13, 2009 07:18:02 AM
	at com.google.gson.internal.bind.DateTypeAdapter.deserializeToDate(DateTypeAdapter.java:81)
	at com.google.gson.internal.bind.DateTypeAdapter.read(DateTypeAdapter.java:66)
	at com.google.gson.internal.bind.DateTypeAdapter.read(DateTypeAdapter.java:41)
	at com.google.gson.Gson.fromJson(Gson.java:861)
	at com.google.gson.Gson.fromJson(Gson.java:826)
	at com.google.gson.Gson.fromJson(Gson.java:775)
	at com.google.gson.Gson.fromJson(Gson.java:747)
	at com.google.gson.functional.DefaultTypeAdaptersTest.__CLR4_4_1yqs62h6dm(DefaultTypeAdaptersTest.java:336)
	at com.google.gson.functional.DefaultTypeAdaptersTest.testDefaultDateDeserialization(DefaultTypeAdaptersTest.java:334)
Caused by: java.text.ParseException: Unparseable date: "Dec 13, 2009 07:18:02 AM"
	at java.base/java.text.DateFormat.parse(DateFormat.java:395)
	at com.google.gson.internal.bind.DateTypeAdapter.deserializeToDate(DateTypeAdapter.java:79)
	... 35 more

testDefaultJavaSqlTimestampSerialization(com.google.gson.functional.DefaultTypeAdaptersTest)  Time elapsed: 0.002 sec  <<< FAILURE!
junit.framework.ComparisonFailure: expected:<"Dec 3, 2009[] 1:18:02 PM"> but was:<"Dec 3, 2009[,] 1:18:02 PM">
	at junit.framework.Assert.assertEquals(Assert.java:81)
	at junit.framework.Assert.assertEquals(Assert.java:87)
	at com.google.gson.functional.DefaultTypeAdaptersTest.__CLR4_4_1ba8tvi6e7(DefaultTypeAdaptersTest.java:372)
	at com.google.gson.functional.DefaultTypeAdaptersTest.testDefaultJavaSqlTimestampSerialization(DefaultTypeAdaptersTest.java:369)

testDefaultJavaSqlTimestampDeserialization(com.google.gson.functional.DefaultTypeAdaptersTest)  Time elapsed: 0.003 sec  <<< ERROR!
com.google.gson.JsonSyntaxException: Dec 3, 2009 1:18:02 PM
	at com.google.gson.internal.bind.DateTypeAdapter.deserializeToDate(DateTypeAdapter.java:81)
	at com.google.gson.internal.bind.DateTypeAdapter.read(DateTypeAdapter.java:66)
	at com.google.gson.internal.bind.DateTypeAdapter.read(DateTypeAdapter.java:41)
	at com.google.gson.internal.bind.TypeAdapters$26$1.read(TypeAdapters.java:602)
	at com.google.gson.internal.bind.TypeAdapters$26$1.read(TypeAdapters.java:600)
	at com.google.gson.Gson.fromJson(Gson.java:861)
	at com.google.gson.Gson.fromJson(Gson.java:826)
	at com.google.gson.Gson.fromJson(Gson.java:775)
	at com.google.gson.Gson.fromJson(Gson.java:747)
	at com.google.gson.functional.DefaultTypeAdaptersTest.__CLR4_4_1q5eqtf6eb(DefaultTypeAdaptersTest.java:377)
	at com.google.gson.functional.DefaultTypeAdaptersTest.testDefaultJavaSqlTimestampDeserialization(DefaultTypeAdaptersTest.java:375)
Caused by: java.text.ParseException: Unparseable date: "Dec 3, 2009 1:18:02 PM"
	at java.base/java.text.DateFormat.parse(DateFormat.java:395)
	at com.google.gson.internal.bind.DateTypeAdapter.deserializeToDate(DateTypeAdapter.java:79)
	... 37 more

testDefaultDateSerializationUsingBuilder(com.google.gson.functional.DefaultTypeAdaptersTest)  Time elapsed: 0.002 sec  <<< FAILURE!
junit.framework.ComparisonFailure: expected:<"Sep 11, 2011[] 10:55:03 PM"> but was:<"Sep 11, 2011[,] 10:55:03 PM">
	at junit.framework.Assert.assertEquals(Assert.java:81)
	at junit.framework.Assert.assertEquals(Assert.java:87)
	at com.google.gson.functional.DefaultTypeAdaptersTest.__CLR4_4_16g7uk16eo(DefaultTypeAdaptersTest.java:398)
	at com.google.gson.functional.DefaultTypeAdaptersTest.testDefaultDateSerializationUsingBuilder(DefaultTypeAdaptersTest.java:394)

Running com.google.gson.functional.NullObjectAndFieldTest
Tests run: 16, Failures: 0, Errors: 0, Skipped: 0, Time elapsed: 0.011 sec
Running com.google.gson.functional.MapAsArrayTypeAdapterTest
Tests run: 5, Failures: 0, Errors: 0, Skipped: 0, Time elapsed: 0.007 sec
Running com.google.gson.functional.InstanceCreatorTest
Tests run: 5, Failures: 0, Errors: 0, Skipped: 0, Time elapsed: 0.006 sec
Running com.google.gson.functional.PrimitiveCharacterTest
Tests run: 2, Failures: 0, Errors: 0, Skipped: 0, Time elapsed: 0.001 sec
Running com.google.gson.functional.MapTest
Tests run: 45, Failures: 0, Errors: 0, Skipped: 0, Time elapsed: 0.043 sec
Running com.google.gson.functional.FieldNamingTest
Tests run: 5, Failures: 0, Errors: 0, Skipped: 0, Time elapsed: 0.003 sec
Running com.google.gson.functional.VersioningTest
Tests run: 10, Failures: 0, Errors: 0, Skipped: 0, Time elapsed: 0.01 sec
Running com.google.gson.functional.DelegateTypeAdapterTest
Tests run: 2, Failures: 0, Errors: 0, Skipped: 0, Time elapsed: 0.003 sec
Running com.google.gson.functional.InheritanceTest
Tests run: 13, Failures: 0, Errors: 0, Skipped: 0, Time elapsed: 0.012 sec
Running com.google.gson.functional.TypeHierarchyAdapterTest
Tests run: 3, Failures: 0, Errors: 0, Skipped: 0, Time elapsed: 0.006 sec
Running com.google.gson.functional.CustomSerializerTest
Tests run: 5, Failures: 0, Errors: 0, Skipped: 0, Time elapsed: 0.004 sec
Running com.google.gson.functional.StreamingTypeAdaptersTest
Tests run: 17, Failures: 0, Errors: 0, Skipped: 0, Time elapsed: 0.019 sec
Running com.google.gson.functional.EscapingTest
Tests run: 5, Failures: 0, Errors: 0, Skipped: 0, Time elapsed: 0.004 sec
Running com.google.gson.functional.CollectionTest
Tests run: 28, Failures: 0, Errors: 0, Skipped: 0, Time elapsed: 0.026 sec
Running com.google.gson.functional.JsonTreeTest
Tests run: 4, Failures: 0, Errors: 0, Skipped: 0, Time elapsed: 0.004 sec
Running com.google.gson.functional.ArrayTest
Tests run: 26, Failures: 0, Errors: 0, Skipped: 0, Time elapsed: 0.017 sec
Running com.google.gson.functional.PrintFormattingTest
Tests run: 3, Failures: 0, Errors: 0, Skipped: 0, Time elapsed: 0.003 sec
Running com.google.gson.functional.StringTest
Tests run: 18, Failures: 0, Errors: 0, Skipped: 0, Time elapsed: 0.009 sec
Running com.google.gson.functional.JavaUtilConcurrentAtomicTest
Tests run: 7, Failures: 0, Errors: 0, Skipped: 0, Time elapsed: 0.007 sec
Running com.google.gson.functional.UncategorizedTest
Tests run: 6, Failures: 0, Errors: 0, Skipped: 0, Time elapsed: 0.006 sec
Running com.google.gson.functional.JsonArrayTest
Tests run: 8, Failures: 0, Errors: 0, Skipped: 0, Time elapsed: 0.005 sec
Running com.google.gson.functional.JsonParserTest
Tests run: 8, Failures: 0, Errors: 0, Skipped: 0, Time elapsed: 0.006 sec
Running com.google.gson.functional.JsonAdapterAnnotationOnClassesTest
Tests run: 7, Failures: 0, Errors: 0, Skipped: 0, Time elapsed: 0.008 sec
Running com.google.gson.functional.NamingPolicyTest
Tests run: 14, Failures: 0, Errors: 0, Skipped: 0, Time elapsed: 0.011 sec
Running com.google.gson.functional.ConcurrencyTest
Tests run: 4, Failures: 0, Errors: 0, Skipped: 0, Time elapsed: 0.017 sec
Running com.google.gson.functional.PrimitiveTest
Tests run: 98, Failures: 0, Errors: 0, Skipped: 0, Time elapsed: 0.055 sec
Running com.google.gson.functional.TreeTypeAdaptersTest
Tests run: 2, Failures: 0, Errors: 0, Skipped: 0, Time elapsed: 0.003 sec
Running com.google.gson.functional.JavaUtilTest
Tests run: 2, Failures: 0, Errors: 0, Skipped: 0, Time elapsed: 0.003 sec
Running com.google.gson.ObjectTypeAdapterTest
Tests run: 5, Failures: 0, Errors: 0, Skipped: 0, Time elapsed: 0.004 sec
Running com.google.gson.JsonStreamParserTest
Tests run: 4, Failures: 0, Errors: 0, Skipped: 0, Time elapsed: 0.003 sec
Running com.google.gson.JavaSerializationTest
Tests run: 3, Failures: 0, Errors: 0, Skipped: 0, Time elapsed: 0.027 sec
Running com.google.gson.GenericArrayTypeTest
Tests run: 2, Failures: 0, Errors: 0, Skipped: 0, Time elapsed: 0.002 sec
Running com.google.gson.JsonArrayTest
Tests run: 5, Failures: 0, Errors: 0, Skipped: 0, Time elapsed: 0.003 sec
Running com.google.gson.JsonParserTest
Tests run: 10, Failures: 0, Errors: 0, Skipped: 0, Time elapsed: 0.009 sec
Running com.google.gson.JsonPrimitiveTest
Tests run: 24, Failures: 0, Errors: 0, Skipped: 0, Time elapsed: 0.013 sec
Running com.google.gson.LongSerializationPolicyTest
Tests run: 4, Failures: 0, Errors: 0, Skipped: 0, Time elapsed: 0.004 sec
Running com.google.gson.OverrideCoreTypeAdaptersTest
Tests run: 3, Failures: 0, Errors: 0, Skipped: 0, Time elapsed: 0.004 sec

Results :

Failed tests:   testFormattingInEnUs(com.google.gson.DefaultDateTypeAdapterTest): expected:<Jan 1, 1970[] 12:00:00 AM> but was:<Jan 1, 1970[,] 12:00:00 AM>
  testFormattingInFr(com.google.gson.DefaultDateTypeAdapterTest): expected:<Jan 1, 1970[] 12:00:00 AM> but was:<Jan 1, 1970[,] 12:00:00 AM>
  testFormatUsesDefaultTimezone(com.google.gson.DefaultDateTypeAdapterTest): expected:<Dec 31, 1969[] 4:00:00 PM> but was:<Dec 31, 1969[,] 4:00:00 PM>
  testDateAsMapObjectField(com.google.gson.functional.ObjectTest): expected:<..."date":"Dec 31, 1969[] 4:00:00 PM"}}> but was:<..."date":"Dec 31, 1969[,] 4:00:00 PM"}}>
  testDefaultDateSerialization(com.google.gson.functional.DefaultTypeAdaptersTest): expected:<"Sep 11, 2011[] 10:55:03 PM"> but was:<"Sep 11, 2011[,] 10:55:03 PM">
  testDefaultJavaSqlTimestampSerialization(com.google.gson.functional.DefaultTypeAdaptersTest): expected:<"Dec 3, 2009[] 1:18:02 PM"> but was:<"Dec 3, 2009[,] 1:18:02 PM">
  testDefaultDateSerializationUsingBuilder(com.google.gson.functional.DefaultTypeAdaptersTest): expected:<"Sep 11, 2011[] 10:55:03 PM"> but was:<"Sep 11, 2011[,] 10:55:03 PM">

Tests in error: 
  testParsingDatesFormattedWithSystemLocale(com.google.gson.DefaultDateTypeAdapterTest): 1 janv. 1970 00:00:00
  testParsingDatesFormattedWithUsLocale(com.google.gson.DefaultDateTypeAdapterTest): Jan 1, 1970 0:00:00 AM
  testDefaultDateDeserialization(com.google.gson.functional.DefaultTypeAdaptersTest): Dec 13, 2009 07:18:02 AM
  testDefaultJavaSqlTimestampDeserialization(com.google.gson.functional.DefaultTypeAdaptersTest): Dec 3, 2009 1:18:02 PM

Tests run: 983, Failures: 7, Errors: 4, Skipped: 0

[[1;34mINFO[m] [1m------------------------------------------------------------------------[m
[[1;34mINFO[m] [1;31mBUILD FAILURE[m
[[1;34mINFO[m] [1m------------------------------------------------------------------------[m
[[1;34mINFO[m] Total time:  9.562 s
[[1;34mINFO[m] Finished at: 2020-12-31T18:38:06+01:00
[[1;34mINFO[m] [1m------------------------------------------------------------------------[m
[[1;31mERROR[m] Failed to execute goal [32morg.apache.maven.plugins:maven-surefire-plugin:2.12.4:test[m [1m(default-test)[m on project [36mgson[m: [1;31mThere are test failures.[m
[[1;31mERROR[m] [1;31m[m
[[1;31mERROR[m] [1;31mPlease refer to /tmp/v2/gson/target/surefire-reports for the individual test results.[m
[[1;31mERROR[m] -> [1m[Help 1][m
[[1;31mERROR[m] 
[[1;31mERROR[m] To see the full stack trace of the errors, re-run Maven with the [1m-e[m switch.
[[1;31mERROR[m] Re-run Maven using the [1m-X[m switch to enable full debug logging.
[[1;31mERROR[m] 
[[1;31mERROR[m] For more information about the errors and possible solutions, please read the following articles:
[[1;31mERROR[m] [1m[Help 1][m http://cwiki.apache.org/confluence/display/MAVEN/MojoFailureException
Writing HTML report to '/tmp/v2/gson/target/clover/report'
Done. Processed 9 packages in 2249ms (249ms per package).
[INFO] /tmp/v1/gson/src/main/java/com/google/gson/DefaultDateTypeAdapter.java
[INFO] /tmp/v2/gson/src/main/java/com/google/gson/DefaultDateTypeAdapter.java
[INFO] com.google.gson.DefaultDateTypeAdapter:[105, 105] are modified.
[INFO] com.google.gson.DefaultDateTypeAdapter:105 covered.
[INFO] com.google.gson.DefaultDateTypeAdapter:[41, 64, 64, 65, 64, 65, 107] are modified.
[INFO] com.google.gson.DefaultDateTypeAdapter:64 covered.
[INFO] com.google.gson.DefaultDateTypeAdapter:65 covered.
[INFO] com.google.gson.DefaultDateTypeAdapter:107 covered.
[INFO] /tmp/v1/gson/src/main/java/com/google/gson/FieldNamingPolicy.java
[INFO] /tmp/v2/gson/src/main/java/com/google/gson/FieldNamingPolicy.java
[INFO] com.google.gson.FieldNamingPolicy:[123] are modified.
[INFO] /tmp/v1/gson/src/main/java/com/google/gson/Gson.java
[INFO] /tmp/v2/gson/src/main/java/com/google/gson/Gson.java
[INFO] /tmp/v1/gson/src/main/java/com/google/gson/internal/bind/DateTypeAdapter.java
[INFO] /tmp/v2/gson/src/main/java/com/google/gson/internal/bind/DateTypeAdapter.java
[INFO] com.google.gson.internal.bind.DateTypeAdapter:[72, 72] are modified.
[INFO] com.google.gson.internal.bind.DateTypeAdapter:72 covered.
[INFO] com.google.gson.internal.bind.DateTypeAdapter:[53, 56, 56, 57, 58, 56, 57, 79] are modified.
[INFO] com.google.gson.internal.bind.DateTypeAdapter:56 covered.
[INFO] com.google.gson.internal.bind.DateTypeAdapter:57 covered.
[INFO] com.google.gson.internal.bind.DateTypeAdapter:58 covered.
[INFO] com.google.gson.internal.bind.DateTypeAdapter:79 covered.
[INFO] /tmp/v1/gson/src/main/java/com/google/gson/internal/bind/MapTypeAdapterFactory.java
[INFO] /tmp/v2/gson/src/main/java/com/google/gson/internal/bind/MapTypeAdapterFactory.java
[INFO] com.google.gson.internal.bind.MapTypeAdapterFactory:[107] are modified.
[INFO] /tmp/v1/gson/src/main/java/com/google/gson/internal/bind/ObjectTypeAdapter.java
[INFO] /tmp/v2/gson/src/main/java/com/google/gson/internal/bind/ObjectTypeAdapter.java
[INFO] com.google.gson.internal.bind.ObjectTypeAdapter:[50] are modified.
[INFO] /tmp/v1/gson/src/main/java/com/google/gson/internal/bind/ReflectiveTypeAdapterFactory.java
[INFO] /tmp/v2/gson/src/main/java/com/google/gson/internal/bind/ReflectiveTypeAdapterFactory.java
[INFO] com.google.gson.internal.bind.ReflectiveTypeAdapterFactory:[130, 196] are modified.
[INFO] com.google.gson.internal.bind.ReflectiveTypeAdapterFactory:130 covered.
[INFO] com.google.gson.internal.bind.ReflectiveTypeAdapterFactory:196 covered.
[INFO] /tmp/v1/gson/src/main/java/com/google/gson/internal/$Gson$Types.java
[INFO] /tmp/v2/gson/src/main/java/com/google/gson/internal/$Gson$Types.java
[INFO] com.google.gson.internal.$Gson$Types:[215] are modified.
[INFO] /tmp/v1/gson/src/main/java/com/google/gson/internal/LinkedHashTreeMap.java
[INFO] /tmp/v2/gson/src/main/java/com/google/gson/internal/LinkedHashTreeMap.java
[INFO] com.google.gson.internal.LinkedHashTreeMap:[765] are modified.
[INFO] /tmp/v1/gson/src/main/java/com/google/gson/internal/LinkedTreeMap.java
[INFO] /tmp/v2/gson/src/main/java/com/google/gson/internal/LinkedTreeMap.java
[INFO] com.google.gson.internal.LinkedTreeMap:[531] are modified.
[INFO] /tmp/v1/gson/src/main/java/com/google/gson/internal/Streams.java
[INFO] /tmp/v2/gson/src/main/java/com/google/gson/internal/Streams.java
[INFO] com.google.gson.internal.Streams:[88] are modified.
[INFO] /tmp/v1/gson/src/main/java/com/google/gson/stream/JsonReader.java
[INFO] /tmp/v2/gson/src/main/java/com/google/gson/stream/JsonReader.java
[INFO] com.google.gson.stream.JsonReader:[245] are modified.
[INFO] /tmp/v1/gson/src/main/java/com/google/gson/TreeTypeAdapter.java
[INFO] /tmp/v2/gson/src/main/java/com/google/gson/TreeTypeAdapter.java
[INFO] com.google.gson.TreeTypeAdapter:[41, 115] are modified.
[INFO] /tmp/v1/gson/src/test/java/com/google/gson/DefaultDateTypeAdapterTest.java
[INFO] /tmp/v2/gson/src/test/java/com/google/gson/DefaultDateTypeAdapterTest.java
[INFO] Build modified Tests /tmp/v2/gson/src/test/java/com/google/gson/DefaultDateTypeAdapterTest.java
[INFO] Saving result in /tmp/v1/gson/testsThatExecuteTheChange.csv ...
[INFO] com.google.gson.DefaultDateTypeAdapterTest;testDatePattern;testFormatUsesDefaultTimezone;testParsingDatesFormattedWithUsLocale;testParsingDatesFormattedWithSystemLocale;testFormattingInFr;testFormattingInEnUs;testDateSerialization
com.google.gson.functional.DefaultTypeAdaptersTest;testDefaultDateSerialization;testTimestampSerialization;testDefaultDateSerializationUsingBuilder;testDefaultJavaSqlTimestampSerialization;testBadValueForBigDecimalDeserialization;testBigIntegerFieldSerialization;testDateSerializationInCollection;testNullSerialization;testDefaultDateDeserializationUsingBuilder;testBigDecimalFieldDeserialization;testDateSerializationWithPattern;testUrlNullSerialization;testBigDecimalFieldSerialization;testSqlDateSerialization;testDefaultJavaSqlTimestampDeserialization;testDateSerializationWithPatternNotOverridenByTypeAdapter;testUrlNullDeserialization;testBigIntegerFieldDeserialization;testDefaultDateDeserialization;testDateDeserializationWithPattern
com.google.gson.functional.ObjectTest;testSingletonLists;testNullArraysDeserialization;testInnerClassSerialization;testArrayOfArraysDeserialization;testNullPrimitiveFieldsDeserialization;testStringFieldWithEmptyValueSerialization;testObjectFieldNamesWithoutQuotesDeserialization;testClassWithObjectFieldSerialization;testArrayOfArraysSerialization;testClassWithNoFieldsSerialization;testClassWithTransientFieldsSerialization;testStringFieldWithNumberValueDeserialization;testBagOfPrimitiveWrappersDeserialization;testEmptyCollectionInAnObjectSerialization;testPrimitiveArrayFieldSerialization;testArrayOfObjectsAsFields;testBagOfPrimitiveWrappersSerialization;testClassWithTransientFieldsDeserialization;testPrivateNoArgConstructorDeserialization;testNullObjectFieldsDeserialization;testBagOfPrimitivesSerialization;testNestedDeserialization;testClassWithNoFieldsDeserialization;testNullFieldsSerialization;testJsonInMixedQuotesDeserialization;testArrayOfObjectsDeserialization;testInnerClassDeserialization;testClassWithTransientFieldsDeserializationTransientFieldsPassedInJsonAreIgnored;testNullFieldsDeserialization;testPrimitiveArrayInAnObjectDeserialization;testStringFieldWithEmptyValueDeserialization;testDateAsMapObjectField;testEmptyCollectionInAnObjectDeserialization;testBagOfPrimitivesDeserialization;testArrayOfObjectsSerialization;testJsonInSingleQuotesDeserialization;testNestedSerialization
com.google.gson.functional.ArrayTest;testObjectArrayWithNonPrimitivesSerialization;testSingleNullInArraySerialization;testSingleNullInArrayDeserialization
com.google.gson.functional.VersioningTest;testVersionedClassesSerialization;testVersionedClassesDeserialization;testVersionedGsonMixingSinceAndUntilDeserialization;testVersionedUntilSerialization;testVersionedGsonMixingSinceAndUntilSerialization;testVersionedUntilDeserialization;testVersionedGsonWithUnversionedClassesSerialization;testVersionedGsonWithUnversionedClassesDeserialization
com.google.gson.functional.NullObjectAndFieldTest;testExplicitSerializationOfNulls;testExplicitSerializationOfNullStringMembers;testExplicitNullSetsFieldToNullDuringDeserialization;testAbsentJsonElementsAreSetToNull;testPrintPrintingObjectWithNulls;testNullWrappedPrimitiveMemberDeserialization;testNullWrappedPrimitiveMemberSerialization;testExplicitSerializationOfNullArrayMembers;testExplicitDeserializationOfNulls;testExplicitSerializationOfNullCollectionMembers
com.google.gson.functional.InheritanceTest;testClassWithBaseFieldSerialization;testSubInterfacesOfCollectionDeserialization;testSubInterfacesOfCollectionSerialization;testSubClassDeserialization;testBaseSerializedAsBaseWhenSpecifiedWithExplicitTypeForToJsonMethod;testClassWithBaseArrayFieldSerialization;testSubClassSerialization;testBaseSerializedAsBaseWhenSpecifiedWithExplicitType;testBaseSerializedAsSubWhenSpecifiedWithExplicitTypeForToJsonMethod;testBaseSerializedAsSubForToJsonMethod;testClassWithBaseCollectionFieldSerialization;testBaseSerializedAsSubWhenSpecifiedWithExplicitType;testBaseSerializedAsSub
com.google.gson.functional.PrettyPrintingTest;testEmptyMapField;testPrettyPrintArrayOfObjects;testPrettyPrintList
com.google.gson.functional.PrimitiveTest;testMoreSpecificSerialization;testDeserializePrimitiveWrapperAsObjectField
com.google.gson.functional.JsonTreeTest;testToJsonTreeObjectType;testToJsonTree;testJsonTreeToString;testJsonTreeNull
com.google.gson.functional.JsonAdapterAnnotationOnFieldsTest;testFieldAnnotationTakesPrecedenceOverClassAnnotation;testClassAnnotationAdapterFactoryTakesPrecedenceOverDefault;testRegisteredTypeAdapterTakesPrecedenceOverClassAnnotationAdapter;testFieldAnnotationTakesPrecedenceOverRegisteredTypeAdapter;testClassAnnotationAdapterTakesPrecedenceOverDefault;testJsonAdapterInvokedOnlyForAnnotatedFields
com.google.gson.GsonBuilderTest;testTransientFieldExclusion;testExcludeFieldsWithModifiers
com.google.gson.functional.EnumTest;testClassWithEnumFieldDeserialization;testClassWithEnumFieldSerialization
com.google.gson.functional.SerializedNameTest;testMultipleNamesDeserializedCorrectly;testFirstNameIsChosenForSerialization;testMultipleNamesInTheSameString
com.google.gson.functional.UncategorizedTest;testInvalidJsonDeserializationFails;testGsonInstanceReusableForSerializationAndDeserialization;testStaticFieldsAreNotSerialized;testObjectEqualButNotSameSerialization
com.google.gson.functional.FieldExclusionTest;testDefaultNestedStaticClassIncluded;testDefaultInnerClassExclusion
com.google.gson.functional.JsonParserTest;testBadFieldTypeForCustomDeserializerCustomTree;testBadTypeForDeserializingCustomTree;testChangingCustomTreeAndDeserializing;testDeserializingCustomTree;testBadFieldTypeForDeserializingCustomTree
com.google.gson.GsonTypeAdapterTest;testDeserializerForAbstractClass
com.google.gson.functional.CollectionTest;testRawCollectionSerialization;testWildcardCollectionField;testSetDeserialization;testFieldIsArrayList;testSetSerialization;testCollectionOfBagOfPrimitivesSerialization
com.google.gson.functional.ExposeFieldsTest;testExposeAnnotationSerialization;testNullExposeFieldSerialization;testNoExposedFieldSerialization;testExposedInterfaceFieldDeserialization;testNoExposedFieldDeserialization;testArrayWithOneNullExposeFieldObjectSerialization;testExposedInterfaceFieldSerialization;testExposeAnnotationDeserialization
com.google.gson.functional.RawSerializationTest;testParameterizedObject;testCollectionOfObjects;testThreeLevelParameterizedObject;testTwoLevelParameterizedObject
com.google.gson.functional.MapAsArrayTypeAdapterTest;testMultipleEnableComplexKeyRegistrationHasNoEffect;testSerializeComplexMapWithTypeAdapter;testMapWithTypeVariableDeserialization;testMapWithTypeVariableSerialization
com.google.gson.MixedStreamTest;testWriteDoesNotMutateState;testReadMixedStreamed;testReaderDoesNotMutateState;testWriteMixedStreamed;testWriteClosed;testWriteInvalidState
com.google.gson.functional.MapTest;testInterfaceTypeMap;testInterfaceTypeMapWithSerializer;testMapSerializationWithNullValues;testGeneralMapField;testMapSerializationWithNullValuesSerialized;testComplexKeysDeserialization;testComplexKeysSerialization
com.google.gson.functional.CustomDeserializerTest;testJsonTypeFieldBasedDeserialization;testDefaultConstructorNotCalledOnField;testDefaultConstructorNotCalledOnObject;testCustomDeserializerReturnsNull;testCustomDeserializerReturnsNullForArrayElementsForArrayField
com.google.gson.functional.ExclusionStrategyFunctionalTest;testExclusionStrategyWithMode;testExclusionStrategySerialization;testExcludeTopLevelClassSerializationDoesNotImpactDeserialization;testExclusionStrategySerializationDoesNotImpactDeserialization;testExclusionStrategySerializationDoesNotImpactSerialization;testExclusionStrategyDeserialization;testExcludeTopLevelClassDeserializationDoesNotImpactSerialization
com.google.gson.functional.ConcurrencyTest;testSingleThreadSerialization;testMultiThreadSerialization;testSingleThreadDeserialization;testMultiThreadDeserialization
com.google.gson.functional.SecurityTest;testNonExecutableJsonDeserialization;testJsonWithNonExectuableTokenWithRegularGsonDeserialization;testNonExecutableJsonSerialization;testJsonWithNonExectuableTokenWithConfiguredGsonDeserialization
com.google.gson.functional.CustomTypeAdaptersTest;testCustomTypeAdapterDoesNotAppliesToSubClasses;testCustomNestedSerializers;testCustomNestedDeserializers;testEnsureCustomSerializerNotInvokedForNullValues;testEnsureCustomDeserializerNotInvokedForNullValues
com.google.gson.functional.ReadersWritersTest;testWriterForSerialization;testReadWriteTwoObjects;testReaderForDeserialization
com.google.gson.functional.StreamingTypeAdaptersTest;testNullSafe;testSerializeWithCustomTypeAdapter;testSerializeRecursive;testDeserializeWithCustomTypeAdapter
com.google.gson.functional.TypeVariableTest;testBasicTypeVariables;testAdvancedTypeVariables;testTypeVariablesViaTypeParameter
com.google.gson.functional.MoreSpecificTypeSerializationTest;testMapOfSubclassFields;testListOfSubclassFields;testListOfParameterizedSubclassFields;testSubclassFields;testMapOfParameterizedSubclassFields;testParameterizedSubclassFields
com.google.gson.functional.NamingPolicyTest;testGsonWithNonDefaultFieldNamingPolicyDeserialiation;testGsonWithLowerCaseUnderscorePolicySerialization;testGsonWithLowerCaseDashPolicyDeserialiation;testComplexFieldNameStrategy;testGsonWithSerializedNameFieldNamingPolicySerialization;testGsonWithUpperCamelCaseSpacesPolicySerialiation;testGsonWithNonDefaultFieldNamingPolicySerialization;testGsonDuplicateNameUsingSerializedNameFieldNamingPolicySerialization;testGsonWithLowerCaseDashPolicySerialization;testGsonWithLowerCaseUnderscorePolicyDeserialiation;testDeprecatedNamingStrategy;testAtSignInSerializedName;testGsonWithSerializedNameFieldNamingPolicyDeserialization;testGsonWithUpperCamelCaseSpacesPolicyDeserialiation
com.google.gson.functional.JsonAdapterAnnotationOnClassesTest;testSuperclassTypeAdapterNotInvoked
com.google.gson.functional.ParameterizedTypesTest;testVariableTypeFieldsAndGenericArraysSerialization;testParameterizedTypeWithReaderDeserialization;testTypesWithMultipleParametersSerialization;testParameterizedTypeGenericArraysSerialization;testParameterizedTypeWithVariableTypeDeserialization;testVariableTypeArrayDeserialization;testParameterizedTypeDeserialization;testParameterizedTypeGenericArraysDeserialization;testVariableTypeFieldsAndGenericArraysDeserialization;testVariableTypeDeserialization;testDeepParameterizedTypeDeserialization;testParameterizedTypesWithWriterSerialization;testDeepParameterizedTypeSerialization;testParameterizedTypesSerialization;testTypesWithMultipleParametersDeserialization
com.google.gson.functional.ThrowableFunctionalTest;testExceptionWithCause;testSerializedNameOnExceptionFields;testErrornWithCause;testErrorWithoutCause;testExceptionWithoutCause
com.google.gson.functional.InterfaceTest;testSerializingInterfaceObjectField;testSerializingObjectImplementingInterface
com.google.gson.functional.EscapingTest;testGsonDoubleDeserialization;testGsonAcceptsEscapedAndNonEscapedJsonDeserialization;testEscapingObjectFields
com.google.gson.functional.CustomSerializerTest;testSubClassSerializerInvokedForBaseClassFieldsHoldingSubClassInstances;testBaseClassSerializerInvokedForBaseClassFieldsHoldingSubClassInstances;testBaseClassSerializerInvokedForBaseClassFields;testSubClassSerializerInvokedForBaseClassFieldsHoldingArrayOfSubClassInstances
com.google.gson.functional.JavaUtilConcurrentAtomicTest;testAtomicLongWithStringSerializationPolicy
com.google.gson.functional.InstanceCreatorTest;testInstanceCreatorReturnsBaseType;testInstanceCreatorReturnsSubTypeForTopLevelObject;testInstanceCreatorReturnsSubTypeForField
com.google.gson.ObjectTypeAdapterTest;testSerialize
com.google.gson.functional.JavaUtilTest;testCurrency
com.google.gson.functional.TypeHierarchyAdapterTest;testTypeHierarchy
com.google.gson.functional.DelegateTypeAdapterTest;testDelegateInvoked
com.google.gson.functional.RuntimeTypeAdapterFactoryFunctionalTest;testSubclassesAutomaticallySerialzed
com.google.gson.functional.CircularReferenceTest;testSelfReferenceArrayFieldSerialization;testDirectedAcyclicGraphDeserialization;testCircularSerialization;testDirectedAcyclicGraphSerialization;testSelfReferenceIgnoredInSerialization
com.google.gson.JsonParserTest;testReadWriteTwoObjects
com.google.gson.functional.FieldNamingTest;testLowerCaseWithDashes;testUpperCamelCaseWithSpaces;testUpperCamelCase;testIdentity;testLowerCaseWithUnderscores
com.google.gson.functional.TreeTypeAdaptersTest;testDeserializeId;testSerializeId
com.google.gson.functional.PrintFormattingTest;testCompactFormattingLeavesNoWhiteSpace
[INFO] Writing Coverage in /tmp/v1/gson/testsThatExecuteTheChange_coverage.csv
[INFO] com.google.gson.DefaultDateTypeAdapter;4;5

[INFO] com.google.gson.internal.bind.DateTypeAdapter;5;6

[INFO] com.google.gson.internal.bind.ReflectiveTypeAdapterFactory;2;2

[INFO] total;11;13

[INFO] 
[INFO] ------------------< com.google.code.gson:gson-parent >------------------
[INFO] Building Gson Parent 2.6-SNAPSHOT                                  [2/2]
[INFO] --------------------------------[ pom ]---------------------------------
[INFO] 
[INFO] --- maven-clean-plugin:2.5:clean (default-clean) @ gson-parent ---
[INFO] 
[INFO] --- dspot-diff-test-selection:3.1.1-SNAPSHOT:list (default-cli) @ gson-parent ---
[INFO] ------------------------------------------------------------------------
[INFO] Reactor Summary for Gson Parent 2.6-SNAPSHOT:
[INFO] 
[INFO] Gson ............................................... SUCCESS [ 32.608 s]
[INFO] Gson Parent ........................................ SUCCESS [  0.003 s]
[INFO] ------------------------------------------------------------------------
[INFO] BUILD SUCCESS
[INFO] ------------------------------------------------------------------------
[INFO] Total time:  32.801 s
[INFO] Finished at: 2020-12-31T18:38:12+01:00
[INFO] ------------------------------------------------------------------------
