[INFO] Scanning for projects...
[WARNING] 
[WARNING] Some problems were encountered while building the effective model for com.google.code.gson:gson:jar:1.2.2
[WARNING] 'build.plugins.plugin.version' for org.apache.maven.plugins:maven-compiler-plugin is missing. @ line 53, column 15
[WARNING] 'build.plugins.plugin.version' for org.codehaus.mojo:cobertura-maven-plugin is missing. @ line 182, column 15
[WARNING] 'build.plugins.plugin.version' for org.apache.maven.plugins:maven-jar-plugin is missing. @ line 61, column 16
[WARNING] 'build.plugins.plugin.version' for org.apache.maven.plugins:maven-jxr-plugin is missing. @ line 145, column 15
[WARNING] 'build.plugins.plugin.version' for org.apache.maven.plugins:maven-pmd-plugin is missing. @ line 149, column 15
[WARNING] 'build.plugins.plugin.version' for org.codehaus.mojo:taglist-maven-plugin is missing. @ line 170, column 15
[WARNING] 'build.plugins.plugin.version' for org.apache.maven.plugins:maven-checkstyle-plugin is missing. @ line 162, column 15
[WARNING] 'build.plugins.plugin.version' for org.apache.maven.plugins:maven-source-plugin is missing. @ line 73, column 16
[WARNING] 'build.plugins.plugin.version' for org.apache.maven.plugins:maven-javadoc-plugin is missing. @ line 87, column 16
[WARNING] 'build.plugins.plugin.version' for org.apache.maven.plugins:maven-eclipse-plugin is missing. @ line 107, column 16
[WARNING] The expression ${version} is deprecated. Please use ${project.version} instead.
[WARNING] 
[WARNING] It is highly recommended to fix these problems because they threaten the stability of your build.
[WARNING] 
[WARNING] For this reason, future Maven versions might no longer support building such malformed projects.
[WARNING] 
[INFO] 
[INFO] ---------------------< com.google.code.gson:gson >----------------------
[INFO] Building Gson 1.2.2
[INFO] --------------------------------[ jar ]---------------------------------
[INFO] 
[INFO] --- maven-clean-plugin:2.5:clean (default-clean) @ gson ---
[INFO] Deleting /tmp/v1/gson/target
[INFO] 
[INFO] --- cobertura-maven-plugin:2.7:clean (clean) @ gson ---
[INFO] 
[INFO] --- dspot-diff-test-selection:3.1.1-SNAPSHOT:list (default-cli) @ gson ---
[INFO] Running on:
[INFO] /tmp/v1/gson
[INFO] /tmp/v2/gson/
[WARNING] No path to diff file has been specified.
[WARNING] I'll compute a diff file using the UNIX diff command
[WARNING] You may encounter troubles.
[WARNING] If so, please specify a path to a correct diff file
[WARNING] or implement a new way to compute a diff file.
[INFO] Computing the diff with diff commnd line
[INFO] The diff will be computed between:
[INFO] /tmp/v1/gson/src and 
[INFO] /tmp/v2/gson/src
[INFO] Executing: diff -ru /tmp/v1/gson/src /tmp/v2/gson/src from /tmp/v1/gson/src
[INFO] Running in enhanced mode...
[INFO] Computing coverage for /tmp/v1/gson
[WARN] Maven will be executed in interactive mode, but no input stream has been configured for this MavenInvoker instance.
[[1;34mINFO[m] Scanning for projects...
[[1;33mWARNING[m] 
[[1;33mWARNING[m] Some problems were encountered while building the effective model for com.google.code.gson:gson:jar:1.2.2
[[1;33mWARNING[m] 'build.plugins.plugin.version' for org.apache.maven.plugins:maven-compiler-plugin is missing. @ line 53, column 15
[[1;33mWARNING[m] 'build.plugins.plugin.version' for org.codehaus.mojo:cobertura-maven-plugin is missing. @ line 182, column 15
[[1;33mWARNING[m] 'build.plugins.plugin.version' for org.apache.maven.plugins:maven-jar-plugin is missing. @ line 61, column 16
[[1;33mWARNING[m] 'build.plugins.plugin.version' for org.apache.maven.plugins:maven-jxr-plugin is missing. @ line 145, column 15
[[1;33mWARNING[m] 'build.plugins.plugin.version' for org.apache.maven.plugins:maven-pmd-plugin is missing. @ line 149, column 15
[[1;33mWARNING[m] 'build.plugins.plugin.version' for org.codehaus.mojo:taglist-maven-plugin is missing. @ line 170, column 15
[[1;33mWARNING[m] 'build.plugins.plugin.version' for org.apache.maven.plugins:maven-checkstyle-plugin is missing. @ line 162, column 15
[[1;33mWARNING[m] 'build.plugins.plugin.version' for org.apache.maven.plugins:maven-source-plugin is missing. @ line 73, column 16
[[1;33mWARNING[m] 'build.plugins.plugin.version' for org.apache.maven.plugins:maven-javadoc-plugin is missing. @ line 87, column 16
[[1;33mWARNING[m] 'build.plugins.plugin.version' for org.apache.maven.plugins:maven-eclipse-plugin is missing. @ line 107, column 16
[[1;33mWARNING[m] The expression ${version} is deprecated. Please use ${project.version} instead.
[[1;33mWARNING[m] 
[[1;33mWARNING[m] It is highly recommended to fix these problems because they threaten the stability of your build.
[[1;33mWARNING[m] 
[[1;33mWARNING[m] For this reason, future Maven versions might no longer support building such malformed projects.
[[1;33mWARNING[m] 
[[1;34mINFO[m] 
[[1;34mINFO[m] [1m---------------------< [0;36mcom.google.code.gson:gson[0;1m >----------------------[m
[[1;34mINFO[m] [1mBuilding Gson 1.2.2[m
[[1;34mINFO[m] [1m--------------------------------[ jar ]---------------------------------[m
[[1;34mINFO[m] 
[[1;34mINFO[m] [1m--- [0;32mmaven-clean-plugin:2.5:clean[m [1m(default-clean)[m @ [36mgson[0;1m ---[m
[[1;34mINFO[m] 
[[1;34mINFO[m] [1m--- [0;32mcobertura-maven-plugin:2.7:clean[m [1m(clean)[m @ [36mgson[0;1m ---[m
[[1;34mINFO[m] Skipping cobertura execution
[[1;34mINFO[m] 
[[1;34mINFO[m] [1m--- [0;32mclover-maven-plugin:4.4.1:setup[m [1m(default-cli)[m @ [36mgson[0;1m ---[m
[[1;34mINFO[m] OpenClover Version 4.4.1, built on October 11 2019 (build-1020)
[[1;34mINFO[m] Creating new database at '/tmp/v1/gson/target/clover/clover.db'.
[[1;34mINFO[m] Processing files at 1.8 source level.
[[1;34mINFO[m] Clover all over. Instrumented 84 files (3 packages).
[[1;34mINFO[m] OpenClover Version 4.4.1, built on October 11 2019 (build-1020)
[[1;34mINFO[m] Updating existing database at '/tmp/v1/gson/target/clover/clover.db'.
[[1;34mINFO[m] Processing files at 1.8 source level.
[[1;34mINFO[m] Clover all over. Instrumented 55 files (4 packages).
[[1;34mINFO[m] 369 test methods detected.
[[1;34mINFO[m] 
[[1;34mINFO[m] [1m--- [0;32mmaven-resources-plugin:2.6:resources[m [1m(default-resources)[m @ [36mgson[0;1m ---[m
[[1;33mWARNING[m] Using platform encoding (UTF-8 actually) to copy filtered resources, i.e. build is platform dependent!
[[1;34mINFO[m] Copying 1 resource
[[1;34mINFO[m] Copying 1 resource
[[1;34mINFO[m] 
[[1;34mINFO[m] [1m--- [0;32mmaven-compiler-plugin:3.1:compile[m [1m(default-compile)[m @ [36mgson[0;1m ---[m
[[1;34mINFO[m] Changes detected - recompiling the module!
[[1;33mWARNING[m] File encoding has not been set, using platform encoding UTF-8, i.e. build is platform dependent!
[[1;34mINFO[m] Compiling 84 source files to /tmp/v1/gson/target/classes
[[1;33mWARNING[m] /tmp/v1/gson/target/clover/src-instrumented/com/google/gson/JsonParser.java: /tmp/v1/gson/target/clover/src-instrumented/com/google/gson/JsonParser.java uses unchecked or unsafe operations.
[[1;33mWARNING[m] /tmp/v1/gson/target/clover/src-instrumented/com/google/gson/JsonParser.java: Recompile with -Xlint:unchecked for details.
[[1;34mINFO[m] 
[[1;34mINFO[m] [1m--- [0;32mmaven-resources-plugin:2.6:testResources[m [1m(default-testResources)[m @ [36mgson[0;1m ---[m
[[1;33mWARNING[m] Using platform encoding (UTF-8 actually) to copy filtered resources, i.e. build is platform dependent!
[[1;34mINFO[m] skip non existing resourceDirectory /tmp/v1/gson/src/test/resources
[[1;34mINFO[m] 
[[1;34mINFO[m] [1m--- [0;32mmaven-compiler-plugin:3.1:testCompile[m [1m(default-testCompile)[m @ [36mgson[0;1m ---[m
[[1;34mINFO[m] Changes detected - recompiling the module!
[[1;33mWARNING[m] File encoding has not been set, using platform encoding UTF-8, i.e. build is platform dependent!
[[1;34mINFO[m] Compiling 55 source files to /tmp/v1/gson/target/test-classes
[[1;33mWARNING[m] /tmp/v1/gson/target/clover/src-test-instrumented/com/google/gson/functional/DefaultTypeAdaptersTest.java: /tmp/v1/gson/target/clover/src-test-instrumented/com/google/gson/functional/DefaultTypeAdaptersTest.java uses or overrides a deprecated API.
[[1;33mWARNING[m] /tmp/v1/gson/target/clover/src-test-instrumented/com/google/gson/functional/DefaultTypeAdaptersTest.java: Recompile with -Xlint:deprecation for details.
[[1;33mWARNING[m] /tmp/v1/gson/target/clover/src-test-instrumented/com/google/gson/functional/ArrayTest.java: Some input files use unchecked or unsafe operations.
[[1;33mWARNING[m] /tmp/v1/gson/target/clover/src-test-instrumented/com/google/gson/functional/ArrayTest.java: Recompile with -Xlint:unchecked for details.
[[1;34mINFO[m] 
[[1;34mINFO[m] [1m--- [0;32mmaven-surefire-plugin:2.12.4:test[m [1m(default-test)[m @ [36mgson[0;1m ---[m
[[1;34mINFO[m] Surefire report directory: /tmp/v1/gson/target/surefire-reports

-------------------------------------------------------
 T E S T S
-------------------------------------------------------
Running com.google.gson.CamelCaseSeparatorNamingPolicyTest
Tests run: 5, Failures: 0, Errors: 0, Skipped: 0, Time elapsed: 0.036 sec
Running com.google.gson.FunctionalWithInternalDependenciesTest
Tests run: 7, Failures: 0, Errors: 0, Skipped: 0, Time elapsed: 0.076 sec
Running com.google.gson.DefaultDateTypeAdapterTest
Tests run: 3, Failures: 0, Errors: 0, Skipped: 0, Time elapsed: 0.001 sec
Running com.google.gson.GenericArrayTypeImplTest
Tests run: 2, Failures: 0, Errors: 0, Skipped: 0, Time elapsed: 0.001 sec
Running com.google.gson.GsonTypeAdapterTest
Tests run: 4, Failures: 0, Errors: 0, Skipped: 0, Time elapsed: 0.018 sec
Running com.google.gson.JsonFieldNameValidatorTest
Tests run: 10, Failures: 0, Errors: 0, Skipped: 0, Time elapsed: 0.007 sec
Running com.google.gson.JavaFieldNamingPolicyTest
Tests run: 2, Failures: 0, Errors: 0, Skipped: 0, Time elapsed: 0.001 sec
Running com.google.gson.common.TestTypes
Tests run: 0, Failures: 0, Errors: 0, Skipped: 0, Time elapsed: 0 sec
Running com.google.gson.GsonBuilderTest
Tests run: 1, Failures: 0, Errors: 0, Skipped: 0, Time elapsed: 0 sec
Running com.google.gson.JsonDeserializerExceptionWrapperTest
Tests run: 3, Failures: 0, Errors: 0, Skipped: 0, Time elapsed: 0.004 sec
Running com.google.gson.LowerCamelCaseSeparatorNamingPolicyTest
Tests run: 3, Failures: 0, Errors: 0, Skipped: 0, Time elapsed: 0.003 sec
Running com.google.gson.DisjunctionExclusionStrategyTest
Tests run: 3, Failures: 0, Errors: 0, Skipped: 0, Time elapsed: 0.003 sec
Running com.google.gson.ModifyFirstLetterNamingPolicyTest
Tests run: 8, Failures: 0, Errors: 0, Skipped: 0, Time elapsed: 0.005 sec
Running com.google.gson.NullExclusionStrategyTest
Tests run: 2, Failures: 0, Errors: 0, Skipped: 0, Time elapsed: 0.002 sec
Running com.google.gson.JsonSerializerExceptionWrapperTest
Tests run: 3, Failures: 0, Errors: 0, Skipped: 0, Time elapsed: 0.003 sec
Running com.google.gson.TypeInfoMapTest
Tests run: 4, Failures: 0, Errors: 0, Skipped: 0, Time elapsed: 0.005 sec
Running com.google.gson.LowerCaseNamingPolicyTest
Tests run: 3, Failures: 0, Errors: 0, Skipped: 0, Time elapsed: 0.006 sec
Running com.google.gson.TypeInfoFactoryTest
Tests run: 17, Failures: 0, Errors: 0, Skipped: 0, Time elapsed: 0.016 sec
Running com.google.gson.MemoryRefStackTest
Tests run: 4, Failures: 0, Errors: 0, Skipped: 0, Time elapsed: 0.003 sec
Running com.google.gson.PrimitiveTypeAdapterTest
Tests run: 4, Failures: 0, Errors: 0, Skipped: 0, Time elapsed: 0.005 sec
Running com.google.gson.metrics.PerformanceTest
Tests run: 1, Failures: 0, Errors: 0, Skipped: 0, Time elapsed: 0.001 sec
Running com.google.gson.ParameterizedTypeImplTest
Tests run: 2, Failures: 0, Errors: 0, Skipped: 0, Time elapsed: 0.002 sec
Running com.google.gson.ParameterizedTypeHandlerMapTest
Jan 11, 2021 3:37:09 AM com.google.gson.ParameterizedTypeHandlerMap register
WARNING: Overriding the existing type handler for class java.lang.String
Tests run: 5, Failures: 0, Errors: 0, Skipped: 0, Time elapsed: 0.007 sec
Running com.google.gson.EscaperTest
Tests run: 12, Failures: 0, Errors: 0, Skipped: 0, Time elapsed: 0.006 sec
Running com.google.gson.DefaultMapJsonSerializerTest
Tests run: 2, Failures: 0, Errors: 0, Skipped: 0, Time elapsed: 0.001 sec
Running com.google.gson.VersionExclusionStrategyTest
Tests run: 4, Failures: 0, Errors: 0, Skipped: 0, Time elapsed: 0.007 sec
Running com.google.gson.JsonEscapingVisitorTest
Tests run: 9, Failures: 0, Errors: 0, Skipped: 0, Time elapsed: 0.006 sec
Running com.google.gson.UpperCaseNamingPolicyTest
Tests run: 3, Failures: 0, Errors: 0, Skipped: 0, Time elapsed: 0.002 sec
Running com.google.gson.functional.InternationalizationTest
Tests run: 4, Failures: 0, Errors: 0, Skipped: 0, Time elapsed: 0.003 sec
Running com.google.gson.functional.ObjectTest
Tests run: 45, Failures: 0, Errors: 0, Skipped: 0, Time elapsed: 0.06 sec
Running com.google.gson.functional.ExposeFieldsTest
Tests run: 6, Failures: 0, Errors: 0, Skipped: 0, Time elapsed: 0.005 sec
Running com.google.gson.functional.ParameterizedTypesTest
Tests run: 14, Failures: 0, Errors: 0, Skipped: 0, Time elapsed: 0.027 sec
Running com.google.gson.functional.CustomTypeAdaptersTest
Tests run: 6, Failures: 0, Errors: 0, Skipped: 0, Time elapsed: 0.007 sec
Running com.google.gson.functional.ReadersWritersTest
Tests run: 6, Failures: 0, Errors: 0, Skipped: 0, Time elapsed: 0.005 sec
Running com.google.gson.functional.DefaultTypeAdaptersTest
Tests run: 25, Failures: 0, Errors: 0, Skipped: 0, Time elapsed: 0.026 sec
Running com.google.gson.functional.NullObjectAndFieldTest
Tests run: 8, Failures: 0, Errors: 0, Skipped: 0, Time elapsed: 0.006 sec
Running com.google.gson.functional.VersioningTest
Tests run: 6, Failures: 0, Errors: 0, Skipped: 0, Time elapsed: 0.006 sec
Running com.google.gson.functional.EscapingTest
Tests run: 2, Failures: 0, Errors: 0, Skipped: 0, Time elapsed: 0.002 sec
Running com.google.gson.functional.CollectionTest
Tests run: 14, Failures: 0, Errors: 0, Skipped: 0, Time elapsed: 0.014 sec
Running com.google.gson.functional.ArrayTest
Tests run: 11, Failures: 0, Errors: 0, Skipped: 0, Time elapsed: 0.007 sec
Running com.google.gson.functional.PrintFormattingTest
Tests run: 1, Failures: 0, Errors: 0, Skipped: 0, Time elapsed: 0.001 sec
Running com.google.gson.functional.StringTest
Tests run: 14, Failures: 0, Errors: 0, Skipped: 0, Time elapsed: 0.01 sec
Running com.google.gson.functional.UncategorizedTest
Tests run: 4, Failures: 0, Errors: 0, Skipped: 0, Time elapsed: 0.005 sec
Running com.google.gson.functional.NamingPolicyTest
Tests run: 4, Failures: 0, Errors: 0, Skipped: 0, Time elapsed: 0.004 sec
Running com.google.gson.functional.ConcurrencyTest
Tests run: 2, Failures: 1, Errors: 0, Skipped: 0, Time elapsed: 0.014 sec <<< FAILURE!
testMultiThread(com.google.gson.functional.ConcurrencyTest)  Time elapsed: 0.013 sec  <<< FAILURE!
junit.framework.AssertionFailedError
	at junit.framework.Assert.fail(Assert.java:47)
	at junit.framework.Assert.assertTrue(Assert.java:20)
	at junit.framework.Assert.assertFalse(Assert.java:34)
	at junit.framework.Assert.assertFalse(Assert.java:41)
	at com.google.gson.functional.ConcurrencyTest.__CLR4_4_1stwt2g4jn(ConcurrencyTest.java:81)
	at com.google.gson.functional.ConcurrencyTest.testMultiThread(ConcurrencyTest.java:57)

Running com.google.gson.functional.PrimitiveTest
Tests run: 31, Failures: 0, Errors: 0, Skipped: 0, Time elapsed: 0.022 sec
Running com.google.gson.TypeInfoArrayTest
Tests run: 10, Failures: 0, Errors: 0, Skipped: 0, Time elapsed: 0.008 sec
Running com.google.gson.ExposeAnnotationBasedExclusionStrategyTest
Tests run: 3, Failures: 0, Errors: 0, Skipped: 0, Time elapsed: 0.002 sec
Running com.google.gson.TypeInfoTest
Tests run: 9, Failures: 0, Errors: 0, Skipped: 0, Time elapsed: 0.005 sec
Running com.google.gson.SerializedNameAnnotationInterceptingNamingPolicyTest
Tests run: 2, Failures: 0, Errors: 0, Skipped: 0, Time elapsed: 0.001 sec
Running com.google.gson.TypeUtilsTest
Tests run: 5, Failures: 0, Errors: 0, Skipped: 0, Time elapsed: 0.003 sec
Running com.google.gson.StringUnmarshallerTest
Tests run: 11, Failures: 0, Errors: 0, Skipped: 0, Time elapsed: 0.005 sec

Results :

Failed tests:   testMultiThread(com.google.gson.functional.ConcurrencyTest)

Tests run: 369, Failures: 1, Errors: 0, Skipped: 0

[[1;34mINFO[m] [1m------------------------------------------------------------------------[m
[[1;34mINFO[m] [1;31mBUILD FAILURE[m
[[1;34mINFO[m] [1m------------------------------------------------------------------------[m
[[1;34mINFO[m] Total time:  5.913 s
[[1;34mINFO[m] Finished at: 2021-01-11T03:37:09+01:00
[[1;34mINFO[m] [1m------------------------------------------------------------------------[m
[[1;31mERROR[m] Failed to execute goal [32morg.apache.maven.plugins:maven-surefire-plugin:2.12.4:test[m [1m(default-test)[m on project [36mgson[m: [1;31mThere are test failures.[m
[[1;31mERROR[m] [1;31m[m
[[1;31mERROR[m] [1;31mPlease refer to /tmp/v1/gson/target/surefire-reports for the individual test results.[m
[[1;31mERROR[m] -> [1m[Help 1][m
[[1;31mERROR[m] 
[[1;31mERROR[m] To see the full stack trace of the errors, re-run Maven with the [1m-e[m switch.
[[1;31mERROR[m] Re-run Maven using the [1m-X[m switch to enable full debug logging.
[[1;31mERROR[m] 
[[1;31mERROR[m] For more information about the errors and possible solutions, please read the following articles:
[[1;31mERROR[m] [1m[Help 1][m http://cwiki.apache.org/confluence/display/MAVEN/MojoFailureException
Writing HTML report to '/tmp/v1/gson/target/clover/report'
Done. Processed 6 packages in 2019ms (336ms per package).
[INFO] Computing coverage for /tmp/v2/gson/
[WARN] Maven will be executed in interactive mode, but no input stream has been configured for this MavenInvoker instance.
[[1;34mINFO[m] Scanning for projects...
[[1;33mWARNING[m] 
[[1;33mWARNING[m] Some problems were encountered while building the effective model for com.google.code.gson:gson:jar:1.2.2
[[1;33mWARNING[m] 'build.plugins.plugin.version' for org.apache.maven.plugins:maven-compiler-plugin is missing. @ line 53, column 15
[[1;33mWARNING[m] 'build.plugins.plugin.version' for org.codehaus.mojo:cobertura-maven-plugin is missing. @ line 182, column 15
[[1;33mWARNING[m] 'build.plugins.plugin.version' for org.apache.maven.plugins:maven-jar-plugin is missing. @ line 61, column 16
[[1;33mWARNING[m] 'build.plugins.plugin.version' for org.apache.maven.plugins:maven-jxr-plugin is missing. @ line 145, column 15
[[1;33mWARNING[m] 'build.plugins.plugin.version' for org.apache.maven.plugins:maven-pmd-plugin is missing. @ line 149, column 15
[[1;33mWARNING[m] 'build.plugins.plugin.version' for org.codehaus.mojo:taglist-maven-plugin is missing. @ line 170, column 15
[[1;33mWARNING[m] 'build.plugins.plugin.version' for org.apache.maven.plugins:maven-checkstyle-plugin is missing. @ line 162, column 15
[[1;33mWARNING[m] 'build.plugins.plugin.version' for org.apache.maven.plugins:maven-source-plugin is missing. @ line 73, column 16
[[1;33mWARNING[m] 'build.plugins.plugin.version' for org.apache.maven.plugins:maven-javadoc-plugin is missing. @ line 87, column 16
[[1;33mWARNING[m] 'build.plugins.plugin.version' for org.apache.maven.plugins:maven-eclipse-plugin is missing. @ line 107, column 16
[[1;33mWARNING[m] The expression ${version} is deprecated. Please use ${project.version} instead.
[[1;33mWARNING[m] 
[[1;33mWARNING[m] It is highly recommended to fix these problems because they threaten the stability of your build.
[[1;33mWARNING[m] 
[[1;33mWARNING[m] For this reason, future Maven versions might no longer support building such malformed projects.
[[1;33mWARNING[m] 
[[1;34mINFO[m] 
[[1;34mINFO[m] [1m---------------------< [0;36mcom.google.code.gson:gson[0;1m >----------------------[m
[[1;34mINFO[m] [1mBuilding Gson 1.2.2[m
[[1;34mINFO[m] [1m--------------------------------[ jar ]---------------------------------[m
[[1;34mINFO[m] 
[[1;34mINFO[m] [1m--- [0;32mmaven-clean-plugin:2.5:clean[m [1m(default-clean)[m @ [36mgson[0;1m ---[m
[[1;34mINFO[m] Deleting /tmp/v2/gson/target
[[1;34mINFO[m] 
[[1;34mINFO[m] [1m--- [0;32mcobertura-maven-plugin:2.7:clean[m [1m(clean)[m @ [36mgson[0;1m ---[m
[[1;34mINFO[m] Skipping cobertura execution
[[1;34mINFO[m] 
[[1;34mINFO[m] [1m--- [0;32mclover-maven-plugin:4.4.1:setup[m [1m(default-cli)[m @ [36mgson[0;1m ---[m
[[1;34mINFO[m] OpenClover Version 4.4.1, built on October 11 2019 (build-1020)
[[1;34mINFO[m] Creating new database at '/tmp/v2/gson/target/clover/clover.db'.
[[1;34mINFO[m] Processing files at 1.8 source level.
[[1;34mINFO[m] Clover all over. Instrumented 84 files (3 packages).
[[1;34mINFO[m] OpenClover Version 4.4.1, built on October 11 2019 (build-1020)
[[1;34mINFO[m] Updating existing database at '/tmp/v2/gson/target/clover/clover.db'.
[[1;34mINFO[m] Processing files at 1.8 source level.
[[1;34mINFO[m] Clover all over. Instrumented 55 files (4 packages).
[[1;34mINFO[m] 371 test methods detected.
[[1;34mINFO[m] 
[[1;34mINFO[m] [1m--- [0;32mmaven-resources-plugin:2.6:resources[m [1m(default-resources)[m @ [36mgson[0;1m ---[m
[[1;33mWARNING[m] Using platform encoding (UTF-8 actually) to copy filtered resources, i.e. build is platform dependent!
[[1;34mINFO[m] Copying 1 resource
[[1;34mINFO[m] Copying 1 resource
[[1;34mINFO[m] 
[[1;34mINFO[m] [1m--- [0;32mmaven-compiler-plugin:3.1:compile[m [1m(default-compile)[m @ [36mgson[0;1m ---[m
[[1;34mINFO[m] Changes detected - recompiling the module!
[[1;33mWARNING[m] File encoding has not been set, using platform encoding UTF-8, i.e. build is platform dependent!
[[1;34mINFO[m] Compiling 84 source files to /tmp/v2/gson/target/classes
[[1;33mWARNING[m] /tmp/v2/gson/target/clover/src-instrumented/com/google/gson/JsonParser.java: /tmp/v2/gson/target/clover/src-instrumented/com/google/gson/JsonParser.java uses unchecked or unsafe operations.
[[1;33mWARNING[m] /tmp/v2/gson/target/clover/src-instrumented/com/google/gson/JsonParser.java: Recompile with -Xlint:unchecked for details.
[[1;34mINFO[m] 
[[1;34mINFO[m] [1m--- [0;32mmaven-resources-plugin:2.6:testResources[m [1m(default-testResources)[m @ [36mgson[0;1m ---[m
[[1;33mWARNING[m] Using platform encoding (UTF-8 actually) to copy filtered resources, i.e. build is platform dependent!
[[1;34mINFO[m] skip non existing resourceDirectory /tmp/v2/gson/src/test/resources
[[1;34mINFO[m] 
[[1;34mINFO[m] [1m--- [0;32mmaven-compiler-plugin:3.1:testCompile[m [1m(default-testCompile)[m @ [36mgson[0;1m ---[m
[[1;34mINFO[m] Changes detected - recompiling the module!
[[1;33mWARNING[m] File encoding has not been set, using platform encoding UTF-8, i.e. build is platform dependent!
[[1;34mINFO[m] Compiling 55 source files to /tmp/v2/gson/target/test-classes
[[1;33mWARNING[m] /tmp/v2/gson/target/clover/src-test-instrumented/com/google/gson/functional/DefaultTypeAdaptersTest.java: /tmp/v2/gson/target/clover/src-test-instrumented/com/google/gson/functional/DefaultTypeAdaptersTest.java uses or overrides a deprecated API.
[[1;33mWARNING[m] /tmp/v2/gson/target/clover/src-test-instrumented/com/google/gson/functional/DefaultTypeAdaptersTest.java: Recompile with -Xlint:deprecation for details.
[[1;33mWARNING[m] /tmp/v2/gson/target/clover/src-test-instrumented/com/google/gson/functional/ParameterizedTypesTest.java: Some input files use unchecked or unsafe operations.
[[1;33mWARNING[m] /tmp/v2/gson/target/clover/src-test-instrumented/com/google/gson/functional/ParameterizedTypesTest.java: Recompile with -Xlint:unchecked for details.
[[1;34mINFO[m] 
[[1;34mINFO[m] [1m--- [0;32mmaven-surefire-plugin:2.12.4:test[m [1m(default-test)[m @ [36mgson[0;1m ---[m
[[1;34mINFO[m] Surefire report directory: /tmp/v2/gson/target/surefire-reports

-------------------------------------------------------
 T E S T S
-------------------------------------------------------
Running com.google.gson.CamelCaseSeparatorNamingPolicyTest
Tests run: 5, Failures: 0, Errors: 0, Skipped: 0, Time elapsed: 0.043 sec
Running com.google.gson.FunctionalWithInternalDependenciesTest
Tests run: 7, Failures: 0, Errors: 0, Skipped: 0, Time elapsed: 0.077 sec
Running com.google.gson.DefaultDateTypeAdapterTest
Tests run: 3, Failures: 0, Errors: 0, Skipped: 0, Time elapsed: 0.002 sec
Running com.google.gson.GenericArrayTypeImplTest
Tests run: 2, Failures: 0, Errors: 0, Skipped: 0, Time elapsed: 0.001 sec
Running com.google.gson.GsonTypeAdapterTest
Tests run: 4, Failures: 0, Errors: 0, Skipped: 0, Time elapsed: 0.018 sec
Running com.google.gson.JsonFieldNameValidatorTest
Tests run: 10, Failures: 0, Errors: 0, Skipped: 0, Time elapsed: 0.007 sec
Running com.google.gson.JavaFieldNamingPolicyTest
Tests run: 2, Failures: 0, Errors: 0, Skipped: 0, Time elapsed: 0.002 sec
Running com.google.gson.common.TestTypes
Tests run: 0, Failures: 0, Errors: 0, Skipped: 0, Time elapsed: 0 sec
Running com.google.gson.GsonBuilderTest
Tests run: 1, Failures: 0, Errors: 0, Skipped: 0, Time elapsed: 0 sec
Running com.google.gson.JsonDeserializerExceptionWrapperTest
Tests run: 3, Failures: 0, Errors: 0, Skipped: 0, Time elapsed: 0.004 sec
Running com.google.gson.LowerCamelCaseSeparatorNamingPolicyTest
Tests run: 3, Failures: 0, Errors: 0, Skipped: 0, Time elapsed: 0.004 sec
Running com.google.gson.DisjunctionExclusionStrategyTest
Tests run: 3, Failures: 0, Errors: 0, Skipped: 0, Time elapsed: 0.003 sec
Running com.google.gson.ModifyFirstLetterNamingPolicyTest
Tests run: 8, Failures: 0, Errors: 0, Skipped: 0, Time elapsed: 0.006 sec
Running com.google.gson.NullExclusionStrategyTest
Tests run: 2, Failures: 0, Errors: 0, Skipped: 0, Time elapsed: 0.001 sec
Running com.google.gson.JsonSerializerExceptionWrapperTest
Tests run: 3, Failures: 0, Errors: 0, Skipped: 0, Time elapsed: 0.002 sec
Running com.google.gson.TypeInfoMapTest
Tests run: 4, Failures: 0, Errors: 0, Skipped: 0, Time elapsed: 0.004 sec
Running com.google.gson.LowerCaseNamingPolicyTest
Tests run: 3, Failures: 0, Errors: 0, Skipped: 0, Time elapsed: 0.005 sec
Running com.google.gson.TypeInfoFactoryTest
Tests run: 17, Failures: 0, Errors: 0, Skipped: 0, Time elapsed: 0.017 sec
Running com.google.gson.MemoryRefStackTest
Tests run: 4, Failures: 0, Errors: 0, Skipped: 0, Time elapsed: 0.002 sec
Running com.google.gson.PrimitiveTypeAdapterTest
Tests run: 4, Failures: 0, Errors: 0, Skipped: 0, Time elapsed: 0.005 sec
Running com.google.gson.metrics.PerformanceTest
Tests run: 1, Failures: 0, Errors: 0, Skipped: 0, Time elapsed: 0 sec
Running com.google.gson.ParameterizedTypeImplTest
Tests run: 2, Failures: 0, Errors: 0, Skipped: 0, Time elapsed: 0.002 sec
Running com.google.gson.ParameterizedTypeHandlerMapTest
Jan 11, 2021 3:37:18 AM com.google.gson.ParameterizedTypeHandlerMap register
WARNING: Overriding the existing type handler for class java.lang.String
Tests run: 5, Failures: 0, Errors: 0, Skipped: 0, Time elapsed: 0.007 sec
Running com.google.gson.EscaperTest
Tests run: 12, Failures: 0, Errors: 0, Skipped: 0, Time elapsed: 0.006 sec
Running com.google.gson.DefaultMapJsonSerializerTest
Tests run: 2, Failures: 0, Errors: 0, Skipped: 0, Time elapsed: 0.001 sec
Running com.google.gson.VersionExclusionStrategyTest
Tests run: 4, Failures: 0, Errors: 0, Skipped: 0, Time elapsed: 0.007 sec
Running com.google.gson.JsonEscapingVisitorTest
Tests run: 9, Failures: 0, Errors: 0, Skipped: 0, Time elapsed: 0.005 sec
Running com.google.gson.UpperCaseNamingPolicyTest
Tests run: 3, Failures: 0, Errors: 0, Skipped: 0, Time elapsed: 0.002 sec
Running com.google.gson.functional.InternationalizationTest
Tests run: 4, Failures: 0, Errors: 0, Skipped: 0, Time elapsed: 0.003 sec
Running com.google.gson.functional.ObjectTest
Tests run: 45, Failures: 0, Errors: 0, Skipped: 0, Time elapsed: 0.058 sec
Running com.google.gson.functional.ExposeFieldsTest
Tests run: 6, Failures: 0, Errors: 0, Skipped: 0, Time elapsed: 0.005 sec
Running com.google.gson.functional.ParameterizedTypesTest
Tests run: 14, Failures: 0, Errors: 0, Skipped: 0, Time elapsed: 0.027 sec
Running com.google.gson.functional.CustomTypeAdaptersTest
Tests run: 6, Failures: 0, Errors: 0, Skipped: 0, Time elapsed: 0.006 sec
Running com.google.gson.functional.ReadersWritersTest
Tests run: 6, Failures: 0, Errors: 0, Skipped: 0, Time elapsed: 0.004 sec
Running com.google.gson.functional.DefaultTypeAdaptersTest
Tests run: 25, Failures: 0, Errors: 0, Skipped: 0, Time elapsed: 0.027 sec
Running com.google.gson.functional.NullObjectAndFieldTest
Tests run: 8, Failures: 0, Errors: 0, Skipped: 0, Time elapsed: 0.006 sec
Running com.google.gson.functional.VersioningTest
Tests run: 6, Failures: 0, Errors: 0, Skipped: 0, Time elapsed: 0.006 sec
Running com.google.gson.functional.EscapingTest
Tests run: 2, Failures: 0, Errors: 0, Skipped: 0, Time elapsed: 0.002 sec
Running com.google.gson.functional.CollectionTest
Tests run: 14, Failures: 0, Errors: 0, Skipped: 0, Time elapsed: 0.015 sec
Running com.google.gson.functional.ArrayTest
Tests run: 11, Failures: 0, Errors: 0, Skipped: 0, Time elapsed: 0.008 sec
Running com.google.gson.functional.PrintFormattingTest
Tests run: 1, Failures: 0, Errors: 0, Skipped: 0, Time elapsed: 0.001 sec
Running com.google.gson.functional.StringTest
Tests run: 14, Failures: 0, Errors: 0, Skipped: 0, Time elapsed: 0.008 sec
Running com.google.gson.functional.UncategorizedTest
Tests run: 4, Failures: 0, Errors: 0, Skipped: 0, Time elapsed: 0.004 sec
Running com.google.gson.functional.NamingPolicyTest
Tests run: 4, Failures: 0, Errors: 0, Skipped: 0, Time elapsed: 0.005 sec
Running com.google.gson.functional.ConcurrencyTest
Tests run: 4, Failures: 0, Errors: 0, Skipped: 0, Time elapsed: 0.023 sec
Running com.google.gson.functional.PrimitiveTest
Tests run: 31, Failures: 0, Errors: 0, Skipped: 0, Time elapsed: 0.024 sec
Running com.google.gson.TypeInfoArrayTest
Tests run: 10, Failures: 0, Errors: 0, Skipped: 0, Time elapsed: 0.006 sec
Running com.google.gson.ExposeAnnotationBasedExclusionStrategyTest
Tests run: 3, Failures: 0, Errors: 0, Skipped: 0, Time elapsed: 0.002 sec
Running com.google.gson.TypeInfoTest
Tests run: 9, Failures: 0, Errors: 0, Skipped: 0, Time elapsed: 0.006 sec
Running com.google.gson.SerializedNameAnnotationInterceptingNamingPolicyTest
Tests run: 2, Failures: 0, Errors: 0, Skipped: 0, Time elapsed: 0.002 sec
Running com.google.gson.TypeUtilsTest
Tests run: 5, Failures: 0, Errors: 0, Skipped: 0, Time elapsed: 0.003 sec
Running com.google.gson.StringUnmarshallerTest
Tests run: 11, Failures: 0, Errors: 0, Skipped: 0, Time elapsed: 0.005 sec

Results :

Tests run: 371, Failures: 0, Errors: 0, Skipped: 0

[[1;34mINFO[m] [1m------------------------------------------------------------------------[m
[[1;34mINFO[m] [1;32mBUILD SUCCESS[m
[[1;34mINFO[m] [1m------------------------------------------------------------------------[m
[[1;34mINFO[m] Total time:  5.867 s
[[1;34mINFO[m] Finished at: 2021-01-11T03:37:19+01:00
[[1;34mINFO[m] [1m------------------------------------------------------------------------[m
Writing HTML report to '/tmp/v2/gson/target/clover/report'
Done. Processed 6 packages in 1103ms (183ms per package).
[INFO] /tmp/v1/gson/src/main/java/com/google/gson/GsonBuilder.java
[INFO] /tmp/v2/gson/src/main/java/com/google/gson/GsonBuilder.java
[INFO] com.google.gson.GsonBuilder:[344, 344, 345] are modified.
[INFO] com.google.gson.GsonBuilder:344 covered.
[INFO] com.google.gson.GsonBuilder:345 covered.
[INFO] /tmp/v1/gson/src/main/java/com/google/gson/Gson.java
[INFO] /tmp/v2/gson/src/main/java/com/google/gson/Gson.java
[INFO] com.google.gson.Gson:[177, 272, 377] are modified.
[INFO] com.google.gson.Gson:177 covered.
[INFO] com.google.gson.Gson:272 covered.
[INFO] com.google.gson.Gson:377 covered.
[INFO] com.google.gson.Gson:[92, 162, 151, 162, 181, 380] are modified.
[INFO] com.google.gson.Gson:162 covered.
[INFO] com.google.gson.Gson:181 covered.
[INFO] com.google.gson.Gson:380 covered.
[INFO] com.google.gson.Gson:151 covered.
[INFO] /tmp/v1/gson/src/test/java/com/google/gson/functional/ConcurrencyTest.java
[INFO] /tmp/v2/gson/src/test/java/com/google/gson/functional/ConcurrencyTest.java
[INFO] Build modified Tests /tmp/v2/gson/src/test/java/com/google/gson/functional/ConcurrencyTest.java
[INFO] /tmp/v1/gson/src/test/java/com/google/gson/FunctionalWithInternalDependenciesTest.java
[INFO] /tmp/v2/gson/src/test/java/com/google/gson/FunctionalWithInternalDependenciesTest.java
[INFO] Build modified Tests /tmp/v2/gson/src/test/java/com/google/gson/FunctionalWithInternalDependenciesTest.java
[INFO] Saving result in /tmp/v1/gson/testsThatExecuteTheChange.csv ...
[INFO] com.google.gson.functional.NamingPolicyTest;testGsonWithNonDefaultFieldNamingPolicyDeserialiation;testGsonWithSerializedNameFieldNamingPolicySerialization;testGsonWithNonDefaultFieldNamingPolicySerialization;testGsonWithSerializedNameFieldNamingPolicyDeserialization
com.google.gson.functional.DefaultTypeAdaptersTest;testDefaultDateSerialization;testBadValueForBigDecimalDeserialization;testLocaleDeserializationWithLanguageCountry;testDateSerializationWithPattern;testLocaleSerializationWithLanguageCountryVariant;testBigDecimalFieldSerialization;testUrlDeserialization;testLocaleSerializationWithLanguageCountry;testUrlSerialization;testLocaleDeserializationWithLanguage;testBigIntegerFieldDeserialization;testDefaultDateDeserialization;testDateDeserializationWithPattern;testUriSerialization;testMapSerialization;testLocaleSerializationWithLanguage;testMapSerializationEmpty;testDefaultDateSerializationUsingBuilder;testBigIntegerFieldSerialization;testSetSerialization;testDefaultDateDeserializationUsingBuilder;testBigDecimalFieldDeserialization;testLocaleDeserializationWithLanguageCountryVariant;testMapDeserialization;testUriDeserialization
com.google.gson.functional.ObjectTest;testInnerClassSerialization;testNullArraysDeserialization;testAnonymousLocalClassesSerialization;testSubInterfacesOfCollectionDeserialization;testArrayOfArraysDeserialization;testInheritenceDeserialization;testNullPrimitiveFieldsDeserialization;testClassWithObjectFieldSerialization;testArrayOfArraysSerialization;testClassWithTransientFieldsSerialization;testClassWithNoFieldsSerialization;testNullDeserialization;testBagOfPrimitiveWrappersDeserialization;testEmptyCollectionInAnObjectSerialization;testPrimitiveArrayFieldSerialization;testBagOfPrimitiveWrappersSerialization;testDirectedAcyclicGraphDeserialization;testClassWithEnumFieldDeserialization;testCircularSerialization;testSelfReferenceSerialization;testClassWithTransientFieldsDeserialization;testPrivateNoArgConstructorDeserialization;testClassWithEnumFieldSerialization;testBagOfPrimitivesSerialization;testInheritenceSerialization;testNullObjectFieldsDeserialization;testSubInterfacesOfCollectionSerialization;testNestedDeserialization;testNullFieldsSerialization;testClassWithNoFieldsDeserialization;testJsonInMixedQuotesDeserialization;testArrayOfObjectsDeserialization;testInnerClassDeserialization;testClassWithTransientFieldsDeserializationTransientFieldsPassedInJsonAreIgnored;testDirectedAcyclicGraphSerialization;testNullFieldsDeserialization;testPrimitiveArrayInAnObjectDeserialization;testTopLevelEnumSerialization;testTopLevelEnumDeserialization;testEmptyCollectionInAnObjectDeserialization;testBagOfPrimitivesDeserialization;testArrayOfObjectsSerialization;testJsonInSingleQuotesDeserialization;testNestedSerialization
com.google.gson.functional.ParameterizedTypesTest;testParameterizedTypeWithReaderDeserialization;testVariableTypeFieldsAndGenericArraysSerialization;testTypesWithMultipleParametersSerialization;testParameterizedTypeWithVariableTypeDeserialization;testVariableTypeArrayDeserialization;testParameterizedTypeWithCustomSerializer;testParameterizedTypeDeserialization;testParameterizedTypeGenericArraysDeserialization;testVariableTypeFieldsAndGenericArraysDeserialization;testVariableTypeDeserialization;testParameterizedTypesWithWriterSerialization;testParameterizedTypesSerialization;testParameterizedTypesWithCustomDeserializer;testTypesWithMultipleParametersDeserialization
com.google.gson.FunctionalWithInternalDependenciesTest;testPrettyPrintArrayOfObjects;testPrettyPrintArrayOfPrimitiveArrays;testPrettyPrintList;testMultipleArrays;testPrettyPrintListOfPrimitiveArrays;testPrettyPrintArrayOfPrimitives
com.google.gson.functional.CustomTypeAdaptersTest;testCustomTypeAdapterDoesNotAppliesToSubClasses;testCustomTypeAdapterAppliesToSubClassesSerializedAsBaseClass;testCustomSerializers;testCustomNestedSerializers;testCustomDeserializers;testCustomNestedDeserializers
com.google.gson.functional.ReadersWritersTest;testTopLevelNullObjectDeserializationWithReaderAndSerializeNulls;testTopLevelNullObjectDeserializationWithReader;testTopLevelNullObjectSerializationWithWriterAndSerializeNulls;testWriterForSerialization;testReaderForDeserialization
com.google.gson.functional.VersioningTest;testVersionedClassesSerialization;testVersionedClassesDeserialization;testIgnoreLaterVersionClassSerialization;testIgnoreLaterVersionClassDeserialization;testVersionedGsonWithUnversionedClassesSerialization;testVersionedGsonWithUnversionedClassesDeserialization
com.google.gson.functional.UncategorizedTest;testInvalidJsonDeserializationFails;testStaticFieldsAreNotSerialized;testReturningDerivedClassesDuringDeserialization;testObjectEqualButNotSameSerialization
com.google.gson.functional.NullObjectAndFieldTest;testExplicitSerializationOfNulls;testExplicitSerializationOfNullStringMembers;testTopLevelNullObjectSerialization;testCustomSerializationOfNulls;testExplicitSerializationOfNullArrayMembers;testTopLevelNullObjectDeserialization;testExplicitDeserializationOfNulls;testExplicitSerializationOfNullCollectionMembers
com.google.gson.GsonBuilderTest;testCreatingMoreThanOnce
com.google.gson.functional.PrimitiveTest;testPrimitiveBooleanAutoboxedDeserialization;testBigDecimalInASingleElementArraySerialization;testPrimitiveIntegerAutoboxedDeserialization;testBigDecimalSerialization;testPrimitiveDoubleAutoboxedInASingleElementArraySerialization;testPrimitiveIntegerAutoboxedSerialization;testPrimitiveLongAutoboxedDeserialization;testBigIntegerInASingleElementArraySerialization;testPrimitiveIntegerAutoboxedInASingleElementArraySerialization;testBigDecimalDeserialization;testBadValueForBigIntegerDeserialization;testBigIntegerInASingleElementArrayDeserialization;testPrimitiveBooleanAutoboxedSerialization;testReallyLongValuesSerialization;testReallyLongValuesDeserialization;testSmallValueForBigIntegerDeserialization;testPrimitiveDoubleAutoboxedInASingleElementArrayDeserialization;testPrimitiveLongAutoboxedInASingleElementArraySerialization;testPrimitiveLongAutoboxedInASingleElementArrayDeserialization;testPrimitiveBooleanAutoboxedInASingleElementArraySerialization;testPrimitiveLongAutoboxedSerialization;testBigDecimalInASingleElementArrayDeserialization;testSmallValueForBigIntegerSerialization;testBigIntegerDeserialization;testPrimitiveDoubleAutoboxedSerialization;testPrimitiveDoubleAutoboxedDeserialization;testBigIntegerSerialization;testSmallValueForBigDecimalSerialization;testSmallValueForBigDecimalDeserialization;testPrimitiveIntegerAutoboxedInASingleElementArrayDeserialization;testPrimitiveBooleanAutoboxedInASingleElementArrayDeserialization
com.google.gson.GsonTypeAdapterTest;testDefaultTypeAdapterThrowsParseException;testTypeAdapterDoesNotAffectNonAdaptedTypes;testTypeAdapterThrowsException;testTypeAdapterProperlyConvertsTypes
com.google.gson.functional.CollectionTest;testNullsInListSerialization;testTopLevelCollectionOfIntegersSerialization;testNullsInListDeserialization;testCollectionOfStringsSerialization;testCollectionOfEnumsSerialization;testCollectionOfStringsDeserialization;testRawCollectionSerialization;testRawCollectionDeserializationNotAlllowed;testRawCollectionOfBagOfPrimitivesNotAllowed;testRawCollectionOfIntegersSerialization;testTopLevelCollectionOfIntegersDeserialization;testTopLevelListOfIntegerCollectionsDeserialization;testCollectionOfEnumsDeserialization;testCollectionOfBagOfPrimitivesSerialization
com.google.gson.functional.ArrayTest;testArrayOfCollectionSerialization;testEmptyArraySerialization;testTopLevelArrayOfIntsDeserialization;testTopLevelEnumInASingleElementArrayDeserialization;testNullsInArraySerialization;testArrayOfStringsSerialization;testTopLevelArrayOfIntsSerialization;testArrayOfStringsDeserialization;testArrayOfCollectionDeserialization;testNullsInArrayDeserialization;testEmptyArrayDeserialization
com.google.gson.functional.ExposeFieldsTest;testExposeAnnotationSerialization;testNullExposeFieldSerialization;testNoExposedFieldSerialization;testNoExposedFieldDeserialization;testArrayWithOneNullExposeFieldObjectSerialization;testExposeAnnotationDeserialization
com.google.gson.functional.StringTest;testStringValueSerialization;testEscapingQuotesInStringDeserialization;testEscapingQuotesInStringSerialization;testStringValueAsSingleElementArrayDeserialization;testEscapedBackslashInStringDeserialization;testEscapedCtrlNInStringDeserialization;testStringValueAsSingleElementArraySerialization;testEscapedCtrlNInStringSerialization;testEscapedCtrlRInStringDeserialization;testSingleQuoteInStringSerialization;testEscapedCtrlRInStringSerialization;testStringValueDeserialization;testSingleQuoteInStringDeserialization;testEscapedBackslashInStringSerialization
com.google.gson.functional.EscapingTest;testEscapingQuotesInStringArray;testEscapingObjectFields
com.google.gson.functional.InternationalizationTest;testStringsWithUnicodeChineseCharactersSerialization;testStringsWithRawChineseCharactersDeserialization;testStringsWithUnicodeChineseCharactersDeserialization;testStringsWithUnicodeChineseCharactersEscapedDeserialization
com.google.gson.functional.ConcurrencyTest;testSingleThreadSerialization;testMultiThreadSerialization
com.google.gson.functional.PrintFormattingTest;testCompactFormattingLeavesNoWhiteSpace
[INFO] Writing Coverage in /tmp/v1/gson/testsThatExecuteTheChange_coverage.csv
[INFO] com.google.gson.GsonBuilder;2;2

[INFO] com.google.gson.Gson;7;8

[INFO] total;9;10

[INFO] ------------------------------------------------------------------------
[INFO] BUILD SUCCESS
[INFO] ------------------------------------------------------------------------
[INFO] Total time:  20.354 s
[INFO] Finished at: 2021-01-11T03:37:21+01:00
[INFO] ------------------------------------------------------------------------
