[INFO] Scanning for projects...
[WARNING] 
[WARNING] Some problems were encountered while building the effective model for com.google.code.gson:gson:jar:1.3
[WARNING] 'build.plugins.plugin.version' for org.apache.maven.plugins:maven-compiler-plugin is missing. @ line 53, column 15
[WARNING] 'build.plugins.plugin.version' for org.codehaus.mojo:cobertura-maven-plugin is missing. @ line 182, column 15
[WARNING] 'build.plugins.plugin.version' for org.apache.maven.plugins:maven-jar-plugin is missing. @ line 61, column 16
[WARNING] 'build.plugins.plugin.version' for org.apache.maven.plugins:maven-jxr-plugin is missing. @ line 145, column 15
[WARNING] 'build.plugins.plugin.version' for org.apache.maven.plugins:maven-pmd-plugin is missing. @ line 149, column 15
[WARNING] 'build.plugins.plugin.version' for org.codehaus.mojo:taglist-maven-plugin is missing. @ line 170, column 15
[WARNING] 'build.plugins.plugin.version' for org.apache.maven.plugins:maven-checkstyle-plugin is missing. @ line 162, column 15
[WARNING] 'build.plugins.plugin.version' for org.apache.maven.plugins:maven-source-plugin is missing. @ line 73, column 16
[WARNING] 'build.plugins.plugin.version' for org.apache.maven.plugins:maven-javadoc-plugin is missing. @ line 87, column 16
[WARNING] 'build.plugins.plugin.version' for org.apache.maven.plugins:maven-eclipse-plugin is missing. @ line 107, column 16
[WARNING] The expression ${version} is deprecated. Please use ${project.version} instead.
[WARNING] 
[WARNING] It is highly recommended to fix these problems because they threaten the stability of your build.
[WARNING] 
[WARNING] For this reason, future Maven versions might no longer support building such malformed projects.
[WARNING] 
[INFO] 
[INFO] ---------------------< com.google.code.gson:gson >----------------------
[INFO] Building Gson 1.3
[INFO] --------------------------------[ jar ]---------------------------------
[INFO] 
[INFO] --- maven-clean-plugin:2.5:clean (default-clean) @ gson ---
[INFO] Deleting /tmp/v1/gson/target
[INFO] 
[INFO] --- cobertura-maven-plugin:2.7:clean (clean) @ gson ---
[INFO] 
[INFO] --- dspot-diff-test-selection:3.1.1-SNAPSHOT:list (default-cli) @ gson ---
[INFO] Running on:
[INFO] /tmp/v1/gson
[INFO] /tmp/v2/gson/
[WARNING] No path to diff file has been specified.
[WARNING] I'll compute a diff file using the UNIX diff command
[WARNING] You may encounter troubles.
[WARNING] If so, please specify a path to a correct diff file
[WARNING] or implement a new way to compute a diff file.
[INFO] Computing the diff with diff commnd line
[INFO] The diff will be computed between:
[INFO] /tmp/v1/gson/src and 
[INFO] /tmp/v2/gson/src
[INFO] Executing: diff -ru /tmp/v1/gson/src /tmp/v2/gson/src from /tmp/v1/gson/src
[INFO] Running in enhanced mode...
[INFO] Computing coverage for /tmp/v1/gson
[WARN] Maven will be executed in interactive mode, but no input stream has been configured for this MavenInvoker instance.
[[1;34mINFO[m] Scanning for projects...
[[1;33mWARNING[m] 
[[1;33mWARNING[m] Some problems were encountered while building the effective model for com.google.code.gson:gson:jar:1.3
[[1;33mWARNING[m] 'build.plugins.plugin.version' for org.apache.maven.plugins:maven-compiler-plugin is missing. @ line 53, column 15
[[1;33mWARNING[m] 'build.plugins.plugin.version' for org.codehaus.mojo:cobertura-maven-plugin is missing. @ line 182, column 15
[[1;33mWARNING[m] 'build.plugins.plugin.version' for org.apache.maven.plugins:maven-jar-plugin is missing. @ line 61, column 16
[[1;33mWARNING[m] 'build.plugins.plugin.version' for org.apache.maven.plugins:maven-jxr-plugin is missing. @ line 145, column 15
[[1;33mWARNING[m] 'build.plugins.plugin.version' for org.apache.maven.plugins:maven-pmd-plugin is missing. @ line 149, column 15
[[1;33mWARNING[m] 'build.plugins.plugin.version' for org.codehaus.mojo:taglist-maven-plugin is missing. @ line 170, column 15
[[1;33mWARNING[m] 'build.plugins.plugin.version' for org.apache.maven.plugins:maven-checkstyle-plugin is missing. @ line 162, column 15
[[1;33mWARNING[m] 'build.plugins.plugin.version' for org.apache.maven.plugins:maven-source-plugin is missing. @ line 73, column 16
[[1;33mWARNING[m] 'build.plugins.plugin.version' for org.apache.maven.plugins:maven-javadoc-plugin is missing. @ line 87, column 16
[[1;33mWARNING[m] 'build.plugins.plugin.version' for org.apache.maven.plugins:maven-eclipse-plugin is missing. @ line 107, column 16
[[1;33mWARNING[m] The expression ${version} is deprecated. Please use ${project.version} instead.
[[1;33mWARNING[m] 
[[1;33mWARNING[m] It is highly recommended to fix these problems because they threaten the stability of your build.
[[1;33mWARNING[m] 
[[1;33mWARNING[m] For this reason, future Maven versions might no longer support building such malformed projects.
[[1;33mWARNING[m] 
[[1;34mINFO[m] 
[[1;34mINFO[m] [1m---------------------< [0;36mcom.google.code.gson:gson[0;1m >----------------------[m
[[1;34mINFO[m] [1mBuilding Gson 1.3[m
[[1;34mINFO[m] [1m--------------------------------[ jar ]---------------------------------[m
[[1;34mINFO[m] 
[[1;34mINFO[m] [1m--- [0;32mmaven-clean-plugin:2.5:clean[m [1m(default-clean)[m @ [36mgson[0;1m ---[m
[[1;34mINFO[m] 
[[1;34mINFO[m] [1m--- [0;32mcobertura-maven-plugin:2.7:clean[m [1m(clean)[m @ [36mgson[0;1m ---[m
[[1;34mINFO[m] Skipping cobertura execution
[[1;34mINFO[m] 
[[1;34mINFO[m] [1m--- [0;32mclover-maven-plugin:4.4.1:setup[m [1m(default-cli)[m @ [36mgson[0;1m ---[m
[[1;34mINFO[m] OpenClover Version 4.4.1, built on October 11 2019 (build-1020)
[[1;34mINFO[m] Creating new database at '/tmp/v1/gson/target/clover/clover.db'.
[[1;34mINFO[m] Processing files at 1.8 source level.
[[1;34mINFO[m] Clover all over. Instrumented 84 files (3 packages).
[[1;34mINFO[m] OpenClover Version 4.4.1, built on October 11 2019 (build-1020)
[[1;34mINFO[m] Updating existing database at '/tmp/v1/gson/target/clover/clover.db'.
[[1;34mINFO[m] Processing files at 1.8 source level.
[[1;34mINFO[m] Clover all over. Instrumented 63 files (4 packages).
[[1;34mINFO[m] 484 test methods detected.
[[1;34mINFO[m] 
[[1;34mINFO[m] [1m--- [0;32mmaven-resources-plugin:2.6:resources[m [1m(default-resources)[m @ [36mgson[0;1m ---[m
[[1;33mWARNING[m] Using platform encoding (UTF-8 actually) to copy filtered resources, i.e. build is platform dependent!
[[1;34mINFO[m] Copying 1 resource
[[1;34mINFO[m] Copying 1 resource
[[1;34mINFO[m] 
[[1;34mINFO[m] [1m--- [0;32mmaven-compiler-plugin:3.1:compile[m [1m(default-compile)[m @ [36mgson[0;1m ---[m
[[1;34mINFO[m] Changes detected - recompiling the module!
[[1;33mWARNING[m] File encoding has not been set, using platform encoding UTF-8, i.e. build is platform dependent!
[[1;34mINFO[m] Compiling 84 source files to /tmp/v1/gson/target/classes
[[1;33mWARNING[m] /tmp/v1/gson/target/clover/src-instrumented/com/google/gson/JsonParser.java: /tmp/v1/gson/target/clover/src-instrumented/com/google/gson/JsonParser.java uses unchecked or unsafe operations.
[[1;33mWARNING[m] /tmp/v1/gson/target/clover/src-instrumented/com/google/gson/JsonParser.java: Recompile with -Xlint:unchecked for details.
[[1;34mINFO[m] 
[[1;34mINFO[m] [1m--- [0;32mmaven-resources-plugin:2.6:testResources[m [1m(default-testResources)[m @ [36mgson[0;1m ---[m
[[1;33mWARNING[m] Using platform encoding (UTF-8 actually) to copy filtered resources, i.e. build is platform dependent!
[[1;34mINFO[m] skip non existing resourceDirectory /tmp/v1/gson/src/test/resources
[[1;34mINFO[m] 
[[1;34mINFO[m] [1m--- [0;32mmaven-compiler-plugin:3.1:testCompile[m [1m(default-testCompile)[m @ [36mgson[0;1m ---[m
[[1;34mINFO[m] Changes detected - recompiling the module!
[[1;33mWARNING[m] File encoding has not been set, using platform encoding UTF-8, i.e. build is platform dependent!
[[1;34mINFO[m] Compiling 63 source files to /tmp/v1/gson/target/test-classes
[[1;33mWARNING[m] /tmp/v1/gson/target/clover/src-test-instrumented/com/google/gson/functional/DefaultTypeAdaptersTest.java: /tmp/v1/gson/target/clover/src-test-instrumented/com/google/gson/functional/DefaultTypeAdaptersTest.java uses or overrides a deprecated API.
[[1;33mWARNING[m] /tmp/v1/gson/target/clover/src-test-instrumented/com/google/gson/functional/DefaultTypeAdaptersTest.java: Recompile with -Xlint:deprecation for details.
[[1;33mWARNING[m] /tmp/v1/gson/target/clover/src-test-instrumented/com/google/gson/functional/MapTest.java: Some input files use unchecked or unsafe operations.
[[1;33mWARNING[m] /tmp/v1/gson/target/clover/src-test-instrumented/com/google/gson/functional/MapTest.java: Recompile with -Xlint:unchecked for details.
[[1;34mINFO[m] 
[[1;34mINFO[m] [1m--- [0;32mmaven-surefire-plugin:2.12.4:test[m [1m(default-test)[m @ [36mgson[0;1m ---[m
[[1;34mINFO[m] Surefire report directory: /tmp/v1/gson/target/surefire-reports

-------------------------------------------------------
 T E S T S
-------------------------------------------------------
Running com.google.gson.CamelCaseSeparatorNamingPolicyTest
Tests run: 5, Failures: 0, Errors: 0, Skipped: 0, Time elapsed: 0.037 sec
Running com.google.gson.DefaultDateTypeAdapterTest
Tests run: 3, Failures: 0, Errors: 0, Skipped: 0, Time elapsed: 0.02 sec
Running com.google.gson.GenericArrayTypeImplTest
Tests run: 2, Failures: 0, Errors: 0, Skipped: 0, Time elapsed: 0.007 sec
Running com.google.gson.InnerClassExclusionStrategyTest
Tests run: 4, Failures: 0, Errors: 0, Skipped: 0, Time elapsed: 0.004 sec
Running com.google.gson.GsonTypeAdapterTest
Tests run: 4, Failures: 0, Errors: 0, Skipped: 0, Time elapsed: 0.053 sec
Running com.google.gson.JsonFieldNameValidatorTest
Tests run: 10, Failures: 0, Errors: 0, Skipped: 0, Time elapsed: 0.008 sec
Running com.google.gson.JavaFieldNamingPolicyTest
Tests run: 2, Failures: 0, Errors: 0, Skipped: 0, Time elapsed: 0 sec
Running com.google.gson.common.TestTypes
Tests run: 0, Failures: 0, Errors: 0, Skipped: 0, Time elapsed: 0 sec
Running com.google.gson.GsonBuilderTest
Tests run: 1, Failures: 0, Errors: 0, Skipped: 0, Time elapsed: 0 sec
Running com.google.gson.JsonDeserializerExceptionWrapperTest
Tests run: 3, Failures: 0, Errors: 0, Skipped: 0, Time elapsed: 0.003 sec
Running com.google.gson.LowerCamelCaseSeparatorNamingPolicyTest
Tests run: 3, Failures: 0, Errors: 0, Skipped: 0, Time elapsed: 0.004 sec
Running com.google.gson.DisjunctionExclusionStrategyTest
Tests run: 3, Failures: 0, Errors: 0, Skipped: 0, Time elapsed: 0.003 sec
Running com.google.gson.ModifyFirstLetterNamingPolicyTest
Tests run: 8, Failures: 0, Errors: 0, Skipped: 0, Time elapsed: 0.006 sec
Running com.google.gson.NullExclusionStrategyTest
Tests run: 2, Failures: 0, Errors: 0, Skipped: 0, Time elapsed: 0.001 sec
Running com.google.gson.TypeInfoMapTest
Tests run: 4, Failures: 0, Errors: 0, Skipped: 0, Time elapsed: 0.005 sec
Running com.google.gson.LowerCaseNamingPolicyTest
Tests run: 3, Failures: 0, Errors: 0, Skipped: 0, Time elapsed: 0.002 sec
Running com.google.gson.TypeInfoFactoryTest
Tests run: 17, Failures: 0, Errors: 0, Skipped: 0, Time elapsed: 0.023 sec
Running com.google.gson.MemoryRefStackTest
Tests run: 4, Failures: 0, Errors: 0, Skipped: 0, Time elapsed: 0.003 sec
Running com.google.gson.JsonObjectTest
Tests run: 5, Failures: 0, Errors: 0, Skipped: 0, Time elapsed: 0.003 sec
Running com.google.gson.metrics.PerformanceTest
Tests run: 1, Failures: 0, Errors: 0, Skipped: 0, Time elapsed: 0.001 sec
Running com.google.gson.ParameterizedTypeImplTest
Tests run: 2, Failures: 0, Errors: 0, Skipped: 0, Time elapsed: 0.001 sec
Running com.google.gson.ParameterizedTypeHandlerMapTest
Jan 10, 2021 12:26:25 PM com.google.gson.ParameterizedTypeHandlerMap register
WARNING: Overriding the existing type handler for class java.lang.String
Tests run: 5, Failures: 0, Errors: 0, Skipped: 0, Time elapsed: 0.007 sec
Running com.google.gson.EscaperTest
Tests run: 15, Failures: 0, Errors: 0, Skipped: 0, Time elapsed: 0.01 sec
Running com.google.gson.DefaultMapJsonSerializerTest
Tests run: 2, Failures: 0, Errors: 0, Skipped: 0, Time elapsed: 0.001 sec
Running com.google.gson.VersionExclusionStrategyTest
Tests run: 4, Failures: 0, Errors: 0, Skipped: 0, Time elapsed: 0.007 sec
Running com.google.gson.JsonEscapingVisitorTest
Tests run: 9, Failures: 0, Errors: 0, Skipped: 0, Time elapsed: 0.007 sec
Running com.google.gson.UpperCaseNamingPolicyTest
Tests run: 3, Failures: 0, Errors: 0, Skipped: 0, Time elapsed: 0.002 sec
Running com.google.gson.FunctionWithInternalDependenciesTest
Tests run: 1, Failures: 0, Errors: 0, Skipped: 0, Time elapsed: 0.001 sec
Running com.google.gson.functional.InternationalizationTest
Tests run: 4, Failures: 0, Errors: 0, Skipped: 0, Time elapsed: 0.004 sec
Running com.google.gson.functional.EnumTest
Tests run: 4, Failures: 0, Errors: 0, Skipped: 0, Time elapsed: 0.006 sec
Running com.google.gson.functional.ObjectTest
Tests run: 47, Failures: 0, Errors: 0, Skipped: 0, Time elapsed: 0.078 sec
Running com.google.gson.functional.FieldExclusionTest
Tests run: 3, Failures: 0, Errors: 0, Skipped: 0, Time elapsed: 0 sec
Running com.google.gson.functional.ExposeFieldsTest
Tests run: 8, Failures: 0, Errors: 0, Skipped: 0, Time elapsed: 0.009 sec
Running com.google.gson.functional.ParameterizedTypesTest
Tests run: 15, Failures: 0, Errors: 0, Skipped: 0, Time elapsed: 0.03 sec
Running com.google.gson.functional.PrettyPrintingTest
Tests run: 7, Failures: 0, Errors: 0, Skipped: 0, Time elapsed: 0.011 sec
Running com.google.gson.functional.CustomTypeAdaptersTest
Tests run: 16, Failures: 0, Errors: 1, Skipped: 0, Time elapsed: 0.024 sec <<< FAILURE!
testCustomAdapterInvokedForCollectionElementDeserialization(com.google.gson.functional.CustomTypeAdaptersTest)  Time elapsed: 0.006 sec  <<< ERROR!
com.google.gson.JsonParseException: The JsonDeserializer com.google.gson.DefaultTypeAdapters$CollectionTypeAdapter@5ecddf8f failed to deserialized json object ["Jacob:Tomaw"] given the type java.util.Set<com.google.gson.functional.CustomTypeAdaptersTest$StringHolder>
	at com.google.gson.JsonDeserializerExceptionWrapper.deserialize(JsonDeserializerExceptionWrapper.java:63)
	at com.google.gson.JsonDeserializationVisitor.visitUsingCustomHandler(JsonDeserializationVisitor.java:68)
	at com.google.gson.ObjectNavigator.accept(ObjectNavigator.java:96)
	at com.google.gson.JsonDeserializationContextDefault.fromJsonArray(JsonDeserializationContextDefault.java:64)
	at com.google.gson.JsonDeserializationContextDefault.deserialize(JsonDeserializationContextDefault.java:47)
	at com.google.gson.Gson.fromJson(Gson.java:381)
	at com.google.gson.Gson.fromJson(Gson.java:329)
	at com.google.gson.functional.CustomTypeAdaptersTest.__CLR4_4_1qdgntr5bp(CustomTypeAdaptersTest.java:364)
	at com.google.gson.functional.CustomTypeAdaptersTest.testCustomAdapterInvokedForCollectionElementDeserialization(CustomTypeAdaptersTest.java:359)
Caused by: java.lang.ClassCastException: com.google.gson.functional.CustomTypeAdaptersTest$StringHolder cannot be cast to java.lang.Comparable
	at java.util.TreeMap.compare(TreeMap.java:1294)
	at java.util.TreeMap.put(TreeMap.java:538)
	at java.util.TreeSet.add(TreeSet.java:255)
	at com.google.gson.DefaultTypeAdapters$CollectionTypeAdapter.deserialize(DefaultTypeAdapters.java:415)
	at com.google.gson.DefaultTypeAdapters$CollectionTypeAdapter.deserialize(DefaultTypeAdapters.java:380)
	at com.google.gson.JsonDeserializerExceptionWrapper.deserialize(JsonDeserializerExceptionWrapper.java:50)
	... 35 more

Running com.google.gson.functional.ReadersWritersTest
Tests run: 6, Failures: 0, Errors: 0, Skipped: 0, Time elapsed: 0.003 sec
Running com.google.gson.functional.CustomDeserializerTest
Tests run: 2, Failures: 0, Errors: 0, Skipped: 0, Time elapsed: 0.002 sec
Running com.google.gson.functional.DefaultTypeAdaptersTest
Tests run: 28, Failures: 0, Errors: 0, Skipped: 0, Time elapsed: 0.027 sec
Running com.google.gson.functional.NullObjectAndFieldTest
Tests run: 12, Failures: 0, Errors: 0, Skipped: 0, Time elapsed: 0.009 sec
Running com.google.gson.functional.MapTest
Tests run: 17, Failures: 0, Errors: 0, Skipped: 0, Time elapsed: 0.016 sec
Running com.google.gson.functional.VersioningTest
Tests run: 10, Failures: 0, Errors: 0, Skipped: 0, Time elapsed: 0.012 sec
Running com.google.gson.functional.EscapingTest
Tests run: 2, Failures: 0, Errors: 0, Skipped: 0, Time elapsed: 0.002 sec
Running com.google.gson.functional.CollectionTest
Tests run: 22, Failures: 0, Errors: 0, Skipped: 0, Time elapsed: 0.023 sec
Running com.google.gson.functional.ArrayTest
Tests run: 12, Failures: 0, Errors: 0, Skipped: 0, Time elapsed: 0.01 sec
Running com.google.gson.functional.PrintFormattingTest
Tests run: 1, Failures: 0, Errors: 0, Skipped: 0, Time elapsed: 0.001 sec
Running com.google.gson.functional.StringTest
Tests run: 19, Failures: 0, Errors: 0, Skipped: 0, Time elapsed: 0.013 sec
Running com.google.gson.functional.UncategorizedTest
Tests run: 4, Failures: 0, Errors: 0, Skipped: 0, Time elapsed: 0.004 sec
Running com.google.gson.functional.NamingPolicyTest
Tests run: 5, Failures: 0, Errors: 0, Skipped: 0, Time elapsed: 0.005 sec
Running com.google.gson.functional.ConcurrencyTest
Tests run: 4, Failures: 0, Errors: 0, Skipped: 0, Time elapsed: 0.029 sec
Running com.google.gson.functional.PrimitiveTest
Tests run: 64, Failures: 0, Errors: 0, Skipped: 0, Time elapsed: 0.044 sec
Running com.google.gson.TypeInfoArrayTest
Tests run: 10, Failures: 0, Errors: 0, Skipped: 0, Time elapsed: 0.006 sec
Running com.google.gson.ExposeAnnotationBasedExclusionStrategyTest
Tests run: 3, Failures: 0, Errors: 0, Skipped: 0, Time elapsed: 0.001 sec
Running com.google.gson.TypeInfoTest
Tests run: 9, Failures: 0, Errors: 0, Skipped: 0, Time elapsed: 0.005 sec
Running com.google.gson.SerializedNameAnnotationInterceptingNamingPolicyTest
Tests run: 2, Failures: 0, Errors: 0, Skipped: 0, Time elapsed: 0.001 sec
Running com.google.gson.JsonPrimitiveTest
Tests run: 5, Failures: 0, Errors: 0, Skipped: 0, Time elapsed: 0.002 sec
Running com.google.gson.TypeUtilsTest
Tests run: 5, Failures: 0, Errors: 0, Skipped: 0, Time elapsed: 0.002 sec
Running com.google.gson.LongSerializationPolicyTest
Tests run: 2, Failures: 0, Errors: 0, Skipped: 0, Time elapsed: 0.001 sec
Running com.google.gson.StringUnmarshallerTest
Tests run: 11, Failures: 0, Errors: 0, Skipped: 0, Time elapsed: 0.004 sec

Results :

Tests in error: 
  testCustomAdapterInvokedForCollectionElementDeserialization(com.google.gson.functional.CustomTypeAdaptersTest): The JsonDeserializer com.google.gson.DefaultTypeAdapters$CollectionTypeAdapter@5ecddf8f failed to deserialized json object ["Jacob:Tomaw"] given the type java.util.Set<com.google.gson.functional.CustomTypeAdaptersTest$StringHolder>

Tests run: 484, Failures: 0, Errors: 1, Skipped: 0

[[1;34mINFO[m] [1m------------------------------------------------------------------------[m
[[1;34mINFO[m] [1;31mBUILD FAILURE[m
[[1;34mINFO[m] [1m------------------------------------------------------------------------[m
[[1;34mINFO[m] Total time:  6.371 s
[[1;34mINFO[m] Finished at: 2021-01-10T12:26:26+01:00
[[1;34mINFO[m] [1m------------------------------------------------------------------------[m
[[1;31mERROR[m] Failed to execute goal [32morg.apache.maven.plugins:maven-surefire-plugin:2.12.4:test[m [1m(default-test)[m on project [36mgson[m: [1;31mThere are test failures.[m
[[1;31mERROR[m] [1;31m[m
[[1;31mERROR[m] [1;31mPlease refer to /tmp/v1/gson/target/surefire-reports for the individual test results.[m
[[1;31mERROR[m] -> [1m[Help 1][m
[[1;31mERROR[m] 
[[1;31mERROR[m] To see the full stack trace of the errors, re-run Maven with the [1m-e[m switch.
[[1;31mERROR[m] Re-run Maven using the [1m-X[m switch to enable full debug logging.
[[1;31mERROR[m] 
[[1;31mERROR[m] For more information about the errors and possible solutions, please read the following articles:
[[1;31mERROR[m] [1m[Help 1][m http://cwiki.apache.org/confluence/display/MAVEN/MojoFailureException
Writing HTML report to '/tmp/v1/gson/target/clover/report'
Done. Processed 6 packages in 2257ms (376ms per package).
[INFO] Computing coverage for /tmp/v2/gson/
[WARN] Maven will be executed in interactive mode, but no input stream has been configured for this MavenInvoker instance.
[[1;34mINFO[m] Scanning for projects...
[[1;33mWARNING[m] 
[[1;33mWARNING[m] Some problems were encountered while building the effective model for com.google.code.gson:gson:jar:1.3
[[1;33mWARNING[m] 'build.plugins.plugin.version' for org.apache.maven.plugins:maven-compiler-plugin is missing. @ line 53, column 15
[[1;33mWARNING[m] 'build.plugins.plugin.version' for org.codehaus.mojo:cobertura-maven-plugin is missing. @ line 182, column 15
[[1;33mWARNING[m] 'build.plugins.plugin.version' for org.apache.maven.plugins:maven-jar-plugin is missing. @ line 61, column 16
[[1;33mWARNING[m] 'build.plugins.plugin.version' for org.apache.maven.plugins:maven-jxr-plugin is missing. @ line 145, column 15
[[1;33mWARNING[m] 'build.plugins.plugin.version' for org.apache.maven.plugins:maven-pmd-plugin is missing. @ line 149, column 15
[[1;33mWARNING[m] 'build.plugins.plugin.version' for org.codehaus.mojo:taglist-maven-plugin is missing. @ line 170, column 15
[[1;33mWARNING[m] 'build.plugins.plugin.version' for org.apache.maven.plugins:maven-checkstyle-plugin is missing. @ line 162, column 15
[[1;33mWARNING[m] 'build.plugins.plugin.version' for org.apache.maven.plugins:maven-source-plugin is missing. @ line 73, column 16
[[1;33mWARNING[m] 'build.plugins.plugin.version' for org.apache.maven.plugins:maven-javadoc-plugin is missing. @ line 87, column 16
[[1;33mWARNING[m] 'build.plugins.plugin.version' for org.apache.maven.plugins:maven-eclipse-plugin is missing. @ line 107, column 16
[[1;33mWARNING[m] The expression ${version} is deprecated. Please use ${project.version} instead.
[[1;33mWARNING[m] 
[[1;33mWARNING[m] It is highly recommended to fix these problems because they threaten the stability of your build.
[[1;33mWARNING[m] 
[[1;33mWARNING[m] For this reason, future Maven versions might no longer support building such malformed projects.
[[1;33mWARNING[m] 
[[1;34mINFO[m] 
[[1;34mINFO[m] [1m---------------------< [0;36mcom.google.code.gson:gson[0;1m >----------------------[m
[[1;34mINFO[m] [1mBuilding Gson 1.3[m
[[1;34mINFO[m] [1m--------------------------------[ jar ]---------------------------------[m
[[1;34mINFO[m] 
[[1;34mINFO[m] [1m--- [0;32mmaven-clean-plugin:2.5:clean[m [1m(default-clean)[m @ [36mgson[0;1m ---[m
[[1;34mINFO[m] Deleting /tmp/v2/gson/target
[[1;34mINFO[m] 
[[1;34mINFO[m] [1m--- [0;32mcobertura-maven-plugin:2.7:clean[m [1m(clean)[m @ [36mgson[0;1m ---[m
[[1;34mINFO[m] Skipping cobertura execution
[[1;34mINFO[m] 
[[1;34mINFO[m] [1m--- [0;32mclover-maven-plugin:4.4.1:setup[m [1m(default-cli)[m @ [36mgson[0;1m ---[m
[[1;34mINFO[m] OpenClover Version 4.4.1, built on October 11 2019 (build-1020)
[[1;34mINFO[m] Creating new database at '/tmp/v2/gson/target/clover/clover.db'.
[[1;34mINFO[m] Processing files at 1.8 source level.
[[1;34mINFO[m] Clover all over. Instrumented 84 files (3 packages).
[[1;34mINFO[m] OpenClover Version 4.4.1, built on October 11 2019 (build-1020)
[[1;34mINFO[m] Updating existing database at '/tmp/v2/gson/target/clover/clover.db'.
[[1;34mINFO[m] Processing files at 1.8 source level.
[[1;34mINFO[m] Clover all over. Instrumented 63 files (4 packages).
[[1;34mINFO[m] 485 test methods detected.
[[1;34mINFO[m] 
[[1;34mINFO[m] [1m--- [0;32mmaven-resources-plugin:2.6:resources[m [1m(default-resources)[m @ [36mgson[0;1m ---[m
[[1;33mWARNING[m] Using platform encoding (UTF-8 actually) to copy filtered resources, i.e. build is platform dependent!
[[1;34mINFO[m] Copying 1 resource
[[1;34mINFO[m] Copying 1 resource
[[1;34mINFO[m] 
[[1;34mINFO[m] [1m--- [0;32mmaven-compiler-plugin:3.1:compile[m [1m(default-compile)[m @ [36mgson[0;1m ---[m
[[1;34mINFO[m] Changes detected - recompiling the module!
[[1;33mWARNING[m] File encoding has not been set, using platform encoding UTF-8, i.e. build is platform dependent!
[[1;34mINFO[m] Compiling 84 source files to /tmp/v2/gson/target/classes
[[1;33mWARNING[m] /tmp/v2/gson/target/clover/src-instrumented/com/google/gson/JsonParser.java: /tmp/v2/gson/target/clover/src-instrumented/com/google/gson/JsonParser.java uses unchecked or unsafe operations.
[[1;33mWARNING[m] /tmp/v2/gson/target/clover/src-instrumented/com/google/gson/JsonParser.java: Recompile with -Xlint:unchecked for details.
[[1;34mINFO[m] 
[[1;34mINFO[m] [1m--- [0;32mmaven-resources-plugin:2.6:testResources[m [1m(default-testResources)[m @ [36mgson[0;1m ---[m
[[1;33mWARNING[m] Using platform encoding (UTF-8 actually) to copy filtered resources, i.e. build is platform dependent!
[[1;34mINFO[m] skip non existing resourceDirectory /tmp/v2/gson/src/test/resources
[[1;34mINFO[m] 
[[1;34mINFO[m] [1m--- [0;32mmaven-compiler-plugin:3.1:testCompile[m [1m(default-testCompile)[m @ [36mgson[0;1m ---[m
[[1;34mINFO[m] Changes detected - recompiling the module!
[[1;33mWARNING[m] File encoding has not been set, using platform encoding UTF-8, i.e. build is platform dependent!
[[1;34mINFO[m] Compiling 63 source files to /tmp/v2/gson/target/test-classes
[[1;33mWARNING[m] /tmp/v2/gson/target/clover/src-test-instrumented/com/google/gson/functional/DefaultTypeAdaptersTest.java: /tmp/v2/gson/target/clover/src-test-instrumented/com/google/gson/functional/DefaultTypeAdaptersTest.java uses or overrides a deprecated API.
[[1;33mWARNING[m] /tmp/v2/gson/target/clover/src-test-instrumented/com/google/gson/functional/DefaultTypeAdaptersTest.java: Recompile with -Xlint:deprecation for details.
[[1;33mWARNING[m] /tmp/v2/gson/target/clover/src-test-instrumented/com/google/gson/functional/ParameterizedTypesTest.java: Some input files use unchecked or unsafe operations.
[[1;33mWARNING[m] /tmp/v2/gson/target/clover/src-test-instrumented/com/google/gson/functional/ParameterizedTypesTest.java: Recompile with -Xlint:unchecked for details.
[[1;34mINFO[m] 
[[1;34mINFO[m] [1m--- [0;32mmaven-surefire-plugin:2.12.4:test[m [1m(default-test)[m @ [36mgson[0;1m ---[m
[[1;34mINFO[m] Surefire report directory: /tmp/v2/gson/target/surefire-reports

-------------------------------------------------------
 T E S T S
-------------------------------------------------------
Running com.google.gson.CamelCaseSeparatorNamingPolicyTest
Tests run: 5, Failures: 0, Errors: 0, Skipped: 0, Time elapsed: 0.046 sec
Running com.google.gson.DefaultDateTypeAdapterTest
Tests run: 3, Failures: 0, Errors: 0, Skipped: 0, Time elapsed: 0.026 sec
Running com.google.gson.GenericArrayTypeImplTest
Tests run: 2, Failures: 0, Errors: 0, Skipped: 0, Time elapsed: 0.008 sec
Running com.google.gson.InnerClassExclusionStrategyTest
Tests run: 4, Failures: 0, Errors: 0, Skipped: 0, Time elapsed: 0.005 sec
Running com.google.gson.GsonTypeAdapterTest
Tests run: 4, Failures: 0, Errors: 0, Skipped: 0, Time elapsed: 0.061 sec
Running com.google.gson.JsonFieldNameValidatorTest
Tests run: 10, Failures: 0, Errors: 0, Skipped: 0, Time elapsed: 0.008 sec
Running com.google.gson.JavaFieldNamingPolicyTest
Tests run: 2, Failures: 0, Errors: 0, Skipped: 0, Time elapsed: 0.003 sec
Running com.google.gson.common.TestTypes
Tests run: 0, Failures: 0, Errors: 0, Skipped: 0, Time elapsed: 0.001 sec
Running com.google.gson.GsonBuilderTest
Tests run: 1, Failures: 0, Errors: 0, Skipped: 0, Time elapsed: 0.001 sec
Running com.google.gson.JsonDeserializerExceptionWrapperTest
Tests run: 3, Failures: 0, Errors: 0, Skipped: 0, Time elapsed: 0.005 sec
Running com.google.gson.LowerCamelCaseSeparatorNamingPolicyTest
Tests run: 3, Failures: 0, Errors: 0, Skipped: 0, Time elapsed: 0.004 sec
Running com.google.gson.DisjunctionExclusionStrategyTest
Tests run: 3, Failures: 0, Errors: 0, Skipped: 0, Time elapsed: 0.003 sec
Running com.google.gson.ModifyFirstLetterNamingPolicyTest
Tests run: 8, Failures: 0, Errors: 0, Skipped: 0, Time elapsed: 0.006 sec
Running com.google.gson.NullExclusionStrategyTest
Tests run: 2, Failures: 0, Errors: 0, Skipped: 0, Time elapsed: 0 sec
Running com.google.gson.TypeInfoMapTest
Tests run: 4, Failures: 0, Errors: 0, Skipped: 0, Time elapsed: 0.006 sec
Running com.google.gson.LowerCaseNamingPolicyTest
Tests run: 3, Failures: 0, Errors: 0, Skipped: 0, Time elapsed: 0.002 sec
Running com.google.gson.TypeInfoFactoryTest
Tests run: 17, Failures: 0, Errors: 0, Skipped: 0, Time elapsed: 0.021 sec
Running com.google.gson.MemoryRefStackTest
Tests run: 4, Failures: 0, Errors: 0, Skipped: 0, Time elapsed: 0.002 sec
Running com.google.gson.JsonObjectTest
Tests run: 5, Failures: 0, Errors: 0, Skipped: 0, Time elapsed: 0.002 sec
Running com.google.gson.metrics.PerformanceTest
Tests run: 1, Failures: 0, Errors: 0, Skipped: 0, Time elapsed: 0.001 sec
Running com.google.gson.ParameterizedTypeImplTest
Tests run: 2, Failures: 0, Errors: 0, Skipped: 0, Time elapsed: 0.001 sec
Running com.google.gson.ParameterizedTypeHandlerMapTest
Jan 10, 2021 12:26:36 PM com.google.gson.ParameterizedTypeHandlerMap register
WARNING: Overriding the existing type handler for class java.lang.String
Tests run: 5, Failures: 0, Errors: 0, Skipped: 0, Time elapsed: 0.007 sec
Running com.google.gson.EscaperTest
Tests run: 15, Failures: 0, Errors: 0, Skipped: 0, Time elapsed: 0.01 sec
Running com.google.gson.DefaultMapJsonSerializerTest
Tests run: 2, Failures: 0, Errors: 0, Skipped: 0, Time elapsed: 0 sec
Running com.google.gson.VersionExclusionStrategyTest
Tests run: 4, Failures: 0, Errors: 0, Skipped: 0, Time elapsed: 0.007 sec
Running com.google.gson.JsonEscapingVisitorTest
Tests run: 9, Failures: 0, Errors: 0, Skipped: 0, Time elapsed: 0.006 sec
Running com.google.gson.UpperCaseNamingPolicyTest
Tests run: 3, Failures: 0, Errors: 0, Skipped: 0, Time elapsed: 0.001 sec
Running com.google.gson.FunctionWithInternalDependenciesTest
Tests run: 1, Failures: 0, Errors: 0, Skipped: 0, Time elapsed: 0.001 sec
Running com.google.gson.functional.InternationalizationTest
Tests run: 4, Failures: 0, Errors: 0, Skipped: 0, Time elapsed: 0.003 sec
Running com.google.gson.functional.EnumTest
Tests run: 4, Failures: 0, Errors: 0, Skipped: 0, Time elapsed: 0.005 sec
Running com.google.gson.functional.ObjectTest
Tests run: 47, Failures: 0, Errors: 0, Skipped: 0, Time elapsed: 0.067 sec
Running com.google.gson.functional.FieldExclusionTest
Tests run: 3, Failures: 0, Errors: 0, Skipped: 0, Time elapsed: 0.002 sec
Running com.google.gson.functional.ExposeFieldsTest
Tests run: 8, Failures: 0, Errors: 0, Skipped: 0, Time elapsed: 0.01 sec
Running com.google.gson.functional.ParameterizedTypesTest
Tests run: 15, Failures: 0, Errors: 0, Skipped: 0, Time elapsed: 0.031 sec
Running com.google.gson.functional.PrettyPrintingTest
Tests run: 7, Failures: 0, Errors: 0, Skipped: 0, Time elapsed: 0.01 sec
Running com.google.gson.functional.CustomTypeAdaptersTest
Tests run: 16, Failures: 0, Errors: 1, Skipped: 0, Time elapsed: 0.025 sec <<< FAILURE!
testCustomAdapterInvokedForCollectionElementDeserialization(com.google.gson.functional.CustomTypeAdaptersTest)  Time elapsed: 0.006 sec  <<< ERROR!
com.google.gson.JsonParseException: The JsonDeserializer com.google.gson.DefaultTypeAdapters$CollectionTypeAdapter@5ecddf8f failed to deserialized json object ["Jacob:Tomaw"] given the type java.util.Set<com.google.gson.functional.CustomTypeAdaptersTest$StringHolder>
	at com.google.gson.JsonDeserializerExceptionWrapper.deserialize(JsonDeserializerExceptionWrapper.java:63)
	at com.google.gson.JsonDeserializationVisitor.visitUsingCustomHandler(JsonDeserializationVisitor.java:65)
	at com.google.gson.ObjectNavigator.accept(ObjectNavigator.java:96)
	at com.google.gson.JsonDeserializationContextDefault.fromJsonArray(JsonDeserializationContextDefault.java:64)
	at com.google.gson.JsonDeserializationContextDefault.deserialize(JsonDeserializationContextDefault.java:47)
	at com.google.gson.Gson.fromJson(Gson.java:379)
	at com.google.gson.Gson.fromJson(Gson.java:327)
	at com.google.gson.functional.CustomTypeAdaptersTest.__CLR4_4_1qdgntr5at(CustomTypeAdaptersTest.java:364)
	at com.google.gson.functional.CustomTypeAdaptersTest.testCustomAdapterInvokedForCollectionElementDeserialization(CustomTypeAdaptersTest.java:359)
Caused by: java.lang.ClassCastException: com.google.gson.functional.CustomTypeAdaptersTest$StringHolder cannot be cast to java.lang.Comparable
	at java.util.TreeMap.compare(TreeMap.java:1294)
	at java.util.TreeMap.put(TreeMap.java:538)
	at java.util.TreeSet.add(TreeSet.java:255)
	at com.google.gson.DefaultTypeAdapters$CollectionTypeAdapter.deserialize(DefaultTypeAdapters.java:415)
	at com.google.gson.DefaultTypeAdapters$CollectionTypeAdapter.deserialize(DefaultTypeAdapters.java:380)
	at com.google.gson.JsonDeserializerExceptionWrapper.deserialize(JsonDeserializerExceptionWrapper.java:50)
	... 35 more

Running com.google.gson.functional.ReadersWritersTest
Tests run: 6, Failures: 0, Errors: 0, Skipped: 0, Time elapsed: 0.004 sec
Running com.google.gson.functional.CustomDeserializerTest
Tests run: 2, Failures: 0, Errors: 0, Skipped: 0, Time elapsed: 0.003 sec
Running com.google.gson.functional.DefaultTypeAdaptersTest
Tests run: 28, Failures: 0, Errors: 0, Skipped: 0, Time elapsed: 0.027 sec
Running com.google.gson.functional.NullObjectAndFieldTest
Tests run: 12, Failures: 0, Errors: 0, Skipped: 0, Time elapsed: 0.009 sec
Running com.google.gson.functional.MapTest
Tests run: 17, Failures: 0, Errors: 0, Skipped: 0, Time elapsed: 0.016 sec
Running com.google.gson.functional.VersioningTest
Tests run: 10, Failures: 0, Errors: 0, Skipped: 0, Time elapsed: 0.012 sec
Running com.google.gson.functional.EscapingTest
Tests run: 2, Failures: 0, Errors: 0, Skipped: 0, Time elapsed: 0.002 sec
Running com.google.gson.functional.CollectionTest
Tests run: 22, Failures: 0, Errors: 0, Skipped: 0, Time elapsed: 0.024 sec
Running com.google.gson.functional.ArrayTest
Tests run: 13, Failures: 0, Errors: 0, Skipped: 0, Time elapsed: 0.012 sec
Running com.google.gson.functional.PrintFormattingTest
Tests run: 1, Failures: 0, Errors: 0, Skipped: 0, Time elapsed: 0.001 sec
Running com.google.gson.functional.StringTest
Tests run: 19, Failures: 0, Errors: 0, Skipped: 0, Time elapsed: 0.012 sec
Running com.google.gson.functional.UncategorizedTest
Tests run: 4, Failures: 0, Errors: 0, Skipped: 0, Time elapsed: 0.005 sec
Running com.google.gson.functional.NamingPolicyTest
Tests run: 5, Failures: 0, Errors: 0, Skipped: 0, Time elapsed: 0.006 sec
Running com.google.gson.functional.ConcurrencyTest
Tests run: 4, Failures: 0, Errors: 0, Skipped: 0, Time elapsed: 0.031 sec
Running com.google.gson.functional.PrimitiveTest
Tests run: 64, Failures: 0, Errors: 0, Skipped: 0, Time elapsed: 0.044 sec
Running com.google.gson.TypeInfoArrayTest
Tests run: 10, Failures: 0, Errors: 0, Skipped: 0, Time elapsed: 0.006 sec
Running com.google.gson.ExposeAnnotationBasedExclusionStrategyTest
Tests run: 3, Failures: 0, Errors: 0, Skipped: 0, Time elapsed: 0.001 sec
Running com.google.gson.TypeInfoTest
Tests run: 9, Failures: 0, Errors: 0, Skipped: 0, Time elapsed: 0.004 sec
Running com.google.gson.SerializedNameAnnotationInterceptingNamingPolicyTest
Tests run: 2, Failures: 0, Errors: 0, Skipped: 0, Time elapsed: 0.001 sec
Running com.google.gson.JsonPrimitiveTest
Tests run: 5, Failures: 0, Errors: 0, Skipped: 0, Time elapsed: 0.002 sec
Running com.google.gson.TypeUtilsTest
Tests run: 5, Failures: 0, Errors: 0, Skipped: 0, Time elapsed: 0.002 sec
Running com.google.gson.LongSerializationPolicyTest
Tests run: 2, Failures: 0, Errors: 0, Skipped: 0, Time elapsed: 0.001 sec
Running com.google.gson.StringUnmarshallerTest
Tests run: 11, Failures: 0, Errors: 0, Skipped: 0, Time elapsed: 0.005 sec

Results :

Tests in error: 
  testCustomAdapterInvokedForCollectionElementDeserialization(com.google.gson.functional.CustomTypeAdaptersTest): The JsonDeserializer com.google.gson.DefaultTypeAdapters$CollectionTypeAdapter@5ecddf8f failed to deserialized json object ["Jacob:Tomaw"] given the type java.util.Set<com.google.gson.functional.CustomTypeAdaptersTest$StringHolder>

Tests run: 485, Failures: 0, Errors: 1, Skipped: 0

[[1;34mINFO[m] [1m------------------------------------------------------------------------[m
[[1;34mINFO[m] [1;31mBUILD FAILURE[m
[[1;34mINFO[m] [1m------------------------------------------------------------------------[m
[[1;34mINFO[m] Total time:  6.443 s
[[1;34mINFO[m] Finished at: 2021-01-10T12:26:36+01:00
[[1;34mINFO[m] [1m------------------------------------------------------------------------[m
[[1;31mERROR[m] Failed to execute goal [32morg.apache.maven.plugins:maven-surefire-plugin:2.12.4:test[m [1m(default-test)[m on project [36mgson[m: [1;31mThere are test failures.[m
[[1;31mERROR[m] [1;31m[m
[[1;31mERROR[m] [1;31mPlease refer to /tmp/v2/gson/target/surefire-reports for the individual test results.[m
[[1;31mERROR[m] -> [1m[Help 1][m
[[1;31mERROR[m] 
[[1;31mERROR[m] To see the full stack trace of the errors, re-run Maven with the [1m-e[m switch.
[[1;31mERROR[m] Re-run Maven using the [1m-X[m switch to enable full debug logging.
[[1;31mERROR[m] 
[[1;31mERROR[m] For more information about the errors and possible solutions, please read the following articles:
[[1;31mERROR[m] [1m[Help 1][m http://cwiki.apache.org/confluence/display/MAVEN/MojoFailureException
Writing HTML report to '/tmp/v2/gson/target/clover/report'
Done. Processed 6 packages in 1304ms (217ms per package).
[INFO] /tmp/v1/gson/src/main/java/com/google/gson/DefaultTypeAdapters.java
[INFO] /tmp/v2/gson/src/main/java/com/google/gson/DefaultTypeAdapters.java
[INFO] com.google.gson.DefaultTypeAdapters:[458, 458] are modified.
[INFO] /tmp/v1/gson/src/main/java/com/google/gson/GsonBuilder.java
[INFO] /tmp/v2/gson/src/main/java/com/google/gson/GsonBuilder.java
[INFO] /tmp/v1/gson/src/main/java/com/google/gson/Gson.java
[INFO] /tmp/v2/gson/src/main/java/com/google/gson/Gson.java
[INFO] com.google.gson.Gson:[86, 86, 86, 406, 405, 407, 407, 408, 408, 412, 412, 413] are modified.
[INFO] com.google.gson.Gson:[403, 403, 403, 403, 403, 403, 403, 403, 403] are modified.
[INFO] /tmp/v1/gson/src/main/java/com/google/gson/JsonArray.java
[INFO] /tmp/v2/gson/src/main/java/com/google/gson/JsonArray.java
[INFO] /tmp/v1/gson/src/main/java/com/google/gson/JsonCompactFormatter.java
[INFO] /tmp/v2/gson/src/main/java/com/google/gson/JsonCompactFormatter.java
[INFO] com.google.gson.JsonCompactFormatter:[38, 38, 54, 54, 93] are modified.
[INFO] com.google.gson.JsonCompactFormatter:93 covered.
[INFO] com.google.gson.JsonCompactFormatter:54 covered.
[INFO] com.google.gson.JsonCompactFormatter:38 covered.
[INFO] com.google.gson.JsonCompactFormatter:[38, 54, 93] are modified.
[INFO] /tmp/v1/gson/src/main/java/com/google/gson/JsonDeserializationVisitor.java
[INFO] /tmp/v2/gson/src/main/java/com/google/gson/JsonDeserializationVisitor.java
[INFO] com.google.gson.JsonDeserializationVisitor:[32, 32, 32] are modified.
[INFO] /tmp/v1/gson/src/main/java/com/google/gson/JsonElement.java
[INFO] /tmp/v2/gson/src/main/java/com/google/gson/JsonElement.java
[INFO] com.google.gson.JsonElement:[315] are modified.
[INFO] com.google.gson.JsonElement:315 covered.
[INFO] com.google.gson.JsonElement:[315, 317, 319, 320, 320, 320] are modified.
[INFO] com.google.gson.JsonElement:317 covered.
[INFO] /tmp/v1/gson/src/main/java/com/google/gson/JsonEscapingVisitor.java
[INFO] /tmp/v2/gson/src/main/java/com/google/gson/JsonEscapingVisitor.java
[INFO] com.google.gson.JsonEscapingVisitor:[66, 64, 64, 65, 65, 65, 62, 62] are modified.
[INFO] com.google.gson.JsonEscapingVisitor:66 covered.
[INFO] com.google.gson.JsonEscapingVisitor:64 covered.
[INFO] com.google.gson.JsonEscapingVisitor:65 covered.
[INFO] com.google.gson.JsonEscapingVisitor:62 covered.
[INFO] com.google.gson.JsonEscapingVisitor:[62] are modified.
[INFO] /tmp/v1/gson/src/main/java/com/google/gson/JsonNull.java
[INFO] /tmp/v2/gson/src/main/java/com/google/gson/JsonNull.java
[INFO] /tmp/v1/gson/src/main/java/com/google/gson/JsonObject.java
[INFO] /tmp/v2/gson/src/main/java/com/google/gson/JsonObject.java
[INFO] /tmp/v1/gson/src/main/java/com/google/gson/JsonPrimitive.java
[INFO] /tmp/v2/gson/src/main/java/com/google/gson/JsonPrimitive.java
[INFO] com.google.gson.JsonPrimitive:[316, 309, 310, 309] are modified.
[INFO] com.google.gson.JsonPrimitive:309 covered.
[INFO] com.google.gson.JsonPrimitive:310 covered.
[INFO] com.google.gson.JsonPrimitive:316 covered.
[INFO] com.google.gson.JsonPrimitive:[310, 315] are modified.
[INFO] com.google.gson.JsonPrimitive:315 covered.
[INFO] /tmp/v1/gson/src/main/java/com/google/gson/JsonSerializationVisitor.java
[INFO] /tmp/v2/gson/src/main/java/com/google/gson/JsonSerializationVisitor.java
[INFO] com.google.gson.JsonSerializationVisitor:[106, 113, 114, 114, 163] are modified.
[INFO] com.google.gson.JsonSerializationVisitor:163 covered.
[INFO] com.google.gson.JsonSerializationVisitor:106 covered.
[INFO] com.google.gson.JsonSerializationVisitor:114 covered.
[INFO] com.google.gson.JsonSerializationVisitor:[159, 106, 106, 106] are modified.
[INFO] com.google.gson.JsonSerializationVisitor:159 covered.
[INFO] /tmp/v1/gson/src/main/java/com/google/gson/JsonTreeNavigator.java
[INFO] /tmp/v2/gson/src/main/java/com/google/gson/JsonTreeNavigator.java
[INFO] com.google.gson.JsonTreeNavigator:[37, 71, 71, 98, 100] are modified.
[INFO] com.google.gson.JsonTreeNavigator:37 covered.
[INFO] com.google.gson.JsonTreeNavigator:71 covered.
[INFO] com.google.gson.JsonTreeNavigator:98 covered.
[INFO] com.google.gson.JsonTreeNavigator:100 covered.
[INFO] com.google.gson.JsonTreeNavigator:[98] are modified.
[INFO] /tmp/v1/gson/src/main/java/com/google/gson/MappedObjectConstructor.java
[INFO] /tmp/v2/gson/src/main/java/com/google/gson/MappedObjectConstructor.java
[INFO] com.google.gson.MappedObjectConstructor:[38, 45, 45] are modified.
[INFO] com.google.gson.MappedObjectConstructor:45 covered.
[INFO] com.google.gson.MappedObjectConstructor:[38, 46, 38] are modified.
[INFO] com.google.gson.MappedObjectConstructor:46 covered.
[INFO] /tmp/v1/gson/src/main/java/com/google/gson/ParameterizedTypeHandlerMap.java
[INFO] /tmp/v2/gson/src/main/java/com/google/gson/ParameterizedTypeHandlerMap.java
[INFO] com.google.gson.ParameterizedTypeHandlerMap:[45, 74, 75, 75, 75, 76, 77, 79, 79, 79, 80, 80, 100, 101, 101, 101, 102, 103, 103, 103, 106, 106, 112, 102, 100, 85, 86, 86, 117, 117, 117] are modified.
[INFO] com.google.gson.ParameterizedTypeHandlerMap:75 covered.
[INFO] com.google.gson.ParameterizedTypeHandlerMap:76 covered.
[INFO] com.google.gson.ParameterizedTypeHandlerMap:77 covered.
[INFO] com.google.gson.ParameterizedTypeHandlerMap:100 covered.
[INFO] com.google.gson.ParameterizedTypeHandlerMap:102 covered.
[INFO] com.google.gson.ParameterizedTypeHandlerMap:106 covered.
[INFO] com.google.gson.ParameterizedTypeHandlerMap:112 covered.
[INFO] com.google.gson.ParameterizedTypeHandlerMap:85 covered.
[INFO] com.google.gson.ParameterizedTypeHandlerMap:86 covered.
[INFO] com.google.gson.ParameterizedTypeHandlerMap:117 covered.
[INFO] com.google.gson.ParameterizedTypeHandlerMap:79 covered.
[INFO] com.google.gson.ParameterizedTypeHandlerMap:80 covered.
[INFO] com.google.gson.ParameterizedTypeHandlerMap:45 covered.
[INFO] com.google.gson.ParameterizedTypeHandlerMap:[38, 39, 49] are modified.
[INFO] com.google.gson.ParameterizedTypeHandlerMap:49 covered.
[INFO] /tmp/v1/gson/src/test/java/com/google/gson/functional/ArrayTest.java
[INFO] /tmp/v2/gson/src/test/java/com/google/gson/functional/ArrayTest.java
[INFO] Build modified Tests /tmp/v2/gson/src/test/java/com/google/gson/functional/ArrayTest.java
[INFO] /tmp/v1/gson/src/test/java/com/google/gson/ParameterizedTypeHandlerMapTest.java
[INFO] /tmp/v2/gson/src/test/java/com/google/gson/ParameterizedTypeHandlerMapTest.java
[INFO] Build modified Tests /tmp/v2/gson/src/test/java/com/google/gson/ParameterizedTypeHandlerMapTest.java
[INFO] Saving result in /tmp/v1/gson/testsThatExecuteTheChange.csv ...
[INFO] com.google.gson.functional.NamingPolicyTest;testGsonWithNonDefaultFieldNamingPolicyDeserialiation;testGsonWithSerializedNameFieldNamingPolicySerialization;testGsonWithNonDefaultFieldNamingPolicySerialization;testGsonDuplicateNameUsingSerializedNameFieldNamingPolicySerialization;testGsonWithSerializedNameFieldNamingPolicyDeserialization
com.google.gson.functional.ArrayTest;testEmptyArraySerialization;testArrayOfPrimitivesWithCustomTypeAdapter;testTopLevelEnumInASingleElementArrayDeserialization;testEmptyArrayDeserialization;testArrayOfCollectionSerialization;testTopLevelArrayOfIntsDeserialization;testNullsInArraySerialization;testArrayOfStringsSerialization;testTopLevelArrayOfIntsSerialization;testArrayOfStringsDeserialization;testArrayOfCollectionDeserialization;testNullsInArrayDeserialization
com.google.gson.functional.ParameterizedTypesTest;testVariableTypeFieldsAndGenericArraysSerialization;testParameterizedTypeWithReaderDeserialization;testTypesWithMultipleParametersSerialization;testParameterizedTypeGenericArraysSerialization;testParameterizedTypeWithVariableTypeDeserialization;testVariableTypeArrayDeserialization;testParameterizedTypeWithCustomSerializer;testParameterizedTypeDeserialization;testParameterizedTypeGenericArraysDeserialization;testVariableTypeDeserialization;testVariableTypeFieldsAndGenericArraysDeserialization;testParameterizedTypesWithWriterSerialization;testParameterizedTypesSerialization;testTypesWithMultipleParametersDeserialization;testParameterizedTypesWithCustomDeserializer
com.google.gson.functional.ObjectTest;testInnerClassSerialization;testNullArraysDeserialization;testAnonymousLocalClassesSerialization;testArrayOfArraysDeserialization;testSubInterfacesOfCollectionDeserialization;testInheritenceDeserialization;testNullPrimitiveFieldsDeserialization;testClassWithObjectFieldSerialization;testObjectFieldNamesWithoutQuotesDeserialization;testArrayOfArraysSerialization;testClassWithTransientFieldsSerialization;testClassWithNoFieldsSerialization;testStringFieldWithNumberValueDeserialization;testBagOfPrimitiveWrappersDeserialization;testEmptyCollectionInAnObjectSerialization;testPrimitiveArrayFieldSerialization;testBagOfPrimitiveWrappersSerialization;testDirectedAcyclicGraphDeserialization;testClassWithEnumFieldDeserialization;testCircularSerialization;testSelfReferenceSerialization;testClassWithTransientFieldsDeserialization;testPrivateNoArgConstructorDeserialization;testClassWithEnumFieldSerialization;testBagOfPrimitivesSerialization;testInheritenceSerialization;testNullObjectFieldsDeserialization;testSubInterfacesOfCollectionSerialization;testNestedDeserialization;testNullFieldsSerialization;testClassWithNoFieldsDeserialization;testJsonInMixedQuotesDeserialization;testArrayOfObjectsDeserialization;testClassWithTransientFieldsDeserializationTransientFieldsPassedInJsonAreIgnored;testInnerClassDeserialization;testDirectedAcyclicGraphSerialization;testNullFieldsDeserialization;testPrimitiveArrayInAnObjectDeserialization;testTopLevelEnumSerialization;testTopLevelEnumDeserialization;testEmptyCollectionInAnObjectDeserialization;testBagOfPrimitivesDeserialization;testArrayOfObjectsSerialization;testJsonInSingleQuotesDeserialization;testNestedSerialization
com.google.gson.functional.PrintFormattingTest;testCompactFormattingLeavesNoWhiteSpace
com.google.gson.functional.DefaultTypeAdaptersTest;testDefaultDateSerialization;testPropertiesDeserialization;testLocaleDeserializationWithLanguageCountry;testDateSerializationWithPattern;testUrlNullSerialization;testLocaleSerializationWithLanguageCountryVariant;testBigDecimalFieldSerialization;testUrlDeserialization;testLocaleSerializationWithLanguageCountry;testUuidDeserialization;testPropertiesSerialization;testUrlSerialization;testUrlNullDeserialization;testLocaleDeserializationWithLanguage;testBigIntegerFieldDeserialization;testDefaultDateDeserialization;testUuidSerialization;testDateDeserializationWithPattern;testUriSerialization;testLocaleSerializationWithLanguage;testDefaultDateSerializationUsingBuilder;testBigIntegerFieldSerialization;testSetSerialization;testDefaultDateDeserializationUsingBuilder;testBigDecimalFieldDeserialization;testLocaleDeserializationWithLanguageCountryVariant;testUriDeserialization
com.google.gson.functional.PrimitiveTest;testDoubleInfinitySerialization;testBigDecimalInASingleElementArraySerialization;testPrimitiveIntegerAutoboxedDeserialization;testBigDecimalSerialization;testFloatInfinitySerialization;testNumberDeserialization;testLongAsStringSerialization;testPrimitiveIntegerAutoboxedSerialization;testBigIntegerInASingleElementArraySerialization;testBigDecimalDeserialization;testBigDecimalPreservePrecisionDeserialization;testNegativeInfinitySerialization;testBigDecimalInfinityDeserializationNotSupported;testBigDecimalNaNDeserializationNotSupported;testDoubleInfinityDeserialization;testPrimitiveDoubleAutoboxedInASingleElementArrayDeserialization;testSmallValueForBigIntegerDeserialization;testDoubleNoFractAsStringRepresentationDeserialization;testBigDecimalAsStringRepresentationDeserialization;testPrimitiveLongAutoboxedInASingleElementArrayDeserialization;testFloatNaNDeserialization;testPrimitiveDoubleAutoboxedSerialization;testBigIntegerSerialization;testDoubleAsStringRepresentationDeserialization;testSmallValueForBigDecimalSerialization;testDoubleNaNDeserialization;testDoubleNaNSerializationNotSupportedByDefault;testNegativeInfinityDeserialization;testLongAsStringDeserialization;testNegativeInfinitySerializationNotSupportedByDefault;testPrimitiveBooleanAutoboxedDeserialization;testFloatInfinityDeserialization;testFloatNaNSerializationNotSupportedByDefault;testPrimitiveDoubleAutoboxedInASingleElementArraySerialization;testNumberSerialization;testBigDecimalNegativeInfinityDeserializationNotSupported;testBigDecimalNoFractAsStringRepresentationDeserialization;testDoubleNaNSerialization;testNegativeInfinityFloatSerialization;testNegativeInfinityFloatSerializationNotSupportedByDefault;testPrimitiveIntegerAutoboxedInASingleElementArraySerialization;testPrimitiveLongAutoboxedDeserialization;testHtmlCharacterSerialization;testBadValueForBigIntegerDeserialization;testReallyLongValuesSerialization;testPrimitiveBooleanAutoboxedSerialization;testBigIntegerInASingleElementArrayDeserialization;testOverridingDefaultPrimitiveSerialization;testFloatInfinitySerializationNotSupportedByDefault;testReallyLongValuesDeserialization;testFloatNaNSerialization;testPrimitiveLongAutoboxedInASingleElementArraySerialization;testNegativeInfinityFloatDeserialization;testPrimitiveBooleanAutoboxedInASingleElementArraySerialization;testPrimitiveLongAutoboxedSerialization;testDoubleInfinitySerializationNotSupportedByDefault;testSmallValueForBigIntegerSerialization;testBigDecimalInASingleElementArrayDeserialization;testBigIntegerDeserialization;testPrimitiveDoubleAutoboxedDeserialization;testBigDecimalPreservePrecisionSerialization;testSmallValueForBigDecimalDeserialization;testPrimitiveIntegerAutoboxedInASingleElementArrayDeserialization;testPrimitiveBooleanAutoboxedInASingleElementArrayDeserialization
com.google.gson.functional.VersioningTest;testVersionedClassesSerialization;testVersionedClassesDeserialization;testIgnoreLaterVersionClassSerialization;testVersionedGsonMixingSinceAndUntilDeserialization;testVersionedGsonMixingSinceAndUntilSerialization;testVersionedUntilSerialization;testVersionedUntilDeserialization;testIgnoreLaterVersionClassDeserialization;testVersionedGsonWithUnversionedClassesSerialization;testVersionedGsonWithUnversionedClassesDeserialization
com.google.gson.functional.ExposeFieldsTest;testExposeAnnotationSerialization;testNoExposedFieldSerialization;testNullExposeFieldSerialization;testExposedInterfaceFieldDeserialization;testNoExposedFieldDeserialization;testArrayWithOneNullExposeFieldObjectSerialization;testExposedInterfaceFieldSerialization;testExposeAnnotationDeserialization
com.google.gson.functional.CustomDeserializerTest;testDefaultConstructorNotCalledOnObject;testDefaultConstructorNotCalledOnField
com.google.gson.functional.FieldExclusionTest;testDefaultNestedStaticClassIncluded;testDefaultInnerClassExclusion;testInnerClassExclusion
com.google.gson.functional.ConcurrencyTest;testSingleThreadSerialization;testMultiThreadSerialization;testSingleThreadDeserialization;testMultiThreadDeserialization
com.google.gson.functional.EnumTest;testEnumSerialization;testEnumFieldSerialization;testEnumDeserialization;testEnumFieldDeserialization
com.google.gson.functional.CustomTypeAdaptersTest;testCustomTypeAdapterDoesNotAppliesToSubClasses;testCustomTypeAdapterAppliesToSubClassesSerializedAsBaseClass;testCustomAdapterInvokedForCollectionElementDeserialization;testCustomAdapterInvokedForMapElementSerializationWithType;testCustomDeserializers;testCustomNestedDeserializers;testCustomAdapterInvokedForCollectionElementSerializationWithType;testCustomAdapterInvokedForMapElementSerialization;testCustomSerializerForLong;testCustomSerializers;testCustomNestedSerializers;testCustomByteArraySerializer;testCustomAdapterInvokedForCollectionElementSerialization;testCustomAdapterInvokedForMapElementDeserialization;testCustomByteArrayDeserializerAndInstanceCreator;testCustomDeserializerForLong
com.google.gson.functional.ReadersWritersTest;testTopLevelNullObjectDeserializationWithReaderAndSerializeNulls;testTopLevelNullObjectSerializationWithWriterAndSerializeNulls;testWriterForSerialization;testReaderForDeserialization
com.google.gson.functional.UncategorizedTest;testStaticFieldsAreNotSerialized;testObjectEqualButNotSameSerialization;testReturningDerivedClassesDuringDeserialization
com.google.gson.functional.EscapingTest;testEscapingQuotesInStringArray;testEscapingObjectFields
com.google.gson.functional.CollectionTest;testWildcardPrimitiveCollectionDeserilaization;testNullsInListSerialization;testTopLevelCollectionOfIntegersSerialization;testWildcardPrimitiveCollectionSerilaization;testNullsInListDeserialization;testQueueSerialization;testCollectionOfStringsSerialization;testCollectionOfEnumsSerialization;testCollectionOfStringsDeserialization;testLinkedListDeserialization;testRawCollectionSerialization;testWildcardCollectionField;testRawCollectionDeserializationNotAlllowed;testRawCollectionOfBagOfPrimitivesNotAllowed;testRawCollectionOfIntegersSerialization;testQueueDeserialization;testTopLevelCollectionOfIntegersDeserialization;testTopLevelListOfIntegerCollectionsDeserialization;testCollectionOfObjectSerialization;testCollectionOfEnumsDeserialization;testCollectionOfBagOfPrimitivesSerialization;testLinkedListSerialization
com.google.gson.functional.StringTest;testStringValueSerialization;testEscapingQuotesInStringDeserialization;testEscapingQuotesInStringSerialization;testStringValueAsSingleElementArrayDeserialization;testJavascriptKeywordsInStringDeserialization;testEscapedBackslashInStringDeserialization;testAssignmentCharDeserialization;testEscapedCtrlNInStringDeserialization;testAssignmentCharSerialization;testJavascriptKeywordsInStringSerialization;testStringValueAsSingleElementArraySerialization;testEscapedCtrlNInStringSerialization;testEscapedCtrlRInStringDeserialization;testSingleQuoteInStringSerialization;testEscapedCtrlRInStringSerialization;testStringValueDeserialization;testStringWithEscapedSlashDeserialization;testSingleQuoteInStringDeserialization;testEscapedBackslashInStringSerialization
com.google.gson.functional.MapTest;testMapSubclassSerialization;testMapSerializationEmpty;testMapSerializationWithNullValueButSerializeNulls;testMapSerializationWithNullValue;testRawMapSerialization;testMapSerializationWithIntegerKeys;testParameterizedMapSubclassDeserialization;testMapDeserializationWithWildcardValues;testMapDeserializationWithIntegerKeys;testMapSerializationWithNullKey;testMapDeserialization;testMapDeserializationEmpty;testMapSerializationWithWildcardValues;testParameterizedMapSubclassSerialization;testMapDeserializationWithNullKey;testMapSerialization;testMapDeserializationWithNullValue
com.google.gson.functional.InternationalizationTest;testStringsWithUnicodeChineseCharactersSerialization;testStringsWithRawChineseCharactersDeserialization;testStringsWithUnicodeChineseCharactersDeserialization;testStringsWithUnicodeChineseCharactersEscapedDeserialization
com.google.gson.GsonTypeAdapterTest;testDefaultTypeAdapterThrowsParseException;testTypeAdapterDoesNotAffectNonAdaptedTypes;testTypeAdapterThrowsException;testTypeAdapterProperlyConvertsTypes
com.google.gson.functional.PrettyPrintingTest;testPrettyPrintArrayOfObjects;testPrettyPrintArrayOfPrimitiveArrays;testPrettyPrintList;testMultipleArrays;testPrettyPrintListOfPrimitiveArrays;testMap;testPrettyPrintArrayOfPrimitives
com.google.gson.functional.NullObjectAndFieldTest;testExplicitSerializationOfNulls;testExplicitSerializationOfNullStringMembers;testTopLevelNullObjectSerialization;testCustomSerializationOfNulls;testPrintPrintingArraysWithNulls;testPrintPrintingObjectWithNulls;testNullWrappedPrimitiveMemberDeserialization;testNullWrappedPrimitiveMemberSerialization;testExplicitSerializationOfNullArrayMembers;testTopLevelNullObjectDeserialization;testExplicitDeserializationOfNulls;testExplicitSerializationOfNullCollectionMembers
com.google.gson.JsonDeserializerExceptionWrapperTest;testWrappedExceptionPropagation
com.google.gson.JsonEscapingVisitorTest;testNonStringFieldVisitation;testNonStringArrayVisitation;testStringPrimitiveVisitationEscapingRequired;testStringFieldVisitationNoEscaping;testStringFieldVisitationEscapingRequired;testStringArrayVisitationEscapingRequired;testStringPrimitiveVisitationNoEscapingRequired;testNonStringPrimitiveVisitation;testStringArrayVisitationNoEscaping
com.google.gson.FunctionWithInternalDependenciesTest;testAnonymousLocalClassesSerialization
com.google.gson.GsonBuilderTest;testCreatingMoreThanOnce
com.google.gson.ParameterizedTypeHandlerMapTest;testTypeOverridding;testMakeUnmodifiable
[INFO] Writing Coverage in /tmp/v1/gson/testsThatExecuteTheChange_coverage.csv
[INFO] com.google.gson.JsonCompactFormatter;3;3

[INFO] com.google.gson.JsonElement;2;4

[INFO] com.google.gson.JsonEscapingVisitor;4;4

[INFO] com.google.gson.JsonPrimitive;4;4

[INFO] com.google.gson.JsonSerializationVisitor;4;5

[INFO] com.google.gson.JsonTreeNavigator;4;4

[INFO] com.google.gson.MappedObjectConstructor;2;3

[INFO] com.google.gson.ParameterizedTypeHandlerMap;14;19

[INFO] total;37;46

[INFO] ------------------------------------------------------------------------
[INFO] BUILD SUCCESS
[INFO] ------------------------------------------------------------------------
[INFO] Total time:  23.340 s
[INFO] Finished at: 2021-01-10T12:26:40+01:00
[INFO] ------------------------------------------------------------------------
