[INFO] Scanning for projects...
[WARNING] 
[WARNING] Some problems were encountered while building the effective model for com.google.code.gson:gson:jar:2.8.6-SNAPSHOT
[WARNING] 'build.plugins.plugin.version' for org.apache.maven.plugins:maven-jar-plugin is missing. @ com.google.code.gson:gson:[unknown-version], /tmp/v1/gson/pom.xml, line 46, column 15
[WARNING] 
[WARNING] It is highly recommended to fix these problems because they threaten the stability of your build.
[WARNING] 
[WARNING] For this reason, future Maven versions might no longer support building such malformed projects.
[WARNING] 
[INFO] 
[INFO] ---------------------< com.google.code.gson:gson >----------------------
[INFO] Building Gson 2.8.6-SNAPSHOT
[INFO] --------------------------------[ jar ]---------------------------------
[INFO] 
[INFO] --- maven-clean-plugin:2.5:clean (default-clean) @ gson ---
[INFO] Deleting /tmp/v1/gson/target
[INFO] 
[INFO] --- dspot-diff-test-selection:3.1.1-SNAPSHOT:list (default-cli) @ gson ---
[INFO] Running on:
[INFO] /tmp/v1/gson
[INFO] /tmp/v2/gson/
[WARNING] No path to diff file has been specified.
[WARNING] I'll compute a diff file using the UNIX diff command
[WARNING] You may encounter troubles.
[WARNING] If so, please specify a path to a correct diff file
[WARNING] or implement a new way to compute a diff file.
[INFO] Computing the diff with diff commnd line
[INFO] The diff will be computed between:
[INFO] /tmp/v1/gson/src and 
[INFO] /tmp/v2/gson/src
[INFO] Executing: diff -ru /tmp/v1/gson/src /tmp/v2/gson/src from /tmp/v1/gson/src
[INFO] Running in enhanced mode...
[INFO] Computing coverage for /tmp/v1/gson
[WARN] Maven will be executed in interactive mode, but no input stream has been configured for this MavenInvoker instance.
WARNING: An illegal reflective access operation has occurred
WARNING: Illegal reflective access by com.google.inject.internal.cglib.core.$ReflectUtils$1 (file:/usr/share/maven/lib/guice.jar) to method java.lang.ClassLoader.defineClass(java.lang.String,byte[],int,int,java.security.ProtectionDomain)
WARNING: Please consider reporting this to the maintainers of com.google.inject.internal.cglib.core.$ReflectUtils$1
WARNING: Use --illegal-access=warn to enable warnings of further illegal reflective access operations
WARNING: All illegal access operations will be denied in a future release
[[1;34mINFO[m] Scanning for projects...
[[1;33mWARNING[m] 
[[1;33mWARNING[m] Some problems were encountered while building the effective model for com.google.code.gson:gson:jar:2.8.6-SNAPSHOT
[[1;33mWARNING[m] 'build.plugins.plugin.version' for org.apache.maven.plugins:maven-jar-plugin is missing. @ com.google.code.gson:gson:[unknown-version], /tmp/v1/gson/pom.xml, line 46, column 15
[[1;33mWARNING[m] 
[[1;33mWARNING[m] It is highly recommended to fix these problems because they threaten the stability of your build.
[[1;33mWARNING[m] 
[[1;33mWARNING[m] For this reason, future Maven versions might no longer support building such malformed projects.
[[1;33mWARNING[m] 
[[1;34mINFO[m] 
[[1;34mINFO[m] [1m---------------------< [0;36mcom.google.code.gson:gson[0;1m >----------------------[m
[[1;34mINFO[m] [1mBuilding Gson 2.8.6-SNAPSHOT[m
[[1;34mINFO[m] [1m--------------------------------[ jar ]---------------------------------[m
[[1;34mINFO[m] 
[[1;34mINFO[m] [1m--- [0;32mmaven-clean-plugin:2.5:clean[m [1m(default-clean)[m @ [36mgson[0;1m ---[m
[[1;34mINFO[m] 
[[1;34mINFO[m] [1m--- [0;32mclover-maven-plugin:4.4.1:setup[m [1m(default-cli)[m @ [36mgson[0;1m ---[m
[[1;34mINFO[m] OpenClover Version 4.4.1, built on October 11 2019 (build-1020)
[[1;34mINFO[m] Creating new database at '/tmp/v1/gson/target/clover/clover.db'.
[[1;34mINFO[m] Processing files at 1.9 source level.
[[1;34mINFO[m] Clover all over. Instrumented 72 files (8 packages).
[[1;34mINFO[m] OpenClover Version 4.4.1, built on October 11 2019 (build-1020)
[[1;34mINFO[m] Updating existing database at '/tmp/v1/gson/target/clover/clover.db'.
[[1;34mINFO[m] Processing files at 1.9 source level.
[[1;34mINFO[m] Clover all over. Instrumented 101 files (10 packages).
[[1;34mINFO[m] 1041 test methods detected.
[[1;34mINFO[m] 
[[1;34mINFO[m] [1m--- [0;32mmaven-enforcer-plugin:1.0:enforce[m [1m(enforce-maven)[m @ [36mgson[0;1m ---[m
[[1;34mINFO[m] Skipping Rule Enforcement.
[[1;34mINFO[m] 
[[1;34mINFO[m] [1m--- [0;32mtemplating-maven-plugin:1.0.0:filter-sources[m [1m(filtering-java-templates)[m @ [36mgson[0;1m ---[m
[[1;34mINFO[m] Coping files with filtering to temporary directory.
[[1;34mINFO[m] Using 'UTF-8' encoding to copy filtered resources.
[[1;34mINFO[m] Copying 1 resource
[[1;34mINFO[m] Copied 1 files to output directory: /tmp/v1/gson/target/generated-sources/java-templates
[[1;34mINFO[m] Source directory: /tmp/v1/gson/target/generated-sources/java-templates added.
[[1;34mINFO[m] 
[[1;34mINFO[m] [1m--- [0;32mmaven-resources-plugin:2.6:resources[m [1m(default-resources)[m @ [36mgson[0;1m ---[m
[[1;34mINFO[m] Using 'UTF-8' encoding to copy filtered resources.
[[1;34mINFO[m] skip non existing resourceDirectory /tmp/v1/gson/src/main/resources
[[1;34mINFO[m] Copying 1 resource
[[1;34mINFO[m] 
[[1;34mINFO[m] [1m--- [0;32mmaven-compiler-plugin:3.8.0:compile[m [1m(default-compile)[m @ [36mgson[0;1m ---[m
[[1;34mINFO[m] Changes detected - recompiling the module!
[[1;34mINFO[m] Compiling 73 source files to /tmp/v1/gson/target/classes
[[1;34mINFO[m] /tmp/v1/gson/target/clover/src-instrumented/com/google/gson/internal/ConstructorConstructor.java: Some input files use or override a deprecated API.
[[1;34mINFO[m] /tmp/v1/gson/target/clover/src-instrumented/com/google/gson/internal/ConstructorConstructor.java: Recompile with -Xlint:deprecation for details.
[[1;34mINFO[m] 
[[1;34mINFO[m] [1m--- [0;32mmaven-compiler-plugin:3.8.0:compile[m [1m(base-compile)[m @ [36mgson[0;1m ---[m
[[1;34mINFO[m] Changes detected - recompiling the module!
[[1;34mINFO[m] Compiling 73 source files to /tmp/v1/gson/target/classes
[[1;34mINFO[m] /tmp/v1/gson/target/clover/src-instrumented/com/google/gson/JsonArray.java: Some input files use or override a deprecated API.
[[1;34mINFO[m] /tmp/v1/gson/target/clover/src-instrumented/com/google/gson/JsonArray.java: Recompile with -Xlint:deprecation for details.
[[1;34mINFO[m] 
[[1;34mINFO[m] [1m--- [0;32mbnd-maven-plugin:4.0.0:bnd-process[m [1m(default)[m @ [36mgson[0;1m ---[m
[[1;33mWARNING[m] /tmp/v1/gson/bnd.bnd [0:0]: Export com.google.gson,  has 1,  private references [com.google.gson.internal], 
[[1;34mINFO[m] 
[[1;34mINFO[m] [1m--- [0;32mmaven-resources-plugin:2.6:testResources[m [1m(default-testResources)[m @ [36mgson[0;1m ---[m
[[1;34mINFO[m] Using 'UTF-8' encoding to copy filtered resources.
[[1;34mINFO[m] skip non existing resourceDirectory /tmp/v1/gson/src/test/resources
[[1;34mINFO[m] 
[[1;34mINFO[m] [1m--- [0;32mmaven-compiler-plugin:3.8.0:testCompile[m [1m(default-testCompile)[m @ [36mgson[0;1m ---[m
[[1;34mINFO[m] Changes detected - recompiling the module!
[[1;34mINFO[m] Compiling 101 source files to /tmp/v1/gson/target/test-classes
[[1;34mINFO[m] /tmp/v1/gson/target/clover/src-test-instrumented/com/google/gson/common/MoreAsserts.java: Some input files use or override a deprecated API.
[[1;34mINFO[m] /tmp/v1/gson/target/clover/src-test-instrumented/com/google/gson/common/MoreAsserts.java: Recompile with -Xlint:deprecation for details.
[[1;34mINFO[m] /tmp/v1/gson/target/clover/src-test-instrumented/com/google/gson/functional/MapTest.java: Some input files use unchecked or unsafe operations.
[[1;34mINFO[m] /tmp/v1/gson/target/clover/src-test-instrumented/com/google/gson/functional/MapTest.java: Recompile with -Xlint:unchecked for details.
[[1;34mINFO[m] 
[[1;34mINFO[m] [1m--- [0;32mmaven-surefire-plugin:2.12.4:test[m [1m(default-test)[m @ [36mgson[0;1m ---[m
[[1;34mINFO[m] Surefire report directory: /tmp/v1/gson/target/surefire-reports

-------------------------------------------------------
 T E S T S
-------------------------------------------------------
Running com.google.gson.DefaultDateTypeAdapterTest
Tests run: 11, Failures: 0, Errors: 1, Skipped: 0, Time elapsed: 0.217 sec <<< FAILURE!
testParsingDatesFormattedWithSystemLocale(com.google.gson.DefaultDateTypeAdapterTest)  Time elapsed: 0.079 sec  <<< ERROR!
com.google.gson.JsonSyntaxException: jeudi 1 janvier 1970 Ã  00:00:00 Coordinated Universal Time
	at com.google.gson.DefaultDateTypeAdapter.deserializeToDate(DefaultDateTypeAdapter.java:151)
	at com.google.gson.DefaultDateTypeAdapter.read(DefaultDateTypeAdapter.java:128)
	at com.google.gson.DefaultDateTypeAdapter.read(DefaultDateTypeAdapter.java:44)
	at com.google.gson.TypeAdapter.fromJson(TypeAdapter.java:260)
	at com.google.gson.TypeAdapter.fromJson(TypeAdapter.java:273)
	at com.google.gson.DefaultDateTypeAdapterTest.assertParsed(DefaultDateTypeAdapterTest.java:196)
	at com.google.gson.DefaultDateTypeAdapterTest.__CLR4_4_14xdbqt53b(DefaultDateTypeAdapterTest.java:91)
	at com.google.gson.DefaultDateTypeAdapterTest.testParsingDatesFormattedWithSystemLocale(DefaultDateTypeAdapterTest.java:73)
	at java.base/jdk.internal.reflect.NativeMethodAccessorImpl.invoke0(Native Method)
	at java.base/jdk.internal.reflect.NativeMethodAccessorImpl.invoke(NativeMethodAccessorImpl.java:62)
	at java.base/jdk.internal.reflect.DelegatingMethodAccessorImpl.invoke(DelegatingMethodAccessorImpl.java:43)
	at java.base/java.lang.reflect.Method.invoke(Method.java:566)
	at junit.framework.TestCase.runTest(TestCase.java:176)
	at junit.framework.TestCase.runBare(TestCase.java:141)
	at junit.framework.TestResult$1.protect(TestResult.java:122)
	at junit.framework.TestResult.runProtected(TestResult.java:142)
	at junit.framework.TestResult.run(TestResult.java:125)
	at junit.framework.TestCase.run(TestCase.java:129)
	at junit.framework.TestSuite.runTest(TestSuite.java:252)
	at junit.framework.TestSuite.run(TestSuite.java:247)
	at org.junit.internal.runners.JUnit38ClassRunner.run(JUnit38ClassRunner.java:86)
	at org.apache.maven.surefire.junit4.JUnit4Provider.execute(JUnit4Provider.java:252)
	at org.apache.maven.surefire.junit4.JUnit4Provider.executeTestSet(JUnit4Provider.java:141)
	at org.apache.maven.surefire.junit4.JUnit4Provider.invoke(JUnit4Provider.java:112)
	at java.base/jdk.internal.reflect.NativeMethodAccessorImpl.invoke0(Native Method)
	at java.base/jdk.internal.reflect.NativeMethodAccessorImpl.invoke(NativeMethodAccessorImpl.java:62)
	at java.base/jdk.internal.reflect.DelegatingMethodAccessorImpl.invoke(DelegatingMethodAccessorImpl.java:43)
	at java.base/java.lang.reflect.Method.invoke(Method.java:566)
	at org.apache.maven.surefire.util.ReflectionUtils.invokeMethodWithArray(ReflectionUtils.java:189)
	at org.apache.maven.surefire.booter.ProviderFactory$ProviderProxy.invoke(ProviderFactory.java:165)
	at org.apache.maven.surefire.booter.ProviderFactory.invokeProvider(ProviderFactory.java:85)
	at org.apache.maven.surefire.booter.ForkedBooter.runSuitesInProcess(ForkedBooter.java:115)
	at org.apache.maven.surefire.booter.ForkedBooter.main(ForkedBooter.java:75)
Caused by: java.text.ParseException: Failed to parse date ["jeudi 1 janvier 1970 Ã  00:00:00 Coordinated Universal Time"]: Invalid number: jeud
	at com.google.gson.internal.bind.util.ISO8601Utils.parse(ISO8601Utils.java:274)
	at com.google.gson.DefaultDateTypeAdapter.deserializeToDate(DefaultDateTypeAdapter.java:149)
	... 32 more
Caused by: java.lang.NumberFormatException: Invalid number: jeud
	at com.google.gson.internal.bind.util.ISO8601Utils.parseInt(ISO8601Utils.java:311)
	at com.google.gson.internal.bind.util.ISO8601Utils.parse(ISO8601Utils.java:129)
	... 33 more

Running com.google.gson.InnerClassExclusionStrategyTest
Tests run: 4, Failures: 0, Errors: 0, Skipped: 0, Time elapsed: 0.001 sec
Running com.google.gson.GsonTypeAdapterTest
Tests run: 5, Failures: 0, Errors: 0, Skipped: 0, Time elapsed: 0.045 sec
Running com.google.gson.internal.LinkedHashTreeMapTest
Tests run: 15, Failures: 0, Errors: 0, Skipped: 0, Time elapsed: 0.041 sec
Running com.google.gson.internal.GsonBuildConfigTest
Tests run: 1, Failures: 0, Errors: 0, Skipped: 0, Time elapsed: 0.017 sec
Running com.google.gson.internal.LazilyParsedNumberTest
Tests run: 2, Failures: 0, Errors: 0, Skipped: 0, Time elapsed: 0.001 sec
Running com.google.gson.internal.reflect.UnsafeReflectionAccessorTest
Tests run: 1, Failures: 0, Errors: 0, Skipped: 0, Time elapsed: 0 sec
Running com.google.gson.internal.UnsafeAllocatorInstantiationTest
Tests run: 3, Failures: 0, Errors: 0, Skipped: 0, Time elapsed: 0.003 sec
Running com.google.gson.internal.GsonTypesTest
Tests run: 2, Failures: 0, Errors: 0, Skipped: 0, Time elapsed: 0.003 sec
Running com.google.gson.internal.JavaVersionTest
Tests run: 7, Failures: 0, Errors: 0, Skipped: 0, Time elapsed: 0.007 sec
Running com.google.gson.internal.bind.RecursiveTypesResolveTest
Tests run: 9, Failures: 0, Errors: 0, Skipped: 0, Time elapsed: 0.027 sec
Running com.google.gson.internal.bind.JsonTreeWriterTest
Tests run: 12, Failures: 0, Errors: 0, Skipped: 0, Time elapsed: 0.015 sec
Running com.google.gson.internal.bind.JsonElementReaderTest
Tests run: 17, Failures: 0, Errors: 0, Skipped: 0, Time elapsed: 0.017 sec
Running com.google.gson.internal.bind.JsonTreeReaderTest
Tests run: 2, Failures: 0, Errors: 0, Skipped: 0, Time elapsed: 0.002 sec
Running com.google.gson.internal.LinkedTreeMapTest
Tests run: 11, Failures: 0, Errors: 0, Skipped: 0, Time elapsed: 0.022 sec
Running com.google.gson.ParameterizedTypeTest
Tests run: 2, Failures: 0, Errors: 0, Skipped: 0, Time elapsed: 0.002 sec
Running com.google.gson.GsonBuilderTest
Tests run: 4, Failures: 0, Errors: 0, Skipped: 0, Time elapsed: 0.005 sec
Running com.google.gson.reflect.TypeTokenTest
Tests run: 6, Failures: 0, Errors: 0, Skipped: 0, Time elapsed: 0.007 sec
Running com.google.gson.DefaultInetAddressTypeAdapterTest
Tests run: 1, Failures: 0, Errors: 0, Skipped: 0, Time elapsed: 0.004 sec
Running com.google.gson.ExposeAnnotationExclusionStrategyTest
Tests run: 6, Failures: 0, Errors: 0, Skipped: 0, Time elapsed: 0.006 sec
Running com.google.gson.FieldAttributesTest
Tests run: 6, Failures: 0, Errors: 0, Skipped: 0, Time elapsed: 0.005 sec
Running com.google.gson.CommentsTest
Tests run: 1, Failures: 0, Errors: 0, Skipped: 0, Time elapsed: 0.001 sec
Running com.google.gson.regression.JsonAdapterNullSafeTest
Tests run: 2, Failures: 0, Errors: 0, Skipped: 0, Time elapsed: 0.004 sec
Running com.google.gson.JsonNullTest
Tests run: 2, Failures: 0, Errors: 0, Skipped: 0, Time elapsed: 0.001 sec
Running com.google.gson.JsonObjectTest
Tests run: 14, Failures: 0, Errors: 0, Skipped: 0, Time elapsed: 0.01 sec
Running com.google.gson.stream.JsonReaderPathTest
Tests run: 20, Failures: 0, Errors: 0, Skipped: 1, Time elapsed: 0.027 sec
Running com.google.gson.stream.JsonWriterTest
Tests run: 39, Failures: 0, Errors: 0, Skipped: 0, Time elapsed: 0.029 sec
Running com.google.gson.stream.JsonReaderTest
Tests run: 120, Failures: 0, Errors: 0, Skipped: 0, Time elapsed: 0.11 sec
Running com.google.gson.metrics.PerformanceTest
Tests run: 1, Failures: 0, Errors: 0, Skipped: 0, Time elapsed: 0 sec
Running com.google.gson.MixedStreamTest
Tests run: 12, Failures: 0, Errors: 0, Skipped: 0, Time elapsed: 0.011 sec
Running com.google.gson.DefaultMapJsonSerializerTest
Tests run: 3, Failures: 0, Errors: 0, Skipped: 0, Time elapsed: 0.004 sec
Running com.google.gson.VersionExclusionStrategyTest
Tests run: 3, Failures: 0, Errors: 0, Skipped: 0, Time elapsed: 0.004 sec
Running com.google.gson.functional.InternationalizationTest
Tests run: 4, Failures: 0, Errors: 0, Skipped: 0, Time elapsed: 0.003 sec
Running com.google.gson.functional.JsonAdapterAnnotationOnFieldsTest
Tests run: 10, Failures: 0, Errors: 0, Skipped: 0, Time elapsed: 0.017 sec
Running com.google.gson.functional.SecurityTest
Tests run: 5, Failures: 0, Errors: 0, Skipped: 0, Time elapsed: 0.006 sec
Running com.google.gson.functional.EnumTest
Tests run: 12, Failures: 0, Errors: 0, Skipped: 0, Time elapsed: 0.024 sec
Running com.google.gson.functional.ObjectTest
Tests run: 44, Failures: 0, Errors: 0, Skipped: 0, Time elapsed: 0.05 sec
Running com.google.gson.functional.RuntimeTypeAdapterFactoryFunctionalTest
Tests run: 1, Failures: 0, Errors: 0, Skipped: 0, Time elapsed: 0.004 sec
Running com.google.gson.functional.FieldExclusionTest
Tests run: 3, Failures: 0, Errors: 0, Skipped: 0, Time elapsed: 0.003 sec
Running com.google.gson.functional.ExposeFieldsTest
Tests run: 8, Failures: 0, Errors: 0, Skipped: 0, Time elapsed: 0.01 sec
Running com.google.gson.functional.SerializedNameTest
Tests run: 3, Failures: 0, Errors: 0, Skipped: 0, Time elapsed: 0.003 sec
Running com.google.gson.functional.GsonVersionDiagnosticsTest
Tests run: 3, Failures: 0, Errors: 0, Skipped: 0, Time elapsed: 0.002 sec
Running com.google.gson.functional.ThrowableFunctionalTest
Tests run: 5, Failures: 0, Errors: 0, Skipped: 0, Time elapsed: 0.008 sec
Running com.google.gson.functional.ParameterizedTypesTest
Tests run: 17, Failures: 0, Errors: 0, Skipped: 0, Time elapsed: 0.027 sec
Running com.google.gson.functional.PrettyPrintingTest
Tests run: 8, Failures: 0, Errors: 0, Skipped: 0, Time elapsed: 0.008 sec
Running com.google.gson.functional.CustomTypeAdaptersTest
Tests run: 19, Failures: 0, Errors: 0, Skipped: 0, Time elapsed: 0.02 sec
Running com.google.gson.functional.ReadersWritersTest
Tests run: 10, Failures: 0, Errors: 0, Skipped: 0, Time elapsed: 0.009 sec
Running com.google.gson.functional.CircularReferenceTest
Tests run: 6, Failures: 0, Errors: 0, Skipped: 0, Time elapsed: 0.031 sec
Running com.google.gson.functional.JsonAdapterSerializerDeserializerTest
Tests run: 3, Failures: 0, Errors: 0, Skipped: 0, Time elapsed: 0.006 sec
Running com.google.gson.functional.LeniencyTest
Tests run: 1, Failures: 0, Errors: 0, Skipped: 0, Time elapsed: 0.001 sec
Running com.google.gson.functional.RawSerializationTest
Tests run: 5, Failures: 0, Errors: 0, Skipped: 0, Time elapsed: 0.006 sec
Running com.google.gson.functional.CustomDeserializerTest
Tests run: 7, Failures: 0, Errors: 0, Skipped: 0, Time elapsed: 0.009 sec
Running com.google.gson.functional.TypeAdapterPrecedenceTest
Tests run: 8, Failures: 0, Errors: 0, Skipped: 0, Time elapsed: 0.007 sec
Running com.google.gson.functional.MoreSpecificTypeSerializationTest
Tests run: 6, Failures: 0, Errors: 0, Skipped: 0, Time elapsed: 0.009 sec
Running com.google.gson.functional.InterfaceTest
Tests run: 2, Failures: 0, Errors: 0, Skipped: 0, Time elapsed: 0.002 sec
Running com.google.gson.functional.TypeVariableTest
Tests run: 3, Failures: 0, Errors: 0, Skipped: 0, Time elapsed: 0.005 sec
Running com.google.gson.functional.ExclusionStrategyFunctionalTest
Tests run: 9, Failures: 0, Errors: 0, Skipped: 0, Time elapsed: 0.009 sec
Running com.google.gson.functional.DefaultTypeAdaptersTest
Tests run: 65, Failures: 0, Errors: 0, Skipped: 0, Time elapsed: 0.062 sec
Running com.google.gson.functional.NullObjectAndFieldTest
Tests run: 16, Failures: 0, Errors: 0, Skipped: 0, Time elapsed: 0.014 sec
Running com.google.gson.functional.MapAsArrayTypeAdapterTest
Tests run: 5, Failures: 0, Errors: 0, Skipped: 0, Time elapsed: 0.008 sec
Running com.google.gson.functional.InstanceCreatorTest
Tests run: 5, Failures: 0, Errors: 0, Skipped: 0, Time elapsed: 0.008 sec
Running com.google.gson.functional.PrimitiveCharacterTest
Tests run: 2, Failures: 0, Errors: 0, Skipped: 0, Time elapsed: 0.001 sec
Running com.google.gson.functional.MapTest
Tests run: 48, Failures: 0, Errors: 0, Skipped: 0, Time elapsed: 0.055 sec
Running com.google.gson.functional.FieldNamingTest
Tests run: 5, Failures: 0, Errors: 0, Skipped: 0, Time elapsed: 0.005 sec
Running com.google.gson.functional.VersioningTest
Tests run: 10, Failures: 0, Errors: 0, Skipped: 0, Time elapsed: 0.011 sec
Running com.google.gson.functional.DelegateTypeAdapterTest
Tests run: 2, Failures: 0, Errors: 0, Skipped: 0, Time elapsed: 0.003 sec
Running com.google.gson.functional.InheritanceTest
Tests run: 13, Failures: 0, Errors: 0, Skipped: 0, Time elapsed: 0.013 sec
Running com.google.gson.functional.TypeHierarchyAdapterTest
Tests run: 3, Failures: 0, Errors: 0, Skipped: 0, Time elapsed: 0.006 sec
Running com.google.gson.functional.CustomSerializerTest
Tests run: 5, Failures: 0, Errors: 0, Skipped: 0, Time elapsed: 0.004 sec
Running com.google.gson.functional.StreamingTypeAdaptersTest
Tests run: 17, Failures: 0, Errors: 0, Skipped: 0, Time elapsed: 0.021 sec
Running com.google.gson.functional.EscapingTest
Tests run: 5, Failures: 0, Errors: 0, Skipped: 0, Time elapsed: 0.004 sec
Running com.google.gson.functional.CollectionTest
Tests run: 29, Failures: 0, Errors: 0, Skipped: 0, Time elapsed: 0.029 sec
Running com.google.gson.functional.JsonTreeTest
Tests run: 4, Failures: 0, Errors: 0, Skipped: 0, Time elapsed: 0.003 sec
Running com.google.gson.functional.ArrayTest
Tests run: 26, Failures: 0, Errors: 0, Skipped: 0, Time elapsed: 0.017 sec
Running com.google.gson.functional.PrintFormattingTest
Tests run: 3, Failures: 0, Errors: 0, Skipped: 0, Time elapsed: 0.002 sec
Running com.google.gson.functional.StringTest
Tests run: 18, Failures: 0, Errors: 0, Skipped: 0, Time elapsed: 0.01 sec
Running com.google.gson.functional.JavaUtilConcurrentAtomicTest
Tests run: 7, Failures: 0, Errors: 0, Skipped: 0, Time elapsed: 0.007 sec
Running com.google.gson.functional.UncategorizedTest
Tests run: 6, Failures: 0, Errors: 0, Skipped: 0, Time elapsed: 0.006 sec
Running com.google.gson.functional.JsonArrayTest
Tests run: 8, Failures: 0, Errors: 0, Skipped: 0, Time elapsed: 0.005 sec
Running com.google.gson.functional.JsonParserTest
Tests run: 8, Failures: 0, Errors: 0, Skipped: 0, Time elapsed: 0.007 sec
Running com.google.gson.functional.JsonAdapterAnnotationOnClassesTest
Tests run: 9, Failures: 0, Errors: 0, Skipped: 0, Time elapsed: 0.01 sec
Running com.google.gson.functional.NamingPolicyTest
Tests run: 16, Failures: 0, Errors: 0, Skipped: 0, Time elapsed: 0.013 sec
Running com.google.gson.functional.ConcurrencyTest
Tests run: 4, Failures: 0, Errors: 0, Skipped: 0, Time elapsed: 0.029 sec
Running com.google.gson.functional.PrimitiveTest
Tests run: 99, Failures: 0, Errors: 0, Skipped: 0, Time elapsed: 0.061 sec
Running com.google.gson.functional.TreeTypeAdaptersTest
Tests run: 2, Failures: 0, Errors: 0, Skipped: 0, Time elapsed: 0.004 sec
Running com.google.gson.functional.JavaUtilTest
Tests run: 2, Failures: 0, Errors: 0, Skipped: 0, Time elapsed: 0.003 sec
Running com.google.gson.ObjectTypeAdapterTest
Tests run: 5, Failures: 0, Errors: 0, Skipped: 0, Time elapsed: 0.004 sec
Running com.google.gson.JsonStreamParserTest
Tests run: 4, Failures: 0, Errors: 0, Skipped: 0, Time elapsed: 0.002 sec
Running com.google.gson.JavaSerializationTest
Tests run: 3, Failures: 0, Errors: 0, Skipped: 0, Time elapsed: 0.025 sec
Running com.google.gson.GenericArrayTypeTest
Tests run: 2, Failures: 0, Errors: 0, Skipped: 0, Time elapsed: 0.002 sec
Running com.google.gson.GsonTest
Tests run: 2, Failures: 0, Errors: 0, Skipped: 0, Time elapsed: 0.001 sec
Running com.google.gson.JsonArrayTest
Tests run: 5, Failures: 0, Errors: 0, Skipped: 0, Time elapsed: 0.003 sec
Running com.google.gson.JsonParserTest
Tests run: 10, Failures: 0, Errors: 0, Skipped: 0, Time elapsed: 0.006 sec
Running com.google.gson.JsonPrimitiveTest
Tests run: 25, Failures: 0, Errors: 0, Skipped: 0, Time elapsed: 0.013 sec
Running com.google.gson.LongSerializationPolicyTest
Tests run: 4, Failures: 0, Errors: 0, Skipped: 0, Time elapsed: 0.003 sec
Running com.google.gson.OverrideCoreTypeAdaptersTest
Tests run: 3, Failures: 0, Errors: 0, Skipped: 0, Time elapsed: 0.002 sec

Results :

Tests in error: 
  testParsingDatesFormattedWithSystemLocale(com.google.gson.DefaultDateTypeAdapterTest): jeudi 1 janvier 1970 Ã  00:00:00 Coordinated Universal Time

Tests run: 1051, Failures: 0, Errors: 1, Skipped: 1

[[1;34mINFO[m] [1m------------------------------------------------------------------------[m
[[1;34mINFO[m] [1;31mBUILD FAILURE[m
[[1;34mINFO[m] [1m------------------------------------------------------------------------[m
[[1;34mINFO[m] Total time:  11.708 s
[[1;34mINFO[m] Finished at: 2021-01-03T04:10:42+01:00
[[1;34mINFO[m] [1m------------------------------------------------------------------------[m
[[1;31mERROR[m] Failed to execute goal [32morg.apache.maven.plugins:maven-surefire-plugin:2.12.4:test[m [1m(default-test)[m on project [36mgson[m: [1;31mThere are test failures.[m
[[1;31mERROR[m] [1;31m[m
[[1;31mERROR[m] [1;31mPlease refer to /tmp/v1/gson/target/surefire-reports for the individual test results.[m
[[1;31mERROR[m] -> [1m[Help 1][m
[[1;31mERROR[m] 
[[1;31mERROR[m] To see the full stack trace of the errors, re-run Maven with the [1m-e[m switch.
[[1;31mERROR[m] Re-run Maven using the [1m-X[m switch to enable full debug logging.
[[1;31mERROR[m] 
[[1;31mERROR[m] For more information about the errors and possible solutions, please read the following articles:
[[1;31mERROR[m] [1m[Help 1][m http://cwiki.apache.org/confluence/display/MAVEN/MojoFailureException
Writing HTML report to '/tmp/v1/gson/target/clover/report'
Done. Processed 12 packages in 4140ms (345ms per package).
[INFO] Computing coverage for /tmp/v2/gson/
[WARN] Maven will be executed in interactive mode, but no input stream has been configured for this MavenInvoker instance.
WARNING: An illegal reflective access operation has occurred
WARNING: Illegal reflective access by com.google.inject.internal.cglib.core.$ReflectUtils$1 (file:/usr/share/maven/lib/guice.jar) to method java.lang.ClassLoader.defineClass(java.lang.String,byte[],int,int,java.security.ProtectionDomain)
WARNING: Please consider reporting this to the maintainers of com.google.inject.internal.cglib.core.$ReflectUtils$1
WARNING: Use --illegal-access=warn to enable warnings of further illegal reflective access operations
WARNING: All illegal access operations will be denied in a future release
[[1;34mINFO[m] Scanning for projects...
[[1;33mWARNING[m] 
[[1;33mWARNING[m] Some problems were encountered while building the effective model for com.google.code.gson:gson:jar:2.8.6-SNAPSHOT
[[1;33mWARNING[m] 'build.plugins.plugin.version' for org.apache.maven.plugins:maven-jar-plugin is missing. @ com.google.code.gson:gson:[unknown-version], /tmp/v2/gson/pom.xml, line 46, column 15
[[1;33mWARNING[m] 
[[1;33mWARNING[m] It is highly recommended to fix these problems because they threaten the stability of your build.
[[1;33mWARNING[m] 
[[1;33mWARNING[m] For this reason, future Maven versions might no longer support building such malformed projects.
[[1;33mWARNING[m] 
[[1;34mINFO[m] 
[[1;34mINFO[m] [1m---------------------< [0;36mcom.google.code.gson:gson[0;1m >----------------------[m
[[1;34mINFO[m] [1mBuilding Gson 2.8.6-SNAPSHOT[m
[[1;34mINFO[m] [1m--------------------------------[ jar ]---------------------------------[m
[[1;34mINFO[m] 
[[1;34mINFO[m] [1m--- [0;32mmaven-clean-plugin:2.5:clean[m [1m(default-clean)[m @ [36mgson[0;1m ---[m
[[1;34mINFO[m] Deleting /tmp/v2/gson/target
[[1;34mINFO[m] 
[[1;34mINFO[m] [1m--- [0;32mclover-maven-plugin:4.4.1:setup[m [1m(default-cli)[m @ [36mgson[0;1m ---[m
[[1;34mINFO[m] OpenClover Version 4.4.1, built on October 11 2019 (build-1020)
[[1;34mINFO[m] Creating new database at '/tmp/v2/gson/target/clover/clover.db'.
[[1;34mINFO[m] Processing files at 1.9 source level.
[[1;34mINFO[m] Clover all over. Instrumented 72 files (8 packages).
[[1;34mINFO[m] OpenClover Version 4.4.1, built on October 11 2019 (build-1020)
[[1;34mINFO[m] Updating existing database at '/tmp/v2/gson/target/clover/clover.db'.
[[1;34mINFO[m] Processing files at 1.9 source level.
[[1;34mINFO[m] Clover all over. Instrumented 101 files (10 packages).
[[1;34mINFO[m] 1041 test methods detected.
[[1;34mINFO[m] 
[[1;34mINFO[m] [1m--- [0;32mmaven-enforcer-plugin:1.0:enforce[m [1m(enforce-maven)[m @ [36mgson[0;1m ---[m
[[1;34mINFO[m] Skipping Rule Enforcement.
[[1;34mINFO[m] 
[[1;34mINFO[m] [1m--- [0;32mtemplating-maven-plugin:1.0.0:filter-sources[m [1m(filtering-java-templates)[m @ [36mgson[0;1m ---[m
[[1;34mINFO[m] Coping files with filtering to temporary directory.
[[1;34mINFO[m] Using 'UTF-8' encoding to copy filtered resources.
[[1;34mINFO[m] Copying 1 resource
[[1;34mINFO[m] Copied 1 files to output directory: /tmp/v2/gson/target/generated-sources/java-templates
[[1;34mINFO[m] Source directory: /tmp/v2/gson/target/generated-sources/java-templates added.
[[1;34mINFO[m] 
[[1;34mINFO[m] [1m--- [0;32mmaven-resources-plugin:2.6:resources[m [1m(default-resources)[m @ [36mgson[0;1m ---[m
[[1;34mINFO[m] Using 'UTF-8' encoding to copy filtered resources.
[[1;34mINFO[m] skip non existing resourceDirectory /tmp/v2/gson/src/main/resources
[[1;34mINFO[m] Copying 1 resource
[[1;34mINFO[m] 
[[1;34mINFO[m] [1m--- [0;32mmaven-compiler-plugin:3.8.0:compile[m [1m(default-compile)[m @ [36mgson[0;1m ---[m
[[1;34mINFO[m] Changes detected - recompiling the module!
[[1;34mINFO[m] Compiling 73 source files to /tmp/v2/gson/target/classes
[[1;34mINFO[m] /tmp/v2/gson/target/clover/src-instrumented/com/google/gson/JsonArray.java: Some input files use or override a deprecated API.
[[1;34mINFO[m] /tmp/v2/gson/target/clover/src-instrumented/com/google/gson/JsonArray.java: Recompile with -Xlint:deprecation for details.
[[1;34mINFO[m] 
[[1;34mINFO[m] [1m--- [0;32mmaven-compiler-plugin:3.8.0:compile[m [1m(base-compile)[m @ [36mgson[0;1m ---[m
[[1;34mINFO[m] Changes detected - recompiling the module!
[[1;34mINFO[m] Compiling 73 source files to /tmp/v2/gson/target/classes
[[1;34mINFO[m] /tmp/v2/gson/target/clover/src-instrumented/com/google/gson/JsonArray.java: Some input files use or override a deprecated API.
[[1;34mINFO[m] /tmp/v2/gson/target/clover/src-instrumented/com/google/gson/JsonArray.java: Recompile with -Xlint:deprecation for details.
[[1;34mINFO[m] 
[[1;34mINFO[m] [1m--- [0;32mbnd-maven-plugin:4.0.0:bnd-process[m [1m(default)[m @ [36mgson[0;1m ---[m
[[1;33mWARNING[m] /tmp/v2/gson/bnd.bnd [0:0]: Export com.google.gson,  has 1,  private references [com.google.gson.internal], 
[[1;34mINFO[m] 
[[1;34mINFO[m] [1m--- [0;32mmaven-resources-plugin:2.6:testResources[m [1m(default-testResources)[m @ [36mgson[0;1m ---[m
[[1;34mINFO[m] Using 'UTF-8' encoding to copy filtered resources.
[[1;34mINFO[m] skip non existing resourceDirectory /tmp/v2/gson/src/test/resources
[[1;34mINFO[m] 
[[1;34mINFO[m] [1m--- [0;32mmaven-compiler-plugin:3.8.0:testCompile[m [1m(default-testCompile)[m @ [36mgson[0;1m ---[m
[[1;34mINFO[m] Changes detected - recompiling the module!
[[1;34mINFO[m] Compiling 101 source files to /tmp/v2/gson/target/test-classes
[[1;34mINFO[m] /tmp/v2/gson/target/clover/src-test-instrumented/com/google/gson/common/MoreAsserts.java: Some input files use or override a deprecated API.
[[1;34mINFO[m] /tmp/v2/gson/target/clover/src-test-instrumented/com/google/gson/common/MoreAsserts.java: Recompile with -Xlint:deprecation for details.
[[1;34mINFO[m] /tmp/v2/gson/target/clover/src-test-instrumented/com/google/gson/functional/ParameterizedTypesTest.java: Some input files use unchecked or unsafe operations.
[[1;34mINFO[m] /tmp/v2/gson/target/clover/src-test-instrumented/com/google/gson/functional/ParameterizedTypesTest.java: Recompile with -Xlint:unchecked for details.
[[1;34mINFO[m] 
[[1;34mINFO[m] [1m--- [0;32mmaven-surefire-plugin:2.12.4:test[m [1m(default-test)[m @ [36mgson[0;1m ---[m
[[1;34mINFO[m] Surefire report directory: /tmp/v2/gson/target/surefire-reports

-------------------------------------------------------
 T E S T S
-------------------------------------------------------
Running com.google.gson.DefaultDateTypeAdapterTest
Tests run: 11, Failures: 0, Errors: 1, Skipped: 0, Time elapsed: 0.247 sec <<< FAILURE!
testParsingDatesFormattedWithSystemLocale(com.google.gson.DefaultDateTypeAdapterTest)  Time elapsed: 0.095 sec  <<< ERROR!
com.google.gson.JsonSyntaxException: jeudi 1 janvier 1970 Ã  00:00:00 Coordinated Universal Time
	at com.google.gson.DefaultDateTypeAdapter.deserializeToDate(DefaultDateTypeAdapter.java:151)
	at com.google.gson.DefaultDateTypeAdapter.read(DefaultDateTypeAdapter.java:128)
	at com.google.gson.DefaultDateTypeAdapter.read(DefaultDateTypeAdapter.java:44)
	at com.google.gson.TypeAdapter.fromJson(TypeAdapter.java:260)
	at com.google.gson.TypeAdapter.fromJson(TypeAdapter.java:273)
	at com.google.gson.DefaultDateTypeAdapterTest.assertParsed(DefaultDateTypeAdapterTest.java:196)
	at com.google.gson.DefaultDateTypeAdapterTest.__CLR4_4_14xdbqt52r(DefaultDateTypeAdapterTest.java:91)
	at com.google.gson.DefaultDateTypeAdapterTest.testParsingDatesFormattedWithSystemLocale(DefaultDateTypeAdapterTest.java:73)
	at java.base/jdk.internal.reflect.NativeMethodAccessorImpl.invoke0(Native Method)
	at java.base/jdk.internal.reflect.NativeMethodAccessorImpl.invoke(NativeMethodAccessorImpl.java:62)
	at java.base/jdk.internal.reflect.DelegatingMethodAccessorImpl.invoke(DelegatingMethodAccessorImpl.java:43)
	at java.base/java.lang.reflect.Method.invoke(Method.java:566)
	at junit.framework.TestCase.runTest(TestCase.java:176)
	at junit.framework.TestCase.runBare(TestCase.java:141)
	at junit.framework.TestResult$1.protect(TestResult.java:122)
	at junit.framework.TestResult.runProtected(TestResult.java:142)
	at junit.framework.TestResult.run(TestResult.java:125)
	at junit.framework.TestCase.run(TestCase.java:129)
	at junit.framework.TestSuite.runTest(TestSuite.java:252)
	at junit.framework.TestSuite.run(TestSuite.java:247)
	at org.junit.internal.runners.JUnit38ClassRunner.run(JUnit38ClassRunner.java:86)
	at org.apache.maven.surefire.junit4.JUnit4Provider.execute(JUnit4Provider.java:252)
	at org.apache.maven.surefire.junit4.JUnit4Provider.executeTestSet(JUnit4Provider.java:141)
	at org.apache.maven.surefire.junit4.JUnit4Provider.invoke(JUnit4Provider.java:112)
	at java.base/jdk.internal.reflect.NativeMethodAccessorImpl.invoke0(Native Method)
	at java.base/jdk.internal.reflect.NativeMethodAccessorImpl.invoke(NativeMethodAccessorImpl.java:62)
	at java.base/jdk.internal.reflect.DelegatingMethodAccessorImpl.invoke(DelegatingMethodAccessorImpl.java:43)
	at java.base/java.lang.reflect.Method.invoke(Method.java:566)
	at org.apache.maven.surefire.util.ReflectionUtils.invokeMethodWithArray(ReflectionUtils.java:189)
	at org.apache.maven.surefire.booter.ProviderFactory$ProviderProxy.invoke(ProviderFactory.java:165)
	at org.apache.maven.surefire.booter.ProviderFactory.invokeProvider(ProviderFactory.java:85)
	at org.apache.maven.surefire.booter.ForkedBooter.runSuitesInProcess(ForkedBooter.java:115)
	at org.apache.maven.surefire.booter.ForkedBooter.main(ForkedBooter.java:75)
Caused by: java.text.ParseException: Failed to parse date ["jeudi 1 janvier 1970 Ã  00:00:00 Coordinated Universal Time"]: Invalid number: jeud
	at com.google.gson.internal.bind.util.ISO8601Utils.parse(ISO8601Utils.java:274)
	at com.google.gson.DefaultDateTypeAdapter.deserializeToDate(DefaultDateTypeAdapter.java:149)
	... 32 more
Caused by: java.lang.NumberFormatException: Invalid number: jeud
	at com.google.gson.internal.bind.util.ISO8601Utils.parseInt(ISO8601Utils.java:311)
	at com.google.gson.internal.bind.util.ISO8601Utils.parse(ISO8601Utils.java:129)
	... 33 more

Running com.google.gson.InnerClassExclusionStrategyTest
Tests run: 4, Failures: 0, Errors: 0, Skipped: 0, Time elapsed: 0 sec
Running com.google.gson.GsonTypeAdapterTest
Tests run: 5, Failures: 0, Errors: 0, Skipped: 0, Time elapsed: 0.045 sec
Running com.google.gson.internal.LinkedHashTreeMapTest
Tests run: 15, Failures: 0, Errors: 0, Skipped: 0, Time elapsed: 0.04 sec
Running com.google.gson.internal.GsonBuildConfigTest
Tests run: 1, Failures: 0, Errors: 0, Skipped: 0, Time elapsed: 0.019 sec
Running com.google.gson.internal.LazilyParsedNumberTest
Tests run: 2, Failures: 0, Errors: 0, Skipped: 0, Time elapsed: 0.001 sec
Running com.google.gson.internal.reflect.UnsafeReflectionAccessorTest
Tests run: 1, Failures: 0, Errors: 0, Skipped: 0, Time elapsed: 0 sec
Running com.google.gson.internal.UnsafeAllocatorInstantiationTest
Tests run: 3, Failures: 0, Errors: 0, Skipped: 0, Time elapsed: 0.003 sec
Running com.google.gson.internal.GsonTypesTest
Tests run: 2, Failures: 0, Errors: 0, Skipped: 0, Time elapsed: 0.002 sec
Running com.google.gson.internal.JavaVersionTest
Tests run: 7, Failures: 0, Errors: 0, Skipped: 0, Time elapsed: 0.005 sec
Running com.google.gson.internal.bind.RecursiveTypesResolveTest
Tests run: 9, Failures: 0, Errors: 0, Skipped: 0, Time elapsed: 0.026 sec
Running com.google.gson.internal.bind.JsonTreeWriterTest
Tests run: 12, Failures: 0, Errors: 0, Skipped: 0, Time elapsed: 0.015 sec
Running com.google.gson.internal.bind.JsonElementReaderTest
Tests run: 17, Failures: 0, Errors: 0, Skipped: 0, Time elapsed: 0.016 sec
Running com.google.gson.internal.bind.JsonTreeReaderTest
Tests run: 2, Failures: 0, Errors: 0, Skipped: 0, Time elapsed: 0.002 sec
Running com.google.gson.internal.LinkedTreeMapTest
Tests run: 11, Failures: 0, Errors: 0, Skipped: 0, Time elapsed: 0.021 sec
Running com.google.gson.ParameterizedTypeTest
Tests run: 2, Failures: 0, Errors: 0, Skipped: 0, Time elapsed: 0.003 sec
Running com.google.gson.GsonBuilderTest
Tests run: 4, Failures: 0, Errors: 0, Skipped: 0, Time elapsed: 0.004 sec
Running com.google.gson.reflect.TypeTokenTest
Tests run: 6, Failures: 0, Errors: 0, Skipped: 0, Time elapsed: 0.007 sec
Running com.google.gson.DefaultInetAddressTypeAdapterTest
Tests run: 1, Failures: 0, Errors: 0, Skipped: 0, Time elapsed: 0.004 sec
Running com.google.gson.ExposeAnnotationExclusionStrategyTest
Tests run: 6, Failures: 0, Errors: 0, Skipped: 0, Time elapsed: 0.005 sec
Running com.google.gson.FieldAttributesTest
Tests run: 6, Failures: 0, Errors: 0, Skipped: 0, Time elapsed: 0.005 sec
Running com.google.gson.CommentsTest
Tests run: 1, Failures: 0, Errors: 0, Skipped: 0, Time elapsed: 0.001 sec
Running com.google.gson.regression.JsonAdapterNullSafeTest
Tests run: 2, Failures: 0, Errors: 0, Skipped: 0, Time elapsed: 0.003 sec
Running com.google.gson.JsonNullTest
Tests run: 2, Failures: 0, Errors: 0, Skipped: 0, Time elapsed: 0.001 sec
Running com.google.gson.JsonObjectTest
Tests run: 14, Failures: 0, Errors: 0, Skipped: 0, Time elapsed: 0.009 sec
Running com.google.gson.stream.JsonReaderPathTest
Tests run: 20, Failures: 0, Errors: 0, Skipped: 1, Time elapsed: 0.026 sec
Running com.google.gson.stream.JsonWriterTest
Tests run: 39, Failures: 0, Errors: 0, Skipped: 0, Time elapsed: 0.028 sec
Running com.google.gson.stream.JsonReaderTest
Tests run: 120, Failures: 0, Errors: 0, Skipped: 0, Time elapsed: 0.111 sec
Running com.google.gson.metrics.PerformanceTest
Tests run: 1, Failures: 0, Errors: 0, Skipped: 0, Time elapsed: 0 sec
Running com.google.gson.MixedStreamTest
Tests run: 12, Failures: 0, Errors: 0, Skipped: 0, Time elapsed: 0.013 sec
Running com.google.gson.DefaultMapJsonSerializerTest
Tests run: 3, Failures: 0, Errors: 0, Skipped: 0, Time elapsed: 0.004 sec
Running com.google.gson.VersionExclusionStrategyTest
Tests run: 3, Failures: 0, Errors: 0, Skipped: 0, Time elapsed: 0.003 sec
Running com.google.gson.functional.InternationalizationTest
Tests run: 4, Failures: 0, Errors: 0, Skipped: 0, Time elapsed: 0.003 sec
Running com.google.gson.functional.JsonAdapterAnnotationOnFieldsTest
Tests run: 10, Failures: 0, Errors: 0, Skipped: 0, Time elapsed: 0.016 sec
Running com.google.gson.functional.SecurityTest
Tests run: 5, Failures: 0, Errors: 0, Skipped: 0, Time elapsed: 0.005 sec
Running com.google.gson.functional.EnumTest
Tests run: 12, Failures: 0, Errors: 0, Skipped: 0, Time elapsed: 0.016 sec
Running com.google.gson.functional.ObjectTest
Tests run: 44, Failures: 0, Errors: 0, Skipped: 0, Time elapsed: 0.048 sec
Running com.google.gson.functional.RuntimeTypeAdapterFactoryFunctionalTest
Tests run: 1, Failures: 0, Errors: 0, Skipped: 0, Time elapsed: 0.004 sec
Running com.google.gson.functional.FieldExclusionTest
Tests run: 3, Failures: 0, Errors: 0, Skipped: 0, Time elapsed: 0.004 sec
Running com.google.gson.functional.ExposeFieldsTest
Tests run: 8, Failures: 0, Errors: 0, Skipped: 0, Time elapsed: 0.009 sec
Running com.google.gson.functional.SerializedNameTest
Tests run: 3, Failures: 0, Errors: 0, Skipped: 0, Time elapsed: 0.003 sec
Running com.google.gson.functional.GsonVersionDiagnosticsTest
Tests run: 3, Failures: 0, Errors: 0, Skipped: 0, Time elapsed: 0.003 sec
Running com.google.gson.functional.ThrowableFunctionalTest
Tests run: 5, Failures: 0, Errors: 0, Skipped: 0, Time elapsed: 0.009 sec
Running com.google.gson.functional.ParameterizedTypesTest
Tests run: 17, Failures: 0, Errors: 0, Skipped: 0, Time elapsed: 0.028 sec
Running com.google.gson.functional.PrettyPrintingTest
Tests run: 8, Failures: 0, Errors: 0, Skipped: 0, Time elapsed: 0.007 sec
Running com.google.gson.functional.CustomTypeAdaptersTest
Tests run: 19, Failures: 0, Errors: 0, Skipped: 0, Time elapsed: 0.02 sec
Running com.google.gson.functional.ReadersWritersTest
Tests run: 10, Failures: 0, Errors: 0, Skipped: 0, Time elapsed: 0.008 sec
Running com.google.gson.functional.CircularReferenceTest
Tests run: 6, Failures: 0, Errors: 0, Skipped: 0, Time elapsed: 0.03 sec
Running com.google.gson.functional.JsonAdapterSerializerDeserializerTest
Tests run: 3, Failures: 0, Errors: 0, Skipped: 0, Time elapsed: 0.006 sec
Running com.google.gson.functional.LeniencyTest
Tests run: 1, Failures: 0, Errors: 0, Skipped: 0, Time elapsed: 0.001 sec
Running com.google.gson.functional.RawSerializationTest
Tests run: 5, Failures: 0, Errors: 0, Skipped: 0, Time elapsed: 0.007 sec
Running com.google.gson.functional.CustomDeserializerTest
Tests run: 7, Failures: 0, Errors: 0, Skipped: 0, Time elapsed: 0.009 sec
Running com.google.gson.functional.TypeAdapterPrecedenceTest
Tests run: 8, Failures: 0, Errors: 0, Skipped: 0, Time elapsed: 0.006 sec
Running com.google.gson.functional.MoreSpecificTypeSerializationTest
Tests run: 6, Failures: 0, Errors: 0, Skipped: 0, Time elapsed: 0.008 sec
Running com.google.gson.functional.InterfaceTest
Tests run: 2, Failures: 0, Errors: 0, Skipped: 0, Time elapsed: 0.002 sec
Running com.google.gson.functional.TypeVariableTest
Tests run: 3, Failures: 0, Errors: 0, Skipped: 0, Time elapsed: 0.004 sec
Running com.google.gson.functional.ExclusionStrategyFunctionalTest
Tests run: 9, Failures: 0, Errors: 0, Skipped: 0, Time elapsed: 0.009 sec
Running com.google.gson.functional.DefaultTypeAdaptersTest
Tests run: 65, Failures: 0, Errors: 0, Skipped: 0, Time elapsed: 0.06 sec
Running com.google.gson.functional.NullObjectAndFieldTest
Tests run: 16, Failures: 0, Errors: 0, Skipped: 0, Time elapsed: 0.013 sec
Running com.google.gson.functional.MapAsArrayTypeAdapterTest
Tests run: 5, Failures: 0, Errors: 0, Skipped: 0, Time elapsed: 0.008 sec
Running com.google.gson.functional.InstanceCreatorTest
Tests run: 5, Failures: 0, Errors: 0, Skipped: 0, Time elapsed: 0.008 sec
Running com.google.gson.functional.PrimitiveCharacterTest
Tests run: 2, Failures: 0, Errors: 0, Skipped: 0, Time elapsed: 0.002 sec
Running com.google.gson.functional.MapTest
Tests run: 48, Failures: 0, Errors: 0, Skipped: 0, Time elapsed: 0.054 sec
Running com.google.gson.functional.FieldNamingTest
Tests run: 5, Failures: 0, Errors: 0, Skipped: 0, Time elapsed: 0.005 sec
Running com.google.gson.functional.VersioningTest
Tests run: 10, Failures: 0, Errors: 0, Skipped: 0, Time elapsed: 0.01 sec
Running com.google.gson.functional.DelegateTypeAdapterTest
Tests run: 2, Failures: 0, Errors: 0, Skipped: 0, Time elapsed: 0.003 sec
Running com.google.gson.functional.InheritanceTest
Tests run: 13, Failures: 0, Errors: 0, Skipped: 0, Time elapsed: 0.013 sec
Running com.google.gson.functional.TypeHierarchyAdapterTest
Tests run: 3, Failures: 0, Errors: 0, Skipped: 0, Time elapsed: 0.005 sec
Running com.google.gson.functional.CustomSerializerTest
Tests run: 5, Failures: 0, Errors: 0, Skipped: 0, Time elapsed: 0.004 sec
Running com.google.gson.functional.StreamingTypeAdaptersTest
Tests run: 17, Failures: 0, Errors: 0, Skipped: 0, Time elapsed: 0.021 sec
Running com.google.gson.functional.EscapingTest
Tests run: 5, Failures: 0, Errors: 0, Skipped: 0, Time elapsed: 0.004 sec
Running com.google.gson.functional.CollectionTest
Tests run: 29, Failures: 0, Errors: 0, Skipped: 0, Time elapsed: 0.029 sec
Running com.google.gson.functional.JsonTreeTest
Tests run: 4, Failures: 0, Errors: 0, Skipped: 0, Time elapsed: 0.004 sec
Running com.google.gson.functional.ArrayTest
Tests run: 26, Failures: 0, Errors: 0, Skipped: 0, Time elapsed: 0.017 sec
Running com.google.gson.functional.PrintFormattingTest
Tests run: 3, Failures: 0, Errors: 0, Skipped: 0, Time elapsed: 0.002 sec
Running com.google.gson.functional.StringTest
Tests run: 18, Failures: 0, Errors: 0, Skipped: 0, Time elapsed: 0.01 sec
Running com.google.gson.functional.JavaUtilConcurrentAtomicTest
Tests run: 7, Failures: 0, Errors: 0, Skipped: 0, Time elapsed: 0.006 sec
Running com.google.gson.functional.UncategorizedTest
Tests run: 6, Failures: 0, Errors: 0, Skipped: 0, Time elapsed: 0.006 sec
Running com.google.gson.functional.JsonArrayTest
Tests run: 8, Failures: 0, Errors: 0, Skipped: 0, Time elapsed: 0.004 sec
Running com.google.gson.functional.JsonParserTest
Tests run: 8, Failures: 0, Errors: 0, Skipped: 0, Time elapsed: 0.007 sec
Running com.google.gson.functional.JsonAdapterAnnotationOnClassesTest
Tests run: 9, Failures: 0, Errors: 0, Skipped: 0, Time elapsed: 0.01 sec
Running com.google.gson.functional.NamingPolicyTest
Tests run: 16, Failures: 0, Errors: 0, Skipped: 0, Time elapsed: 0.014 sec
Running com.google.gson.functional.ConcurrencyTest
Tests run: 4, Failures: 0, Errors: 0, Skipped: 0, Time elapsed: 0.024 sec
Running com.google.gson.functional.PrimitiveTest
Tests run: 99, Failures: 0, Errors: 0, Skipped: 0, Time elapsed: 0.057 sec
Running com.google.gson.functional.TreeTypeAdaptersTest
Tests run: 2, Failures: 0, Errors: 0, Skipped: 0, Time elapsed: 0.004 sec
Running com.google.gson.functional.JavaUtilTest
Tests run: 2, Failures: 0, Errors: 0, Skipped: 0, Time elapsed: 0.003 sec
Running com.google.gson.ObjectTypeAdapterTest
Tests run: 5, Failures: 0, Errors: 0, Skipped: 0, Time elapsed: 0.003 sec
Running com.google.gson.JsonStreamParserTest
Tests run: 4, Failures: 0, Errors: 0, Skipped: 0, Time elapsed: 0.002 sec
Running com.google.gson.JavaSerializationTest
Tests run: 3, Failures: 0, Errors: 0, Skipped: 0, Time elapsed: 0.023 sec
Running com.google.gson.GenericArrayTypeTest
Tests run: 2, Failures: 0, Errors: 0, Skipped: 0, Time elapsed: 0.002 sec
Running com.google.gson.GsonTest
Tests run: 2, Failures: 0, Errors: 0, Skipped: 0, Time elapsed: 0.001 sec
Running com.google.gson.JsonArrayTest
Tests run: 5, Failures: 0, Errors: 0, Skipped: 0, Time elapsed: 0.002 sec
Running com.google.gson.JsonParserTest
Tests run: 10, Failures: 0, Errors: 0, Skipped: 0, Time elapsed: 0.006 sec
Running com.google.gson.JsonPrimitiveTest
Tests run: 25, Failures: 0, Errors: 0, Skipped: 0, Time elapsed: 0.012 sec
Running com.google.gson.LongSerializationPolicyTest
Tests run: 4, Failures: 0, Errors: 0, Skipped: 0, Time elapsed: 0.003 sec
Running com.google.gson.OverrideCoreTypeAdaptersTest
Tests run: 3, Failures: 0, Errors: 0, Skipped: 0, Time elapsed: 0.003 sec

Results :

Tests in error: 
  testParsingDatesFormattedWithSystemLocale(com.google.gson.DefaultDateTypeAdapterTest): jeudi 1 janvier 1970 Ã  00:00:00 Coordinated Universal Time

Tests run: 1051, Failures: 0, Errors: 1, Skipped: 1

[[1;34mINFO[m] [1m------------------------------------------------------------------------[m
[[1;34mINFO[m] [1;31mBUILD FAILURE[m
[[1;34mINFO[m] [1m------------------------------------------------------------------------[m
[[1;34mINFO[m] Total time:  11.247 s
[[1;34mINFO[m] Finished at: 2021-01-03T04:10:59+01:00
[[1;34mINFO[m] [1m------------------------------------------------------------------------[m
[[1;31mERROR[m] Failed to execute goal [32morg.apache.maven.plugins:maven-surefire-plugin:2.12.4:test[m [1m(default-test)[m on project [36mgson[m: [1;31mThere are test failures.[m
[[1;31mERROR[m] [1;31m[m
[[1;31mERROR[m] [1;31mPlease refer to /tmp/v2/gson/target/surefire-reports for the individual test results.[m
[[1;31mERROR[m] -> [1m[Help 1][m
[[1;31mERROR[m] 
[[1;31mERROR[m] To see the full stack trace of the errors, re-run Maven with the [1m-e[m switch.
[[1;31mERROR[m] Re-run Maven using the [1m-X[m switch to enable full debug logging.
[[1;31mERROR[m] 
[[1;31mERROR[m] For more information about the errors and possible solutions, please read the following articles:
[[1;31mERROR[m] [1m[Help 1][m http://cwiki.apache.org/confluence/display/MAVEN/MojoFailureException
Writing HTML report to '/tmp/v2/gson/target/clover/report'
Done. Processed 12 packages in 2499ms (208ms per package).
[INFO] /tmp/v1/gson/src/main/java/com/google/gson/JsonObject.java
[INFO] /tmp/v2/gson/src/main/java/com/google/gson/JsonObject.java
[INFO] com.google.gson.JsonObject:[59, 59, 58, 58, 61, 83, 83, 94, 94, 105, 105, 116, 116, 125, 126, 126, 126] are modified.
[INFO] com.google.gson.JsonObject:58 covered.
[INFO] com.google.gson.JsonObject:61 covered.
[INFO] com.google.gson.JsonObject:94 covered.
[INFO] com.google.gson.JsonObject:126 covered.
[INFO] com.google.gson.JsonObject:83 covered.
[INFO] com.google.gson.JsonObject:59 covered.
[INFO] com.google.gson.JsonObject:116 covered.
[INFO] com.google.gson.JsonObject:105 covered.
[INFO] com.google.gson.JsonObject:[58, 80, 91, 102, 113, 80, 91, 102, 113] are modified.
[INFO] com.google.gson.JsonObject:91 covered.
[INFO] com.google.gson.JsonObject:80 covered.
[INFO] com.google.gson.JsonObject:113 covered.
[INFO] com.google.gson.JsonObject:102 covered.
[INFO] /tmp/v1/gson/src/main/java/com/google/gson/JsonPrimitive.java
[INFO] /tmp/v2/gson/src/main/java/com/google/gson/JsonPrimitive.java
[INFO] com.google.gson.JsonPrimitive:[35, 47, 56, 102, 106, 65, 65, 75, 75, 85, 85, 98, 101, 101, 101, 102, 104, 105, 104, 98, 278, 279, 279, 278, 282, 282, 283, 283, 284, 284, 284, 288] are modified.
[INFO] com.google.gson.JsonPrimitive:106 covered.
[INFO] com.google.gson.JsonPrimitive:85 covered.
[INFO] com.google.gson.JsonPrimitive:98 covered.
[INFO] com.google.gson.JsonPrimitive:104 covered.
[INFO] com.google.gson.JsonPrimitive:65 covered.
[INFO] com.google.gson.JsonPrimitive:278 covered.
[INFO] com.google.gson.JsonPrimitive:279 covered.
[INFO] com.google.gson.JsonPrimitive:56 covered.
[INFO] com.google.gson.JsonPrimitive:47 covered.
[INFO] com.google.gson.JsonPrimitive:102 covered.
[INFO] com.google.gson.JsonPrimitive:75 covered.
[INFO] com.google.gson.JsonPrimitive:101 covered.
[INFO] com.google.gson.JsonPrimitive:282 covered.
[INFO] com.google.gson.JsonPrimitive:283 covered.
[INFO] com.google.gson.JsonPrimitive:284 covered.
[INFO] com.google.gson.JsonPrimitive:288 covered.
[INFO] com.google.gson.JsonPrimitive:[60, 43, 52, 61, 73, 43, 52, 61, 73, 43, 52, 61, 73, 73] are modified.
[INFO] com.google.gson.JsonPrimitive:52 covered.
[INFO] com.google.gson.JsonPrimitive:61 covered.
[INFO] com.google.gson.JsonPrimitive:43 covered.
[INFO] com.google.gson.JsonPrimitive:73 covered.
[INFO] Saving result in /tmp/v1/gson/testsThatExecuteTheChange.csv ...
[INFO] com.google.gson.functional.CustomTypeAdaptersTest;testCustomTypeAdapterDoesNotAppliesToSubClasses;testCustomTypeAdapterAppliesToSubClassesSerializedAsBaseClass;testCustomAdapterInvokedForCollectionElementDeserialization;testCustomAdapterInvokedForMapElementSerializationWithType;testCustomDeserializers;testRegisterHierarchyAdapterForDate;testCustomNestedDeserializers;testEnsureCustomSerializerNotInvokedForNullValues;testCustomAdapterInvokedForCollectionElementSerializationWithType;testCustomAdapterInvokedForMapElementSerialization;testCustomSerializers;testCustomByteArraySerializer;testCustomNestedSerializers;testCustomSerializerInvokedForPrimitives;testCustomAdapterInvokedForMapElementDeserialization;testCustomAdapterInvokedForCollectionElementSerialization;testCustomByteArrayDeserializerAndInstanceCreator;testCustomDeserializerInvokedForPrimitives
com.google.gson.functional.TypeHierarchyAdapterTest;testRegisterSuperTypeFirst;testTypeHierarchy
com.google.gson.functional.InheritanceTest;testClassWithBaseFieldSerialization;testBaseSerializedAsBaseWhenSpecifiedWithExplicitType;testClassWithBaseCollectionFieldSerialization;testClassWithBaseArrayFieldSerialization;testBaseSerializedAsSubWhenSpecifiedWithExplicitType;testBaseSerializedAsSub
com.google.gson.functional.ParameterizedTypesTest;testParameterizedTypeWithCustomSerializer;testParameterizedTypesWithCustomDeserializer
com.google.gson.functional.NullObjectAndFieldTest;testCustomSerializationOfNulls;testCustomTypeAdapterPassesNullDesrialization
com.google.gson.functional.MapTest;testInterfaceTypeMap;testInterfaceTypeMapWithSerializer;testMapNamePromotionWithJsonElementReader;testGeneralMapField;testCustomSerializerForSpecificMapType
com.google.gson.functional.StreamingTypeAdaptersTest;testFromJsonTree
com.google.gson.functional.DefaultTypeAdaptersTest;testJsonObjectDeserialization;testJsonArraySerialization;testJsonPrimitiveSerialization;testJsonPrimitiveDeserialization;testJsonObjectSerialization;testJsonElementTypeMismatch;testJsonArrayDeserialization
com.google.gson.functional.MapAsArrayTypeAdapterTest;testMultipleEnableComplexKeyRegistrationHasNoEffect;testSerializeComplexMapWithTypeAdapter;testMapWithTypeVariableSerialization
com.google.gson.functional.ExclusionStrategyFunctionalTest;testExclusionStrategyWithMode;testExclusionStrategyDeserialization
com.google.gson.functional.ReadersWritersTest;testReadWriteTwoStrings;testReadWriteTwoObjects
com.google.gson.DefaultMapJsonSerializerTest;testNonEmptyMapSerialization
com.google.gson.functional.CustomSerializerTest;testSubClassSerializerInvokedForBaseClassFieldsHoldingSubClassInstances;testBaseClassSerializerInvokedForBaseClassFieldsHoldingSubClassInstances;testBaseClassSerializerInvokedForBaseClassFields;testSubClassSerializerInvokedForBaseClassFieldsHoldingArrayOfSubClassInstances
com.google.gson.functional.JsonTreeTest;testToJsonTreeObjectType;testToJsonTree;testJsonTreeToString;testJsonTreeNull
com.google.gson.functional.JsonParserTest;testBadFieldTypeForCustomDeserializerCustomTree;testBadTypeForDeserializingCustomTree;testChangingCustomTreeAndDeserializing;testDeserializingCustomTree;testBadFieldTypeForDeserializingCustomTree
com.google.gson.functional.CustomDeserializerTest;testCustomDeserializerReturnsNullForArrayElements;testJsonTypeFieldBasedDeserialization;testDefaultConstructorNotCalledOnField;testDefaultConstructorNotCalledOnObject;testCustomDeserializerReturnsNullForTopLevelObject;testCustomDeserializerReturnsNull;testCustomDeserializerReturnsNullForArrayElementsForArrayField
com.google.gson.functional.UncategorizedTest;testReturningDerivedClassesDuringDeserialization
com.google.gson.functional.CircularReferenceTest;testSelfReferenceCustomHandlerSerialization
com.google.gson.functional.MoreSpecificTypeSerializationTest;testMapOfSubclassFields;testMapOfParameterizedSubclassFields
com.google.gson.functional.RuntimeTypeAdapterFactoryFunctionalTest;testSubclassesAutomaticallySerialized
com.google.gson.JsonParserTest;testParseString;testParseMixedArray;testParseUnquotedMultiWordStringFails;testParseEmptyString;testParseReader;testReadWriteTwoObjects;testParseUnquotedSingleWordStringFails;testParseUnquotedStringArrayFails
com.google.gson.functional.PrintFormattingTest;testJsonObjectWithNullValues;testJsonObjectWithNullValuesSerialized
com.google.gson.JsonObjectTest;testAddingAndRemovingObjectProperties;testEqualsNonEmptyObject;testAddingNullPropertyValue;testWritePropertyWithEmptyStringName;testAddingCharacterProperties;testAddingBooleanProperties;testReadPropertyWithEmptyStringName;testAddingStringProperties;testAddingNullOrEmptyPropertyName;testKeySet;testDeepCopy;testPropertyWithQuotes;testSize
com.google.gson.stream.JsonReaderPathTest;objectPath;skipObjectNames;path;arrayPath;skipNestedStructures;skipArrayElements;skipObjectValues
com.google.gson.internal.bind.JsonElementReaderTest;testStrings;testNumbers;testArray;testNumbersFromStrings;testWrongType;testLenientNansAndInfinities;testStrictNansAndInfinities;testObject;testNestedObjects;testStringsFromNumbers;testEarlyClose;testBooleans;testSkipValue
com.google.gson.internal.bind.JsonTreeWriterTest;testSerializeNullsTrue;testWriteAfterClose;testArray;testObject;testNestedObject;testLenientNansAndInfinities;testPrematureClose
com.google.gson.internal.bind.JsonTreeReaderTest;testSkipValue_filledJsonObject
com.google.gson.functional.PrimitiveTest;testPrimitiveClassLiteral
com.google.gson.functional.JsonAdapterAnnotationOnClassesTest;testRegisteredDeserializerOverridesJsonAdapter;testRegisteredSerializerOverridesJsonAdapter
com.google.gson.LongSerializationPolicyTest;testStringLongSerialization;testDefaultLongSerialization
com.google.gson.MixedStreamTest;testWriteNulls
com.google.gson.functional.EnumTest;testEnumSubclassWithRegisteredTypeAdapter
com.google.gson.functional.CollectionTest;testUserCollectionTypeAdapter
com.google.gson.functional.JsonAdapterSerializerDeserializerTest;testJsonSerializerDeserializerBasedJsonAdapterOnFields;testDifferentJsonAdaptersForGenericFieldsOfSameRawType;testJsonSerializerDeserializerBasedJsonAdapterOnClass
com.google.gson.functional.TypeAdapterPrecedenceTest;testStreamingHierarchicalFollowedByNonstreaming;testNonstreamingHierarchicalFollowedByNonstreaming;testNonstreamingFollowedByNonstreaming;testStreamingFollowedByNonstreaming
com.google.gson.GsonTypeAdapterTest;testTypeAdapterThrowsException;testTypeAdapterProperlyConvertsTypes
com.google.gson.functional.TreeTypeAdaptersTest;testDeserializeId;testSerializeId
com.google.gson.JsonArrayTest;testDeepCopy;testSet;testRemove
com.google.gson.JsonStreamParserTest;testNoSideEffectForHasNext;testParseTwoStrings;testCallingNextBeyondAvailableInput;testIterator
com.google.gson.functional.JsonArrayTest;testIntegerPrimitiveAddition;testSameAddition;testCharPrimitiveAddition;testStringPrimitiveAddition;testDoublePrimitiveAddition;testBooleanPrimitiveAddition;testMixedPrimitiveAddition
com.google.gson.JsonPrimitiveTest;testBoolean;testFloatEqualsDouble;testShortEqualsBigInteger;testParsingStringAsNumber;testDoubleEqualsBigDecimal;testStringsAndChar;testValidJsonOnToString;testByteEqualsInteger;testShortEqualsLong;testEquals;testIntegerEqualsLong;testIntegerEqualsBigInteger;testNulls;testByteEqualsLong;testExponential;testEqualsIntegerAndBigInteger;testFloatEqualsBigDecimal;testByteEqualsShort;testDeepCopy;testEqualsDoesNotEquateStringAndNonStringTypes;testLongEqualsBigInteger;testShortEqualsInteger;testByteEqualsBigInteger;testEqualsAcrossTypes;testParsingStringAsBoolean
[INFO] Writing Coverage in /tmp/v1/gson/testsThatExecuteTheChange_coverage.csv
[INFO] com.google.gson.JsonObject;12;13

[INFO] com.google.gson.JsonPrimitive;20;23

[INFO] total;32;36

[INFO] ------------------------------------------------------------------------
[INFO] BUILD SUCCESS
[INFO] ------------------------------------------------------------------------
[INFO] Total time:  35.334 s
[INFO] Finished at: 2021-01-03T04:11:04+01:00
[INFO] ------------------------------------------------------------------------
