[INFO] Scanning for projects...
[WARNING] 
[WARNING] Some problems were encountered while building the effective model for com.google.code.gson:gson:jar:1.4
[WARNING] 'build.plugins.plugin.version' for org.apache.maven.plugins:maven-compiler-plugin is missing. @ line 53, column 15
[WARNING] 'build.plugins.plugin.version' for org.codehaus.mojo:cobertura-maven-plugin is missing. @ line 198, column 15
[WARNING] 'build.plugins.plugin.version' for org.apache.maven.plugins:maven-jar-plugin is missing. @ line 61, column 15
[WARNING] 'build.plugins.plugin.version' for org.apache.maven.plugins:maven-jxr-plugin is missing. @ line 161, column 15
[WARNING] 'build.plugins.plugin.version' for org.apache.maven.plugins:maven-pmd-plugin is missing. @ line 165, column 15
[WARNING] 'build.plugins.plugin.version' for org.codehaus.mojo:taglist-maven-plugin is missing. @ line 186, column 15
[WARNING] 'build.plugins.plugin.version' for org.apache.maven.plugins:maven-checkstyle-plugin is missing. @ line 178, column 15
[WARNING] 'build.plugins.plugin.version' for org.apache.maven.plugins:maven-source-plugin is missing. @ line 89, column 15
[WARNING] 'build.plugins.plugin.version' for org.apache.maven.plugins:maven-javadoc-plugin is missing. @ line 103, column 16
[WARNING] 'build.plugins.plugin.version' for org.apache.maven.plugins:maven-eclipse-plugin is missing. @ line 123, column 16
[WARNING] The expression ${version} is deprecated. Please use ${project.version} instead.
[WARNING] 
[WARNING] It is highly recommended to fix these problems because they threaten the stability of your build.
[WARNING] 
[WARNING] For this reason, future Maven versions might no longer support building such malformed projects.
[WARNING] 
[INFO] 
[INFO] ---------------------< com.google.code.gson:gson >----------------------
[INFO] Building Gson 1.4
[INFO] --------------------------------[ jar ]---------------------------------
[INFO] 
[INFO] --- maven-clean-plugin:2.5:clean (default-clean) @ gson ---
[INFO] Deleting /tmp/v1/gson/target
[INFO] 
[INFO] --- cobertura-maven-plugin:2.7:clean (clean) @ gson ---
[INFO] 
[INFO] --- dspot-diff-test-selection:3.1.1-SNAPSHOT:list (default-cli) @ gson ---
[INFO] Running on:
[INFO] /tmp/v1/gson
[INFO] /tmp/v2/gson/
[WARNING] No path to diff file has been specified.
[WARNING] I'll compute a diff file using the UNIX diff command
[WARNING] You may encounter troubles.
[WARNING] If so, please specify a path to a correct diff file
[WARNING] or implement a new way to compute a diff file.
[INFO] Computing the diff with diff commnd line
[INFO] The diff will be computed between:
[INFO] /tmp/v1/gson/src and 
[INFO] /tmp/v2/gson/src
[INFO] Executing: diff -ru /tmp/v1/gson/src /tmp/v2/gson/src from /tmp/v1/gson/src
[INFO] Running in enhanced mode...
[INFO] Computing coverage for /tmp/v1/gson
[WARN] Maven will be executed in interactive mode, but no input stream has been configured for this MavenInvoker instance.
[[1;34mINFO[m] Scanning for projects...
[[1;33mWARNING[m] 
[[1;33mWARNING[m] Some problems were encountered while building the effective model for com.google.code.gson:gson:jar:1.4
[[1;33mWARNING[m] 'build.plugins.plugin.version' for org.apache.maven.plugins:maven-compiler-plugin is missing. @ line 53, column 15
[[1;33mWARNING[m] 'build.plugins.plugin.version' for org.codehaus.mojo:cobertura-maven-plugin is missing. @ line 198, column 15
[[1;33mWARNING[m] 'build.plugins.plugin.version' for org.apache.maven.plugins:maven-jar-plugin is missing. @ line 61, column 15
[[1;33mWARNING[m] 'build.plugins.plugin.version' for org.apache.maven.plugins:maven-jxr-plugin is missing. @ line 161, column 15
[[1;33mWARNING[m] 'build.plugins.plugin.version' for org.apache.maven.plugins:maven-pmd-plugin is missing. @ line 165, column 15
[[1;33mWARNING[m] 'build.plugins.plugin.version' for org.codehaus.mojo:taglist-maven-plugin is missing. @ line 186, column 15
[[1;33mWARNING[m] 'build.plugins.plugin.version' for org.apache.maven.plugins:maven-checkstyle-plugin is missing. @ line 178, column 15
[[1;33mWARNING[m] 'build.plugins.plugin.version' for org.apache.maven.plugins:maven-source-plugin is missing. @ line 89, column 15
[[1;33mWARNING[m] 'build.plugins.plugin.version' for org.apache.maven.plugins:maven-javadoc-plugin is missing. @ line 103, column 16
[[1;33mWARNING[m] 'build.plugins.plugin.version' for org.apache.maven.plugins:maven-eclipse-plugin is missing. @ line 123, column 16
[[1;33mWARNING[m] The expression ${version} is deprecated. Please use ${project.version} instead.
[[1;33mWARNING[m] 
[[1;33mWARNING[m] It is highly recommended to fix these problems because they threaten the stability of your build.
[[1;33mWARNING[m] 
[[1;33mWARNING[m] For this reason, future Maven versions might no longer support building such malformed projects.
[[1;33mWARNING[m] 
[[1;34mINFO[m] 
[[1;34mINFO[m] [1m---------------------< [0;36mcom.google.code.gson:gson[0;1m >----------------------[m
[[1;34mINFO[m] [1mBuilding Gson 1.4[m
[[1;34mINFO[m] [1m--------------------------------[ jar ]---------------------------------[m
[[1;34mINFO[m] 
[[1;34mINFO[m] [1m--- [0;32mmaven-clean-plugin:2.5:clean[m [1m(default-clean)[m @ [36mgson[0;1m ---[m
[[1;34mINFO[m] 
[[1;34mINFO[m] [1m--- [0;32mcobertura-maven-plugin:2.7:clean[m [1m(clean)[m @ [36mgson[0;1m ---[m
[[1;34mINFO[m] Skipping cobertura execution
[[1;34mINFO[m] 
[[1;34mINFO[m] [1m--- [0;32mclover-maven-plugin:4.4.1:setup[m [1m(default-cli)[m @ [36mgson[0;1m ---[m
[[1;34mINFO[m] OpenClover Version 4.4.1, built on October 11 2019 (build-1020)
[[1;34mINFO[m] Creating new database at '/tmp/v1/gson/target/clover/clover.db'.
[[1;34mINFO[m] Processing files at 1.8 source level.
[[1;34mINFO[m] Clover all over. Instrumented 85 files (3 packages).
[[1;34mINFO[m] OpenClover Version 4.4.1, built on October 11 2019 (build-1020)
[[1;34mINFO[m] Updating existing database at '/tmp/v1/gson/target/clover/clover.db'.
[[1;34mINFO[m] Processing files at 1.8 source level.
[[1;34mINFO[m] Clover all over. Instrumented 67 files (4 packages).
[[1;34mINFO[m] 534 test methods detected.
[[1;34mINFO[m] 
[[1;34mINFO[m] [1m--- [0;32mmaven-resources-plugin:2.6:resources[m [1m(default-resources)[m @ [36mgson[0;1m ---[m
[[1;33mWARNING[m] Using platform encoding (UTF-8 actually) to copy filtered resources, i.e. build is platform dependent!
[[1;34mINFO[m] Copying 1 resource
[[1;34mINFO[m] Copying 1 resource
[[1;34mINFO[m] 
[[1;34mINFO[m] [1m--- [0;32mmaven-compiler-plugin:3.1:compile[m [1m(default-compile)[m @ [36mgson[0;1m ---[m
[[1;34mINFO[m] Changes detected - recompiling the module!
[[1;33mWARNING[m] File encoding has not been set, using platform encoding UTF-8, i.e. build is platform dependent!
[[1;34mINFO[m] Compiling 85 source files to /tmp/v1/gson/target/classes
[[1;33mWARNING[m] /tmp/v1/gson/target/clover/src-instrumented/com/google/gson/JsonParserJavacc.java: /tmp/v1/gson/target/clover/src-instrumented/com/google/gson/JsonParserJavacc.java uses unchecked or unsafe operations.
[[1;33mWARNING[m] /tmp/v1/gson/target/clover/src-instrumented/com/google/gson/JsonParserJavacc.java: Recompile with -Xlint:unchecked for details.
[[1;34mINFO[m] 
[[1;34mINFO[m] [1m--- [0;32mmaven-resources-plugin:2.6:testResources[m [1m(default-testResources)[m @ [36mgson[0;1m ---[m
[[1;33mWARNING[m] Using platform encoding (UTF-8 actually) to copy filtered resources, i.e. build is platform dependent!
[[1;34mINFO[m] skip non existing resourceDirectory /tmp/v1/gson/src/test/resources
[[1;34mINFO[m] 
[[1;34mINFO[m] [1m--- [0;32mmaven-compiler-plugin:3.1:testCompile[m [1m(default-testCompile)[m @ [36mgson[0;1m ---[m
[[1;34mINFO[m] Changes detected - recompiling the module!
[[1;33mWARNING[m] File encoding has not been set, using platform encoding UTF-8, i.e. build is platform dependent!
[[1;34mINFO[m] Compiling 67 source files to /tmp/v1/gson/target/test-classes
[[1;33mWARNING[m] /tmp/v1/gson/target/clover/src-test-instrumented/com/google/gson/functional/DefaultTypeAdaptersTest.java: /tmp/v1/gson/target/clover/src-test-instrumented/com/google/gson/functional/DefaultTypeAdaptersTest.java uses or overrides a deprecated API.
[[1;33mWARNING[m] /tmp/v1/gson/target/clover/src-test-instrumented/com/google/gson/functional/DefaultTypeAdaptersTest.java: Recompile with -Xlint:deprecation for details.
[[1;33mWARNING[m] /tmp/v1/gson/target/clover/src-test-instrumented/com/google/gson/functional/MapTest.java: Some input files use unchecked or unsafe operations.
[[1;33mWARNING[m] /tmp/v1/gson/target/clover/src-test-instrumented/com/google/gson/functional/MapTest.java: Recompile with -Xlint:unchecked for details.
[[1;34mINFO[m] 
[[1;34mINFO[m] [1m--- [0;32mmaven-surefire-plugin:2.12.4:test[m [1m(default-test)[m @ [36mgson[0;1m ---[m
[[1;34mINFO[m] Surefire report directory: /tmp/v1/gson/target/surefire-reports

-------------------------------------------------------
 T E S T S
-------------------------------------------------------
Running com.google.gson.CamelCaseSeparatorNamingPolicyTest
Tests run: 5, Failures: 0, Errors: 0, Skipped: 0, Time elapsed: 0.038 sec
Running com.google.gson.DefaultDateTypeAdapterTest
Tests run: 3, Failures: 0, Errors: 0, Skipped: 0, Time elapsed: 0.023 sec
Running com.google.gson.GenericArrayTypeImplTest
Tests run: 2, Failures: 0, Errors: 0, Skipped: 0, Time elapsed: 0.006 sec
Running com.google.gson.InnerClassExclusionStrategyTest
Tests run: 4, Failures: 0, Errors: 0, Skipped: 0, Time elapsed: 0.003 sec
Running com.google.gson.GsonTypeAdapterTest
Tests run: 4, Failures: 0, Errors: 0, Skipped: 0, Time elapsed: 0.052 sec
Running com.google.gson.JsonFieldNameValidatorTest
Tests run: 10, Failures: 0, Errors: 0, Skipped: 0, Time elapsed: 0.007 sec
Running com.google.gson.JavaFieldNamingPolicyTest
Tests run: 2, Failures: 0, Errors: 0, Skipped: 0, Time elapsed: 0.003 sec
Running com.google.gson.common.TestTypes
Tests run: 0, Failures: 0, Errors: 0, Skipped: 0, Time elapsed: 0 sec
Running com.google.gson.GsonBuilderTest
Tests run: 1, Failures: 0, Errors: 0, Skipped: 0, Time elapsed: 0.001 sec
Running com.google.gson.JsonDeserializerExceptionWrapperTest
Tests run: 3, Failures: 0, Errors: 0, Skipped: 0, Time elapsed: 0.008 sec
Running com.google.gson.JsonParserAsyncTest
Tests run: 2, Failures: 0, Errors: 0, Skipped: 0, Time elapsed: 0.004 sec
Running com.google.gson.LowerCamelCaseSeparatorNamingPolicyTest
Tests run: 3, Failures: 0, Errors: 0, Skipped: 0, Time elapsed: 0.003 sec
Running com.google.gson.DisjunctionExclusionStrategyTest
Tests run: 3, Failures: 0, Errors: 0, Skipped: 0, Time elapsed: 0.003 sec
Running com.google.gson.ModifyFirstLetterNamingPolicyTest
Tests run: 8, Failures: 0, Errors: 0, Skipped: 0, Time elapsed: 0.007 sec
Running com.google.gson.NullExclusionStrategyTest
Tests run: 2, Failures: 0, Errors: 0, Skipped: 0, Time elapsed: 0.001 sec
Running com.google.gson.TypeInfoMapTest
Tests run: 4, Failures: 0, Errors: 0, Skipped: 0, Time elapsed: 0.008 sec
Running com.google.gson.LowerCaseNamingPolicyTest
Tests run: 3, Failures: 0, Errors: 0, Skipped: 0, Time elapsed: 0.006 sec
Running com.google.gson.TypeInfoFactoryTest
Tests run: 17, Failures: 0, Errors: 0, Skipped: 0, Time elapsed: 0.018 sec
Running com.google.gson.MemoryRefStackTest
Tests run: 4, Failures: 0, Errors: 0, Skipped: 0, Time elapsed: 0.002 sec
Running com.google.gson.JsonObjectTest
Tests run: 5, Failures: 0, Errors: 0, Skipped: 0, Time elapsed: 0.003 sec
Running com.google.gson.metrics.PerformanceTest
Tests run: 1, Failures: 0, Errors: 0, Skipped: 0, Time elapsed: 0.001 sec
Running com.google.gson.ParameterizedTypeImplTest
Tests run: 2, Failures: 0, Errors: 0, Skipped: 0, Time elapsed: 0.001 sec
Running com.google.gson.ParameterizedTypeHandlerMapTest
Jan 10, 2021 3:42:38 AM com.google.gson.ParameterizedTypeHandlerMap register
WARNING: Overriding the existing type handler for class java.lang.String
Tests run: 5, Failures: 0, Errors: 0, Skipped: 0, Time elapsed: 0.007 sec
Running com.google.gson.EscaperTest
Tests run: 16, Failures: 0, Errors: 0, Skipped: 0, Time elapsed: 0.009 sec
Running com.google.gson.DefaultMapJsonSerializerTest
Tests run: 2, Failures: 0, Errors: 0, Skipped: 0, Time elapsed: 0.001 sec
Running com.google.gson.VersionExclusionStrategyTest
Tests run: 4, Failures: 0, Errors: 0, Skipped: 0, Time elapsed: 0.006 sec
Running com.google.gson.UpperCaseNamingPolicyTest
Tests run: 3, Failures: 0, Errors: 0, Skipped: 0, Time elapsed: 0.002 sec
Running com.google.gson.FunctionWithInternalDependenciesTest
Tests run: 1, Failures: 0, Errors: 0, Skipped: 0, Time elapsed: 0.001 sec
Running com.google.gson.functional.InternationalizationTest
Tests run: 4, Failures: 0, Errors: 0, Skipped: 0, Time elapsed: 0.003 sec
Running com.google.gson.functional.SecurityTest
Tests run: 5, Failures: 0, Errors: 0, Skipped: 0, Time elapsed: 0.009 sec
Running com.google.gson.functional.EnumTest
Tests run: 7, Failures: 0, Errors: 0, Skipped: 0, Time elapsed: 0.009 sec
Running com.google.gson.functional.ObjectTest
Tests run: 46, Failures: 0, Errors: 0, Skipped: 0, Time elapsed: 0.063 sec
Running com.google.gson.functional.FieldExclusionTest
Tests run: 3, Failures: 0, Errors: 0, Skipped: 0, Time elapsed: 0 sec
Running com.google.gson.functional.ExposeFieldsTest
Tests run: 8, Failures: 0, Errors: 0, Skipped: 0, Time elapsed: 0.009 sec
Running com.google.gson.functional.ParameterizedTypesTest
Tests run: 17, Failures: 0, Errors: 0, Skipped: 0, Time elapsed: 0.031 sec
Running com.google.gson.functional.PrettyPrintingTest
Tests run: 7, Failures: 0, Errors: 0, Skipped: 0, Time elapsed: 0.01 sec
Running com.google.gson.functional.CustomTypeAdaptersTest
Tests run: 16, Failures: 0, Errors: 0, Skipped: 0, Time elapsed: 0.018 sec
Running com.google.gson.functional.ReadersWritersTest
Tests run: 8, Failures: 0, Errors: 0, Skipped: 0, Time elapsed: 0.007 sec
Running com.google.gson.functional.CustomDeserializerTest
Tests run: 2, Failures: 0, Errors: 0, Skipped: 0, Time elapsed: 0.003 sec
Running com.google.gson.functional.DefaultTypeAdaptersTest
Tests run: 32, Failures: 0, Errors: 0, Skipped: 0, Time elapsed: 0.029 sec
Running com.google.gson.functional.NullObjectAndFieldTest
Tests run: 12, Failures: 0, Errors: 0, Skipped: 0, Time elapsed: 0.01 sec
Running com.google.gson.functional.MapTest
Tests run: 21, Failures: 0, Errors: 0, Skipped: 0, Time elapsed: 0.018 sec
Running com.google.gson.functional.VersioningTest
Tests run: 10, Failures: 0, Errors: 0, Skipped: 0, Time elapsed: 0.011 sec
Running com.google.gson.functional.EscapingTest
Tests run: 3, Failures: 0, Errors: 0, Skipped: 0, Time elapsed: 0.004 sec
Running com.google.gson.functional.CollectionTest
Tests run: 22, Failures: 0, Errors: 0, Skipped: 0, Time elapsed: 0.025 sec
Running com.google.gson.functional.JsonTreeTest
Tests run: 3, Failures: 0, Errors: 0, Skipped: 0, Time elapsed: 0.003 sec
Running com.google.gson.functional.ArrayTest
Tests run: 20, Failures: 0, Errors: 0, Skipped: 0, Time elapsed: 0.017 sec
Running com.google.gson.functional.PrintFormattingTest
Tests run: 1, Failures: 0, Errors: 0, Skipped: 0, Time elapsed: 0.001 sec
Running com.google.gson.functional.StringTest
Tests run: 19, Failures: 0, Errors: 0, Skipped: 0, Time elapsed: 0.012 sec
Running com.google.gson.functional.UncategorizedTest
Tests run: 4, Failures: 0, Errors: 0, Skipped: 0, Time elapsed: 0.004 sec
Running com.google.gson.functional.JsonParserTest
Tests run: 5, Failures: 0, Errors: 0, Skipped: 0, Time elapsed: 0.003 sec
Running com.google.gson.functional.NamingPolicyTest
Tests run: 5, Failures: 0, Errors: 0, Skipped: 0, Time elapsed: 0.006 sec
Running com.google.gson.functional.ConcurrencyTest
Tests run: 4, Failures: 0, Errors: 0, Skipped: 0, Time elapsed: 0.036 sec
Running com.google.gson.functional.PrimitiveTest
Tests run: 65, Failures: 0, Errors: 0, Skipped: 0, Time elapsed: 0.052 sec
Running com.google.gson.TypeInfoArrayTest
Tests run: 10, Failures: 0, Errors: 0, Skipped: 0, Time elapsed: 0.006 sec
Running com.google.gson.ExposeAnnotationBasedExclusionStrategyTest
Tests run: 3, Failures: 0, Errors: 0, Skipped: 0, Time elapsed: 0.002 sec
Running com.google.gson.JsonParserTest
Tests run: 5, Failures: 0, Errors: 0, Skipped: 0, Time elapsed: 0.005 sec
Running com.google.gson.TypeInfoTest
Tests run: 9, Failures: 0, Errors: 0, Skipped: 0, Time elapsed: 0.005 sec
Running com.google.gson.SerializedNameAnnotationInterceptingNamingPolicyTest
Tests run: 2, Failures: 0, Errors: 0, Skipped: 0, Time elapsed: 0.002 sec
Running com.google.gson.JsonPrimitiveTest
Tests run: 19, Failures: 0, Errors: 0, Skipped: 0, Time elapsed: 0.011 sec
Running com.google.gson.TypeUtilsTest
Tests run: 5, Failures: 0, Errors: 0, Skipped: 0, Time elapsed: 0.004 sec
Running com.google.gson.LongSerializationPolicyTest
Tests run: 2, Failures: 0, Errors: 0, Skipped: 0, Time elapsed: 0.001 sec
Running com.google.gson.StringUnmarshallerTest
Tests run: 11, Failures: 0, Errors: 0, Skipped: 0, Time elapsed: 0.004 sec

Results :

Tests run: 534, Failures: 0, Errors: 0, Skipped: 0

[[1;34mINFO[m] [1m------------------------------------------------------------------------[m
[[1;34mINFO[m] [1;32mBUILD SUCCESS[m
[[1;34mINFO[m] [1m------------------------------------------------------------------------[m
[[1;34mINFO[m] Total time:  6.763 s
[[1;34mINFO[m] Finished at: 2021-01-10T03:42:38+01:00
[[1;34mINFO[m] [1m------------------------------------------------------------------------[m
Writing HTML report to '/tmp/v1/gson/target/clover/report'
Done. Processed 6 packages in 2294ms (382ms per package).
[INFO] Computing coverage for /tmp/v2/gson/
[WARN] Maven will be executed in interactive mode, but no input stream has been configured for this MavenInvoker instance.
[[1;34mINFO[m] Scanning for projects...
[[1;33mWARNING[m] 
[[1;33mWARNING[m] Some problems were encountered while building the effective model for com.google.code.gson:gson:jar:1.4
[[1;33mWARNING[m] 'build.plugins.plugin.version' for org.apache.maven.plugins:maven-compiler-plugin is missing. @ line 53, column 15
[[1;33mWARNING[m] 'build.plugins.plugin.version' for org.codehaus.mojo:cobertura-maven-plugin is missing. @ line 198, column 15
[[1;33mWARNING[m] 'build.plugins.plugin.version' for org.apache.maven.plugins:maven-jar-plugin is missing. @ line 61, column 15
[[1;33mWARNING[m] 'build.plugins.plugin.version' for org.apache.maven.plugins:maven-jxr-plugin is missing. @ line 161, column 15
[[1;33mWARNING[m] 'build.plugins.plugin.version' for org.apache.maven.plugins:maven-pmd-plugin is missing. @ line 165, column 15
[[1;33mWARNING[m] 'build.plugins.plugin.version' for org.codehaus.mojo:taglist-maven-plugin is missing. @ line 186, column 15
[[1;33mWARNING[m] 'build.plugins.plugin.version' for org.apache.maven.plugins:maven-checkstyle-plugin is missing. @ line 178, column 15
[[1;33mWARNING[m] 'build.plugins.plugin.version' for org.apache.maven.plugins:maven-source-plugin is missing. @ line 89, column 15
[[1;33mWARNING[m] 'build.plugins.plugin.version' for org.apache.maven.plugins:maven-javadoc-plugin is missing. @ line 103, column 16
[[1;33mWARNING[m] 'build.plugins.plugin.version' for org.apache.maven.plugins:maven-eclipse-plugin is missing. @ line 123, column 16
[[1;33mWARNING[m] The expression ${version} is deprecated. Please use ${project.version} instead.
[[1;33mWARNING[m] 
[[1;33mWARNING[m] It is highly recommended to fix these problems because they threaten the stability of your build.
[[1;33mWARNING[m] 
[[1;33mWARNING[m] For this reason, future Maven versions might no longer support building such malformed projects.
[[1;33mWARNING[m] 
[[1;34mINFO[m] 
[[1;34mINFO[m] [1m---------------------< [0;36mcom.google.code.gson:gson[0;1m >----------------------[m
[[1;34mINFO[m] [1mBuilding Gson 1.4[m
[[1;34mINFO[m] [1m--------------------------------[ jar ]---------------------------------[m
[[1;34mINFO[m] 
[[1;34mINFO[m] [1m--- [0;32mmaven-clean-plugin:2.5:clean[m [1m(default-clean)[m @ [36mgson[0;1m ---[m
[[1;34mINFO[m] Deleting /tmp/v2/gson/target
[[1;34mINFO[m] 
[[1;34mINFO[m] [1m--- [0;32mcobertura-maven-plugin:2.7:clean[m [1m(clean)[m @ [36mgson[0;1m ---[m
[[1;34mINFO[m] Skipping cobertura execution
[[1;34mINFO[m] 
[[1;34mINFO[m] [1m--- [0;32mclover-maven-plugin:4.4.1:setup[m [1m(default-cli)[m @ [36mgson[0;1m ---[m
[[1;34mINFO[m] OpenClover Version 4.4.1, built on October 11 2019 (build-1020)
[[1;34mINFO[m] Creating new database at '/tmp/v2/gson/target/clover/clover.db'.
[[1;34mINFO[m] Processing files at 1.8 source level.
[[1;34mINFO[m] Clover all over. Instrumented 85 files (3 packages).
[[1;34mINFO[m] OpenClover Version 4.4.1, built on October 11 2019 (build-1020)
[[1;34mINFO[m] Updating existing database at '/tmp/v2/gson/target/clover/clover.db'.
[[1;34mINFO[m] Processing files at 1.8 source level.
[[1;34mINFO[m] Clover all over. Instrumented 67 files (4 packages).
[[1;34mINFO[m] 534 test methods detected.
[[1;34mINFO[m] 
[[1;34mINFO[m] [1m--- [0;32mmaven-resources-plugin:2.6:resources[m [1m(default-resources)[m @ [36mgson[0;1m ---[m
[[1;33mWARNING[m] Using platform encoding (UTF-8 actually) to copy filtered resources, i.e. build is platform dependent!
[[1;34mINFO[m] Copying 1 resource
[[1;34mINFO[m] Copying 1 resource
[[1;34mINFO[m] 
[[1;34mINFO[m] [1m--- [0;32mmaven-compiler-plugin:3.1:compile[m [1m(default-compile)[m @ [36mgson[0;1m ---[m
[[1;34mINFO[m] Changes detected - recompiling the module!
[[1;33mWARNING[m] File encoding has not been set, using platform encoding UTF-8, i.e. build is platform dependent!
[[1;34mINFO[m] Compiling 85 source files to /tmp/v2/gson/target/classes
[[1;33mWARNING[m] /tmp/v2/gson/target/clover/src-instrumented/com/google/gson/JsonParserJavacc.java: /tmp/v2/gson/target/clover/src-instrumented/com/google/gson/JsonParserJavacc.java uses unchecked or unsafe operations.
[[1;33mWARNING[m] /tmp/v2/gson/target/clover/src-instrumented/com/google/gson/JsonParserJavacc.java: Recompile with -Xlint:unchecked for details.
[[1;34mINFO[m] 
[[1;34mINFO[m] [1m--- [0;32mmaven-resources-plugin:2.6:testResources[m [1m(default-testResources)[m @ [36mgson[0;1m ---[m
[[1;33mWARNING[m] Using platform encoding (UTF-8 actually) to copy filtered resources, i.e. build is platform dependent!
[[1;34mINFO[m] skip non existing resourceDirectory /tmp/v2/gson/src/test/resources
[[1;34mINFO[m] 
[[1;34mINFO[m] [1m--- [0;32mmaven-compiler-plugin:3.1:testCompile[m [1m(default-testCompile)[m @ [36mgson[0;1m ---[m
[[1;34mINFO[m] Changes detected - recompiling the module!
[[1;33mWARNING[m] File encoding has not been set, using platform encoding UTF-8, i.e. build is platform dependent!
[[1;34mINFO[m] Compiling 67 source files to /tmp/v2/gson/target/test-classes
[[1;33mWARNING[m] /tmp/v2/gson/target/clover/src-test-instrumented/com/google/gson/functional/DefaultTypeAdaptersTest.java: /tmp/v2/gson/target/clover/src-test-instrumented/com/google/gson/functional/DefaultTypeAdaptersTest.java uses or overrides a deprecated API.
[[1;33mWARNING[m] /tmp/v2/gson/target/clover/src-test-instrumented/com/google/gson/functional/DefaultTypeAdaptersTest.java: Recompile with -Xlint:deprecation for details.
[[1;33mWARNING[m] /tmp/v2/gson/target/clover/src-test-instrumented/com/google/gson/functional/ParameterizedTypesTest.java: Some input files use unchecked or unsafe operations.
[[1;33mWARNING[m] /tmp/v2/gson/target/clover/src-test-instrumented/com/google/gson/functional/ParameterizedTypesTest.java: Recompile with -Xlint:unchecked for details.
[[1;34mINFO[m] 
[[1;34mINFO[m] [1m--- [0;32mmaven-surefire-plugin:2.12.4:test[m [1m(default-test)[m @ [36mgson[0;1m ---[m
[[1;34mINFO[m] Surefire report directory: /tmp/v2/gson/target/surefire-reports

-------------------------------------------------------
 T E S T S
-------------------------------------------------------
Running com.google.gson.CamelCaseSeparatorNamingPolicyTest
Tests run: 5, Failures: 0, Errors: 0, Skipped: 0, Time elapsed: 0.042 sec
Running com.google.gson.DefaultDateTypeAdapterTest
Tests run: 3, Failures: 0, Errors: 0, Skipped: 0, Time elapsed: 0.028 sec
Running com.google.gson.GenericArrayTypeImplTest
Tests run: 2, Failures: 0, Errors: 0, Skipped: 0, Time elapsed: 0.009 sec
Running com.google.gson.InnerClassExclusionStrategyTest
Tests run: 4, Failures: 0, Errors: 0, Skipped: 0, Time elapsed: 0.004 sec
Running com.google.gson.GsonTypeAdapterTest
Tests run: 4, Failures: 0, Errors: 0, Skipped: 0, Time elapsed: 0.06 sec
Running com.google.gson.JsonFieldNameValidatorTest
Tests run: 10, Failures: 0, Errors: 0, Skipped: 0, Time elapsed: 0.008 sec
Running com.google.gson.JavaFieldNamingPolicyTest
Tests run: 2, Failures: 0, Errors: 0, Skipped: 0, Time elapsed: 0.003 sec
Running com.google.gson.common.TestTypes
Tests run: 0, Failures: 0, Errors: 0, Skipped: 0, Time elapsed: 0 sec
Running com.google.gson.GsonBuilderTest
Tests run: 1, Failures: 0, Errors: 0, Skipped: 0, Time elapsed: 0.001 sec
Running com.google.gson.JsonDeserializerExceptionWrapperTest
Tests run: 3, Failures: 0, Errors: 0, Skipped: 0, Time elapsed: 0.005 sec
Running com.google.gson.JsonParserAsyncTest
Tests run: 2, Failures: 0, Errors: 0, Skipped: 0, Time elapsed: 0.003 sec
Running com.google.gson.LowerCamelCaseSeparatorNamingPolicyTest
Tests run: 3, Failures: 0, Errors: 0, Skipped: 0, Time elapsed: 0.004 sec
Running com.google.gson.DisjunctionExclusionStrategyTest
Tests run: 3, Failures: 0, Errors: 0, Skipped: 0, Time elapsed: 0.002 sec
Running com.google.gson.ModifyFirstLetterNamingPolicyTest
Tests run: 8, Failures: 0, Errors: 0, Skipped: 0, Time elapsed: 0.008 sec
Running com.google.gson.NullExclusionStrategyTest
Tests run: 2, Failures: 0, Errors: 0, Skipped: 0, Time elapsed: 0.002 sec
Running com.google.gson.TypeInfoMapTest
Tests run: 4, Failures: 0, Errors: 0, Skipped: 0, Time elapsed: 0.005 sec
Running com.google.gson.LowerCaseNamingPolicyTest
Tests run: 3, Failures: 0, Errors: 0, Skipped: 0, Time elapsed: 0.008 sec
Running com.google.gson.TypeInfoFactoryTest
Tests run: 17, Failures: 0, Errors: 17, Skipped: 0, Time elapsed: 0.037 sec <<< FAILURE!
testSimpleField(com.google.gson.TypeInfoFactoryTest)  Time elapsed: 0.006 sec  <<< ERROR!
java.lang.NoSuchFieldException: simpleField
	at java.lang.Class.getField(Class.java:1703)
	at com.google.gson.TypeInfoFactoryTest.__CLR4_4_1n7swsj4te(TypeInfoFactoryTest.java:45)
	at com.google.gson.TypeInfoFactoryTest.testSimpleField(TypeInfoFactoryTest.java:44)

testEnumField(com.google.gson.TypeInfoFactoryTest)  Time elapsed: 0 sec  <<< ERROR!
java.lang.NoSuchFieldException: enumField
	at java.lang.Class.getField(Class.java:1703)
	at com.google.gson.TypeInfoFactoryTest.__CLR4_4_1bjs7zi4tl(TypeInfoFactoryTest.java:55)
	at com.google.gson.TypeInfoFactoryTest.testEnumField(TypeInfoFactoryTest.java:54)

testParameterizedTypeField(com.google.gson.TypeInfoFactoryTest)  Time elapsed: 0.003 sec  <<< ERROR!
java.lang.NoSuchFieldException: simpleParameterizedType
	at java.lang.Class.getField(Class.java:1703)
	at com.google.gson.TypeInfoFactoryTest.__CLR4_4_1g4p11c4ts(TypeInfoFactoryTest.java:66)
	at com.google.gson.TypeInfoFactoryTest.testParameterizedTypeField(TypeInfoFactoryTest.java:64)

testNestedParameterizedTypeField(com.google.gson.TypeInfoFactoryTest)  Time elapsed: 0.002 sec  <<< ERROR!
java.lang.NoSuchFieldException: simpleNestedParameterizedType
	at java.lang.Class.getField(Class.java:1703)
	at com.google.gson.TypeInfoFactoryTest.__CLR4_4_1ovogzt4u0(TypeInfoFactoryTest.java:77)
	at com.google.gson.TypeInfoFactoryTest.testNestedParameterizedTypeField(TypeInfoFactoryTest.java:75)

testGenericArrayTypeField(com.google.gson.TypeInfoFactoryTest)  Time elapsed: 0.002 sec  <<< ERROR!
java.lang.NoSuchFieldException: simpleGenericArray
	at java.lang.Class.getField(Class.java:1703)
	at com.google.gson.TypeInfoFactoryTest.__CLR4_4_1bp3mab4u8(TypeInfoFactoryTest.java:88)
	at com.google.gson.TypeInfoFactoryTest.testGenericArrayTypeField(TypeInfoFactoryTest.java:86)

testTypeVariableField(com.google.gson.TypeInfoFactoryTest)  Time elapsed: 0.001 sec  <<< ERROR!
java.lang.NoSuchFieldException: typeVariableObj
	at java.lang.Class.getField(Class.java:1703)
	at com.google.gson.TypeInfoFactoryTest.__CLR4_4_1y64luv4ug(TypeInfoFactoryTest.java:98)
	at com.google.gson.TypeInfoFactoryTest.testTypeVariableField(TypeInfoFactoryTest.java:97)

testTypeVariableArrayField(com.google.gson.TypeInfoFactoryTest)  Time elapsed: 0.001 sec  <<< ERROR!
java.lang.NoSuchFieldException: typeVariableArray
	at java.lang.Class.getField(Class.java:1703)
	at com.google.gson.TypeInfoFactoryTest.__CLR4_4_1a1v684un(TypeInfoFactoryTest.java:108)
	at com.google.gson.TypeInfoFactoryTest.testTypeVariableArrayField(TypeInfoFactoryTest.java:107)

testMutliDimensionalTypeVariableArrayField(com.google.gson.TypeInfoFactoryTest)  Time elapsed: 0.001 sec  <<< ERROR!
java.lang.NoSuchFieldException: mutliDimensionalTypeVariableArray
	at java.lang.Class.getField(Class.java:1703)
	at com.google.gson.TypeInfoFactoryTest.__CLR4_4_1gvykuw4uu(TypeInfoFactoryTest.java:118)
	at com.google.gson.TypeInfoFactoryTest.testMutliDimensionalTypeVariableArrayField(TypeInfoFactoryTest.java:117)

testParameterizedTypeVariableField(com.google.gson.TypeInfoFactoryTest)  Time elapsed: 0.002 sec  <<< ERROR!
java.lang.NoSuchFieldException: listOfTypeVariables
	at java.lang.Class.getField(Class.java:1703)
	at com.google.gson.TypeInfoFactoryTest.__CLR4_4_1fhias4v1(TypeInfoFactoryTest.java:129)
	at com.google.gson.TypeInfoFactoryTest.testParameterizedTypeVariableField(TypeInfoFactoryTest.java:127)

testNestedParameterizedTypeVariableField(com.google.gson.TypeInfoFactoryTest)  Time elapsed: 0.002 sec  <<< ERROR!
java.lang.NoSuchFieldException: listOfListsOfTypeVariables
	at java.lang.Class.getField(Class.java:1703)
	at com.google.gson.TypeInfoFactoryTest.__CLR4_4_1d0lpp74v9(TypeInfoFactoryTest.java:140)
	at com.google.gson.TypeInfoFactoryTest.testNestedParameterizedTypeVariableField(TypeInfoFactoryTest.java:138)

testParameterizedTypeVariableArrayField(com.google.gson.TypeInfoFactoryTest)  Time elapsed: 0.002 sec  <<< ERROR!
java.lang.NoSuchFieldException: listOfTypeVariablesArray
	at java.lang.Class.getField(Class.java:1703)
	at com.google.gson.TypeInfoFactoryTest.__CLR4_4_1z2lbcr4vh(TypeInfoFactoryTest.java:151)
	at com.google.gson.TypeInfoFactoryTest.testParameterizedTypeVariableArrayField(TypeInfoFactoryTest.java:149)

testWildcardField(com.google.gson.TypeInfoFactoryTest)  Time elapsed: 0.002 sec  <<< ERROR!
java.lang.NoSuchFieldException: listWithWildcard
	at java.lang.Class.getField(Class.java:1703)
	at com.google.gson.TypeInfoFactoryTest.__CLR4_4_1v9shud4vp(TypeInfoFactoryTest.java:162)
	at com.google.gson.TypeInfoFactoryTest.testWildcardField(TypeInfoFactoryTest.java:160)

testArrayOfWildcardField(com.google.gson.TypeInfoFactoryTest)  Time elapsed: 0.001 sec  <<< ERROR!
java.lang.NoSuchFieldException: arrayOfListWithWildcard
	at java.lang.Class.getField(Class.java:1703)
	at com.google.gson.TypeInfoFactoryTest.__CLR4_4_13148214vx(TypeInfoFactoryTest.java:173)
	at com.google.gson.TypeInfoFactoryTest.testArrayOfWildcardField(TypeInfoFactoryTest.java:171)

testListStringWildcardField(com.google.gson.TypeInfoFactoryTest)  Time elapsed: 0.002 sec  <<< ERROR!
java.lang.NoSuchFieldException: listWithStringWildcard
	at java.lang.Class.getField(Class.java:1703)
	at com.google.gson.TypeInfoFactoryTest.__CLR4_4_1j4mduu4w5(TypeInfoFactoryTest.java:184)
	at com.google.gson.TypeInfoFactoryTest.testListStringWildcardField(TypeInfoFactoryTest.java:182)

testArrayOfListStringWildcardField(com.google.gson.TypeInfoFactoryTest)  Time elapsed: 0.002 sec  <<< ERROR!
java.lang.NoSuchFieldException: arrayOfListWithStringWildcard
	at java.lang.Class.getField(Class.java:1703)
	at com.google.gson.TypeInfoFactoryTest.__CLR4_4_1gmbzza4wd(TypeInfoFactoryTest.java:195)
	at com.google.gson.TypeInfoFactoryTest.testArrayOfListStringWildcardField(TypeInfoFactoryTest.java:193)

testListTypeVariableWildcardField(com.google.gson.TypeInfoFactoryTest)  Time elapsed: 0.002 sec  <<< ERROR!
java.lang.NoSuchFieldException: listWithTypeVariableWildcard
	at java.lang.Class.getField(Class.java:1703)
	at com.google.gson.TypeInfoFactoryTest.__CLR4_4_1wbtnbz4wl(TypeInfoFactoryTest.java:206)
	at com.google.gson.TypeInfoFactoryTest.testListTypeVariableWildcardField(TypeInfoFactoryTest.java:204)

testArrayOfListTypeVariableWildcardField(com.google.gson.TypeInfoFactoryTest)  Time elapsed: 0.002 sec  <<< ERROR!
java.lang.NoSuchFieldException: arrayOfListWithTypeVariableWildcard
	at java.lang.Class.getField(Class.java:1703)
	at com.google.gson.TypeInfoFactoryTest.__CLR4_4_1ennisr4wt(TypeInfoFactoryTest.java:217)
	at com.google.gson.TypeInfoFactoryTest.testArrayOfListTypeVariableWildcardField(TypeInfoFactoryTest.java:215)

Running com.google.gson.MemoryRefStackTest
Tests run: 4, Failures: 0, Errors: 0, Skipped: 0, Time elapsed: 0.001 sec
Running com.google.gson.JsonObjectTest
Tests run: 5, Failures: 0, Errors: 0, Skipped: 0, Time elapsed: 0.003 sec
Running com.google.gson.metrics.PerformanceTest
Tests run: 1, Failures: 0, Errors: 0, Skipped: 0, Time elapsed: 0.001 sec
Running com.google.gson.ParameterizedTypeImplTest
Tests run: 2, Failures: 0, Errors: 0, Skipped: 0, Time elapsed: 0.003 sec
Running com.google.gson.ParameterizedTypeHandlerMapTest
Jan 10, 2021 3:42:48 AM com.google.gson.ParameterizedTypeHandlerMap register
WARNING: Overriding the existing type handler for class java.lang.String
Tests run: 5, Failures: 0, Errors: 0, Skipped: 0, Time elapsed: 0.008 sec
Running com.google.gson.EscaperTest
Tests run: 16, Failures: 0, Errors: 0, Skipped: 0, Time elapsed: 0.01 sec
Running com.google.gson.DefaultMapJsonSerializerTest
Tests run: 2, Failures: 0, Errors: 0, Skipped: 0, Time elapsed: 0.001 sec
Running com.google.gson.VersionExclusionStrategyTest
Tests run: 4, Failures: 0, Errors: 3, Skipped: 0, Time elapsed: 0.005 sec <<< FAILURE!
testClassAndFieldAreAtSameVersion(com.google.gson.VersionExclusionStrategyTest)  Time elapsed: 0.001 sec  <<< ERROR!
java.lang.NoSuchFieldException: someField
	at java.lang.Class.getField(Class.java:1703)
	at com.google.gson.VersionExclusionStrategyTest.__CLR4_4_17t5icl4zp(VersionExclusionStrategyTest.java:42)
	at com.google.gson.VersionExclusionStrategyTest.testClassAndFieldAreAtSameVersion(VersionExclusionStrategyTest.java:40)

testClassAndFieldAreBehindInVersion(com.google.gson.VersionExclusionStrategyTest)  Time elapsed: 0.001 sec  <<< ERROR!
java.lang.NoSuchFieldException: someField
	at java.lang.Class.getField(Class.java:1703)
	at com.google.gson.VersionExclusionStrategyTest.__CLR4_4_14xyejv4zv(VersionExclusionStrategyTest.java:51)
	at com.google.gson.VersionExclusionStrategyTest.testClassAndFieldAreBehindInVersion(VersionExclusionStrategyTest.java:49)

testClassAndFieldAreAheadInVersion(com.google.gson.VersionExclusionStrategyTest)  Time elapsed: 0 sec  <<< ERROR!
java.lang.NoSuchFieldException: someField
	at java.lang.Class.getField(Class.java:1703)
	at com.google.gson.VersionExclusionStrategyTest.__CLR4_4_1xhj7wk501(VersionExclusionStrategyTest.java:60)
	at com.google.gson.VersionExclusionStrategyTest.testClassAndFieldAreAheadInVersion(VersionExclusionStrategyTest.java:58)

Running com.google.gson.UpperCaseNamingPolicyTest
Tests run: 3, Failures: 0, Errors: 0, Skipped: 0, Time elapsed: 0.002 sec
Running com.google.gson.FunctionWithInternalDependenciesTest
Tests run: 1, Failures: 0, Errors: 0, Skipped: 0, Time elapsed: 0.002 sec
Running com.google.gson.functional.InternationalizationTest
Tests run: 4, Failures: 0, Errors: 0, Skipped: 0, Time elapsed: 0.003 sec
Running com.google.gson.functional.SecurityTest
Tests run: 5, Failures: 0, Errors: 0, Skipped: 0, Time elapsed: 0.009 sec
Running com.google.gson.functional.EnumTest
Tests run: 7, Failures: 0, Errors: 0, Skipped: 0, Time elapsed: 0.009 sec
Running com.google.gson.functional.ObjectTest
Tests run: 46, Failures: 0, Errors: 0, Skipped: 0, Time elapsed: 0.063 sec
Running com.google.gson.functional.FieldExclusionTest
Tests run: 3, Failures: 0, Errors: 0, Skipped: 0, Time elapsed: 0.002 sec
Running com.google.gson.functional.ExposeFieldsTest
Tests run: 8, Failures: 0, Errors: 0, Skipped: 0, Time elapsed: 0.012 sec
Running com.google.gson.functional.ParameterizedTypesTest
Tests run: 17, Failures: 0, Errors: 0, Skipped: 0, Time elapsed: 0.033 sec
Running com.google.gson.functional.PrettyPrintingTest
Tests run: 7, Failures: 0, Errors: 0, Skipped: 0, Time elapsed: 0.01 sec
Running com.google.gson.functional.CustomTypeAdaptersTest
Tests run: 16, Failures: 0, Errors: 0, Skipped: 0, Time elapsed: 0.019 sec
Running com.google.gson.functional.ReadersWritersTest
Tests run: 8, Failures: 0, Errors: 0, Skipped: 0, Time elapsed: 0.007 sec
Running com.google.gson.functional.CustomDeserializerTest
Tests run: 2, Failures: 0, Errors: 0, Skipped: 0, Time elapsed: 0.002 sec
Running com.google.gson.functional.DefaultTypeAdaptersTest
Tests run: 32, Failures: 0, Errors: 0, Skipped: 0, Time elapsed: 0.032 sec
Running com.google.gson.functional.NullObjectAndFieldTest
Tests run: 12, Failures: 0, Errors: 0, Skipped: 0, Time elapsed: 0.009 sec
Running com.google.gson.functional.MapTest
Tests run: 21, Failures: 0, Errors: 0, Skipped: 0, Time elapsed: 0.019 sec
Running com.google.gson.functional.VersioningTest
Tests run: 10, Failures: 0, Errors: 0, Skipped: 0, Time elapsed: 0.013 sec
Running com.google.gson.functional.EscapingTest
Tests run: 3, Failures: 0, Errors: 0, Skipped: 0, Time elapsed: 0.004 sec
Running com.google.gson.functional.CollectionTest
Tests run: 22, Failures: 0, Errors: 0, Skipped: 0, Time elapsed: 0.023 sec
Running com.google.gson.functional.JsonTreeTest
Tests run: 3, Failures: 0, Errors: 0, Skipped: 0, Time elapsed: 0.003 sec
Running com.google.gson.functional.ArrayTest
Tests run: 20, Failures: 0, Errors: 0, Skipped: 0, Time elapsed: 0.016 sec
Running com.google.gson.functional.PrintFormattingTest
Tests run: 1, Failures: 0, Errors: 0, Skipped: 0, Time elapsed: 0.001 sec
Running com.google.gson.functional.StringTest
Tests run: 19, Failures: 0, Errors: 0, Skipped: 0, Time elapsed: 0.012 sec
Running com.google.gson.functional.UncategorizedTest
Tests run: 4, Failures: 0, Errors: 0, Skipped: 0, Time elapsed: 0.005 sec
Running com.google.gson.functional.JsonParserTest
Tests run: 5, Failures: 0, Errors: 0, Skipped: 0, Time elapsed: 0.004 sec
Running com.google.gson.functional.NamingPolicyTest
Tests run: 5, Failures: 0, Errors: 0, Skipped: 0, Time elapsed: 0.006 sec
Running com.google.gson.functional.ConcurrencyTest
Tests run: 4, Failures: 0, Errors: 0, Skipped: 0, Time elapsed: 0.031 sec
Running com.google.gson.functional.PrimitiveTest
Tests run: 65, Failures: 0, Errors: 0, Skipped: 0, Time elapsed: 0.042 sec
Running com.google.gson.TypeInfoArrayTest
Tests run: 10, Failures: 0, Errors: 0, Skipped: 0, Time elapsed: 0.005 sec
Running com.google.gson.ExposeAnnotationBasedExclusionStrategyTest
Tests run: 3, Failures: 0, Errors: 2, Skipped: 0, Time elapsed: 0.003 sec <<< FAILURE!
testSkipNonAnnotatedFields(com.google.gson.ExposeAnnotationBasedExclusionStrategyTest)  Time elapsed: 0.001 sec  <<< ERROR!
java.lang.NoSuchFieldException: hiddenField
	at java.lang.Class.getField(Class.java:1703)
	at com.google.gson.ExposeAnnotationBasedExclusionStrategyTest.__CLR4_4_1mrf4po48x(ExposeAnnotationBasedExclusionStrategyTest.java:45)
	at com.google.gson.ExposeAnnotationBasedExclusionStrategyTest.testSkipNonAnnotatedFields(ExposeAnnotationBasedExclusionStrategyTest.java:44)

testNeverSkipExposedAnnotatedFields(com.google.gson.ExposeAnnotationBasedExclusionStrategyTest)  Time elapsed: 0.001 sec  <<< ERROR!
java.lang.NoSuchFieldException: exposedField
	at java.lang.Class.getField(Class.java:1703)
	at com.google.gson.ExposeAnnotationBasedExclusionStrategyTest.__CLR4_4_11bbf4h490(ExposeAnnotationBasedExclusionStrategyTest.java:50)
	at com.google.gson.ExposeAnnotationBasedExclusionStrategyTest.testNeverSkipExposedAnnotatedFields(ExposeAnnotationBasedExclusionStrategyTest.java:49)

Running com.google.gson.JsonParserTest
Tests run: 5, Failures: 0, Errors: 0, Skipped: 0, Time elapsed: 0.003 sec
Running com.google.gson.TypeInfoTest
Tests run: 9, Failures: 0, Errors: 0, Skipped: 0, Time elapsed: 0.006 sec
Running com.google.gson.SerializedNameAnnotationInterceptingNamingPolicyTest
Tests run: 2, Failures: 0, Errors: 1, Skipped: 0, Time elapsed: 0.017 sec <<< FAILURE!
testFieldWithoutAnnotation(com.google.gson.SerializedNameAnnotationInterceptingNamingPolicyTest)  Time elapsed: 0.001 sec  <<< ERROR!
java.lang.NoSuchFieldException: fieldWithoutAnnotation
	at java.lang.Class.getField(Class.java:1703)
	at com.google.gson.SerializedNameAnnotationInterceptingNamingPolicyTest.__CLR4_4_1xmjo6i4qw(SerializedNameAnnotationInterceptingNamingPolicyTest.java:51)
	at com.google.gson.SerializedNameAnnotationInterceptingNamingPolicyTest.testFieldWithoutAnnotation(SerializedNameAnnotationInterceptingNamingPolicyTest.java:49)

Running com.google.gson.JsonPrimitiveTest
Tests run: 19, Failures: 0, Errors: 0, Skipped: 0, Time elapsed: 0.012 sec
Running com.google.gson.TypeUtilsTest
Tests run: 5, Failures: 0, Errors: 0, Skipped: 0, Time elapsed: 0.003 sec
Running com.google.gson.LongSerializationPolicyTest
Tests run: 2, Failures: 0, Errors: 0, Skipped: 0, Time elapsed: 0.001 sec
Running com.google.gson.StringUnmarshallerTest
Tests run: 11, Failures: 0, Errors: 0, Skipped: 0, Time elapsed: 0.006 sec

Results :

Tests in error: 
  testSimpleField(com.google.gson.TypeInfoFactoryTest): simpleField
  testEnumField(com.google.gson.TypeInfoFactoryTest): enumField
  testParameterizedTypeField(com.google.gson.TypeInfoFactoryTest): simpleParameterizedType
  testNestedParameterizedTypeField(com.google.gson.TypeInfoFactoryTest): simpleNestedParameterizedType
  testGenericArrayTypeField(com.google.gson.TypeInfoFactoryTest): simpleGenericArray
  testTypeVariableField(com.google.gson.TypeInfoFactoryTest): typeVariableObj
  testTypeVariableArrayField(com.google.gson.TypeInfoFactoryTest): typeVariableArray
  testMutliDimensionalTypeVariableArrayField(com.google.gson.TypeInfoFactoryTest): mutliDimensionalTypeVariableArray
  testParameterizedTypeVariableField(com.google.gson.TypeInfoFactoryTest): listOfTypeVariables
  testNestedParameterizedTypeVariableField(com.google.gson.TypeInfoFactoryTest): listOfListsOfTypeVariables
  testParameterizedTypeVariableArrayField(com.google.gson.TypeInfoFactoryTest): listOfTypeVariablesArray
  testWildcardField(com.google.gson.TypeInfoFactoryTest): listWithWildcard
  testArrayOfWildcardField(com.google.gson.TypeInfoFactoryTest): arrayOfListWithWildcard
  testListStringWildcardField(com.google.gson.TypeInfoFactoryTest): listWithStringWildcard
  testArrayOfListStringWildcardField(com.google.gson.TypeInfoFactoryTest): arrayOfListWithStringWildcard
  testListTypeVariableWildcardField(com.google.gson.TypeInfoFactoryTest): listWithTypeVariableWildcard
  testArrayOfListTypeVariableWildcardField(com.google.gson.TypeInfoFactoryTest): arrayOfListWithTypeVariableWildcard
  testClassAndFieldAreAtSameVersion(com.google.gson.VersionExclusionStrategyTest): someField
  testClassAndFieldAreBehindInVersion(com.google.gson.VersionExclusionStrategyTest): someField
  testClassAndFieldAreAheadInVersion(com.google.gson.VersionExclusionStrategyTest): someField
  testSkipNonAnnotatedFields(com.google.gson.ExposeAnnotationBasedExclusionStrategyTest): hiddenField
  testNeverSkipExposedAnnotatedFields(com.google.gson.ExposeAnnotationBasedExclusionStrategyTest): exposedField
  testFieldWithoutAnnotation(com.google.gson.SerializedNameAnnotationInterceptingNamingPolicyTest): fieldWithoutAnnotation

Tests run: 534, Failures: 0, Errors: 23, Skipped: 0

[[1;34mINFO[m] [1m------------------------------------------------------------------------[m
[[1;34mINFO[m] [1;31mBUILD FAILURE[m
[[1;34mINFO[m] [1m------------------------------------------------------------------------[m
[[1;34mINFO[m] Total time:  6.908 s
[[1;34mINFO[m] Finished at: 2021-01-10T03:42:49+01:00
[[1;34mINFO[m] [1m------------------------------------------------------------------------[m
[[1;31mERROR[m] Failed to execute goal [32morg.apache.maven.plugins:maven-surefire-plugin:2.12.4:test[m [1m(default-test)[m on project [36mgson[m: [1;31mThere are test failures.[m
[[1;31mERROR[m] [1;31m[m
[[1;31mERROR[m] [1;31mPlease refer to /tmp/v2/gson/target/surefire-reports for the individual test results.[m
[[1;31mERROR[m] -> [1m[Help 1][m
[[1;31mERROR[m] 
[[1;31mERROR[m] To see the full stack trace of the errors, re-run Maven with the [1m-e[m switch.
[[1;31mERROR[m] Re-run Maven using the [1m-X[m switch to enable full debug logging.
[[1;31mERROR[m] 
[[1;31mERROR[m] For more information about the errors and possible solutions, please read the following articles:
[[1;31mERROR[m] [1m[Help 1][m http://cwiki.apache.org/confluence/display/MAVEN/MojoFailureException
Writing HTML report to '/tmp/v2/gson/target/clover/report'
Done. Processed 6 packages in 1346ms (224ms per package).
[INFO] /tmp/v1/gson/src/test/java/com/google/gson/ExposeAnnotationBasedExclusionStrategyTest.java
[INFO] /tmp/v2/gson/src/test/java/com/google/gson/ExposeAnnotationBasedExclusionStrategyTest.java
[INFO] Build modified Tests /tmp/v2/gson/src/test/java/com/google/gson/ExposeAnnotationBasedExclusionStrategyTest.java
[INFO] /tmp/v1/gson/src/test/java/com/google/gson/functional/CollectionTest.java
[INFO] /tmp/v2/gson/src/test/java/com/google/gson/functional/CollectionTest.java
[INFO] Build modified Tests /tmp/v2/gson/src/test/java/com/google/gson/functional/CollectionTest.java
[INFO] /tmp/v1/gson/src/test/java/com/google/gson/functional/ConcurrencyTest.java
[INFO] /tmp/v2/gson/src/test/java/com/google/gson/functional/ConcurrencyTest.java
[INFO] Build modified Tests /tmp/v2/gson/src/test/java/com/google/gson/functional/ConcurrencyTest.java
[INFO] /tmp/v1/gson/src/test/java/com/google/gson/functional/CustomTypeAdaptersTest.java
[INFO] /tmp/v2/gson/src/test/java/com/google/gson/functional/CustomTypeAdaptersTest.java
[INFO] Build modified Tests /tmp/v2/gson/src/test/java/com/google/gson/functional/CustomTypeAdaptersTest.java
[INFO] /tmp/v1/gson/src/test/java/com/google/gson/functional/JsonTreeTest.java
[INFO] /tmp/v2/gson/src/test/java/com/google/gson/functional/JsonTreeTest.java
[INFO] Build modified Tests /tmp/v2/gson/src/test/java/com/google/gson/functional/JsonTreeTest.java
[INFO] /tmp/v1/gson/src/test/java/com/google/gson/functional/MapTest.java
[INFO] /tmp/v2/gson/src/test/java/com/google/gson/functional/MapTest.java
[INFO] Build modified Tests /tmp/v2/gson/src/test/java/com/google/gson/functional/MapTest.java
[INFO] /tmp/v1/gson/src/test/java/com/google/gson/functional/NamingPolicyTest.java
[INFO] /tmp/v2/gson/src/test/java/com/google/gson/functional/NamingPolicyTest.java
[INFO] Build modified Tests /tmp/v2/gson/src/test/java/com/google/gson/functional/NamingPolicyTest.java
[INFO] /tmp/v1/gson/src/test/java/com/google/gson/functional/NullObjectAndFieldTest.java
[INFO] /tmp/v2/gson/src/test/java/com/google/gson/functional/NullObjectAndFieldTest.java
[INFO] Build modified Tests /tmp/v2/gson/src/test/java/com/google/gson/functional/NullObjectAndFieldTest.java
[INFO] /tmp/v1/gson/src/test/java/com/google/gson/functional/ObjectTest.java
[INFO] /tmp/v2/gson/src/test/java/com/google/gson/functional/ObjectTest.java
[INFO] Build modified Tests /tmp/v2/gson/src/test/java/com/google/gson/functional/ObjectTest.java
[INFO] /tmp/v1/gson/src/test/java/com/google/gson/functional/ParameterizedTypesTest.java
[INFO] /tmp/v2/gson/src/test/java/com/google/gson/functional/ParameterizedTypesTest.java
[INFO] Build modified Tests /tmp/v2/gson/src/test/java/com/google/gson/functional/ParameterizedTypesTest.java
[INFO] /tmp/v1/gson/src/test/java/com/google/gson/SerializedNameAnnotationInterceptingNamingPolicyTest.java
[INFO] /tmp/v2/gson/src/test/java/com/google/gson/SerializedNameAnnotationInterceptingNamingPolicyTest.java
[INFO] Build modified Tests /tmp/v2/gson/src/test/java/com/google/gson/SerializedNameAnnotationInterceptingNamingPolicyTest.java
[INFO] /tmp/v1/gson/src/test/java/com/google/gson/TypeInfoFactoryTest.java
[INFO] /tmp/v2/gson/src/test/java/com/google/gson/TypeInfoFactoryTest.java
[INFO] Build modified Tests /tmp/v2/gson/src/test/java/com/google/gson/TypeInfoFactoryTest.java
[INFO] /tmp/v1/gson/src/test/java/com/google/gson/VersionExclusionStrategyTest.java
[INFO] /tmp/v2/gson/src/test/java/com/google/gson/VersionExclusionStrategyTest.java
[INFO] Build modified Tests /tmp/v2/gson/src/test/java/com/google/gson/VersionExclusionStrategyTest.java
[INFO] Saving result in /tmp/v1/gson/testsThatExecuteTheChange.csv ...
[INFO] 
[INFO] Writing Coverage in /tmp/v1/gson/testsThatExecuteTheChange_coverage.csv
[INFO] total;0;0

[INFO] ------------------------------------------------------------------------
[INFO] BUILD SUCCESS
[INFO] ------------------------------------------------------------------------
[INFO] Total time:  24.310 s
[INFO] Finished at: 2021-01-10T03:42:53+01:00
[INFO] ------------------------------------------------------------------------
