[INFO] Scanning for projects...
[INFO] 
[INFO] ---------------------< com.google.code.gson:gson >----------------------
[INFO] Building Gson 2.2.3-SNAPSHOT
[INFO] --------------------------------[ jar ]---------------------------------
[INFO] 
[INFO] --- maven-clean-plugin:2.5:clean (default-clean) @ gson ---
[INFO] Deleting /tmp/v1/gson/target
[INFO] 
[INFO] --- dspot-diff-test-selection:3.1.1-SNAPSHOT:list (default-cli) @ gson ---
[INFO] Running on:
[INFO] /tmp/v1/gson
[INFO] /tmp/v2/gson/
[WARNING] No path to diff file has been specified.
[WARNING] I'll compute a diff file using the UNIX diff command
[WARNING] You may encounter troubles.
[WARNING] If so, please specify a path to a correct diff file
[WARNING] or implement a new way to compute a diff file.
[INFO] Computing the diff with diff commnd line
[INFO] The diff will be computed between:
[INFO] /tmp/v1/gson/src and 
[INFO] /tmp/v2/gson/src
[INFO] Executing: diff -ru /tmp/v1/gson/src /tmp/v2/gson/src from /tmp/v1/gson/src
[INFO] Running in enhanced mode...
[INFO] Computing coverage for /tmp/v1/gson
[WARN] Maven will be executed in interactive mode, but no input stream has been configured for this MavenInvoker instance.
[[1;34mINFO[m] Scanning for projects...
[[1;34mINFO[m] 
[[1;34mINFO[m] [1m---------------------< [0;36mcom.google.code.gson:gson[0;1m >----------------------[m
[[1;34mINFO[m] [1mBuilding Gson 2.2.3-SNAPSHOT[m
[[1;34mINFO[m] [1m--------------------------------[ jar ]---------------------------------[m
[[1;34mINFO[m] 
[[1;34mINFO[m] [1m--- [0;32mmaven-clean-plugin:2.5:clean[m [1m(default-clean)[m @ [36mgson[0;1m ---[m
[[1;34mINFO[m] 
[[1;34mINFO[m] [1m--- [0;32mclover-maven-plugin:4.4.1:setup[m [1m(default-cli)[m @ [36mgson[0;1m ---[m
[[1;34mINFO[m] OpenClover Version 4.4.1, built on October 11 2019 (build-1020)
[[1;34mINFO[m] Creating new database at '/tmp/v1/gson/target/clover/clover.db'.
[[1;34mINFO[m] Processing files at 1.8 source level.
[[1;34mINFO[m] Clover all over. Instrumented 64 files (6 packages).
[[1;34mINFO[m] OpenClover Version 4.4.1, built on October 11 2019 (build-1020)
[[1;34mINFO[m] Updating existing database at '/tmp/v1/gson/target/clover/clover.db'.
[[1;34mINFO[m] Processing files at 1.8 source level.
[[1;34mINFO[m] Clover all over. Instrumented 78 files (8 packages).
[[1;34mINFO[m] 876 test methods detected.
[[1;34mINFO[m] 
[[1;34mINFO[m] [1m--- [0;32mmaven-enforcer-plugin:1.0:enforce[m [1m(enforce-maven)[m @ [36mgson[0;1m ---[m
[[1;34mINFO[m] Skipping Rule Enforcement.
[[1;34mINFO[m] 
[[1;34mINFO[m] [1m--- [0;32mmaven-resources-plugin:2.6:resources[m [1m(default-resources)[m @ [36mgson[0;1m ---[m
[[1;34mINFO[m] Using 'UTF-8' encoding to copy filtered resources.
[[1;34mINFO[m] skip non existing resourceDirectory /tmp/v1/gson/src/main/resources
[[1;34mINFO[m] Copying 1 resource
[[1;34mINFO[m] 
[[1;34mINFO[m] [1m--- [0;32mmaven-compiler-plugin:2.5.1:compile[m [1m(default-compile)[m @ [36mgson[0;1m ---[m
[[1;34mINFO[m] Compiling 64 source files to /tmp/v1/gson/target/classes
[[1;34mINFO[m] 
[[1;34mINFO[m] [1m--- [0;32mmaven-resources-plugin:2.6:testResources[m [1m(default-testResources)[m @ [36mgson[0;1m ---[m
[[1;34mINFO[m] Using 'UTF-8' encoding to copy filtered resources.
[[1;34mINFO[m] skip non existing resourceDirectory /tmp/v1/gson/src/test/resources
[[1;34mINFO[m] 
[[1;34mINFO[m] [1m--- [0;32mmaven-compiler-plugin:2.5.1:testCompile[m [1m(default-testCompile)[m @ [36mgson[0;1m ---[m
[[1;34mINFO[m] Compiling 78 source files to /tmp/v1/gson/target/test-classes
[[1;34mINFO[m] 
[[1;34mINFO[m] [1m--- [0;32mmaven-surefire-plugin:2.12.4:test[m [1m(default-test)[m @ [36mgson[0;1m ---[m
[[1;34mINFO[m] Surefire report directory: /tmp/v1/gson/target/surefire-reports

-------------------------------------------------------
 T E S T S
-------------------------------------------------------
Running com.google.gson.DefaultDateTypeAdapterTest
Tests run: 8, Failures: 0, Errors: 0, Skipped: 0, Time elapsed: 0.107 sec
Running com.google.gson.InnerClassExclusionStrategyTest
Tests run: 4, Failures: 0, Errors: 0, Skipped: 0, Time elapsed: 0 sec
Running com.google.gson.GsonTypeAdapterTest
Tests run: 4, Failures: 0, Errors: 0, Skipped: 0, Time elapsed: 0.054 sec
Running com.google.gson.internal.StringMapTest
Tests run: 1, Failures: 0, Errors: 0, Skipped: 0, Time elapsed: 0.088 sec
Running com.google.gson.internal.bind.JsonTreeWriterTest
Tests run: 12, Failures: 0, Errors: 0, Skipped: 0, Time elapsed: 0.012 sec
Running com.google.gson.internal.bind.JsonElementReaderTest
Tests run: 17, Failures: 0, Errors: 0, Skipped: 0, Time elapsed: 0.018 sec
Running com.google.gson.ParameterizedTypeTest
Tests run: 2, Failures: 0, Errors: 0, Skipped: 0, Time elapsed: 0.004 sec
Running com.google.gson.common.TestTypes
Tests run: 0, Failures: 0, Errors: 0, Skipped: 0, Time elapsed: 0 sec
Running com.google.gson.GsonBuilderTest
Tests run: 4, Failures: 0, Errors: 0, Skipped: 0, Time elapsed: 0.008 sec
Running com.google.gson.reflect.TypeTokenTest
Tests run: 4, Failures: 0, Errors: 0, Skipped: 0, Time elapsed: 0.004 sec
Running com.google.gson.DefaultInetAddressTypeAdapterTest
Tests run: 1, Failures: 0, Errors: 0, Skipped: 0, Time elapsed: 0.006 sec
Running com.google.gson.ExposeAnnotationExclusionStrategyTest
Tests run: 6, Failures: 0, Errors: 0, Skipped: 0, Time elapsed: 0.008 sec
Running com.google.gson.FieldAttributesTest
Tests run: 6, Failures: 0, Errors: 0, Skipped: 0, Time elapsed: 0.005 sec
Running com.google.gson.CommentsTest
Tests run: 1, Failures: 0, Errors: 0, Skipped: 0, Time elapsed: 0.002 sec
Running com.google.gson.JsonNullTest
Tests run: 2, Failures: 0, Errors: 0, Skipped: 0, Time elapsed: 0.002 sec
Running com.google.gson.JsonObjectTest
Tests run: 12, Failures: 0, Errors: 0, Skipped: 0, Time elapsed: 0.008 sec
Running com.google.gson.stream.JsonWriterTest
Tests run: 34, Failures: 0, Errors: 0, Skipped: 0, Time elapsed: 0.027 sec
Running com.google.gson.stream.JsonReaderTest
Tests run: 110, Failures: 2, Errors: 1, Skipped: 0, Time elapsed: 0.094 sec <<< FAILURE!
testNumberWithOctalPrefix(com.google.gson.stream.JsonReaderTest)  Time elapsed: 0.004 sec  <<< ERROR!
java.lang.IllegalStateException: Expected a double but was END_ARRAY at line 1 column 5
	at com.google.gson.stream.JsonReader.nextDouble(JsonReader.java:869)
	at com.google.gson.stream.JsonReaderTest.__CLR4_4_1nldrml8rz(JsonReaderTest.java:372)
	at com.google.gson.stream.JsonReaderTest.testNumberWithOctalPrefix(JsonReaderTest.java:352)

testPeekLargerThanLongMaxValue(com.google.gson.stream.JsonReaderTest)  Time elapsed: 0.002 sec  <<< FAILURE!
junit.framework.AssertionFailedError
	at junit.framework.Assert.fail(Assert.java:47)
	at junit.framework.Assert.fail(Assert.java:53)
	at com.google.gson.stream.JsonReaderTest.__CLR4_4_18alxpx8u0(JsonReaderTest.java:468)
	at com.google.gson.stream.JsonReaderTest.testPeekLargerThanLongMaxValue(JsonReaderTest.java:461)

testPeekLargerThanLongMinValue(com.google.gson.stream.JsonReaderTest)  Time elapsed: 0.001 sec  <<< FAILURE!
junit.framework.AssertionFailedError
	at junit.framework.Assert.fail(Assert.java:47)
	at junit.framework.Assert.fail(Assert.java:53)
	at com.google.gson.stream.JsonReaderTest.__CLR4_4_1tzpiex8u8(JsonReaderTest.java:484)
	at com.google.gson.stream.JsonReaderTest.testPeekLargerThanLongMinValue(JsonReaderTest.java:477)

Running com.google.gson.metrics.PerformanceTest
Tests run: 1, Failures: 0, Errors: 0, Skipped: 0, Time elapsed: 0 sec
Running com.google.gson.MixedStreamTest
Tests run: 12, Failures: 0, Errors: 0, Skipped: 0, Time elapsed: 0.011 sec
Running com.google.gson.DefaultMapJsonSerializerTest
Tests run: 3, Failures: 0, Errors: 0, Skipped: 0, Time elapsed: 0.004 sec
Running com.google.gson.VersionExclusionStrategyTest
Tests run: 3, Failures: 0, Errors: 0, Skipped: 0, Time elapsed: 0.004 sec
Running com.google.gson.functional.InternationalizationTest
Tests run: 4, Failures: 0, Errors: 0, Skipped: 0, Time elapsed: 0.003 sec
Running com.google.gson.functional.SecurityTest
Tests run: 5, Failures: 0, Errors: 0, Skipped: 0, Time elapsed: 0.007 sec
Running com.google.gson.functional.EnumTest
Tests run: 10, Failures: 0, Errors: 0, Skipped: 0, Time elapsed: 0.014 sec
Running com.google.gson.functional.ObjectTest
Tests run: 43, Failures: 0, Errors: 0, Skipped: 0, Time elapsed: 0.044 sec
Running com.google.gson.functional.FieldExclusionTest
Tests run: 3, Failures: 0, Errors: 0, Skipped: 0, Time elapsed: 0.003 sec
Running com.google.gson.functional.ExposeFieldsTest
Tests run: 8, Failures: 0, Errors: 0, Skipped: 0, Time elapsed: 0.008 sec
Running com.google.gson.functional.ParameterizedTypesTest
Tests run: 17, Failures: 0, Errors: 0, Skipped: 0, Time elapsed: 0.03 sec
Running com.google.gson.functional.PrettyPrintingTest
Tests run: 8, Failures: 0, Errors: 0, Skipped: 0, Time elapsed: 0.008 sec
Running com.google.gson.functional.CustomTypeAdaptersTest
Tests run: 19, Failures: 0, Errors: 0, Skipped: 0, Time elapsed: 0.019 sec
Running com.google.gson.functional.ReadersWritersTest
Tests run: 10, Failures: 0, Errors: 0, Skipped: 0, Time elapsed: 0.008 sec
Running com.google.gson.functional.CircularReferenceTest
Tests run: 6, Failures: 0, Errors: 0, Skipped: 0, Time elapsed: 0.038 sec
Running com.google.gson.functional.RawSerializationTest
Tests run: 5, Failures: 0, Errors: 0, Skipped: 0, Time elapsed: 0.006 sec
Running com.google.gson.functional.CustomDeserializerTest
Tests run: 7, Failures: 0, Errors: 0, Skipped: 0, Time elapsed: 0.012 sec
Running com.google.gson.functional.TypeAdapterPrecedenceTest
Tests run: 8, Failures: 0, Errors: 0, Skipped: 0, Time elapsed: 0.006 sec
Running com.google.gson.functional.MoreSpecificTypeSerializationTest
Tests run: 6, Failures: 0, Errors: 0, Skipped: 0, Time elapsed: 0.007 sec
Running com.google.gson.functional.InterfaceTest
Tests run: 2, Failures: 0, Errors: 0, Skipped: 0, Time elapsed: 0.002 sec
Running com.google.gson.functional.TypeVariableTest
Tests run: 3, Failures: 0, Errors: 0, Skipped: 0, Time elapsed: 0.004 sec
Running com.google.gson.functional.ExclusionStrategyFunctionalTest
Tests run: 9, Failures: 0, Errors: 0, Skipped: 0, Time elapsed: 0.009 sec
Running com.google.gson.functional.DefaultTypeAdaptersTest
Tests run: 65, Failures: 0, Errors: 0, Skipped: 0, Time elapsed: 0.053 sec
Running com.google.gson.functional.NullObjectAndFieldTest
Tests run: 16, Failures: 0, Errors: 0, Skipped: 0, Time elapsed: 0.014 sec
Running com.google.gson.functional.MapAsArrayTypeAdapterTest
Tests run: 5, Failures: 0, Errors: 0, Skipped: 0, Time elapsed: 0.008 sec
Running com.google.gson.functional.InstanceCreatorTest
Tests run: 4, Failures: 0, Errors: 0, Skipped: 0, Time elapsed: 0.004 sec
Running com.google.gson.functional.PrimitiveCharacterTest
Tests run: 2, Failures: 0, Errors: 0, Skipped: 0, Time elapsed: 0.001 sec
Running com.google.gson.functional.MapTest
Tests run: 39, Failures: 0, Errors: 0, Skipped: 0, Time elapsed: 0.039 sec
Running com.google.gson.functional.FieldNamingTest
Tests run: 5, Failures: 0, Errors: 0, Skipped: 0, Time elapsed: 0.004 sec
Running com.google.gson.functional.VersioningTest
Tests run: 10, Failures: 0, Errors: 0, Skipped: 0, Time elapsed: 0.01 sec
Running com.google.gson.functional.DelegateTypeAdapterTest
Tests run: 2, Failures: 0, Errors: 0, Skipped: 0, Time elapsed: 0.003 sec
Running com.google.gson.functional.InheritanceTest
Tests run: 13, Failures: 0, Errors: 0, Skipped: 0, Time elapsed: 0.013 sec
Running com.google.gson.functional.TypeHierarchyAdapterTest
Tests run: 3, Failures: 0, Errors: 0, Skipped: 0, Time elapsed: 0.006 sec
Running com.google.gson.functional.CustomSerializerTest
Tests run: 5, Failures: 0, Errors: 0, Skipped: 0, Time elapsed: 0.004 sec
Running com.google.gson.functional.StreamingTypeAdaptersTest
Tests run: 17, Failures: 0, Errors: 0, Skipped: 0, Time elapsed: 0.019 sec
Running com.google.gson.functional.EscapingTest
Tests run: 5, Failures: 0, Errors: 0, Skipped: 0, Time elapsed: 0.004 sec
Running com.google.gson.functional.CollectionTest
Tests run: 25, Failures: 0, Errors: 0, Skipped: 0, Time elapsed: 0.024 sec
Running com.google.gson.functional.JsonTreeTest
Tests run: 4, Failures: 0, Errors: 0, Skipped: 0, Time elapsed: 0.004 sec
Running com.google.gson.functional.ArrayTest
Tests run: 26, Failures: 0, Errors: 0, Skipped: 0, Time elapsed: 0.018 sec
Running com.google.gson.functional.PrintFormattingTest
Tests run: 3, Failures: 0, Errors: 0, Skipped: 0, Time elapsed: 0.003 sec
Running com.google.gson.functional.StringTest
Tests run: 18, Failures: 0, Errors: 0, Skipped: 0, Time elapsed: 0.01 sec
Running com.google.gson.functional.UncategorizedTest
Tests run: 6, Failures: 0, Errors: 0, Skipped: 0, Time elapsed: 0.006 sec
Running com.google.gson.functional.JsonParserTest
Tests run: 8, Failures: 0, Errors: 0, Skipped: 0, Time elapsed: 0.006 sec
Running com.google.gson.functional.NamingPolicyTest
Tests run: 14, Failures: 0, Errors: 0, Skipped: 0, Time elapsed: 0.011 sec
Running com.google.gson.functional.ConcurrencyTest
Tests run: 4, Failures: 0, Errors: 0, Skipped: 0, Time elapsed: 0.035 sec
Running com.google.gson.functional.PrimitiveTest
Tests run: 97, Failures: 0, Errors: 0, Skipped: 0, Time elapsed: 0.049 sec
Running com.google.gson.functional.TreeTypeAdaptersTest
Tests run: 2, Failures: 0, Errors: 0, Skipped: 0, Time elapsed: 0.003 sec
Running com.google.gson.ObjectTypeAdapterTest
Tests run: 5, Failures: 0, Errors: 0, Skipped: 0, Time elapsed: 0.003 sec
Running com.google.gson.JsonStreamParserTest
Tests run: 4, Failures: 0, Errors: 0, Skipped: 0, Time elapsed: 0.002 sec
Running com.google.gson.JavaSerializationTest
Tests run: 3, Failures: 0, Errors: 0, Skipped: 0, Time elapsed: 0.064 sec
Running com.google.gson.GenericArrayTypeTest
Tests run: 2, Failures: 0, Errors: 0, Skipped: 0, Time elapsed: 0.001 sec
Running com.google.gson.JsonArrayTest
Tests run: 3, Failures: 0, Errors: 0, Skipped: 0, Time elapsed: 0.001 sec
Running com.google.gson.JsonParserTest
Tests run: 10, Failures: 0, Errors: 0, Skipped: 0, Time elapsed: 0.005 sec
Running com.google.gson.JsonPrimitiveTest
Tests run: 24, Failures: 0, Errors: 0, Skipped: 0, Time elapsed: 0.01 sec
Running com.google.gson.LongSerializationPolicyTest
Tests run: 4, Failures: 0, Errors: 0, Skipped: 0, Time elapsed: 0.002 sec
Running com.google.gson.OverrideCoreTypeAdaptersTest
Tests run: 3, Failures: 0, Errors: 0, Skipped: 0, Time elapsed: 0.002 sec

Results :

Failed tests:   testPeekLargerThanLongMaxValue(com.google.gson.stream.JsonReaderTest)
  testPeekLargerThanLongMinValue(com.google.gson.stream.JsonReaderTest)

Tests in error: 
  testNumberWithOctalPrefix(com.google.gson.stream.JsonReaderTest): Expected a double but was END_ARRAY at line 1 column 5

Tests run: 876, Failures: 2, Errors: 1, Skipped: 0

[[1;34mINFO[m] [1m------------------------------------------------------------------------[m
[[1;34mINFO[m] [1;31mBUILD FAILURE[m
[[1;34mINFO[m] [1m------------------------------------------------------------------------[m
[[1;34mINFO[m] Total time:  7.837 s
[[1;34mINFO[m] Finished at: 2021-01-05T13:18:06+01:00
[[1;34mINFO[m] [1m------------------------------------------------------------------------[m
[[1;31mERROR[m] Failed to execute goal [32morg.apache.maven.plugins:maven-surefire-plugin:2.12.4:test[m [1m(default-test)[m on project [36mgson[m: [1;31mThere are test failures.[m
[[1;31mERROR[m] [1;31m[m
[[1;31mERROR[m] [1;31mPlease refer to /tmp/v1/gson/target/surefire-reports for the individual test results.[m
[[1;31mERROR[m] -> [1m[Help 1][m
[[1;31mERROR[m] 
[[1;31mERROR[m] To see the full stack trace of the errors, re-run Maven with the [1m-e[m switch.
[[1;31mERROR[m] Re-run Maven using the [1m-X[m switch to enable full debug logging.
[[1;31mERROR[m] 
[[1;31mERROR[m] For more information about the errors and possible solutions, please read the following articles:
[[1;31mERROR[m] [1m[Help 1][m http://cwiki.apache.org/confluence/display/MAVEN/MojoFailureException
Writing HTML report to '/tmp/v1/gson/target/clover/report'
Done. Processed 9 packages in 3144ms (349ms per package).
[INFO] Computing coverage for /tmp/v2/gson/
[WARN] Maven will be executed in interactive mode, but no input stream has been configured for this MavenInvoker instance.
[[1;34mINFO[m] Scanning for projects...
[[1;34mINFO[m] 
[[1;34mINFO[m] [1m---------------------< [0;36mcom.google.code.gson:gson[0;1m >----------------------[m
[[1;34mINFO[m] [1mBuilding Gson 2.2.3-SNAPSHOT[m
[[1;34mINFO[m] [1m--------------------------------[ jar ]---------------------------------[m
[[1;34mINFO[m] 
[[1;34mINFO[m] [1m--- [0;32mmaven-clean-plugin:2.5:clean[m [1m(default-clean)[m @ [36mgson[0;1m ---[m
[[1;34mINFO[m] Deleting /tmp/v2/gson/target
[[1;34mINFO[m] 
[[1;34mINFO[m] [1m--- [0;32mclover-maven-plugin:4.4.1:setup[m [1m(default-cli)[m @ [36mgson[0;1m ---[m
[[1;34mINFO[m] OpenClover Version 4.4.1, built on October 11 2019 (build-1020)
[[1;34mINFO[m] Creating new database at '/tmp/v2/gson/target/clover/clover.db'.
[[1;34mINFO[m] Processing files at 1.8 source level.
[[1;34mINFO[m] Clover all over. Instrumented 64 files (6 packages).
[[1;34mINFO[m] OpenClover Version 4.4.1, built on October 11 2019 (build-1020)
[[1;34mINFO[m] Updating existing database at '/tmp/v2/gson/target/clover/clover.db'.
[[1;34mINFO[m] Processing files at 1.8 source level.
[[1;34mINFO[m] Clover all over. Instrumented 78 files (8 packages).
[[1;34mINFO[m] 876 test methods detected.
[[1;34mINFO[m] 
[[1;34mINFO[m] [1m--- [0;32mmaven-enforcer-plugin:1.0:enforce[m [1m(enforce-maven)[m @ [36mgson[0;1m ---[m
[[1;34mINFO[m] Skipping Rule Enforcement.
[[1;34mINFO[m] 
[[1;34mINFO[m] [1m--- [0;32mmaven-resources-plugin:2.6:resources[m [1m(default-resources)[m @ [36mgson[0;1m ---[m
[[1;34mINFO[m] Using 'UTF-8' encoding to copy filtered resources.
[[1;34mINFO[m] skip non existing resourceDirectory /tmp/v2/gson/src/main/resources
[[1;34mINFO[m] Copying 1 resource
[[1;34mINFO[m] 
[[1;34mINFO[m] [1m--- [0;32mmaven-compiler-plugin:2.5.1:compile[m [1m(default-compile)[m @ [36mgson[0;1m ---[m
[[1;34mINFO[m] Compiling 64 source files to /tmp/v2/gson/target/classes
[[1;34mINFO[m] 
[[1;34mINFO[m] [1m--- [0;32mmaven-resources-plugin:2.6:testResources[m [1m(default-testResources)[m @ [36mgson[0;1m ---[m
[[1;34mINFO[m] Using 'UTF-8' encoding to copy filtered resources.
[[1;34mINFO[m] skip non existing resourceDirectory /tmp/v2/gson/src/test/resources
[[1;34mINFO[m] 
[[1;34mINFO[m] [1m--- [0;32mmaven-compiler-plugin:2.5.1:testCompile[m [1m(default-testCompile)[m @ [36mgson[0;1m ---[m
[[1;34mINFO[m] Compiling 78 source files to /tmp/v2/gson/target/test-classes
[[1;34mINFO[m] 
[[1;34mINFO[m] [1m--- [0;32mmaven-surefire-plugin:2.12.4:test[m [1m(default-test)[m @ [36mgson[0;1m ---[m
[[1;34mINFO[m] Surefire report directory: /tmp/v2/gson/target/surefire-reports

-------------------------------------------------------
 T E S T S
-------------------------------------------------------
Running com.google.gson.DefaultDateTypeAdapterTest
Tests run: 8, Failures: 0, Errors: 0, Skipped: 0, Time elapsed: 0.091 sec
Running com.google.gson.InnerClassExclusionStrategyTest
Tests run: 4, Failures: 0, Errors: 0, Skipped: 0, Time elapsed: 0 sec
Running com.google.gson.GsonTypeAdapterTest
Tests run: 4, Failures: 0, Errors: 0, Skipped: 0, Time elapsed: 0.056 sec
Running com.google.gson.internal.StringMapTest
Tests run: 1, Failures: 0, Errors: 0, Skipped: 0, Time elapsed: 0.06 sec
Running com.google.gson.internal.bind.JsonTreeWriterTest
Tests run: 12, Failures: 0, Errors: 0, Skipped: 0, Time elapsed: 0.011 sec
Running com.google.gson.internal.bind.JsonElementReaderTest
Tests run: 17, Failures: 0, Errors: 0, Skipped: 0, Time elapsed: 0.017 sec
Running com.google.gson.ParameterizedTypeTest
Tests run: 2, Failures: 0, Errors: 0, Skipped: 0, Time elapsed: 0.003 sec
Running com.google.gson.common.TestTypes
Tests run: 0, Failures: 0, Errors: 0, Skipped: 0, Time elapsed: 0 sec
Running com.google.gson.GsonBuilderTest
Tests run: 4, Failures: 0, Errors: 0, Skipped: 0, Time elapsed: 0.011 sec
Running com.google.gson.reflect.TypeTokenTest
Tests run: 4, Failures: 0, Errors: 0, Skipped: 0, Time elapsed: 0.006 sec
Running com.google.gson.DefaultInetAddressTypeAdapterTest
Tests run: 1, Failures: 0, Errors: 0, Skipped: 0, Time elapsed: 0.006 sec
Running com.google.gson.ExposeAnnotationExclusionStrategyTest
Tests run: 6, Failures: 0, Errors: 0, Skipped: 0, Time elapsed: 0.008 sec
Running com.google.gson.FieldAttributesTest
Tests run: 6, Failures: 0, Errors: 0, Skipped: 0, Time elapsed: 0.004 sec
Running com.google.gson.CommentsTest
Tests run: 1, Failures: 0, Errors: 0, Skipped: 0, Time elapsed: 0.002 sec
Running com.google.gson.JsonNullTest
Tests run: 2, Failures: 0, Errors: 0, Skipped: 0, Time elapsed: 0.002 sec
Running com.google.gson.JsonObjectTest
Tests run: 12, Failures: 0, Errors: 0, Skipped: 0, Time elapsed: 0.007 sec
Running com.google.gson.stream.JsonWriterTest
Tests run: 34, Failures: 0, Errors: 0, Skipped: 0, Time elapsed: 0.025 sec
Running com.google.gson.stream.JsonReaderTest
Tests run: 110, Failures: 2, Errors: 1, Skipped: 0, Time elapsed: 0.098 sec <<< FAILURE!
testNumberWithOctalPrefix(com.google.gson.stream.JsonReaderTest)  Time elapsed: 0.005 sec  <<< ERROR!
java.lang.IllegalStateException: Expected a double but was END_ARRAY at line 1 column 5
	at com.google.gson.stream.JsonReader.nextDouble(JsonReader.java:869)
	at com.google.gson.stream.JsonReaderTest.__CLR4_4_1nldrml8rz(JsonReaderTest.java:372)
	at com.google.gson.stream.JsonReaderTest.testNumberWithOctalPrefix(JsonReaderTest.java:352)

testPeekLargerThanLongMaxValue(com.google.gson.stream.JsonReaderTest)  Time elapsed: 0.002 sec  <<< FAILURE!
junit.framework.AssertionFailedError
	at junit.framework.Assert.fail(Assert.java:47)
	at junit.framework.Assert.fail(Assert.java:53)
	at com.google.gson.stream.JsonReaderTest.__CLR4_4_18alxpx8u0(JsonReaderTest.java:468)
	at com.google.gson.stream.JsonReaderTest.testPeekLargerThanLongMaxValue(JsonReaderTest.java:461)

testPeekLargerThanLongMinValue(com.google.gson.stream.JsonReaderTest)  Time elapsed: 0.002 sec  <<< FAILURE!
junit.framework.AssertionFailedError
	at junit.framework.Assert.fail(Assert.java:47)
	at junit.framework.Assert.fail(Assert.java:53)
	at com.google.gson.stream.JsonReaderTest.__CLR4_4_1tzpiex8u8(JsonReaderTest.java:484)
	at com.google.gson.stream.JsonReaderTest.testPeekLargerThanLongMinValue(JsonReaderTest.java:477)

Running com.google.gson.metrics.PerformanceTest
Tests run: 1, Failures: 0, Errors: 0, Skipped: 0, Time elapsed: 0 sec
Running com.google.gson.MixedStreamTest
Tests run: 12, Failures: 0, Errors: 0, Skipped: 0, Time elapsed: 0.013 sec
Running com.google.gson.DefaultMapJsonSerializerTest
Tests run: 3, Failures: 0, Errors: 0, Skipped: 0, Time elapsed: 0.004 sec
Running com.google.gson.VersionExclusionStrategyTest
Tests run: 3, Failures: 0, Errors: 0, Skipped: 0, Time elapsed: 0.003 sec
Running com.google.gson.functional.InternationalizationTest
Tests run: 4, Failures: 0, Errors: 0, Skipped: 0, Time elapsed: 0.003 sec
Running com.google.gson.functional.SecurityTest
Tests run: 5, Failures: 0, Errors: 0, Skipped: 0, Time elapsed: 0.007 sec
Running com.google.gson.functional.EnumTest
Tests run: 10, Failures: 0, Errors: 0, Skipped: 0, Time elapsed: 0.014 sec
Running com.google.gson.functional.ObjectTest
Tests run: 43, Failures: 0, Errors: 0, Skipped: 0, Time elapsed: 0.045 sec
Running com.google.gson.functional.FieldExclusionTest
Tests run: 3, Failures: 0, Errors: 0, Skipped: 0, Time elapsed: 0.003 sec
Running com.google.gson.functional.ExposeFieldsTest
Tests run: 8, Failures: 0, Errors: 0, Skipped: 0, Time elapsed: 0.008 sec
Running com.google.gson.functional.ParameterizedTypesTest
Tests run: 17, Failures: 0, Errors: 0, Skipped: 0, Time elapsed: 0.028 sec
Running com.google.gson.functional.PrettyPrintingTest
Tests run: 8, Failures: 0, Errors: 0, Skipped: 0, Time elapsed: 0.008 sec
Running com.google.gson.functional.CustomTypeAdaptersTest
Tests run: 19, Failures: 0, Errors: 0, Skipped: 0, Time elapsed: 0.019 sec
Running com.google.gson.functional.ReadersWritersTest
Tests run: 10, Failures: 0, Errors: 0, Skipped: 0, Time elapsed: 0.007 sec
Running com.google.gson.functional.CircularReferenceTest
Tests run: 6, Failures: 0, Errors: 0, Skipped: 0, Time elapsed: 0.036 sec
Running com.google.gson.functional.RawSerializationTest
Tests run: 5, Failures: 0, Errors: 0, Skipped: 0, Time elapsed: 0.007 sec
Running com.google.gson.functional.CustomDeserializerTest
Tests run: 7, Failures: 0, Errors: 0, Skipped: 0, Time elapsed: 0.01 sec
Running com.google.gson.functional.TypeAdapterPrecedenceTest
Tests run: 8, Failures: 0, Errors: 0, Skipped: 0, Time elapsed: 0.007 sec
Running com.google.gson.functional.MoreSpecificTypeSerializationTest
Tests run: 6, Failures: 0, Errors: 0, Skipped: 0, Time elapsed: 0.009 sec
Running com.google.gson.functional.InterfaceTest
Tests run: 2, Failures: 0, Errors: 0, Skipped: 0, Time elapsed: 0.002 sec
Running com.google.gson.functional.TypeVariableTest
Tests run: 3, Failures: 0, Errors: 0, Skipped: 0, Time elapsed: 0.005 sec
Running com.google.gson.functional.ExclusionStrategyFunctionalTest
Tests run: 9, Failures: 0, Errors: 0, Skipped: 0, Time elapsed: 0.009 sec
Running com.google.gson.functional.DefaultTypeAdaptersTest
Tests run: 65, Failures: 0, Errors: 0, Skipped: 0, Time elapsed: 0.051 sec
Running com.google.gson.functional.NullObjectAndFieldTest
Tests run: 16, Failures: 0, Errors: 0, Skipped: 0, Time elapsed: 0.013 sec
Running com.google.gson.functional.MapAsArrayTypeAdapterTest
Tests run: 5, Failures: 0, Errors: 0, Skipped: 0, Time elapsed: 0.008 sec
Running com.google.gson.functional.InstanceCreatorTest
Tests run: 4, Failures: 0, Errors: 0, Skipped: 0, Time elapsed: 0.004 sec
Running com.google.gson.functional.PrimitiveCharacterTest
Tests run: 2, Failures: 0, Errors: 0, Skipped: 0, Time elapsed: 0.001 sec
Running com.google.gson.functional.MapTest
Tests run: 39, Failures: 0, Errors: 0, Skipped: 0, Time elapsed: 0.037 sec
Running com.google.gson.functional.FieldNamingTest
Tests run: 5, Failures: 0, Errors: 0, Skipped: 0, Time elapsed: 0.004 sec
Running com.google.gson.functional.VersioningTest
Tests run: 10, Failures: 0, Errors: 0, Skipped: 0, Time elapsed: 0.01 sec
Running com.google.gson.functional.DelegateTypeAdapterTest
Tests run: 2, Failures: 0, Errors: 0, Skipped: 0, Time elapsed: 0.003 sec
Running com.google.gson.functional.InheritanceTest
Tests run: 13, Failures: 0, Errors: 0, Skipped: 0, Time elapsed: 0.013 sec
Running com.google.gson.functional.TypeHierarchyAdapterTest
Tests run: 3, Failures: 0, Errors: 0, Skipped: 0, Time elapsed: 0.006 sec
Running com.google.gson.functional.CustomSerializerTest
Tests run: 5, Failures: 0, Errors: 0, Skipped: 0, Time elapsed: 0.005 sec
Running com.google.gson.functional.StreamingTypeAdaptersTest
Tests run: 17, Failures: 0, Errors: 0, Skipped: 0, Time elapsed: 0.019 sec
Running com.google.gson.functional.EscapingTest
Tests run: 5, Failures: 0, Errors: 0, Skipped: 0, Time elapsed: 0.004 sec
Running com.google.gson.functional.CollectionTest
Tests run: 25, Failures: 0, Errors: 0, Skipped: 0, Time elapsed: 0.023 sec
Running com.google.gson.functional.JsonTreeTest
Tests run: 4, Failures: 0, Errors: 0, Skipped: 0, Time elapsed: 0.003 sec
Running com.google.gson.functional.ArrayTest
Tests run: 26, Failures: 0, Errors: 0, Skipped: 0, Time elapsed: 0.017 sec
Running com.google.gson.functional.PrintFormattingTest
Tests run: 3, Failures: 0, Errors: 0, Skipped: 0, Time elapsed: 0.002 sec
Running com.google.gson.functional.StringTest
Tests run: 18, Failures: 0, Errors: 0, Skipped: 0, Time elapsed: 0.01 sec
Running com.google.gson.functional.UncategorizedTest
Tests run: 6, Failures: 0, Errors: 0, Skipped: 0, Time elapsed: 0.005 sec
Running com.google.gson.functional.JsonParserTest
Tests run: 8, Failures: 0, Errors: 0, Skipped: 0, Time elapsed: 0.007 sec
Running com.google.gson.functional.NamingPolicyTest
Tests run: 14, Failures: 0, Errors: 0, Skipped: 0, Time elapsed: 0.012 sec
Running com.google.gson.functional.ConcurrencyTest
Tests run: 4, Failures: 0, Errors: 0, Skipped: 0, Time elapsed: 0.04 sec
Running com.google.gson.functional.PrimitiveTest
Tests run: 97, Failures: 0, Errors: 0, Skipped: 0, Time elapsed: 0.048 sec
Running com.google.gson.functional.TreeTypeAdaptersTest
Tests run: 2, Failures: 0, Errors: 0, Skipped: 0, Time elapsed: 0.003 sec
Running com.google.gson.ObjectTypeAdapterTest
Tests run: 5, Failures: 0, Errors: 0, Skipped: 0, Time elapsed: 0.003 sec
Running com.google.gson.JsonStreamParserTest
Tests run: 4, Failures: 0, Errors: 0, Skipped: 0, Time elapsed: 0.001 sec
Running com.google.gson.JavaSerializationTest
Tests run: 3, Failures: 0, Errors: 0, Skipped: 0, Time elapsed: 0.066 sec
Running com.google.gson.GenericArrayTypeTest
Tests run: 2, Failures: 0, Errors: 0, Skipped: 0, Time elapsed: 0.002 sec
Running com.google.gson.JsonArrayTest
Tests run: 3, Failures: 0, Errors: 0, Skipped: 0, Time elapsed: 0.002 sec
Running com.google.gson.JsonParserTest
Tests run: 10, Failures: 0, Errors: 0, Skipped: 0, Time elapsed: 0.005 sec
Running com.google.gson.JsonPrimitiveTest
Tests run: 24, Failures: 0, Errors: 0, Skipped: 0, Time elapsed: 0.009 sec
Running com.google.gson.LongSerializationPolicyTest
Tests run: 4, Failures: 0, Errors: 0, Skipped: 0, Time elapsed: 0.002 sec
Running com.google.gson.OverrideCoreTypeAdaptersTest
Tests run: 3, Failures: 0, Errors: 0, Skipped: 0, Time elapsed: 0.002 sec

Results :

Failed tests:   testPeekLargerThanLongMaxValue(com.google.gson.stream.JsonReaderTest)
  testPeekLargerThanLongMinValue(com.google.gson.stream.JsonReaderTest)

Tests in error: 
  testNumberWithOctalPrefix(com.google.gson.stream.JsonReaderTest): Expected a double but was END_ARRAY at line 1 column 5

Tests run: 876, Failures: 2, Errors: 1, Skipped: 0

[[1;34mINFO[m] [1m------------------------------------------------------------------------[m
[[1;34mINFO[m] [1;31mBUILD FAILURE[m
[[1;34mINFO[m] [1m------------------------------------------------------------------------[m
[[1;34mINFO[m] Total time:  6.984 s
[[1;34mINFO[m] Finished at: 2021-01-05T13:18:18+01:00
[[1;34mINFO[m] [1m------------------------------------------------------------------------[m
[[1;31mERROR[m] Failed to execute goal [32morg.apache.maven.plugins:maven-surefire-plugin:2.12.4:test[m [1m(default-test)[m on project [36mgson[m: [1;31mThere are test failures.[m
[[1;31mERROR[m] [1;31m[m
[[1;31mERROR[m] [1;31mPlease refer to /tmp/v2/gson/target/surefire-reports for the individual test results.[m
[[1;31mERROR[m] -> [1m[Help 1][m
[[1;31mERROR[m] 
[[1;31mERROR[m] To see the full stack trace of the errors, re-run Maven with the [1m-e[m switch.
[[1;31mERROR[m] Re-run Maven using the [1m-X[m switch to enable full debug logging.
[[1;31mERROR[m] 
[[1;31mERROR[m] For more information about the errors and possible solutions, please read the following articles:
[[1;31mERROR[m] [1m[Help 1][m http://cwiki.apache.org/confluence/display/MAVEN/MojoFailureException
Writing HTML report to '/tmp/v2/gson/target/clover/report'
ERROR: Invalid Java source found or Clover failed to parse it: /tmp/v2/gson/src/test/java/com/google/gson/stream/JsonReaderTest.java
Done. Processed 9 packages in 1901ms (211ms per package).
[INFO] /tmp/v1/gson/src/main/java/com/google/gson/stream/JsonReader.java
[INFO] /tmp/v2/gson/src/main/java/com/google/gson/stream/JsonReader.java
[INFO] com.google.gson.stream.JsonReader:[1315, 1316, 1317, 1318, 1319, 1322, 1358, 1315] are modified.
[INFO] com.google.gson.stream.JsonReader:1315 covered.
[INFO] com.google.gson.stream.JsonReader:1319 covered.
[INFO] com.google.gson.stream.JsonReader:1316 covered.
[INFO] com.google.gson.stream.JsonReader:1317 covered.
[INFO] com.google.gson.stream.JsonReader:1318 covered.
[INFO] com.google.gson.stream.JsonReader:[1315, 1315, 1319, 1316, 1354, 1354] are modified.
[INFO] com.google.gson.stream.JsonReader:1354 covered.
[INFO] Saving result in /tmp/v1/gson/testsThatExecuteTheChange.csv ...
[INFO] com.google.gson.functional.CollectionTest;testWildcardCollectionField;testFieldIsArrayList
com.google.gson.functional.ObjectTest;testSingletonLists
com.google.gson.functional.StreamingTypeAdaptersTest;testNullSafe
com.google.gson.functional.PrimitiveTest;testQuotedStringSerializationAndDeserialization
com.google.gson.functional.EnumTest;testEnumSubclass;testEnumSubclassAsParameterizedType;testEnumSubclassWithRegisteredTypeAdapter;testEnumCaseMapping
com.google.gson.functional.CustomDeserializerTest;testDefaultConstructorNotCalledOnField;testDefaultConstructorNotCalledOnObject
com.google.gson.functional.NamingPolicyTest;testComplexFieldNameStrategy
com.google.gson.functional.DefaultTypeAdaptersTest;testBitSetDeserialization;testTimestampSerialization;testOverrideBigIntegerTypeAdapter;testSqlDateSerialization;testOverrideBigDecimalTypeAdapter;testDateSerializationInCollection;testNullSerialization;testDateDeserializationWithPattern;testDefaultDateDeserializationUsingBuilder
com.google.gson.functional.ParameterizedTypesTest;testParameterizedTypeGenericArraysDeserialization;testVariableTypeFieldsAndGenericArraysDeserialization;testVariableTypeDeserialization;testParameterizedTypeWithVariableTypeDeserialization;testVariableTypeArrayDeserialization
com.google.gson.functional.TypeHierarchyAdapterTest;testRegisterSuperTypeFirst;testTypeHierarchy
com.google.gson.functional.EscapingTest;testEscapingQuotesInStringArray;testGsonDoubleDeserialization;testGsonAcceptsEscapedAndNonEscapedJsonDeserialization;testEscapingObjectFields
com.google.gson.functional.CustomTypeAdaptersTest;testRegisterHierarchyAdapterForDate
com.google.gson.functional.ReadersWritersTest;testReadWriteTwoStrings;testReadWriteTwoObjects
com.google.gson.functional.TypeAdapterPrecedenceTest;testStreamingHierarchicalFollowedByNonstreaming;testStreamingHierarchicalFollowedByNonstreamingHierarchical;testNonstreamingHierarchicalFollowedByNonstreaming;testNonstreamingFollowedByNonstreaming;testStreamingFollowedByStreaming;testSerializeNonstreamingTypeAdapterFollowedByStreamingTypeAdapter;testStreamingFollowedByNonstreaming;testStreamingFollowedByNonstreamingHierarchical
com.google.gson.GsonTypeAdapterTest;testTypeAdapterDoesNotAffectNonAdaptedTypes;testTypeAdapterThrowsException;testTypeAdapterProperlyConvertsTypes
com.google.gson.functional.StringTest;testEscapingQuotesInStringSerialization;testSingleQuoteInStringSerialization
com.google.gson.OverrideCoreTypeAdaptersTest;testOverrideStringAdapter;testOverrideWrapperBooleanAdapter;testOverridePrimitiveBooleanAdapter
com.google.gson.functional.MapAsArrayTypeAdapterTest;testMultipleEnableComplexKeyRegistrationHasNoEffect;testSerializeComplexMapWithTypeAdapter
com.google.gson.functional.TypeVariableTest;testBasicTypeVariables;testAdvancedTypeVariables;testTypeVariablesViaTypeParameter
com.google.gson.JsonParserTest;testParseMixedArray;testReadWriteTwoObjects
com.google.gson.functional.DelegateTypeAdapterTest;testDelegateInvoked;testDelegateInvokedOnStrings
com.google.gson.functional.UncategorizedTest;testGsonInstanceReusableForSerializationAndDeserialization
com.google.gson.DefaultInetAddressTypeAdapterTest;testInetAddressSerializationAndDeserialization
[INFO] Writing Coverage in /tmp/v1/gson/testsThatExecuteTheChange_coverage.csv
[INFO] com.google.gson.stream.JsonReader;6;8

[INFO] total;6;8

[INFO] ------------------------------------------------------------------------
[INFO] BUILD SUCCESS
[INFO] ------------------------------------------------------------------------
[INFO] Total time:  25.442 s
[INFO] Finished at: 2021-01-05T13:18:21+01:00
[INFO] ------------------------------------------------------------------------
