[INFO] Scanning for projects...
[INFO] 
[INFO] ---------------------< com.google.code.gson:gson >----------------------
[INFO] Building Gson 1.8-SNAPSHOT
[INFO] --------------------------------[ jar ]---------------------------------
[INFO] 
[INFO] --- maven-clean-plugin:2.5:clean (default-clean) @ gson ---
[INFO] Deleting /tmp/v1/gson/target
[INFO] 
[INFO] --- cobertura-maven-plugin:2.4:clean (clean) @ gson ---
[INFO] 
[INFO] --- dspot-diff-test-selection:3.1.1-SNAPSHOT:list (default-cli) @ gson ---
[INFO] Running on:
[INFO] /tmp/v1/gson
[INFO] /tmp/v2/gson/
[WARNING] No path to diff file has been specified.
[WARNING] I'll compute a diff file using the UNIX diff command
[WARNING] You may encounter troubles.
[WARNING] If so, please specify a path to a correct diff file
[WARNING] or implement a new way to compute a diff file.
[INFO] Computing the diff with diff commnd line
[INFO] The diff will be computed between:
[INFO] /tmp/v1/gson/src and 
[INFO] /tmp/v2/gson/src
[INFO] Executing: diff -ru /tmp/v1/gson/src /tmp/v2/gson/src from /tmp/v1/gson/src
[INFO] Running in enhanced mode...
[INFO] Computing coverage for /tmp/v1/gson
[WARN] Maven will be executed in interactive mode, but no input stream has been configured for this MavenInvoker instance.
[[1;34mINFO[m] Scanning for projects...
[[1;34mINFO[m] 
[[1;34mINFO[m] [1m---------------------< [0;36mcom.google.code.gson:gson[0;1m >----------------------[m
[[1;34mINFO[m] [1mBuilding Gson 1.8-SNAPSHOT[m
[[1;34mINFO[m] [1m--------------------------------[ jar ]---------------------------------[m
[[1;34mINFO[m] 
[[1;34mINFO[m] [1m--- [0;32mmaven-clean-plugin:2.5:clean[m [1m(default-clean)[m @ [36mgson[0;1m ---[m
[[1;34mINFO[m] 
[[1;34mINFO[m] [1m--- [0;32mcobertura-maven-plugin:2.4:clean[m [1m(clean)[m @ [36mgson[0;1m ---[m
[[1;34mINFO[m] 
[[1;34mINFO[m] [1m--- [0;32mclover-maven-plugin:4.4.1:setup[m [1m(default-cli)[m @ [36mgson[0;1m ---[m
[[1;34mINFO[m] OpenClover Version 4.4.1, built on October 11 2019 (build-1020)
[[1;34mINFO[m] Creating new database at '/tmp/v1/gson/target/clover/clover.db'.
[[1;34mINFO[m] Processing files at 1.8 source level.
[[1;34mINFO[m] Clover all over. Instrumented 90 files (5 packages).
[[1;34mINFO[m] OpenClover Version 4.4.1, built on October 11 2019 (build-1020)
[[1;34mINFO[m] Updating existing database at '/tmp/v1/gson/target/clover/clover.db'.
[[1;34mINFO[m] Processing files at 1.8 source level.
[[1;34mINFO[m] Clover all over. Instrumented 86 files (6 packages).
[[1;34mINFO[m] 774 test methods detected.
[[1;34mINFO[m] 
[[1;34mINFO[m] [1m--- [0;32mmaven-enforcer-plugin:1.0-beta-1:enforce[m [1m(enforce-maven)[m @ [36mgson[0;1m ---[m
[[1;34mINFO[m] Skipping Rule Enforcement.
[[1;34mINFO[m] 
[[1;34mINFO[m] [1m--- [0;32mmaven-resources-plugin:2.6:resources[m [1m(default-resources)[m @ [36mgson[0;1m ---[m
[[1;34mINFO[m] Using 'UTF-8' encoding to copy filtered resources.
[[1;34mINFO[m] skip non existing resourceDirectory /tmp/v1/gson/src/main/resources
[[1;34mINFO[m] Copying 1 resource
[[1;34mINFO[m] 
[[1;34mINFO[m] [1m--- [0;32mmaven-compiler-plugin:2.3.2:compile[m [1m(default-compile)[m @ [36mgson[0;1m ---[m
[[1;34mINFO[m] Compiling 90 source files to /tmp/v1/gson/target/classes
[[1;34mINFO[m] 
[[1;34mINFO[m] [1m--- [0;32mmaven-resources-plugin:2.6:testResources[m [1m(default-testResources)[m @ [36mgson[0;1m ---[m
[[1;34mINFO[m] Using 'UTF-8' encoding to copy filtered resources.
[[1;34mINFO[m] skip non existing resourceDirectory /tmp/v1/gson/src/test/resources
[[1;34mINFO[m] 
[[1;34mINFO[m] [1m--- [0;32mmaven-compiler-plugin:2.3.2:testCompile[m [1m(default-testCompile)[m @ [36mgson[0;1m ---[m
[[1;34mINFO[m] Compiling 86 source files to /tmp/v1/gson/target/test-classes
[[1;34mINFO[m] 
[[1;34mINFO[m] [1m--- [0;32mmaven-surefire-plugin:2.12.4:test[m [1m(default-test)[m @ [36mgson[0;1m ---[m
[[1;34mINFO[m] Surefire report directory: /tmp/v1/gson/target/surefire-reports

-------------------------------------------------------
 T E S T S
-------------------------------------------------------
Running com.google.gson.CamelCaseSeparatorNamingPolicyTest
Tests run: 5, Failures: 0, Errors: 0, Skipped: 0, Time elapsed: 0.04 sec
Running com.google.gson.DefaultDateTypeAdapterTest
Tests run: 8, Failures: 0, Errors: 0, Skipped: 0, Time elapsed: 0.061 sec
Running com.google.gson.InnerClassExclusionStrategyTest
Tests run: 4, Failures: 0, Errors: 0, Skipped: 0, Time elapsed: 0.007 sec
Running com.google.gson.UpperCamelCaseSeparatorNamingPolicyTest
Tests run: 5, Failures: 0, Errors: 0, Skipped: 0, Time elapsed: 0.005 sec
Running com.google.gson.GsonTypeAdapterTest
Tests run: 4, Failures: 0, Errors: 0, Skipped: 0, Time elapsed: 0.059 sec
Running com.google.gson.DefaultConstructorAllocatorTest
Tests run: 2, Failures: 0, Errors: 0, Skipped: 0, Time elapsed: 0.001 sec
Running com.google.gson.JavaFieldNamingPolicyTest
Tests run: 2, Failures: 0, Errors: 0, Skipped: 0, Time elapsed: 0.004 sec
Running com.google.gson.ParameterizedTypeTest
Tests run: 2, Failures: 0, Errors: 0, Skipped: 0, Time elapsed: 0.003 sec
Running com.google.gson.common.TestTypes
Tests run: 0, Failures: 0, Errors: 0, Skipped: 0, Time elapsed: 0 sec
Running com.google.gson.GsonBuilderTest
Tests run: 1, Failures: 0, Errors: 0, Skipped: 0, Time elapsed: 0.001 sec
Running com.google.gson.JsonDeserializerExceptionWrapperTest
Tests run: 3, Failures: 0, Errors: 0, Skipped: 0, Time elapsed: 0.004 sec
Running com.google.gson.reflect.TypeTokenTest
Tests run: 4, Failures: 0, Errors: 0, Skipped: 0, Time elapsed: 0.004 sec
Running com.google.gson.LowerCamelCaseSeparatorNamingPolicyTest
Tests run: 4, Failures: 0, Errors: 0, Skipped: 0, Time elapsed: 0.004 sec
Running com.google.gson.DefaultInetAddressTypeAdapterTest
Tests run: 1, Failures: 0, Errors: 0, Skipped: 0, Time elapsed: 0.004 sec
Running com.google.gson.DisjunctionExclusionStrategyTest
Tests run: 3, Failures: 0, Errors: 0, Skipped: 0, Time elapsed: 0.002 sec
Running com.google.gson.ModifyFirstLetterNamingPolicyTest
Tests run: 8, Failures: 0, Errors: 0, Skipped: 0, Time elapsed: 0.004 sec
Running com.google.gson.ExposeAnnotationExclusionStrategyTest
Tests run: 6, Failures: 0, Errors: 0, Skipped: 0, Time elapsed: 0.012 sec
Running com.google.gson.NullExclusionStrategyTest
Tests run: 2, Failures: 0, Errors: 0, Skipped: 0, Time elapsed: 0.001 sec
Running com.google.gson.FieldAttributesTest
Tests run: 6, Failures: 0, Errors: 0, Skipped: 0, Time elapsed: 0.004 sec
Running com.google.gson.CommentsTest
Tests run: 1, Failures: 0, Errors: 0, Skipped: 0, Time elapsed: 0.003 sec
Running com.google.gson.LowerCaseNamingPolicyTest
Tests run: 3, Failures: 0, Errors: 0, Skipped: 0, Time elapsed: 0.002 sec
Running com.google.gson.MappedObjectConstructorTest
Tests run: 3, Failures: 0, Errors: 0, Skipped: 0, Time elapsed: 0.003 sec
Running com.google.gson.JsonNullTest
Tests run: 1, Failures: 0, Errors: 0, Skipped: 0, Time elapsed: 0.002 sec
Running com.google.gson.MemoryRefStackTest
Tests run: 4, Failures: 0, Errors: 0, Skipped: 0, Time elapsed: 0.003 sec
Running com.google.gson.JsonObjectTest
Tests run: 12, Failures: 0, Errors: 0, Skipped: 0, Time elapsed: 0.01 sec
Running com.google.gson.stream.JsonWriterTest
Tests run: 27, Failures: 0, Errors: 0, Skipped: 0, Time elapsed: 0.023 sec
Running com.google.gson.stream.JsonReaderTest
Tests run: 50, Failures: 0, Errors: 0, Skipped: 0, Time elapsed: 0.033 sec
Running com.google.gson.metrics.PerformanceTest
Tests run: 1, Failures: 0, Errors: 0, Skipped: 0, Time elapsed: 0.001 sec
Running com.google.gson.ParameterizedTypeHandlerMapTest
Jan 08, 2021 12:58:24 AM com.google.gson.ParameterizedTypeHandlerMap register
WARNING: Overriding the existing type handler for class java.lang.String
Jan 08, 2021 12:58:24 AM com.google.gson.ParameterizedTypeHandlerMap registerForTypeHierarchy
WARNING: Overriding the existing type handler for class com.google.gson.common.TestTypes$Base
Tests run: 10, Failures: 0, Errors: 0, Skipped: 0, Time elapsed: 0.011 sec
Running com.google.gson.MixedStreamTest
Tests run: 12, Failures: 0, Errors: 0, Skipped: 0, Time elapsed: 0.014 sec
Running com.google.gson.EscaperTest
Tests run: 16, Failures: 0, Errors: 0, Skipped: 0, Time elapsed: 0.01 sec
Running com.google.gson.DefaultMapJsonSerializerTest
Tests run: 3, Failures: 0, Errors: 0, Skipped: 0, Time elapsed: 0.003 sec
Running com.google.gson.VersionExclusionStrategyTest
Tests run: 4, Failures: 0, Errors: 0, Skipped: 0, Time elapsed: 0.005 sec
Running com.google.gson.UpperCaseNamingPolicyTest
Tests run: 3, Failures: 0, Errors: 0, Skipped: 0, Time elapsed: 0.002 sec
Running com.google.gson.FunctionWithInternalDependenciesTest
Tests run: 1, Failures: 0, Errors: 0, Skipped: 0, Time elapsed: 0.002 sec
Running com.google.gson.functional.InternationalizationTest
Tests run: 4, Failures: 0, Errors: 0, Skipped: 0, Time elapsed: 0.004 sec
Running com.google.gson.functional.SecurityTest
Tests run: 5, Failures: 0, Errors: 0, Skipped: 0, Time elapsed: 0.008 sec
Running com.google.gson.functional.EnumTest
Tests run: 10, Failures: 0, Errors: 0, Skipped: 0, Time elapsed: 0.013 sec
Running com.google.gson.functional.ObjectTest
Tests run: 42, Failures: 0, Errors: 0, Skipped: 0, Time elapsed: 0.05 sec
Running com.google.gson.functional.FieldExclusionTest
Tests run: 3, Failures: 0, Errors: 0, Skipped: 0, Time elapsed: 0.003 sec
Running com.google.gson.functional.ExposeFieldsTest
Tests run: 8, Failures: 0, Errors: 0, Skipped: 0, Time elapsed: 0.009 sec
Running com.google.gson.functional.ParameterizedTypesTest
Tests run: 17, Failures: 0, Errors: 0, Skipped: 0, Time elapsed: 0.029 sec
Running com.google.gson.functional.PrettyPrintingTest
Tests run: 8, Failures: 0, Errors: 0, Skipped: 0, Time elapsed: 0.011 sec
Running com.google.gson.functional.CustomTypeAdaptersTest
Jan 08, 2021 12:58:24 AM com.google.gson.ParameterizedTypeHandlerMap register
WARNING: Overriding the existing type handler for class java.lang.Long
Tests run: 18, Failures: 0, Errors: 0, Skipped: 0, Time elapsed: 0.023 sec
Running com.google.gson.functional.ReadersWritersTest
Tests run: 8, Failures: 0, Errors: 0, Skipped: 0, Time elapsed: 0.008 sec
Running com.google.gson.functional.CircularReferenceTest
Tests run: 6, Failures: 0, Errors: 0, Skipped: 0, Time elapsed: 0.007 sec
Running com.google.gson.functional.RawSerializationTest
Tests run: 5, Failures: 0, Errors: 0, Skipped: 0, Time elapsed: 0.007 sec
Running com.google.gson.functional.CustomDeserializerTest
Jan 08, 2021 12:58:24 AM com.google.gson.ParameterizedTypeHandlerMap register
WARNING: Overriding the existing type handler for long
Jan 08, 2021 12:58:24 AM com.google.gson.ParameterizedTypeHandlerMap register
WARNING: Overriding the existing type handler for long
Tests run: 9, Failures: 0, Errors: 0, Skipped: 0, Time elapsed: 0.014 sec
Running com.google.gson.functional.SystemOnlyTypeAdaptersTest
Tests run: 2, Failures: 0, Errors: 0, Skipped: 0, Time elapsed: 0.002 sec
Running com.google.gson.functional.MoreSpecificTypeSerializationTest
Tests run: 6, Failures: 0, Errors: 0, Skipped: 0, Time elapsed: 0.007 sec
Running com.google.gson.functional.InterfaceTest
Tests run: 2, Failures: 0, Errors: 0, Skipped: 0, Time elapsed: 0.002 sec
Running com.google.gson.functional.TypeVariableTest
Tests run: 3, Failures: 0, Errors: 0, Skipped: 0, Time elapsed: 0.006 sec
Running com.google.gson.functional.ExclusionStrategyFunctionalTest
Tests run: 3, Failures: 0, Errors: 0, Skipped: 0, Time elapsed: 0.004 sec
Running com.google.gson.functional.DefaultTypeAdaptersTest
Jan 07, 2021 3:58:24 PM com.google.gson.ParameterizedTypeHandlerMap register
WARNING: Overriding the existing type handler for class java.util.Date
Jan 07, 2021 3:58:24 PM com.google.gson.ParameterizedTypeHandlerMap register
WARNING: Overriding the existing type handler for class java.sql.Timestamp
Jan 07, 2021 3:58:24 PM com.google.gson.ParameterizedTypeHandlerMap register
WARNING: Overriding the existing type handler for class java.sql.Date
Jan 07, 2021 3:58:24 PM com.google.gson.ParameterizedTypeHandlerMap register
WARNING: Overriding the existing type handler for class java.util.Date
Jan 07, 2021 3:58:24 PM com.google.gson.ParameterizedTypeHandlerMap register
WARNING: Overriding the existing type handler for class java.sql.Timestamp
Jan 07, 2021 3:58:24 PM com.google.gson.ParameterizedTypeHandlerMap register
WARNING: Overriding the existing type handler for class java.sql.Date
Jan 07, 2021 3:58:24 PM com.google.gson.ParameterizedTypeHandlerMap register
WARNING: Overriding the existing type handler for class java.util.Date
Jan 07, 2021 3:58:24 PM com.google.gson.ParameterizedTypeHandlerMap register
WARNING: Overriding the existing type handler for class java.sql.Timestamp
Jan 07, 2021 3:58:24 PM com.google.gson.ParameterizedTypeHandlerMap register
WARNING: Overriding the existing type handler for class java.sql.Date
Jan 07, 2021 3:58:24 PM com.google.gson.ParameterizedTypeHandlerMap register
WARNING: Overriding the existing type handler for class java.util.Date
Jan 07, 2021 3:58:24 PM com.google.gson.ParameterizedTypeHandlerMap register
WARNING: Overriding the existing type handler for class java.sql.Timestamp
Jan 07, 2021 3:58:24 PM com.google.gson.ParameterizedTypeHandlerMap register
WARNING: Overriding the existing type handler for class java.sql.Date
Jan 07, 2021 3:58:24 PM com.google.gson.ParameterizedTypeHandlerMap register
WARNING: Overriding the existing type handler for class java.util.Date
Jan 07, 2021 3:58:24 PM com.google.gson.ParameterizedTypeHandlerMap register
WARNING: Overriding the existing type handler for class java.sql.Timestamp
Jan 07, 2021 3:58:24 PM com.google.gson.ParameterizedTypeHandlerMap register
WARNING: Overriding the existing type handler for class java.sql.Date
Jan 07, 2021 3:58:24 PM com.google.gson.ParameterizedTypeHandlerMap register
WARNING: Overriding the existing type handler for class java.util.Date
Jan 07, 2021 3:58:24 PM com.google.gson.ParameterizedTypeHandlerMap register
WARNING: Overriding the existing type handler for class java.sql.Timestamp
Jan 07, 2021 3:58:24 PM com.google.gson.ParameterizedTypeHandlerMap register
WARNING: Overriding the existing type handler for class java.sql.Date
Jan 07, 2021 11:58:24 PM com.google.gson.ParameterizedTypeHandlerMap register
WARNING: Overriding the existing type handler for class java.util.Date
Jan 07, 2021 11:58:24 PM com.google.gson.ParameterizedTypeHandlerMap register
WARNING: Overriding the existing type handler for class java.sql.Timestamp
Jan 07, 2021 11:58:24 PM com.google.gson.ParameterizedTypeHandlerMap register
WARNING: Overriding the existing type handler for class java.sql.Date
Jan 07, 2021 11:58:24 PM com.google.gson.ParameterizedTypeHandlerMap register
WARNING: Overriding the existing type handler for class java.util.Date
Jan 07, 2021 11:58:24 PM com.google.gson.ParameterizedTypeHandlerMap register
WARNING: Overriding the existing type handler for class java.sql.Timestamp
Jan 07, 2021 11:58:24 PM com.google.gson.ParameterizedTypeHandlerMap register
WARNING: Overriding the existing type handler for class java.sql.Date
Jan 07, 2021 11:58:24 PM com.google.gson.ParameterizedTypeHandlerMap register
WARNING: Overriding the existing type handler for class java.util.Date
Jan 07, 2021 11:58:24 PM com.google.gson.ParameterizedTypeHandlerMap register
WARNING: Overriding the existing type handler for class java.sql.Timestamp
Jan 07, 2021 11:58:24 PM com.google.gson.ParameterizedTypeHandlerMap register
WARNING: Overriding the existing type handler for class java.sql.Date
Jan 07, 2021 11:58:24 PM com.google.gson.ParameterizedTypeHandlerMap register
WARNING: Overriding the existing type handler for class java.util.Date
Jan 07, 2021 11:58:24 PM com.google.gson.ParameterizedTypeHandlerMap register
WARNING: Overriding the existing type handler for class java.sql.Timestamp
Jan 07, 2021 11:58:24 PM com.google.gson.ParameterizedTypeHandlerMap register
WARNING: Overriding the existing type handler for class java.sql.Date
Jan 07, 2021 11:58:24 PM com.google.gson.ParameterizedTypeHandlerMap register
WARNING: Overriding the existing type handler for class java.util.Date
Jan 07, 2021 11:58:24 PM com.google.gson.ParameterizedTypeHandlerMap register
WARNING: Overriding the existing type handler for class java.sql.Timestamp
Jan 07, 2021 11:58:24 PM com.google.gson.ParameterizedTypeHandlerMap register
WARNING: Overriding the existing type handler for class java.sql.Date
Jan 07, 2021 11:58:24 PM com.google.gson.ParameterizedTypeHandlerMap register
WARNING: Overriding the existing type handler for class java.util.Date
Jan 07, 2021 11:58:24 PM com.google.gson.ParameterizedTypeHandlerMap register
WARNING: Overriding the existing type handler for class java.sql.Timestamp
Jan 07, 2021 11:58:24 PM com.google.gson.ParameterizedTypeHandlerMap register
WARNING: Overriding the existing type handler for class java.sql.Date
Tests run: 50, Failures: 8, Errors: 0, Skipped: 0, Time elapsed: 0.069 sec <<< FAILURE!
testDefaultDateSerialization(com.google.gson.functional.DefaultTypeAdaptersTest)  Time elapsed: 0.005 sec  <<< FAILURE!
junit.framework.ComparisonFailure: expected:<"Jan [7, 2021 3:58:24 P]M"> but was:<"Jan [8, 2021 12:58:24 A]M">
	at junit.framework.Assert.assertEquals(Assert.java:81)
	at junit.framework.Assert.assertEquals(Assert.java:87)
	at com.google.gson.functional.DefaultTypeAdaptersTest.__CLR4_4_1pcwu25et(DefaultTypeAdaptersTest.java:248)
	at com.google.gson.functional.DefaultTypeAdaptersTest.testDefaultDateSerialization(DefaultTypeAdaptersTest.java:245)

testDefaultDateDeserialization(com.google.gson.functional.DefaultTypeAdaptersTest)  Time elapsed: 0.001 sec  <<< FAILURE!
junit.framework.AssertionFailedError: expected:<13> but was:<12>
	at junit.framework.Assert.fail(Assert.java:47)
	at junit.framework.Assert.failNotEquals(Assert.java:280)
	at junit.framework.Assert.assertEquals(Assert.java:64)
	at junit.framework.Assert.assertEquals(Assert.java:198)
	at junit.framework.Assert.assertEquals(Assert.java:204)
	at com.google.gson.functional.DefaultTypeAdaptersTest.assertEqualsDate(DefaultTypeAdaptersTest.java:264)
	at com.google.gson.functional.DefaultTypeAdaptersTest.__CLR4_4_1yqs62h5ex(DefaultTypeAdaptersTest.java:254)
	at com.google.gson.functional.DefaultTypeAdaptersTest.testDefaultDateDeserialization(DefaultTypeAdaptersTest.java:251)

testDefaultJavaSqlDateDeserialization(com.google.gson.functional.DefaultTypeAdaptersTest)  Time elapsed: 0.002 sec  <<< FAILURE!
junit.framework.AssertionFailedError: expected:<3> but was:<2>
	at junit.framework.Assert.fail(Assert.java:47)
	at junit.framework.Assert.failNotEquals(Assert.java:280)
	at junit.framework.Assert.assertEquals(Assert.java:64)
	at junit.framework.Assert.assertEquals(Assert.java:198)
	at junit.framework.Assert.assertEquals(Assert.java:204)
	at com.google.gson.functional.DefaultTypeAdaptersTest.assertEqualsDate(DefaultTypeAdaptersTest.java:264)
	at com.google.gson.functional.DefaultTypeAdaptersTest.__CLR4_4_13jgoad5fe(DefaultTypeAdaptersTest.java:283)
	at com.google.gson.functional.DefaultTypeAdaptersTest.testDefaultJavaSqlDateDeserialization(DefaultTypeAdaptersTest.java:280)

testDefaultJavaSqlTimestampSerialization(com.google.gson.functional.DefaultTypeAdaptersTest)  Time elapsed: 0.002 sec  <<< FAILURE!
junit.framework.ComparisonFailure: expected:<"Dec 3, 2009 1[]:18:02 PM"> but was:<"Dec 3, 2009 1[0]:18:02 PM">
	at junit.framework.Assert.assertEquals(Assert.java:81)
	at junit.framework.Assert.assertEquals(Assert.java:87)
	at com.google.gson.functional.DefaultTypeAdaptersTest.__CLR4_4_1ba8tvi5fi(DefaultTypeAdaptersTest.java:289)
	at com.google.gson.functional.DefaultTypeAdaptersTest.testDefaultJavaSqlTimestampSerialization(DefaultTypeAdaptersTest.java:286)

testDefaultJavaSqlTimestampDeserialization(com.google.gson.functional.DefaultTypeAdaptersTest)  Time elapsed: 0.002 sec  <<< FAILURE!
junit.framework.AssertionFailedError: expected:<13> but was:<4>
	at junit.framework.Assert.fail(Assert.java:47)
	at junit.framework.Assert.failNotEquals(Assert.java:280)
	at junit.framework.Assert.assertEquals(Assert.java:64)
	at junit.framework.Assert.assertEquals(Assert.java:198)
	at junit.framework.Assert.assertEquals(Assert.java:204)
	at com.google.gson.functional.DefaultTypeAdaptersTest.assertEqualsTime(DefaultTypeAdaptersTest.java:269)
	at com.google.gson.functional.DefaultTypeAdaptersTest.__CLR4_4_1q5eqtf5fm(DefaultTypeAdaptersTest.java:296)
	at com.google.gson.functional.DefaultTypeAdaptersTest.testDefaultJavaSqlTimestampDeserialization(DefaultTypeAdaptersTest.java:292)

testDefaultJavaSqlTimeSerialization(com.google.gson.functional.DefaultTypeAdaptersTest)  Time elapsed: 0.002 sec  <<< FAILURE!
junit.framework.ComparisonFailure: expected:<"[01]:18:02 PM"> but was:<"[10]:18:02 PM">
	at junit.framework.Assert.assertEquals(Assert.java:81)
	at junit.framework.Assert.assertEquals(Assert.java:87)
	at com.google.gson.functional.DefaultTypeAdaptersTest.__CLR4_4_14yt6b15fr(DefaultTypeAdaptersTest.java:302)
	at com.google.gson.functional.DefaultTypeAdaptersTest.testDefaultJavaSqlTimeSerialization(DefaultTypeAdaptersTest.java:299)

testDefaultJavaSqlTimeDeserialization(com.google.gson.functional.DefaultTypeAdaptersTest)  Time elapsed: 0.001 sec  <<< FAILURE!
junit.framework.AssertionFailedError: expected:<13> but was:<4>
	at junit.framework.Assert.fail(Assert.java:47)
	at junit.framework.Assert.failNotEquals(Assert.java:280)
	at junit.framework.Assert.assertEquals(Assert.java:64)
	at junit.framework.Assert.assertEquals(Assert.java:198)
	at junit.framework.Assert.assertEquals(Assert.java:204)
	at com.google.gson.functional.DefaultTypeAdaptersTest.assertEqualsTime(DefaultTypeAdaptersTest.java:269)
	at com.google.gson.functional.DefaultTypeAdaptersTest.__CLR4_4_1b9dtkc5fv(DefaultTypeAdaptersTest.java:308)
	at com.google.gson.functional.DefaultTypeAdaptersTest.testDefaultJavaSqlTimeDeserialization(DefaultTypeAdaptersTest.java:305)

testDefaultDateSerializationUsingBuilder(com.google.gson.functional.DefaultTypeAdaptersTest)  Time elapsed: 0.001 sec  <<< FAILURE!
junit.framework.ComparisonFailure: expected:<"Jan [7, 2021 3:58:24 P]M"> but was:<"Jan [8, 2021 12:58:24 A]M">
	at junit.framework.Assert.assertEquals(Assert.java:81)
	at junit.framework.Assert.assertEquals(Assert.java:87)
	at com.google.gson.functional.DefaultTypeAdaptersTest.__CLR4_4_16g7uk15fz(DefaultTypeAdaptersTest.java:315)
	at com.google.gson.functional.DefaultTypeAdaptersTest.testDefaultDateSerializationUsingBuilder(DefaultTypeAdaptersTest.java:311)

Running com.google.gson.functional.NullObjectAndFieldTest
Tests run: 15, Failures: 0, Errors: 0, Skipped: 0, Time elapsed: 0.01 sec
Running com.google.gson.functional.MapAsArrayTypeAdapterTest
Jan 08, 2021 12:58:24 AM com.google.gson.ParameterizedTypeHandlerMap registerForTypeHierarchy
WARNING: Overriding the existing type handler for interface java.util.Map
Jan 08, 2021 12:58:24 AM com.google.gson.ParameterizedTypeHandlerMap registerForTypeHierarchy
WARNING: Overriding the existing type handler for interface java.util.Map
Tests run: 6, Failures: 0, Errors: 0, Skipped: 0, Time elapsed: 0.011 sec
Running com.google.gson.functional.InstanceCreatorTest
Tests run: 3, Failures: 0, Errors: 0, Skipped: 0, Time elapsed: 0.004 sec
Running com.google.gson.functional.MapTest
Tests run: 31, Failures: 0, Errors: 0, Skipped: 0, Time elapsed: 0.03 sec
Running com.google.gson.functional.VersioningTest
Tests run: 10, Failures: 0, Errors: 0, Skipped: 0, Time elapsed: 0.011 sec
Running com.google.gson.functional.InheritanceTest
Tests run: 12, Failures: 0, Errors: 0, Skipped: 0, Time elapsed: 0.012 sec
Running com.google.gson.functional.TypeHierarchyAdapterTest
Tests run: 3, Failures: 0, Errors: 0, Skipped: 0, Time elapsed: 0.005 sec
Running com.google.gson.functional.CustomSerializerTest
Tests run: 5, Failures: 0, Errors: 0, Skipped: 0, Time elapsed: 0.004 sec
Running com.google.gson.functional.EscapingTest
Tests run: 5, Failures: 0, Errors: 0, Skipped: 0, Time elapsed: 0.006 sec
Running com.google.gson.functional.CollectionTest
Tests run: 24, Failures: 0, Errors: 0, Skipped: 0, Time elapsed: 0.025 sec
Running com.google.gson.functional.JsonTreeTest
Tests run: 3, Failures: 0, Errors: 0, Skipped: 0, Time elapsed: 0.003 sec
Running com.google.gson.functional.ArrayTest
Jan 08, 2021 12:58:24 AM com.google.gson.ParameterizedTypeHandlerMap register
WARNING: Overriding the existing type handler for class java.lang.Long
Jan 08, 2021 12:58:24 AM com.google.gson.ParameterizedTypeHandlerMap register
WARNING: Overriding the existing type handler for long
Tests run: 28, Failures: 0, Errors: 0, Skipped: 0, Time elapsed: 0.022 sec
Running com.google.gson.functional.PrintFormattingTest
Tests run: 3, Failures: 0, Errors: 0, Skipped: 0, Time elapsed: 0.002 sec
Running com.google.gson.functional.StringTest
Tests run: 19, Failures: 0, Errors: 0, Skipped: 0, Time elapsed: 0.012 sec
Running com.google.gson.functional.UncategorizedTest
Tests run: 6, Failures: 0, Errors: 0, Skipped: 0, Time elapsed: 0.007 sec
Running com.google.gson.functional.JsonParserTest
Tests run: 7, Failures: 0, Errors: 0, Skipped: 0, Time elapsed: 0.007 sec
Running com.google.gson.functional.NamingPolicyTest
Tests run: 13, Failures: 0, Errors: 0, Skipped: 0, Time elapsed: 0.014 sec
Running com.google.gson.functional.ConcurrencyTest
Tests run: 4, Failures: 0, Errors: 0, Skipped: 0, Time elapsed: 0.045 sec
Running com.google.gson.functional.PrimitiveTest
Jan 08, 2021 12:58:24 AM com.google.gson.ParameterizedTypeHandlerMap register
WARNING: Overriding the existing type handler for class java.lang.Long
Jan 08, 2021 12:58:24 AM com.google.gson.ParameterizedTypeHandlerMap register
WARNING: Overriding the existing type handler for long
Tests run: 99, Failures: 0, Errors: 0, Skipped: 0, Time elapsed: 0.079 sec
Running com.google.gson.JsonStreamParserTest
Tests run: 4, Failures: 0, Errors: 0, Skipped: 0, Time elapsed: 0.002 sec
Running com.google.gson.LruCacheTest
Tests run: 3, Failures: 0, Errors: 0, Skipped: 0, Time elapsed: 0.002 sec
Running com.google.gson.GenericArrayTypeTest
Tests run: 2, Failures: 0, Errors: 0, Skipped: 0, Time elapsed: 0.002 sec
Running com.google.gson.JsonArrayTest
Tests run: 3, Failures: 0, Errors: 0, Skipped: 0, Time elapsed: 0.002 sec
Running com.google.gson.JsonParserTest
Tests run: 9, Failures: 0, Errors: 0, Skipped: 0, Time elapsed: 0.007 sec
Running com.google.gson.FieldNamingStrategy2AdapterTest
Tests run: 1, Failures: 0, Errors: 0, Skipped: 0, Time elapsed: 0.001 sec
Running com.google.gson.SerializedNameAnnotationInterceptingNamingPolicyTest
Tests run: 2, Failures: 0, Errors: 0, Skipped: 0, Time elapsed: 0.001 sec
Running com.google.gson.JsonPrimitiveTest
Tests run: 22, Failures: 0, Errors: 0, Skipped: 0, Time elapsed: 0.014 sec
Running com.google.gson.LongSerializationPolicyTest
Tests run: 2, Failures: 0, Errors: 0, Skipped: 0, Time elapsed: 0.001 sec

Results :

Failed tests:   testDefaultDateSerialization(com.google.gson.functional.DefaultTypeAdaptersTest): expected:<"Jan [7, 2021 3:58:24 P]M"> but was:<"Jan [8, 2021 12:58:24 A]M">
  testDefaultDateDeserialization(com.google.gson.functional.DefaultTypeAdaptersTest): expected:<13> but was:<12>
  testDefaultJavaSqlDateDeserialization(com.google.gson.functional.DefaultTypeAdaptersTest): expected:<3> but was:<2>
  testDefaultJavaSqlTimestampSerialization(com.google.gson.functional.DefaultTypeAdaptersTest): expected:<"Dec 3, 2009 1[]:18:02 PM"> but was:<"Dec 3, 2009 1[0]:18:02 PM">
  testDefaultJavaSqlTimestampDeserialization(com.google.gson.functional.DefaultTypeAdaptersTest): expected:<13> but was:<4>
  testDefaultJavaSqlTimeSerialization(com.google.gson.functional.DefaultTypeAdaptersTest): expected:<"[01]:18:02 PM"> but was:<"[10]:18:02 PM">
  testDefaultJavaSqlTimeDeserialization(com.google.gson.functional.DefaultTypeAdaptersTest): expected:<13> but was:<4>
  testDefaultDateSerializationUsingBuilder(com.google.gson.functional.DefaultTypeAdaptersTest): expected:<"Jan [7, 2021 3:58:24 P]M"> but was:<"Jan [8, 2021 12:58:24 A]M">

Tests run: 774, Failures: 8, Errors: 0, Skipped: 0

[[1;34mINFO[m] [1m------------------------------------------------------------------------[m
[[1;34mINFO[m] [1;31mBUILD FAILURE[m
[[1;34mINFO[m] [1m------------------------------------------------------------------------[m
[[1;34mINFO[m] Total time:  8.087 s
[[1;34mINFO[m] Finished at: 2021-01-08T00:58:24+01:00
[[1;34mINFO[m] [1m------------------------------------------------------------------------[m
[[1;31mERROR[m] Failed to execute goal [32morg.apache.maven.plugins:maven-surefire-plugin:2.12.4:test[m [1m(default-test)[m on project [36mgson[m: [1;31mThere are test failures.[m
[[1;31mERROR[m] [1;31m[m
[[1;31mERROR[m] [1;31mPlease refer to /tmp/v1/gson/target/surefire-reports for the individual test results.[m
[[1;31mERROR[m] -> [1m[Help 1][m
[[1;31mERROR[m] 
[[1;31mERROR[m] To see the full stack trace of the errors, re-run Maven with the [1m-e[m switch.
[[1;31mERROR[m] Re-run Maven using the [1m-X[m switch to enable full debug logging.
[[1;31mERROR[m] 
[[1;31mERROR[m] For more information about the errors and possible solutions, please read the following articles:
[[1;31mERROR[m] [1m[Help 1][m http://cwiki.apache.org/confluence/display/MAVEN/MojoFailureException
Writing HTML report to '/tmp/v1/gson/target/clover/report'
Done. Processed 8 packages in 3008ms (376ms per package).
[INFO] Computing coverage for /tmp/v2/gson/
[WARN] Maven will be executed in interactive mode, but no input stream has been configured for this MavenInvoker instance.
[[1;34mINFO[m] Scanning for projects...
[[1;34mINFO[m] 
[[1;34mINFO[m] [1m---------------------< [0;36mcom.google.code.gson:gson[0;1m >----------------------[m
[[1;34mINFO[m] [1mBuilding Gson 1.8-SNAPSHOT[m
[[1;34mINFO[m] [1m--------------------------------[ jar ]---------------------------------[m
[[1;34mINFO[m] 
[[1;34mINFO[m] [1m--- [0;32mmaven-clean-plugin:2.5:clean[m [1m(default-clean)[m @ [36mgson[0;1m ---[m
[[1;34mINFO[m] Deleting /tmp/v2/gson/target
[[1;34mINFO[m] 
[[1;34mINFO[m] [1m--- [0;32mcobertura-maven-plugin:2.4:clean[m [1m(clean)[m @ [36mgson[0;1m ---[m
[[1;34mINFO[m] 
[[1;34mINFO[m] [1m--- [0;32mclover-maven-plugin:4.4.1:setup[m [1m(default-cli)[m @ [36mgson[0;1m ---[m
[[1;34mINFO[m] OpenClover Version 4.4.1, built on October 11 2019 (build-1020)
[[1;34mINFO[m] Creating new database at '/tmp/v2/gson/target/clover/clover.db'.
[[1;34mINFO[m] Processing files at 1.8 source level.
[[1;34mINFO[m] Clover all over. Instrumented 89 files (5 packages).
[[1;34mINFO[m] OpenClover Version 4.4.1, built on October 11 2019 (build-1020)
[[1;34mINFO[m] Updating existing database at '/tmp/v2/gson/target/clover/clover.db'.
[[1;34mINFO[m] Processing files at 1.8 source level.
[[1;34mINFO[m] Clover all over. Instrumented 85 files (6 packages).
[[1;34mINFO[m] 758 test methods detected.
[[1;34mINFO[m] 
[[1;34mINFO[m] [1m--- [0;32mmaven-enforcer-plugin:1.0-beta-1:enforce[m [1m(enforce-maven)[m @ [36mgson[0;1m ---[m
[[1;34mINFO[m] Skipping Rule Enforcement.
[[1;34mINFO[m] 
[[1;34mINFO[m] [1m--- [0;32mmaven-resources-plugin:2.6:resources[m [1m(default-resources)[m @ [36mgson[0;1m ---[m
[[1;34mINFO[m] Using 'UTF-8' encoding to copy filtered resources.
[[1;34mINFO[m] skip non existing resourceDirectory /tmp/v2/gson/src/main/resources
[[1;34mINFO[m] Copying 1 resource
[[1;34mINFO[m] 
[[1;34mINFO[m] [1m--- [0;32mmaven-compiler-plugin:2.3.2:compile[m [1m(default-compile)[m @ [36mgson[0;1m ---[m
[[1;34mINFO[m] Compiling 89 source files to /tmp/v2/gson/target/classes
[[1;34mINFO[m] 
[[1;34mINFO[m] [1m--- [0;32mmaven-resources-plugin:2.6:testResources[m [1m(default-testResources)[m @ [36mgson[0;1m ---[m
[[1;34mINFO[m] Using 'UTF-8' encoding to copy filtered resources.
[[1;34mINFO[m] skip non existing resourceDirectory /tmp/v2/gson/src/test/resources
[[1;34mINFO[m] 
[[1;34mINFO[m] [1m--- [0;32mmaven-compiler-plugin:2.3.2:testCompile[m [1m(default-testCompile)[m @ [36mgson[0;1m ---[m
[[1;34mINFO[m] Compiling 85 source files to /tmp/v2/gson/target/test-classes
[[1;34mINFO[m] 
[[1;34mINFO[m] [1m--- [0;32mmaven-surefire-plugin:2.12.4:test[m [1m(default-test)[m @ [36mgson[0;1m ---[m
[[1;34mINFO[m] Surefire report directory: /tmp/v2/gson/target/surefire-reports

-------------------------------------------------------
 T E S T S
-------------------------------------------------------
Running com.google.gson.CamelCaseSeparatorNamingPolicyTest
Tests run: 5, Failures: 0, Errors: 0, Skipped: 0, Time elapsed: 0.036 sec
Running com.google.gson.DefaultDateTypeAdapterTest
Tests run: 8, Failures: 0, Errors: 0, Skipped: 0, Time elapsed: 0.061 sec
Running com.google.gson.InnerClassExclusionStrategyTest
Tests run: 4, Failures: 0, Errors: 0, Skipped: 0, Time elapsed: 0.007 sec
Running com.google.gson.UpperCamelCaseSeparatorNamingPolicyTest
Tests run: 5, Failures: 0, Errors: 0, Skipped: 0, Time elapsed: 0.005 sec
Running com.google.gson.GsonTypeAdapterTest
Tests run: 4, Failures: 0, Errors: 0, Skipped: 0, Time elapsed: 0.063 sec
Running com.google.gson.DefaultConstructorAllocatorTest
Tests run: 2, Failures: 0, Errors: 0, Skipped: 0, Time elapsed: 0.002 sec
Running com.google.gson.JavaFieldNamingPolicyTest
Tests run: 2, Failures: 0, Errors: 0, Skipped: 0, Time elapsed: 0.005 sec
Running com.google.gson.ParameterizedTypeTest
Tests run: 2, Failures: 0, Errors: 0, Skipped: 0, Time elapsed: 0.004 sec
Running com.google.gson.common.TestTypes
Tests run: 0, Failures: 0, Errors: 0, Skipped: 0, Time elapsed: 0 sec
Running com.google.gson.GsonBuilderTest
Tests run: 1, Failures: 0, Errors: 0, Skipped: 0, Time elapsed: 0.001 sec
Running com.google.gson.JsonDeserializerExceptionWrapperTest
Tests run: 3, Failures: 0, Errors: 0, Skipped: 0, Time elapsed: 0.002 sec
Running com.google.gson.reflect.TypeTokenTest
Tests run: 4, Failures: 0, Errors: 0, Skipped: 0, Time elapsed: 0.005 sec
Running com.google.gson.LowerCamelCaseSeparatorNamingPolicyTest
Tests run: 4, Failures: 0, Errors: 0, Skipped: 0, Time elapsed: 0.004 sec
Running com.google.gson.DefaultInetAddressTypeAdapterTest
Tests run: 1, Failures: 0, Errors: 0, Skipped: 0, Time elapsed: 0.005 sec
Running com.google.gson.DisjunctionExclusionStrategyTest
Tests run: 3, Failures: 0, Errors: 0, Skipped: 0, Time elapsed: 0.002 sec
Running com.google.gson.ModifyFirstLetterNamingPolicyTest
Tests run: 8, Failures: 0, Errors: 0, Skipped: 0, Time elapsed: 0.005 sec
Running com.google.gson.ExposeAnnotationExclusionStrategyTest
Tests run: 6, Failures: 0, Errors: 0, Skipped: 0, Time elapsed: 0.013 sec
Running com.google.gson.NullExclusionStrategyTest
Tests run: 2, Failures: 0, Errors: 0, Skipped: 0, Time elapsed: 0.002 sec
Running com.google.gson.FieldAttributesTest
Tests run: 6, Failures: 0, Errors: 0, Skipped: 0, Time elapsed: 0.004 sec
Running com.google.gson.CommentsTest
Tests run: 1, Failures: 0, Errors: 0, Skipped: 0, Time elapsed: 0.003 sec
Running com.google.gson.LowerCaseNamingPolicyTest
Tests run: 3, Failures: 0, Errors: 0, Skipped: 0, Time elapsed: 0.002 sec
Running com.google.gson.MappedObjectConstructorTest
Tests run: 3, Failures: 0, Errors: 0, Skipped: 0, Time elapsed: 0.003 sec
Running com.google.gson.JsonNullTest
Tests run: 1, Failures: 0, Errors: 0, Skipped: 0, Time elapsed: 0.002 sec
Running com.google.gson.MemoryRefStackTest
Tests run: 4, Failures: 0, Errors: 0, Skipped: 0, Time elapsed: 0.003 sec
Running com.google.gson.JsonObjectTest
Tests run: 12, Failures: 0, Errors: 0, Skipped: 0, Time elapsed: 0.01 sec
Running com.google.gson.stream.JsonWriterTest
Tests run: 27, Failures: 0, Errors: 0, Skipped: 0, Time elapsed: 0.024 sec
Running com.google.gson.stream.JsonReaderTest
Tests run: 50, Failures: 0, Errors: 0, Skipped: 0, Time elapsed: 0.034 sec
Running com.google.gson.metrics.PerformanceTest
Tests run: 1, Failures: 0, Errors: 0, Skipped: 0, Time elapsed: 0.001 sec
Running com.google.gson.ParameterizedTypeHandlerMapTest
Jan 08, 2021 12:58:36 AM com.google.gson.ParameterizedTypeHandlerMap register
WARNING: Overriding the existing type handler for class java.lang.String
Jan 08, 2021 12:58:36 AM com.google.gson.ParameterizedTypeHandlerMap registerForTypeHierarchy
WARNING: Overriding the existing type handler for class com.google.gson.common.TestTypes$Base
Tests run: 10, Failures: 0, Errors: 0, Skipped: 0, Time elapsed: 0.011 sec
Running com.google.gson.MixedStreamTest
Tests run: 12, Failures: 0, Errors: 0, Skipped: 0, Time elapsed: 0.014 sec
Running com.google.gson.DefaultMapJsonSerializerTest
Tests run: 3, Failures: 0, Errors: 0, Skipped: 0, Time elapsed: 0.004 sec
Running com.google.gson.VersionExclusionStrategyTest
Tests run: 4, Failures: 0, Errors: 0, Skipped: 0, Time elapsed: 0.004 sec
Running com.google.gson.UpperCaseNamingPolicyTest
Tests run: 3, Failures: 0, Errors: 0, Skipped: 0, Time elapsed: 0.002 sec
Running com.google.gson.FunctionWithInternalDependenciesTest
Tests run: 1, Failures: 0, Errors: 0, Skipped: 0, Time elapsed: 0.001 sec
Running com.google.gson.functional.InternationalizationTest
Tests run: 4, Failures: 0, Errors: 0, Skipped: 0, Time elapsed: 0.003 sec
Running com.google.gson.functional.SecurityTest
Tests run: 5, Failures: 0, Errors: 0, Skipped: 0, Time elapsed: 0.009 sec
Running com.google.gson.functional.EnumTest
Tests run: 10, Failures: 0, Errors: 0, Skipped: 0, Time elapsed: 0.014 sec
Running com.google.gson.functional.ObjectTest
Tests run: 42, Failures: 0, Errors: 0, Skipped: 0, Time elapsed: 0.051 sec
Running com.google.gson.functional.FieldExclusionTest
Tests run: 3, Failures: 0, Errors: 0, Skipped: 0, Time elapsed: 0.003 sec
Running com.google.gson.functional.ExposeFieldsTest
Tests run: 8, Failures: 0, Errors: 0, Skipped: 0, Time elapsed: 0.01 sec
Running com.google.gson.functional.ParameterizedTypesTest
Tests run: 17, Failures: 0, Errors: 0, Skipped: 0, Time elapsed: 0.031 sec
Running com.google.gson.functional.PrettyPrintingTest
Tests run: 8, Failures: 0, Errors: 0, Skipped: 0, Time elapsed: 0.01 sec
Running com.google.gson.functional.CustomTypeAdaptersTest
Jan 08, 2021 12:58:37 AM com.google.gson.ParameterizedTypeHandlerMap register
WARNING: Overriding the existing type handler for class java.lang.Long
Tests run: 18, Failures: 0, Errors: 0, Skipped: 0, Time elapsed: 0.024 sec
Running com.google.gson.functional.ReadersWritersTest
Tests run: 8, Failures: 0, Errors: 0, Skipped: 0, Time elapsed: 0.008 sec
Running com.google.gson.functional.CircularReferenceTest
Tests run: 6, Failures: 0, Errors: 0, Skipped: 0, Time elapsed: 0.007 sec
Running com.google.gson.functional.RawSerializationTest
Tests run: 5, Failures: 0, Errors: 0, Skipped: 0, Time elapsed: 0.006 sec
Running com.google.gson.functional.CustomDeserializerTest
Jan 08, 2021 12:58:37 AM com.google.gson.ParameterizedTypeHandlerMap register
WARNING: Overriding the existing type handler for long
Jan 08, 2021 12:58:37 AM com.google.gson.ParameterizedTypeHandlerMap register
WARNING: Overriding the existing type handler for long
Tests run: 9, Failures: 0, Errors: 0, Skipped: 0, Time elapsed: 0.013 sec
Running com.google.gson.functional.SystemOnlyTypeAdaptersTest
Tests run: 2, Failures: 0, Errors: 0, Skipped: 0, Time elapsed: 0.003 sec
Running com.google.gson.functional.MoreSpecificTypeSerializationTest
Tests run: 6, Failures: 0, Errors: 0, Skipped: 0, Time elapsed: 0.007 sec
Running com.google.gson.functional.InterfaceTest
Tests run: 2, Failures: 0, Errors: 0, Skipped: 0, Time elapsed: 0.002 sec
Running com.google.gson.functional.TypeVariableTest
Tests run: 3, Failures: 0, Errors: 0, Skipped: 0, Time elapsed: 0.005 sec
Running com.google.gson.functional.ExclusionStrategyFunctionalTest
Tests run: 3, Failures: 0, Errors: 0, Skipped: 0, Time elapsed: 0.004 sec
Running com.google.gson.functional.DefaultTypeAdaptersTest
Jan 07, 2021 3:58:37 PM com.google.gson.ParameterizedTypeHandlerMap register
WARNING: Overriding the existing type handler for class java.util.Date
Jan 07, 2021 3:58:37 PM com.google.gson.ParameterizedTypeHandlerMap register
WARNING: Overriding the existing type handler for class java.sql.Date
Jan 07, 2021 3:58:37 PM com.google.gson.ParameterizedTypeHandlerMap register
WARNING: Overriding the existing type handler for class java.sql.Timestamp
Jan 07, 2021 3:58:37 PM com.google.gson.ParameterizedTypeHandlerMap register
WARNING: Overriding the existing type handler for class java.util.Date
Jan 07, 2021 3:58:37 PM com.google.gson.ParameterizedTypeHandlerMap register
WARNING: Overriding the existing type handler for class java.sql.Date
Jan 07, 2021 3:58:37 PM com.google.gson.ParameterizedTypeHandlerMap register
WARNING: Overriding the existing type handler for class java.sql.Timestamp
Jan 07, 2021 3:58:37 PM com.google.gson.ParameterizedTypeHandlerMap register
WARNING: Overriding the existing type handler for class java.util.Date
Jan 07, 2021 3:58:37 PM com.google.gson.ParameterizedTypeHandlerMap register
WARNING: Overriding the existing type handler for class java.sql.Date
Jan 07, 2021 3:58:37 PM com.google.gson.ParameterizedTypeHandlerMap register
WARNING: Overriding the existing type handler for class java.sql.Timestamp
Jan 07, 2021 3:58:37 PM com.google.gson.ParameterizedTypeHandlerMap register
WARNING: Overriding the existing type handler for class java.util.Date
Jan 07, 2021 3:58:37 PM com.google.gson.ParameterizedTypeHandlerMap register
WARNING: Overriding the existing type handler for class java.sql.Date
Jan 07, 2021 3:58:37 PM com.google.gson.ParameterizedTypeHandlerMap register
WARNING: Overriding the existing type handler for class java.sql.Timestamp
Jan 07, 2021 3:58:37 PM com.google.gson.ParameterizedTypeHandlerMap register
WARNING: Overriding the existing type handler for class java.util.Date
Jan 07, 2021 3:58:37 PM com.google.gson.ParameterizedTypeHandlerMap register
WARNING: Overriding the existing type handler for class java.sql.Date
Jan 07, 2021 3:58:37 PM com.google.gson.ParameterizedTypeHandlerMap register
WARNING: Overriding the existing type handler for class java.sql.Timestamp
Jan 07, 2021 3:58:37 PM com.google.gson.ParameterizedTypeHandlerMap register
WARNING: Overriding the existing type handler for class java.util.Date
Jan 07, 2021 3:58:37 PM com.google.gson.ParameterizedTypeHandlerMap register
WARNING: Overriding the existing type handler for class java.sql.Date
Jan 07, 2021 3:58:37 PM com.google.gson.ParameterizedTypeHandlerMap register
WARNING: Overriding the existing type handler for class java.sql.Timestamp
Jan 07, 2021 11:58:37 PM com.google.gson.ParameterizedTypeHandlerMap register
WARNING: Overriding the existing type handler for class java.util.Date
Jan 07, 2021 11:58:37 PM com.google.gson.ParameterizedTypeHandlerMap register
WARNING: Overriding the existing type handler for class java.sql.Date
Jan 07, 2021 11:58:37 PM com.google.gson.ParameterizedTypeHandlerMap register
WARNING: Overriding the existing type handler for class java.sql.Timestamp
Jan 07, 2021 11:58:37 PM com.google.gson.ParameterizedTypeHandlerMap register
WARNING: Overriding the existing type handler for class java.util.Date
Jan 07, 2021 11:58:37 PM com.google.gson.ParameterizedTypeHandlerMap register
WARNING: Overriding the existing type handler for class java.sql.Date
Jan 07, 2021 11:58:37 PM com.google.gson.ParameterizedTypeHandlerMap register
WARNING: Overriding the existing type handler for class java.sql.Timestamp
Jan 07, 2021 11:58:37 PM com.google.gson.ParameterizedTypeHandlerMap register
WARNING: Overriding the existing type handler for class java.util.Date
Jan 07, 2021 11:58:37 PM com.google.gson.ParameterizedTypeHandlerMap register
WARNING: Overriding the existing type handler for class java.sql.Date
Jan 07, 2021 11:58:37 PM com.google.gson.ParameterizedTypeHandlerMap register
WARNING: Overriding the existing type handler for class java.sql.Timestamp
Jan 07, 2021 11:58:37 PM com.google.gson.ParameterizedTypeHandlerMap register
WARNING: Overriding the existing type handler for class java.util.Date
Jan 07, 2021 11:58:37 PM com.google.gson.ParameterizedTypeHandlerMap register
WARNING: Overriding the existing type handler for class java.sql.Date
Jan 07, 2021 11:58:37 PM com.google.gson.ParameterizedTypeHandlerMap register
WARNING: Overriding the existing type handler for class java.sql.Timestamp
Jan 07, 2021 11:58:37 PM com.google.gson.ParameterizedTypeHandlerMap register
WARNING: Overriding the existing type handler for class java.util.Date
Jan 07, 2021 11:58:37 PM com.google.gson.ParameterizedTypeHandlerMap register
WARNING: Overriding the existing type handler for class java.sql.Date
Jan 07, 2021 11:58:37 PM com.google.gson.ParameterizedTypeHandlerMap register
WARNING: Overriding the existing type handler for class java.sql.Timestamp
Jan 07, 2021 11:58:37 PM com.google.gson.ParameterizedTypeHandlerMap register
WARNING: Overriding the existing type handler for class java.util.Date
Jan 07, 2021 11:58:37 PM com.google.gson.ParameterizedTypeHandlerMap register
WARNING: Overriding the existing type handler for class java.sql.Date
Jan 07, 2021 11:58:37 PM com.google.gson.ParameterizedTypeHandlerMap register
WARNING: Overriding the existing type handler for class java.sql.Timestamp
Tests run: 50, Failures: 8, Errors: 0, Skipped: 0, Time elapsed: 0.067 sec <<< FAILURE!
testDefaultDateSerialization(com.google.gson.functional.DefaultTypeAdaptersTest)  Time elapsed: 0.006 sec  <<< FAILURE!
junit.framework.ComparisonFailure: expected:<"Jan [7, 2021 3:58:37 P]M"> but was:<"Jan [8, 2021 12:58:37 A]M">
	at junit.framework.Assert.assertEquals(Assert.java:81)
	at junit.framework.Assert.assertEquals(Assert.java:87)
	at com.google.gson.functional.DefaultTypeAdaptersTest.__CLR4_4_1pcwu258t(DefaultTypeAdaptersTest.java:248)
	at com.google.gson.functional.DefaultTypeAdaptersTest.testDefaultDateSerialization(DefaultTypeAdaptersTest.java:245)

testDefaultDateDeserialization(com.google.gson.functional.DefaultTypeAdaptersTest)  Time elapsed: 0.001 sec  <<< FAILURE!
junit.framework.AssertionFailedError: expected:<13> but was:<12>
	at junit.framework.Assert.fail(Assert.java:47)
	at junit.framework.Assert.failNotEquals(Assert.java:280)
	at junit.framework.Assert.assertEquals(Assert.java:64)
	at junit.framework.Assert.assertEquals(Assert.java:198)
	at junit.framework.Assert.assertEquals(Assert.java:204)
	at com.google.gson.functional.DefaultTypeAdaptersTest.assertEqualsDate(DefaultTypeAdaptersTest.java:264)
	at com.google.gson.functional.DefaultTypeAdaptersTest.__CLR4_4_1yqs62h58x(DefaultTypeAdaptersTest.java:254)
	at com.google.gson.functional.DefaultTypeAdaptersTest.testDefaultDateDeserialization(DefaultTypeAdaptersTest.java:251)

testDefaultJavaSqlDateDeserialization(com.google.gson.functional.DefaultTypeAdaptersTest)  Time elapsed: 0.003 sec  <<< FAILURE!
junit.framework.AssertionFailedError: expected:<3> but was:<2>
	at junit.framework.Assert.fail(Assert.java:47)
	at junit.framework.Assert.failNotEquals(Assert.java:280)
	at junit.framework.Assert.assertEquals(Assert.java:64)
	at junit.framework.Assert.assertEquals(Assert.java:198)
	at junit.framework.Assert.assertEquals(Assert.java:204)
	at com.google.gson.functional.DefaultTypeAdaptersTest.assertEqualsDate(DefaultTypeAdaptersTest.java:264)
	at com.google.gson.functional.DefaultTypeAdaptersTest.__CLR4_4_13jgoad59e(DefaultTypeAdaptersTest.java:283)
	at com.google.gson.functional.DefaultTypeAdaptersTest.testDefaultJavaSqlDateDeserialization(DefaultTypeAdaptersTest.java:280)

testDefaultJavaSqlTimestampSerialization(com.google.gson.functional.DefaultTypeAdaptersTest)  Time elapsed: 0.002 sec  <<< FAILURE!
junit.framework.ComparisonFailure: expected:<"Dec 3, 2009 1[]:18:02 PM"> but was:<"Dec 3, 2009 1[0]:18:02 PM">
	at junit.framework.Assert.assertEquals(Assert.java:81)
	at junit.framework.Assert.assertEquals(Assert.java:87)
	at com.google.gson.functional.DefaultTypeAdaptersTest.__CLR4_4_1ba8tvi59i(DefaultTypeAdaptersTest.java:289)
	at com.google.gson.functional.DefaultTypeAdaptersTest.testDefaultJavaSqlTimestampSerialization(DefaultTypeAdaptersTest.java:286)

testDefaultJavaSqlTimestampDeserialization(com.google.gson.functional.DefaultTypeAdaptersTest)  Time elapsed: 0.002 sec  <<< FAILURE!
junit.framework.AssertionFailedError: expected:<13> but was:<4>
	at junit.framework.Assert.fail(Assert.java:47)
	at junit.framework.Assert.failNotEquals(Assert.java:280)
	at junit.framework.Assert.assertEquals(Assert.java:64)
	at junit.framework.Assert.assertEquals(Assert.java:198)
	at junit.framework.Assert.assertEquals(Assert.java:204)
	at com.google.gson.functional.DefaultTypeAdaptersTest.assertEqualsTime(DefaultTypeAdaptersTest.java:269)
	at com.google.gson.functional.DefaultTypeAdaptersTest.__CLR4_4_1q5eqtf59m(DefaultTypeAdaptersTest.java:296)
	at com.google.gson.functional.DefaultTypeAdaptersTest.testDefaultJavaSqlTimestampDeserialization(DefaultTypeAdaptersTest.java:292)

testDefaultJavaSqlTimeSerialization(com.google.gson.functional.DefaultTypeAdaptersTest)  Time elapsed: 0.001 sec  <<< FAILURE!
junit.framework.ComparisonFailure: expected:<"[01]:18:02 PM"> but was:<"[10]:18:02 PM">
	at junit.framework.Assert.assertEquals(Assert.java:81)
	at junit.framework.Assert.assertEquals(Assert.java:87)
	at com.google.gson.functional.DefaultTypeAdaptersTest.__CLR4_4_14yt6b159r(DefaultTypeAdaptersTest.java:302)
	at com.google.gson.functional.DefaultTypeAdaptersTest.testDefaultJavaSqlTimeSerialization(DefaultTypeAdaptersTest.java:299)

testDefaultJavaSqlTimeDeserialization(com.google.gson.functional.DefaultTypeAdaptersTest)  Time elapsed: 0.002 sec  <<< FAILURE!
junit.framework.AssertionFailedError: expected:<13> but was:<4>
	at junit.framework.Assert.fail(Assert.java:47)
	at junit.framework.Assert.failNotEquals(Assert.java:280)
	at junit.framework.Assert.assertEquals(Assert.java:64)
	at junit.framework.Assert.assertEquals(Assert.java:198)
	at junit.framework.Assert.assertEquals(Assert.java:204)
	at com.google.gson.functional.DefaultTypeAdaptersTest.assertEqualsTime(DefaultTypeAdaptersTest.java:269)
	at com.google.gson.functional.DefaultTypeAdaptersTest.__CLR4_4_1b9dtkc59v(DefaultTypeAdaptersTest.java:308)
	at com.google.gson.functional.DefaultTypeAdaptersTest.testDefaultJavaSqlTimeDeserialization(DefaultTypeAdaptersTest.java:305)

testDefaultDateSerializationUsingBuilder(com.google.gson.functional.DefaultTypeAdaptersTest)  Time elapsed: 0.002 sec  <<< FAILURE!
junit.framework.ComparisonFailure: expected:<"Jan [7, 2021 3:58:37 P]M"> but was:<"Jan [8, 2021 12:58:37 A]M">
	at junit.framework.Assert.assertEquals(Assert.java:81)
	at junit.framework.Assert.assertEquals(Assert.java:87)
	at com.google.gson.functional.DefaultTypeAdaptersTest.__CLR4_4_16g7uk159z(DefaultTypeAdaptersTest.java:315)
	at com.google.gson.functional.DefaultTypeAdaptersTest.testDefaultDateSerializationUsingBuilder(DefaultTypeAdaptersTest.java:311)

Running com.google.gson.functional.NullObjectAndFieldTest
Tests run: 15, Failures: 0, Errors: 0, Skipped: 0, Time elapsed: 0.011 sec
Running com.google.gson.functional.MapAsArrayTypeAdapterTest
Jan 08, 2021 12:58:37 AM com.google.gson.ParameterizedTypeHandlerMap registerForTypeHierarchy
WARNING: Overriding the existing type handler for interface java.util.Map
Jan 08, 2021 12:58:37 AM com.google.gson.ParameterizedTypeHandlerMap registerForTypeHierarchy
WARNING: Overriding the existing type handler for interface java.util.Map
Tests run: 6, Failures: 0, Errors: 0, Skipped: 0, Time elapsed: 0.009 sec
Running com.google.gson.functional.InstanceCreatorTest
Tests run: 3, Failures: 0, Errors: 0, Skipped: 0, Time elapsed: 0.003 sec
Running com.google.gson.functional.MapTest
Tests run: 31, Failures: 0, Errors: 0, Skipped: 0, Time elapsed: 0.031 sec
Running com.google.gson.functional.VersioningTest
Tests run: 10, Failures: 0, Errors: 0, Skipped: 0, Time elapsed: 0.011 sec
Running com.google.gson.functional.InheritanceTest
Tests run: 12, Failures: 0, Errors: 0, Skipped: 0, Time elapsed: 0.011 sec
Running com.google.gson.functional.TypeHierarchyAdapterTest
Tests run: 3, Failures: 0, Errors: 0, Skipped: 0, Time elapsed: 0.005 sec
Running com.google.gson.functional.CustomSerializerTest
Tests run: 5, Failures: 0, Errors: 0, Skipped: 0, Time elapsed: 0.004 sec
Running com.google.gson.functional.EscapingTest
Tests run: 5, Failures: 0, Errors: 0, Skipped: 0, Time elapsed: 0.006 sec
Running com.google.gson.functional.CollectionTest
Tests run: 24, Failures: 0, Errors: 0, Skipped: 0, Time elapsed: 0.024 sec
Running com.google.gson.functional.JsonTreeTest
Tests run: 3, Failures: 0, Errors: 0, Skipped: 0, Time elapsed: 0.003 sec
Running com.google.gson.functional.ArrayTest
Jan 08, 2021 12:58:37 AM com.google.gson.ParameterizedTypeHandlerMap register
WARNING: Overriding the existing type handler for class java.lang.Long
Jan 08, 2021 12:58:37 AM com.google.gson.ParameterizedTypeHandlerMap register
WARNING: Overriding the existing type handler for long
Tests run: 28, Failures: 0, Errors: 0, Skipped: 0, Time elapsed: 0.021 sec
Running com.google.gson.functional.PrintFormattingTest
Tests run: 3, Failures: 0, Errors: 0, Skipped: 0, Time elapsed: 0.002 sec
Running com.google.gson.functional.StringTest
Tests run: 19, Failures: 0, Errors: 0, Skipped: 0, Time elapsed: 0.011 sec
Running com.google.gson.functional.UncategorizedTest
Tests run: 6, Failures: 0, Errors: 0, Skipped: 0, Time elapsed: 0.007 sec
Running com.google.gson.functional.JsonParserTest
Tests run: 7, Failures: 0, Errors: 0, Skipped: 0, Time elapsed: 0.006 sec
Running com.google.gson.functional.NamingPolicyTest
Tests run: 13, Failures: 0, Errors: 0, Skipped: 0, Time elapsed: 0.013 sec
Running com.google.gson.functional.ConcurrencyTest
Tests run: 4, Failures: 0, Errors: 0, Skipped: 0, Time elapsed: 0.041 sec
Running com.google.gson.functional.PrimitiveTest
Jan 08, 2021 12:58:37 AM com.google.gson.ParameterizedTypeHandlerMap register
WARNING: Overriding the existing type handler for class java.lang.Long
Jan 08, 2021 12:58:37 AM com.google.gson.ParameterizedTypeHandlerMap register
WARNING: Overriding the existing type handler for long
Tests run: 99, Failures: 0, Errors: 0, Skipped: 0, Time elapsed: 0.082 sec
Running com.google.gson.JsonStreamParserTest
Tests run: 4, Failures: 0, Errors: 0, Skipped: 0, Time elapsed: 0.002 sec
Running com.google.gson.LruCacheTest
Tests run: 3, Failures: 0, Errors: 0, Skipped: 0, Time elapsed: 0.003 sec
Running com.google.gson.GenericArrayTypeTest
Tests run: 2, Failures: 0, Errors: 0, Skipped: 0, Time elapsed: 0.003 sec
Running com.google.gson.JsonArrayTest
Tests run: 3, Failures: 0, Errors: 0, Skipped: 0, Time elapsed: 0.002 sec
Running com.google.gson.JsonParserTest
Tests run: 9, Failures: 0, Errors: 0, Skipped: 0, Time elapsed: 0.007 sec
Running com.google.gson.FieldNamingStrategy2AdapterTest
Tests run: 1, Failures: 0, Errors: 0, Skipped: 0, Time elapsed: 0.002 sec
Running com.google.gson.SerializedNameAnnotationInterceptingNamingPolicyTest
Tests run: 2, Failures: 0, Errors: 0, Skipped: 0, Time elapsed: 0.002 sec
Running com.google.gson.JsonPrimitiveTest
Tests run: 22, Failures: 0, Errors: 0, Skipped: 0, Time elapsed: 0.012 sec
Running com.google.gson.LongSerializationPolicyTest
Tests run: 2, Failures: 0, Errors: 0, Skipped: 0, Time elapsed: 0.001 sec

Results :

Failed tests:   testDefaultDateSerialization(com.google.gson.functional.DefaultTypeAdaptersTest): expected:<"Jan [7, 2021 3:58:37 P]M"> but was:<"Jan [8, 2021 12:58:37 A]M">
  testDefaultDateDeserialization(com.google.gson.functional.DefaultTypeAdaptersTest): expected:<13> but was:<12>
  testDefaultJavaSqlDateDeserialization(com.google.gson.functional.DefaultTypeAdaptersTest): expected:<3> but was:<2>
  testDefaultJavaSqlTimestampSerialization(com.google.gson.functional.DefaultTypeAdaptersTest): expected:<"Dec 3, 2009 1[]:18:02 PM"> but was:<"Dec 3, 2009 1[0]:18:02 PM">
  testDefaultJavaSqlTimestampDeserialization(com.google.gson.functional.DefaultTypeAdaptersTest): expected:<13> but was:<4>
  testDefaultJavaSqlTimeSerialization(com.google.gson.functional.DefaultTypeAdaptersTest): expected:<"[01]:18:02 PM"> but was:<"[10]:18:02 PM">
  testDefaultJavaSqlTimeDeserialization(com.google.gson.functional.DefaultTypeAdaptersTest): expected:<13> but was:<4>
  testDefaultDateSerializationUsingBuilder(com.google.gson.functional.DefaultTypeAdaptersTest): expected:<"Jan [7, 2021 3:58:37 P]M"> but was:<"Jan [8, 2021 12:58:37 A]M">

Tests run: 758, Failures: 8, Errors: 0, Skipped: 0

[[1;34mINFO[m] [1m------------------------------------------------------------------------[m
[[1;34mINFO[m] [1;31mBUILD FAILURE[m
[[1;34mINFO[m] [1m------------------------------------------------------------------------[m
[[1;34mINFO[m] Total time:  8.027 s
[[1;34mINFO[m] Finished at: 2021-01-08T00:58:37+01:00
[[1;34mINFO[m] [1m------------------------------------------------------------------------[m
[[1;31mERROR[m] Failed to execute goal [32morg.apache.maven.plugins:maven-surefire-plugin:2.12.4:test[m [1m(default-test)[m on project [36mgson[m: [1;31mThere are test failures.[m
[[1;31mERROR[m] [1;31m[m
[[1;31mERROR[m] [1;31mPlease refer to /tmp/v2/gson/target/surefire-reports for the individual test results.[m
[[1;31mERROR[m] -> [1m[Help 1][m
[[1;31mERROR[m] 
[[1;31mERROR[m] To see the full stack trace of the errors, re-run Maven with the [1m-e[m switch.
[[1;31mERROR[m] Re-run Maven using the [1m-X[m switch to enable full debug logging.
[[1;31mERROR[m] 
[[1;31mERROR[m] For more information about the errors and possible solutions, please read the following articles:
[[1;31mERROR[m] [1m[Help 1][m http://cwiki.apache.org/confluence/display/MAVEN/MojoFailureException
Writing HTML report to '/tmp/v2/gson/target/clover/report'
Done. Processed 8 packages in 1957ms (244ms per package).
[INFO] /tmp/v1/gson/src/main/java/com/google/gson/JsonArray.java
[INFO] /tmp/v2/gson/src/main/java/com/google/gson/JsonArray.java
[INFO] com.google.gson.JsonArray:[321, 322, 322, 323, 324, 324, 325, 326, 326, 328, 328, 325, 330, 332] are modified.
[INFO] com.google.gson.JsonArray:322 covered.
[INFO] com.google.gson.JsonArray:323 covered.
[INFO] com.google.gson.JsonArray:324 covered.
[INFO] com.google.gson.JsonArray:325 covered.
[INFO] com.google.gson.JsonArray:326 covered.
[INFO] com.google.gson.JsonArray:328 covered.
[INFO] com.google.gson.JsonArray:330 covered.
[INFO] com.google.gson.JsonArray:332 covered.
[INFO] /tmp/v1/gson/src/main/java/com/google/gson/JsonElement.java
[INFO] /tmp/v2/gson/src/main/java/com/google/gson/JsonElement.java
[INFO] com.google.gson.JsonElement:[31, 31, 335] are modified.
[INFO] com.google.gson.JsonElement:335 covered.
[INFO] com.google.gson.JsonElement:[333, 333, 334, 335, 333] are modified.
[INFO] com.google.gson.JsonElement:333 covered.
[INFO] com.google.gson.JsonElement:334 covered.
[INFO] /tmp/v1/gson/src/main/java/com/google/gson/JsonNull.java
[INFO] /tmp/v2/gson/src/main/java/com/google/gson/JsonNull.java
[INFO] com.google.gson.JsonNull:[50, 51, 51] are modified.
[INFO] /tmp/v1/gson/src/main/java/com/google/gson/JsonObject.java
[INFO] /tmp/v2/gson/src/main/java/com/google/gson/JsonObject.java
[INFO] com.google.gson.JsonObject:[215, 216, 216, 217, 218, 218, 218, 219, 220, 220, 222, 222, 219, 224, 225, 225, 225, 226, 227, 227, 229] are modified.
[INFO] com.google.gson.JsonObject:216 covered.
[INFO] com.google.gson.JsonObject:217 covered.
[INFO] com.google.gson.JsonObject:218 covered.
[INFO] com.google.gson.JsonObject:219 covered.
[INFO] com.google.gson.JsonObject:220 covered.
[INFO] com.google.gson.JsonObject:224 covered.
[INFO] com.google.gson.JsonObject:225 covered.
[INFO] com.google.gson.JsonObject:226 covered.
[INFO] com.google.gson.JsonObject:227 covered.
[INFO] com.google.gson.JsonObject:229 covered.
[INFO] com.google.gson.JsonObject:222 covered.
[INFO] /tmp/v1/gson/src/main/java/com/google/gson/JsonPrimitive.java
[INFO] /tmp/v2/gson/src/main/java/com/google/gson/JsonPrimitive.java
[INFO] com.google.gson.JsonPrimitive:[298, 299, 300, 300, 301, 301, 301, 304, 304, 299] are modified.
[INFO] com.google.gson.JsonPrimitive:300 covered.
[INFO] com.google.gson.JsonPrimitive:301 covered.
[INFO] com.google.gson.JsonPrimitive:299 covered.
[INFO] com.google.gson.JsonPrimitive:304 covered.
[INFO] Saving result in /tmp/v1/gson/testsThatExecuteTheChange.csv ...
[INFO] com.google.gson.functional.ArrayTest;testArrayOfObjectsWithoutTypeInfoDeserialization;testObjectArrayWithNonPrimitivesSerialization;testArrayWithoutTypeInfoDeserialization
com.google.gson.functional.CollectionTest;testRawCollectionSerialization;testRawCollectionOfBagOfPrimitivesNotAllowed;testRawCollectionDeserializationNotAlllowed;testWildcardCollectionField;testCollectionOfBagOfPrimitivesSerialization
com.google.gson.functional.JsonParserTest;testBadFieldTypeForDeserializingCustomTree
com.google.gson.functional.MapAsArrayTypeAdapterTest;testTwoTypesCollapseToOneSerialize;testTwoTypesCollapseToOneDeserialize;testSerializeComplexMapWithTypeAdapter
com.google.gson.functional.MapTest;testWriteMapsWithEmptyStringKey;testInterfaceTypeMapWithSerializer;testReadMapsWithEmptyStringKey
com.google.gson.functional.UncategorizedTest;testInvalidJsonDeserializationFails;testGsonInstanceReusableForSerializationAndDeserialization;testStaticFieldsAreNotSerialized
com.google.gson.GsonTypeAdapterTest;testTypeAdapterThrowsException
com.google.gson.JsonParserTest;testParseMixedArray;testReadWriteTwoObjects
com.google.gson.JsonPrimitiveTest;testBoolean;testEqualsDoesNotEquateStringAndNonStringTypes;testValidJsonOnToString;testEquals
com.google.gson.JsonDeserializerExceptionWrapperTest;testWrappedExceptionPropagation
com.google.gson.functional.ObjectTest;testArrayOfArraysDeserialization;testBagOfPrimitivesSerialization;testNestedDeserialization;testNullFieldsSerialization;testObjectFieldNamesWithoutQuotesDeserialization;testArrayOfObjectsDeserialization;testArrayOfArraysSerialization;testNullFieldsDeserialization;testStringFieldWithNumberValueDeserialization;testBagOfPrimitiveWrappersDeserialization;testArrayOfObjectsAsFields;testBagOfPrimitiveWrappersSerialization;testBagOfPrimitivesDeserialization;testArrayOfObjectsSerialization;testNestedSerialization
com.google.gson.functional.ParameterizedTypesTest;testParameterizedTypeWithReaderDeserialization;testParameterizedTypeDeserialization;testTypesWithMultipleParametersSerialization;testTypesWithMultipleParametersDeserialization
com.google.gson.functional.PrimitiveTest;testPrimitiveBooleanAutoboxedInASingleElementArraySerialization;testPrimitiveBooleanAutoboxedDeserialization;testPrimitiveBooleanAutoboxedSerialization;testPrimitiveBooleanAutoboxedInASingleElementArrayDeserialization
com.google.gson.functional.DefaultTypeAdaptersTest;testBitSetDeserialization
com.google.gson.functional.PrettyPrintingTest;testPrettyPrintArrayOfObjects;testPrettyPrintList
com.google.gson.functional.SecurityTest;testNonExecutableJsonSerialization
com.google.gson.functional.InheritanceTest;testSubClassSerialization;testSubClassDeserialization
com.google.gson.functional.TypeVariableTest;testBasicTypeVariables;testAdvancedTypeVariables;testTypeVariablesViaTypeParameter
com.google.gson.MixedStreamTest;testReadNulls
com.google.gson.functional.VersioningTest;testVersionedGsonWithUnversionedClassesDeserialization;testVersionedGsonWithUnversionedClassesSerialization
com.google.gson.functional.ReadersWritersTest;testWriterForSerialization;testReadWriteTwoObjects;testReaderForDeserialization
com.google.gson.functional.JsonTreeTest;testToJsonTreeObjectType;testToJsonTree;testJsonTreeToString
com.google.gson.functional.EscapingTest;testGsonDoubleDeserialization;testGsonAcceptsEscapedAndNonEscapedJsonDeserialization;testEscapingObjectFields
com.google.gson.functional.PrintFormattingTest;testCompactFormattingLeavesNoWhiteSpace
com.google.gson.JsonObjectTest;testWritePropertyWithEmptyStringName;testAddingBooleanProperties;testReadPropertyWithEmptyStringName
[INFO] Writing Coverage in /tmp/v1/gson/testsThatExecuteTheChange_coverage.csv
[INFO] com.google.gson.JsonArray;8;9

[INFO] com.google.gson.JsonElement;3;4

[INFO] com.google.gson.JsonObject;11;12

[INFO] com.google.gson.JsonPrimitive;4;5

[INFO] total;26;30

[INFO] ------------------------------------------------------------------------
[INFO] BUILD SUCCESS
[INFO] ------------------------------------------------------------------------
[INFO] Total time:  26.557 s
[INFO] Finished at: 2021-01-08T00:58:41+01:00
[INFO] ------------------------------------------------------------------------
